<?xml version="1.0" encoding="UTF-8"?>
<testsuite xmlns:xsi="http://www.w3.org/2001/XMLSchema-instance" xsi:noNamespaceSchemaLocation="https://maven.apache.org/surefire/maven-surefire-plugin/xsd/surefire-test-report.xsd" name="TestSuite" time="1,090.046" tests="58" errors="0" skipped="0" failures="17">
  <properties>
    <property name="sun.desktop" value="windows"/>
    <property name="awt.toolkit" value="sun.awt.windows.WToolkit"/>
    <property name="java.specification.version" value="11"/>
    <property name="sun.cpu.isalist" value="amd64"/>
    <property name="sun.jnu.encoding" value="Cp1251"/>
    <property name="java.class.path" value="C:\Users\Asus\Projects\OptimaBusiness\target\test-classes;C:\Users\Asus\Projects\OptimaBusiness\target\classes;C:\Users\Asus\.m2\repository\com\mailosaur\mailosaur-java\7.12.0\mailosaur-java-7.12.0.jar;C:\Users\Asus\.m2\repository\com\google\http-client\google-http-client\1.43.3\google-http-client-1.43.3.jar;C:\Users\Asus\.m2\repository\org\apache\httpcomponents\httpcore\4.4.16\httpcore-4.4.16.jar;C:\Users\Asus\.m2\repository\com\google\code\findbugs\jsr305\3.0.2\jsr305-3.0.2.jar;C:\Users\Asus\.m2\repository\com\google\errorprone\error_prone_annotations\2.18.0\error_prone_annotations-2.18.0.jar;C:\Users\Asus\.m2\repository\io\opencensus\opencensus-api\0.31.1\opencensus-api-0.31.1.jar;C:\Users\Asus\.m2\repository\io\grpc\grpc-context\1.27.2\grpc-context-1.27.2.jar;C:\Users\Asus\.m2\repository\io\opencensus\opencensus-contrib-http-util\0.31.1\opencensus-contrib-http-util-0.31.1.jar;C:\Users\Asus\.m2\repository\com\google\http-client\google-http-client-gson\1.43.3\google-http-client-gson-1.43.3.jar;C:\Users\Asus\.m2\repository\com\google\guava\guava\32.1.1-jre\guava-32.1.1-jre.jar;C:\Users\Asus\.m2\repository\com\google\guava\failureaccess\1.0.1\failureaccess-1.0.1.jar;C:\Users\Asus\.m2\repository\com\google\guava\listenablefuture\9999.0-empty-to-avoid-conflict-with-guava\listenablefuture-9999.0-empty-to-avoid-conflict-with-guava.jar;C:\Users\Asus\.m2\repository\org\checkerframework\checker-qual\3.33.0\checker-qual-3.33.0.jar;C:\Users\Asus\.m2\repository\com\sun\mail\javax.mail\1.6.0\javax.mail-1.6.0.jar;C:\Users\Asus\.m2\repository\javax\activation\activation\1.1\activation-1.1.jar;C:\Users\Asus\.m2\repository\org\apache\cassandra\cassandra-all\4.0.8\cassandra-all-4.0.8.jar;C:\Users\Asus\.m2\repository\org\xerial\snappy\snappy-java\1.1.2.6\snappy-java-1.1.2.6.jar;C:\Users\Asus\.m2\repository\org\lz4\lz4-java\1.8.0\lz4-java-1.8.0.jar;C:\Users\Asus\.m2\repository\commons-cli\commons-cli\1.1\commons-cli-1.1.jar;C:\Users\Asus\.m2\repository\commons-codec\commons-codec\1.9\commons-codec-1.9.jar;C:\Users\Asus\.m2\repository\org\apache\commons\commons-lang3\3.11\commons-lang3-3.11.jar;C:\Users\Asus\.m2\repository\org\apache\commons\commons-math3\3.2\commons-math3-3.2.jar;C:\Users\Asus\.m2\repository\org\antlr\ST4\4.0.8\ST4-4.0.8.jar;C:\Users\Asus\.m2\repository\org\antlr\antlr-runtime\3.5.2\antlr-runtime-3.5.2.jar;C:\Users\Asus\.m2\repository\org\slf4j\slf4j-api\1.7.25\slf4j-api-1.7.25.jar;C:\Users\Asus\.m2\repository\org\slf4j\log4j-over-slf4j\1.7.25\log4j-over-slf4j-1.7.25.jar;C:\Users\Asus\.m2\repository\org\slf4j\jcl-over-slf4j\1.7.25\jcl-over-slf4j-1.7.25.jar;C:\Users\Asus\.m2\repository\com\fasterxml\jackson\core\jackson-databind\2.13.2.2\jackson-databind-2.13.2.2.jar;C:\Users\Asus\.m2\repository\com\fasterxml\jackson\core\jackson-annotations\2.13.2\jackson-annotations-2.13.2.jar;C:\Users\Asus\.m2\repository\com\googlecode\json-simple\json-simple\1.1\json-simple-1.1.jar;C:\Users\Asus\.m2\repository\com\boundary\high-scale-lib\1.0.6\high-scale-lib-1.0.6.jar;C:\Users\Asus\.m2\repository\org\yaml\snakeyaml\1.26\snakeyaml-1.26.jar;C:\Users\Asus\.m2\repository\org\mindrot\jbcrypt\0.4\jbcrypt-0.4.jar;C:\Users\Asus\.m2\repository\io\airlift\airline\0.8\airline-0.8.jar;C:\Users\Asus\.m2\repository\io\dropwizard\metrics\metrics-core\3.1.5\metrics-core-3.1.5.jar;C:\Users\Asus\.m2\repository\io\dropwizard\metrics\metrics-jvm\3.1.5\metrics-jvm-3.1.5.jar;C:\Users\Asus\.m2\repository\io\dropwizard\metrics\metrics-logback\3.1.5\metrics-logback-3.1.5.jar;C:\Users\Asus\.m2\repository\com\addthis\metrics\reporter-config3\3.0.3\reporter-config3-3.0.3.jar;C:\Users\Asus\.m2\repository\com\addthis\metrics\reporter-config-base\3.0.3\reporter-config-base-3.0.3.jar;C:\Users\Asus\.m2\repository\com\clearspring\analytics\stream\2.5.2\stream-2.5.2.jar;C:\Users\Asus\.m2\repository\ch\qos\logback\logback-core\1.2.9\logback-core-1.2.9.jar;C:\Users\Asus\.m2\repository\ch\qos\logback\logback-classic\1.2.9\logback-classic-1.2.9.jar;C:\Users\Asus\.m2\repository\net\java\dev\jna\jna\5.6.0\jna-5.6.0.jar;C:\Users\Asus\.m2\repository\com\github\jbellis\jamm\0.3.2\jamm-0.3.2.jar;C:\Users\Asus\.m2\repository\io\netty\netty-all\4.1.58.Final\netty-all-4.1.58.Final.jar;C:\Users\Asus\.m2\repository\net\openhft\chronicle-queue\5.20.123\chronicle-queue-5.20.123.jar;C:\Users\Asus\.m2\repository\net\openhft\chronicle-core\2.20.126\chronicle-core-2.20.126.jar;C:\Users\Asus\.m2\repository\net\openhft\chronicle-bytes\2.20.111\chronicle-bytes-2.20.111.jar;C:\Users\Asus\.m2\repository\net\openhft\chronicle-wire\2.20.117\chronicle-wire-2.20.117.jar;C:\Users\Asus\.m2\repository\net\openhft\chronicle-threads\2.20.111\chronicle-threads-2.20.111.jar;C:\Users\Asus\.m2\repository\org\fusesource\sigar\1.6.4\sigar-1.6.4.jar;C:\Users\Asus\.m2\repository\org\eclipse\jdt\core\compiler\ecj\4.6.1\ecj-4.6.1.jar;C:\Users\Asus\.m2\repository\org\caffinitas\ohc\ohc-core\0.5.1\ohc-core-0.5.1.jar;C:\Users\Asus\.m2\repository\org\caffinitas\ohc\ohc-core-j8\0.5.1\ohc-core-j8-0.5.1.jar;C:\Users\Asus\.m2\repository\com\github\ben-manes\caffeine\caffeine\2.5.6\caffeine-2.5.6.jar;C:\Users\Asus\.m2\repository\org\jctools\jctools-core\3.1.0\jctools-core-3.1.0.jar;C:\Users\Asus\.m2\repository\org\ow2\asm\asm\7.1\asm-7.1.jar;C:\Users\Asus\.m2\repository\com\carrotsearch\hppc\0.8.1\hppc-0.8.1.jar;C:\Users\Asus\.m2\repository\org\gridkit\jvmtool\sjk-cli\0.14\sjk-cli-0.14.jar;C:\Users\Asus\.m2\repository\org\gridkit\jvmtool\sjk-core\0.14\sjk-core-0.14.jar;C:\Users\Asus\.m2\repository\org\gridkit\jvmtool\sjk-stacktrace\0.14\sjk-stacktrace-0.14.jar;C:\Users\Asus\.m2\repository\org\gridkit\jvmtool\mxdump\0.14\mxdump-0.14.jar;C:\Users\Asus\.m2\repository\org\gridkit\lab\jvm-attach-api\1.5\jvm-attach-api-1.5.jar;C:\Users\Asus\.m2\repository\com\beust\jcommander\1.30\jcommander-1.30.jar;C:\Users\Asus\.m2\repository\org\gridkit\jvmtool\sjk-json\0.14\sjk-json-0.14.jar;C:\Users\Asus\.m2\repository\com\github\luben\zstd-jni\1.5.0-4\zstd-jni-1.5.0-4.jar;C:\Users\Asus\.m2\repository\org\psjava\psjava\0.1.19\psjava-0.1.19.jar;C:\Users\Asus\.m2\repository\io\netty\netty-tcnative-boringssl-static\2.0.36.Final\netty-tcnative-boringssl-static-2.0.36.Final.jar;C:\Users\Asus\.m2\repository\javax\inject\javax.inject\1\javax.inject-1.jar;C:\Users\Asus\.m2\repository\com\google\j2objc\j2objc-annotations\1.3\j2objc-annotations-1.3.jar;C:\Users\Asus\.m2\repository\org\hdrhistogram\HdrHistogram\2.1.9\HdrHistogram-2.1.9.jar;C:\Users\Asus\.m2\repository\de\jflex\jflex\1.8.2\jflex-1.8.2.jar;C:\Users\Asus\.m2\repository\com\github\vbmacher\java-cup-runtime\11b-20160615\java-cup-runtime-11b-20160615.jar;C:\Users\Asus\.m2\repository\com\github\rholder\snowball-stemmer\1.3.0.581.1\snowball-stemmer-1.3.0.581.1.jar;C:\Users\Asus\.m2\repository\com\googlecode\concurrent-trees\concurrent-trees\2.4.0\concurrent-trees-2.4.0.jar;C:\Users\Asus\.m2\repository\org\seleniumhq\selenium\selenium-java\4.10.0\selenium-java-4.10.0.jar;C:\Users\Asus\.m2\repository\org\seleniumhq\selenium\selenium-api\4.10.0\selenium-api-4.10.0.jar;C:\Users\Asus\.m2\repository\org\seleniumhq\selenium\selenium-chrome-driver\4.10.0\selenium-chrome-driver-4.10.0.jar;C:\Users\Asus\.m2\repository\com\google\auto\service\auto-service-annotations\1.0.1\auto-service-annotations-1.0.1.jar;C:\Users\Asus\.m2\repository\com\google\auto\service\auto-service\1.0.1\auto-service-1.0.1.jar;C:\Users\Asus\.m2\repository\com\google\auto\auto-common\1.2\auto-common-1.2.jar;C:\Users\Asus\.m2\repository\org\seleniumhq\selenium\selenium-chromium-driver\4.10.0\selenium-chromium-driver-4.10.0.jar;C:\Users\Asus\.m2\repository\org\seleniumhq\selenium\selenium-json\4.10.0\selenium-json-4.10.0.jar;C:\Users\Asus\.m2\repository\org\seleniumhq\selenium\selenium-manager\4.10.0\selenium-manager-4.10.0.jar;C:\Users\Asus\.m2\repository\org\seleniumhq\selenium\selenium-devtools-v112\4.10.0\selenium-devtools-v112-4.10.0.jar;C:\Users\Asus\.m2\repository\org\seleniumhq\selenium\selenium-devtools-v113\4.10.0\selenium-devtools-v113-4.10.0.jar;C:\Users\Asus\.m2\repository\org\seleniumhq\selenium\selenium-devtools-v114\4.10.0\selenium-devtools-v114-4.10.0.jar;C:\Users\Asus\.m2\repository\org\seleniumhq\selenium\selenium-devtools-v85\4.10.0\selenium-devtools-v85-4.10.0.jar;C:\Users\Asus\.m2\repository\org\seleniumhq\selenium\selenium-edge-driver\4.10.0\selenium-edge-driver-4.10.0.jar;C:\Users\Asus\.m2\repository\org\seleniumhq\selenium\selenium-firefox-driver\4.10.0\selenium-firefox-driver-4.10.0.jar;C:\Users\Asus\.m2\repository\org\seleniumhq\selenium\selenium-http\4.10.0\selenium-http-4.10.0.jar;C:\Users\Asus\.m2\repository\dev\failsafe\failsafe\3.3.1\failsafe-3.3.1.jar;C:\Users\Asus\.m2\repository\org\seleniumhq\selenium\selenium-ie-driver\4.10.0\selenium-ie-driver-4.10.0.jar;C:\Users\Asus\.m2\repository\org\seleniumhq\selenium\selenium-remote-driver\4.10.0\selenium-remote-driver-4.10.0.jar;C:\Users\Asus\.m2\repository\io\netty\netty-buffer\4.1.92.Final\netty-buffer-4.1.92.Final.jar;C:\Users\Asus\.m2\repository\io\netty\netty-codec-http\4.1.92.Final\netty-codec-http-4.1.92.Final.jar;C:\Users\Asus\.m2\repository\io\netty\netty-codec\4.1.92.Final\netty-codec-4.1.92.Final.jar;C:\Users\Asus\.m2\repository\io\netty\netty-handler\4.1.92.Final\netty-handler-4.1.92.Final.jar;C:\Users\Asus\.m2\repository\io\netty\netty-common\4.1.92.Final\netty-common-4.1.92.Final.jar;C:\Users\Asus\.m2\repository\io\netty\netty-transport-classes-epoll\4.1.92.Final\netty-transport-classes-epoll-4.1.92.Final.jar;C:\Users\Asus\.m2\repository\io\netty\netty-transport-classes-kqueue\4.1.92.Final\netty-transport-classes-kqueue-4.1.92.Final.jar;C:\Users\Asus\.m2\repository\io\netty\netty-transport-native-epoll\4.1.92.Final\netty-transport-native-epoll-4.1.92.Final.jar;C:\Users\Asus\.m2\repository\io\netty\netty-transport-native-kqueue\4.1.92.Final\netty-transport-native-kqueue-4.1.92.Final.jar;C:\Users\Asus\.m2\repository\io\netty\netty-transport-native-unix-common\4.1.92.Final\netty-transport-native-unix-common-4.1.92.Final.jar;C:\Users\Asus\.m2\repository\io\netty\netty-transport\4.1.92.Final\netty-transport-4.1.92.Final.jar;C:\Users\Asus\.m2\repository\io\netty\netty-resolver\4.1.92.Final\netty-resolver-4.1.92.Final.jar;C:\Users\Asus\.m2\repository\io\opentelemetry\opentelemetry-api\1.26.0\opentelemetry-api-1.26.0.jar;C:\Users\Asus\.m2\repository\io\opentelemetry\opentelemetry-context\1.26.0\opentelemetry-context-1.26.0.jar;C:\Users\Asus\.m2\repository\io\opentelemetry\opentelemetry-exporter-logging\1.26.0\opentelemetry-exporter-logging-1.26.0.jar;C:\Users\Asus\.m2\repository\io\opentelemetry\opentelemetry-sdk-metrics\1.26.0\opentelemetry-sdk-metrics-1.26.0.jar;C:\Users\Asus\.m2\repository\io\opentelemetry\opentelemetry-extension-incubator\1.26.0-alpha\opentelemetry-extension-incubator-1.26.0-alpha.jar;C:\Users\Asus\.m2\repository\io\opentelemetry\opentelemetry-sdk-logs\1.26.0-alpha\opentelemetry-sdk-logs-1.26.0-alpha.jar;C:\Users\Asus\.m2\repository\io\opentelemetry\opentelemetry-api-logs\1.26.0-alpha\opentelemetry-api-logs-1.26.0-alpha.jar;C:\Users\Asus\.m2\repository\io\opentelemetry\opentelemetry-api-events\1.26.0-alpha\opentelemetry-api-events-1.26.0-alpha.jar;C:\Users\Asus\.m2\repository\io\opentelemetry\opentelemetry-sdk-common\1.26.0\opentelemetry-sdk-common-1.26.0.jar;C:\Users\Asus\.m2\repository\io\opentelemetry\opentelemetry-sdk-extension-autoconfigure-spi\1.26.0\opentelemetry-sdk-extension-autoconfigure-spi-1.26.0.jar;C:\Users\Asus\.m2\repository\io\opentelemetry\opentelemetry-sdk-extension-autoconfigure\1.26.0-alpha\opentelemetry-sdk-extension-autoconfigure-1.26.0-alpha.jar;C:\Users\Asus\.m2\repository\io\opentelemetry\opentelemetry-sdk-trace\1.26.0\opentelemetry-sdk-trace-1.26.0.jar;C:\Users\Asus\.m2\repository\io\opentelemetry\opentelemetry-sdk\1.26.0\opentelemetry-sdk-1.26.0.jar;C:\Users\Asus\.m2\repository\io\opentelemetry\opentelemetry-semconv\1.26.0-alpha\opentelemetry-semconv-1.26.0-alpha.jar;C:\Users\Asus\.m2\repository\net\bytebuddy\byte-buddy\1.14.4\byte-buddy-1.14.4.jar;C:\Users\Asus\.m2\repository\org\apache\commons\commons-exec\1.3\commons-exec-1.3.jar;C:\Users\Asus\.m2\repository\org\asynchttpclient\async-http-client\2.12.3\async-http-client-2.12.3.jar;C:\Users\Asus\.m2\repository\org\asynchttpclient\async-http-client-netty-utils\2.12.3\async-http-client-netty-utils-2.12.3.jar;C:\Users\Asus\.m2\repository\io\netty\netty-codec-socks\4.1.60.Final\netty-codec-socks-4.1.60.Final.jar;C:\Users\Asus\.m2\repository\io\netty\netty-handler-proxy\4.1.60.Final\netty-handler-proxy-4.1.60.Final.jar;C:\Users\Asus\.m2\repository\io\netty\netty-transport-native-epoll\4.1.60.Final\netty-transport-native-epoll-4.1.60.Final-linux-x86_64.jar;C:\Users\Asus\.m2\repository\io\netty\netty-transport-native-kqueue\4.1.60.Final\netty-transport-native-kqueue-4.1.60.Final-osx-x86_64.jar;C:\Users\Asus\.m2\repository\org\reactivestreams\reactive-streams\1.0.3\reactive-streams-1.0.3.jar;C:\Users\Asus\.m2\repository\com\typesafe\netty\netty-reactive-streams\2.0.4\netty-reactive-streams-2.0.4.jar;C:\Users\Asus\.m2\repository\com\sun\activation\jakarta.activation\1.2.2\jakarta.activation-1.2.2.jar;C:\Users\Asus\.m2\repository\org\seleniumhq\selenium\selenium-safari-driver\4.10.0\selenium-safari-driver-4.10.0.jar;C:\Users\Asus\.m2\repository\org\seleniumhq\selenium\selenium-support\4.10.0\selenium-support-4.10.0.jar;C:\Users\Asus\.m2\repository\io\github\bonigarcia\webdrivermanager\5.3.2\webdrivermanager-5.3.2.jar;C:\Users\Asus\.m2\repository\com\google\code\gson\gson\2.10.1\gson-2.10.1.jar;C:\Users\Asus\.m2\repository\com\github\docker-java\docker-java\3.2.14\docker-java-3.2.14.jar;C:\Users\Asus\.m2\repository\com\github\docker-java\docker-java-core\3.2.14\docker-java-core-3.2.14.jar;C:\Users\Asus\.m2\repository\com\github\docker-java\docker-java-api\3.2.14\docker-java-api-3.2.14.jar;C:\Users\Asus\.m2\repository\commons-io\commons-io\2.6\commons-io-2.6.jar;C:\Users\Asus\.m2\repository\org\apache\commons\commons-compress\1.21\commons-compress-1.21.jar;C:\Users\Asus\.m2\repository\org\bouncycastle\bcpkix-jdk15on\1.64\bcpkix-jdk15on-1.64.jar;C:\Users\Asus\.m2\repository\org\bouncycastle\bcprov-jdk15on\1.64\bcprov-jdk15on-1.64.jar;C:\Users\Asus\.m2\repository\com\github\docker-java\docker-java-transport-httpclient5\3.2.14\docker-java-transport-httpclient5-3.2.14.jar;C:\Users\Asus\.m2\repository\com\github\docker-java\docker-java-transport\3.2.14\docker-java-transport-3.2.14.jar;C:\Users\Asus\.m2\repository\org\brotli\dec\0.1.2\dec-0.1.2.jar;C:\Users\Asus\.m2\repository\org\apache\httpcomponents\client5\httpclient5\5.2.1\httpclient5-5.2.1.jar;C:\Users\Asus\.m2\repository\org\apache\httpcomponents\core5\httpcore5\5.2\httpcore5-5.2.jar;C:\Users\Asus\.m2\repository\org\apache\httpcomponents\core5\httpcore5-h2\5.2\httpcore5-h2-5.2.jar;C:\Users\Asus\.m2\repository\org\testng\testng\7.7.1\testng-7.7.1.jar;C:\Users\Asus\.m2\repository\org\webjars\jquery\3.6.1\jquery-3.6.1.jar;C:\Users\Asus\.m2\repository\com\github\javafaker\javafaker\1.0.2\javafaker-1.0.2.jar;C:\Users\Asus\.m2\repository\org\yaml\snakeyaml\1.23\snakeyaml-1.23-android.jar;C:\Users\Asus\.m2\repository\com\github\mifmif\generex\1.0.2\generex-1.0.2.jar;C:\Users\Asus\.m2\repository\dk\brics\automaton\automaton\1.11-8\automaton-1.11-8.jar;C:\Users\Asus\.m2\repository\io\qameta\allure\allure-testng\2.19.0\allure-testng-2.19.0.jar;C:\Users\Asus\.m2\repository\io\qameta\allure\allure-java-commons\2.19.0\allure-java-commons-2.19.0.jar;C:\Users\Asus\.m2\repository\io\qameta\allure\allure-model\2.19.0\allure-model-2.19.0.jar;C:\Users\Asus\.m2\repository\io\qameta\allure\allure-test-filter\2.19.0\allure-test-filter-2.19.0.jar;C:\Users\Asus\.m2\repository\io\rest-assured\rest-assured\4.5.1\rest-assured-4.5.1.jar;C:\Users\Asus\.m2\repository\org\codehaus\groovy\groovy\3.0.9\groovy-3.0.9.jar;C:\Users\Asus\.m2\repository\org\codehaus\groovy\groovy-xml\3.0.9\groovy-xml-3.0.9.jar;C:\Users\Asus\.m2\repository\org\apache\httpcomponents\httpclient\4.5.13\httpclient-4.5.13.jar;C:\Users\Asus\.m2\repository\commons-logging\commons-logging\1.2\commons-logging-1.2.jar;C:\Users\Asus\.m2\repository\org\apache\httpcomponents\httpmime\4.5.13\httpmime-4.5.13.jar;C:\Users\Asus\.m2\repository\org\hamcrest\hamcrest\2.1\hamcrest-2.1.jar;C:\Users\Asus\.m2\repository\org\ccil\cowan\tagsoup\tagsoup\1.2.1\tagsoup-1.2.1.jar;C:\Users\Asus\.m2\repository\io\rest-assured\json-path\4.5.1\json-path-4.5.1.jar;C:\Users\Asus\.m2\repository\org\codehaus\groovy\groovy-json\3.0.9\groovy-json-3.0.9.jar;C:\Users\Asus\.m2\repository\io\rest-assured\rest-assured-common\4.5.1\rest-assured-common-4.5.1.jar;C:\Users\Asus\.m2\repository\io\rest-assured\xml-path\4.5.1\xml-path-4.5.1.jar;C:\Users\Asus\.m2\repository\org\apache\logging\log4j\log4j-api\2.17.0\log4j-api-2.17.0.jar;C:\Users\Asus\.m2\repository\org\apache\logging\log4j\log4j-core\2.17.0\log4j-core-2.17.0.jar;C:\Users\Asus\.m2\repository\org\projectlombok\lombok\1.18.20\lombok-1.18.20.jar;C:\Users\Asus\.m2\repository\com\fasterxml\jackson\core\jackson-core\2.13.4\jackson-core-2.13.4.jar;C:\Users\Asus\.m2\repository\org\assertj\assertj-core\3.22.0\assertj-core-3.22.0.jar;C:\Users\Asus\.m2\repository\junit\junit\4.13.2\junit-4.13.2.jar;C:\Users\Asus\.m2\repository\org\hamcrest\hamcrest-core\1.3\hamcrest-core-1.3.jar;"/>
    <property name="java.vm.vendor" value="Oracle Corporation"/>
    <property name="sun.arch.data.model" value="64"/>
    <property name="user.variant" value=""/>
    <property name="java.vendor.url" value="https://openjdk.java.net/"/>
    <property name="user.timezone" value="Asia/Almaty"/>
    <property name="user.country.format" value="KG"/>
    <property name="java.vm.specification.version" value="11"/>
    <property name="os.name" value="Windows 10"/>
    <property name="sun.java.launcher" value="SUN_STANDARD"/>
    <property name="user.country" value="RU"/>
    <property name="sun.boot.library.path" value="C:\Program Files\Java\jdk-11.0.16.1\bin"/>
    <property name="sun.java.command" value="C:\Users\Asus\AppData\Local\Temp\surefire7130482408082825479\surefirebooter5458362045208691707.jar C:\Users\Asus\AppData\Local\Temp\surefire7130482408082825479 2023-07-31T13-30-24_515-jvmRun1 surefire8660515411964211116tmp surefire_012857543702460053509tmp"/>
    <property name="jdk.debug" value="release"/>
    <property name="surefire.test.class.path" value="C:\Users\Asus\Projects\OptimaBusiness\target\test-classes;C:\Users\Asus\Projects\OptimaBusiness\target\classes;C:\Users\Asus\.m2\repository\com\mailosaur\mailosaur-java\7.12.0\mailosaur-java-7.12.0.jar;C:\Users\Asus\.m2\repository\com\google\http-client\google-http-client\1.43.3\google-http-client-1.43.3.jar;C:\Users\Asus\.m2\repository\org\apache\httpcomponents\httpcore\4.4.16\httpcore-4.4.16.jar;C:\Users\Asus\.m2\repository\com\google\code\findbugs\jsr305\3.0.2\jsr305-3.0.2.jar;C:\Users\Asus\.m2\repository\com\google\errorprone\error_prone_annotations\2.18.0\error_prone_annotations-2.18.0.jar;C:\Users\Asus\.m2\repository\io\opencensus\opencensus-api\0.31.1\opencensus-api-0.31.1.jar;C:\Users\Asus\.m2\repository\io\grpc\grpc-context\1.27.2\grpc-context-1.27.2.jar;C:\Users\Asus\.m2\repository\io\opencensus\opencensus-contrib-http-util\0.31.1\opencensus-contrib-http-util-0.31.1.jar;C:\Users\Asus\.m2\repository\com\google\http-client\google-http-client-gson\1.43.3\google-http-client-gson-1.43.3.jar;C:\Users\Asus\.m2\repository\com\google\guava\guava\32.1.1-jre\guava-32.1.1-jre.jar;C:\Users\Asus\.m2\repository\com\google\guava\failureaccess\1.0.1\failureaccess-1.0.1.jar;C:\Users\Asus\.m2\repository\com\google\guava\listenablefuture\9999.0-empty-to-avoid-conflict-with-guava\listenablefuture-9999.0-empty-to-avoid-conflict-with-guava.jar;C:\Users\Asus\.m2\repository\org\checkerframework\checker-qual\3.33.0\checker-qual-3.33.0.jar;C:\Users\Asus\.m2\repository\com\sun\mail\javax.mail\1.6.0\javax.mail-1.6.0.jar;C:\Users\Asus\.m2\repository\javax\activation\activation\1.1\activation-1.1.jar;C:\Users\Asus\.m2\repository\org\apache\cassandra\cassandra-all\4.0.8\cassandra-all-4.0.8.jar;C:\Users\Asus\.m2\repository\org\xerial\snappy\snappy-java\1.1.2.6\snappy-java-1.1.2.6.jar;C:\Users\Asus\.m2\repository\org\lz4\lz4-java\1.8.0\lz4-java-1.8.0.jar;C:\Users\Asus\.m2\repository\commons-cli\commons-cli\1.1\commons-cli-1.1.jar;C:\Users\Asus\.m2\repository\commons-codec\commons-codec\1.9\commons-codec-1.9.jar;C:\Users\Asus\.m2\repository\org\apache\commons\commons-lang3\3.11\commons-lang3-3.11.jar;C:\Users\Asus\.m2\repository\org\apache\commons\commons-math3\3.2\commons-math3-3.2.jar;C:\Users\Asus\.m2\repository\org\antlr\ST4\4.0.8\ST4-4.0.8.jar;C:\Users\Asus\.m2\repository\org\antlr\antlr-runtime\3.5.2\antlr-runtime-3.5.2.jar;C:\Users\Asus\.m2\repository\org\slf4j\slf4j-api\1.7.25\slf4j-api-1.7.25.jar;C:\Users\Asus\.m2\repository\org\slf4j\log4j-over-slf4j\1.7.25\log4j-over-slf4j-1.7.25.jar;C:\Users\Asus\.m2\repository\org\slf4j\jcl-over-slf4j\1.7.25\jcl-over-slf4j-1.7.25.jar;C:\Users\Asus\.m2\repository\com\fasterxml\jackson\core\jackson-databind\2.13.2.2\jackson-databind-2.13.2.2.jar;C:\Users\Asus\.m2\repository\com\fasterxml\jackson\core\jackson-annotations\2.13.2\jackson-annotations-2.13.2.jar;C:\Users\Asus\.m2\repository\com\googlecode\json-simple\json-simple\1.1\json-simple-1.1.jar;C:\Users\Asus\.m2\repository\com\boundary\high-scale-lib\1.0.6\high-scale-lib-1.0.6.jar;C:\Users\Asus\.m2\repository\org\yaml\snakeyaml\1.26\snakeyaml-1.26.jar;C:\Users\Asus\.m2\repository\org\mindrot\jbcrypt\0.4\jbcrypt-0.4.jar;C:\Users\Asus\.m2\repository\io\airlift\airline\0.8\airline-0.8.jar;C:\Users\Asus\.m2\repository\io\dropwizard\metrics\metrics-core\3.1.5\metrics-core-3.1.5.jar;C:\Users\Asus\.m2\repository\io\dropwizard\metrics\metrics-jvm\3.1.5\metrics-jvm-3.1.5.jar;C:\Users\Asus\.m2\repository\io\dropwizard\metrics\metrics-logback\3.1.5\metrics-logback-3.1.5.jar;C:\Users\Asus\.m2\repository\com\addthis\metrics\reporter-config3\3.0.3\reporter-config3-3.0.3.jar;C:\Users\Asus\.m2\repository\com\addthis\metrics\reporter-config-base\3.0.3\reporter-config-base-3.0.3.jar;C:\Users\Asus\.m2\repository\com\clearspring\analytics\stream\2.5.2\stream-2.5.2.jar;C:\Users\Asus\.m2\repository\ch\qos\logback\logback-core\1.2.9\logback-core-1.2.9.jar;C:\Users\Asus\.m2\repository\ch\qos\logback\logback-classic\1.2.9\logback-classic-1.2.9.jar;C:\Users\Asus\.m2\repository\net\java\dev\jna\jna\5.6.0\jna-5.6.0.jar;C:\Users\Asus\.m2\repository\com\github\jbellis\jamm\0.3.2\jamm-0.3.2.jar;C:\Users\Asus\.m2\repository\io\netty\netty-all\4.1.58.Final\netty-all-4.1.58.Final.jar;C:\Users\Asus\.m2\repository\net\openhft\chronicle-queue\5.20.123\chronicle-queue-5.20.123.jar;C:\Users\Asus\.m2\repository\net\openhft\chronicle-core\2.20.126\chronicle-core-2.20.126.jar;C:\Users\Asus\.m2\repository\net\openhft\chronicle-bytes\2.20.111\chronicle-bytes-2.20.111.jar;C:\Users\Asus\.m2\repository\net\openhft\chronicle-wire\2.20.117\chronicle-wire-2.20.117.jar;C:\Users\Asus\.m2\repository\net\openhft\chronicle-threads\2.20.111\chronicle-threads-2.20.111.jar;C:\Users\Asus\.m2\repository\org\fusesource\sigar\1.6.4\sigar-1.6.4.jar;C:\Users\Asus\.m2\repository\org\eclipse\jdt\core\compiler\ecj\4.6.1\ecj-4.6.1.jar;C:\Users\Asus\.m2\repository\org\caffinitas\ohc\ohc-core\0.5.1\ohc-core-0.5.1.jar;C:\Users\Asus\.m2\repository\org\caffinitas\ohc\ohc-core-j8\0.5.1\ohc-core-j8-0.5.1.jar;C:\Users\Asus\.m2\repository\com\github\ben-manes\caffeine\caffeine\2.5.6\caffeine-2.5.6.jar;C:\Users\Asus\.m2\repository\org\jctools\jctools-core\3.1.0\jctools-core-3.1.0.jar;C:\Users\Asus\.m2\repository\org\ow2\asm\asm\7.1\asm-7.1.jar;C:\Users\Asus\.m2\repository\com\carrotsearch\hppc\0.8.1\hppc-0.8.1.jar;C:\Users\Asus\.m2\repository\org\gridkit\jvmtool\sjk-cli\0.14\sjk-cli-0.14.jar;C:\Users\Asus\.m2\repository\org\gridkit\jvmtool\sjk-core\0.14\sjk-core-0.14.jar;C:\Users\Asus\.m2\repository\org\gridkit\jvmtool\sjk-stacktrace\0.14\sjk-stacktrace-0.14.jar;C:\Users\Asus\.m2\repository\org\gridkit\jvmtool\mxdump\0.14\mxdump-0.14.jar;C:\Users\Asus\.m2\repository\org\gridkit\lab\jvm-attach-api\1.5\jvm-attach-api-1.5.jar;C:\Users\Asus\.m2\repository\com\beust\jcommander\1.30\jcommander-1.30.jar;C:\Users\Asus\.m2\repository\org\gridkit\jvmtool\sjk-json\0.14\sjk-json-0.14.jar;C:\Users\Asus\.m2\repository\com\github\luben\zstd-jni\1.5.0-4\zstd-jni-1.5.0-4.jar;C:\Users\Asus\.m2\repository\org\psjava\psjava\0.1.19\psjava-0.1.19.jar;C:\Users\Asus\.m2\repository\io\netty\netty-tcnative-boringssl-static\2.0.36.Final\netty-tcnative-boringssl-static-2.0.36.Final.jar;C:\Users\Asus\.m2\repository\javax\inject\javax.inject\1\javax.inject-1.jar;C:\Users\Asus\.m2\repository\com\google\j2objc\j2objc-annotations\1.3\j2objc-annotations-1.3.jar;C:\Users\Asus\.m2\repository\org\hdrhistogram\HdrHistogram\2.1.9\HdrHistogram-2.1.9.jar;C:\Users\Asus\.m2\repository\de\jflex\jflex\1.8.2\jflex-1.8.2.jar;C:\Users\Asus\.m2\repository\com\github\vbmacher\java-cup-runtime\11b-20160615\java-cup-runtime-11b-20160615.jar;C:\Users\Asus\.m2\repository\com\github\rholder\snowball-stemmer\1.3.0.581.1\snowball-stemmer-1.3.0.581.1.jar;C:\Users\Asus\.m2\repository\com\googlecode\concurrent-trees\concurrent-trees\2.4.0\concurrent-trees-2.4.0.jar;C:\Users\Asus\.m2\repository\org\seleniumhq\selenium\selenium-java\4.10.0\selenium-java-4.10.0.jar;C:\Users\Asus\.m2\repository\org\seleniumhq\selenium\selenium-api\4.10.0\selenium-api-4.10.0.jar;C:\Users\Asus\.m2\repository\org\seleniumhq\selenium\selenium-chrome-driver\4.10.0\selenium-chrome-driver-4.10.0.jar;C:\Users\Asus\.m2\repository\com\google\auto\service\auto-service-annotations\1.0.1\auto-service-annotations-1.0.1.jar;C:\Users\Asus\.m2\repository\com\google\auto\service\auto-service\1.0.1\auto-service-1.0.1.jar;C:\Users\Asus\.m2\repository\com\google\auto\auto-common\1.2\auto-common-1.2.jar;C:\Users\Asus\.m2\repository\org\seleniumhq\selenium\selenium-chromium-driver\4.10.0\selenium-chromium-driver-4.10.0.jar;C:\Users\Asus\.m2\repository\org\seleniumhq\selenium\selenium-json\4.10.0\selenium-json-4.10.0.jar;C:\Users\Asus\.m2\repository\org\seleniumhq\selenium\selenium-manager\4.10.0\selenium-manager-4.10.0.jar;C:\Users\Asus\.m2\repository\org\seleniumhq\selenium\selenium-devtools-v112\4.10.0\selenium-devtools-v112-4.10.0.jar;C:\Users\Asus\.m2\repository\org\seleniumhq\selenium\selenium-devtools-v113\4.10.0\selenium-devtools-v113-4.10.0.jar;C:\Users\Asus\.m2\repository\org\seleniumhq\selenium\selenium-devtools-v114\4.10.0\selenium-devtools-v114-4.10.0.jar;C:\Users\Asus\.m2\repository\org\seleniumhq\selenium\selenium-devtools-v85\4.10.0\selenium-devtools-v85-4.10.0.jar;C:\Users\Asus\.m2\repository\org\seleniumhq\selenium\selenium-edge-driver\4.10.0\selenium-edge-driver-4.10.0.jar;C:\Users\Asus\.m2\repository\org\seleniumhq\selenium\selenium-firefox-driver\4.10.0\selenium-firefox-driver-4.10.0.jar;C:\Users\Asus\.m2\repository\org\seleniumhq\selenium\selenium-http\4.10.0\selenium-http-4.10.0.jar;C:\Users\Asus\.m2\repository\dev\failsafe\failsafe\3.3.1\failsafe-3.3.1.jar;C:\Users\Asus\.m2\repository\org\seleniumhq\selenium\selenium-ie-driver\4.10.0\selenium-ie-driver-4.10.0.jar;C:\Users\Asus\.m2\repository\org\seleniumhq\selenium\selenium-remote-driver\4.10.0\selenium-remote-driver-4.10.0.jar;C:\Users\Asus\.m2\repository\io\netty\netty-buffer\4.1.92.Final\netty-buffer-4.1.92.Final.jar;C:\Users\Asus\.m2\repository\io\netty\netty-codec-http\4.1.92.Final\netty-codec-http-4.1.92.Final.jar;C:\Users\Asus\.m2\repository\io\netty\netty-codec\4.1.92.Final\netty-codec-4.1.92.Final.jar;C:\Users\Asus\.m2\repository\io\netty\netty-handler\4.1.92.Final\netty-handler-4.1.92.Final.jar;C:\Users\Asus\.m2\repository\io\netty\netty-common\4.1.92.Final\netty-common-4.1.92.Final.jar;C:\Users\Asus\.m2\repository\io\netty\netty-transport-classes-epoll\4.1.92.Final\netty-transport-classes-epoll-4.1.92.Final.jar;C:\Users\Asus\.m2\repository\io\netty\netty-transport-classes-kqueue\4.1.92.Final\netty-transport-classes-kqueue-4.1.92.Final.jar;C:\Users\Asus\.m2\repository\io\netty\netty-transport-native-epoll\4.1.92.Final\netty-transport-native-epoll-4.1.92.Final.jar;C:\Users\Asus\.m2\repository\io\netty\netty-transport-native-kqueue\4.1.92.Final\netty-transport-native-kqueue-4.1.92.Final.jar;C:\Users\Asus\.m2\repository\io\netty\netty-transport-native-unix-common\4.1.92.Final\netty-transport-native-unix-common-4.1.92.Final.jar;C:\Users\Asus\.m2\repository\io\netty\netty-transport\4.1.92.Final\netty-transport-4.1.92.Final.jar;C:\Users\Asus\.m2\repository\io\netty\netty-resolver\4.1.92.Final\netty-resolver-4.1.92.Final.jar;C:\Users\Asus\.m2\repository\io\opentelemetry\opentelemetry-api\1.26.0\opentelemetry-api-1.26.0.jar;C:\Users\Asus\.m2\repository\io\opentelemetry\opentelemetry-context\1.26.0\opentelemetry-context-1.26.0.jar;C:\Users\Asus\.m2\repository\io\opentelemetry\opentelemetry-exporter-logging\1.26.0\opentelemetry-exporter-logging-1.26.0.jar;C:\Users\Asus\.m2\repository\io\opentelemetry\opentelemetry-sdk-metrics\1.26.0\opentelemetry-sdk-metrics-1.26.0.jar;C:\Users\Asus\.m2\repository\io\opentelemetry\opentelemetry-extension-incubator\1.26.0-alpha\opentelemetry-extension-incubator-1.26.0-alpha.jar;C:\Users\Asus\.m2\repository\io\opentelemetry\opentelemetry-sdk-logs\1.26.0-alpha\opentelemetry-sdk-logs-1.26.0-alpha.jar;C:\Users\Asus\.m2\repository\io\opentelemetry\opentelemetry-api-logs\1.26.0-alpha\opentelemetry-api-logs-1.26.0-alpha.jar;C:\Users\Asus\.m2\repository\io\opentelemetry\opentelemetry-api-events\1.26.0-alpha\opentelemetry-api-events-1.26.0-alpha.jar;C:\Users\Asus\.m2\repository\io\opentelemetry\opentelemetry-sdk-common\1.26.0\opentelemetry-sdk-common-1.26.0.jar;C:\Users\Asus\.m2\repository\io\opentelemetry\opentelemetry-sdk-extension-autoconfigure-spi\1.26.0\opentelemetry-sdk-extension-autoconfigure-spi-1.26.0.jar;C:\Users\Asus\.m2\repository\io\opentelemetry\opentelemetry-sdk-extension-autoconfigure\1.26.0-alpha\opentelemetry-sdk-extension-autoconfigure-1.26.0-alpha.jar;C:\Users\Asus\.m2\repository\io\opentelemetry\opentelemetry-sdk-trace\1.26.0\opentelemetry-sdk-trace-1.26.0.jar;C:\Users\Asus\.m2\repository\io\opentelemetry\opentelemetry-sdk\1.26.0\opentelemetry-sdk-1.26.0.jar;C:\Users\Asus\.m2\repository\io\opentelemetry\opentelemetry-semconv\1.26.0-alpha\opentelemetry-semconv-1.26.0-alpha.jar;C:\Users\Asus\.m2\repository\net\bytebuddy\byte-buddy\1.14.4\byte-buddy-1.14.4.jar;C:\Users\Asus\.m2\repository\org\apache\commons\commons-exec\1.3\commons-exec-1.3.jar;C:\Users\Asus\.m2\repository\org\asynchttpclient\async-http-client\2.12.3\async-http-client-2.12.3.jar;C:\Users\Asus\.m2\repository\org\asynchttpclient\async-http-client-netty-utils\2.12.3\async-http-client-netty-utils-2.12.3.jar;C:\Users\Asus\.m2\repository\io\netty\netty-codec-socks\4.1.60.Final\netty-codec-socks-4.1.60.Final.jar;C:\Users\Asus\.m2\repository\io\netty\netty-handler-proxy\4.1.60.Final\netty-handler-proxy-4.1.60.Final.jar;C:\Users\Asus\.m2\repository\io\netty\netty-transport-native-epoll\4.1.60.Final\netty-transport-native-epoll-4.1.60.Final-linux-x86_64.jar;C:\Users\Asus\.m2\repository\io\netty\netty-transport-native-kqueue\4.1.60.Final\netty-transport-native-kqueue-4.1.60.Final-osx-x86_64.jar;C:\Users\Asus\.m2\repository\org\reactivestreams\reactive-streams\1.0.3\reactive-streams-1.0.3.jar;C:\Users\Asus\.m2\repository\com\typesafe\netty\netty-reactive-streams\2.0.4\netty-reactive-streams-2.0.4.jar;C:\Users\Asus\.m2\repository\com\sun\activation\jakarta.activation\1.2.2\jakarta.activation-1.2.2.jar;C:\Users\Asus\.m2\repository\org\seleniumhq\selenium\selenium-safari-driver\4.10.0\selenium-safari-driver-4.10.0.jar;C:\Users\Asus\.m2\repository\org\seleniumhq\selenium\selenium-support\4.10.0\selenium-support-4.10.0.jar;C:\Users\Asus\.m2\repository\io\github\bonigarcia\webdrivermanager\5.3.2\webdrivermanager-5.3.2.jar;C:\Users\Asus\.m2\repository\com\google\code\gson\gson\2.10.1\gson-2.10.1.jar;C:\Users\Asus\.m2\repository\com\github\docker-java\docker-java\3.2.14\docker-java-3.2.14.jar;C:\Users\Asus\.m2\repository\com\github\docker-java\docker-java-core\3.2.14\docker-java-core-3.2.14.jar;C:\Users\Asus\.m2\repository\com\github\docker-java\docker-java-api\3.2.14\docker-java-api-3.2.14.jar;C:\Users\Asus\.m2\repository\commons-io\commons-io\2.6\commons-io-2.6.jar;C:\Users\Asus\.m2\repository\org\apache\commons\commons-compress\1.21\commons-compress-1.21.jar;C:\Users\Asus\.m2\repository\org\bouncycastle\bcpkix-jdk15on\1.64\bcpkix-jdk15on-1.64.jar;C:\Users\Asus\.m2\repository\org\bouncycastle\bcprov-jdk15on\1.64\bcprov-jdk15on-1.64.jar;C:\Users\Asus\.m2\repository\com\github\docker-java\docker-java-transport-httpclient5\3.2.14\docker-java-transport-httpclient5-3.2.14.jar;C:\Users\Asus\.m2\repository\com\github\docker-java\docker-java-transport\3.2.14\docker-java-transport-3.2.14.jar;C:\Users\Asus\.m2\repository\org\brotli\dec\0.1.2\dec-0.1.2.jar;C:\Users\Asus\.m2\repository\org\apache\httpcomponents\client5\httpclient5\5.2.1\httpclient5-5.2.1.jar;C:\Users\Asus\.m2\repository\org\apache\httpcomponents\core5\httpcore5\5.2\httpcore5-5.2.jar;C:\Users\Asus\.m2\repository\org\apache\httpcomponents\core5\httpcore5-h2\5.2\httpcore5-h2-5.2.jar;C:\Users\Asus\.m2\repository\org\testng\testng\7.7.1\testng-7.7.1.jar;C:\Users\Asus\.m2\repository\org\webjars\jquery\3.6.1\jquery-3.6.1.jar;C:\Users\Asus\.m2\repository\com\github\javafaker\javafaker\1.0.2\javafaker-1.0.2.jar;C:\Users\Asus\.m2\repository\org\yaml\snakeyaml\1.23\snakeyaml-1.23-android.jar;C:\Users\Asus\.m2\repository\com\github\mifmif\generex\1.0.2\generex-1.0.2.jar;C:\Users\Asus\.m2\repository\dk\brics\automaton\automaton\1.11-8\automaton-1.11-8.jar;C:\Users\Asus\.m2\repository\io\qameta\allure\allure-testng\2.19.0\allure-testng-2.19.0.jar;C:\Users\Asus\.m2\repository\io\qameta\allure\allure-java-commons\2.19.0\allure-java-commons-2.19.0.jar;C:\Users\Asus\.m2\repository\io\qameta\allure\allure-model\2.19.0\allure-model-2.19.0.jar;C:\Users\Asus\.m2\repository\io\qameta\allure\allure-test-filter\2.19.0\allure-test-filter-2.19.0.jar;C:\Users\Asus\.m2\repository\io\rest-assured\rest-assured\4.5.1\rest-assured-4.5.1.jar;C:\Users\Asus\.m2\repository\org\codehaus\groovy\groovy\3.0.9\groovy-3.0.9.jar;C:\Users\Asus\.m2\repository\org\codehaus\groovy\groovy-xml\3.0.9\groovy-xml-3.0.9.jar;C:\Users\Asus\.m2\repository\org\apache\httpcomponents\httpclient\4.5.13\httpclient-4.5.13.jar;C:\Users\Asus\.m2\repository\commons-logging\commons-logging\1.2\commons-logging-1.2.jar;C:\Users\Asus\.m2\repository\org\apache\httpcomponents\httpmime\4.5.13\httpmime-4.5.13.jar;C:\Users\Asus\.m2\repository\org\hamcrest\hamcrest\2.1\hamcrest-2.1.jar;C:\Users\Asus\.m2\repository\org\ccil\cowan\tagsoup\tagsoup\1.2.1\tagsoup-1.2.1.jar;C:\Users\Asus\.m2\repository\io\rest-assured\json-path\4.5.1\json-path-4.5.1.jar;C:\Users\Asus\.m2\repository\org\codehaus\groovy\groovy-json\3.0.9\groovy-json-3.0.9.jar;C:\Users\Asus\.m2\repository\io\rest-assured\rest-assured-common\4.5.1\rest-assured-common-4.5.1.jar;C:\Users\Asus\.m2\repository\io\rest-assured\xml-path\4.5.1\xml-path-4.5.1.jar;C:\Users\Asus\.m2\repository\org\apache\logging\log4j\log4j-api\2.17.0\log4j-api-2.17.0.jar;C:\Users\Asus\.m2\repository\org\apache\logging\log4j\log4j-core\2.17.0\log4j-core-2.17.0.jar;C:\Users\Asus\.m2\repository\org\projectlombok\lombok\1.18.20\lombok-1.18.20.jar;C:\Users\Asus\.m2\repository\com\fasterxml\jackson\core\jackson-core\2.13.4\jackson-core-2.13.4.jar;C:\Users\Asus\.m2\repository\org\assertj\assertj-core\3.22.0\assertj-core-3.22.0.jar;C:\Users\Asus\.m2\repository\junit\junit\4.13.2\junit-4.13.2.jar;C:\Users\Asus\.m2\repository\org\hamcrest\hamcrest-core\1.3\hamcrest-core-1.3.jar;"/>
    <property name="sun.cpu.endian" value="little"/>
    <property name="allure.results.directory" value="C:\Users\Asus\Projects\OptimaBusiness\target/allure-results"/>
    <property name="user.home" value="C:\Users\Asus"/>
    <property name="user.language" value="ru"/>
    <property name="java.specification.vendor" value="Oracle Corporation"/>
    <property name="java.version.date" value="2022-08-18"/>
    <property name="java.home" value="C:\Program Files\Java\jdk-11.0.16.1"/>
    <property name="file.separator" value="\"/>
    <property name="basedir" value="C:\Users\Asus\Projects\OptimaBusiness"/>
    <property name="java.vm.compressedOopsMode" value="Zero based"/>
    <property name="line.separator" value="&#10;"/>
    <property name="java.specification.name" value="Java Platform API Specification"/>
    <property name="java.vm.specification.vendor" value="Oracle Corporation"/>
    <property name="java.awt.graphicsenv" value="sun.awt.Win32GraphicsEnvironment"/>
    <property name="surefire.real.class.path" value="C:\Users\Asus\AppData\Local\Temp\surefire7130482408082825479\surefirebooter5458362045208691707.jar"/>
    <property name="user.script" value=""/>
    <property name="sun.management.compiler" value="HotSpot 64-Bit Tiered Compilers"/>
    <property name="java.runtime.version" value="11.0.16.1+1-LTS-1"/>
    <property name="user.name" value="Asus"/>
    <property name="path.separator" value=";"/>
    <property name="os.version" value="10.0"/>
    <property name="java.runtime.name" value="Java(TM) SE Runtime Environment"/>
    <property name="file.encoding" value="Cp1251"/>
    <property name="java.vm.name" value="Java HotSpot(TM) 64-Bit Server VM"/>
    <property name="java.vendor.version" value="18.9"/>
    <property name="localRepository" value="C:\Users\Asus\.m2\repository"/>
    <property name="java.vendor.url.bug" value="https://bugreport.java.com/bugreport/"/>
    <property name="java.io.tmpdir" value="C:\Users\Asus\AppData\Local\Temp\"/>
    <property name="java.version" value="11.0.16.1"/>
    <property name="user.dir" value="C:\Users\Asus\Projects\OptimaBusiness"/>
    <property name="os.arch" value="amd64"/>
    <property name="java.vm.specification.name" value="Java Virtual Machine Specification"/>
    <property name="java.awt.printerjob" value="sun.awt.windows.WPrinterJob"/>
    <property name="sun.os.patch.level" value=""/>
    <property name="java.library.path" value="C:\Program Files\Java\jdk-11.0.16.1\bin;C:\WINDOWS\Sun\Java\bin;C:\WINDOWS\system32;C:\WINDOWS;C:\Program Files\Common Files\Oracle\Java\javapath;C:\WINDOWS\system32;C:\WINDOWS;C:\WINDOWS\System32\Wbem;C:\WINDOWS\System32\WindowsPowerShell\v1.0\;C:\WINDOWS\System32\OpenSSH\;C:\Program Files\Git\cmd;C:\Program Files\Java\jdk-11.0.16.1\bin;C:\Program Files\apache-maven-4.0.0-alpha-3\bin;C:\Program Files\allure-2.20.0\allure-2.20.0\bin;C:\Program Files\MySQL\MySQL Server 8.0\bin;C:\Program Files\testit-importer-allure-1.3.3;C:\Program Files\MySQL\MySQL Shell 8.0\bin\;C:\Users\Asus\AppData\Local\Microsoft\WindowsApps;D:\IntelliJ IDEA Community Edition 2022.2\bin;;C:\Users\Asus\AppData\Local\Programs\Microsoft VS Code\bin;C:\Program Files\MySQL\MySQL Shell 8.0\bin\;C:\Users\Asus\Downloads\chromedriver_win32 (1);;."/>
    <property name="java.vendor" value="Oracle Corporation"/>
    <property name="java.vm.info" value="mixed mode"/>
    <property name="java.vm.version" value="11.0.16.1+1-LTS-1"/>
    <property name="sun.io.unicode.encoding" value="UnicodeLittle"/>
    <property name="java.class.version" value="55.0"/>
  </properties>
  <testcase name="loginWithValidCredentials" classname="org.OptimaBusTests.uiTests.CalcTests" time="0.155">
    <failure type="java.lang.NullPointerException">java.lang.NullPointerException
	at org.OptimaBusTests.uiTests.CalcTests.loginWithValidCredentials(CalcTests.java:19)
</failure>
    <system-out><![CDATA[[WARN ] 2023-07-31 13:30:28.127 [main] Driver - Starting Chromedriver
13:30:28.474 [main] DEBUG org.apache.hc.client5.http.impl.classic.InternalHttpClient - ex-0000000001 preparing request execution
13:30:28.507 [main] DEBUG org.apache.hc.client5.http.impl.classic.ProtocolExec - ex-0000000001 target auth state: UNCHALLENGED
13:30:28.508 [main] DEBUG org.apache.hc.client5.http.impl.classic.ProtocolExec - ex-0000000001 proxy auth state: UNCHALLENGED
13:30:28.508 [main] DEBUG org.apache.hc.client5.http.impl.classic.ConnectExec - ex-0000000001 acquiring connection with route {s}->https://raw.githubusercontent.com:443
13:30:28.508 [main] DEBUG org.apache.hc.client5.http.impl.classic.InternalHttpClient - ex-0000000001 acquiring endpoint (3 MINUTES)
13:30:28.511 [main] DEBUG org.apache.hc.client5.http.impl.io.PoolingHttpClientConnectionManager - ex-0000000001 endpoint lease request (3 MINUTES) [route: {s}->https://raw.githubusercontent.com:443][total available: 0; route allocated: 0 of 5; total allocated: 0 of 25]
13:30:28.522 [main] DEBUG org.apache.hc.client5.http.impl.io.PoolingHttpClientConnectionManager - ex-0000000001 endpoint leased [route: {s}->https://raw.githubusercontent.com:443][total available: 0; route allocated: 1 of 5; total allocated: 1 of 25]
13:30:28.545 [main] DEBUG org.apache.hc.client5.http.impl.io.PoolingHttpClientConnectionManager - ex-0000000001 acquired ep-0000000001
13:30:28.545 [main] DEBUG org.apache.hc.client5.http.impl.classic.InternalHttpClient - ex-0000000001 acquired endpoint ep-0000000001
13:30:28.545 [main] DEBUG org.apache.hc.client5.http.impl.classic.ConnectExec - ex-0000000001 opening connection {s}->https://raw.githubusercontent.com:443
13:30:28.546 [main] DEBUG org.apache.hc.client5.http.impl.classic.InternalHttpClient - ep-0000000001 connecting endpoint (null)
13:30:28.558 [main] DEBUG org.apache.hc.client5.http.impl.io.PoolingHttpClientConnectionManager - ep-0000000001 connecting endpoint to https://raw.githubusercontent.com:443 (30 SECONDS)
13:30:28.558 [main] DEBUG org.apache.hc.client5.http.impl.io.DefaultHttpClientConnectionOperator - raw.githubusercontent.com resolving remote address
13:30:28.558 [main] DEBUG org.apache.hc.client5.http.impl.io.DefaultHttpClientConnectionOperator - raw.githubusercontent.com resolved to [raw.githubusercontent.com/185.199.110.133, raw.githubusercontent.com/185.199.109.133, raw.githubusercontent.com/185.199.111.133, raw.githubusercontent.com/185.199.108.133]
13:30:28.563 [main] DEBUG org.apache.hc.client5.http.impl.io.DefaultHttpClientConnectionOperator - raw.githubusercontent.com:443 connecting null->raw.githubusercontent.com/185.199.110.133:443 (30 SECONDS)
13:30:28.563 [main] DEBUG org.apache.hc.client5.http.ssl.SSLConnectionSocketFactory - Connecting socket to raw.githubusercontent.com/185.199.110.133:443 with timeout 30 SECONDS
13:30:28.692 [main] DEBUG org.apache.hc.client5.http.ssl.SSLConnectionSocketFactory - Enabled protocols: [TLSv1.3, TLSv1.2]
13:30:28.692 [main] DEBUG org.apache.hc.client5.http.ssl.SSLConnectionSocketFactory - Enabled cipher suites: [TLS_AES_256_GCM_SHA384, TLS_AES_128_GCM_SHA256, TLS_CHACHA20_POLY1305_SHA256, TLS_ECDHE_ECDSA_WITH_AES_256_GCM_SHA384, TLS_ECDHE_ECDSA_WITH_AES_128_GCM_SHA256, TLS_ECDHE_ECDSA_WITH_CHACHA20_POLY1305_SHA256, TLS_ECDHE_RSA_WITH_AES_256_GCM_SHA384, TLS_ECDHE_RSA_WITH_CHACHA20_POLY1305_SHA256, TLS_ECDHE_RSA_WITH_AES_128_GCM_SHA256, TLS_DHE_RSA_WITH_AES_256_GCM_SHA384, TLS_DHE_RSA_WITH_CHACHA20_POLY1305_SHA256, TLS_DHE_DSS_WITH_AES_256_GCM_SHA384, TLS_DHE_RSA_WITH_AES_128_GCM_SHA256, TLS_DHE_DSS_WITH_AES_128_GCM_SHA256, TLS_ECDHE_ECDSA_WITH_AES_256_CBC_SHA384, TLS_ECDHE_RSA_WITH_AES_256_CBC_SHA384, TLS_ECDHE_ECDSA_WITH_AES_128_CBC_SHA256, TLS_ECDHE_RSA_WITH_AES_128_CBC_SHA256, TLS_DHE_RSA_WITH_AES_256_CBC_SHA256, TLS_DHE_DSS_WITH_AES_256_CBC_SHA256, TLS_DHE_RSA_WITH_AES_128_CBC_SHA256, TLS_DHE_DSS_WITH_AES_128_CBC_SHA256, TLS_ECDH_ECDSA_WITH_AES_256_GCM_SHA384, TLS_ECDH_RSA_WITH_AES_256_GCM_SHA384, TLS_ECDH_ECDSA_WITH_AES_128_GCM_SHA256, TLS_ECDH_RSA_WITH_AES_128_GCM_SHA256, TLS_ECDH_ECDSA_WITH_AES_256_CBC_SHA384, TLS_ECDH_RSA_WITH_AES_256_CBC_SHA384, TLS_ECDH_ECDSA_WITH_AES_128_CBC_SHA256, TLS_ECDH_RSA_WITH_AES_128_CBC_SHA256, TLS_ECDHE_ECDSA_WITH_AES_256_CBC_SHA, TLS_ECDHE_RSA_WITH_AES_256_CBC_SHA, TLS_ECDHE_ECDSA_WITH_AES_128_CBC_SHA, TLS_ECDHE_RSA_WITH_AES_128_CBC_SHA, TLS_DHE_RSA_WITH_AES_256_CBC_SHA, TLS_DHE_DSS_WITH_AES_256_CBC_SHA, TLS_DHE_RSA_WITH_AES_128_CBC_SHA, TLS_DHE_DSS_WITH_AES_128_CBC_SHA, TLS_ECDH_ECDSA_WITH_AES_256_CBC_SHA, TLS_ECDH_RSA_WITH_AES_256_CBC_SHA, TLS_ECDH_ECDSA_WITH_AES_128_CBC_SHA, TLS_ECDH_RSA_WITH_AES_128_CBC_SHA, TLS_RSA_WITH_AES_256_GCM_SHA384, TLS_RSA_WITH_AES_128_GCM_SHA256, TLS_RSA_WITH_AES_256_CBC_SHA256, TLS_RSA_WITH_AES_128_CBC_SHA256, TLS_RSA_WITH_AES_256_CBC_SHA, TLS_RSA_WITH_AES_128_CBC_SHA, TLS_EMPTY_RENEGOTIATION_INFO_SCSV]
13:30:28.692 [main] DEBUG org.apache.hc.client5.http.ssl.SSLConnectionSocketFactory - Starting handshake (null)
13:30:28.925 [main] DEBUG org.apache.hc.client5.http.ssl.SSLConnectionSocketFactory - Secure session established
13:30:28.925 [main] DEBUG org.apache.hc.client5.http.ssl.SSLConnectionSocketFactory -  negotiated protocol: TLSv1.3
13:30:28.925 [main] DEBUG org.apache.hc.client5.http.ssl.SSLConnectionSocketFactory -  negotiated cipher suite: TLS_AES_256_GCM_SHA384
13:30:28.925 [main] DEBUG org.apache.hc.client5.http.ssl.SSLConnectionSocketFactory -  peer principal: CN=*.github.io, O="GitHub, Inc.", L=San Francisco, ST=California, C=US
13:30:28.926 [main] DEBUG org.apache.hc.client5.http.ssl.SSLConnectionSocketFactory -  peer alternative names: [*.github.io, github.io, *.github.com, github.com, www.github.com, *.githubusercontent.com, githubusercontent.com]
13:30:28.926 [main] DEBUG org.apache.hc.client5.http.ssl.SSLConnectionSocketFactory -  issuer principal: CN=DigiCert TLS RSA SHA256 2020 CA1, O=DigiCert Inc, C=US
13:30:28.927 [main] DEBUG org.apache.hc.client5.http.impl.io.DefaultManagedHttpClientConnection - http-outgoing-0 set socket timeout to 3 MINUTES
13:30:28.927 [main] DEBUG org.apache.hc.client5.http.impl.io.DefaultHttpClientConnectionOperator - raw.githubusercontent.com:443 connected null->raw.githubusercontent.com/185.199.110.133:443 as http-outgoing-0
13:30:28.927 [main] DEBUG org.apache.hc.client5.http.impl.io.PoolingHttpClientConnectionManager - ep-0000000001 connected http-outgoing-0
13:30:28.927 [main] DEBUG org.apache.hc.client5.http.impl.classic.InternalHttpClient - ep-0000000001 endpoint connected
13:30:28.928 [main] DEBUG org.apache.hc.client5.http.impl.classic.MainClientExec - ex-0000000001 executing GET /bonigarcia/webdrivermanager/master/src/main/resources/commands.properties HTTP/1.1
13:30:28.928 [main] DEBUG org.apache.hc.client5.http.protocol.RequestAddCookies - ex-0000000001 Cookie spec selected: strict
13:30:28.942 [main] DEBUG org.apache.hc.client5.http.impl.classic.InternalHttpClient - ep-0000000001 start execution ex-0000000001
13:30:28.942 [main] DEBUG org.apache.hc.client5.http.impl.io.PoolingHttpClientConnectionManager - ep-0000000001 executing exchange ex-0000000001 over http-outgoing-0
13:30:28.942 [main] DEBUG org.apache.hc.client5.http.headers - http-outgoing-0 >> GET /bonigarcia/webdrivermanager/master/src/main/resources/commands.properties HTTP/1.1
13:30:28.942 [main] DEBUG org.apache.hc.client5.http.headers - http-outgoing-0 >> user-agent: Apache-HttpClient/5.0
13:30:28.943 [main] DEBUG org.apache.hc.client5.http.headers - http-outgoing-0 >> accept-encoding: gzip, deflate, br
13:30:28.943 [main] DEBUG org.apache.hc.client5.http.headers - http-outgoing-0 >> cache-control: max-age=0
13:30:28.943 [main] DEBUG org.apache.hc.client5.http.headers - http-outgoing-0 >> connection: keep-alive
13:30:28.943 [main] DEBUG org.apache.hc.client5.http.headers - http-outgoing-0 >> Host: raw.githubusercontent.com
13:30:28.943 [main] DEBUG org.apache.hc.client5.http.wire - http-outgoing-0 >> "GET /bonigarcia/webdrivermanager/master/src/main/resources/commands.properties HTTP/1.1[\r][\n]"
13:30:28.943 [main] DEBUG org.apache.hc.client5.http.wire - http-outgoing-0 >> "user-agent: Apache-HttpClient/5.0[\r][\n]"
13:30:28.943 [main] DEBUG org.apache.hc.client5.http.wire - http-outgoing-0 >> "accept-encoding: gzip, deflate, br[\r][\n]"
13:30:28.943 [main] DEBUG org.apache.hc.client5.http.wire - http-outgoing-0 >> "cache-control: max-age=0[\r][\n]"
13:30:28.943 [main] DEBUG org.apache.hc.client5.http.wire - http-outgoing-0 >> "connection: keep-alive[\r][\n]"
13:30:28.943 [main] DEBUG org.apache.hc.client5.http.wire - http-outgoing-0 >> "Host: raw.githubusercontent.com[\r][\n]"
13:30:28.943 [main] DEBUG org.apache.hc.client5.http.wire - http-outgoing-0 >> "[\r][\n]"
13:30:29.072 [main] DEBUG org.apache.hc.client5.http.wire - http-outgoing-0 << "HTTP/1.1 200 OK[\r][\n]"
13:30:29.072 [main] DEBUG org.apache.hc.client5.http.wire - http-outgoing-0 << "Connection: keep-alive[\r][\n]"
13:30:29.072 [main] DEBUG org.apache.hc.client5.http.wire - http-outgoing-0 << "Content-Length: 723[\r][\n]"
13:30:29.072 [main] DEBUG org.apache.hc.client5.http.wire - http-outgoing-0 << "Cache-Control: max-age=300[\r][\n]"
13:30:29.072 [main] DEBUG org.apache.hc.client5.http.wire - http-outgoing-0 << "Content-Security-Policy: default-src 'none'; style-src 'unsafe-inline'; sandbox[\r][\n]"
13:30:29.072 [main] DEBUG org.apache.hc.client5.http.wire - http-outgoing-0 << "Content-Type: text/plain; charset=utf-8[\r][\n]"
13:30:29.072 [main] DEBUG org.apache.hc.client5.http.wire - http-outgoing-0 << "ETag: W/"e82b438271e9e8680c688b0b680efd0bdd22faa6d6f0a32fc1fd8accc486b67e"[\r][\n]"
13:30:29.072 [main] DEBUG org.apache.hc.client5.http.wire - http-outgoing-0 << "Strict-Transport-Security: max-age=31536000[\r][\n]"
13:30:29.072 [main] DEBUG org.apache.hc.client5.http.wire - http-outgoing-0 << "X-Content-Type-Options: nosniff[\r][\n]"
13:30:29.072 [main] DEBUG org.apache.hc.client5.http.wire - http-outgoing-0 << "X-Frame-Options: deny[\r][\n]"
13:30:29.072 [main] DEBUG org.apache.hc.client5.http.wire - http-outgoing-0 << "X-XSS-Protection: 1; mode=block[\r][\n]"
13:30:29.072 [main] DEBUG org.apache.hc.client5.http.wire - http-outgoing-0 << "X-GitHub-Request-Id: 0DA8:ACC3:529747:55C146:64C1CDEC[\r][\n]"
13:30:29.072 [main] DEBUG org.apache.hc.client5.http.wire - http-outgoing-0 << "Content-Encoding: gzip[\r][\n]"
13:30:29.072 [main] DEBUG org.apache.hc.client5.http.wire - http-outgoing-0 << "Accept-Ranges: bytes[\r][\n]"
13:30:29.072 [main] DEBUG org.apache.hc.client5.http.wire - http-outgoing-0 << "Date: Mon, 31 Jul 2023 07:30:27 GMT[\r][\n]"
13:30:29.073 [main] DEBUG org.apache.hc.client5.http.wire - http-outgoing-0 << "Via: 1.1 varnish[\r][\n]"
13:30:29.073 [main] DEBUG org.apache.hc.client5.http.wire - http-outgoing-0 << "X-Served-By: cache-fra-eddf8230054-FRA[\r][\n]"
13:30:29.073 [main] DEBUG org.apache.hc.client5.http.wire - http-outgoing-0 << "X-Cache: HIT[\r][\n]"
13:30:29.073 [main] DEBUG org.apache.hc.client5.http.wire - http-outgoing-0 << "X-Cache-Hits: 1[\r][\n]"
13:30:29.073 [main] DEBUG org.apache.hc.client5.http.wire - http-outgoing-0 << "X-Timer: S1690788628.566810,VS0,VE1[\r][\n]"
13:30:29.073 [main] DEBUG org.apache.hc.client5.http.wire - http-outgoing-0 << "Vary: Authorization,Accept-Encoding,Origin[\r][\n]"
13:30:29.073 [main] DEBUG org.apache.hc.client5.http.wire - http-outgoing-0 << "Access-Control-Allow-Origin: *[\r][\n]"
13:30:29.073 [main] DEBUG org.apache.hc.client5.http.wire - http-outgoing-0 << "Cross-Origin-Resource-Policy: cross-origin[\r][\n]"
13:30:29.073 [main] DEBUG org.apache.hc.client5.http.wire - http-outgoing-0 << "X-Fastly-Request-ID: 9fc2775f797a3f21df42629645a46cee8f683fd2[\r][\n]"
13:30:29.073 [main] DEBUG org.apache.hc.client5.http.wire - http-outgoing-0 << "Expires: Mon, 31 Jul 2023 07:35:27 GMT[\r][\n]"
13:30:29.073 [main] DEBUG org.apache.hc.client5.http.wire - http-outgoing-0 << "Source-Age: 41[\r][\n]"
13:30:29.073 [main] DEBUG org.apache.hc.client5.http.wire - http-outgoing-0 << "[\r][\n]"
13:30:29.077 [main] DEBUG org.apache.hc.client5.http.headers - http-outgoing-0 << HTTP/1.1 200 OK
13:30:29.077 [main] DEBUG org.apache.hc.client5.http.headers - http-outgoing-0 << Connection: keep-alive
13:30:29.077 [main] DEBUG org.apache.hc.client5.http.headers - http-outgoing-0 << Content-Length: 723
13:30:29.077 [main] DEBUG org.apache.hc.client5.http.headers - http-outgoing-0 << Cache-Control: max-age=300
13:30:29.077 [main] DEBUG org.apache.hc.client5.http.headers - http-outgoing-0 << Content-Security-Policy: default-src 'none'; style-src 'unsafe-inline'; sandbox
13:30:29.077 [main] DEBUG org.apache.hc.client5.http.headers - http-outgoing-0 << Content-Type: text/plain; charset=utf-8
13:30:29.077 [main] DEBUG org.apache.hc.client5.http.headers - http-outgoing-0 << ETag: W/"e82b438271e9e8680c688b0b680efd0bdd22faa6d6f0a32fc1fd8accc486b67e"
13:30:29.077 [main] DEBUG org.apache.hc.client5.http.headers - http-outgoing-0 << Strict-Transport-Security: max-age=31536000
13:30:29.077 [main] DEBUG org.apache.hc.client5.http.headers - http-outgoing-0 << X-Content-Type-Options: nosniff
13:30:29.077 [main] DEBUG org.apache.hc.client5.http.headers - http-outgoing-0 << X-Frame-Options: deny
13:30:29.077 [main] DEBUG org.apache.hc.client5.http.headers - http-outgoing-0 << X-XSS-Protection: 1; mode=block
13:30:29.077 [main] DEBUG org.apache.hc.client5.http.headers - http-outgoing-0 << X-GitHub-Request-Id: 0DA8:ACC3:529747:55C146:64C1CDEC
13:30:29.077 [main] DEBUG org.apache.hc.client5.http.headers - http-outgoing-0 << Content-Encoding: gzip
13:30:29.077 [main] DEBUG org.apache.hc.client5.http.headers - http-outgoing-0 << Accept-Ranges: bytes
13:30:29.077 [main] DEBUG org.apache.hc.client5.http.headers - http-outgoing-0 << Date: Mon, 31 Jul 2023 07:30:27 GMT
13:30:29.077 [main] DEBUG org.apache.hc.client5.http.headers - http-outgoing-0 << Via: 1.1 varnish
13:30:29.077 [main] DEBUG org.apache.hc.client5.http.headers - http-outgoing-0 << X-Served-By: cache-fra-eddf8230054-FRA
13:30:29.077 [main] DEBUG org.apache.hc.client5.http.headers - http-outgoing-0 << X-Cache: HIT
13:30:29.077 [main] DEBUG org.apache.hc.client5.http.headers - http-outgoing-0 << X-Cache-Hits: 1
13:30:29.077 [main] DEBUG org.apache.hc.client5.http.headers - http-outgoing-0 << X-Timer: S1690788628.566810,VS0,VE1
13:30:29.077 [main] DEBUG org.apache.hc.client5.http.headers - http-outgoing-0 << Vary: Authorization,Accept-Encoding,Origin
13:30:29.078 [main] DEBUG org.apache.hc.client5.http.headers - http-outgoing-0 << Access-Control-Allow-Origin: *
13:30:29.078 [main] DEBUG org.apache.hc.client5.http.headers - http-outgoing-0 << Cross-Origin-Resource-Policy: cross-origin
13:30:29.078 [main] DEBUG org.apache.hc.client5.http.headers - http-outgoing-0 << X-Fastly-Request-ID: 9fc2775f797a3f21df42629645a46cee8f683fd2
13:30:29.078 [main] DEBUG org.apache.hc.client5.http.headers - http-outgoing-0 << Expires: Mon, 31 Jul 2023 07:35:27 GMT
13:30:29.078 [main] DEBUG org.apache.hc.client5.http.headers - http-outgoing-0 << Source-Age: 41
13:30:29.085 [main] DEBUG org.apache.hc.client5.http.impl.classic.MainClientExec - ex-0000000001 connection can be kept alive for 3 MINUTES
13:30:29.096 [main] DEBUG org.apache.hc.client5.http.wire - http-outgoing-0 << "[0x1f][0xffffff8b][0x8][0x0][0x0][0x0][0x0][0x0][0x0][0x3][0xffffffb5]V]o[0xffffffda]0[0x14]}[0xffffffe7]W\[0xffffff81]*[0xffffffb5][0x12][0x1f][[M[0xffffffd3]$[0x1e]hF[0xffffffbb]i [0x18][0xffffffb4][0xffffffdd]&[0xfffffff9][0xffffffc5]$7[0xffffffc1]R[0x12]#;[0xffffff94]v[0xffffffbf]~[0xffffffb6][0xfffffff3]1[0xffffff92][0xffffff9a][0xffffffc1][0x1a]x[0xffffffcb][0xffffffb5][0xffffffaf][0xffffffcf]9[0xffffffbe][0xfffffff7]8v[0xb][0x1c][0x1e]E4[0xfffffff6]$x4[0xffffffa1][0xb]*[0xffffffb1][0xffffffd1][0xffffff82][0xfffffffb]%[0xffffff93][0xffffffe0][0xffffffb3][0x10][0xffffffc1][0xffffffe5]qBY,!Y[0xffffffea] KM8,[0x10][0xfffffff0][0x19][0xffffffdd]u[0xffffff82][0x1e][0xffffffb0][0xffffffd8]L[0xffffffcb]%[0xffffff86][0xffffffa1][0xe][0xffffffb8][0xfffffff0]P[0xffffffe8]$[0xf][0x13]t[0x13]3[0xfffffff9][0xffffff84]B2[0xffffffae][0xffffffe6]|@[0xfffffff5][0x1d][0x8][0xffffffc4][0x18][0x16][0xffffff82]o[0xffffffa4][0xffffff9a]P[0xffffff94][0xffffffe7][0xffffffce]R[0xfffffff0][0x8][0xffffffdb]p[0xffffffcb][0x4][0xfffffffa][0xfffffffc][0xffffffb9][\r][0xffffff93][0x15][\n]"
13:30:29.097 [main] DEBUG org.apache.hc.client5.http.wire - http-outgoing-0 << "[0xffffffda][0xffffff86][0xffffffa1][0x17][0xffffffa8]Q3[0xffffffcb][0xffffffd6][0xffffffd1][0xffffff85][0xffffffc6][0xfffffff7][0xffffff98][0xffffffef][0xffffffa3][0xffffffc0]8[0x1][0xffffffae]s[0x12][0x16][0x7] _d[0xffffff82][0xffffff91][0xffffff84][0xfffffff3][0x1f],[0xfffffff6][0x14]j[0x1b]F,^+[0xffffff98]1ua2[0xffffffbf]h([0xffffff8e][0xffffff94][0xffffffa2][0xffffff91]m[0xffffffa3][0xffffffeb][0xffffff9a][0xffffffb0][0xffffffbb]I[0x17]t[0xffffffdf][0xffffffbd][0xffffffef][0xffffffbb][0xffffff91][0xffffffd7]U[0xffffffbb][0xffffff82][0xffffff9e][0x3][0xffffff9b][0xffffff88][0xffffffb9][0xffffffa6]$[0xffffffa6][0xc][0xffffff9b][0xffffffa5][0xffffffe2][0xffffff83][0xffffff98]F[0xffffffd8]o[0xffffff9e]Mg[0xffffff93][0xffffffbb][0xffffffd9]`|[0xfffffffb]u4[0xffffff9c][0x7f]"}B[0xffffffce][0x8][0xffffffb9][0xffffffe3]<[0x8][0xffffff91][0xffffff90][0xffffff94][0xffffff82][0xffffff90][0xffffffc1]j[0x15]2WI[0xffffffe3]1![0x19][0xffffff91]BnB[0xffffff80][0x9]<f[0xffffffb5][0xffffffe8]=[0xffffffd1]p[0xffffffbd][[0xffffffcf][0xffffffe5][0x1b][0xfffffff4][0xffffff9c][0xffffffff][0xfffffffc][0xfffffff8][0xffffffe1][0xffffffe2][0xffffff94][0xffffffa2][0xffffffae][0xe][0x14]5[0xffffff9a]8[0xffffff83][0xffffffd1]`:[0xfffffffd]<[0xffffffb8][0x1f][0xffffff9c]R[0xffffffcf]u[0x7f]6[0xffffffbc][0xffffff83][0xffffffef][0xf][0xffffffc3][0xffffffd9]/[0xfffffff8][0xfffffff2][0xffffffcd]y s[0xffffffee]'[0x1b]*0g[0xffffffcb][0xffffffc8]nF7H][0xffffff83][0xffffff97]{[0xffffffb1]Q[0x5][\r][0xffffffb5]c[0xffffffb4][0xf][0x2][0xffffffb3][0xffffffb4][0xffffff93][0xe]C[0xffffffa7][0xffffffb3]kAD][0xffffff9d][0xffffffde][0xffffffdb][0xffffffda][0xffffff88][0xffffffec][0xffffffa5][0xffffffbc][0xffffff99][0xffffffd9][0xffffffba]t[0xffffffb5][0xffffffea]9[0xffffffea][0x10])[0xffffffb7][0xffffffca][0xffffff9e][0xfffffff2][0xffffffe2]d^N[0xffffffd8]FW[0x16][0xffffffcd][0xffffffdc]_[0x10][0xfffffff9]i|[0x1c][0xffffff93][0xffffff8e][0xfffffff9]o[0x16][0xffffff86]4'!$G[0xffffffdf]W[0xfffffff4]W*j[[0xfffffff3]xR[0xffffffae][0xffffffb6][0xc][0xffffffd0],; #[0xffffffa9][0xffffff92]5[0xffffffb5][0x7][0xffffff9c][0xffffffb5][0xffffffd0][0x7f][0xffffff90][0xffffffc7]jgs[0xfffffffc][0xffffffc2][0xb][0xffffffd9][0x0]t[0xffffff9e]^'Y[0xfffffffb][0xffffff9f][0xffffffb1][0xffffffd8]:[0xffffffbf][0xffffff8d][0xffffffa5][0xffffff9a][0xffffffad][0x7f]m[0x5]&[0xffffffaa][0xffffffa0]^[0xffffff9b][0xffffffcb][0x5]f[0xffffffae][0xffffffe0]RU[0xffffff82][0x10]MS9l[0xffffff91]4t[0xfffffffb][0xffffff8a]][0xffffffd6][0xfffffff4][0xffffff96][0xffffffa6][0xffffff9f]P[0xffffffce][0xffffffd5][0xffffffce][0xffffff93][0xffffffff][0xffffff97][0xffffffcc]p[0xfffffffd][0xfffffff3][0xffffffe8][0x1b][0xffffffcc][0xffffffa2][0xffffffd9]Q[0xffffffbe][0xffffffb2][0xffffffa3][0xffffffc7]m'[0xffffffdf][0xffffffe4][[0xfffffffb]^[0xffffffb0][0xffffff9a][0xffffffbe][0xffffffda][0xffffffda]_[0xffffffce][0xffffff80][0xffffffd2][0xffffffc1]7[0xffffffb7]][0xffffffc1]b[0xffffffee][0xffffffb5][0xffffffff]w[0xffffff83][0xffffffed][0xffffffa7];[0x15]<[0x10]4[0xffffff92][0xffffff84][0x18][\n]"
13:30:29.097 [main] DEBUG org.apache.hc.client5.http.wire - http-outgoing-0 << "BB[0xffffffba][0xffffff8e]][0xffffffb5]jo[0xffffffb9]+"[0xffffffea][0xffffffb4][0xffffffff]h"[0xffffffea]\?5[0xffffffa9][0xffffffaf]k[0xffffffec][0xffffffff]P[0xffffffea][\n]"
13:30:29.097 [main] DEBUG org.apache.hc.client5.http.wire - http-outgoing-0 << "w[0xffffffe1]K[0x13][0xffffffda][0xffffffec][0xffffff98][0xffffffe6]Y[0xfffffffd]h8m6[0xffffff9c]T[0xffffffc1][0xfffffff2][0xffffffa7][0xffffff91]z_[0xffffff95]o85p[0x1c][0x13][0xffffffe6][0xfffffff0]5[0xffffffee][0xfffffffc][0xffffff92][0xffffff96][0xffffffda][0xfffffff7][0xffffffcf][0xffffffb1][0x5][0x1d][0xffffffea]K[0xffffff9b]9[0xffffff8e][0xffffffad]e[0xfffffff7][0xffffff93][0xffffffa8]`[0xffffffda][0xffffffff][0x1a][0xffffffd2][0xffffff88][0xffffff85][0xfffffffd][0xfffffff2][0xffffff91]N[0xfffffff6]`[0xffffffdf]2[0xffffffcf][0xffffffae]E[0xffffff97][0xffffffc5][0xffffffa2][0xffffff9d][0xffffffef]'[0xffffff9d]mun.[0xffffffd3]f^[0xffffffc7][0xffffff82][0xffffffda][0xffffff82]9[0xfffffff5][0xffffffa9]`[0x5][0xffffffbc]4[0xffffffa1][0x1d]<M[0xffffffb5]A[0xffffffa7]3[[0xffffffc0][0x7f][0x0][0xffffffc1][0xffffffd0]$[0xffffff85][0x1d][\r][0x0][0x0]"
13:30:29.098 [main] DEBUG org.apache.hc.client5.http.impl.classic.InternalHttpClient - ep-0000000001 releasing valid endpoint
13:30:29.098 [main] DEBUG org.apache.hc.client5.http.impl.io.PoolingHttpClientConnectionManager - ep-0000000001 releasing endpoint
13:30:29.098 [main] DEBUG org.apache.hc.client5.http.impl.io.PoolingHttpClientConnectionManager - ep-0000000001 connection http-outgoing-0 can be kept alive for 3 MINUTES
13:30:29.099 [main] DEBUG org.apache.hc.client5.http.impl.io.PoolingHttpClientConnectionManager - ep-0000000001 connection released [route: {s}->https://raw.githubusercontent.com:443][total available: 1; route allocated: 1 of 5; total allocated: 1 of 25]
13:30:29.099 [main] DEBUG io.github.bonigarcia.wdm.versions.VersionDetector - Detecting chrome version using online commands.properties
13:30:29.101 [main] DEBUG io.github.bonigarcia.wdm.versions.Shell - Running command on the shell: [cmd.exe, /C, wmic, datafile, where, name="%PROGRAMFILES:\=\\%\\Google\\Chrome\\Application\\chrome.exe", get, Version, /value]
13:30:29.184 [main] DEBUG io.github.bonigarcia.wdm.versions.Shell - Result: Version=115.0.5790.110
13:30:29.186 [main] DEBUG org.apache.hc.client5.http.impl.classic.InternalHttpClient - ex-0000000002 preparing request execution
13:30:29.186 [main] DEBUG org.apache.hc.client5.http.impl.classic.ProtocolExec - ex-0000000002 target auth state: UNCHALLENGED
13:30:29.186 [main] DEBUG org.apache.hc.client5.http.impl.classic.ProtocolExec - ex-0000000002 proxy auth state: UNCHALLENGED
13:30:29.186 [main] DEBUG org.apache.hc.client5.http.impl.classic.ConnectExec - ex-0000000002 acquiring connection with route {s}->https://chromedriver.storage.googleapis.com:443
13:30:29.186 [main] DEBUG org.apache.hc.client5.http.impl.classic.InternalHttpClient - ex-0000000002 acquiring endpoint (3 MINUTES)
13:30:29.186 [main] DEBUG org.apache.hc.client5.http.impl.io.PoolingHttpClientConnectionManager - ex-0000000002 endpoint lease request (3 MINUTES) [route: {s}->https://chromedriver.storage.googleapis.com:443][total available: 1; route allocated: 0 of 5; total allocated: 1 of 25]
13:30:29.186 [main] DEBUG org.apache.hc.client5.http.impl.io.PoolingHttpClientConnectionManager - ex-0000000002 endpoint leased [route: {s}->https://chromedriver.storage.googleapis.com:443][total available: 1; route allocated: 1 of 5; total allocated: 2 of 25]
13:30:29.186 [main] DEBUG org.apache.hc.client5.http.impl.io.PoolingHttpClientConnectionManager - ex-0000000002 acquired ep-0000000002
13:30:29.186 [main] DEBUG org.apache.hc.client5.http.impl.classic.InternalHttpClient - ex-0000000002 acquired endpoint ep-0000000002
13:30:29.186 [main] DEBUG org.apache.hc.client5.http.impl.classic.ConnectExec - ex-0000000002 opening connection {s}->https://chromedriver.storage.googleapis.com:443
13:30:29.186 [main] DEBUG org.apache.hc.client5.http.impl.classic.InternalHttpClient - ep-0000000002 connecting endpoint (null)
13:30:29.186 [main] DEBUG org.apache.hc.client5.http.impl.io.PoolingHttpClientConnectionManager - ep-0000000002 connecting endpoint to https://chromedriver.storage.googleapis.com:443 (30 SECONDS)
13:30:29.186 [main] DEBUG org.apache.hc.client5.http.impl.io.DefaultHttpClientConnectionOperator - chromedriver.storage.googleapis.com resolving remote address
13:30:29.293 [main] DEBUG org.apache.hc.client5.http.impl.io.DefaultHttpClientConnectionOperator - chromedriver.storage.googleapis.com resolved to [chromedriver.storage.googleapis.com/173.194.220.128, chromedriver.storage.googleapis.com/64.233.162.128, chromedriver.storage.googleapis.com/64.233.165.128, chromedriver.storage.googleapis.com/142.251.1.128, chromedriver.storage.googleapis.com/173.194.221.128, chromedriver.storage.googleapis.com/64.233.161.128, chromedriver.storage.googleapis.com/173.194.73.128, chromedriver.storage.googleapis.com/108.177.14.128, chromedriver.storage.googleapis.com/64.233.164.128, chromedriver.storage.googleapis.com/209.85.233.128, chromedriver.storage.googleapis.com/74.125.205.128, chromedriver.storage.googleapis.com/173.194.222.128, chromedriver.storage.googleapis.com/64.233.163.128, chromedriver.storage.googleapis.com/142.250.150.128]
13:30:29.294 [main] DEBUG org.apache.hc.client5.http.impl.io.DefaultHttpClientConnectionOperator - chromedriver.storage.googleapis.com:443 connecting null->chromedriver.storage.googleapis.com/173.194.220.128:443 (30 SECONDS)
13:30:29.294 [main] DEBUG org.apache.hc.client5.http.ssl.SSLConnectionSocketFactory - Connecting socket to chromedriver.storage.googleapis.com/173.194.220.128:443 with timeout 30 SECONDS
13:30:29.381 [main] DEBUG org.apache.hc.client5.http.ssl.SSLConnectionSocketFactory - Enabled protocols: [TLSv1.3, TLSv1.2]
13:30:29.382 [main] DEBUG org.apache.hc.client5.http.ssl.SSLConnectionSocketFactory - Enabled cipher suites: [TLS_AES_256_GCM_SHA384, TLS_AES_128_GCM_SHA256, TLS_CHACHA20_POLY1305_SHA256, TLS_ECDHE_ECDSA_WITH_AES_256_GCM_SHA384, TLS_ECDHE_ECDSA_WITH_AES_128_GCM_SHA256, TLS_ECDHE_ECDSA_WITH_CHACHA20_POLY1305_SHA256, TLS_ECDHE_RSA_WITH_AES_256_GCM_SHA384, TLS_ECDHE_RSA_WITH_CHACHA20_POLY1305_SHA256, TLS_ECDHE_RSA_WITH_AES_128_GCM_SHA256, TLS_DHE_RSA_WITH_AES_256_GCM_SHA384, TLS_DHE_RSA_WITH_CHACHA20_POLY1305_SHA256, TLS_DHE_DSS_WITH_AES_256_GCM_SHA384, TLS_DHE_RSA_WITH_AES_128_GCM_SHA256, TLS_DHE_DSS_WITH_AES_128_GCM_SHA256, TLS_ECDHE_ECDSA_WITH_AES_256_CBC_SHA384, TLS_ECDHE_RSA_WITH_AES_256_CBC_SHA384, TLS_ECDHE_ECDSA_WITH_AES_128_CBC_SHA256, TLS_ECDHE_RSA_WITH_AES_128_CBC_SHA256, TLS_DHE_RSA_WITH_AES_256_CBC_SHA256, TLS_DHE_DSS_WITH_AES_256_CBC_SHA256, TLS_DHE_RSA_WITH_AES_128_CBC_SHA256, TLS_DHE_DSS_WITH_AES_128_CBC_SHA256, TLS_ECDH_ECDSA_WITH_AES_256_GCM_SHA384, TLS_ECDH_RSA_WITH_AES_256_GCM_SHA384, TLS_ECDH_ECDSA_WITH_AES_128_GCM_SHA256, TLS_ECDH_RSA_WITH_AES_128_GCM_SHA256, TLS_ECDH_ECDSA_WITH_AES_256_CBC_SHA384, TLS_ECDH_RSA_WITH_AES_256_CBC_SHA384, TLS_ECDH_ECDSA_WITH_AES_128_CBC_SHA256, TLS_ECDH_RSA_WITH_AES_128_CBC_SHA256, TLS_ECDHE_ECDSA_WITH_AES_256_CBC_SHA, TLS_ECDHE_RSA_WITH_AES_256_CBC_SHA, TLS_ECDHE_ECDSA_WITH_AES_128_CBC_SHA, TLS_ECDHE_RSA_WITH_AES_128_CBC_SHA, TLS_DHE_RSA_WITH_AES_256_CBC_SHA, TLS_DHE_DSS_WITH_AES_256_CBC_SHA, TLS_DHE_RSA_WITH_AES_128_CBC_SHA, TLS_DHE_DSS_WITH_AES_128_CBC_SHA, TLS_ECDH_ECDSA_WITH_AES_256_CBC_SHA, TLS_ECDH_RSA_WITH_AES_256_CBC_SHA, TLS_ECDH_ECDSA_WITH_AES_128_CBC_SHA, TLS_ECDH_RSA_WITH_AES_128_CBC_SHA, TLS_RSA_WITH_AES_256_GCM_SHA384, TLS_RSA_WITH_AES_128_GCM_SHA256, TLS_RSA_WITH_AES_256_CBC_SHA256, TLS_RSA_WITH_AES_128_CBC_SHA256, TLS_RSA_WITH_AES_256_CBC_SHA, TLS_RSA_WITH_AES_128_CBC_SHA, TLS_EMPTY_RENEGOTIATION_INFO_SCSV]
13:30:29.382 [main] DEBUG org.apache.hc.client5.http.ssl.SSLConnectionSocketFactory - Starting handshake (null)
13:30:29.493 [main] DEBUG org.apache.hc.client5.http.ssl.SSLConnectionSocketFactory - Secure session established
13:30:29.493 [main] DEBUG org.apache.hc.client5.http.ssl.SSLConnectionSocketFactory -  negotiated protocol: TLSv1.3
13:30:29.493 [main] DEBUG org.apache.hc.client5.http.ssl.SSLConnectionSocketFactory -  negotiated cipher suite: TLS_AES_256_GCM_SHA384
13:30:29.493 [main] DEBUG org.apache.hc.client5.http.ssl.SSLConnectionSocketFactory -  peer principal: CN=*.storage.googleapis.com
13:30:29.493 [main] DEBUG org.apache.hc.client5.http.ssl.SSLConnectionSocketFactory -  peer alternative names: [*.storage.googleapis.com, *.googleapis.com, commondatastorage.googleapis.com, *.commondatastorage.googleapis.com, storage.googleapis.com, storage-p2.googleapis.com, *.storage-p2.googleapis.com, storage.mtls.googleapis.com, *.appspot.com.storage.googleapis.com, *.content-storage.googleapis.com, *.content-storage-p2.googleapis.com, *.content-storage-upload.googleapis.com, *.content-storage-download.googleapis.com, *.storage-upload.googleapis.com, *.storage-download.googleapis.com]
13:30:29.493 [main] DEBUG org.apache.hc.client5.http.ssl.SSLConnectionSocketFactory -  issuer principal: CN=GTS CA 1C3, O=Google Trust Services LLC, C=US
13:30:29.493 [main] DEBUG org.apache.hc.client5.http.impl.io.DefaultManagedHttpClientConnection - http-outgoing-1 set socket timeout to 3 MINUTES
13:30:29.493 [main] DEBUG org.apache.hc.client5.http.impl.io.DefaultHttpClientConnectionOperator - chromedriver.storage.googleapis.com:443 connected null->chromedriver.storage.googleapis.com/173.194.220.128:443 as http-outgoing-1
13:30:29.493 [main] DEBUG org.apache.hc.client5.http.impl.io.PoolingHttpClientConnectionManager - ep-0000000002 connected http-outgoing-1
13:30:29.493 [main] DEBUG org.apache.hc.client5.http.impl.classic.InternalHttpClient - ep-0000000002 endpoint connected
13:30:29.493 [main] DEBUG org.apache.hc.client5.http.impl.classic.MainClientExec - ex-0000000002 executing GET /LATEST_RELEASE_115 HTTP/1.1
13:30:29.493 [main] DEBUG org.apache.hc.client5.http.protocol.RequestAddCookies - ex-0000000002 Cookie spec selected: strict
13:30:29.493 [main] DEBUG org.apache.hc.client5.http.impl.classic.InternalHttpClient - ep-0000000002 start execution ex-0000000002
13:30:29.493 [main] DEBUG org.apache.hc.client5.http.impl.io.PoolingHttpClientConnectionManager - ep-0000000002 executing exchange ex-0000000002 over http-outgoing-1
13:30:29.493 [main] DEBUG org.apache.hc.client5.http.headers - http-outgoing-1 >> GET /LATEST_RELEASE_115 HTTP/1.1
13:30:29.493 [main] DEBUG org.apache.hc.client5.http.headers - http-outgoing-1 >> user-agent: Apache-HttpClient/5.0
13:30:29.493 [main] DEBUG org.apache.hc.client5.http.headers - http-outgoing-1 >> accept-encoding: gzip, deflate, br
13:30:29.493 [main] DEBUG org.apache.hc.client5.http.headers - http-outgoing-1 >> cache-control: max-age=0
13:30:29.493 [main] DEBUG org.apache.hc.client5.http.headers - http-outgoing-1 >> connection: keep-alive
13:30:29.493 [main] DEBUG org.apache.hc.client5.http.headers - http-outgoing-1 >> Host: chromedriver.storage.googleapis.com
13:30:29.493 [main] DEBUG org.apache.hc.client5.http.wire - http-outgoing-1 >> "GET /LATEST_RELEASE_115 HTTP/1.1[\r][\n]"
13:30:29.493 [main] DEBUG org.apache.hc.client5.http.wire - http-outgoing-1 >> "user-agent: Apache-HttpClient/5.0[\r][\n]"
13:30:29.493 [main] DEBUG org.apache.hc.client5.http.wire - http-outgoing-1 >> "accept-encoding: gzip, deflate, br[\r][\n]"
13:30:29.493 [main] DEBUG org.apache.hc.client5.http.wire - http-outgoing-1 >> "cache-control: max-age=0[\r][\n]"
13:30:29.493 [main] DEBUG org.apache.hc.client5.http.wire - http-outgoing-1 >> "connection: keep-alive[\r][\n]"
13:30:29.493 [main] DEBUG org.apache.hc.client5.http.wire - http-outgoing-1 >> "Host: chromedriver.storage.googleapis.com[\r][\n]"
13:30:29.493 [main] DEBUG org.apache.hc.client5.http.wire - http-outgoing-1 >> "[\r][\n]"
13:30:29.713 [main] DEBUG org.apache.hc.client5.http.wire - http-outgoing-1 << "HTTP/1.1 404 Not Found[\r][\n]"
13:30:29.713 [main] DEBUG org.apache.hc.client5.http.wire - http-outgoing-1 << "X-GUploader-UploadID: ADPycdu0-6noOQ-bCEgnc4JvLELlc07NUZFR6WE0JlOY0EfUKCqHEiSx_ZzAEogL9xtgQum9DuhZzV6RQjjmqrqgpmNfWg[\r][\n]"
13:30:29.713 [main] DEBUG org.apache.hc.client5.http.wire - http-outgoing-1 << "Content-Type: application/xml; charset=UTF-8[\r][\n]"
13:30:29.714 [main] DEBUG org.apache.hc.client5.http.wire - http-outgoing-1 << "Content-Length: 193[\r][\n]"
13:30:29.714 [main] DEBUG org.apache.hc.client5.http.wire - http-outgoing-1 << "Date: Mon, 31 Jul 2023 07:30:28 GMT[\r][\n]"
13:30:29.714 [main] DEBUG org.apache.hc.client5.http.wire - http-outgoing-1 << "Expires: Mon, 31 Jul 2023 07:30:28 GMT[\r][\n]"
13:30:29.714 [main] DEBUG org.apache.hc.client5.http.wire - http-outgoing-1 << "Cache-Control: private, max-age=0[\r][\n]"
13:30:29.714 [main] DEBUG org.apache.hc.client5.http.wire - http-outgoing-1 << "Server: UploadServer[\r][\n]"
13:30:29.714 [main] DEBUG org.apache.hc.client5.http.wire - http-outgoing-1 << "Alt-Svc: h3=":443"; ma=2592000,h3-29=":443"; ma=2592000[\r][\n]"
13:30:29.714 [main] DEBUG org.apache.hc.client5.http.wire - http-outgoing-1 << "[\r][\n]"
13:30:29.714 [main] DEBUG org.apache.hc.client5.http.wire - http-outgoing-1 << "<?xml version='1.0' encoding='UTF-8'?><Error><Code>NoSuchKey</Code><Message>The specified key does not exist.</Message><Details>No such object: chromedriver/LATEST_RELEASE_115</Details></Error>"
13:30:29.714 [main] DEBUG org.apache.hc.client5.http.headers - http-outgoing-1 << HTTP/1.1 404 Not Found
13:30:29.714 [main] DEBUG org.apache.hc.client5.http.headers - http-outgoing-1 << X-GUploader-UploadID: ADPycdu0-6noOQ-bCEgnc4JvLELlc07NUZFR6WE0JlOY0EfUKCqHEiSx_ZzAEogL9xtgQum9DuhZzV6RQjjmqrqgpmNfWg
13:30:29.714 [main] DEBUG org.apache.hc.client5.http.headers - http-outgoing-1 << Content-Type: application/xml; charset=UTF-8
13:30:29.714 [main] DEBUG org.apache.hc.client5.http.headers - http-outgoing-1 << Content-Length: 193
13:30:29.714 [main] DEBUG org.apache.hc.client5.http.headers - http-outgoing-1 << Date: Mon, 31 Jul 2023 07:30:28 GMT
13:30:29.714 [main] DEBUG org.apache.hc.client5.http.headers - http-outgoing-1 << Expires: Mon, 31 Jul 2023 07:30:28 GMT
13:30:29.714 [main] DEBUG org.apache.hc.client5.http.headers - http-outgoing-1 << Cache-Control: private, max-age=0
13:30:29.714 [main] DEBUG org.apache.hc.client5.http.headers - http-outgoing-1 << Server: UploadServer
13:30:29.714 [main] DEBUG org.apache.hc.client5.http.headers - http-outgoing-1 << Alt-Svc: h3=":443"; ma=2592000,h3-29=":443"; ma=2592000
13:30:29.714 [main] DEBUG org.apache.hc.client5.http.impl.classic.MainClientExec - ex-0000000002 connection can be kept alive for 3 MINUTES
13:30:29.714 [main] ERROR io.github.bonigarcia.wdm.online.HttpClient - Error HTTP 404 executing https://chromedriver.storage.googleapis.com/LATEST_RELEASE_115
13:30:29.714 [main] WARN io.github.bonigarcia.wdm.versions.VersionDetector - Exception reading https://chromedriver.storage.googleapis.com/LATEST_RELEASE_115 to get latest version of chromedriver (Error HTTP 404 executing https://chromedriver.storage.googleapis.com/LATEST_RELEASE_115)
13:30:29.715 [main] DEBUG io.github.bonigarcia.wdm.versions.VersionDetector - Getting driver version for chrome115 from online versions.properties
13:30:29.715 [main] DEBUG org.apache.hc.client5.http.impl.classic.InternalHttpClient - ex-0000000003 preparing request execution
13:30:29.716 [main] DEBUG org.apache.hc.client5.http.impl.classic.ProtocolExec - ex-0000000003 target auth state: UNCHALLENGED
13:30:29.716 [main] DEBUG org.apache.hc.client5.http.impl.classic.ProtocolExec - ex-0000000003 proxy auth state: UNCHALLENGED
13:30:29.716 [main] DEBUG org.apache.hc.client5.http.impl.classic.ConnectExec - ex-0000000003 acquiring connection with route {s}->https://raw.githubusercontent.com:443
13:30:29.716 [main] DEBUG org.apache.hc.client5.http.impl.classic.InternalHttpClient - ex-0000000003 acquiring endpoint (3 MINUTES)
13:30:29.716 [main] DEBUG org.apache.hc.client5.http.impl.io.PoolingHttpClientConnectionManager - ex-0000000003 endpoint lease request (3 MINUTES) [route: {s}->https://raw.githubusercontent.com:443][total available: 1; route allocated: 1 of 5; total allocated: 2 of 25]
13:30:29.716 [main] DEBUG org.apache.hc.client5.http.impl.io.PoolingHttpClientConnectionManager - ex-0000000003 endpoint leased [route: {s}->https://raw.githubusercontent.com:443][total available: 0; route allocated: 1 of 5; total allocated: 2 of 25]
13:30:29.716 [main] DEBUG org.apache.hc.client5.http.impl.io.PoolingHttpClientConnectionManager - ex-0000000003 acquired ep-0000000003
13:30:29.716 [main] DEBUG org.apache.hc.client5.http.impl.classic.InternalHttpClient - ex-0000000003 acquired endpoint ep-0000000003
13:30:29.716 [main] DEBUG org.apache.hc.client5.http.impl.classic.MainClientExec - ex-0000000003 executing GET /bonigarcia/webdrivermanager/master/src/main/resources/versions.properties HTTP/1.1
13:30:29.716 [main] DEBUG org.apache.hc.client5.http.protocol.RequestAddCookies - ex-0000000003 Cookie spec selected: strict
13:30:29.716 [main] DEBUG org.apache.hc.client5.http.impl.classic.InternalHttpClient - ep-0000000003 start execution ex-0000000003
13:30:29.716 [main] DEBUG org.apache.hc.client5.http.impl.io.PoolingHttpClientConnectionManager - ep-0000000003 executing exchange ex-0000000003 over http-outgoing-0
13:30:29.716 [main] DEBUG org.apache.hc.client5.http.headers - http-outgoing-0 >> GET /bonigarcia/webdrivermanager/master/src/main/resources/versions.properties HTTP/1.1
13:30:29.716 [main] DEBUG org.apache.hc.client5.http.headers - http-outgoing-0 >> user-agent: Apache-HttpClient/5.0
13:30:29.716 [main] DEBUG org.apache.hc.client5.http.headers - http-outgoing-0 >> accept-encoding: gzip, deflate, br
13:30:29.716 [main] DEBUG org.apache.hc.client5.http.headers - http-outgoing-0 >> cache-control: max-age=0
13:30:29.716 [main] DEBUG org.apache.hc.client5.http.headers - http-outgoing-0 >> connection: keep-alive
13:30:29.716 [main] DEBUG org.apache.hc.client5.http.headers - http-outgoing-0 >> Host: raw.githubusercontent.com
13:30:29.717 [main] DEBUG org.apache.hc.client5.http.wire - http-outgoing-0 >> "GET /bonigarcia/webdrivermanager/master/src/main/resources/versions.properties HTTP/1.1[\r][\n]"
13:30:29.717 [main] DEBUG org.apache.hc.client5.http.wire - http-outgoing-0 >> "user-agent: Apache-HttpClient/5.0[\r][\n]"
13:30:29.717 [main] DEBUG org.apache.hc.client5.http.wire - http-outgoing-0 >> "accept-encoding: gzip, deflate, br[\r][\n]"
13:30:29.717 [main] DEBUG org.apache.hc.client5.http.wire - http-outgoing-0 >> "cache-control: max-age=0[\r][\n]"
13:30:29.717 [main] DEBUG org.apache.hc.client5.http.wire - http-outgoing-0 >> "connection: keep-alive[\r][\n]"
13:30:29.717 [main] DEBUG org.apache.hc.client5.http.wire - http-outgoing-0 >> "Host: raw.githubusercontent.com[\r][\n]"
13:30:29.717 [main] DEBUG org.apache.hc.client5.http.wire - http-outgoing-0 >> "[\r][\n]"
13:30:29.843 [main] DEBUG org.apache.hc.client5.http.wire - http-outgoing-0 << "HTTP/1.1 200 OK[\r][\n]"
13:30:29.844 [main] DEBUG org.apache.hc.client5.http.wire - http-outgoing-0 << "Connection: keep-alive[\r][\n]"
13:30:29.844 [main] DEBUG org.apache.hc.client5.http.wire - http-outgoing-0 << "Content-Length: 1592[\r][\n]"
13:30:29.844 [main] DEBUG org.apache.hc.client5.http.wire - http-outgoing-0 << "Cache-Control: max-age=300[\r][\n]"
13:30:29.844 [main] DEBUG org.apache.hc.client5.http.wire - http-outgoing-0 << "Content-Security-Policy: default-src 'none'; style-src 'unsafe-inline'; sandbox[\r][\n]"
13:30:29.844 [main] DEBUG org.apache.hc.client5.http.wire - http-outgoing-0 << "Content-Type: text/plain; charset=utf-8[\r][\n]"
13:30:29.844 [main] DEBUG org.apache.hc.client5.http.wire - http-outgoing-0 << "ETag: W/"6491455d22a0b1c9f41db367f9402c53615bff135fde7080d63626aba742b88e"[\r][\n]"
13:30:29.844 [main] DEBUG org.apache.hc.client5.http.wire - http-outgoing-0 << "Strict-Transport-Security: max-age=31536000[\r][\n]"
13:30:29.844 [main] DEBUG org.apache.hc.client5.http.wire - http-outgoing-0 << "X-Content-Type-Options: nosniff[\r][\n]"
13:30:29.844 [main] DEBUG org.apache.hc.client5.http.wire - http-outgoing-0 << "X-Frame-Options: deny[\r][\n]"
13:30:29.844 [main] DEBUG org.apache.hc.client5.http.wire - http-outgoing-0 << "X-XSS-Protection: 1; mode=block[\r][\n]"
13:30:29.844 [main] DEBUG org.apache.hc.client5.http.wire - http-outgoing-0 << "X-GitHub-Request-Id: 637A:6A87:B4204:C04FE:64A4C750[\r][\n]"
13:30:29.844 [main] DEBUG org.apache.hc.client5.http.wire - http-outgoing-0 << "Content-Encoding: gzip[\r][\n]"
13:30:29.844 [main] DEBUG org.apache.hc.client5.http.wire - http-outgoing-0 << "Accept-Ranges: bytes[\r][\n]"
13:30:29.844 [main] DEBUG org.apache.hc.client5.http.wire - http-outgoing-0 << "Date: Mon, 31 Jul 2023 07:30:28 GMT[\r][\n]"
13:30:29.844 [main] DEBUG org.apache.hc.client5.http.wire - http-outgoing-0 << "Via: 1.1 varnish[\r][\n]"
13:30:29.844 [main] DEBUG org.apache.hc.client5.http.wire - http-outgoing-0 << "X-Served-By: cache-fra-eddf8230054-FRA[\r][\n]"
13:30:29.844 [main] DEBUG org.apache.hc.client5.http.wire - http-outgoing-0 << "X-Cache: HIT[\r][\n]"
13:30:29.844 [main] DEBUG org.apache.hc.client5.http.wire - http-outgoing-0 << "X-Cache-Hits: 1[\r][\n]"
13:30:29.844 [main] DEBUG org.apache.hc.client5.http.wire - http-outgoing-0 << "X-Timer: S1690788628.336637,VS0,VE1[\r][\n]"
13:30:29.844 [main] DEBUG org.apache.hc.client5.http.wire - http-outgoing-0 << "Vary: Authorization,Accept-Encoding,Origin[\r][\n]"
13:30:29.844 [main] DEBUG org.apache.hc.client5.http.wire - http-outgoing-0 << "Access-Control-Allow-Origin: *[\r][\n]"
13:30:29.844 [main] DEBUG org.apache.hc.client5.http.wire - http-outgoing-0 << "Cross-Origin-Resource-Policy: cross-origin[\r][\n]"
13:30:29.844 [main] DEBUG org.apache.hc.client5.http.wire - http-outgoing-0 << "X-Fastly-Request-ID: 8463ca5ccfb0237114d30854925a009576bfad81[\r][\n]"
13:30:29.844 [main] DEBUG org.apache.hc.client5.http.wire - http-outgoing-0 << "Expires: Mon, 31 Jul 2023 07:35:28 GMT[\r][\n]"
13:30:29.844 [main] DEBUG org.apache.hc.client5.http.wire - http-outgoing-0 << "Source-Age: 7[\r][\n]"
13:30:29.844 [main] DEBUG org.apache.hc.client5.http.wire - http-outgoing-0 << "[\r][\n]"
13:30:29.844 [main] DEBUG org.apache.hc.client5.http.headers - http-outgoing-0 << HTTP/1.1 200 OK
13:30:29.844 [main] DEBUG org.apache.hc.client5.http.headers - http-outgoing-0 << Connection: keep-alive
13:30:29.844 [main] DEBUG org.apache.hc.client5.http.headers - http-outgoing-0 << Content-Length: 1592
13:30:29.844 [main] DEBUG org.apache.hc.client5.http.headers - http-outgoing-0 << Cache-Control: max-age=300
13:30:29.844 [main] DEBUG org.apache.hc.client5.http.headers - http-outgoing-0 << Content-Security-Policy: default-src 'none'; style-src 'unsafe-inline'; sandbox
13:30:29.844 [main] DEBUG org.apache.hc.client5.http.headers - http-outgoing-0 << Content-Type: text/plain; charset=utf-8
13:30:29.844 [main] DEBUG org.apache.hc.client5.http.headers - http-outgoing-0 << ETag: W/"6491455d22a0b1c9f41db367f9402c53615bff135fde7080d63626aba742b88e"
13:30:29.844 [main] DEBUG org.apache.hc.client5.http.headers - http-outgoing-0 << Strict-Transport-Security: max-age=31536000
13:30:29.844 [main] DEBUG org.apache.hc.client5.http.headers - http-outgoing-0 << X-Content-Type-Options: nosniff
13:30:29.844 [main] DEBUG org.apache.hc.client5.http.headers - http-outgoing-0 << X-Frame-Options: deny
13:30:29.844 [main] DEBUG org.apache.hc.client5.http.headers - http-outgoing-0 << X-XSS-Protection: 1; mode=block
13:30:29.844 [main] DEBUG org.apache.hc.client5.http.headers - http-outgoing-0 << X-GitHub-Request-Id: 637A:6A87:B4204:C04FE:64A4C750
13:30:29.844 [main] DEBUG org.apache.hc.client5.http.headers - http-outgoing-0 << Content-Encoding: gzip
13:30:29.844 [main] DEBUG org.apache.hc.client5.http.headers - http-outgoing-0 << Accept-Ranges: bytes
13:30:29.844 [main] DEBUG org.apache.hc.client5.http.headers - http-outgoing-0 << Date: Mon, 31 Jul 2023 07:30:28 GMT
13:30:29.844 [main] DEBUG org.apache.hc.client5.http.headers - http-outgoing-0 << Via: 1.1 varnish
13:30:29.844 [main] DEBUG org.apache.hc.client5.http.headers - http-outgoing-0 << X-Served-By: cache-fra-eddf8230054-FRA
13:30:29.844 [main] DEBUG org.apache.hc.client5.http.headers - http-outgoing-0 << X-Cache: HIT
13:30:29.845 [main] DEBUG org.apache.hc.client5.http.headers - http-outgoing-0 << X-Cache-Hits: 1
13:30:29.845 [main] DEBUG org.apache.hc.client5.http.headers - http-outgoing-0 << X-Timer: S1690788628.336637,VS0,VE1
13:30:29.845 [main] DEBUG org.apache.hc.client5.http.headers - http-outgoing-0 << Vary: Authorization,Accept-Encoding,Origin
13:30:29.845 [main] DEBUG org.apache.hc.client5.http.headers - http-outgoing-0 << Access-Control-Allow-Origin: *
13:30:29.845 [main] DEBUG org.apache.hc.client5.http.headers - http-outgoing-0 << Cross-Origin-Resource-Policy: cross-origin
13:30:29.845 [main] DEBUG org.apache.hc.client5.http.headers - http-outgoing-0 << X-Fastly-Request-ID: 8463ca5ccfb0237114d30854925a009576bfad81
13:30:29.845 [main] DEBUG org.apache.hc.client5.http.headers - http-outgoing-0 << Expires: Mon, 31 Jul 2023 07:35:28 GMT
13:30:29.845 [main] DEBUG org.apache.hc.client5.http.headers - http-outgoing-0 << Source-Age: 7
13:30:29.845 [main] DEBUG org.apache.hc.client5.http.impl.classic.MainClientExec - ex-0000000003 connection can be kept alive for 3 MINUTES
13:30:29.860 [main] DEBUG org.apache.hc.client5.http.wire - http-outgoing-0 << "[0x1f][0xffffff8b][0x8][0x0][0x0][0x0][0x0][0x0][0x0][0x3][0xffffff8d][0xffffff98]Ko[0xffffffe3]8[0xc][0xffffffc7][0xffffffef][0xfffffffd][0x14][0x6][0xffffffe6]\EOJ*[0xffffffa0][0xffffffcb]>O[0xffffff8b]=[0xffffffec]~[0xffffff81]4qSc[0xffffffd2][0xffffffb8][0xffffffb0][0xffffffd3][0xffffffe9]`?[0xfffffffd]R[0xf][0xffffffca][0xffffff8a]2[0xb][0xffffffec]![0xffffff98][0xffffffe1][0xffffffcf][0xffffffb2]DR[0x12][0xfffffffd]g[0xffffffbf][0xc][0x7f][0xffffffbf]N[0xffffffeb][0xfffffff0]2[0xffffff9d][0xffffffc7][0xffffffe1]0_[0xffffffae][0xfffffffb][0xffffffe9][0xffffffb2][0xe][0xffffffd7][0xffffffd7]q[0xfffffff8]z[0xffffff99]?/[0xffffffc3]q[0xffffff99][0xffffffbe][0xffffff8d][0xffffffcb][0xffffff80][0xffffffbf]u[0xffffff9a][0xfffffff1][0xffffffc9]a~{[0xffffffdf]_[0xffffffa7]g[0x1c][0xfffffffd]9]_[0xffffffd3][0xffffffc8][0xffffffc3][0xffffffbc],[0xffffffe3][0xfffffffa]>_[0xffffff8e][0xffffffd3][0xffffffe5]4</[0xfffffff3][0xffffffe7][0xffffffba][0xffffffbd][0xfffffff2][0xfffffff0][0xfffffff0]e[0xfffffff8])[0xffffffa3][0xffffffa7][0xffffffe1][0xfffffff7]y>[0xffffffe1][0xffffff9b]?[0xffffffbf].[0xfffffff3][0xffffffdb]8[0xffffffec]/[0xffffffc7][0xfffffffc][0xffffffdf][0xffffffe9][0xffffffe3]mx[0x1c]~IK=[\r][0xffffff87][0xfffffff4]4/[0xffffff8c]/[0xffffffff]5[0x7f],[0xffffff87][0xfffffff1]ix[0xffffffbd]^[0xffffffdf][0xffffff9f]v[0xffffffbb][0xfffffff6]);[0xffffff94][0xffffffb7][0xffffffd9][0xffffffbc][0xffffff9c]vG[0xfffffff4][0xfffffff7]<[0xffffffef][0xffffff8f][0xffffffeb]C[0x1e]#[0xffffff84][0xe][0xfffffff8]c[0xffffff9c][0x19][0xffffffab][0xc][0xfffffff3][0xffffffbc]r[0xffffff85]\E[0xe]V2P[0xffffff95]K[0xffffffe4]2qa[0xffffff98][0xfffffff6][0xffffff95][0xb][0xffffffe4]"r[0x3][0xffffff8a][0xffffff81][0xffffffae][0xffffff9c]#[0xffffffe7][0xffffff91]k'[0xffffff98][0xffffffb5][0xffffffc4][0xffffffb9][0xf][0xfffffff8]K[0x1c][0xffffff97][0xffffffb7]u<w[0xffffffc8]][0xffffffe4][0xffffffca]xfE[0xffffffe5][0x16][0xffffffb9]M[0xffffff9c]k[0x6][0xffffffb2]r@[0xe][0xffffff91]K[0xffffffed][0x19]l[0xffffffe3][\r]r[0x13][0xffffffb9][0xfffffff0][0x6][0x1f]V[0xffffff8e][0xfffffff1][0xfffffff2][0x14]o[0xc][0xffffffc3]V[0xffffffff]9[0xffffffc6][0xffffffcb]S[0xffffffbc][0x1c]8[0x13]js[0x8][0x3][0xffffffe6])`[0xffffff8e][0xfffffff3]5[0xb]`[0xffffffc0]<[0x6][0xffffffac][0xffffffbd][0x11]Lo[0x1c][0x3][0xffffffe6]1`[0xffffffed]<0[0xffffffa0][0xffffff84]z[0x1f][0xffffffbc]OTk\[0xffffff9b][0xffffffa8][0xb]>[0x6][0xffffffab][0xffffffad]q[0xc][0xffffff97]!l[0xffffff83][0xffffff8f][0xffffffb1]j[0xfffffff0]r[0xffffffcb][0xffffff81][0xffffff87][0xffffffe0]!Q[0xffffffd0]L[0x1b][0xffffffa2]&x[0xffffff93][0xffffffa8]r[0xc]([0x1e][0xffffffaf][0xffffff83][0xffffffd7][0xffffff89]brp#[0x9][0xffffffab][0xffffffe0]c[0xffffff90][0xffffffda]X[0xffffffbb]m[0xffffffaa][0xffffff97][0xffffffc1][0xffffffcb]DqK1[0xffffffcb][0xffffff84]E[0xfffffff0])@[0xffffff8d]'[0x0]c%[0xffffffcc][0xffffff83]O[0xfffffff1]i[0xffffffc5][0xffffff99][0xffffffa4]<9[0x1f]\[0xffffff8a]O[0xffffffe1]?[0xffffff92]fv.[0xffffffb8][0x14][0xffffff9f][0xffffff92][0xffffff9a]y j[0xffffff83]K[0xffffffe1]I[0xffffffc7][0xffffff99]sD![0xffffffb8][0x14][0xffffff9e][0xffffffd4]8/[0xffffffa5][0xffffffc2][0xffffff99][0xffffffe0]Rx[0xffffffc2])[0xffffffe6][0xffffffc8]5[0xffffffa7][0xffffff83]K[0xffffffe1][0x9]m[0xffffff99][0xffffffa2][0x1c];[0x15]\[0xffffff8a].[0xffffffee][0xffffffa4][0xffffffa2]T8[0x11]\[\n]"
13:30:29.860 [main] DEBUG org.apache.hc.client5.http.wire - http-outgoing-0 << "[0xffffff83]c[0xffffffe6][0xffffff85][0xffffffaa][0xffffffcb][0xfffffff1][0xffffffe0]b[0x18][0xffffffca][0xffffffa3]/x[0xffffff84][\n]"
13:30:29.860 [main] DEBUG org.apache.hc.client5.http.wire - http-outgoing-0 << "[0xffffffb6]>X[0xffffff9f][0xffffffb0]6LU[0xffffffea][0xffffff82]u[0xffffff89][0xffffffe2][0xffffffd9][0xffffffc1]sE[0xffffffd8][0x6][0x1b][0x3]Q[0xe][0xfffffff0].[0xffffff90][0x1b][0x16][0xffffff82][0xffffff85]D[0xfffffff1][0xffffff80][0xb]Y[0xffffffe7]0[0xffffffc1][0xffffffc6]H[0xffffff94][0xffffffb5]x[0xffffffc0][0xffffffb6][0xffffffd1]:X[0xffffff9d][0xffffffb0][0xffffffc4][0xfffffff3]KP[0x5][0x1b]#Q[0xffffff80][0x1][0x1][0xffffffb9]le[0xffffff90][0xffffffb8][0xffffffa3]d[0xffffff89][0x1b][0xffffff8b]G[0xffffff8b][0x1c][0x3][0x1f]-[0xffffffda][0x1b]p[0xffffffd1][0xffffffa2][0xffffff8c][0xffffff82][0xffffff8d][0x16][0xffffffed]&@[0xffffffb4][0xffffffc8][0x19]0h[0xffffffd5][0x14][0xffffff81][0xffffff8e][0x16][0xffffffe5][0x1c]T[0xffffffb4]h=[0xffffff88][0xffffffbe][0xffffffa8][0xffffffba]^[0xfffffff4][0xffffffa5][0xffffffde][0x19][0xffffff88][0xffffffbe](uS[0xffffffd5][0xfffffffe][0xffffff98][0xffffffff][0xffffff99][0xffffffce][0xffffffe7][0xfffffffd][0xfffffff0][0xffffffdb][0xffffffb4][0xffffff8c]/[0xfffffff3][0xfffffff7][0xffffffa6][0xffffff94][0xffffff9d][0xffffffc6][0xffffffc3][0xffffffd7][0xfffffff9][0xffffff87][0xffffff95]l[0xffffffc5]Rv[0xffffffc2][0x2][0xfffffffa][0xfffffff1][0xffffffcc][0xffffffb0][0xffffffa4][0xffffffee][0xffffffde][0xfffffff2][0x14][0xffffffbb][0xffffffe6][0xffffff85][0xffffffdd]2[0xffffff9e][0xffffffc7][0xfffffffd]:[0xffffffae][0xf]/y^! `[0xffffffda]0w[0x1b]1wD[0xffffffdf][0x11]uG[0xffffffe4][0x1d][0x11]w[0xffffff84]G"[0xffffff99][0xffffffac][0x4][0xffffffab]Z"[0xffffffdb][0x18][0xffffffac]g=[0xffffffb1]w[0x4][0xffffffee][0xffffff88][0xffffffb9]#[0xffffffc9]g[0xffffffd1][0x12]uG[0xffffffe4][0x1d][0x11]w[0xffffff84]w[0xffffffc4][0xfffffffb][0x1e][0xffffffb8][0x1e][0xffffffd8][0x1e]@[0xf]L[0xf]zo}[0xffffffef][0xffffffac][0xffffffef]}[0xfffffff5][0xffffffbd][0xffffffab]>z[0xffffff8a]w[0xffffffa2][0x1][0xffffffec]<]>[0xffffffbe]g,[0x8];[0xffffffdf][0xffffff8d]s[0xffffffae][0x7][0xffffffb6][0x7][0xffffffd0][0x3][0xffffffd3][0x3][0xffffffdd][0xffffff83][0x18][0xffffff80]t[\r][0xffffff90]=[0xffffff88][0x1]H[0xffffffdb][0x0][0xffffffde][0x1][0xffffffeb]{[0xffffff90]<[0xffffff85][0x6][0xffffffd8][0x1e]@[0xf]L[0xf]t[0xf]T[0xf]d[0xf]D[0xf]x[0x7][0xffffffc0][0xfffffff7] yj[0x1a][0xffffff90]<[0xffffffd5][\r][0xffffff80][0x1e][0xffffff98][0x1e]$O[0xffffff9b][0xb][0x4][0xffffffaa][0x7][0xffffffc9][0xffffffd3][0xffffffe6][0xffffffd8]C[0xfffffff2][0xffffffb4]9[0x14][0xffffffc0];`|[0xf]\[0xf]l[0xf][0xffffff92][0xffffffa7][0xffffffbc][0x1][0xffffff86]@[[0xffffffb1][0xfffffffe]|[0x1f][0xffffff97]}S[0xffffffa7][0xffffffe6]h[0xffffffff][0xffffff9f]:[0xffffff95][0x6][0xffffffae][0xfffffff3][0xffffffcb][0xfffffff5]s[0xffffffbf][0xffffff8c][0xffffffd9]"[\r][0xffffffd6]W[0xffffffad][0xfffffff4]0I[0xffffff86]M[0xffffff83]aY[0xffffffc9][0x1c]of#[0xffffffc1][0xffffff84][0xffffffb4][0x5][0xffffffbb]V[0xffffff81]9[0xffffffa2][0xfffffff6]F[0x7f][0xffffff99]B[0xffffffa1]U_[0xffffffb8]P[0xffffffc1][0xffffffa6][0x15]_B[0x12][0xffffffd6][0xffffffad][0xfffffff6][0xfffffff2][0xffffffbe]P[0xffffffd5]*/[0xfffffffc]\g*[[0xffffffdd]%[0x4][\r][0x16][0xffffffad][0xffffffec][0xffffff8a][0xffffff8a]&c[0xffffffde][0xffffffaa].'2u[0xffffffbe][0xffffffd5]\[0x0][0xffffff85][0xffffffba]Npej[[0xffffffb9][0xffffff85][0xfffffffa]2Sh[0xffffffc5]VM[0x11]^[0xffffffe7][0x1b][0xffffffb1][0xffffff95][0xffffffa1]n[0xffffffb4][0xffffff96]+[0xffffff8e][0xffffffe1][0xffffffb5][0xffffffbe]QZ[0x19][0xffffffca][[0xffffffa1][0xffffff95][0xffffffa1]ht[0xffffff96][0xffffffa1][0xfffffff5]y#[0xffffffb3][0xffffffc8]U[0xffffffbc][0xffffffe6]7"+C[0xffffffd7]i[0xffffffac]Lm#[0xffffffb1],Ah[0x4][0xffffff96]+[0xffffffcb][0xffffffe3][0xffffffbd][0xffffffdf][0xfffffff4][0x15]y[0xffffff8f]w[0x7f][0xffffff93]W[0xffffff98][0xffffffe0]BU#[0xffffffaf][0xffffff80]&[0xffffff95][0xffffff8d][0xffffffba]re[0xffffffc3][0xffffffb1][0x10]l[0xffffffe2][0xffffffaa]n[0x16]V[0xffffff83]M\[0xffffffb9][0xffffffb2][0xffffffb1]X[0x11]6m[0xffffffe5][0xffffffcb][0xffffffa4]X[0x15][0x1a]i%J[0xffffffa8]X[0x1a]ZeU[0xffffffd6][0xffffffc2][0xfffffffa][0xffffffb0][0x9]+K[0xffffffb3][0xffffff9a]FW[0xffffffd1]Q[0xffffffc6]:[0xffffffb1][0xffffffa9][0xffffffaa]z8[0xffffffb1]X4[0xffffffaa]J[0x15]_[0xffffffb1]b4[0xffffffa2][0xffffffaa][0xffffffae]U[0xffffffc4]P2[0xffffff8c]o[0xffffff8d]"[0xffffff85][0xffffffb2]Q[0xffffff94]P6[0xffffff8a][0x10][0xffffffca]F[0xffffffd1]A[0xffffffd9](2([0x1b]E[0x5]e[0xffffffa3][0xffffff88][0xffffffa0]l[0xffffff88][0xffffffac]z[0xffffffb2][0xffffffc1][0x1b]CG[0xf][0xffffffc8]c[0x1d]=Pe[0x1d][0x1d]=[0xffffff90]%[0x19][0x1a][0xffffffb2]q#[0xffffff9b][0xffffffa6][0xffffffc3]2[0xffffffc7]Z2[0xfffffffc]z<[0xffffff8d]M5z[G[0x4][0xffffffff]Y[0xffffff8e][0xffffff8e][0xffffffe3][0xffffffb7][0xfffffff1][0x1c]geo4C[0xffffffaa]M[0xffffffe3][0xffffffe5][0xfffffff1]c[0xffffffdd]U[0xfffffff6][0x18]'[0xffffffd9]][0xffffffe7][0xfffffff9][0xffffffbc][0xffffffee]>[0xffffffc7][0xffffffe7]R[0xffffff9e][0x1e]"[0xffffffdd]:C[0xffffffe1][0xffffffb0]F[0xb]W([0xfffffff5][0xffffff85][0xffffffc2][0xffffffa2]l[0xffffffc5]LfJ][0xffffffa1][0xffffffb0]2[0x1d][0xffffffe4]L[0xffffffa9]'[0x14][0x0]"[0xfffffff6]l[0xffffff99]RG([0xc][0xffffff9e][0xf][0xffffffcc]^[0xffffffa2][0xffffffb5][0x1f][0x14]F8f[0xffffffcb]j[0xffffffb5][0x1b][0x14][0x1a]p^([0xffffff94]zAT[0xffffffd1][0xfffffff1]k[0xffffff9a]!5[0xffffff82]B[0xffffffd9][0xfffffff8][0xffffffed]*[0xffffff94][0xffffffda]@[0xffffffec][0xffffffe8][0x14]V[0xffffffb0]B[0xffffffa9][0x9][0x14][0x12]o[0xffffffaa][0xffffffa5][0x19][0xffffffa8][0x5]D[0xffffffcd][0xffffffae]k[0x10][0xffffffb5][0xffffffff][0x13][0x12][0xf].j[0xffffffea]L[0xffffffa9][0xfffffffb][0x13]R[0xfffffff0]m^[0xffffffea][0xfffffffd][0xffffff84][0xffffffc0]{[0xffffff85][0x1d]H[0xffffffa4][0xffffffd4][0xfffffff9][0xffffffa1][0x10][0xffffff8d][0xffffff85]"[0xffffffb3][0xffffffd2][0xfffffff7][0xffffff89][0x18]]I[0xc]5}[0x18]"
13:30:29.860 [main] DEBUG org.apache.hc.client5.http.wire - http-outgoing-0 << "[0xffffff9a][0xffffffac][0xffffffac][0xffffffb4]|[0x18][0xffffff83][0xffffffae][0xffffffac]4|[0xffffffe8]U][0xffffff99][0xffffffda]=[0xffffff8f]5F[0xffffff89][0xffffff8c]J[0xffffffab][0xffffffe7]1[0xfffffff5][0xffffffaa][0xffffff8c]*}[0xffffff9e][0xffffffe7][0xffffffdb][0x2][0xffffffa5][0xffffffc7]s[0xffffffb1][0xffffffd2][0xffffff95][0x17]K[0x7f][0xffffffe7]0[0xffffffb0]L[0xffffffa8][0xffffffb7][0xffffff8b];[0xffffff9e]7[0xffffff86][0xfffffffa]:[0xffffff8b][0xffffffb9]-[0xffffffaf]QS[0x7][0xffffffe0][0xffffffcb][0xffffff96]PC[0x7]x$ [0xffffffe7][0xffffff82][0xffffffba]9[0x13][0x13]\F[0xffffff95]V[0xffffffce]$[0xffffffa9][0xffffff90][0x8][0xffffffb5]qX[0x1a]LY[0xf][0xffffffab]W[0xffffffae][0xffffff9e][0xffffff9e]|[0xffffffa2][0xffffffae]N[0x0]mU[0xffffffed][0xffffffe8]0b<w[0xffffff89][0xffffffd5]v.[0xffffff9e][0xffffffd9]LJ+'-[0x1d][0x1d][0xffffffea][0xffffffe2][0xffffffa4][0xffffffaa][0xffffffa4]tp[0xffffffb1],[0x16]R[0xffffff9a]7[0xffffffa1][0xffffffb0][0xffffffbb][0xffffffcd]H[0xffffffeb][0xfffffff0][0xffffffbe][0xffffff8c][0xffffff8f][0xffffffd3]e[0xffffffbd][0xffffffee][0xffffffcf][0xffffffe7][0xfffffff1][0xffffff98][0xffffffa1][0xc][0xfffffff8][0x1d][0xffffffb2][0xfffffff1][0xffffffef][0x7][0xffffffc9][0x14][0x1]K[0x18]H[0xffffff9f][0xffffffc3][0xffffffd7]<`[0xffffff9d][0xffffffc4][0xffffffaf]][0xffffffde][0xf][0xffffffe5][0x2]^,[0xffffffad]|6e,:[0xffffffb8][0xffffffd3].[0xffffff9f][0x11][0xffffff89][0xffffff87])n2[0xffffffd6][0xffffffa4][0x7f][0x1][0xffffff80][0xffffffd3][0xffffff80][0xffffffca][0xffffff80][0x12][0x0][0x0]"
13:30:29.861 [main] DEBUG org.apache.hc.client5.http.impl.classic.InternalHttpClient - ep-0000000003 releasing valid endpoint
13:30:29.861 [main] DEBUG org.apache.hc.client5.http.impl.io.PoolingHttpClientConnectionManager - ep-0000000003 releasing endpoint
13:30:29.861 [main] DEBUG org.apache.hc.client5.http.impl.io.PoolingHttpClientConnectionManager - ep-0000000003 connection http-outgoing-0 can be kept alive for 3 MINUTES
13:30:29.861 [main] DEBUG org.apache.hc.client5.http.impl.io.PoolingHttpClientConnectionManager - ep-0000000003 connection released [route: {s}->https://raw.githubusercontent.com:443][total available: 1; route allocated: 1 of 5; total allocated: 2 of 25]
13:30:29.861 [main] DEBUG io.github.bonigarcia.wdm.versions.VersionDetector - Driver for chrome115 not found in online properties (using local versions.properties)
13:30:29.862 [main] DEBUG io.github.bonigarcia.wdm.WebDriverManager - The driver version for CHROME 115 is unknown ... trying with latest
13:30:29.863 [main] DEBUG org.apache.hc.client5.http.impl.classic.InternalHttpClient - ex-0000000004 preparing request execution
13:30:29.863 [main] DEBUG org.apache.hc.client5.http.impl.classic.ProtocolExec - ex-0000000004 target auth state: UNCHALLENGED
13:30:29.864 [main] DEBUG org.apache.hc.client5.http.impl.classic.ProtocolExec - ex-0000000004 proxy auth state: UNCHALLENGED
13:30:29.864 [main] DEBUG org.apache.hc.client5.http.impl.classic.ConnectExec - ex-0000000004 acquiring connection with route {s}->https://chromedriver.storage.googleapis.com:443
13:30:29.864 [main] DEBUG org.apache.hc.client5.http.impl.classic.InternalHttpClient - ex-0000000004 acquiring endpoint (3 MINUTES)
13:30:29.864 [main] DEBUG org.apache.hc.client5.http.impl.io.PoolingHttpClientConnectionManager - ex-0000000004 endpoint lease request (3 MINUTES) [route: {s}->https://chromedriver.storage.googleapis.com:443][total available: 1; route allocated: 1 of 5; total allocated: 2 of 25]
13:30:29.864 [main] DEBUG org.apache.hc.client5.http.impl.io.PoolingHttpClientConnectionManager - ex-0000000004 endpoint leased [route: {s}->https://chromedriver.storage.googleapis.com:443][total available: 1; route allocated: 2 of 5; total allocated: 3 of 25]
13:30:29.864 [main] DEBUG org.apache.hc.client5.http.impl.io.PoolingHttpClientConnectionManager - ex-0000000004 acquired ep-0000000004
13:30:29.864 [main] DEBUG org.apache.hc.client5.http.impl.classic.InternalHttpClient - ex-0000000004 acquired endpoint ep-0000000004
13:30:29.864 [main] DEBUG org.apache.hc.client5.http.impl.classic.ConnectExec - ex-0000000004 opening connection {s}->https://chromedriver.storage.googleapis.com:443
13:30:29.864 [main] DEBUG org.apache.hc.client5.http.impl.classic.InternalHttpClient - ep-0000000004 connecting endpoint (null)
13:30:29.864 [main] DEBUG org.apache.hc.client5.http.impl.io.PoolingHttpClientConnectionManager - ep-0000000004 connecting endpoint to https://chromedriver.storage.googleapis.com:443 (30 SECONDS)
13:30:29.864 [main] DEBUG org.apache.hc.client5.http.impl.io.DefaultHttpClientConnectionOperator - chromedriver.storage.googleapis.com resolving remote address
13:30:29.864 [main] DEBUG org.apache.hc.client5.http.impl.io.DefaultHttpClientConnectionOperator - chromedriver.storage.googleapis.com resolved to [chromedriver.storage.googleapis.com/173.194.220.128, chromedriver.storage.googleapis.com/64.233.162.128, chromedriver.storage.googleapis.com/64.233.165.128, chromedriver.storage.googleapis.com/142.251.1.128, chromedriver.storage.googleapis.com/173.194.221.128, chromedriver.storage.googleapis.com/64.233.161.128, chromedriver.storage.googleapis.com/173.194.73.128, chromedriver.storage.googleapis.com/108.177.14.128, chromedriver.storage.googleapis.com/64.233.164.128, chromedriver.storage.googleapis.com/209.85.233.128, chromedriver.storage.googleapis.com/74.125.205.128, chromedriver.storage.googleapis.com/173.194.222.128, chromedriver.storage.googleapis.com/64.233.163.128, chromedriver.storage.googleapis.com/142.250.150.128]
13:30:29.864 [main] DEBUG org.apache.hc.client5.http.impl.io.DefaultHttpClientConnectionOperator - chromedriver.storage.googleapis.com:443 connecting null->chromedriver.storage.googleapis.com/173.194.220.128:443 (30 SECONDS)
13:30:29.864 [main] DEBUG org.apache.hc.client5.http.ssl.SSLConnectionSocketFactory - Connecting socket to chromedriver.storage.googleapis.com/173.194.220.128:443 with timeout 30 SECONDS
13:30:29.988 [main] DEBUG org.apache.hc.client5.http.ssl.SSLConnectionSocketFactory - Enabled protocols: [TLSv1.3, TLSv1.2]
13:30:29.988 [main] DEBUG org.apache.hc.client5.http.ssl.SSLConnectionSocketFactory - Enabled cipher suites: [TLS_AES_256_GCM_SHA384, TLS_AES_128_GCM_SHA256, TLS_CHACHA20_POLY1305_SHA256, TLS_ECDHE_ECDSA_WITH_AES_256_GCM_SHA384, TLS_ECDHE_ECDSA_WITH_AES_128_GCM_SHA256, TLS_ECDHE_ECDSA_WITH_CHACHA20_POLY1305_SHA256, TLS_ECDHE_RSA_WITH_AES_256_GCM_SHA384, TLS_ECDHE_RSA_WITH_CHACHA20_POLY1305_SHA256, TLS_ECDHE_RSA_WITH_AES_128_GCM_SHA256, TLS_DHE_RSA_WITH_AES_256_GCM_SHA384, TLS_DHE_RSA_WITH_CHACHA20_POLY1305_SHA256, TLS_DHE_DSS_WITH_AES_256_GCM_SHA384, TLS_DHE_RSA_WITH_AES_128_GCM_SHA256, TLS_DHE_DSS_WITH_AES_128_GCM_SHA256, TLS_ECDHE_ECDSA_WITH_AES_256_CBC_SHA384, TLS_ECDHE_RSA_WITH_AES_256_CBC_SHA384, TLS_ECDHE_ECDSA_WITH_AES_128_CBC_SHA256, TLS_ECDHE_RSA_WITH_AES_128_CBC_SHA256, TLS_DHE_RSA_WITH_AES_256_CBC_SHA256, TLS_DHE_DSS_WITH_AES_256_CBC_SHA256, TLS_DHE_RSA_WITH_AES_128_CBC_SHA256, TLS_DHE_DSS_WITH_AES_128_CBC_SHA256, TLS_ECDH_ECDSA_WITH_AES_256_GCM_SHA384, TLS_ECDH_RSA_WITH_AES_256_GCM_SHA384, TLS_ECDH_ECDSA_WITH_AES_128_GCM_SHA256, TLS_ECDH_RSA_WITH_AES_128_GCM_SHA256, TLS_ECDH_ECDSA_WITH_AES_256_CBC_SHA384, TLS_ECDH_RSA_WITH_AES_256_CBC_SHA384, TLS_ECDH_ECDSA_WITH_AES_128_CBC_SHA256, TLS_ECDH_RSA_WITH_AES_128_CBC_SHA256, TLS_ECDHE_ECDSA_WITH_AES_256_CBC_SHA, TLS_ECDHE_RSA_WITH_AES_256_CBC_SHA, TLS_ECDHE_ECDSA_WITH_AES_128_CBC_SHA, TLS_ECDHE_RSA_WITH_AES_128_CBC_SHA, TLS_DHE_RSA_WITH_AES_256_CBC_SHA, TLS_DHE_DSS_WITH_AES_256_CBC_SHA, TLS_DHE_RSA_WITH_AES_128_CBC_SHA, TLS_DHE_DSS_WITH_AES_128_CBC_SHA, TLS_ECDH_ECDSA_WITH_AES_256_CBC_SHA, TLS_ECDH_RSA_WITH_AES_256_CBC_SHA, TLS_ECDH_ECDSA_WITH_AES_128_CBC_SHA, TLS_ECDH_RSA_WITH_AES_128_CBC_SHA, TLS_RSA_WITH_AES_256_GCM_SHA384, TLS_RSA_WITH_AES_128_GCM_SHA256, TLS_RSA_WITH_AES_256_CBC_SHA256, TLS_RSA_WITH_AES_128_CBC_SHA256, TLS_RSA_WITH_AES_256_CBC_SHA, TLS_RSA_WITH_AES_128_CBC_SHA, TLS_EMPTY_RENEGOTIATION_INFO_SCSV]
13:30:29.988 [main] DEBUG org.apache.hc.client5.http.ssl.SSLConnectionSocketFactory - Starting handshake (null)
13:30:30.106 [main] DEBUG org.apache.hc.client5.http.ssl.SSLConnectionSocketFactory - Secure session established
13:30:30.106 [main] DEBUG org.apache.hc.client5.http.ssl.SSLConnectionSocketFactory -  negotiated protocol: TLSv1.3
13:30:30.106 [main] DEBUG org.apache.hc.client5.http.ssl.SSLConnectionSocketFactory -  negotiated cipher suite: TLS_AES_256_GCM_SHA384
13:30:30.106 [main] DEBUG org.apache.hc.client5.http.ssl.SSLConnectionSocketFactory -  peer principal: CN=*.storage.googleapis.com
13:30:30.106 [main] DEBUG org.apache.hc.client5.http.ssl.SSLConnectionSocketFactory -  peer alternative names: [*.storage.googleapis.com, *.googleapis.com, commondatastorage.googleapis.com, *.commondatastorage.googleapis.com, storage.googleapis.com, storage-p2.googleapis.com, *.storage-p2.googleapis.com, storage.mtls.googleapis.com, *.appspot.com.storage.googleapis.com, *.content-storage.googleapis.com, *.content-storage-p2.googleapis.com, *.content-storage-upload.googleapis.com, *.content-storage-download.googleapis.com, *.storage-upload.googleapis.com, *.storage-download.googleapis.com]
13:30:30.106 [main] DEBUG org.apache.hc.client5.http.ssl.SSLConnectionSocketFactory -  issuer principal: CN=GTS CA 1C3, O=Google Trust Services LLC, C=US
13:30:30.107 [main] DEBUG org.apache.hc.client5.http.impl.io.DefaultManagedHttpClientConnection - http-outgoing-2 set socket timeout to 3 MINUTES
13:30:30.107 [main] DEBUG org.apache.hc.client5.http.impl.io.DefaultHttpClientConnectionOperator - chromedriver.storage.googleapis.com:443 connected null->chromedriver.storage.googleapis.com/173.194.220.128:443 as http-outgoing-2
13:30:30.107 [main] DEBUG org.apache.hc.client5.http.impl.io.PoolingHttpClientConnectionManager - ep-0000000004 connected http-outgoing-2
13:30:30.107 [main] DEBUG org.apache.hc.client5.http.impl.classic.InternalHttpClient - ep-0000000004 endpoint connected
13:30:30.107 [main] DEBUG org.apache.hc.client5.http.impl.classic.MainClientExec - ex-0000000004 executing GET /LATEST_RELEASE HTTP/1.1
13:30:30.107 [main] DEBUG org.apache.hc.client5.http.protocol.RequestAddCookies - ex-0000000004 Cookie spec selected: strict
13:30:30.107 [main] DEBUG org.apache.hc.client5.http.impl.classic.InternalHttpClient - ep-0000000004 start execution ex-0000000004
13:30:30.107 [main] DEBUG org.apache.hc.client5.http.impl.io.PoolingHttpClientConnectionManager - ep-0000000004 executing exchange ex-0000000004 over http-outgoing-2
13:30:30.107 [main] DEBUG org.apache.hc.client5.http.headers - http-outgoing-2 >> GET /LATEST_RELEASE HTTP/1.1
13:30:30.107 [main] DEBUG org.apache.hc.client5.http.headers - http-outgoing-2 >> user-agent: Apache-HttpClient/5.0
13:30:30.107 [main] DEBUG org.apache.hc.client5.http.headers - http-outgoing-2 >> accept-encoding: gzip, deflate, br
13:30:30.107 [main] DEBUG org.apache.hc.client5.http.headers - http-outgoing-2 >> cache-control: max-age=0
13:30:30.107 [main] DEBUG org.apache.hc.client5.http.headers - http-outgoing-2 >> connection: keep-alive
13:30:30.107 [main] DEBUG org.apache.hc.client5.http.headers - http-outgoing-2 >> Host: chromedriver.storage.googleapis.com
13:30:30.107 [main] DEBUG org.apache.hc.client5.http.wire - http-outgoing-2 >> "GET /LATEST_RELEASE HTTP/1.1[\r][\n]"
13:30:30.107 [main] DEBUG org.apache.hc.client5.http.wire - http-outgoing-2 >> "user-agent: Apache-HttpClient/5.0[\r][\n]"
13:30:30.107 [main] DEBUG org.apache.hc.client5.http.wire - http-outgoing-2 >> "accept-encoding: gzip, deflate, br[\r][\n]"
13:30:30.107 [main] DEBUG org.apache.hc.client5.http.wire - http-outgoing-2 >> "cache-control: max-age=0[\r][\n]"
13:30:30.107 [main] DEBUG org.apache.hc.client5.http.wire - http-outgoing-2 >> "connection: keep-alive[\r][\n]"
13:30:30.107 [main] DEBUG org.apache.hc.client5.http.wire - http-outgoing-2 >> "Host: chromedriver.storage.googleapis.com[\r][\n]"
13:30:30.107 [main] DEBUG org.apache.hc.client5.http.wire - http-outgoing-2 >> "[\r][\n]"
13:30:30.217 [main] DEBUG org.apache.hc.client5.http.wire - http-outgoing-2 << "HTTP/1.1 200 OK[\r][\n]"
13:30:30.217 [main] DEBUG org.apache.hc.client5.http.wire - http-outgoing-2 << "X-GUploader-UploadID: ADPycdv8g8nFs2LAJ9gPcXSrZe1DsNT20M-vV0R6klpDclVHfP5nkFwiCYvKDLMry21wo1Yy_aBFQUBrqmjShkw1GACNeA[\r][\n]"
13:30:30.217 [main] DEBUG org.apache.hc.client5.http.wire - http-outgoing-2 << "x-goog-generation: 1685523462105569[\r][\n]"
13:30:30.217 [main] DEBUG org.apache.hc.client5.http.wire - http-outgoing-2 << "x-goog-metageneration: 1[\r][\n]"
13:30:30.217 [main] DEBUG org.apache.hc.client5.http.wire - http-outgoing-2 << "x-goog-stored-content-encoding: identity[\r][\n]"
13:30:30.217 [main] DEBUG org.apache.hc.client5.http.wire - http-outgoing-2 << "x-goog-stored-content-length: 13[\r][\n]"
13:30:30.217 [main] DEBUG org.apache.hc.client5.http.wire - http-outgoing-2 << "x-goog-hash: crc32c=tVW4TA==[\r][\n]"
13:30:30.217 [main] DEBUG org.apache.hc.client5.http.wire - http-outgoing-2 << "x-goog-hash: md5=NoaEuIlBlniwTkiZ1T16sA==[\r][\n]"
13:30:30.217 [main] DEBUG org.apache.hc.client5.http.wire - http-outgoing-2 << "x-goog-storage-class: STANDARD[\r][\n]"
13:30:30.217 [main] DEBUG org.apache.hc.client5.http.wire - http-outgoing-2 << "Accept-Ranges: bytes[\r][\n]"
13:30:30.217 [main] DEBUG org.apache.hc.client5.http.wire - http-outgoing-2 << "Content-Length: 13[\r][\n]"
13:30:30.217 [main] DEBUG org.apache.hc.client5.http.wire - http-outgoing-2 << "Server: UploadServer[\r][\n]"
13:30:30.217 [main] DEBUG org.apache.hc.client5.http.wire - http-outgoing-2 << "Date: Mon, 31 Jul 2023 07:25:20 GMT[\r][\n]"
13:30:30.217 [main] DEBUG org.apache.hc.client5.http.wire - http-outgoing-2 << "Expires: Mon, 31 Jul 2023 08:25:20 GMT[\r][\n]"
13:30:30.217 [main] DEBUG org.apache.hc.client5.http.wire - http-outgoing-2 << "Cache-Control: public, max-age=3600[\r][\n]"
13:30:30.217 [main] DEBUG org.apache.hc.client5.http.wire - http-outgoing-2 << "Age: 308[\r][\n]"
13:30:30.217 [main] DEBUG org.apache.hc.client5.http.wire - http-outgoing-2 << "Last-Modified: Wed, 31 May 2023 08:57:42 GMT[\r][\n]"
13:30:30.217 [main] DEBUG org.apache.hc.client5.http.wire - http-outgoing-2 << "ETag: "368684b889419678b04e4899d53d7ab0"[\r][\n]"
13:30:30.217 [main] DEBUG org.apache.hc.client5.http.wire - http-outgoing-2 << "Content-Type: text/plain[\r][\n]"
13:30:30.217 [main] DEBUG org.apache.hc.client5.http.wire - http-outgoing-2 << "Alt-Svc: h3=":443"; ma=2592000,h3-29=":443"; ma=2592000[\r][\n]"
13:30:30.217 [main] DEBUG org.apache.hc.client5.http.wire - http-outgoing-2 << "[\r][\n]"
13:30:30.217 [main] DEBUG org.apache.hc.client5.http.wire - http-outgoing-2 << "114.0.5735.90"
13:30:30.217 [main] DEBUG org.apache.hc.client5.http.headers - http-outgoing-2 << HTTP/1.1 200 OK
13:30:30.217 [main] DEBUG org.apache.hc.client5.http.headers - http-outgoing-2 << X-GUploader-UploadID: ADPycdv8g8nFs2LAJ9gPcXSrZe1DsNT20M-vV0R6klpDclVHfP5nkFwiCYvKDLMry21wo1Yy_aBFQUBrqmjShkw1GACNeA
13:30:30.217 [main] DEBUG org.apache.hc.client5.http.headers - http-outgoing-2 << x-goog-generation: 1685523462105569
13:30:30.217 [main] DEBUG org.apache.hc.client5.http.headers - http-outgoing-2 << x-goog-metageneration: 1
13:30:30.217 [main] DEBUG org.apache.hc.client5.http.headers - http-outgoing-2 << x-goog-stored-content-encoding: identity
13:30:30.217 [main] DEBUG org.apache.hc.client5.http.headers - http-outgoing-2 << x-goog-stored-content-length: 13
13:30:30.217 [main] DEBUG org.apache.hc.client5.http.headers - http-outgoing-2 << x-goog-hash: crc32c=tVW4TA==
13:30:30.217 [main] DEBUG org.apache.hc.client5.http.headers - http-outgoing-2 << x-goog-hash: md5=NoaEuIlBlniwTkiZ1T16sA==
13:30:30.217 [main] DEBUG org.apache.hc.client5.http.headers - http-outgoing-2 << x-goog-storage-class: STANDARD
13:30:30.217 [main] DEBUG org.apache.hc.client5.http.headers - http-outgoing-2 << Accept-Ranges: bytes
13:30:30.217 [main] DEBUG org.apache.hc.client5.http.headers - http-outgoing-2 << Content-Length: 13
13:30:30.217 [main] DEBUG org.apache.hc.client5.http.headers - http-outgoing-2 << Server: UploadServer
13:30:30.217 [main] DEBUG org.apache.hc.client5.http.headers - http-outgoing-2 << Date: Mon, 31 Jul 2023 07:25:20 GMT
13:30:30.217 [main] DEBUG org.apache.hc.client5.http.headers - http-outgoing-2 << Expires: Mon, 31 Jul 2023 08:25:20 GMT
13:30:30.217 [main] DEBUG org.apache.hc.client5.http.headers - http-outgoing-2 << Cache-Control: public, max-age=3600
13:30:30.218 [main] DEBUG org.apache.hc.client5.http.headers - http-outgoing-2 << Age: 308
13:30:30.218 [main] DEBUG org.apache.hc.client5.http.headers - http-outgoing-2 << Last-Modified: Wed, 31 May 2023 08:57:42 GMT
13:30:30.218 [main] DEBUG org.apache.hc.client5.http.headers - http-outgoing-2 << ETag: "368684b889419678b04e4899d53d7ab0"
13:30:30.218 [main] DEBUG org.apache.hc.client5.http.headers - http-outgoing-2 << Content-Type: text/plain
13:30:30.218 [main] DEBUG org.apache.hc.client5.http.headers - http-outgoing-2 << Alt-Svc: h3=":443"; ma=2592000,h3-29=":443"; ma=2592000
13:30:30.218 [main] DEBUG org.apache.hc.client5.http.impl.classic.MainClientExec - ex-0000000004 connection can be kept alive for 3 MINUTES
13:30:30.218 [main] DEBUG org.apache.hc.client5.http.impl.classic.InternalHttpClient - ep-0000000004 releasing valid endpoint
13:30:30.218 [main] DEBUG org.apache.hc.client5.http.impl.io.PoolingHttpClientConnectionManager - ep-0000000004 releasing endpoint
13:30:30.218 [main] DEBUG org.apache.hc.client5.http.impl.io.PoolingHttpClientConnectionManager - ep-0000000004 connection http-outgoing-2 can be kept alive for 3 MINUTES
13:30:30.218 [main] DEBUG org.apache.hc.client5.http.impl.io.PoolingHttpClientConnectionManager - ep-0000000004 connection released [route: {s}->https://chromedriver.storage.googleapis.com:443][total available: 2; route allocated: 2 of 5; total allocated: 3 of 25]
13:30:30.218 [main] DEBUG io.github.bonigarcia.wdm.versions.VersionDetector - Latest version of chromedriver according to https://chromedriver.storage.googleapis.com/LATEST_RELEASE is 114.0.5735.90
13:30:30.238 [main] DEBUG io.github.bonigarcia.wdm.WebDriverManager - Driver chromedriver 114.0.5735.90 found in cache
13:30:30.239 [main] INFO io.github.bonigarcia.wdm.WebDriverManager - Exporting webdriver.chrome.driver as C:\Users\Asus\.cache\selenium\chromedriver\win32\114.0.5735.90\chromedriver.exe
13:30:30.531 [main] DEBUG io.netty.util.internal.logging.InternalLoggerFactory - Using SLF4J as the default logging framework
13:30:30.538 [main] DEBUG io.netty.util.ResourceLeakDetector - -Dio.netty.leakDetection.level: simple
13:30:30.538 [main] DEBUG io.netty.util.ResourceLeakDetector - -Dio.netty.leakDetection.targetRecords: 4
13:30:30.544 [main] DEBUG io.netty.util.ResourceLeakDetectorFactory - Loaded default ResourceLeakDetector: io.netty.util.ResourceLeakDetector@25589735
13:30:30.591 [main] DEBUG io.netty.util.internal.PlatformDependent - Platform: Windows
13:30:30.594 [main] DEBUG io.netty.util.internal.PlatformDependent0 - -Dio.netty.noUnsafe: false
13:30:30.594 [main] DEBUG io.netty.util.internal.PlatformDependent0 - Java version: 11
13:30:30.596 [main] DEBUG io.netty.util.internal.PlatformDependent0 - sun.misc.Unsafe.theUnsafe: available
13:30:30.597 [main] DEBUG io.netty.util.internal.PlatformDependent0 - sun.misc.Unsafe.copyMemory: available
13:30:30.598 [main] DEBUG io.netty.util.internal.PlatformDependent0 - java.nio.Buffer.address: available
13:30:30.603 [main] DEBUG io.netty.util.internal.PlatformDependent0 - direct buffer constructor: unavailable
java.lang.UnsupportedOperationException: Reflective setAccessible(true) disabled
	at io.netty.util.internal.ReflectionUtil.trySetAccessible(ReflectionUtil.java:31)
	at io.netty.util.internal.PlatformDependent0$4.run(PlatformDependent0.java:238)
	at java.base/java.security.AccessController.doPrivileged(Native Method)
	at io.netty.util.internal.PlatformDependent0.<clinit>(PlatformDependent0.java:232)
	at io.netty.util.internal.PlatformDependent.isAndroid(PlatformDependent.java:293)
	at io.netty.util.internal.PlatformDependent.<clinit>(PlatformDependent.java:92)
	at io.netty.util.HashedWheelTimer.<init>(HashedWheelTimer.java:109)
	at io.netty.util.HashedWheelTimer.<init>(HashedWheelTimer.java:218)
	at io.netty.util.HashedWheelTimer.<init>(HashedWheelTimer.java:197)
	at org.asynchttpclient.DefaultAsyncHttpClient.newNettyTimer(DefaultAsyncHttpClient.java:111)
	at org.asynchttpclient.DefaultAsyncHttpClient.<init>(DefaultAsyncHttpClient.java:90)
	at org.asynchttpclient.Dsl.asyncHttpClient(Dsl.java:32)
	at org.openqa.selenium.remote.http.netty.NettyClient.createHttpClient(NettyClient.java:92)
	at org.openqa.selenium.remote.http.netty.NettyClient.<clinit>(NettyClient.java:44)
	at org.openqa.selenium.remote.http.netty.NettyClient$Factory.createClient(NettyClient.java:133)
	at org.openqa.selenium.remote.HttpCommandExecutor.<init>(HttpCommandExecutor.java:115)
	at org.openqa.selenium.remote.HttpCommandExecutor.<init>(HttpCommandExecutor.java:92)
	at org.openqa.selenium.remote.service.DriverCommandExecutor.<init>(DriverCommandExecutor.java:89)
	at org.openqa.selenium.chromium.ChromiumDriverCommandExecutor.<init>(ChromiumDriverCommandExecutor.java:43)
	at org.openqa.selenium.chrome.ChromeDriver$ChromeDriverCommandExecutor.<init>(ChromeDriver.java:111)
	at org.openqa.selenium.chrome.ChromeDriver.generateExecutor(ChromeDriver.java:101)
	at org.openqa.selenium.chrome.ChromeDriver.<init>(ChromeDriver.java:87)
	at org.openqa.selenium.chrome.ChromeDriver.<init>(ChromeDriver.java:82)
	at org.openqa.selenium.chrome.ChromeDriver.<init>(ChromeDriver.java:71)
	at org.OptimaBus.UI.driverFactory.ChromeWebDriver.loadChromeDriver(ChromeWebDriver.java:26)
	at org.OptimaBus.UI.driverFactory.Driver.getDriver(Driver.java:29)
	at org.OptimaBusTests.uiTests.BaseUiTests.setUpUiTest(BaseUiTests.java:42)
	at java.base/jdk.internal.reflect.NativeMethodAccessorImpl.invoke0(Native Method)
	at java.base/jdk.internal.reflect.NativeMethodAccessorImpl.invoke(NativeMethodAccessorImpl.java:62)
	at java.base/jdk.internal.reflect.DelegatingMethodAccessorImpl.invoke(DelegatingMethodAccessorImpl.java:43)
	at java.base/java.lang.reflect.Method.invoke(Method.java:566)
	at org.testng.internal.invokers.MethodInvocationHelper.invokeMethod(MethodInvocationHelper.java:139)
	at org.testng.internal.invokers.MethodInvocationHelper.invokeMethodConsideringTimeout(MethodInvocationHelper.java:69)
	at org.testng.internal.invokers.ConfigInvoker.invokeConfigurationMethod(ConfigInvoker.java:361)
	at org.testng.internal.invokers.ConfigInvoker.invokeConfigurations(ConfigInvoker.java:296)
	at org.testng.internal.invokers.TestMethodWorker.invokeBeforeClassMethods(TestMethodWorker.java:180)
	at org.testng.internal.invokers.TestMethodWorker.run(TestMethodWorker.java:122)
	at java.base/java.util.ArrayList.forEach(ArrayList.java:1541)
	at org.testng.TestRunner.privateRun(TestRunner.java:829)
	at org.testng.TestRunner.run(TestRunner.java:602)
	at org.testng.SuiteRunner.runTest(SuiteRunner.java:437)
	at org.testng.SuiteRunner.runSequentially(SuiteRunner.java:431)
	at org.testng.SuiteRunner.privateRun(SuiteRunner.java:391)
	at org.testng.SuiteRunner.run(SuiteRunner.java:330)
	at org.testng.SuiteRunnerWorker.runSuite(SuiteRunnerWorker.java:52)
	at org.testng.SuiteRunnerWorker.run(SuiteRunnerWorker.java:95)
	at org.testng.TestNG.runSuitesSequentially(TestNG.java:1256)
	at org.testng.TestNG.runSuitesLocally(TestNG.java:1176)
	at org.testng.TestNG.runSuites(TestNG.java:1099)
	at org.testng.TestNG.run(TestNG.java:1067)
	at org.apache.maven.surefire.testng.TestNGExecutor.run(TestNGExecutor.java:135)
	at org.apache.maven.surefire.testng.TestNGDirectoryTestSuite.executeMulti(TestNGDirectoryTestSuite.java:193)
	at org.apache.maven.surefire.testng.TestNGDirectoryTestSuite.execute(TestNGDirectoryTestSuite.java:94)
	at org.apache.maven.surefire.testng.TestNGProvider.invoke(TestNGProvider.java:146)
	at org.apache.maven.surefire.booter.ForkedBooter.invokeProviderInSameClassLoader(ForkedBooter.java:384)
	at org.apache.maven.surefire.booter.ForkedBooter.runSuitesInProcess(ForkedBooter.java:345)
	at org.apache.maven.surefire.booter.ForkedBooter.execute(ForkedBooter.java:126)
	at org.apache.maven.surefire.booter.ForkedBooter.main(ForkedBooter.java:418)
13:30:30.605 [main] DEBUG io.netty.util.internal.PlatformDependent0 - java.nio.Bits.unaligned: available, true
13:30:30.607 [main] DEBUG io.netty.util.internal.PlatformDependent0 - jdk.internal.misc.Unsafe.allocateUninitializedArray(int): unavailable
java.lang.IllegalAccessException: class io.netty.util.internal.PlatformDependent0$6 cannot access class jdk.internal.misc.Unsafe (in module java.base) because module java.base does not export jdk.internal.misc to unnamed module @33723e30
	at java.base/jdk.internal.reflect.Reflection.newIllegalAccessException(Reflection.java:361)
	at java.base/java.lang.reflect.AccessibleObject.checkAccess(AccessibleObject.java:591)
	at java.base/java.lang.reflect.Method.invoke(Method.java:558)
	at io.netty.util.internal.PlatformDependent0$6.run(PlatformDependent0.java:352)
	at java.base/java.security.AccessController.doPrivileged(Native Method)
	at io.netty.util.internal.PlatformDependent0.<clinit>(PlatformDependent0.java:343)
	at io.netty.util.internal.PlatformDependent.isAndroid(PlatformDependent.java:293)
	at io.netty.util.internal.PlatformDependent.<clinit>(PlatformDependent.java:92)
	at io.netty.util.HashedWheelTimer.<init>(HashedWheelTimer.java:109)
	at io.netty.util.HashedWheelTimer.<init>(HashedWheelTimer.java:218)
	at io.netty.util.HashedWheelTimer.<init>(HashedWheelTimer.java:197)
	at org.asynchttpclient.DefaultAsyncHttpClient.newNettyTimer(DefaultAsyncHttpClient.java:111)
	at org.asynchttpclient.DefaultAsyncHttpClient.<init>(DefaultAsyncHttpClient.java:90)
	at org.asynchttpclient.Dsl.asyncHttpClient(Dsl.java:32)
	at org.openqa.selenium.remote.http.netty.NettyClient.createHttpClient(NettyClient.java:92)
	at org.openqa.selenium.remote.http.netty.NettyClient.<clinit>(NettyClient.java:44)
	at org.openqa.selenium.remote.http.netty.NettyClient$Factory.createClient(NettyClient.java:133)
	at org.openqa.selenium.remote.HttpCommandExecutor.<init>(HttpCommandExecutor.java:115)
	at org.openqa.selenium.remote.HttpCommandExecutor.<init>(HttpCommandExecutor.java:92)
	at org.openqa.selenium.remote.service.DriverCommandExecutor.<init>(DriverCommandExecutor.java:89)
	at org.openqa.selenium.chromium.ChromiumDriverCommandExecutor.<init>(ChromiumDriverCommandExecutor.java:43)
	at org.openqa.selenium.chrome.ChromeDriver$ChromeDriverCommandExecutor.<init>(ChromeDriver.java:111)
	at org.openqa.selenium.chrome.ChromeDriver.generateExecutor(ChromeDriver.java:101)
	at org.openqa.selenium.chrome.ChromeDriver.<init>(ChromeDriver.java:87)
	at org.openqa.selenium.chrome.ChromeDriver.<init>(ChromeDriver.java:82)
	at org.openqa.selenium.chrome.ChromeDriver.<init>(ChromeDriver.java:71)
	at org.OptimaBus.UI.driverFactory.ChromeWebDriver.loadChromeDriver(ChromeWebDriver.java:26)
	at org.OptimaBus.UI.driverFactory.Driver.getDriver(Driver.java:29)
	at org.OptimaBusTests.uiTests.BaseUiTests.setUpUiTest(BaseUiTests.java:42)
	at java.base/jdk.internal.reflect.NativeMethodAccessorImpl.invoke0(Native Method)
	at java.base/jdk.internal.reflect.NativeMethodAccessorImpl.invoke(NativeMethodAccessorImpl.java:62)
	at java.base/jdk.internal.reflect.DelegatingMethodAccessorImpl.invoke(DelegatingMethodAccessorImpl.java:43)
	at java.base/java.lang.reflect.Method.invoke(Method.java:566)
	at org.testng.internal.invokers.MethodInvocationHelper.invokeMethod(MethodInvocationHelper.java:139)
	at org.testng.internal.invokers.MethodInvocationHelper.invokeMethodConsideringTimeout(MethodInvocationHelper.java:69)
	at org.testng.internal.invokers.ConfigInvoker.invokeConfigurationMethod(ConfigInvoker.java:361)
	at org.testng.internal.invokers.ConfigInvoker.invokeConfigurations(ConfigInvoker.java:296)
	at org.testng.internal.invokers.TestMethodWorker.invokeBeforeClassMethods(TestMethodWorker.java:180)
	at org.testng.internal.invokers.TestMethodWorker.run(TestMethodWorker.java:122)
	at java.base/java.util.ArrayList.forEach(ArrayList.java:1541)
	at org.testng.TestRunner.privateRun(TestRunner.java:829)
	at org.testng.TestRunner.run(TestRunner.java:602)
	at org.testng.SuiteRunner.runTest(SuiteRunner.java:437)
	at org.testng.SuiteRunner.runSequentially(SuiteRunner.java:431)
	at org.testng.SuiteRunner.privateRun(SuiteRunner.java:391)
	at org.testng.SuiteRunner.run(SuiteRunner.java:330)
	at org.testng.SuiteRunnerWorker.runSuite(SuiteRunnerWorker.java:52)
	at org.testng.SuiteRunnerWorker.run(SuiteRunnerWorker.java:95)
	at org.testng.TestNG.runSuitesSequentially(TestNG.java:1256)
	at org.testng.TestNG.runSuitesLocally(TestNG.java:1176)
	at org.testng.TestNG.runSuites(TestNG.java:1099)
	at org.testng.TestNG.run(TestNG.java:1067)
	at org.apache.maven.surefire.testng.TestNGExecutor.run(TestNGExecutor.java:135)
	at org.apache.maven.surefire.testng.TestNGDirectoryTestSuite.executeMulti(TestNGDirectoryTestSuite.java:193)
	at org.apache.maven.surefire.testng.TestNGDirectoryTestSuite.execute(TestNGDirectoryTestSuite.java:94)
	at org.apache.maven.surefire.testng.TestNGProvider.invoke(TestNGProvider.java:146)
	at org.apache.maven.surefire.booter.ForkedBooter.invokeProviderInSameClassLoader(ForkedBooter.java:384)
	at org.apache.maven.surefire.booter.ForkedBooter.runSuitesInProcess(ForkedBooter.java:345)
	at org.apache.maven.surefire.booter.ForkedBooter.execute(ForkedBooter.java:126)
	at org.apache.maven.surefire.booter.ForkedBooter.main(ForkedBooter.java:418)
13:30:30.607 [main] DEBUG io.netty.util.internal.PlatformDependent0 - java.nio.DirectByteBuffer.<init>(long, int): unavailable
13:30:30.607 [main] DEBUG io.netty.util.internal.PlatformDependent - sun.misc.Unsafe: available
13:30:30.608 [main] DEBUG io.netty.util.internal.PlatformDependent - maxDirectMemory: 4139778048 bytes (maybe)
13:30:30.608 [main] DEBUG io.netty.util.internal.PlatformDependent - -Dio.netty.tmpdir: C:\Users\Asus\AppData\Local\Temp (java.io.tmpdir)
13:30:30.608 [main] DEBUG io.netty.util.internal.PlatformDependent - -Dio.netty.bitMode: 64 (sun.arch.data.model)
13:30:30.610 [main] DEBUG io.netty.util.internal.PlatformDependent - -Dio.netty.maxDirectMemory: -1 bytes
13:30:30.610 [main] DEBUG io.netty.util.internal.PlatformDependent - -Dio.netty.uninitializedArrayAllocationThreshold: -1
13:30:30.613 [main] DEBUG io.netty.util.internal.CleanerJava9 - java.nio.ByteBuffer.cleaner(): available
13:30:30.613 [main] DEBUG io.netty.util.internal.PlatformDependent - -Dio.netty.noPreferDirect: false
13:30:30.645 [main] DEBUG io.netty.util.internal.PlatformDependent - org.jctools-core.MpscChunkedArrayQueue: available
13:30:30.699 [main] DEBUG io.netty.util.internal.InternalThreadLocalMap - -Dio.netty.threadLocalMap.stringBuilder.initialSize: 1024
13:30:30.699 [main] DEBUG io.netty.util.internal.InternalThreadLocalMap - -Dio.netty.threadLocalMap.stringBuilder.maxSize: 4096
13:30:30.730 [main] DEBUG io.netty.handler.ssl.JdkSslContext - Default protocols (JDK): [TLSv1.3, TLSv1.2] 
13:30:30.730 [main] DEBUG io.netty.handler.ssl.JdkSslContext - Default cipher suites (JDK): [TLS_ECDHE_ECDSA_WITH_AES_256_GCM_SHA384, TLS_ECDHE_ECDSA_WITH_AES_128_GCM_SHA256, TLS_ECDHE_RSA_WITH_AES_128_GCM_SHA256, TLS_ECDHE_RSA_WITH_AES_256_GCM_SHA384, TLS_ECDHE_RSA_WITH_AES_128_CBC_SHA, TLS_ECDHE_RSA_WITH_AES_256_CBC_SHA, TLS_RSA_WITH_AES_128_GCM_SHA256, TLS_RSA_WITH_AES_128_CBC_SHA, TLS_RSA_WITH_AES_256_CBC_SHA, TLS_AES_128_GCM_SHA256, TLS_AES_256_GCM_SHA384]
13:30:30.808 [main] DEBUG io.netty.channel.MultithreadEventLoopGroup - -Dio.netty.eventLoopThreads: 32
13:30:30.828 [main] DEBUG io.netty.channel.nio.NioEventLoop - -Dio.netty.noKeySetOptimization: false
13:30:30.828 [main] DEBUG io.netty.channel.nio.NioEventLoop - -Dio.netty.selectorAutoRebuildThreshold: 512
13:30:30.911 [main] DEBUG io.netty.buffer.PooledByteBufAllocator - -Dio.netty.allocator.numHeapArenas: 32
13:30:30.911 [main] DEBUG io.netty.buffer.PooledByteBufAllocator - -Dio.netty.allocator.numDirectArenas: 32
13:30:30.911 [main] DEBUG io.netty.buffer.PooledByteBufAllocator - -Dio.netty.allocator.pageSize: 8192
13:30:30.911 [main] DEBUG io.netty.buffer.PooledByteBufAllocator - -Dio.netty.allocator.maxOrder: 11
13:30:30.911 [main] DEBUG io.netty.buffer.PooledByteBufAllocator - -Dio.netty.allocator.chunkSize: 16777216
13:30:30.911 [main] DEBUG io.netty.buffer.PooledByteBufAllocator - -Dio.netty.allocator.smallCacheSize: 256
13:30:30.911 [main] DEBUG io.netty.buffer.PooledByteBufAllocator - -Dio.netty.allocator.normalCacheSize: 64
13:30:30.911 [main] DEBUG io.netty.buffer.PooledByteBufAllocator - -Dio.netty.allocator.maxCachedBufferCapacity: 32768
13:30:30.911 [main] DEBUG io.netty.buffer.PooledByteBufAllocator - -Dio.netty.allocator.cacheTrimInterval: 8192
13:30:30.911 [main] DEBUG io.netty.buffer.PooledByteBufAllocator - -Dio.netty.allocator.cacheTrimIntervalMillis: 0
13:30:30.911 [main] DEBUG io.netty.buffer.PooledByteBufAllocator - -Dio.netty.allocator.useCacheForAllThreads: true
13:30:30.911 [main] DEBUG io.netty.buffer.PooledByteBufAllocator - -Dio.netty.allocator.maxCachedByteBuffersPerChunk: 1023
13:30:30.933 [main] DEBUG io.netty.buffer.ByteBufUtil - -Dio.netty.allocator.type: pooled
13:30:30.933 [main] DEBUG io.netty.buffer.ByteBufUtil - -Dio.netty.threadLocalDirectBufferSize: 0
13:30:30.933 [main] DEBUG io.netty.buffer.ByteBufUtil - -Dio.netty.maxThreadLocalCharBufferSize: 16384
13:30:31.375 [Forwarding newSession on session null to remote] DEBUG io.netty.channel.DefaultChannelId - -Dio.netty.processId: 3160 (auto-detected)
13:30:31.377 [Forwarding newSession on session null to remote] DEBUG io.netty.util.NetUtil - -Djava.net.preferIPv4Stack: false
13:30:31.377 [Forwarding newSession on session null to remote] DEBUG io.netty.util.NetUtil - -Djava.net.preferIPv6Addresses: false
13:30:31.463 [Forwarding newSession on session null to remote] DEBUG io.netty.util.NetUtilInitializations - Loopback interface: lo (Software Loopback Interface 1, 127.0.0.1)
13:30:31.465 [Forwarding newSession on session null to remote] DEBUG io.netty.util.NetUtil - Failed to get SOMAXCONN from sysctl and file \proc\sys\net\core\somaxconn. Default: 200
13:30:31.553 [Forwarding newSession on session null to remote] DEBUG io.netty.channel.DefaultChannelId - -Dio.netty.machineId: 48:e7:da:ff:fe:bb:15:09 (auto-detected)
13:30:31.634 [AsyncHttpClient-1-2] DEBUG io.netty.buffer.AbstractByteBuf - -Dio.netty.buffer.checkAccessible: true
13:30:31.634 [AsyncHttpClient-1-2] DEBUG io.netty.buffer.AbstractByteBuf - -Dio.netty.buffer.checkBounds: true
13:30:31.634 [AsyncHttpClient-1-2] DEBUG io.netty.util.ResourceLeakDetectorFactory - Loaded default ResourceLeakDetector: io.netty.util.ResourceLeakDetector@29787d76
13:30:31.655 [AsyncHttpClient-1-2] DEBUG org.asynchttpclient.netty.channel.NettyConnectListener - Using new Channel '[id: 0xefea3bc9, L:/127.0.0.1:55044 - R:localhost/127.0.0.1:30866]' for 'POST' to '/session'
13:30:31.684 [AsyncHttpClient-1-2] DEBUG io.netty.util.Recycler - -Dio.netty.recycler.maxCapacityPerThread: 4096
13:30:31.684 [AsyncHttpClient-1-2] DEBUG io.netty.util.Recycler - -Dio.netty.recycler.maxSharedCapacityFactor: 2
13:30:31.684 [AsyncHttpClient-1-2] DEBUG io.netty.util.Recycler - -Dio.netty.recycler.linkCapacity: 16
13:30:31.684 [AsyncHttpClient-1-2] DEBUG io.netty.util.Recycler - -Dio.netty.recycler.ratio: 8
13:30:31.684 [AsyncHttpClient-1-2] DEBUG io.netty.util.Recycler - -Dio.netty.recycler.delayedQueue.ratio: 8
13:30:32.176 [AsyncHttpClient-1-2] DEBUG org.asynchttpclient.netty.handler.HttpHandler - 

Request DefaultHttpRequest(decodeResult: success, version: HTTP/1.1)
POST /session HTTP/1.1
User-Agent: selenium/4.10.0 (java windows)
Content-Length: 363
Content-Type: application/json; charset=utf-8
host: localhost:30866
accept: */*

Response DefaultHttpResponse(decodeResult: success, version: HTTP/1.1)
HTTP/1.1 200 OK
Content-Length: 858
Content-Type: application/json; charset=utf-8
cache-control: no-cache

13:30:32.188 [AsyncHttpClient-1-2] DEBUG org.asynchttpclient.netty.channel.ChannelManager - Adding key: http://localhost:30866 for channel [id: 0xefea3bc9, L:/127.0.0.1:55044 - R:localhost/127.0.0.1:30866]
13:30:32.340 [AsyncHttpClient-1-3] DEBUG org.asynchttpclient.netty.channel.NettyConnectListener - Using new Channel '[id: 0x056a13a2, L:/127.0.0.1:55051 - R:localhost/127.0.0.1:55045]' for 'GET' to '/json/version'
13:30:32.347 [AsyncHttpClient-1-3] DEBUG org.asynchttpclient.netty.handler.HttpHandler - 

Request DefaultFullHttpRequest(decodeResult: success, version: HTTP/1.1, content: EmptyByteBufBE)
GET /json/version HTTP/1.1
User-Agent: selenium/4.10.0 (java windows)
host: localhost:55045
accept: */*

Response DefaultHttpResponse(decodeResult: success, version: HTTP/1.1)
HTTP/1.1 200 OK
Content-Security-Policy: frame-ancestors 'none'
Content-Length: 424
Content-Type: application/json; charset=UTF-8

13:30:32.347 [AsyncHttpClient-1-3] DEBUG org.asynchttpclient.netty.channel.ChannelManager - Adding key: http://localhost:55045 for channel [id: 0x056a13a2, L:/127.0.0.1:55051 - R:localhost/127.0.0.1:55045]
13:30:32.368 [main] DEBUG io.netty.util.internal.ThreadLocalRandom - -Dio.netty.initialSeedUniquifier: 0x32d517c66d2b94c8
13:30:32.377 [AsyncHttpClient-1-4] DEBUG org.asynchttpclient.netty.channel.NettyConnectListener - Using new Channel '[id: 0xe6d2bfe1, L:/127.0.0.1:55052 - R:localhost/127.0.0.1:55045]' for 'GET' to '/devtools/browser/d4236e19-e94f-4010-997d-4c404675fd4d'
13:30:32.382 [AsyncHttpClient-1-4] DEBUG org.asynchttpclient.netty.handler.WebSocketHandler - 

Request DefaultFullHttpRequest(decodeResult: success, version: HTTP/1.1, content: EmptyByteBufBE)
GET /devtools/browser/d4236e19-e94f-4010-997d-4c404675fd4d HTTP/1.1
upgrade: websocket
connection: upgrade
sec-websocket-key: XWGJmi8pmwIM7GPW7Vo3hQ==
sec-websocket-version: 13
origin: http://localhost:55045
host: localhost:55045
accept: */*
user-agent: AHC/2.1

Response DefaultHttpResponse(decodeResult: success, version: HTTP/1.1)
HTTP/1.1 101 WebSocket Protocol Handshake
Upgrade: WebSocket
Connection: Upgrade
Sec-WebSocket-Accept: blt+K0nFxmlYlJDRtte+ivid5VQ=

13:30:32.483 [Forwarding setTimeout on session b0ab0a1215e2ea2d27745e49486b152d to remote] DEBUG org.asynchttpclient.netty.request.NettyRequestSender - Using pooled Channel '[id: 0xefea3bc9, L:/127.0.0.1:55044 - R:localhost/127.0.0.1:30866]' for 'POST' to 'http://localhost:30866/session/b0ab0a1215e2ea2d27745e49486b152d/timeouts'
13:30:32.483 [Forwarding setTimeout on session b0ab0a1215e2ea2d27745e49486b152d to remote] DEBUG org.asynchttpclient.netty.request.NettyRequestSender - Using open Channel [id: 0xefea3bc9, L:/127.0.0.1:55044 - R:localhost/127.0.0.1:30866] for POST '/session/b0ab0a1215e2ea2d27745e49486b152d/timeouts'
13:30:32.490 [AsyncHttpClient-1-2] DEBUG org.asynchttpclient.netty.handler.HttpHandler - 

Request DefaultHttpRequest(decodeResult: success, version: HTTP/1.1)
POST /session/b0ab0a1215e2ea2d27745e49486b152d/timeouts HTTP/1.1
User-Agent: selenium/4.10.0 (java windows)
Content-Length: 23
Content-Type: application/json; charset=utf-8
host: localhost:30866
accept: */*

Response DefaultHttpResponse(decodeResult: success, version: HTTP/1.1)
HTTP/1.1 200 OK
Content-Length: 14
Content-Type: application/json; charset=utf-8
cache-control: no-cache

13:30:32.490 [AsyncHttpClient-1-2] DEBUG org.asynchttpclient.netty.channel.ChannelManager - Adding key: http://localhost:30866 for channel [id: 0xefea3bc9, L:/127.0.0.1:55044 - R:localhost/127.0.0.1:30866]
13:30:32.494 [Forwarding maximizeCurrentWindow on session b0ab0a1215e2ea2d27745e49486b152d to remote] DEBUG org.asynchttpclient.netty.request.NettyRequestSender - Using pooled Channel '[id: 0xefea3bc9, L:/127.0.0.1:55044 - R:localhost/127.0.0.1:30866]' for 'POST' to 'http://localhost:30866/session/b0ab0a1215e2ea2d27745e49486b152d/window/maximize'
13:30:32.494 [Forwarding maximizeCurrentWindow on session b0ab0a1215e2ea2d27745e49486b152d to remote] DEBUG org.asynchttpclient.netty.request.NettyRequestSender - Using open Channel [id: 0xefea3bc9, L:/127.0.0.1:55044 - R:localhost/127.0.0.1:30866] for POST '/session/b0ab0a1215e2ea2d27745e49486b152d/window/maximize'
13:30:32.606 [AsyncHttpClient-1-2] DEBUG org.asynchttpclient.netty.handler.HttpHandler - 

Request DefaultHttpRequest(decodeResult: success, version: HTTP/1.1)
POST /session/b0ab0a1215e2ea2d27745e49486b152d/window/maximize HTTP/1.1
User-Agent: selenium/4.10.0 (java windows)
Content-Length: 3
Content-Type: application/json; charset=utf-8
host: localhost:30866
accept: */*

Response DefaultHttpResponse(decodeResult: success, version: HTTP/1.1)
HTTP/1.1 200 OK
Content-Length: 52
Content-Type: application/json; charset=utf-8
cache-control: no-cache

13:30:32.607 [AsyncHttpClient-1-2] DEBUG org.asynchttpclient.netty.channel.ChannelManager - Adding key: http://localhost:30866 for channel [id: 0xefea3bc9, L:/127.0.0.1:55044 - R:localhost/127.0.0.1:30866]
[INFO ] 2023-07-31 13:30:32.608 [main] Driver - Chrome driver started successfully
13:30:32.695 [Forwarding get on session b0ab0a1215e2ea2d27745e49486b152d to remote] DEBUG org.asynchttpclient.netty.request.NettyRequestSender - Using pooled Channel '[id: 0xefea3bc9, L:/127.0.0.1:55044 - R:localhost/127.0.0.1:30866]' for 'POST' to 'http://localhost:30866/session/b0ab0a1215e2ea2d27745e49486b152d/url'
13:30:32.695 [Forwarding get on session b0ab0a1215e2ea2d27745e49486b152d to remote] DEBUG org.asynchttpclient.netty.request.NettyRequestSender - Using open Channel [id: 0xefea3bc9, L:/127.0.0.1:55044 - R:localhost/127.0.0.1:30866] for POST '/session/b0ab0a1215e2ea2d27745e49486b152d/url'
13:30:32.857 [AsyncHttpClient-1-1] DEBUG org.asynchttpclient.netty.channel.DefaultChannelPool - Entry count for : http://localhost:55045 : 1
13:30:33.962 [AsyncHttpClient-1-1] DEBUG org.asynchttpclient.netty.channel.DefaultChannelPool - Entry count for : http://localhost:55045 : 1
13:30:35.054 [AsyncHttpClient-1-1] DEBUG org.asynchttpclient.netty.channel.DefaultChannelPool - Entry count for : http://localhost:55045 : 1
13:30:36.158 [AsyncHttpClient-1-1] DEBUG org.asynchttpclient.netty.channel.DefaultChannelPool - Entry count for : http://localhost:55045 : 1
13:30:37.258 [AsyncHttpClient-1-1] DEBUG org.asynchttpclient.netty.channel.DefaultChannelPool - Entry count for : http://localhost:55045 : 1
13:30:37.734 [AsyncHttpClient-1-2] DEBUG org.asynchttpclient.netty.handler.HttpHandler - 

Request DefaultHttpRequest(decodeResult: success, version: HTTP/1.1)
POST /session/b0ab0a1215e2ea2d27745e49486b152d/url HTTP/1.1
User-Agent: selenium/4.10.0 (java windows)
Content-Length: 75
Content-Type: application/json; charset=utf-8
host: localhost:30866
accept: */*

Response DefaultHttpResponse(decodeResult: success, version: HTTP/1.1)
HTTP/1.1 200 OK
Content-Length: 14
Content-Type: application/json; charset=utf-8
cache-control: no-cache

13:30:37.735 [AsyncHttpClient-1-2] DEBUG org.asynchttpclient.netty.channel.ChannelManager - Adding key: http://localhost:30866 for channel [id: 0xefea3bc9, L:/127.0.0.1:55044 - R:localhost/127.0.0.1:30866]
13:30:37.746 [Forwarding findElement on session b0ab0a1215e2ea2d27745e49486b152d to remote] DEBUG org.asynchttpclient.netty.request.NettyRequestSender - Using pooled Channel '[id: 0xefea3bc9, L:/127.0.0.1:55044 - R:localhost/127.0.0.1:30866]' for 'POST' to 'http://localhost:30866/session/b0ab0a1215e2ea2d27745e49486b152d/element'
13:30:37.746 [Forwarding findElement on session b0ab0a1215e2ea2d27745e49486b152d to remote] DEBUG org.asynchttpclient.netty.request.NettyRequestSender - Using open Channel [id: 0xefea3bc9, L:/127.0.0.1:55044 - R:localhost/127.0.0.1:30866] for POST '/session/b0ab0a1215e2ea2d27745e49486b152d/element'
13:30:37.757 [AsyncHttpClient-1-2] DEBUG org.asynchttpclient.netty.handler.HttpHandler - 

Request DefaultHttpRequest(decodeResult: success, version: HTTP/1.1)
POST /session/b0ab0a1215e2ea2d27745e49486b152d/element HTTP/1.1
User-Agent: selenium/4.10.0 (java windows)
Content-Length: 102
Content-Type: application/json; charset=utf-8
host: localhost:30866
accept: */*

Response DefaultHttpResponse(decodeResult: success, version: HTTP/1.1)
HTTP/1.1 200 OK
Content-Length: 95
Content-Type: application/json; charset=utf-8
cache-control: no-cache

13:30:37.757 [AsyncHttpClient-1-2] DEBUG org.asynchttpclient.netty.channel.ChannelManager - Adding key: http://localhost:30866 for channel [id: 0xefea3bc9, L:/127.0.0.1:55044 - R:localhost/127.0.0.1:30866]
13:30:37.766 [Forwarding isElementDisplayed on session b0ab0a1215e2ea2d27745e49486b152d to remote] DEBUG org.asynchttpclient.netty.request.NettyRequestSender - Using pooled Channel '[id: 0xefea3bc9, L:/127.0.0.1:55044 - R:localhost/127.0.0.1:30866]' for 'POST' to 'http://localhost:30866/session/b0ab0a1215e2ea2d27745e49486b152d/execute/sync'
13:30:37.766 [Forwarding isElementDisplayed on session b0ab0a1215e2ea2d27745e49486b152d to remote] DEBUG org.asynchttpclient.netty.request.NettyRequestSender - Using open Channel [id: 0xefea3bc9, L:/127.0.0.1:55044 - R:localhost/127.0.0.1:30866] for POST '/session/b0ab0a1215e2ea2d27745e49486b152d/execute/sync'
13:30:37.778 [AsyncHttpClient-1-2] DEBUG org.asynchttpclient.netty.handler.HttpHandler - 

Request DefaultHttpRequest(decodeResult: success, version: HTTP/1.1)
POST /session/b0ab0a1215e2ea2d27745e49486b152d/execute/sync HTTP/1.1
User-Agent: selenium/4.10.0 (java windows)
Content-Length: 48814
Content-Type: application/json; charset=utf-8
host: localhost:30866
accept: */*

Response DefaultHttpResponse(decodeResult: success, version: HTTP/1.1)
HTTP/1.1 200 OK
Content-Length: 14
Content-Type: application/json; charset=utf-8
cache-control: no-cache

13:30:37.778 [AsyncHttpClient-1-2] DEBUG org.asynchttpclient.netty.channel.ChannelManager - Adding key: http://localhost:30866 for channel [id: 0xefea3bc9, L:/127.0.0.1:55044 - R:localhost/127.0.0.1:30866]
13:30:37.779 [Forwarding findElement on session b0ab0a1215e2ea2d27745e49486b152d to remote] DEBUG org.asynchttpclient.netty.request.NettyRequestSender - Using pooled Channel '[id: 0xefea3bc9, L:/127.0.0.1:55044 - R:localhost/127.0.0.1:30866]' for 'POST' to 'http://localhost:30866/session/b0ab0a1215e2ea2d27745e49486b152d/element'
13:30:37.780 [Forwarding findElement on session b0ab0a1215e2ea2d27745e49486b152d to remote] DEBUG org.asynchttpclient.netty.request.NettyRequestSender - Using open Channel [id: 0xefea3bc9, L:/127.0.0.1:55044 - R:localhost/127.0.0.1:30866] for POST '/session/b0ab0a1215e2ea2d27745e49486b152d/element'
13:30:37.786 [AsyncHttpClient-1-2] DEBUG org.asynchttpclient.netty.handler.HttpHandler - 

Request DefaultHttpRequest(decodeResult: success, version: HTTP/1.1)
POST /session/b0ab0a1215e2ea2d27745e49486b152d/element HTTP/1.1
User-Agent: selenium/4.10.0 (java windows)
Content-Length: 102
Content-Type: application/json; charset=utf-8
host: localhost:30866
accept: */*

Response DefaultHttpResponse(decodeResult: success, version: HTTP/1.1)
HTTP/1.1 200 OK
Content-Length: 95
Content-Type: application/json; charset=utf-8
cache-control: no-cache

13:30:37.786 [AsyncHttpClient-1-2] DEBUG org.asynchttpclient.netty.channel.ChannelManager - Adding key: http://localhost:30866 for channel [id: 0xefea3bc9, L:/127.0.0.1:55044 - R:localhost/127.0.0.1:30866]
13:30:37.791 [Forwarding sendKeysToElement on session b0ab0a1215e2ea2d27745e49486b152d to remote] DEBUG org.asynchttpclient.netty.request.NettyRequestSender - Using pooled Channel '[id: 0xefea3bc9, L:/127.0.0.1:55044 - R:localhost/127.0.0.1:30866]' for 'POST' to 'http://localhost:30866/session/b0ab0a1215e2ea2d27745e49486b152d/element/BE4CFFA3138FCA3D2E1A51B32A181BD6_element_30/value'
13:30:37.791 [Forwarding sendKeysToElement on session b0ab0a1215e2ea2d27745e49486b152d to remote] DEBUG org.asynchttpclient.netty.request.NettyRequestSender - Using open Channel [id: 0xefea3bc9, L:/127.0.0.1:55044 - R:localhost/127.0.0.1:30866] for POST '/session/b0ab0a1215e2ea2d27745e49486b152d/element/BE4CFFA3138FCA3D2E1A51B32A181BD6_element_30/value'
13:30:37.841 [AsyncHttpClient-1-2] DEBUG org.asynchttpclient.netty.handler.HttpHandler - 

Request DefaultHttpRequest(decodeResult: success, version: HTTP/1.1)
POST /session/b0ab0a1215e2ea2d27745e49486b152d/element/BE4CFFA3138FCA3D2E1A51B32A181BD6_element_30/value HTTP/1.1
User-Agent: selenium/4.10.0 (java windows)
Content-Length: 148
Content-Type: application/json; charset=utf-8
host: localhost:30866
accept: */*

Response DefaultHttpResponse(decodeResult: success, version: HTTP/1.1)
HTTP/1.1 200 OK
Content-Length: 14
Content-Type: application/json; charset=utf-8
cache-control: no-cache

13:30:37.841 [AsyncHttpClient-1-2] DEBUG org.asynchttpclient.netty.channel.ChannelManager - Adding key: http://localhost:30866 for channel [id: 0xefea3bc9, L:/127.0.0.1:55044 - R:localhost/127.0.0.1:30866]
13:30:37.842 [Forwarding findElement on session b0ab0a1215e2ea2d27745e49486b152d to remote] DEBUG org.asynchttpclient.netty.request.NettyRequestSender - Using pooled Channel '[id: 0xefea3bc9, L:/127.0.0.1:55044 - R:localhost/127.0.0.1:30866]' for 'POST' to 'http://localhost:30866/session/b0ab0a1215e2ea2d27745e49486b152d/element'
13:30:37.842 [Forwarding findElement on session b0ab0a1215e2ea2d27745e49486b152d to remote] DEBUG org.asynchttpclient.netty.request.NettyRequestSender - Using open Channel [id: 0xefea3bc9, L:/127.0.0.1:55044 - R:localhost/127.0.0.1:30866] for POST '/session/b0ab0a1215e2ea2d27745e49486b152d/element'
13:30:37.851 [AsyncHttpClient-1-2] DEBUG org.asynchttpclient.netty.handler.HttpHandler - 

Request DefaultHttpRequest(decodeResult: success, version: HTTP/1.1)
POST /session/b0ab0a1215e2ea2d27745e49486b152d/element HTTP/1.1
User-Agent: selenium/4.10.0 (java windows)
Content-Length: 102
Content-Type: application/json; charset=utf-8
host: localhost:30866
accept: */*

Response DefaultHttpResponse(decodeResult: success, version: HTTP/1.1)
HTTP/1.1 200 OK
Content-Length: 95
Content-Type: application/json; charset=utf-8
cache-control: no-cache

13:30:37.852 [AsyncHttpClient-1-2] DEBUG org.asynchttpclient.netty.channel.ChannelManager - Adding key: http://localhost:30866 for channel [id: 0xefea3bc9, L:/127.0.0.1:55044 - R:localhost/127.0.0.1:30866]
13:30:37.855 [Forwarding isElementDisplayed on session b0ab0a1215e2ea2d27745e49486b152d to remote] DEBUG org.asynchttpclient.netty.request.NettyRequestSender - Using pooled Channel '[id: 0xefea3bc9, L:/127.0.0.1:55044 - R:localhost/127.0.0.1:30866]' for 'POST' to 'http://localhost:30866/session/b0ab0a1215e2ea2d27745e49486b152d/execute/sync'
13:30:37.855 [Forwarding isElementDisplayed on session b0ab0a1215e2ea2d27745e49486b152d to remote] DEBUG org.asynchttpclient.netty.request.NettyRequestSender - Using open Channel [id: 0xefea3bc9, L:/127.0.0.1:55044 - R:localhost/127.0.0.1:30866] for POST '/session/b0ab0a1215e2ea2d27745e49486b152d/execute/sync'
13:30:37.866 [AsyncHttpClient-1-2] DEBUG org.asynchttpclient.netty.handler.HttpHandler - 

Request DefaultHttpRequest(decodeResult: success, version: HTTP/1.1)
POST /session/b0ab0a1215e2ea2d27745e49486b152d/execute/sync HTTP/1.1
User-Agent: selenium/4.10.0 (java windows)
Content-Length: 48814
Content-Type: application/json; charset=utf-8
host: localhost:30866
accept: */*

Response DefaultHttpResponse(decodeResult: success, version: HTTP/1.1)
HTTP/1.1 200 OK
Content-Length: 14
Content-Type: application/json; charset=utf-8
cache-control: no-cache

13:30:37.866 [AsyncHttpClient-1-2] DEBUG org.asynchttpclient.netty.channel.ChannelManager - Adding key: http://localhost:30866 for channel [id: 0xefea3bc9, L:/127.0.0.1:55044 - R:localhost/127.0.0.1:30866]
13:30:37.867 [Forwarding findElement on session b0ab0a1215e2ea2d27745e49486b152d to remote] DEBUG org.asynchttpclient.netty.request.NettyRequestSender - Using pooled Channel '[id: 0xefea3bc9, L:/127.0.0.1:55044 - R:localhost/127.0.0.1:30866]' for 'POST' to 'http://localhost:30866/session/b0ab0a1215e2ea2d27745e49486b152d/element'
13:30:37.867 [Forwarding findElement on session b0ab0a1215e2ea2d27745e49486b152d to remote] DEBUG org.asynchttpclient.netty.request.NettyRequestSender - Using open Channel [id: 0xefea3bc9, L:/127.0.0.1:55044 - R:localhost/127.0.0.1:30866] for POST '/session/b0ab0a1215e2ea2d27745e49486b152d/element'
13:30:37.872 [AsyncHttpClient-1-2] DEBUG org.asynchttpclient.netty.handler.HttpHandler - 

Request DefaultHttpRequest(decodeResult: success, version: HTTP/1.1)
POST /session/b0ab0a1215e2ea2d27745e49486b152d/element HTTP/1.1
User-Agent: selenium/4.10.0 (java windows)
Content-Length: 102
Content-Type: application/json; charset=utf-8
host: localhost:30866
accept: */*

Response DefaultHttpResponse(decodeResult: success, version: HTTP/1.1)
HTTP/1.1 200 OK
Content-Length: 95
Content-Type: application/json; charset=utf-8
cache-control: no-cache

13:30:37.873 [AsyncHttpClient-1-2] DEBUG org.asynchttpclient.netty.channel.ChannelManager - Adding key: http://localhost:30866 for channel [id: 0xefea3bc9, L:/127.0.0.1:55044 - R:localhost/127.0.0.1:30866]
13:30:37.875 [Forwarding sendKeysToElement on session b0ab0a1215e2ea2d27745e49486b152d to remote] DEBUG org.asynchttpclient.netty.request.NettyRequestSender - Using pooled Channel '[id: 0xefea3bc9, L:/127.0.0.1:55044 - R:localhost/127.0.0.1:30866]' for 'POST' to 'http://localhost:30866/session/b0ab0a1215e2ea2d27745e49486b152d/element/BE4CFFA3138FCA3D2E1A51B32A181BD6_element_31/value'
13:30:37.875 [Forwarding sendKeysToElement on session b0ab0a1215e2ea2d27745e49486b152d to remote] DEBUG org.asynchttpclient.netty.request.NettyRequestSender - Using open Channel [id: 0xefea3bc9, L:/127.0.0.1:55044 - R:localhost/127.0.0.1:30866] for POST '/session/b0ab0a1215e2ea2d27745e49486b152d/element/BE4CFFA3138FCA3D2E1A51B32A181BD6_element_31/value'
13:30:37.921 [AsyncHttpClient-1-2] DEBUG org.asynchttpclient.netty.handler.HttpHandler - 

Request DefaultHttpRequest(decodeResult: success, version: HTTP/1.1)
POST /session/b0ab0a1215e2ea2d27745e49486b152d/element/BE4CFFA3138FCA3D2E1A51B32A181BD6_element_31/value HTTP/1.1
User-Agent: selenium/4.10.0 (java windows)
Content-Length: 188
Content-Type: application/json; charset=utf-8
host: localhost:30866
accept: */*

Response DefaultHttpResponse(decodeResult: success, version: HTTP/1.1)
HTTP/1.1 200 OK
Content-Length: 14
Content-Type: application/json; charset=utf-8
cache-control: no-cache

13:30:37.922 [AsyncHttpClient-1-2] DEBUG org.asynchttpclient.netty.channel.ChannelManager - Adding key: http://localhost:30866 for channel [id: 0xefea3bc9, L:/127.0.0.1:55044 - R:localhost/127.0.0.1:30866]
13:30:37.923 [Forwarding findElement on session b0ab0a1215e2ea2d27745e49486b152d to remote] DEBUG org.asynchttpclient.netty.request.NettyRequestSender - Using pooled Channel '[id: 0xefea3bc9, L:/127.0.0.1:55044 - R:localhost/127.0.0.1:30866]' for 'POST' to 'http://localhost:30866/session/b0ab0a1215e2ea2d27745e49486b152d/element'
13:30:37.923 [Forwarding findElement on session b0ab0a1215e2ea2d27745e49486b152d to remote] DEBUG org.asynchttpclient.netty.request.NettyRequestSender - Using open Channel [id: 0xefea3bc9, L:/127.0.0.1:55044 - R:localhost/127.0.0.1:30866] for POST '/session/b0ab0a1215e2ea2d27745e49486b152d/element'
13:30:37.932 [AsyncHttpClient-1-2] DEBUG org.asynchttpclient.netty.handler.HttpHandler - 

Request DefaultHttpRequest(decodeResult: success, version: HTTP/1.1)
POST /session/b0ab0a1215e2ea2d27745e49486b152d/element HTTP/1.1
User-Agent: selenium/4.10.0 (java windows)
Content-Length: 170
Content-Type: application/json; charset=utf-8
host: localhost:30866
accept: */*

Response DefaultHttpResponse(decodeResult: success, version: HTTP/1.1)
HTTP/1.1 200 OK
Content-Length: 95
Content-Type: application/json; charset=utf-8
cache-control: no-cache

13:30:37.933 [AsyncHttpClient-1-2] DEBUG org.asynchttpclient.netty.channel.ChannelManager - Adding key: http://localhost:30866 for channel [id: 0xefea3bc9, L:/127.0.0.1:55044 - R:localhost/127.0.0.1:30866]
13:30:37.935 [Forwarding isElementDisplayed on session b0ab0a1215e2ea2d27745e49486b152d to remote] DEBUG org.asynchttpclient.netty.request.NettyRequestSender - Using pooled Channel '[id: 0xefea3bc9, L:/127.0.0.1:55044 - R:localhost/127.0.0.1:30866]' for 'POST' to 'http://localhost:30866/session/b0ab0a1215e2ea2d27745e49486b152d/execute/sync'
13:30:37.935 [Forwarding isElementDisplayed on session b0ab0a1215e2ea2d27745e49486b152d to remote] DEBUG org.asynchttpclient.netty.request.NettyRequestSender - Using open Channel [id: 0xefea3bc9, L:/127.0.0.1:55044 - R:localhost/127.0.0.1:30866] for POST '/session/b0ab0a1215e2ea2d27745e49486b152d/execute/sync'
13:30:37.944 [AsyncHttpClient-1-2] DEBUG org.asynchttpclient.netty.handler.HttpHandler - 

Request DefaultHttpRequest(decodeResult: success, version: HTTP/1.1)
POST /session/b0ab0a1215e2ea2d27745e49486b152d/execute/sync HTTP/1.1
User-Agent: selenium/4.10.0 (java windows)
Content-Length: 48814
Content-Type: application/json; charset=utf-8
host: localhost:30866
accept: */*

Response DefaultHttpResponse(decodeResult: success, version: HTTP/1.1)
HTTP/1.1 200 OK
Content-Length: 14
Content-Type: application/json; charset=utf-8
cache-control: no-cache

13:30:37.944 [AsyncHttpClient-1-2] DEBUG org.asynchttpclient.netty.channel.ChannelManager - Adding key: http://localhost:30866 for channel [id: 0xefea3bc9, L:/127.0.0.1:55044 - R:localhost/127.0.0.1:30866]
[INFO ] 2023-07-31 13:30:37.945 [main] WebElementActions - Waiting for element to be clickable
13:30:37.946 [Forwarding findElement on session b0ab0a1215e2ea2d27745e49486b152d to remote] DEBUG org.asynchttpclient.netty.request.NettyRequestSender - Using pooled Channel '[id: 0xefea3bc9, L:/127.0.0.1:55044 - R:localhost/127.0.0.1:30866]' for 'POST' to 'http://localhost:30866/session/b0ab0a1215e2ea2d27745e49486b152d/element'
13:30:37.947 [Forwarding findElement on session b0ab0a1215e2ea2d27745e49486b152d to remote] DEBUG org.asynchttpclient.netty.request.NettyRequestSender - Using open Channel [id: 0xefea3bc9, L:/127.0.0.1:55044 - R:localhost/127.0.0.1:30866] for POST '/session/b0ab0a1215e2ea2d27745e49486b152d/element'
13:30:37.952 [AsyncHttpClient-1-2] DEBUG org.asynchttpclient.netty.handler.HttpHandler - 

Request DefaultHttpRequest(decodeResult: success, version: HTTP/1.1)
POST /session/b0ab0a1215e2ea2d27745e49486b152d/element HTTP/1.1
User-Agent: selenium/4.10.0 (java windows)
Content-Length: 170
Content-Type: application/json; charset=utf-8
host: localhost:30866
accept: */*

Response DefaultHttpResponse(decodeResult: success, version: HTTP/1.1)
HTTP/1.1 200 OK
Content-Length: 95
Content-Type: application/json; charset=utf-8
cache-control: no-cache

13:30:37.952 [AsyncHttpClient-1-2] DEBUG org.asynchttpclient.netty.channel.ChannelManager - Adding key: http://localhost:30866 for channel [id: 0xefea3bc9, L:/127.0.0.1:55044 - R:localhost/127.0.0.1:30866]
13:30:37.955 [Forwarding isElementDisplayed on session b0ab0a1215e2ea2d27745e49486b152d to remote] DEBUG org.asynchttpclient.netty.request.NettyRequestSender - Using pooled Channel '[id: 0xefea3bc9, L:/127.0.0.1:55044 - R:localhost/127.0.0.1:30866]' for 'POST' to 'http://localhost:30866/session/b0ab0a1215e2ea2d27745e49486b152d/execute/sync'
13:30:37.955 [Forwarding isElementDisplayed on session b0ab0a1215e2ea2d27745e49486b152d to remote] DEBUG org.asynchttpclient.netty.request.NettyRequestSender - Using open Channel [id: 0xefea3bc9, L:/127.0.0.1:55044 - R:localhost/127.0.0.1:30866] for POST '/session/b0ab0a1215e2ea2d27745e49486b152d/execute/sync'
13:30:37.962 [AsyncHttpClient-1-2] DEBUG org.asynchttpclient.netty.handler.HttpHandler - 

Request DefaultHttpRequest(decodeResult: success, version: HTTP/1.1)
POST /session/b0ab0a1215e2ea2d27745e49486b152d/execute/sync HTTP/1.1
User-Agent: selenium/4.10.0 (java windows)
Content-Length: 48814
Content-Type: application/json; charset=utf-8
host: localhost:30866
accept: */*

Response DefaultHttpResponse(decodeResult: success, version: HTTP/1.1)
HTTP/1.1 200 OK
Content-Length: 14
Content-Type: application/json; charset=utf-8
cache-control: no-cache

13:30:37.962 [AsyncHttpClient-1-2] DEBUG org.asynchttpclient.netty.channel.ChannelManager - Adding key: http://localhost:30866 for channel [id: 0xefea3bc9, L:/127.0.0.1:55044 - R:localhost/127.0.0.1:30866]
13:30:37.964 [Forwarding findElement on session b0ab0a1215e2ea2d27745e49486b152d to remote] DEBUG org.asynchttpclient.netty.request.NettyRequestSender - Using pooled Channel '[id: 0xefea3bc9, L:/127.0.0.1:55044 - R:localhost/127.0.0.1:30866]' for 'POST' to 'http://localhost:30866/session/b0ab0a1215e2ea2d27745e49486b152d/element'
13:30:37.964 [Forwarding findElement on session b0ab0a1215e2ea2d27745e49486b152d to remote] DEBUG org.asynchttpclient.netty.request.NettyRequestSender - Using open Channel [id: 0xefea3bc9, L:/127.0.0.1:55044 - R:localhost/127.0.0.1:30866] for POST '/session/b0ab0a1215e2ea2d27745e49486b152d/element'
13:30:37.969 [AsyncHttpClient-1-2] DEBUG org.asynchttpclient.netty.handler.HttpHandler - 

Request DefaultHttpRequest(decodeResult: success, version: HTTP/1.1)
POST /session/b0ab0a1215e2ea2d27745e49486b152d/element HTTP/1.1
User-Agent: selenium/4.10.0 (java windows)
Content-Length: 170
Content-Type: application/json; charset=utf-8
host: localhost:30866
accept: */*

Response DefaultHttpResponse(decodeResult: success, version: HTTP/1.1)
HTTP/1.1 200 OK
Content-Length: 95
Content-Type: application/json; charset=utf-8
cache-control: no-cache

13:30:37.969 [AsyncHttpClient-1-2] DEBUG org.asynchttpclient.netty.channel.ChannelManager - Adding key: http://localhost:30866 for channel [id: 0xefea3bc9, L:/127.0.0.1:55044 - R:localhost/127.0.0.1:30866]
13:30:37.971 [Forwarding isElementEnabled on session b0ab0a1215e2ea2d27745e49486b152d to remote] DEBUG org.asynchttpclient.netty.request.NettyRequestSender - Using pooled Channel '[id: 0xefea3bc9, L:/127.0.0.1:55044 - R:localhost/127.0.0.1:30866]' for 'GET' to 'http://localhost:30866/session/b0ab0a1215e2ea2d27745e49486b152d/element/BE4CFFA3138FCA3D2E1A51B32A181BD6_element_21/enabled'
13:30:37.971 [Forwarding isElementEnabled on session b0ab0a1215e2ea2d27745e49486b152d to remote] DEBUG org.asynchttpclient.netty.request.NettyRequestSender - Using open Channel [id: 0xefea3bc9, L:/127.0.0.1:55044 - R:localhost/127.0.0.1:30866] for GET '/session/b0ab0a1215e2ea2d27745e49486b152d/element/BE4CFFA3138FCA3D2E1A51B32A181BD6_element_21/enabled'
13:30:37.977 [AsyncHttpClient-1-2] DEBUG org.asynchttpclient.netty.handler.HttpHandler - 

Request DefaultFullHttpRequest(decodeResult: success, version: HTTP/1.1, content: EmptyByteBufBE)
GET /session/b0ab0a1215e2ea2d27745e49486b152d/element/BE4CFFA3138FCA3D2E1A51B32A181BD6_element_21/enabled HTTP/1.1
Cache-Control: no-cache
User-Agent: selenium/4.10.0 (java windows)
Content-Type: application/json; charset=utf-8
host: localhost:30866
accept: */*

Response DefaultHttpResponse(decodeResult: success, version: HTTP/1.1)
HTTP/1.1 200 OK
Content-Length: 14
Content-Type: application/json; charset=utf-8
cache-control: no-cache

13:30:37.977 [AsyncHttpClient-1-2] DEBUG org.asynchttpclient.netty.channel.ChannelManager - Adding key: http://localhost:30866 for channel [id: 0xefea3bc9, L:/127.0.0.1:55044 - R:localhost/127.0.0.1:30866]
[INFO ] 2023-07-31 13:30:37.978 [main] WebElementActions - Element is clickable
13:30:37.979 [Forwarding findElement on session b0ab0a1215e2ea2d27745e49486b152d to remote] DEBUG org.asynchttpclient.netty.request.NettyRequestSender - Using pooled Channel '[id: 0xefea3bc9, L:/127.0.0.1:55044 - R:localhost/127.0.0.1:30866]' for 'POST' to 'http://localhost:30866/session/b0ab0a1215e2ea2d27745e49486b152d/element'
13:30:37.979 [Forwarding findElement on session b0ab0a1215e2ea2d27745e49486b152d to remote] DEBUG org.asynchttpclient.netty.request.NettyRequestSender - Using open Channel [id: 0xefea3bc9, L:/127.0.0.1:55044 - R:localhost/127.0.0.1:30866] for POST '/session/b0ab0a1215e2ea2d27745e49486b152d/element'
13:30:37.986 [AsyncHttpClient-1-2] DEBUG org.asynchttpclient.netty.handler.HttpHandler - 

Request DefaultHttpRequest(decodeResult: success, version: HTTP/1.1)
POST /session/b0ab0a1215e2ea2d27745e49486b152d/element HTTP/1.1
User-Agent: selenium/4.10.0 (java windows)
Content-Length: 170
Content-Type: application/json; charset=utf-8
host: localhost:30866
accept: */*

Response DefaultHttpResponse(decodeResult: success, version: HTTP/1.1)
HTTP/1.1 200 OK
Content-Length: 95
Content-Type: application/json; charset=utf-8
cache-control: no-cache

13:30:37.986 [AsyncHttpClient-1-2] DEBUG org.asynchttpclient.netty.channel.ChannelManager - Adding key: http://localhost:30866 for channel [id: 0xefea3bc9, L:/127.0.0.1:55044 - R:localhost/127.0.0.1:30866]
13:30:37.988 [Forwarding isElementDisplayed on session b0ab0a1215e2ea2d27745e49486b152d to remote] DEBUG org.asynchttpclient.netty.request.NettyRequestSender - Using pooled Channel '[id: 0xefea3bc9, L:/127.0.0.1:55044 - R:localhost/127.0.0.1:30866]' for 'POST' to 'http://localhost:30866/session/b0ab0a1215e2ea2d27745e49486b152d/execute/sync'
13:30:37.988 [Forwarding isElementDisplayed on session b0ab0a1215e2ea2d27745e49486b152d to remote] DEBUG org.asynchttpclient.netty.request.NettyRequestSender - Using open Channel [id: 0xefea3bc9, L:/127.0.0.1:55044 - R:localhost/127.0.0.1:30866] for POST '/session/b0ab0a1215e2ea2d27745e49486b152d/execute/sync'
13:30:37.997 [AsyncHttpClient-1-2] DEBUG org.asynchttpclient.netty.handler.HttpHandler - 

Request DefaultHttpRequest(decodeResult: success, version: HTTP/1.1)
POST /session/b0ab0a1215e2ea2d27745e49486b152d/execute/sync HTTP/1.1
User-Agent: selenium/4.10.0 (java windows)
Content-Length: 48814
Content-Type: application/json; charset=utf-8
host: localhost:30866
accept: */*

Response DefaultHttpResponse(decodeResult: success, version: HTTP/1.1)
HTTP/1.1 200 OK
Content-Length: 14
Content-Type: application/json; charset=utf-8
cache-control: no-cache

13:30:37.998 [AsyncHttpClient-1-2] DEBUG org.asynchttpclient.netty.channel.ChannelManager - Adding key: http://localhost:30866 for channel [id: 0xefea3bc9, L:/127.0.0.1:55044 - R:localhost/127.0.0.1:30866]
13:30:37.999 [Forwarding findElement on session b0ab0a1215e2ea2d27745e49486b152d to remote] DEBUG org.asynchttpclient.netty.request.NettyRequestSender - Using pooled Channel '[id: 0xefea3bc9, L:/127.0.0.1:55044 - R:localhost/127.0.0.1:30866]' for 'POST' to 'http://localhost:30866/session/b0ab0a1215e2ea2d27745e49486b152d/element'
13:30:37.999 [Forwarding findElement on session b0ab0a1215e2ea2d27745e49486b152d to remote] DEBUG org.asynchttpclient.netty.request.NettyRequestSender - Using open Channel [id: 0xefea3bc9, L:/127.0.0.1:55044 - R:localhost/127.0.0.1:30866] for POST '/session/b0ab0a1215e2ea2d27745e49486b152d/element'
13:30:38.006 [AsyncHttpClient-1-2] DEBUG org.asynchttpclient.netty.handler.HttpHandler - 

Request DefaultHttpRequest(decodeResult: success, version: HTTP/1.1)
POST /session/b0ab0a1215e2ea2d27745e49486b152d/element HTTP/1.1
User-Agent: selenium/4.10.0 (java windows)
Content-Length: 170
Content-Type: application/json; charset=utf-8
host: localhost:30866
accept: */*

Response DefaultHttpResponse(decodeResult: success, version: HTTP/1.1)
HTTP/1.1 200 OK
Content-Length: 95
Content-Type: application/json; charset=utf-8
cache-control: no-cache

13:30:38.006 [AsyncHttpClient-1-2] DEBUG org.asynchttpclient.netty.channel.ChannelManager - Adding key: http://localhost:30866 for channel [id: 0xefea3bc9, L:/127.0.0.1:55044 - R:localhost/127.0.0.1:30866]
13:30:38.007 [Forwarding clickElement on session b0ab0a1215e2ea2d27745e49486b152d to remote] DEBUG org.asynchttpclient.netty.request.NettyRequestSender - Using pooled Channel '[id: 0xefea3bc9, L:/127.0.0.1:55044 - R:localhost/127.0.0.1:30866]' for 'POST' to 'http://localhost:30866/session/b0ab0a1215e2ea2d27745e49486b152d/element/BE4CFFA3138FCA3D2E1A51B32A181BD6_element_21/click'
13:30:38.007 [Forwarding clickElement on session b0ab0a1215e2ea2d27745e49486b152d to remote] DEBUG org.asynchttpclient.netty.request.NettyRequestSender - Using open Channel [id: 0xefea3bc9, L:/127.0.0.1:55044 - R:localhost/127.0.0.1:30866] for POST '/session/b0ab0a1215e2ea2d27745e49486b152d/element/BE4CFFA3138FCA3D2E1A51B32A181BD6_element_21/click'
13:30:38.051 [AsyncHttpClient-1-2] DEBUG org.asynchttpclient.netty.handler.HttpHandler - 

Request DefaultHttpRequest(decodeResult: success, version: HTTP/1.1)
POST /session/b0ab0a1215e2ea2d27745e49486b152d/element/BE4CFFA3138FCA3D2E1A51B32A181BD6_element_21/click HTTP/1.1
User-Agent: selenium/4.10.0 (java windows)
Content-Length: 57
Content-Type: application/json; charset=utf-8
host: localhost:30866
accept: */*

Response DefaultHttpResponse(decodeResult: success, version: HTTP/1.1)
HTTP/1.1 200 OK
Content-Length: 14
Content-Type: application/json; charset=utf-8
cache-control: no-cache

13:30:38.052 [AsyncHttpClient-1-2] DEBUG org.asynchttpclient.netty.channel.ChannelManager - Adding key: http://localhost:30866 for channel [id: 0xefea3bc9, L:/127.0.0.1:55044 - R:localhost/127.0.0.1:30866]
13:30:38.362 [AsyncHttpClient-1-1] DEBUG org.asynchttpclient.netty.channel.DefaultChannelPool - Entry count for : http://localhost:30866 : 1
13:30:38.362 [AsyncHttpClient-1-1] DEBUG org.asynchttpclient.netty.channel.DefaultChannelPool - Entry count for : http://localhost:55045 : 1
13:30:39.065 [Forwarding findElement on session b0ab0a1215e2ea2d27745e49486b152d to remote] DEBUG org.asynchttpclient.netty.request.NettyRequestSender - Using pooled Channel '[id: 0xefea3bc9, L:/127.0.0.1:55044 - R:localhost/127.0.0.1:30866]' for 'POST' to 'http://localhost:30866/session/b0ab0a1215e2ea2d27745e49486b152d/element'
13:30:39.065 [Forwarding findElement on session b0ab0a1215e2ea2d27745e49486b152d to remote] DEBUG org.asynchttpclient.netty.request.NettyRequestSender - Using open Channel [id: 0xefea3bc9, L:/127.0.0.1:55044 - R:localhost/127.0.0.1:30866] for POST '/session/b0ab0a1215e2ea2d27745e49486b152d/element'
13:30:39.075 [AsyncHttpClient-1-2] DEBUG org.asynchttpclient.netty.handler.HttpHandler - 

Request DefaultHttpRequest(decodeResult: success, version: HTTP/1.1)
POST /session/b0ab0a1215e2ea2d27745e49486b152d/element HTTP/1.1
User-Agent: selenium/4.10.0 (java windows)
Content-Length: 78
Content-Type: application/json; charset=utf-8
host: localhost:30866
accept: */*

Response DefaultHttpResponse(decodeResult: success, version: HTTP/1.1)
HTTP/1.1 200 OK
Content-Length: 95
Content-Type: application/json; charset=utf-8
cache-control: no-cache

13:30:39.075 [AsyncHttpClient-1-2] DEBUG org.asynchttpclient.netty.channel.ChannelManager - Adding key: http://localhost:30866 for channel [id: 0xefea3bc9, L:/127.0.0.1:55044 - R:localhost/127.0.0.1:30866]
13:30:39.077 [Forwarding isElementDisplayed on session b0ab0a1215e2ea2d27745e49486b152d to remote] DEBUG org.asynchttpclient.netty.request.NettyRequestSender - Using pooled Channel '[id: 0xefea3bc9, L:/127.0.0.1:55044 - R:localhost/127.0.0.1:30866]' for 'POST' to 'http://localhost:30866/session/b0ab0a1215e2ea2d27745e49486b152d/execute/sync'
13:30:39.077 [Forwarding isElementDisplayed on session b0ab0a1215e2ea2d27745e49486b152d to remote] DEBUG org.asynchttpclient.netty.request.NettyRequestSender - Using open Channel [id: 0xefea3bc9, L:/127.0.0.1:55044 - R:localhost/127.0.0.1:30866] for POST '/session/b0ab0a1215e2ea2d27745e49486b152d/execute/sync'
13:30:39.085 [AsyncHttpClient-1-2] DEBUG org.asynchttpclient.netty.handler.HttpHandler - 

Request DefaultHttpRequest(decodeResult: success, version: HTTP/1.1)
POST /session/b0ab0a1215e2ea2d27745e49486b152d/execute/sync HTTP/1.1
User-Agent: selenium/4.10.0 (java windows)
Content-Length: 48814
Content-Type: application/json; charset=utf-8
host: localhost:30866
accept: */*

Response DefaultHttpResponse(decodeResult: success, version: HTTP/1.1)
HTTP/1.1 200 OK
Content-Length: 14
Content-Type: application/json; charset=utf-8
cache-control: no-cache

13:30:39.085 [AsyncHttpClient-1-2] DEBUG org.asynchttpclient.netty.channel.ChannelManager - Adding key: http://localhost:30866 for channel [id: 0xefea3bc9, L:/127.0.0.1:55044 - R:localhost/127.0.0.1:30866]
13:30:39.086 [Forwarding findElement on session b0ab0a1215e2ea2d27745e49486b152d to remote] DEBUG org.asynchttpclient.netty.request.NettyRequestSender - Using pooled Channel '[id: 0xefea3bc9, L:/127.0.0.1:55044 - R:localhost/127.0.0.1:30866]' for 'POST' to 'http://localhost:30866/session/b0ab0a1215e2ea2d27745e49486b152d/element'
13:30:39.086 [Forwarding findElement on session b0ab0a1215e2ea2d27745e49486b152d to remote] DEBUG org.asynchttpclient.netty.request.NettyRequestSender - Using open Channel [id: 0xefea3bc9, L:/127.0.0.1:55044 - R:localhost/127.0.0.1:30866] for POST '/session/b0ab0a1215e2ea2d27745e49486b152d/element'
13:30:39.092 [AsyncHttpClient-1-2] DEBUG org.asynchttpclient.netty.handler.HttpHandler - 

Request DefaultHttpRequest(decodeResult: success, version: HTTP/1.1)
POST /session/b0ab0a1215e2ea2d27745e49486b152d/element HTTP/1.1
User-Agent: selenium/4.10.0 (java windows)
Content-Length: 78
Content-Type: application/json; charset=utf-8
host: localhost:30866
accept: */*

Response DefaultHttpResponse(decodeResult: success, version: HTTP/1.1)
HTTP/1.1 200 OK
Content-Length: 95
Content-Type: application/json; charset=utf-8
cache-control: no-cache

13:30:39.092 [AsyncHttpClient-1-2] DEBUG org.asynchttpclient.netty.channel.ChannelManager - Adding key: http://localhost:30866 for channel [id: 0xefea3bc9, L:/127.0.0.1:55044 - R:localhost/127.0.0.1:30866]
13:30:39.094 [Forwarding sendKeysToElement on session b0ab0a1215e2ea2d27745e49486b152d to remote] DEBUG org.asynchttpclient.netty.request.NettyRequestSender - Using pooled Channel '[id: 0xefea3bc9, L:/127.0.0.1:55044 - R:localhost/127.0.0.1:30866]' for 'POST' to 'http://localhost:30866/session/b0ab0a1215e2ea2d27745e49486b152d/element/BE4CFFA3138FCA3D2E1A51B32A181BD6_element_33/value'
13:30:39.094 [Forwarding sendKeysToElement on session b0ab0a1215e2ea2d27745e49486b152d to remote] DEBUG org.asynchttpclient.netty.request.NettyRequestSender - Using open Channel [id: 0xefea3bc9, L:/127.0.0.1:55044 - R:localhost/127.0.0.1:30866] for POST '/session/b0ab0a1215e2ea2d27745e49486b152d/element/BE4CFFA3138FCA3D2E1A51B32A181BD6_element_33/value'
13:30:39.121 [AsyncHttpClient-1-2] DEBUG org.asynchttpclient.netty.handler.HttpHandler - 

Request DefaultHttpRequest(decodeResult: success, version: HTTP/1.1)
POST /session/b0ab0a1215e2ea2d27745e49486b152d/element/BE4CFFA3138FCA3D2E1A51B32A181BD6_element_33/value HTTP/1.1
User-Agent: selenium/4.10.0 (java windows)
Content-Length: 148
Content-Type: application/json; charset=utf-8
host: localhost:30866
accept: */*

Response DefaultHttpResponse(decodeResult: success, version: HTTP/1.1)
HTTP/1.1 200 OK
Content-Length: 14
Content-Type: application/json; charset=utf-8
cache-control: no-cache

13:30:39.121 [AsyncHttpClient-1-2] DEBUG org.asynchttpclient.netty.channel.ChannelManager - Adding key: http://localhost:30866 for channel [id: 0xefea3bc9, L:/127.0.0.1:55044 - R:localhost/127.0.0.1:30866]
13:30:39.122 [Forwarding findElement on session b0ab0a1215e2ea2d27745e49486b152d to remote] DEBUG org.asynchttpclient.netty.request.NettyRequestSender - Using pooled Channel '[id: 0xefea3bc9, L:/127.0.0.1:55044 - R:localhost/127.0.0.1:30866]' for 'POST' to 'http://localhost:30866/session/b0ab0a1215e2ea2d27745e49486b152d/element'
13:30:39.123 [Forwarding findElement on session b0ab0a1215e2ea2d27745e49486b152d to remote] DEBUG org.asynchttpclient.netty.request.NettyRequestSender - Using open Channel [id: 0xefea3bc9, L:/127.0.0.1:55044 - R:localhost/127.0.0.1:30866] for POST '/session/b0ab0a1215e2ea2d27745e49486b152d/element'
13:30:39.131 [AsyncHttpClient-1-2] DEBUG org.asynchttpclient.netty.handler.HttpHandler - 

Request DefaultHttpRequest(decodeResult: success, version: HTTP/1.1)
POST /session/b0ab0a1215e2ea2d27745e49486b152d/element HTTP/1.1
User-Agent: selenium/4.10.0 (java windows)
Content-Length: 61
Content-Type: application/json; charset=utf-8
host: localhost:30866
accept: */*

Response DefaultHttpResponse(decodeResult: success, version: HTTP/1.1)
HTTP/1.1 200 OK
Content-Length: 95
Content-Type: application/json; charset=utf-8
cache-control: no-cache

13:30:39.132 [AsyncHttpClient-1-2] DEBUG org.asynchttpclient.netty.channel.ChannelManager - Adding key: http://localhost:30866 for channel [id: 0xefea3bc9, L:/127.0.0.1:55044 - R:localhost/127.0.0.1:30866]
13:30:39.134 [Forwarding isElementDisplayed on session b0ab0a1215e2ea2d27745e49486b152d to remote] DEBUG org.asynchttpclient.netty.request.NettyRequestSender - Using pooled Channel '[id: 0xefea3bc9, L:/127.0.0.1:55044 - R:localhost/127.0.0.1:30866]' for 'POST' to 'http://localhost:30866/session/b0ab0a1215e2ea2d27745e49486b152d/execute/sync'
13:30:39.134 [Forwarding isElementDisplayed on session b0ab0a1215e2ea2d27745e49486b152d to remote] DEBUG org.asynchttpclient.netty.request.NettyRequestSender - Using open Channel [id: 0xefea3bc9, L:/127.0.0.1:55044 - R:localhost/127.0.0.1:30866] for POST '/session/b0ab0a1215e2ea2d27745e49486b152d/execute/sync'
13:30:39.141 [AsyncHttpClient-1-2] DEBUG org.asynchttpclient.netty.handler.HttpHandler - 

Request DefaultHttpRequest(decodeResult: success, version: HTTP/1.1)
POST /session/b0ab0a1215e2ea2d27745e49486b152d/execute/sync HTTP/1.1
User-Agent: selenium/4.10.0 (java windows)
Content-Length: 48814
Content-Type: application/json; charset=utf-8
host: localhost:30866
accept: */*

Response DefaultHttpResponse(decodeResult: success, version: HTTP/1.1)
HTTP/1.1 200 OK
Content-Length: 14
Content-Type: application/json; charset=utf-8
cache-control: no-cache

13:30:39.142 [AsyncHttpClient-1-2] DEBUG org.asynchttpclient.netty.channel.ChannelManager - Adding key: http://localhost:30866 for channel [id: 0xefea3bc9, L:/127.0.0.1:55044 - R:localhost/127.0.0.1:30866]
[INFO ] 2023-07-31 13:30:39.142 [main] WebElementActions - Waiting for element to be clickable
13:30:39.143 [Forwarding findElement on session b0ab0a1215e2ea2d27745e49486b152d to remote] DEBUG org.asynchttpclient.netty.request.NettyRequestSender - Using pooled Channel '[id: 0xefea3bc9, L:/127.0.0.1:55044 - R:localhost/127.0.0.1:30866]' for 'POST' to 'http://localhost:30866/session/b0ab0a1215e2ea2d27745e49486b152d/element'
13:30:39.143 [Forwarding findElement on session b0ab0a1215e2ea2d27745e49486b152d to remote] DEBUG org.asynchttpclient.netty.request.NettyRequestSender - Using open Channel [id: 0xefea3bc9, L:/127.0.0.1:55044 - R:localhost/127.0.0.1:30866] for POST '/session/b0ab0a1215e2ea2d27745e49486b152d/element'
13:30:39.149 [AsyncHttpClient-1-2] DEBUG org.asynchttpclient.netty.handler.HttpHandler - 

Request DefaultHttpRequest(decodeResult: success, version: HTTP/1.1)
POST /session/b0ab0a1215e2ea2d27745e49486b152d/element HTTP/1.1
User-Agent: selenium/4.10.0 (java windows)
Content-Length: 61
Content-Type: application/json; charset=utf-8
host: localhost:30866
accept: */*

Response DefaultHttpResponse(decodeResult: success, version: HTTP/1.1)
HTTP/1.1 200 OK
Content-Length: 95
Content-Type: application/json; charset=utf-8
cache-control: no-cache

13:30:39.149 [AsyncHttpClient-1-2] DEBUG org.asynchttpclient.netty.channel.ChannelManager - Adding key: http://localhost:30866 for channel [id: 0xefea3bc9, L:/127.0.0.1:55044 - R:localhost/127.0.0.1:30866]
13:30:39.152 [Forwarding isElementDisplayed on session b0ab0a1215e2ea2d27745e49486b152d to remote] DEBUG org.asynchttpclient.netty.request.NettyRequestSender - Using pooled Channel '[id: 0xefea3bc9, L:/127.0.0.1:55044 - R:localhost/127.0.0.1:30866]' for 'POST' to 'http://localhost:30866/session/b0ab0a1215e2ea2d27745e49486b152d/execute/sync'
13:30:39.152 [Forwarding isElementDisplayed on session b0ab0a1215e2ea2d27745e49486b152d to remote] DEBUG org.asynchttpclient.netty.request.NettyRequestSender - Using open Channel [id: 0xefea3bc9, L:/127.0.0.1:55044 - R:localhost/127.0.0.1:30866] for POST '/session/b0ab0a1215e2ea2d27745e49486b152d/execute/sync'
13:30:39.159 [AsyncHttpClient-1-2] DEBUG org.asynchttpclient.netty.handler.HttpHandler - 

Request DefaultHttpRequest(decodeResult: success, version: HTTP/1.1)
POST /session/b0ab0a1215e2ea2d27745e49486b152d/execute/sync HTTP/1.1
User-Agent: selenium/4.10.0 (java windows)
Content-Length: 48814
Content-Type: application/json; charset=utf-8
host: localhost:30866
accept: */*

Response DefaultHttpResponse(decodeResult: success, version: HTTP/1.1)
HTTP/1.1 200 OK
Content-Length: 14
Content-Type: application/json; charset=utf-8
cache-control: no-cache

13:30:39.159 [AsyncHttpClient-1-2] DEBUG org.asynchttpclient.netty.channel.ChannelManager - Adding key: http://localhost:30866 for channel [id: 0xefea3bc9, L:/127.0.0.1:55044 - R:localhost/127.0.0.1:30866]
13:30:39.160 [Forwarding findElement on session b0ab0a1215e2ea2d27745e49486b152d to remote] DEBUG org.asynchttpclient.netty.request.NettyRequestSender - Using pooled Channel '[id: 0xefea3bc9, L:/127.0.0.1:55044 - R:localhost/127.0.0.1:30866]' for 'POST' to 'http://localhost:30866/session/b0ab0a1215e2ea2d27745e49486b152d/element'
13:30:39.160 [Forwarding findElement on session b0ab0a1215e2ea2d27745e49486b152d to remote] DEBUG org.asynchttpclient.netty.request.NettyRequestSender - Using open Channel [id: 0xefea3bc9, L:/127.0.0.1:55044 - R:localhost/127.0.0.1:30866] for POST '/session/b0ab0a1215e2ea2d27745e49486b152d/element'
13:30:39.166 [AsyncHttpClient-1-2] DEBUG org.asynchttpclient.netty.handler.HttpHandler - 

Request DefaultHttpRequest(decodeResult: success, version: HTTP/1.1)
POST /session/b0ab0a1215e2ea2d27745e49486b152d/element HTTP/1.1
User-Agent: selenium/4.10.0 (java windows)
Content-Length: 61
Content-Type: application/json; charset=utf-8
host: localhost:30866
accept: */*

Response DefaultHttpResponse(decodeResult: success, version: HTTP/1.1)
HTTP/1.1 200 OK
Content-Length: 95
Content-Type: application/json; charset=utf-8
cache-control: no-cache

13:30:39.166 [AsyncHttpClient-1-2] DEBUG org.asynchttpclient.netty.channel.ChannelManager - Adding key: http://localhost:30866 for channel [id: 0xefea3bc9, L:/127.0.0.1:55044 - R:localhost/127.0.0.1:30866]
13:30:39.167 [Forwarding isElementEnabled on session b0ab0a1215e2ea2d27745e49486b152d to remote] DEBUG org.asynchttpclient.netty.request.NettyRequestSender - Using pooled Channel '[id: 0xefea3bc9, L:/127.0.0.1:55044 - R:localhost/127.0.0.1:30866]' for 'GET' to 'http://localhost:30866/session/b0ab0a1215e2ea2d27745e49486b152d/element/BE4CFFA3138FCA3D2E1A51B32A181BD6_element_34/enabled'
13:30:39.167 [Forwarding isElementEnabled on session b0ab0a1215e2ea2d27745e49486b152d to remote] DEBUG org.asynchttpclient.netty.request.NettyRequestSender - Using open Channel [id: 0xefea3bc9, L:/127.0.0.1:55044 - R:localhost/127.0.0.1:30866] for GET '/session/b0ab0a1215e2ea2d27745e49486b152d/element/BE4CFFA3138FCA3D2E1A51B32A181BD6_element_34/enabled'
13:30:39.171 [AsyncHttpClient-1-2] DEBUG org.asynchttpclient.netty.handler.HttpHandler - 

Request DefaultFullHttpRequest(decodeResult: success, version: HTTP/1.1, content: EmptyByteBufBE)
GET /session/b0ab0a1215e2ea2d27745e49486b152d/element/BE4CFFA3138FCA3D2E1A51B32A181BD6_element_34/enabled HTTP/1.1
Cache-Control: no-cache
User-Agent: selenium/4.10.0 (java windows)
Content-Type: application/json; charset=utf-8
host: localhost:30866
accept: */*

Response DefaultHttpResponse(decodeResult: success, version: HTTP/1.1)
HTTP/1.1 200 OK
Content-Length: 14
Content-Type: application/json; charset=utf-8
cache-control: no-cache

13:30:39.172 [AsyncHttpClient-1-2] DEBUG org.asynchttpclient.netty.channel.ChannelManager - Adding key: http://localhost:30866 for channel [id: 0xefea3bc9, L:/127.0.0.1:55044 - R:localhost/127.0.0.1:30866]
[INFO ] 2023-07-31 13:30:39.172 [main] WebElementActions - Element is clickable
13:30:39.173 [Forwarding findElement on session b0ab0a1215e2ea2d27745e49486b152d to remote] DEBUG org.asynchttpclient.netty.request.NettyRequestSender - Using pooled Channel '[id: 0xefea3bc9, L:/127.0.0.1:55044 - R:localhost/127.0.0.1:30866]' for 'POST' to 'http://localhost:30866/session/b0ab0a1215e2ea2d27745e49486b152d/element'
13:30:39.173 [Forwarding findElement on session b0ab0a1215e2ea2d27745e49486b152d to remote] DEBUG org.asynchttpclient.netty.request.NettyRequestSender - Using open Channel [id: 0xefea3bc9, L:/127.0.0.1:55044 - R:localhost/127.0.0.1:30866] for POST '/session/b0ab0a1215e2ea2d27745e49486b152d/element'
13:30:39.180 [AsyncHttpClient-1-2] DEBUG org.asynchttpclient.netty.handler.HttpHandler - 

Request DefaultHttpRequest(decodeResult: success, version: HTTP/1.1)
POST /session/b0ab0a1215e2ea2d27745e49486b152d/element HTTP/1.1
User-Agent: selenium/4.10.0 (java windows)
Content-Length: 61
Content-Type: application/json; charset=utf-8
host: localhost:30866
accept: */*

Response DefaultHttpResponse(decodeResult: success, version: HTTP/1.1)
HTTP/1.1 200 OK
Content-Length: 95
Content-Type: application/json; charset=utf-8
cache-control: no-cache

13:30:39.180 [AsyncHttpClient-1-2] DEBUG org.asynchttpclient.netty.channel.ChannelManager - Adding key: http://localhost:30866 for channel [id: 0xefea3bc9, L:/127.0.0.1:55044 - R:localhost/127.0.0.1:30866]
13:30:39.183 [Forwarding isElementDisplayed on session b0ab0a1215e2ea2d27745e49486b152d to remote] DEBUG org.asynchttpclient.netty.request.NettyRequestSender - Using pooled Channel '[id: 0xefea3bc9, L:/127.0.0.1:55044 - R:localhost/127.0.0.1:30866]' for 'POST' to 'http://localhost:30866/session/b0ab0a1215e2ea2d27745e49486b152d/execute/sync'
13:30:39.183 [Forwarding isElementDisplayed on session b0ab0a1215e2ea2d27745e49486b152d to remote] DEBUG org.asynchttpclient.netty.request.NettyRequestSender - Using open Channel [id: 0xefea3bc9, L:/127.0.0.1:55044 - R:localhost/127.0.0.1:30866] for POST '/session/b0ab0a1215e2ea2d27745e49486b152d/execute/sync'
13:30:39.191 [AsyncHttpClient-1-2] DEBUG org.asynchttpclient.netty.handler.HttpHandler - 

Request DefaultHttpRequest(decodeResult: success, version: HTTP/1.1)
POST /session/b0ab0a1215e2ea2d27745e49486b152d/execute/sync HTTP/1.1
User-Agent: selenium/4.10.0 (java windows)
Content-Length: 48814
Content-Type: application/json; charset=utf-8
host: localhost:30866
accept: */*

Response DefaultHttpResponse(decodeResult: success, version: HTTP/1.1)
HTTP/1.1 200 OK
Content-Length: 14
Content-Type: application/json; charset=utf-8
cache-control: no-cache

13:30:39.191 [AsyncHttpClient-1-2] DEBUG org.asynchttpclient.netty.channel.ChannelManager - Adding key: http://localhost:30866 for channel [id: 0xefea3bc9, L:/127.0.0.1:55044 - R:localhost/127.0.0.1:30866]
13:30:39.192 [Forwarding findElement on session b0ab0a1215e2ea2d27745e49486b152d to remote] DEBUG org.asynchttpclient.netty.request.NettyRequestSender - Using pooled Channel '[id: 0xefea3bc9, L:/127.0.0.1:55044 - R:localhost/127.0.0.1:30866]' for 'POST' to 'http://localhost:30866/session/b0ab0a1215e2ea2d27745e49486b152d/element'
13:30:39.193 [Forwarding findElement on session b0ab0a1215e2ea2d27745e49486b152d to remote] DEBUG org.asynchttpclient.netty.request.NettyRequestSender - Using open Channel [id: 0xefea3bc9, L:/127.0.0.1:55044 - R:localhost/127.0.0.1:30866] for POST '/session/b0ab0a1215e2ea2d27745e49486b152d/element'
13:30:39.198 [AsyncHttpClient-1-2] DEBUG org.asynchttpclient.netty.handler.HttpHandler - 

Request DefaultHttpRequest(decodeResult: success, version: HTTP/1.1)
POST /session/b0ab0a1215e2ea2d27745e49486b152d/element HTTP/1.1
User-Agent: selenium/4.10.0 (java windows)
Content-Length: 61
Content-Type: application/json; charset=utf-8
host: localhost:30866
accept: */*

Response DefaultHttpResponse(decodeResult: success, version: HTTP/1.1)
HTTP/1.1 200 OK
Content-Length: 95
Content-Type: application/json; charset=utf-8
cache-control: no-cache

13:30:39.198 [AsyncHttpClient-1-2] DEBUG org.asynchttpclient.netty.channel.ChannelManager - Adding key: http://localhost:30866 for channel [id: 0xefea3bc9, L:/127.0.0.1:55044 - R:localhost/127.0.0.1:30866]
13:30:39.200 [Forwarding clickElement on session b0ab0a1215e2ea2d27745e49486b152d to remote] DEBUG org.asynchttpclient.netty.request.NettyRequestSender - Using pooled Channel '[id: 0xefea3bc9, L:/127.0.0.1:55044 - R:localhost/127.0.0.1:30866]' for 'POST' to 'http://localhost:30866/session/b0ab0a1215e2ea2d27745e49486b152d/element/BE4CFFA3138FCA3D2E1A51B32A181BD6_element_34/click'
13:30:39.200 [Forwarding clickElement on session b0ab0a1215e2ea2d27745e49486b152d to remote] DEBUG org.asynchttpclient.netty.request.NettyRequestSender - Using open Channel [id: 0xefea3bc9, L:/127.0.0.1:55044 - R:localhost/127.0.0.1:30866] for POST '/session/b0ab0a1215e2ea2d27745e49486b152d/element/BE4CFFA3138FCA3D2E1A51B32A181BD6_element_34/click'
13:30:39.227 [AsyncHttpClient-1-2] DEBUG org.asynchttpclient.netty.handler.HttpHandler - 

Request DefaultHttpRequest(decodeResult: success, version: HTTP/1.1)
POST /session/b0ab0a1215e2ea2d27745e49486b152d/element/BE4CFFA3138FCA3D2E1A51B32A181BD6_element_34/click HTTP/1.1
User-Agent: selenium/4.10.0 (java windows)
Content-Length: 57
Content-Type: application/json; charset=utf-8
host: localhost:30866
accept: */*

Response DefaultHttpResponse(decodeResult: success, version: HTTP/1.1)
HTTP/1.1 200 OK
Content-Length: 14
Content-Type: application/json; charset=utf-8
cache-control: no-cache

13:30:39.227 [AsyncHttpClient-1-2] DEBUG org.asynchttpclient.netty.channel.ChannelManager - Adding key: http://localhost:30866 for channel [id: 0xefea3bc9, L:/127.0.0.1:55044 - R:localhost/127.0.0.1:30866]
13:30:39.460 [AsyncHttpClient-1-1] DEBUG org.asynchttpclient.netty.channel.DefaultChannelPool - Entry count for : http://localhost:30866 : 1
13:30:39.460 [AsyncHttpClient-1-1] DEBUG org.asynchttpclient.netty.channel.DefaultChannelPool - Entry count for : http://localhost:55045 : 1
13:30:40.247 [Forwarding findElement on session b0ab0a1215e2ea2d27745e49486b152d to remote] DEBUG org.asynchttpclient.netty.request.NettyRequestSender - Using pooled Channel '[id: 0xefea3bc9, L:/127.0.0.1:55044 - R:localhost/127.0.0.1:30866]' for 'POST' to 'http://localhost:30866/session/b0ab0a1215e2ea2d27745e49486b152d/element'
13:30:40.247 [Forwarding findElement on session b0ab0a1215e2ea2d27745e49486b152d to remote] DEBUG org.asynchttpclient.netty.request.NettyRequestSender - Using open Channel [id: 0xefea3bc9, L:/127.0.0.1:55044 - R:localhost/127.0.0.1:30866] for POST '/session/b0ab0a1215e2ea2d27745e49486b152d/element'
13:30:40.559 [AsyncHttpClient-1-1] DEBUG org.asynchttpclient.netty.channel.DefaultChannelPool - Entry count for : http://localhost:55045 : 1
13:30:41.660 [AsyncHttpClient-1-1] DEBUG org.asynchttpclient.netty.channel.DefaultChannelPool - Entry count for : http://localhost:55045 : 1
13:30:41.815 [AsyncHttpClient-1-2] DEBUG org.asynchttpclient.netty.handler.HttpHandler - 

Request DefaultHttpRequest(decodeResult: success, version: HTTP/1.1)
POST /session/b0ab0a1215e2ea2d27745e49486b152d/element HTTP/1.1
User-Agent: selenium/4.10.0 (java windows)
Content-Length: 82
Content-Type: application/json; charset=utf-8
host: localhost:30866
accept: */*

Response DefaultHttpResponse(decodeResult: success, version: HTTP/1.1)
HTTP/1.1 200 OK
Content-Length: 95
Content-Type: application/json; charset=utf-8
cache-control: no-cache

13:30:41.815 [AsyncHttpClient-1-2] DEBUG org.asynchttpclient.netty.channel.ChannelManager - Adding key: http://localhost:30866 for channel [id: 0xefea3bc9, L:/127.0.0.1:55044 - R:localhost/127.0.0.1:30866]
13:30:41.819 [Forwarding isElementDisplayed on session b0ab0a1215e2ea2d27745e49486b152d to remote] DEBUG org.asynchttpclient.netty.request.NettyRequestSender - Using pooled Channel '[id: 0xefea3bc9, L:/127.0.0.1:55044 - R:localhost/127.0.0.1:30866]' for 'POST' to 'http://localhost:30866/session/b0ab0a1215e2ea2d27745e49486b152d/execute/sync'
13:30:41.819 [Forwarding isElementDisplayed on session b0ab0a1215e2ea2d27745e49486b152d to remote] DEBUG org.asynchttpclient.netty.request.NettyRequestSender - Using open Channel [id: 0xefea3bc9, L:/127.0.0.1:55044 - R:localhost/127.0.0.1:30866] for POST '/session/b0ab0a1215e2ea2d27745e49486b152d/execute/sync'
13:30:41.829 [AsyncHttpClient-1-2] DEBUG org.asynchttpclient.netty.handler.HttpHandler - 

Request DefaultHttpRequest(decodeResult: success, version: HTTP/1.1)
POST /session/b0ab0a1215e2ea2d27745e49486b152d/execute/sync HTTP/1.1
User-Agent: selenium/4.10.0 (java windows)
Content-Length: 48814
Content-Type: application/json; charset=utf-8
host: localhost:30866
accept: */*

Response DefaultHttpResponse(decodeResult: success, version: HTTP/1.1)
HTTP/1.1 200 OK
Content-Length: 14
Content-Type: application/json; charset=utf-8
cache-control: no-cache

13:30:41.829 [AsyncHttpClient-1-2] DEBUG org.asynchttpclient.netty.channel.ChannelManager - Adding key: http://localhost:30866 for channel [id: 0xefea3bc9, L:/127.0.0.1:55044 - R:localhost/127.0.0.1:30866]
[INFO ] 2023-07-31 13:30:41.829 [main] WebElementActions - Waiting for element to be clickable
13:30:41.830 [Forwarding findElement on session b0ab0a1215e2ea2d27745e49486b152d to remote] DEBUG org.asynchttpclient.netty.request.NettyRequestSender - Using pooled Channel '[id: 0xefea3bc9, L:/127.0.0.1:55044 - R:localhost/127.0.0.1:30866]' for 'POST' to 'http://localhost:30866/session/b0ab0a1215e2ea2d27745e49486b152d/element'
13:30:41.831 [Forwarding findElement on session b0ab0a1215e2ea2d27745e49486b152d to remote] DEBUG org.asynchttpclient.netty.request.NettyRequestSender - Using open Channel [id: 0xefea3bc9, L:/127.0.0.1:55044 - R:localhost/127.0.0.1:30866] for POST '/session/b0ab0a1215e2ea2d27745e49486b152d/element'
13:30:41.837 [AsyncHttpClient-1-2] DEBUG org.asynchttpclient.netty.handler.HttpHandler - 

Request DefaultHttpRequest(decodeResult: success, version: HTTP/1.1)
POST /session/b0ab0a1215e2ea2d27745e49486b152d/element HTTP/1.1
User-Agent: selenium/4.10.0 (java windows)
Content-Length: 82
Content-Type: application/json; charset=utf-8
host: localhost:30866
accept: */*

Response DefaultHttpResponse(decodeResult: success, version: HTTP/1.1)
HTTP/1.1 200 OK
Content-Length: 95
Content-Type: application/json; charset=utf-8
cache-control: no-cache

13:30:41.837 [AsyncHttpClient-1-2] DEBUG org.asynchttpclient.netty.channel.ChannelManager - Adding key: http://localhost:30866 for channel [id: 0xefea3bc9, L:/127.0.0.1:55044 - R:localhost/127.0.0.1:30866]
13:30:41.839 [Forwarding isElementDisplayed on session b0ab0a1215e2ea2d27745e49486b152d to remote] DEBUG org.asynchttpclient.netty.request.NettyRequestSender - Using pooled Channel '[id: 0xefea3bc9, L:/127.0.0.1:55044 - R:localhost/127.0.0.1:30866]' for 'POST' to 'http://localhost:30866/session/b0ab0a1215e2ea2d27745e49486b152d/execute/sync'
13:30:41.839 [Forwarding isElementDisplayed on session b0ab0a1215e2ea2d27745e49486b152d to remote] DEBUG org.asynchttpclient.netty.request.NettyRequestSender - Using open Channel [id: 0xefea3bc9, L:/127.0.0.1:55044 - R:localhost/127.0.0.1:30866] for POST '/session/b0ab0a1215e2ea2d27745e49486b152d/execute/sync'
13:30:41.846 [AsyncHttpClient-1-2] DEBUG org.asynchttpclient.netty.handler.HttpHandler - 

Request DefaultHttpRequest(decodeResult: success, version: HTTP/1.1)
POST /session/b0ab0a1215e2ea2d27745e49486b152d/execute/sync HTTP/1.1
User-Agent: selenium/4.10.0 (java windows)
Content-Length: 48814
Content-Type: application/json; charset=utf-8
host: localhost:30866
accept: */*

Response DefaultHttpResponse(decodeResult: success, version: HTTP/1.1)
HTTP/1.1 200 OK
Content-Length: 14
Content-Type: application/json; charset=utf-8
cache-control: no-cache

13:30:41.846 [AsyncHttpClient-1-2] DEBUG org.asynchttpclient.netty.channel.ChannelManager - Adding key: http://localhost:30866 for channel [id: 0xefea3bc9, L:/127.0.0.1:55044 - R:localhost/127.0.0.1:30866]
13:30:41.847 [Forwarding findElement on session b0ab0a1215e2ea2d27745e49486b152d to remote] DEBUG org.asynchttpclient.netty.request.NettyRequestSender - Using pooled Channel '[id: 0xefea3bc9, L:/127.0.0.1:55044 - R:localhost/127.0.0.1:30866]' for 'POST' to 'http://localhost:30866/session/b0ab0a1215e2ea2d27745e49486b152d/element'
13:30:41.847 [Forwarding findElement on session b0ab0a1215e2ea2d27745e49486b152d to remote] DEBUG org.asynchttpclient.netty.request.NettyRequestSender - Using open Channel [id: 0xefea3bc9, L:/127.0.0.1:55044 - R:localhost/127.0.0.1:30866] for POST '/session/b0ab0a1215e2ea2d27745e49486b152d/element'
13:30:41.853 [AsyncHttpClient-1-2] DEBUG org.asynchttpclient.netty.handler.HttpHandler - 

Request DefaultHttpRequest(decodeResult: success, version: HTTP/1.1)
POST /session/b0ab0a1215e2ea2d27745e49486b152d/element HTTP/1.1
User-Agent: selenium/4.10.0 (java windows)
Content-Length: 82
Content-Type: application/json; charset=utf-8
host: localhost:30866
accept: */*

Response DefaultHttpResponse(decodeResult: success, version: HTTP/1.1)
HTTP/1.1 200 OK
Content-Length: 95
Content-Type: application/json; charset=utf-8
cache-control: no-cache

13:30:41.853 [AsyncHttpClient-1-2] DEBUG org.asynchttpclient.netty.channel.ChannelManager - Adding key: http://localhost:30866 for channel [id: 0xefea3bc9, L:/127.0.0.1:55044 - R:localhost/127.0.0.1:30866]
13:30:41.855 [Forwarding isElementEnabled on session b0ab0a1215e2ea2d27745e49486b152d to remote] DEBUG org.asynchttpclient.netty.request.NettyRequestSender - Using pooled Channel '[id: 0xefea3bc9, L:/127.0.0.1:55044 - R:localhost/127.0.0.1:30866]' for 'GET' to 'http://localhost:30866/session/b0ab0a1215e2ea2d27745e49486b152d/element/BE4CFFA3138FCA3D2E1A51B32A181BD6_element_37/enabled'
13:30:41.855 [Forwarding isElementEnabled on session b0ab0a1215e2ea2d27745e49486b152d to remote] DEBUG org.asynchttpclient.netty.request.NettyRequestSender - Using open Channel [id: 0xefea3bc9, L:/127.0.0.1:55044 - R:localhost/127.0.0.1:30866] for GET '/session/b0ab0a1215e2ea2d27745e49486b152d/element/BE4CFFA3138FCA3D2E1A51B32A181BD6_element_37/enabled'
13:30:41.861 [AsyncHttpClient-1-2] DEBUG org.asynchttpclient.netty.handler.HttpHandler - 

Request DefaultFullHttpRequest(decodeResult: success, version: HTTP/1.1, content: EmptyByteBufBE)
GET /session/b0ab0a1215e2ea2d27745e49486b152d/element/BE4CFFA3138FCA3D2E1A51B32A181BD6_element_37/enabled HTTP/1.1
Cache-Control: no-cache
User-Agent: selenium/4.10.0 (java windows)
Content-Type: application/json; charset=utf-8
host: localhost:30866
accept: */*

Response DefaultHttpResponse(decodeResult: success, version: HTTP/1.1)
HTTP/1.1 200 OK
Content-Length: 14
Content-Type: application/json; charset=utf-8
cache-control: no-cache

13:30:41.861 [AsyncHttpClient-1-2] DEBUG org.asynchttpclient.netty.channel.ChannelManager - Adding key: http://localhost:30866 for channel [id: 0xefea3bc9, L:/127.0.0.1:55044 - R:localhost/127.0.0.1:30866]
[INFO ] 2023-07-31 13:30:41.862 [main] WebElementActions - Element is clickable
13:30:41.862 [Forwarding findElement on session b0ab0a1215e2ea2d27745e49486b152d to remote] DEBUG org.asynchttpclient.netty.request.NettyRequestSender - Using pooled Channel '[id: 0xefea3bc9, L:/127.0.0.1:55044 - R:localhost/127.0.0.1:30866]' for 'POST' to 'http://localhost:30866/session/b0ab0a1215e2ea2d27745e49486b152d/element'
13:30:41.862 [Forwarding findElement on session b0ab0a1215e2ea2d27745e49486b152d to remote] DEBUG org.asynchttpclient.netty.request.NettyRequestSender - Using open Channel [id: 0xefea3bc9, L:/127.0.0.1:55044 - R:localhost/127.0.0.1:30866] for POST '/session/b0ab0a1215e2ea2d27745e49486b152d/element'
13:30:41.868 [AsyncHttpClient-1-2] DEBUG org.asynchttpclient.netty.handler.HttpHandler - 

Request DefaultHttpRequest(decodeResult: success, version: HTTP/1.1)
POST /session/b0ab0a1215e2ea2d27745e49486b152d/element HTTP/1.1
User-Agent: selenium/4.10.0 (java windows)
Content-Length: 82
Content-Type: application/json; charset=utf-8
host: localhost:30866
accept: */*

Response DefaultHttpResponse(decodeResult: success, version: HTTP/1.1)
HTTP/1.1 200 OK
Content-Length: 95
Content-Type: application/json; charset=utf-8
cache-control: no-cache

13:30:41.868 [AsyncHttpClient-1-2] DEBUG org.asynchttpclient.netty.channel.ChannelManager - Adding key: http://localhost:30866 for channel [id: 0xefea3bc9, L:/127.0.0.1:55044 - R:localhost/127.0.0.1:30866]
13:30:41.871 [Forwarding isElementDisplayed on session b0ab0a1215e2ea2d27745e49486b152d to remote] DEBUG org.asynchttpclient.netty.request.NettyRequestSender - Using pooled Channel '[id: 0xefea3bc9, L:/127.0.0.1:55044 - R:localhost/127.0.0.1:30866]' for 'POST' to 'http://localhost:30866/session/b0ab0a1215e2ea2d27745e49486b152d/execute/sync'
13:30:41.871 [Forwarding isElementDisplayed on session b0ab0a1215e2ea2d27745e49486b152d to remote] DEBUG org.asynchttpclient.netty.request.NettyRequestSender - Using open Channel [id: 0xefea3bc9, L:/127.0.0.1:55044 - R:localhost/127.0.0.1:30866] for POST '/session/b0ab0a1215e2ea2d27745e49486b152d/execute/sync'
13:30:41.878 [AsyncHttpClient-1-2] DEBUG org.asynchttpclient.netty.handler.HttpHandler - 

Request DefaultHttpRequest(decodeResult: success, version: HTTP/1.1)
POST /session/b0ab0a1215e2ea2d27745e49486b152d/execute/sync HTTP/1.1
User-Agent: selenium/4.10.0 (java windows)
Content-Length: 48814
Content-Type: application/json; charset=utf-8
host: localhost:30866
accept: */*

Response DefaultHttpResponse(decodeResult: success, version: HTTP/1.1)
HTTP/1.1 200 OK
Content-Length: 14
Content-Type: application/json; charset=utf-8
cache-control: no-cache

13:30:41.878 [AsyncHttpClient-1-2] DEBUG org.asynchttpclient.netty.channel.ChannelManager - Adding key: http://localhost:30866 for channel [id: 0xefea3bc9, L:/127.0.0.1:55044 - R:localhost/127.0.0.1:30866]
13:30:41.880 [Forwarding findElement on session b0ab0a1215e2ea2d27745e49486b152d to remote] DEBUG org.asynchttpclient.netty.request.NettyRequestSender - Using pooled Channel '[id: 0xefea3bc9, L:/127.0.0.1:55044 - R:localhost/127.0.0.1:30866]' for 'POST' to 'http://localhost:30866/session/b0ab0a1215e2ea2d27745e49486b152d/element'
13:30:41.880 [Forwarding findElement on session b0ab0a1215e2ea2d27745e49486b152d to remote] DEBUG org.asynchttpclient.netty.request.NettyRequestSender - Using open Channel [id: 0xefea3bc9, L:/127.0.0.1:55044 - R:localhost/127.0.0.1:30866] for POST '/session/b0ab0a1215e2ea2d27745e49486b152d/element'
13:30:41.886 [AsyncHttpClient-1-2] DEBUG org.asynchttpclient.netty.handler.HttpHandler - 

Request DefaultHttpRequest(decodeResult: success, version: HTTP/1.1)
POST /session/b0ab0a1215e2ea2d27745e49486b152d/element HTTP/1.1
User-Agent: selenium/4.10.0 (java windows)
Content-Length: 82
Content-Type: application/json; charset=utf-8
host: localhost:30866
accept: */*

Response DefaultHttpResponse(decodeResult: success, version: HTTP/1.1)
HTTP/1.1 200 OK
Content-Length: 95
Content-Type: application/json; charset=utf-8
cache-control: no-cache

13:30:41.886 [AsyncHttpClient-1-2] DEBUG org.asynchttpclient.netty.channel.ChannelManager - Adding key: http://localhost:30866 for channel [id: 0xefea3bc9, L:/127.0.0.1:55044 - R:localhost/127.0.0.1:30866]
13:30:41.887 [Forwarding clickElement on session b0ab0a1215e2ea2d27745e49486b152d to remote] DEBUG org.asynchttpclient.netty.request.NettyRequestSender - Using pooled Channel '[id: 0xefea3bc9, L:/127.0.0.1:55044 - R:localhost/127.0.0.1:30866]' for 'POST' to 'http://localhost:30866/session/b0ab0a1215e2ea2d27745e49486b152d/element/BE4CFFA3138FCA3D2E1A51B32A181BD6_element_37/click'
13:30:41.887 [Forwarding clickElement on session b0ab0a1215e2ea2d27745e49486b152d to remote] DEBUG org.asynchttpclient.netty.request.NettyRequestSender - Using open Channel [id: 0xefea3bc9, L:/127.0.0.1:55044 - R:localhost/127.0.0.1:30866] for POST '/session/b0ab0a1215e2ea2d27745e49486b152d/element/BE4CFFA3138FCA3D2E1A51B32A181BD6_element_37/click'
13:30:41.935 [AsyncHttpClient-1-2] DEBUG org.asynchttpclient.netty.handler.HttpHandler - 

Request DefaultHttpRequest(decodeResult: success, version: HTTP/1.1)
POST /session/b0ab0a1215e2ea2d27745e49486b152d/element/BE4CFFA3138FCA3D2E1A51B32A181BD6_element_37/click HTTP/1.1
User-Agent: selenium/4.10.0 (java windows)
Content-Length: 57
Content-Type: application/json; charset=utf-8
host: localhost:30866
accept: */*

Response DefaultHttpResponse(decodeResult: success, version: HTTP/1.1)
HTTP/1.1 200 OK
Content-Length: 14
Content-Type: application/json; charset=utf-8
cache-control: no-cache

13:30:41.935 [AsyncHttpClient-1-2] DEBUG org.asynchttpclient.netty.channel.ChannelManager - Adding key: http://localhost:30866 for channel [id: 0xefea3bc9, L:/127.0.0.1:55044 - R:localhost/127.0.0.1:30866]
13:30:42.759 [AsyncHttpClient-1-1] DEBUG org.asynchttpclient.netty.channel.DefaultChannelPool - Entry count for : http://localhost:30866 : 1
13:30:42.759 [AsyncHttpClient-1-1] DEBUG org.asynchttpclient.netty.channel.DefaultChannelPool - Entry count for : http://localhost:55045 : 1
13:30:42.948 [Forwarding findElements on session b0ab0a1215e2ea2d27745e49486b152d to remote] DEBUG org.asynchttpclient.netty.request.NettyRequestSender - Using pooled Channel '[id: 0xefea3bc9, L:/127.0.0.1:55044 - R:localhost/127.0.0.1:30866]' for 'POST' to 'http://localhost:30866/session/b0ab0a1215e2ea2d27745e49486b152d/elements'
13:30:42.948 [Forwarding findElements on session b0ab0a1215e2ea2d27745e49486b152d to remote] DEBUG org.asynchttpclient.netty.request.NettyRequestSender - Using open Channel [id: 0xefea3bc9, L:/127.0.0.1:55044 - R:localhost/127.0.0.1:30866] for POST '/session/b0ab0a1215e2ea2d27745e49486b152d/elements'
13:30:42.957 [AsyncHttpClient-1-2] DEBUG org.asynchttpclient.netty.handler.HttpHandler - 

Request DefaultHttpRequest(decodeResult: success, version: HTTP/1.1)
POST /session/b0ab0a1215e2ea2d27745e49486b152d/elements HTTP/1.1
User-Agent: selenium/4.10.0 (java windows)
Content-Length: 77
Content-Type: application/json; charset=utf-8
host: localhost:30866
accept: */*

Response DefaultHttpResponse(decodeResult: success, version: HTTP/1.1)
HTTP/1.1 200 OK
Content-Length: 1215
Content-Type: application/json; charset=utf-8
cache-control: no-cache

13:30:42.958 [AsyncHttpClient-1-2] DEBUG org.asynchttpclient.netty.channel.ChannelManager - Adding key: http://localhost:30866 for channel [id: 0xefea3bc9, L:/127.0.0.1:55044 - R:localhost/127.0.0.1:30866]
[[ChromeDriver: chrome on windows (b0ab0a1215e2ea2d27745e49486b152d)] -> xpath: .//span[@class='company-name']]
13:30:42.965 [Forwarding getElementText on session b0ab0a1215e2ea2d27745e49486b152d to remote] DEBUG org.asynchttpclient.netty.request.NettyRequestSender - Using pooled Channel '[id: 0xefea3bc9, L:/127.0.0.1:55044 - R:localhost/127.0.0.1:30866]' for 'GET' to 'http://localhost:30866/session/b0ab0a1215e2ea2d27745e49486b152d/element/BE4CFFA3138FCA3D2E1A51B32A181BD6_element_41/text'
13:30:42.965 [Forwarding getElementText on session b0ab0a1215e2ea2d27745e49486b152d to remote] DEBUG org.asynchttpclient.netty.request.NettyRequestSender - Using open Channel [id: 0xefea3bc9, L:/127.0.0.1:55044 - R:localhost/127.0.0.1:30866] for GET '/session/b0ab0a1215e2ea2d27745e49486b152d/element/BE4CFFA3138FCA3D2E1A51B32A181BD6_element_41/text'
13:30:42.976 [AsyncHttpClient-1-2] DEBUG org.asynchttpclient.netty.handler.HttpHandler - 

Request DefaultFullHttpRequest(decodeResult: success, version: HTTP/1.1, content: EmptyByteBufBE)
GET /session/b0ab0a1215e2ea2d27745e49486b152d/element/BE4CFFA3138FCA3D2E1A51B32A181BD6_element_41/text HTTP/1.1
Cache-Control: no-cache
User-Agent: selenium/4.10.0 (java windows)
Content-Type: application/json; charset=utf-8
host: localhost:30866
accept: */*

Response DefaultHttpResponse(decodeResult: success, version: HTTP/1.1)
HTTP/1.1 200 OK
Content-Length: 65
Content-Type: application/json; charset=utf-8
cache-control: no-cache

13:30:42.976 [AsyncHttpClient-1-2] DEBUG org.asynchttpclient.netty.channel.ChannelManager - Adding key: http://localhost:30866 for channel [id: 0xefea3bc9, L:/127.0.0.1:55044 - R:localhost/127.0.0.1:30866]
[[ChromeDriver: chrome on windows (b0ab0a1215e2ea2d27745e49486b152d)] -> xpath: .//span[@class='company-name']]
13:30:42.977 [Forwarding getElementText on session b0ab0a1215e2ea2d27745e49486b152d to remote] DEBUG org.asynchttpclient.netty.request.NettyRequestSender - Using pooled Channel '[id: 0xefea3bc9, L:/127.0.0.1:55044 - R:localhost/127.0.0.1:30866]' for 'GET' to 'http://localhost:30866/session/b0ab0a1215e2ea2d27745e49486b152d/element/BE4CFFA3138FCA3D2E1A51B32A181BD6_element_42/text'
13:30:42.977 [Forwarding getElementText on session b0ab0a1215e2ea2d27745e49486b152d to remote] DEBUG org.asynchttpclient.netty.request.NettyRequestSender - Using open Channel [id: 0xefea3bc9, L:/127.0.0.1:55044 - R:localhost/127.0.0.1:30866] for GET '/session/b0ab0a1215e2ea2d27745e49486b152d/element/BE4CFFA3138FCA3D2E1A51B32A181BD6_element_42/text'
13:30:42.985 [AsyncHttpClient-1-2] DEBUG org.asynchttpclient.netty.handler.HttpHandler - 

Request DefaultFullHttpRequest(decodeResult: success, version: HTTP/1.1, content: EmptyByteBufBE)
GET /session/b0ab0a1215e2ea2d27745e49486b152d/element/BE4CFFA3138FCA3D2E1A51B32A181BD6_element_42/text HTTP/1.1
Cache-Control: no-cache
User-Agent: selenium/4.10.0 (java windows)
Content-Type: application/json; charset=utf-8
host: localhost:30866
accept: */*

Response DefaultHttpResponse(decodeResult: success, version: HTTP/1.1)
HTTP/1.1 200 OK
Content-Length: 114
Content-Type: application/json; charset=utf-8
cache-control: no-cache

13:30:42.985 [AsyncHttpClient-1-2] DEBUG org.asynchttpclient.netty.channel.ChannelManager - Adding key: http://localhost:30866 for channel [id: 0xefea3bc9, L:/127.0.0.1:55044 - R:localhost/127.0.0.1:30866]
[[ChromeDriver: chrome on windows (b0ab0a1215e2ea2d27745e49486b152d)] -> xpath: .//span[@class='company-name']]
13:30:42.986 [Forwarding getElementText on session b0ab0a1215e2ea2d27745e49486b152d to remote] DEBUG org.asynchttpclient.netty.request.NettyRequestSender - Using pooled Channel '[id: 0xefea3bc9, L:/127.0.0.1:55044 - R:localhost/127.0.0.1:30866]' for 'GET' to 'http://localhost:30866/session/b0ab0a1215e2ea2d27745e49486b152d/element/BE4CFFA3138FCA3D2E1A51B32A181BD6_element_43/text'
13:30:42.986 [Forwarding getElementText on session b0ab0a1215e2ea2d27745e49486b152d to remote] DEBUG org.asynchttpclient.netty.request.NettyRequestSender - Using open Channel [id: 0xefea3bc9, L:/127.0.0.1:55044 - R:localhost/127.0.0.1:30866] for GET '/session/b0ab0a1215e2ea2d27745e49486b152d/element/BE4CFFA3138FCA3D2E1A51B32A181BD6_element_43/text'
13:30:42.992 [AsyncHttpClient-1-2] DEBUG org.asynchttpclient.netty.handler.HttpHandler - 

Request DefaultFullHttpRequest(decodeResult: success, version: HTTP/1.1, content: EmptyByteBufBE)
GET /session/b0ab0a1215e2ea2d27745e49486b152d/element/BE4CFFA3138FCA3D2E1A51B32A181BD6_element_43/text HTTP/1.1
Cache-Control: no-cache
User-Agent: selenium/4.10.0 (java windows)
Content-Type: application/json; charset=utf-8
host: localhost:30866
accept: */*

Response DefaultHttpResponse(decodeResult: success, version: HTTP/1.1)
HTTP/1.1 200 OK
Content-Length: 59
Content-Type: application/json; charset=utf-8
cache-control: no-cache

13:30:42.992 [AsyncHttpClient-1-2] DEBUG org.asynchttpclient.netty.channel.ChannelManager - Adding key: http://localhost:30866 for channel [id: 0xefea3bc9, L:/127.0.0.1:55044 - R:localhost/127.0.0.1:30866]
[[ChromeDriver: chrome on windows (b0ab0a1215e2ea2d27745e49486b152d)] -> xpath: .//span[@class='company-name']]
13:30:42.993 [Forwarding getElementText on session b0ab0a1215e2ea2d27745e49486b152d to remote] DEBUG org.asynchttpclient.netty.request.NettyRequestSender - Using pooled Channel '[id: 0xefea3bc9, L:/127.0.0.1:55044 - R:localhost/127.0.0.1:30866]' for 'GET' to 'http://localhost:30866/session/b0ab0a1215e2ea2d27745e49486b152d/element/BE4CFFA3138FCA3D2E1A51B32A181BD6_element_44/text'
13:30:42.993 [Forwarding getElementText on session b0ab0a1215e2ea2d27745e49486b152d to remote] DEBUG org.asynchttpclient.netty.request.NettyRequestSender - Using open Channel [id: 0xefea3bc9, L:/127.0.0.1:55044 - R:localhost/127.0.0.1:30866] for GET '/session/b0ab0a1215e2ea2d27745e49486b152d/element/BE4CFFA3138FCA3D2E1A51B32A181BD6_element_44/text'
13:30:42.999 [AsyncHttpClient-1-2] DEBUG org.asynchttpclient.netty.handler.HttpHandler - 

Request DefaultFullHttpRequest(decodeResult: success, version: HTTP/1.1, content: EmptyByteBufBE)
GET /session/b0ab0a1215e2ea2d27745e49486b152d/element/BE4CFFA3138FCA3D2E1A51B32A181BD6_element_44/text HTTP/1.1
Cache-Control: no-cache
User-Agent: selenium/4.10.0 (java windows)
Content-Type: application/json; charset=utf-8
host: localhost:30866
accept: */*

Response DefaultHttpResponse(decodeResult: success, version: HTTP/1.1)
HTTP/1.1 200 OK
Content-Length: 41
Content-Type: application/json; charset=utf-8
cache-control: no-cache

13:30:43.000 [AsyncHttpClient-1-2] DEBUG org.asynchttpclient.netty.channel.ChannelManager - Adding key: http://localhost:30866 for channel [id: 0xefea3bc9, L:/127.0.0.1:55044 - R:localhost/127.0.0.1:30866]
13:30:43.001 [Forwarding clickElement on session b0ab0a1215e2ea2d27745e49486b152d to remote] DEBUG org.asynchttpclient.netty.request.NettyRequestSender - Using pooled Channel '[id: 0xefea3bc9, L:/127.0.0.1:55044 - R:localhost/127.0.0.1:30866]' for 'POST' to 'http://localhost:30866/session/b0ab0a1215e2ea2d27745e49486b152d/element/BE4CFFA3138FCA3D2E1A51B32A181BD6_element_44/click'
13:30:43.001 [Forwarding clickElement on session b0ab0a1215e2ea2d27745e49486b152d to remote] DEBUG org.asynchttpclient.netty.request.NettyRequestSender - Using open Channel [id: 0xefea3bc9, L:/127.0.0.1:55044 - R:localhost/127.0.0.1:30866] for POST '/session/b0ab0a1215e2ea2d27745e49486b152d/element/BE4CFFA3138FCA3D2E1A51B32A181BD6_element_44/click'
13:30:43.034 [AsyncHttpClient-1-2] DEBUG org.asynchttpclient.netty.handler.HttpHandler - 

Request DefaultHttpRequest(decodeResult: success, version: HTTP/1.1)
POST /session/b0ab0a1215e2ea2d27745e49486b152d/element/BE4CFFA3138FCA3D2E1A51B32A181BD6_element_44/click HTTP/1.1
User-Agent: selenium/4.10.0 (java windows)
Content-Length: 57
Content-Type: application/json; charset=utf-8
host: localhost:30866
accept: */*

Response DefaultHttpResponse(decodeResult: success, version: HTTP/1.1)
HTTP/1.1 200 OK
Content-Length: 14
Content-Type: application/json; charset=utf-8
cache-control: no-cache

13:30:43.035 [AsyncHttpClient-1-2] DEBUG org.asynchttpclient.netty.channel.ChannelManager - Adding key: http://localhost:30866 for channel [id: 0xefea3bc9, L:/127.0.0.1:55044 - R:localhost/127.0.0.1:30866]
[[ChromeDriver: chrome on windows (b0ab0a1215e2ea2d27745e49486b152d)] -> xpath: .//span[@class='company-name']]
13:30:43.035 [Forwarding getElementText on session b0ab0a1215e2ea2d27745e49486b152d to remote] DEBUG org.asynchttpclient.netty.request.NettyRequestSender - Using pooled Channel '[id: 0xefea3bc9, L:/127.0.0.1:55044 - R:localhost/127.0.0.1:30866]' for 'GET' to 'http://localhost:30866/session/b0ab0a1215e2ea2d27745e49486b152d/element/BE4CFFA3138FCA3D2E1A51B32A181BD6_element_45/text'
13:30:43.035 [Forwarding getElementText on session b0ab0a1215e2ea2d27745e49486b152d to remote] DEBUG org.asynchttpclient.netty.request.NettyRequestSender - Using open Channel [id: 0xefea3bc9, L:/127.0.0.1:55044 - R:localhost/127.0.0.1:30866] for GET '/session/b0ab0a1215e2ea2d27745e49486b152d/element/BE4CFFA3138FCA3D2E1A51B32A181BD6_element_45/text'
13:30:43.044 [AsyncHttpClient-1-2] DEBUG org.asynchttpclient.netty.handler.HttpHandler - 

Request DefaultFullHttpRequest(decodeResult: success, version: HTTP/1.1, content: EmptyByteBufBE)
GET /session/b0ab0a1215e2ea2d27745e49486b152d/element/BE4CFFA3138FCA3D2E1A51B32A181BD6_element_45/text HTTP/1.1
Cache-Control: no-cache
User-Agent: selenium/4.10.0 (java windows)
Content-Type: application/json; charset=utf-8
host: localhost:30866
accept: */*

Response DefaultHttpResponse(decodeResult: success, version: HTTP/1.1)
HTTP/1.1 200 OK
Content-Length: 81
Content-Type: application/json; charset=utf-8
cache-control: no-cache

13:30:43.044 [AsyncHttpClient-1-2] DEBUG org.asynchttpclient.netty.channel.ChannelManager - Adding key: http://localhost:30866 for channel [id: 0xefea3bc9, L:/127.0.0.1:55044 - R:localhost/127.0.0.1:30866]
[[ChromeDriver: chrome on windows (b0ab0a1215e2ea2d27745e49486b152d)] -> xpath: .//span[@class='company-name']]
13:30:43.045 [Forwarding getElementText on session b0ab0a1215e2ea2d27745e49486b152d to remote] DEBUG org.asynchttpclient.netty.request.NettyRequestSender - Using pooled Channel '[id: 0xefea3bc9, L:/127.0.0.1:55044 - R:localhost/127.0.0.1:30866]' for 'GET' to 'http://localhost:30866/session/b0ab0a1215e2ea2d27745e49486b152d/element/BE4CFFA3138FCA3D2E1A51B32A181BD6_element_46/text'
13:30:43.045 [Forwarding getElementText on session b0ab0a1215e2ea2d27745e49486b152d to remote] DEBUG org.asynchttpclient.netty.request.NettyRequestSender - Using open Channel [id: 0xefea3bc9, L:/127.0.0.1:55044 - R:localhost/127.0.0.1:30866] for GET '/session/b0ab0a1215e2ea2d27745e49486b152d/element/BE4CFFA3138FCA3D2E1A51B32A181BD6_element_46/text'
13:30:43.054 [AsyncHttpClient-1-2] DEBUG org.asynchttpclient.netty.handler.HttpHandler - 

Request DefaultFullHttpRequest(decodeResult: success, version: HTTP/1.1, content: EmptyByteBufBE)
GET /session/b0ab0a1215e2ea2d27745e49486b152d/element/BE4CFFA3138FCA3D2E1A51B32A181BD6_element_46/text HTTP/1.1
Cache-Control: no-cache
User-Agent: selenium/4.10.0 (java windows)
Content-Type: application/json; charset=utf-8
host: localhost:30866
accept: */*

Response DefaultHttpResponse(decodeResult: success, version: HTTP/1.1)
HTTP/1.1 200 OK
Content-Length: 69
Content-Type: application/json; charset=utf-8
cache-control: no-cache

13:30:43.054 [AsyncHttpClient-1-2] DEBUG org.asynchttpclient.netty.channel.ChannelManager - Adding key: http://localhost:30866 for channel [id: 0xefea3bc9, L:/127.0.0.1:55044 - R:localhost/127.0.0.1:30866]
[[ChromeDriver: chrome on windows (b0ab0a1215e2ea2d27745e49486b152d)] -> xpath: .//span[@class='company-name']]
13:30:43.055 [Forwarding getElementText on session b0ab0a1215e2ea2d27745e49486b152d to remote] DEBUG org.asynchttpclient.netty.request.NettyRequestSender - Using pooled Channel '[id: 0xefea3bc9, L:/127.0.0.1:55044 - R:localhost/127.0.0.1:30866]' for 'GET' to 'http://localhost:30866/session/b0ab0a1215e2ea2d27745e49486b152d/element/BE4CFFA3138FCA3D2E1A51B32A181BD6_element_47/text'
13:30:43.055 [Forwarding getElementText on session b0ab0a1215e2ea2d27745e49486b152d to remote] DEBUG org.asynchttpclient.netty.request.NettyRequestSender - Using open Channel [id: 0xefea3bc9, L:/127.0.0.1:55044 - R:localhost/127.0.0.1:30866] for GET '/session/b0ab0a1215e2ea2d27745e49486b152d/element/BE4CFFA3138FCA3D2E1A51B32A181BD6_element_47/text'
13:30:43.063 [AsyncHttpClient-1-2] DEBUG org.asynchttpclient.netty.handler.HttpHandler - 

Request DefaultFullHttpRequest(decodeResult: success, version: HTTP/1.1, content: EmptyByteBufBE)
GET /session/b0ab0a1215e2ea2d27745e49486b152d/element/BE4CFFA3138FCA3D2E1A51B32A181BD6_element_47/text HTTP/1.1
Cache-Control: no-cache
User-Agent: selenium/4.10.0 (java windows)
Content-Type: application/json; charset=utf-8
host: localhost:30866
accept: */*

Response DefaultHttpResponse(decodeResult: success, version: HTTP/1.1)
HTTP/1.1 200 OK
Content-Length: 53
Content-Type: application/json; charset=utf-8
cache-control: no-cache

13:30:43.063 [AsyncHttpClient-1-2] DEBUG org.asynchttpclient.netty.channel.ChannelManager - Adding key: http://localhost:30866 for channel [id: 0xefea3bc9, L:/127.0.0.1:55044 - R:localhost/127.0.0.1:30866]
[[ChromeDriver: chrome on windows (b0ab0a1215e2ea2d27745e49486b152d)] -> xpath: .//span[@class='company-name']]
13:30:43.064 [Forwarding getElementText on session b0ab0a1215e2ea2d27745e49486b152d to remote] DEBUG org.asynchttpclient.netty.request.NettyRequestSender - Using pooled Channel '[id: 0xefea3bc9, L:/127.0.0.1:55044 - R:localhost/127.0.0.1:30866]' for 'GET' to 'http://localhost:30866/session/b0ab0a1215e2ea2d27745e49486b152d/element/BE4CFFA3138FCA3D2E1A51B32A181BD6_element_48/text'
13:30:43.064 [Forwarding getElementText on session b0ab0a1215e2ea2d27745e49486b152d to remote] DEBUG org.asynchttpclient.netty.request.NettyRequestSender - Using open Channel [id: 0xefea3bc9, L:/127.0.0.1:55044 - R:localhost/127.0.0.1:30866] for GET '/session/b0ab0a1215e2ea2d27745e49486b152d/element/BE4CFFA3138FCA3D2E1A51B32A181BD6_element_48/text'
13:30:43.071 [AsyncHttpClient-1-2] DEBUG org.asynchttpclient.netty.handler.HttpHandler - 

Request DefaultFullHttpRequest(decodeResult: success, version: HTTP/1.1, content: EmptyByteBufBE)
GET /session/b0ab0a1215e2ea2d27745e49486b152d/element/BE4CFFA3138FCA3D2E1A51B32A181BD6_element_48/text HTTP/1.1
Cache-Control: no-cache
User-Agent: selenium/4.10.0 (java windows)
Content-Type: application/json; charset=utf-8
host: localhost:30866
accept: */*

Response DefaultHttpResponse(decodeResult: success, version: HTTP/1.1)
HTTP/1.1 200 OK
Content-Length: 79
Content-Type: application/json; charset=utf-8
cache-control: no-cache

13:30:43.071 [AsyncHttpClient-1-2] DEBUG org.asynchttpclient.netty.channel.ChannelManager - Adding key: http://localhost:30866 for channel [id: 0xefea3bc9, L:/127.0.0.1:55044 - R:localhost/127.0.0.1:30866]
[[ChromeDriver: chrome on windows (b0ab0a1215e2ea2d27745e49486b152d)] -> xpath: .//span[@class='company-name']]
13:30:43.072 [Forwarding getElementText on session b0ab0a1215e2ea2d27745e49486b152d to remote] DEBUG org.asynchttpclient.netty.request.NettyRequestSender - Using pooled Channel '[id: 0xefea3bc9, L:/127.0.0.1:55044 - R:localhost/127.0.0.1:30866]' for 'GET' to 'http://localhost:30866/session/b0ab0a1215e2ea2d27745e49486b152d/element/BE4CFFA3138FCA3D2E1A51B32A181BD6_element_49/text'
13:30:43.072 [Forwarding getElementText on session b0ab0a1215e2ea2d27745e49486b152d to remote] DEBUG org.asynchttpclient.netty.request.NettyRequestSender - Using open Channel [id: 0xefea3bc9, L:/127.0.0.1:55044 - R:localhost/127.0.0.1:30866] for GET '/session/b0ab0a1215e2ea2d27745e49486b152d/element/BE4CFFA3138FCA3D2E1A51B32A181BD6_element_49/text'
13:30:43.078 [AsyncHttpClient-1-2] DEBUG org.asynchttpclient.netty.handler.HttpHandler - 

Request DefaultFullHttpRequest(decodeResult: success, version: HTTP/1.1, content: EmptyByteBufBE)
GET /session/b0ab0a1215e2ea2d27745e49486b152d/element/BE4CFFA3138FCA3D2E1A51B32A181BD6_element_49/text HTTP/1.1
Cache-Control: no-cache
User-Agent: selenium/4.10.0 (java windows)
Content-Type: application/json; charset=utf-8
host: localhost:30866
accept: */*

Response DefaultHttpResponse(decodeResult: success, version: HTTP/1.1)
HTTP/1.1 200 OK
Content-Length: 12
Content-Type: application/json; charset=utf-8
cache-control: no-cache

13:30:43.078 [AsyncHttpClient-1-2] DEBUG org.asynchttpclient.netty.channel.ChannelManager - Adding key: http://localhost:30866 for channel [id: 0xefea3bc9, L:/127.0.0.1:55044 - R:localhost/127.0.0.1:30866]
[[ChromeDriver: chrome on windows (b0ab0a1215e2ea2d27745e49486b152d)] -> xpath: .//span[@class='company-name']]
13:30:43.079 [Forwarding getElementText on session b0ab0a1215e2ea2d27745e49486b152d to remote] DEBUG org.asynchttpclient.netty.request.NettyRequestSender - Using pooled Channel '[id: 0xefea3bc9, L:/127.0.0.1:55044 - R:localhost/127.0.0.1:30866]' for 'GET' to 'http://localhost:30866/session/b0ab0a1215e2ea2d27745e49486b152d/element/BE4CFFA3138FCA3D2E1A51B32A181BD6_element_50/text'
13:30:43.079 [Forwarding getElementText on session b0ab0a1215e2ea2d27745e49486b152d to remote] DEBUG org.asynchttpclient.netty.request.NettyRequestSender - Using open Channel [id: 0xefea3bc9, L:/127.0.0.1:55044 - R:localhost/127.0.0.1:30866] for GET '/session/b0ab0a1215e2ea2d27745e49486b152d/element/BE4CFFA3138FCA3D2E1A51B32A181BD6_element_50/text'
13:30:43.085 [AsyncHttpClient-1-2] DEBUG org.asynchttpclient.netty.handler.HttpHandler - 

Request DefaultFullHttpRequest(decodeResult: success, version: HTTP/1.1, content: EmptyByteBufBE)
GET /session/b0ab0a1215e2ea2d27745e49486b152d/element/BE4CFFA3138FCA3D2E1A51B32A181BD6_element_50/text HTTP/1.1
Cache-Control: no-cache
User-Agent: selenium/4.10.0 (java windows)
Content-Type: application/json; charset=utf-8
host: localhost:30866
accept: */*

Response DefaultHttpResponse(decodeResult: success, version: HTTP/1.1)
HTTP/1.1 200 OK
Content-Length: 12
Content-Type: application/json; charset=utf-8
cache-control: no-cache

13:30:43.085 [AsyncHttpClient-1-2] DEBUG org.asynchttpclient.netty.channel.ChannelManager - Adding key: http://localhost:30866 for channel [id: 0xefea3bc9, L:/127.0.0.1:55044 - R:localhost/127.0.0.1:30866]
[[ChromeDriver: chrome on windows (b0ab0a1215e2ea2d27745e49486b152d)] -> xpath: .//span[@class='company-name']]
13:30:43.086 [Forwarding getElementText on session b0ab0a1215e2ea2d27745e49486b152d to remote] DEBUG org.asynchttpclient.netty.request.NettyRequestSender - Using pooled Channel '[id: 0xefea3bc9, L:/127.0.0.1:55044 - R:localhost/127.0.0.1:30866]' for 'GET' to 'http://localhost:30866/session/b0ab0a1215e2ea2d27745e49486b152d/element/BE4CFFA3138FCA3D2E1A51B32A181BD6_element_51/text'
13:30:43.086 [Forwarding getElementText on session b0ab0a1215e2ea2d27745e49486b152d to remote] DEBUG org.asynchttpclient.netty.request.NettyRequestSender - Using open Channel [id: 0xefea3bc9, L:/127.0.0.1:55044 - R:localhost/127.0.0.1:30866] for GET '/session/b0ab0a1215e2ea2d27745e49486b152d/element/BE4CFFA3138FCA3D2E1A51B32A181BD6_element_51/text'
13:30:43.091 [AsyncHttpClient-1-2] DEBUG org.asynchttpclient.netty.handler.HttpHandler - 

Request DefaultFullHttpRequest(decodeResult: success, version: HTTP/1.1, content: EmptyByteBufBE)
GET /session/b0ab0a1215e2ea2d27745e49486b152d/element/BE4CFFA3138FCA3D2E1A51B32A181BD6_element_51/text HTTP/1.1
Cache-Control: no-cache
User-Agent: selenium/4.10.0 (java windows)
Content-Type: application/json; charset=utf-8
host: localhost:30866
accept: */*

Response DefaultHttpResponse(decodeResult: success, version: HTTP/1.1)
HTTP/1.1 200 OK
Content-Length: 12
Content-Type: application/json; charset=utf-8
cache-control: no-cache

13:30:43.091 [AsyncHttpClient-1-2] DEBUG org.asynchttpclient.netty.channel.ChannelManager - Adding key: http://localhost:30866 for channel [id: 0xefea3bc9, L:/127.0.0.1:55044 - R:localhost/127.0.0.1:30866]
[[ChromeDriver: chrome on windows (b0ab0a1215e2ea2d27745e49486b152d)] -> xpath: .//span[@class='company-name']]
13:30:43.092 [Forwarding getElementText on session b0ab0a1215e2ea2d27745e49486b152d to remote] DEBUG org.asynchttpclient.netty.request.NettyRequestSender - Using pooled Channel '[id: 0xefea3bc9, L:/127.0.0.1:55044 - R:localhost/127.0.0.1:30866]' for 'GET' to 'http://localhost:30866/session/b0ab0a1215e2ea2d27745e49486b152d/element/BE4CFFA3138FCA3D2E1A51B32A181BD6_element_52/text'
13:30:43.092 [Forwarding getElementText on session b0ab0a1215e2ea2d27745e49486b152d to remote] DEBUG org.asynchttpclient.netty.request.NettyRequestSender - Using open Channel [id: 0xefea3bc9, L:/127.0.0.1:55044 - R:localhost/127.0.0.1:30866] for GET '/session/b0ab0a1215e2ea2d27745e49486b152d/element/BE4CFFA3138FCA3D2E1A51B32A181BD6_element_52/text'
13:30:43.098 [AsyncHttpClient-1-2] DEBUG org.asynchttpclient.netty.handler.HttpHandler - 

Request DefaultFullHttpRequest(decodeResult: success, version: HTTP/1.1, content: EmptyByteBufBE)
GET /session/b0ab0a1215e2ea2d27745e49486b152d/element/BE4CFFA3138FCA3D2E1A51B32A181BD6_element_52/text HTTP/1.1
Cache-Control: no-cache
User-Agent: selenium/4.10.0 (java windows)
Content-Type: application/json; charset=utf-8
host: localhost:30866
accept: */*

Response DefaultHttpResponse(decodeResult: success, version: HTTP/1.1)
HTTP/1.1 200 OK
Content-Length: 12
Content-Type: application/json; charset=utf-8
cache-control: no-cache

13:30:43.098 [AsyncHttpClient-1-2] DEBUG org.asynchttpclient.netty.channel.ChannelManager - Adding key: http://localhost:30866 for channel [id: 0xefea3bc9, L:/127.0.0.1:55044 - R:localhost/127.0.0.1:30866]
[[ChromeDriver: chrome on windows (b0ab0a1215e2ea2d27745e49486b152d)] -> xpath: .//span[@class='company-name']]
13:30:43.099 [Forwarding getElementText on session b0ab0a1215e2ea2d27745e49486b152d to remote] DEBUG org.asynchttpclient.netty.request.NettyRequestSender - Using pooled Channel '[id: 0xefea3bc9, L:/127.0.0.1:55044 - R:localhost/127.0.0.1:30866]' for 'GET' to 'http://localhost:30866/session/b0ab0a1215e2ea2d27745e49486b152d/element/BE4CFFA3138FCA3D2E1A51B32A181BD6_element_53/text'
13:30:43.099 [Forwarding getElementText on session b0ab0a1215e2ea2d27745e49486b152d to remote] DEBUG org.asynchttpclient.netty.request.NettyRequestSender - Using open Channel [id: 0xefea3bc9, L:/127.0.0.1:55044 - R:localhost/127.0.0.1:30866] for GET '/session/b0ab0a1215e2ea2d27745e49486b152d/element/BE4CFFA3138FCA3D2E1A51B32A181BD6_element_53/text'
13:30:43.106 [AsyncHttpClient-1-2] DEBUG org.asynchttpclient.netty.handler.HttpHandler - 

Request DefaultFullHttpRequest(decodeResult: success, version: HTTP/1.1, content: EmptyByteBufBE)
GET /session/b0ab0a1215e2ea2d27745e49486b152d/element/BE4CFFA3138FCA3D2E1A51B32A181BD6_element_53/text HTTP/1.1
Cache-Control: no-cache
User-Agent: selenium/4.10.0 (java windows)
Content-Type: application/json; charset=utf-8
host: localhost:30866
accept: */*

Response DefaultHttpResponse(decodeResult: success, version: HTTP/1.1)
HTTP/1.1 200 OK
Content-Length: 12
Content-Type: application/json; charset=utf-8
cache-control: no-cache

13:30:43.106 [AsyncHttpClient-1-2] DEBUG org.asynchttpclient.netty.channel.ChannelManager - Adding key: http://localhost:30866 for channel [id: 0xefea3bc9, L:/127.0.0.1:55044 - R:localhost/127.0.0.1:30866]
[[ChromeDriver: chrome on windows (b0ab0a1215e2ea2d27745e49486b152d)] -> xpath: .//span[@class='company-name']]
13:30:43.107 [Forwarding getElementText on session b0ab0a1215e2ea2d27745e49486b152d to remote] DEBUG org.asynchttpclient.netty.request.NettyRequestSender - Using pooled Channel '[id: 0xefea3bc9, L:/127.0.0.1:55044 - R:localhost/127.0.0.1:30866]' for 'GET' to 'http://localhost:30866/session/b0ab0a1215e2ea2d27745e49486b152d/element/BE4CFFA3138FCA3D2E1A51B32A181BD6_element_54/text'
13:30:43.107 [Forwarding getElementText on session b0ab0a1215e2ea2d27745e49486b152d to remote] DEBUG org.asynchttpclient.netty.request.NettyRequestSender - Using open Channel [id: 0xefea3bc9, L:/127.0.0.1:55044 - R:localhost/127.0.0.1:30866] for GET '/session/b0ab0a1215e2ea2d27745e49486b152d/element/BE4CFFA3138FCA3D2E1A51B32A181BD6_element_54/text'
13:30:43.112 [AsyncHttpClient-1-2] DEBUG org.asynchttpclient.netty.handler.HttpHandler - 

Request DefaultFullHttpRequest(decodeResult: success, version: HTTP/1.1, content: EmptyByteBufBE)
GET /session/b0ab0a1215e2ea2d27745e49486b152d/element/BE4CFFA3138FCA3D2E1A51B32A181BD6_element_54/text HTTP/1.1
Cache-Control: no-cache
User-Agent: selenium/4.10.0 (java windows)
Content-Type: application/json; charset=utf-8
host: localhost:30866
accept: */*

Response DefaultHttpResponse(decodeResult: success, version: HTTP/1.1)
HTTP/1.1 200 OK
Content-Length: 12
Content-Type: application/json; charset=utf-8
cache-control: no-cache

13:30:43.112 [AsyncHttpClient-1-2] DEBUG org.asynchttpclient.netty.channel.ChannelManager - Adding key: http://localhost:30866 for channel [id: 0xefea3bc9, L:/127.0.0.1:55044 - R:localhost/127.0.0.1:30866]
]]></system-out>
    <system-err><![CDATA[июл. 31, 2023 1:30:30 PM org.openqa.selenium.remote.service.DriverService$Builder getLogOutput
INFO: Driver logs no longer sent to console by default; https://www.selenium.dev/documentation/webdriver/drivers/service/#setting-log-output
июл. 31, 2023 1:30:32 PM org.openqa.selenium.devtools.CdpVersionFinder findNearestMatch
WARNING: Unable to find an exact match for CDP version 115, so returning the closest version found: 114
]]></system-err>
  </testcase>
  <testcase name="chooseUSD" classname="org.OptimaBusTests.uiTests.CalcTests" time="0.019">
    <failure type="java.lang.NullPointerException">java.lang.NullPointerException
	at org.OptimaBusTests.uiTests.CalcTests.chooseUSD(CalcTests.java:31)
</failure>
    <system-out><![CDATA[13:30:43.311 [Forwarding getCurrentUrl on session b0ab0a1215e2ea2d27745e49486b152d to remote] DEBUG org.asynchttpclient.netty.request.NettyRequestSender - Using pooled Channel '[id: 0xefea3bc9, L:/127.0.0.1:55044 - R:localhost/127.0.0.1:30866]' for 'GET' to 'http://localhost:30866/session/b0ab0a1215e2ea2d27745e49486b152d/url'
13:30:43.311 [Forwarding getCurrentUrl on session b0ab0a1215e2ea2d27745e49486b152d to remote] DEBUG org.asynchttpclient.netty.request.NettyRequestSender - Using open Channel [id: 0xefea3bc9, L:/127.0.0.1:55044 - R:localhost/127.0.0.1:30866] for GET '/session/b0ab0a1215e2ea2d27745e49486b152d/url'
13:30:43.315 [AsyncHttpClient-1-2] DEBUG org.asynchttpclient.netty.handler.HttpHandler - 

Request DefaultFullHttpRequest(decodeResult: success, version: HTTP/1.1, content: EmptyByteBufBE)
GET /session/b0ab0a1215e2ea2d27745e49486b152d/url HTTP/1.1
Cache-Control: no-cache
User-Agent: selenium/4.10.0 (java windows)
Content-Type: application/json; charset=utf-8
host: localhost:30866
accept: */*

Response DefaultHttpResponse(decodeResult: success, version: HTTP/1.1)
HTTP/1.1 200 OK
Content-Length: 50
Content-Type: application/json; charset=utf-8
cache-control: no-cache

13:30:43.315 [AsyncHttpClient-1-2] DEBUG org.asynchttpclient.netty.channel.ChannelManager - Adding key: http://localhost:30866 for channel [id: 0xefea3bc9, L:/127.0.0.1:55044 - R:localhost/127.0.0.1:30866]
]]></system-out>
  </testcase>
  <testcase name="clickableNaPodpisBTN" classname="org.OptimaBusTests.uiTests.createBTNTest.ConvertingTest" time="37.783"/>
  <testcase name="createNaPodpisFunctionalDollar" classname="org.OptimaBusTests.uiTests.createBTNTest.ConvertingTest" time="40.383">
    <failure message="Expected condition failed: waiting for visibility of Proxy element for: DefaultElementLocator &apos;By.xpath: (.//div[@class=&apos;ob-select&apos;])[2]&apos; (tried for 6 second(s) with 500 milliseconds interval)" type="org.openqa.selenium.TimeoutException">org.openqa.selenium.TimeoutException: Expected condition failed: waiting for visibility of Proxy element for: DefaultElementLocator 'By.xpath: (.//div[@class='ob-select'])[2]' (tried for 6 second(s) with 500 milliseconds interval)
	at org.OptimaBusTests.uiTests.createBTNTest.ConvertingTest.createNaPodpisFunctionalDollar(ConvertingTest.java:54)
Caused by: org.openqa.selenium.NoSuchElementException: 
no such element: Unable to locate element: {"method":"xpath","selector":"(.//div[@class='ob-select'])[2]"}
  (Session info: chrome=115.0.5790.110)
For documentation on this error, please visit: https://www.selenium.dev/documentation/webdriver/troubleshooting/errors#no-such-element-exception
Build info: version: '4.10.0', revision: 'c14d967899'
System info: os.name: 'Windows 10', os.arch: 'amd64', os.version: '10.0', java.version: '11.0.16.1'
Driver info: org.openqa.selenium.chrome.ChromeDriver
Command: [676aef790b1b9b3ca5fdd595e41805e5, findElement {using=xpath, value=(.//div[@class='ob-select'])[2]}]
Capabilities {acceptInsecureCerts: false, browserName: chrome, browserVersion: 115.0.5790.110, chrome: {chromedriverVersion: 114.0.5735.90 (386bc09e8f4f..., userDataDir: C:\Users\Asus\AppData\Local...}, goog:chromeOptions: {debuggerAddress: localhost:55080}, networkConnectionEnabled: false, pageLoadStrategy: normal, platformName: windows, proxy: Proxy(), se:cdp: ws://localhost:55080/devtoo..., se:cdpVersion: 115.0.5790.110, setWindowRect: true, strictFileInteractability: false, timeouts: {implicit: 0, pageLoad: 300000, script: 30000}, unhandledPromptBehavior: dismiss and notify, webauthn:extension:credBlob: true, webauthn:extension:largeBlob: true, webauthn:extension:minPinLength: true, webauthn:extension:prf: true, webauthn:virtualAuthenticators: true}
Session ID: 676aef790b1b9b3ca5fdd595e41805e5
	at org.OptimaBusTests.uiTests.createBTNTest.ConvertingTest.createNaPodpisFunctionalDollar(ConvertingTest.java:54)
</failure>
    <system-out><![CDATA[13:31:34.506 [Forwarding refresh on session 676aef790b1b9b3ca5fdd595e41805e5 to remote] DEBUG org.asynchttpclient.netty.request.NettyRequestSender - Using pooled Channel '[id: 0x6084fa55, L:/127.0.0.1:55079 - R:localhost/127.0.0.1:33143]' for 'POST' to 'http://localhost:33143/session/676aef790b1b9b3ca5fdd595e41805e5/refresh'
13:31:34.506 [Forwarding refresh on session 676aef790b1b9b3ca5fdd595e41805e5 to remote] DEBUG org.asynchttpclient.netty.request.NettyRequestSender - Using open Channel [id: 0x6084fa55, L:/127.0.0.1:55079 - R:localhost/127.0.0.1:33143] for POST '/session/676aef790b1b9b3ca5fdd595e41805e5/refresh'
13:31:34.514 [AsyncHttpClient-1-5] DEBUG org.asynchttpclient.netty.handler.HttpHandler - 

Request DefaultHttpRequest(decodeResult: success, version: HTTP/1.1)
POST /session/676aef790b1b9b3ca5fdd595e41805e5/refresh HTTP/1.1
User-Agent: selenium/4.10.0 (java windows)
Content-Length: 3
Content-Type: application/json; charset=utf-8
host: localhost:33143
accept: */*

Response DefaultHttpResponse(decodeResult: success, version: HTTP/1.1)
HTTP/1.1 200 OK
Content-Length: 14
Content-Type: application/json; charset=utf-8
cache-control: no-cache

13:31:34.514 [AsyncHttpClient-1-5] DEBUG org.asynchttpclient.netty.channel.ChannelManager - Adding key: http://localhost:33143 for channel [id: 0x6084fa55, L:/127.0.0.1:55079 - R:localhost/127.0.0.1:33143]
13:31:35.552 [AsyncHttpClient-1-1] DEBUG org.asynchttpclient.netty.channel.DefaultChannelPool - Entry count for : http://localhost:33143 : 1
13:31:35.552 [AsyncHttpClient-1-1] DEBUG org.asynchttpclient.netty.channel.DefaultChannelPool - Entry count for : http://localhost:55080 : 1
13:31:36.659 [AsyncHttpClient-1-1] DEBUG org.asynchttpclient.netty.channel.DefaultChannelPool - Entry count for : http://localhost:33143 : 1
13:31:36.659 [AsyncHttpClient-1-1] DEBUG org.asynchttpclient.netty.channel.DefaultChannelPool - Entry count for : http://localhost:55080 : 1
13:31:37.753 [AsyncHttpClient-1-1] DEBUG org.asynchttpclient.netty.channel.DefaultChannelPool - Entry count for : http://localhost:33143 : 1
13:31:37.753 [AsyncHttpClient-1-1] DEBUG org.asynchttpclient.netty.channel.DefaultChannelPool - Entry count for : http://localhost:55080 : 1
13:31:38.860 [AsyncHttpClient-1-1] DEBUG org.asynchttpclient.netty.channel.DefaultChannelPool - Entry count for : http://localhost:33143 : 1
13:31:38.860 [AsyncHttpClient-1-1] DEBUG org.asynchttpclient.netty.channel.DefaultChannelPool - Entry count for : http://localhost:55080 : 1
13:31:39.958 [AsyncHttpClient-1-1] DEBUG org.asynchttpclient.netty.channel.DefaultChannelPool - Entry count for : http://localhost:33143 : 1
13:31:39.958 [AsyncHttpClient-1-1] DEBUG org.asynchttpclient.netty.channel.DefaultChannelPool - Entry count for : http://localhost:55080 : 1
13:31:41.053 [AsyncHttpClient-1-1] DEBUG org.asynchttpclient.netty.channel.DefaultChannelPool - Entry count for : http://localhost:33143 : 1
13:31:41.053 [AsyncHttpClient-1-1] DEBUG org.asynchttpclient.netty.channel.DefaultChannelPool - Entry count for : http://localhost:55080 : 1
13:31:41.533 [Forwarding findElement on session 676aef790b1b9b3ca5fdd595e41805e5 to remote] DEBUG org.asynchttpclient.netty.request.NettyRequestSender - Using pooled Channel '[id: 0x6084fa55, L:/127.0.0.1:55079 - R:localhost/127.0.0.1:33143]' for 'POST' to 'http://localhost:33143/session/676aef790b1b9b3ca5fdd595e41805e5/element'
13:31:41.533 [Forwarding findElement on session 676aef790b1b9b3ca5fdd595e41805e5 to remote] DEBUG org.asynchttpclient.netty.request.NettyRequestSender - Using open Channel [id: 0x6084fa55, L:/127.0.0.1:55079 - R:localhost/127.0.0.1:33143] for POST '/session/676aef790b1b9b3ca5fdd595e41805e5/element'
13:31:41.541 [AsyncHttpClient-1-5] DEBUG org.asynchttpclient.netty.handler.HttpHandler - 

Request DefaultHttpRequest(decodeResult: success, version: HTTP/1.1)
POST /session/676aef790b1b9b3ca5fdd595e41805e5/element HTTP/1.1
User-Agent: selenium/4.10.0 (java windows)
Content-Length: 115
Content-Type: application/json; charset=utf-8
host: localhost:33143
accept: */*

Response DefaultHttpResponse(decodeResult: success, version: HTTP/1.1)
HTTP/1.1 200 OK
Content-Length: 95
Content-Type: application/json; charset=utf-8
cache-control: no-cache

13:31:41.541 [AsyncHttpClient-1-5] DEBUG org.asynchttpclient.netty.channel.ChannelManager - Adding key: http://localhost:33143 for channel [id: 0x6084fa55, L:/127.0.0.1:55079 - R:localhost/127.0.0.1:33143]
13:31:41.543 [Forwarding isElementDisplayed on session 676aef790b1b9b3ca5fdd595e41805e5 to remote] DEBUG org.asynchttpclient.netty.request.NettyRequestSender - Using pooled Channel '[id: 0x6084fa55, L:/127.0.0.1:55079 - R:localhost/127.0.0.1:33143]' for 'POST' to 'http://localhost:33143/session/676aef790b1b9b3ca5fdd595e41805e5/execute/sync'
13:31:41.543 [Forwarding isElementDisplayed on session 676aef790b1b9b3ca5fdd595e41805e5 to remote] DEBUG org.asynchttpclient.netty.request.NettyRequestSender - Using open Channel [id: 0x6084fa55, L:/127.0.0.1:55079 - R:localhost/127.0.0.1:33143] for POST '/session/676aef790b1b9b3ca5fdd595e41805e5/execute/sync'
13:31:41.550 [AsyncHttpClient-1-5] DEBUG org.asynchttpclient.netty.handler.HttpHandler - 

Request DefaultHttpRequest(decodeResult: success, version: HTTP/1.1)
POST /session/676aef790b1b9b3ca5fdd595e41805e5/execute/sync HTTP/1.1
User-Agent: selenium/4.10.0 (java windows)
Content-Length: 48814
Content-Type: application/json; charset=utf-8
host: localhost:33143
accept: */*

Response DefaultHttpResponse(decodeResult: success, version: HTTP/1.1)
HTTP/1.1 200 OK
Content-Length: 14
Content-Type: application/json; charset=utf-8
cache-control: no-cache

13:31:41.550 [AsyncHttpClient-1-5] DEBUG org.asynchttpclient.netty.channel.ChannelManager - Adding key: http://localhost:33143 for channel [id: 0x6084fa55, L:/127.0.0.1:55079 - R:localhost/127.0.0.1:33143]
[INFO ] 2023-07-31 13:31:41.551 [main] WebElementActions - Waiting for element to be clickable
13:31:41.551 [Forwarding findElement on session 676aef790b1b9b3ca5fdd595e41805e5 to remote] DEBUG org.asynchttpclient.netty.request.NettyRequestSender - Using pooled Channel '[id: 0x6084fa55, L:/127.0.0.1:55079 - R:localhost/127.0.0.1:33143]' for 'POST' to 'http://localhost:33143/session/676aef790b1b9b3ca5fdd595e41805e5/element'
13:31:41.551 [Forwarding findElement on session 676aef790b1b9b3ca5fdd595e41805e5 to remote] DEBUG org.asynchttpclient.netty.request.NettyRequestSender - Using open Channel [id: 0x6084fa55, L:/127.0.0.1:55079 - R:localhost/127.0.0.1:33143] for POST '/session/676aef790b1b9b3ca5fdd595e41805e5/element'
13:31:41.557 [AsyncHttpClient-1-5] DEBUG org.asynchttpclient.netty.handler.HttpHandler - 

Request DefaultHttpRequest(decodeResult: success, version: HTTP/1.1)
POST /session/676aef790b1b9b3ca5fdd595e41805e5/element HTTP/1.1
User-Agent: selenium/4.10.0 (java windows)
Content-Length: 115
Content-Type: application/json; charset=utf-8
host: localhost:33143
accept: */*

Response DefaultHttpResponse(decodeResult: success, version: HTTP/1.1)
HTTP/1.1 200 OK
Content-Length: 95
Content-Type: application/json; charset=utf-8
cache-control: no-cache

13:31:41.557 [AsyncHttpClient-1-5] DEBUG org.asynchttpclient.netty.channel.ChannelManager - Adding key: http://localhost:33143 for channel [id: 0x6084fa55, L:/127.0.0.1:55079 - R:localhost/127.0.0.1:33143]
13:31:41.558 [Forwarding isElementDisplayed on session 676aef790b1b9b3ca5fdd595e41805e5 to remote] DEBUG org.asynchttpclient.netty.request.NettyRequestSender - Using pooled Channel '[id: 0x6084fa55, L:/127.0.0.1:55079 - R:localhost/127.0.0.1:33143]' for 'POST' to 'http://localhost:33143/session/676aef790b1b9b3ca5fdd595e41805e5/execute/sync'
13:31:41.559 [Forwarding isElementDisplayed on session 676aef790b1b9b3ca5fdd595e41805e5 to remote] DEBUG org.asynchttpclient.netty.request.NettyRequestSender - Using open Channel [id: 0x6084fa55, L:/127.0.0.1:55079 - R:localhost/127.0.0.1:33143] for POST '/session/676aef790b1b9b3ca5fdd595e41805e5/execute/sync'
13:31:41.565 [AsyncHttpClient-1-5] DEBUG org.asynchttpclient.netty.handler.HttpHandler - 

Request DefaultHttpRequest(decodeResult: success, version: HTTP/1.1)
POST /session/676aef790b1b9b3ca5fdd595e41805e5/execute/sync HTTP/1.1
User-Agent: selenium/4.10.0 (java windows)
Content-Length: 48814
Content-Type: application/json; charset=utf-8
host: localhost:33143
accept: */*

Response DefaultHttpResponse(decodeResult: success, version: HTTP/1.1)
HTTP/1.1 200 OK
Content-Length: 14
Content-Type: application/json; charset=utf-8
cache-control: no-cache

13:31:41.566 [AsyncHttpClient-1-5] DEBUG org.asynchttpclient.netty.channel.ChannelManager - Adding key: http://localhost:33143 for channel [id: 0x6084fa55, L:/127.0.0.1:55079 - R:localhost/127.0.0.1:33143]
13:31:41.566 [Forwarding findElement on session 676aef790b1b9b3ca5fdd595e41805e5 to remote] DEBUG org.asynchttpclient.netty.request.NettyRequestSender - Using pooled Channel '[id: 0x6084fa55, L:/127.0.0.1:55079 - R:localhost/127.0.0.1:33143]' for 'POST' to 'http://localhost:33143/session/676aef790b1b9b3ca5fdd595e41805e5/element'
13:31:41.566 [Forwarding findElement on session 676aef790b1b9b3ca5fdd595e41805e5 to remote] DEBUG org.asynchttpclient.netty.request.NettyRequestSender - Using open Channel [id: 0x6084fa55, L:/127.0.0.1:55079 - R:localhost/127.0.0.1:33143] for POST '/session/676aef790b1b9b3ca5fdd595e41805e5/element'
13:31:41.571 [AsyncHttpClient-1-5] DEBUG org.asynchttpclient.netty.handler.HttpHandler - 

Request DefaultHttpRequest(decodeResult: success, version: HTTP/1.1)
POST /session/676aef790b1b9b3ca5fdd595e41805e5/element HTTP/1.1
User-Agent: selenium/4.10.0 (java windows)
Content-Length: 115
Content-Type: application/json; charset=utf-8
host: localhost:33143
accept: */*

Response DefaultHttpResponse(decodeResult: success, version: HTTP/1.1)
HTTP/1.1 200 OK
Content-Length: 95
Content-Type: application/json; charset=utf-8
cache-control: no-cache

13:31:41.572 [AsyncHttpClient-1-5] DEBUG org.asynchttpclient.netty.channel.ChannelManager - Adding key: http://localhost:33143 for channel [id: 0x6084fa55, L:/127.0.0.1:55079 - R:localhost/127.0.0.1:33143]
13:31:41.572 [Forwarding isElementEnabled on session 676aef790b1b9b3ca5fdd595e41805e5 to remote] DEBUG org.asynchttpclient.netty.request.NettyRequestSender - Using pooled Channel '[id: 0x6084fa55, L:/127.0.0.1:55079 - R:localhost/127.0.0.1:33143]' for 'GET' to 'http://localhost:33143/session/676aef790b1b9b3ca5fdd595e41805e5/element/F0D964BBAAB890875AC44B5E6675E5E3_element_85/enabled'
13:31:41.572 [Forwarding isElementEnabled on session 676aef790b1b9b3ca5fdd595e41805e5 to remote] DEBUG org.asynchttpclient.netty.request.NettyRequestSender - Using open Channel [id: 0x6084fa55, L:/127.0.0.1:55079 - R:localhost/127.0.0.1:33143] for GET '/session/676aef790b1b9b3ca5fdd595e41805e5/element/F0D964BBAAB890875AC44B5E6675E5E3_element_85/enabled'
13:31:41.577 [AsyncHttpClient-1-5] DEBUG org.asynchttpclient.netty.handler.HttpHandler - 

Request DefaultFullHttpRequest(decodeResult: success, version: HTTP/1.1, content: EmptyByteBufBE)
GET /session/676aef790b1b9b3ca5fdd595e41805e5/element/F0D964BBAAB890875AC44B5E6675E5E3_element_85/enabled HTTP/1.1
Cache-Control: no-cache
User-Agent: selenium/4.10.0 (java windows)
Content-Type: application/json; charset=utf-8
host: localhost:33143
accept: */*

Response DefaultHttpResponse(decodeResult: success, version: HTTP/1.1)
HTTP/1.1 200 OK
Content-Length: 14
Content-Type: application/json; charset=utf-8
cache-control: no-cache

13:31:41.577 [AsyncHttpClient-1-5] DEBUG org.asynchttpclient.netty.channel.ChannelManager - Adding key: http://localhost:33143 for channel [id: 0x6084fa55, L:/127.0.0.1:55079 - R:localhost/127.0.0.1:33143]
[INFO ] 2023-07-31 13:31:41.577 [main] WebElementActions - Element is clickable
13:31:41.578 [Forwarding findElement on session 676aef790b1b9b3ca5fdd595e41805e5 to remote] DEBUG org.asynchttpclient.netty.request.NettyRequestSender - Using pooled Channel '[id: 0x6084fa55, L:/127.0.0.1:55079 - R:localhost/127.0.0.1:33143]' for 'POST' to 'http://localhost:33143/session/676aef790b1b9b3ca5fdd595e41805e5/element'
13:31:41.578 [Forwarding findElement on session 676aef790b1b9b3ca5fdd595e41805e5 to remote] DEBUG org.asynchttpclient.netty.request.NettyRequestSender - Using open Channel [id: 0x6084fa55, L:/127.0.0.1:55079 - R:localhost/127.0.0.1:33143] for POST '/session/676aef790b1b9b3ca5fdd595e41805e5/element'
13:31:41.584 [AsyncHttpClient-1-5] DEBUG org.asynchttpclient.netty.handler.HttpHandler - 

Request DefaultHttpRequest(decodeResult: success, version: HTTP/1.1)
POST /session/676aef790b1b9b3ca5fdd595e41805e5/element HTTP/1.1
User-Agent: selenium/4.10.0 (java windows)
Content-Length: 115
Content-Type: application/json; charset=utf-8
host: localhost:33143
accept: */*

Response DefaultHttpResponse(decodeResult: success, version: HTTP/1.1)
HTTP/1.1 200 OK
Content-Length: 95
Content-Type: application/json; charset=utf-8
cache-control: no-cache

13:31:41.584 [AsyncHttpClient-1-5] DEBUG org.asynchttpclient.netty.channel.ChannelManager - Adding key: http://localhost:33143 for channel [id: 0x6084fa55, L:/127.0.0.1:55079 - R:localhost/127.0.0.1:33143]
13:31:41.585 [Forwarding isElementDisplayed on session 676aef790b1b9b3ca5fdd595e41805e5 to remote] DEBUG org.asynchttpclient.netty.request.NettyRequestSender - Using pooled Channel '[id: 0x6084fa55, L:/127.0.0.1:55079 - R:localhost/127.0.0.1:33143]' for 'POST' to 'http://localhost:33143/session/676aef790b1b9b3ca5fdd595e41805e5/execute/sync'
13:31:41.586 [Forwarding isElementDisplayed on session 676aef790b1b9b3ca5fdd595e41805e5 to remote] DEBUG org.asynchttpclient.netty.request.NettyRequestSender - Using open Channel [id: 0x6084fa55, L:/127.0.0.1:55079 - R:localhost/127.0.0.1:33143] for POST '/session/676aef790b1b9b3ca5fdd595e41805e5/execute/sync'
13:31:41.592 [AsyncHttpClient-1-5] DEBUG org.asynchttpclient.netty.handler.HttpHandler - 

Request DefaultHttpRequest(decodeResult: success, version: HTTP/1.1)
POST /session/676aef790b1b9b3ca5fdd595e41805e5/execute/sync HTTP/1.1
User-Agent: selenium/4.10.0 (java windows)
Content-Length: 48814
Content-Type: application/json; charset=utf-8
host: localhost:33143
accept: */*

Response DefaultHttpResponse(decodeResult: success, version: HTTP/1.1)
HTTP/1.1 200 OK
Content-Length: 14
Content-Type: application/json; charset=utf-8
cache-control: no-cache

13:31:41.592 [AsyncHttpClient-1-5] DEBUG org.asynchttpclient.netty.channel.ChannelManager - Adding key: http://localhost:33143 for channel [id: 0x6084fa55, L:/127.0.0.1:55079 - R:localhost/127.0.0.1:33143]
13:31:41.593 [Forwarding findElement on session 676aef790b1b9b3ca5fdd595e41805e5 to remote] DEBUG org.asynchttpclient.netty.request.NettyRequestSender - Using pooled Channel '[id: 0x6084fa55, L:/127.0.0.1:55079 - R:localhost/127.0.0.1:33143]' for 'POST' to 'http://localhost:33143/session/676aef790b1b9b3ca5fdd595e41805e5/element'
13:31:41.593 [Forwarding findElement on session 676aef790b1b9b3ca5fdd595e41805e5 to remote] DEBUG org.asynchttpclient.netty.request.NettyRequestSender - Using open Channel [id: 0x6084fa55, L:/127.0.0.1:55079 - R:localhost/127.0.0.1:33143] for POST '/session/676aef790b1b9b3ca5fdd595e41805e5/element'
13:31:41.598 [AsyncHttpClient-1-5] DEBUG org.asynchttpclient.netty.handler.HttpHandler - 

Request DefaultHttpRequest(decodeResult: success, version: HTTP/1.1)
POST /session/676aef790b1b9b3ca5fdd595e41805e5/element HTTP/1.1
User-Agent: selenium/4.10.0 (java windows)
Content-Length: 115
Content-Type: application/json; charset=utf-8
host: localhost:33143
accept: */*

Response DefaultHttpResponse(decodeResult: success, version: HTTP/1.1)
HTTP/1.1 200 OK
Content-Length: 95
Content-Type: application/json; charset=utf-8
cache-control: no-cache

13:31:41.598 [AsyncHttpClient-1-5] DEBUG org.asynchttpclient.netty.channel.ChannelManager - Adding key: http://localhost:33143 for channel [id: 0x6084fa55, L:/127.0.0.1:55079 - R:localhost/127.0.0.1:33143]
13:31:41.599 [Forwarding clickElement on session 676aef790b1b9b3ca5fdd595e41805e5 to remote] DEBUG org.asynchttpclient.netty.request.NettyRequestSender - Using pooled Channel '[id: 0x6084fa55, L:/127.0.0.1:55079 - R:localhost/127.0.0.1:33143]' for 'POST' to 'http://localhost:33143/session/676aef790b1b9b3ca5fdd595e41805e5/element/F0D964BBAAB890875AC44B5E6675E5E3_element_85/click'
13:31:41.599 [Forwarding clickElement on session 676aef790b1b9b3ca5fdd595e41805e5 to remote] DEBUG org.asynchttpclient.netty.request.NettyRequestSender - Using open Channel [id: 0x6084fa55, L:/127.0.0.1:55079 - R:localhost/127.0.0.1:33143] for POST '/session/676aef790b1b9b3ca5fdd595e41805e5/element/F0D964BBAAB890875AC44B5E6675E5E3_element_85/click'
13:31:41.635 [AsyncHttpClient-1-5] DEBUG org.asynchttpclient.netty.handler.HttpHandler - 

Request DefaultHttpRequest(decodeResult: success, version: HTTP/1.1)
POST /session/676aef790b1b9b3ca5fdd595e41805e5/element/F0D964BBAAB890875AC44B5E6675E5E3_element_85/click HTTP/1.1
User-Agent: selenium/4.10.0 (java windows)
Content-Length: 57
Content-Type: application/json; charset=utf-8
host: localhost:33143
accept: */*

Response DefaultHttpResponse(decodeResult: success, version: HTTP/1.1)
HTTP/1.1 200 OK
Content-Length: 14
Content-Type: application/json; charset=utf-8
cache-control: no-cache

13:31:41.635 [AsyncHttpClient-1-5] DEBUG org.asynchttpclient.netty.channel.ChannelManager - Adding key: http://localhost:33143 for channel [id: 0x6084fa55, L:/127.0.0.1:55079 - R:localhost/127.0.0.1:33143]
13:31:42.157 [AsyncHttpClient-1-1] DEBUG org.asynchttpclient.netty.channel.DefaultChannelPool - Entry count for : http://localhost:33143 : 1
13:31:42.157 [AsyncHttpClient-1-1] DEBUG org.asynchttpclient.netty.channel.DefaultChannelPool - Entry count for : http://localhost:55080 : 1
13:31:42.646 [Forwarding findElement on session 676aef790b1b9b3ca5fdd595e41805e5 to remote] DEBUG org.asynchttpclient.netty.request.NettyRequestSender - Using pooled Channel '[id: 0x6084fa55, L:/127.0.0.1:55079 - R:localhost/127.0.0.1:33143]' for 'POST' to 'http://localhost:33143/session/676aef790b1b9b3ca5fdd595e41805e5/element'
13:31:42.646 [Forwarding findElement on session 676aef790b1b9b3ca5fdd595e41805e5 to remote] DEBUG org.asynchttpclient.netty.request.NettyRequestSender - Using open Channel [id: 0x6084fa55, L:/127.0.0.1:55079 - R:localhost/127.0.0.1:33143] for POST '/session/676aef790b1b9b3ca5fdd595e41805e5/element'
13:31:42.656 [AsyncHttpClient-1-5] DEBUG org.asynchttpclient.netty.handler.HttpHandler - 

Request DefaultHttpRequest(decodeResult: success, version: HTTP/1.1)
POST /session/676aef790b1b9b3ca5fdd595e41805e5/element HTTP/1.1
User-Agent: selenium/4.10.0 (java windows)
Content-Length: 78
Content-Type: application/json; charset=utf-8
host: localhost:33143
accept: */*

Response DefaultHttpResponse(decodeResult: success, version: HTTP/1.1)
HTTP/1.1 200 OK
Content-Length: 95
Content-Type: application/json; charset=utf-8
cache-control: no-cache

13:31:42.656 [AsyncHttpClient-1-5] DEBUG org.asynchttpclient.netty.channel.ChannelManager - Adding key: http://localhost:33143 for channel [id: 0x6084fa55, L:/127.0.0.1:55079 - R:localhost/127.0.0.1:33143]
13:31:42.658 [Forwarding isElementDisplayed on session 676aef790b1b9b3ca5fdd595e41805e5 to remote] DEBUG org.asynchttpclient.netty.request.NettyRequestSender - Using pooled Channel '[id: 0x6084fa55, L:/127.0.0.1:55079 - R:localhost/127.0.0.1:33143]' for 'POST' to 'http://localhost:33143/session/676aef790b1b9b3ca5fdd595e41805e5/execute/sync'
13:31:42.658 [Forwarding isElementDisplayed on session 676aef790b1b9b3ca5fdd595e41805e5 to remote] DEBUG org.asynchttpclient.netty.request.NettyRequestSender - Using open Channel [id: 0x6084fa55, L:/127.0.0.1:55079 - R:localhost/127.0.0.1:33143] for POST '/session/676aef790b1b9b3ca5fdd595e41805e5/execute/sync'
13:31:42.665 [AsyncHttpClient-1-5] DEBUG org.asynchttpclient.netty.handler.HttpHandler - 

Request DefaultHttpRequest(decodeResult: success, version: HTTP/1.1)
POST /session/676aef790b1b9b3ca5fdd595e41805e5/execute/sync HTTP/1.1
User-Agent: selenium/4.10.0 (java windows)
Content-Length: 48814
Content-Type: application/json; charset=utf-8
host: localhost:33143
accept: */*

Response DefaultHttpResponse(decodeResult: success, version: HTTP/1.1)
HTTP/1.1 200 OK
Content-Length: 14
Content-Type: application/json; charset=utf-8
cache-control: no-cache

13:31:42.665 [AsyncHttpClient-1-5] DEBUG org.asynchttpclient.netty.channel.ChannelManager - Adding key: http://localhost:33143 for channel [id: 0x6084fa55, L:/127.0.0.1:55079 - R:localhost/127.0.0.1:33143]
[INFO ] 2023-07-31 13:31:42.665 [main] WebElementActions - Waiting for element to be clickable
13:31:42.666 [Forwarding findElement on session 676aef790b1b9b3ca5fdd595e41805e5 to remote] DEBUG org.asynchttpclient.netty.request.NettyRequestSender - Using pooled Channel '[id: 0x6084fa55, L:/127.0.0.1:55079 - R:localhost/127.0.0.1:33143]' for 'POST' to 'http://localhost:33143/session/676aef790b1b9b3ca5fdd595e41805e5/element'
13:31:42.666 [Forwarding findElement on session 676aef790b1b9b3ca5fdd595e41805e5 to remote] DEBUG org.asynchttpclient.netty.request.NettyRequestSender - Using open Channel [id: 0x6084fa55, L:/127.0.0.1:55079 - R:localhost/127.0.0.1:33143] for POST '/session/676aef790b1b9b3ca5fdd595e41805e5/element'
13:31:42.672 [AsyncHttpClient-1-5] DEBUG org.asynchttpclient.netty.handler.HttpHandler - 

Request DefaultHttpRequest(decodeResult: success, version: HTTP/1.1)
POST /session/676aef790b1b9b3ca5fdd595e41805e5/element HTTP/1.1
User-Agent: selenium/4.10.0 (java windows)
Content-Length: 78
Content-Type: application/json; charset=utf-8
host: localhost:33143
accept: */*

Response DefaultHttpResponse(decodeResult: success, version: HTTP/1.1)
HTTP/1.1 200 OK
Content-Length: 95
Content-Type: application/json; charset=utf-8
cache-control: no-cache

13:31:42.672 [AsyncHttpClient-1-5] DEBUG org.asynchttpclient.netty.channel.ChannelManager - Adding key: http://localhost:33143 for channel [id: 0x6084fa55, L:/127.0.0.1:55079 - R:localhost/127.0.0.1:33143]
13:31:42.674 [Forwarding isElementDisplayed on session 676aef790b1b9b3ca5fdd595e41805e5 to remote] DEBUG org.asynchttpclient.netty.request.NettyRequestSender - Using pooled Channel '[id: 0x6084fa55, L:/127.0.0.1:55079 - R:localhost/127.0.0.1:33143]' for 'POST' to 'http://localhost:33143/session/676aef790b1b9b3ca5fdd595e41805e5/execute/sync'
13:31:42.674 [Forwarding isElementDisplayed on session 676aef790b1b9b3ca5fdd595e41805e5 to remote] DEBUG org.asynchttpclient.netty.request.NettyRequestSender - Using open Channel [id: 0x6084fa55, L:/127.0.0.1:55079 - R:localhost/127.0.0.1:33143] for POST '/session/676aef790b1b9b3ca5fdd595e41805e5/execute/sync'
13:31:42.680 [AsyncHttpClient-1-5] DEBUG org.asynchttpclient.netty.handler.HttpHandler - 

Request DefaultHttpRequest(decodeResult: success, version: HTTP/1.1)
POST /session/676aef790b1b9b3ca5fdd595e41805e5/execute/sync HTTP/1.1
User-Agent: selenium/4.10.0 (java windows)
Content-Length: 48814
Content-Type: application/json; charset=utf-8
host: localhost:33143
accept: */*

Response DefaultHttpResponse(decodeResult: success, version: HTTP/1.1)
HTTP/1.1 200 OK
Content-Length: 14
Content-Type: application/json; charset=utf-8
cache-control: no-cache

13:31:42.680 [AsyncHttpClient-1-5] DEBUG org.asynchttpclient.netty.channel.ChannelManager - Adding key: http://localhost:33143 for channel [id: 0x6084fa55, L:/127.0.0.1:55079 - R:localhost/127.0.0.1:33143]
13:31:42.681 [Forwarding findElement on session 676aef790b1b9b3ca5fdd595e41805e5 to remote] DEBUG org.asynchttpclient.netty.request.NettyRequestSender - Using pooled Channel '[id: 0x6084fa55, L:/127.0.0.1:55079 - R:localhost/127.0.0.1:33143]' for 'POST' to 'http://localhost:33143/session/676aef790b1b9b3ca5fdd595e41805e5/element'
13:31:42.681 [Forwarding findElement on session 676aef790b1b9b3ca5fdd595e41805e5 to remote] DEBUG org.asynchttpclient.netty.request.NettyRequestSender - Using open Channel [id: 0x6084fa55, L:/127.0.0.1:55079 - R:localhost/127.0.0.1:33143] for POST '/session/676aef790b1b9b3ca5fdd595e41805e5/element'
13:31:42.686 [AsyncHttpClient-1-5] DEBUG org.asynchttpclient.netty.handler.HttpHandler - 

Request DefaultHttpRequest(decodeResult: success, version: HTTP/1.1)
POST /session/676aef790b1b9b3ca5fdd595e41805e5/element HTTP/1.1
User-Agent: selenium/4.10.0 (java windows)
Content-Length: 78
Content-Type: application/json; charset=utf-8
host: localhost:33143
accept: */*

Response DefaultHttpResponse(decodeResult: success, version: HTTP/1.1)
HTTP/1.1 200 OK
Content-Length: 95
Content-Type: application/json; charset=utf-8
cache-control: no-cache

13:31:42.686 [AsyncHttpClient-1-5] DEBUG org.asynchttpclient.netty.channel.ChannelManager - Adding key: http://localhost:33143 for channel [id: 0x6084fa55, L:/127.0.0.1:55079 - R:localhost/127.0.0.1:33143]
13:31:42.687 [Forwarding isElementEnabled on session 676aef790b1b9b3ca5fdd595e41805e5 to remote] DEBUG org.asynchttpclient.netty.request.NettyRequestSender - Using pooled Channel '[id: 0x6084fa55, L:/127.0.0.1:55079 - R:localhost/127.0.0.1:33143]' for 'GET' to 'http://localhost:33143/session/676aef790b1b9b3ca5fdd595e41805e5/element/F0D964BBAAB890875AC44B5E6675E5E3_element_86/enabled'
13:31:42.687 [Forwarding isElementEnabled on session 676aef790b1b9b3ca5fdd595e41805e5 to remote] DEBUG org.asynchttpclient.netty.request.NettyRequestSender - Using open Channel [id: 0x6084fa55, L:/127.0.0.1:55079 - R:localhost/127.0.0.1:33143] for GET '/session/676aef790b1b9b3ca5fdd595e41805e5/element/F0D964BBAAB890875AC44B5E6675E5E3_element_86/enabled'
13:31:42.691 [AsyncHttpClient-1-5] DEBUG org.asynchttpclient.netty.handler.HttpHandler - 

Request DefaultFullHttpRequest(decodeResult: success, version: HTTP/1.1, content: EmptyByteBufBE)
GET /session/676aef790b1b9b3ca5fdd595e41805e5/element/F0D964BBAAB890875AC44B5E6675E5E3_element_86/enabled HTTP/1.1
Cache-Control: no-cache
User-Agent: selenium/4.10.0 (java windows)
Content-Type: application/json; charset=utf-8
host: localhost:33143
accept: */*

Response DefaultHttpResponse(decodeResult: success, version: HTTP/1.1)
HTTP/1.1 200 OK
Content-Length: 14
Content-Type: application/json; charset=utf-8
cache-control: no-cache

13:31:42.692 [AsyncHttpClient-1-5] DEBUG org.asynchttpclient.netty.channel.ChannelManager - Adding key: http://localhost:33143 for channel [id: 0x6084fa55, L:/127.0.0.1:55079 - R:localhost/127.0.0.1:33143]
[INFO ] 2023-07-31 13:31:42.692 [main] WebElementActions - Element is clickable
13:31:42.693 [Forwarding findElement on session 676aef790b1b9b3ca5fdd595e41805e5 to remote] DEBUG org.asynchttpclient.netty.request.NettyRequestSender - Using pooled Channel '[id: 0x6084fa55, L:/127.0.0.1:55079 - R:localhost/127.0.0.1:33143]' for 'POST' to 'http://localhost:33143/session/676aef790b1b9b3ca5fdd595e41805e5/element'
13:31:42.693 [Forwarding findElement on session 676aef790b1b9b3ca5fdd595e41805e5 to remote] DEBUG org.asynchttpclient.netty.request.NettyRequestSender - Using open Channel [id: 0x6084fa55, L:/127.0.0.1:55079 - R:localhost/127.0.0.1:33143] for POST '/session/676aef790b1b9b3ca5fdd595e41805e5/element'
13:31:42.698 [AsyncHttpClient-1-5] DEBUG org.asynchttpclient.netty.handler.HttpHandler - 

Request DefaultHttpRequest(decodeResult: success, version: HTTP/1.1)
POST /session/676aef790b1b9b3ca5fdd595e41805e5/element HTTP/1.1
User-Agent: selenium/4.10.0 (java windows)
Content-Length: 78
Content-Type: application/json; charset=utf-8
host: localhost:33143
accept: */*

Response DefaultHttpResponse(decodeResult: success, version: HTTP/1.1)
HTTP/1.1 200 OK
Content-Length: 95
Content-Type: application/json; charset=utf-8
cache-control: no-cache

13:31:42.698 [AsyncHttpClient-1-5] DEBUG org.asynchttpclient.netty.channel.ChannelManager - Adding key: http://localhost:33143 for channel [id: 0x6084fa55, L:/127.0.0.1:55079 - R:localhost/127.0.0.1:33143]
13:31:42.700 [Forwarding isElementDisplayed on session 676aef790b1b9b3ca5fdd595e41805e5 to remote] DEBUG org.asynchttpclient.netty.request.NettyRequestSender - Using pooled Channel '[id: 0x6084fa55, L:/127.0.0.1:55079 - R:localhost/127.0.0.1:33143]' for 'POST' to 'http://localhost:33143/session/676aef790b1b9b3ca5fdd595e41805e5/execute/sync'
13:31:42.700 [Forwarding isElementDisplayed on session 676aef790b1b9b3ca5fdd595e41805e5 to remote] DEBUG org.asynchttpclient.netty.request.NettyRequestSender - Using open Channel [id: 0x6084fa55, L:/127.0.0.1:55079 - R:localhost/127.0.0.1:33143] for POST '/session/676aef790b1b9b3ca5fdd595e41805e5/execute/sync'
13:31:42.706 [AsyncHttpClient-1-5] DEBUG org.asynchttpclient.netty.handler.HttpHandler - 

Request DefaultHttpRequest(decodeResult: success, version: HTTP/1.1)
POST /session/676aef790b1b9b3ca5fdd595e41805e5/execute/sync HTTP/1.1
User-Agent: selenium/4.10.0 (java windows)
Content-Length: 48814
Content-Type: application/json; charset=utf-8
host: localhost:33143
accept: */*

Response DefaultHttpResponse(decodeResult: success, version: HTTP/1.1)
HTTP/1.1 200 OK
Content-Length: 14
Content-Type: application/json; charset=utf-8
cache-control: no-cache

13:31:42.706 [AsyncHttpClient-1-5] DEBUG org.asynchttpclient.netty.channel.ChannelManager - Adding key: http://localhost:33143 for channel [id: 0x6084fa55, L:/127.0.0.1:55079 - R:localhost/127.0.0.1:33143]
13:31:42.707 [Forwarding findElement on session 676aef790b1b9b3ca5fdd595e41805e5 to remote] DEBUG org.asynchttpclient.netty.request.NettyRequestSender - Using pooled Channel '[id: 0x6084fa55, L:/127.0.0.1:55079 - R:localhost/127.0.0.1:33143]' for 'POST' to 'http://localhost:33143/session/676aef790b1b9b3ca5fdd595e41805e5/element'
13:31:42.707 [Forwarding findElement on session 676aef790b1b9b3ca5fdd595e41805e5 to remote] DEBUG org.asynchttpclient.netty.request.NettyRequestSender - Using open Channel [id: 0x6084fa55, L:/127.0.0.1:55079 - R:localhost/127.0.0.1:33143] for POST '/session/676aef790b1b9b3ca5fdd595e41805e5/element'
13:31:42.712 [AsyncHttpClient-1-5] DEBUG org.asynchttpclient.netty.handler.HttpHandler - 

Request DefaultHttpRequest(decodeResult: success, version: HTTP/1.1)
POST /session/676aef790b1b9b3ca5fdd595e41805e5/element HTTP/1.1
User-Agent: selenium/4.10.0 (java windows)
Content-Length: 78
Content-Type: application/json; charset=utf-8
host: localhost:33143
accept: */*

Response DefaultHttpResponse(decodeResult: success, version: HTTP/1.1)
HTTP/1.1 200 OK
Content-Length: 95
Content-Type: application/json; charset=utf-8
cache-control: no-cache

13:31:42.712 [AsyncHttpClient-1-5] DEBUG org.asynchttpclient.netty.channel.ChannelManager - Adding key: http://localhost:33143 for channel [id: 0x6084fa55, L:/127.0.0.1:55079 - R:localhost/127.0.0.1:33143]
13:31:42.713 [Forwarding clickElement on session 676aef790b1b9b3ca5fdd595e41805e5 to remote] DEBUG org.asynchttpclient.netty.request.NettyRequestSender - Using pooled Channel '[id: 0x6084fa55, L:/127.0.0.1:55079 - R:localhost/127.0.0.1:33143]' for 'POST' to 'http://localhost:33143/session/676aef790b1b9b3ca5fdd595e41805e5/element/F0D964BBAAB890875AC44B5E6675E5E3_element_86/click'
13:31:42.713 [Forwarding clickElement on session 676aef790b1b9b3ca5fdd595e41805e5 to remote] DEBUG org.asynchttpclient.netty.request.NettyRequestSender - Using open Channel [id: 0x6084fa55, L:/127.0.0.1:55079 - R:localhost/127.0.0.1:33143] for POST '/session/676aef790b1b9b3ca5fdd595e41805e5/element/F0D964BBAAB890875AC44B5E6675E5E3_element_86/click'
13:31:42.753 [AsyncHttpClient-1-5] DEBUG org.asynchttpclient.netty.handler.HttpHandler - 

Request DefaultHttpRequest(decodeResult: success, version: HTTP/1.1)
POST /session/676aef790b1b9b3ca5fdd595e41805e5/element/F0D964BBAAB890875AC44B5E6675E5E3_element_86/click HTTP/1.1
User-Agent: selenium/4.10.0 (java windows)
Content-Length: 57
Content-Type: application/json; charset=utf-8
host: localhost:33143
accept: */*

Response DefaultHttpResponse(decodeResult: success, version: HTTP/1.1)
HTTP/1.1 200 OK
Content-Length: 14
Content-Type: application/json; charset=utf-8
cache-control: no-cache

13:31:42.753 [AsyncHttpClient-1-5] DEBUG org.asynchttpclient.netty.channel.ChannelManager - Adding key: http://localhost:33143 for channel [id: 0x6084fa55, L:/127.0.0.1:55079 - R:localhost/127.0.0.1:33143]
13:31:43.257 [AsyncHttpClient-1-1] DEBUG org.asynchttpclient.netty.channel.DefaultChannelPool - Entry count for : http://localhost:33143 : 1
13:31:43.257 [AsyncHttpClient-1-1] DEBUG org.asynchttpclient.netty.channel.DefaultChannelPool - Entry count for : http://localhost:55080 : 1
13:31:43.756 [Forwarding findElement on session 676aef790b1b9b3ca5fdd595e41805e5 to remote] DEBUG org.asynchttpclient.netty.request.NettyRequestSender - Using pooled Channel '[id: 0x6084fa55, L:/127.0.0.1:55079 - R:localhost/127.0.0.1:33143]' for 'POST' to 'http://localhost:33143/session/676aef790b1b9b3ca5fdd595e41805e5/element'
13:31:43.756 [Forwarding findElement on session 676aef790b1b9b3ca5fdd595e41805e5 to remote] DEBUG org.asynchttpclient.netty.request.NettyRequestSender - Using open Channel [id: 0x6084fa55, L:/127.0.0.1:55079 - R:localhost/127.0.0.1:33143] for POST '/session/676aef790b1b9b3ca5fdd595e41805e5/element'
13:31:43.765 [AsyncHttpClient-1-5] DEBUG org.asynchttpclient.netty.handler.HttpHandler - 

Request DefaultHttpRequest(decodeResult: success, version: HTTP/1.1)
POST /session/676aef790b1b9b3ca5fdd595e41805e5/element HTTP/1.1
User-Agent: selenium/4.10.0 (java windows)
Content-Length: 144
Content-Type: application/json; charset=utf-8
host: localhost:33143
accept: */*

Response DefaultHttpResponse(decodeResult: success, version: HTTP/1.1)
HTTP/1.1 200 OK
Content-Length: 95
Content-Type: application/json; charset=utf-8
cache-control: no-cache

13:31:43.765 [AsyncHttpClient-1-5] DEBUG org.asynchttpclient.netty.channel.ChannelManager - Adding key: http://localhost:33143 for channel [id: 0x6084fa55, L:/127.0.0.1:55079 - R:localhost/127.0.0.1:33143]
13:31:43.767 [Forwarding isElementDisplayed on session 676aef790b1b9b3ca5fdd595e41805e5 to remote] DEBUG org.asynchttpclient.netty.request.NettyRequestSender - Using pooled Channel '[id: 0x6084fa55, L:/127.0.0.1:55079 - R:localhost/127.0.0.1:33143]' for 'POST' to 'http://localhost:33143/session/676aef790b1b9b3ca5fdd595e41805e5/execute/sync'
13:31:43.767 [Forwarding isElementDisplayed on session 676aef790b1b9b3ca5fdd595e41805e5 to remote] DEBUG org.asynchttpclient.netty.request.NettyRequestSender - Using open Channel [id: 0x6084fa55, L:/127.0.0.1:55079 - R:localhost/127.0.0.1:33143] for POST '/session/676aef790b1b9b3ca5fdd595e41805e5/execute/sync'
13:31:43.774 [AsyncHttpClient-1-5] DEBUG org.asynchttpclient.netty.handler.HttpHandler - 

Request DefaultHttpRequest(decodeResult: success, version: HTTP/1.1)
POST /session/676aef790b1b9b3ca5fdd595e41805e5/execute/sync HTTP/1.1
User-Agent: selenium/4.10.0 (java windows)
Content-Length: 48814
Content-Type: application/json; charset=utf-8
host: localhost:33143
accept: */*

Response DefaultHttpResponse(decodeResult: success, version: HTTP/1.1)
HTTP/1.1 200 OK
Content-Length: 14
Content-Type: application/json; charset=utf-8
cache-control: no-cache

13:31:43.774 [AsyncHttpClient-1-5] DEBUG org.asynchttpclient.netty.channel.ChannelManager - Adding key: http://localhost:33143 for channel [id: 0x6084fa55, L:/127.0.0.1:55079 - R:localhost/127.0.0.1:33143]
[INFO ] 2023-07-31 13:31:43.775 [main] WebElementActions - Waiting for element to be clickable
13:31:43.775 [Forwarding findElement on session 676aef790b1b9b3ca5fdd595e41805e5 to remote] DEBUG org.asynchttpclient.netty.request.NettyRequestSender - Using pooled Channel '[id: 0x6084fa55, L:/127.0.0.1:55079 - R:localhost/127.0.0.1:33143]' for 'POST' to 'http://localhost:33143/session/676aef790b1b9b3ca5fdd595e41805e5/element'
13:31:43.775 [Forwarding findElement on session 676aef790b1b9b3ca5fdd595e41805e5 to remote] DEBUG org.asynchttpclient.netty.request.NettyRequestSender - Using open Channel [id: 0x6084fa55, L:/127.0.0.1:55079 - R:localhost/127.0.0.1:33143] for POST '/session/676aef790b1b9b3ca5fdd595e41805e5/element'
13:31:43.780 [AsyncHttpClient-1-5] DEBUG org.asynchttpclient.netty.handler.HttpHandler - 

Request DefaultHttpRequest(decodeResult: success, version: HTTP/1.1)
POST /session/676aef790b1b9b3ca5fdd595e41805e5/element HTTP/1.1
User-Agent: selenium/4.10.0 (java windows)
Content-Length: 144
Content-Type: application/json; charset=utf-8
host: localhost:33143
accept: */*

Response DefaultHttpResponse(decodeResult: success, version: HTTP/1.1)
HTTP/1.1 200 OK
Content-Length: 95
Content-Type: application/json; charset=utf-8
cache-control: no-cache

13:31:43.781 [AsyncHttpClient-1-5] DEBUG org.asynchttpclient.netty.channel.ChannelManager - Adding key: http://localhost:33143 for channel [id: 0x6084fa55, L:/127.0.0.1:55079 - R:localhost/127.0.0.1:33143]
13:31:43.783 [Forwarding isElementDisplayed on session 676aef790b1b9b3ca5fdd595e41805e5 to remote] DEBUG org.asynchttpclient.netty.request.NettyRequestSender - Using pooled Channel '[id: 0x6084fa55, L:/127.0.0.1:55079 - R:localhost/127.0.0.1:33143]' for 'POST' to 'http://localhost:33143/session/676aef790b1b9b3ca5fdd595e41805e5/execute/sync'
13:31:43.783 [Forwarding isElementDisplayed on session 676aef790b1b9b3ca5fdd595e41805e5 to remote] DEBUG org.asynchttpclient.netty.request.NettyRequestSender - Using open Channel [id: 0x6084fa55, L:/127.0.0.1:55079 - R:localhost/127.0.0.1:33143] for POST '/session/676aef790b1b9b3ca5fdd595e41805e5/execute/sync'
13:31:43.789 [AsyncHttpClient-1-5] DEBUG org.asynchttpclient.netty.handler.HttpHandler - 

Request DefaultHttpRequest(decodeResult: success, version: HTTP/1.1)
POST /session/676aef790b1b9b3ca5fdd595e41805e5/execute/sync HTTP/1.1
User-Agent: selenium/4.10.0 (java windows)
Content-Length: 48814
Content-Type: application/json; charset=utf-8
host: localhost:33143
accept: */*

Response DefaultHttpResponse(decodeResult: success, version: HTTP/1.1)
HTTP/1.1 200 OK
Content-Length: 14
Content-Type: application/json; charset=utf-8
cache-control: no-cache

13:31:43.790 [AsyncHttpClient-1-5] DEBUG org.asynchttpclient.netty.channel.ChannelManager - Adding key: http://localhost:33143 for channel [id: 0x6084fa55, L:/127.0.0.1:55079 - R:localhost/127.0.0.1:33143]
13:31:43.790 [Forwarding findElement on session 676aef790b1b9b3ca5fdd595e41805e5 to remote] DEBUG org.asynchttpclient.netty.request.NettyRequestSender - Using pooled Channel '[id: 0x6084fa55, L:/127.0.0.1:55079 - R:localhost/127.0.0.1:33143]' for 'POST' to 'http://localhost:33143/session/676aef790b1b9b3ca5fdd595e41805e5/element'
13:31:43.790 [Forwarding findElement on session 676aef790b1b9b3ca5fdd595e41805e5 to remote] DEBUG org.asynchttpclient.netty.request.NettyRequestSender - Using open Channel [id: 0x6084fa55, L:/127.0.0.1:55079 - R:localhost/127.0.0.1:33143] for POST '/session/676aef790b1b9b3ca5fdd595e41805e5/element'
13:31:43.796 [AsyncHttpClient-1-5] DEBUG org.asynchttpclient.netty.handler.HttpHandler - 

Request DefaultHttpRequest(decodeResult: success, version: HTTP/1.1)
POST /session/676aef790b1b9b3ca5fdd595e41805e5/element HTTP/1.1
User-Agent: selenium/4.10.0 (java windows)
Content-Length: 144
Content-Type: application/json; charset=utf-8
host: localhost:33143
accept: */*

Response DefaultHttpResponse(decodeResult: success, version: HTTP/1.1)
HTTP/1.1 200 OK
Content-Length: 95
Content-Type: application/json; charset=utf-8
cache-control: no-cache

13:31:43.796 [AsyncHttpClient-1-5] DEBUG org.asynchttpclient.netty.channel.ChannelManager - Adding key: http://localhost:33143 for channel [id: 0x6084fa55, L:/127.0.0.1:55079 - R:localhost/127.0.0.1:33143]
13:31:43.797 [Forwarding isElementEnabled on session 676aef790b1b9b3ca5fdd595e41805e5 to remote] DEBUG org.asynchttpclient.netty.request.NettyRequestSender - Using pooled Channel '[id: 0x6084fa55, L:/127.0.0.1:55079 - R:localhost/127.0.0.1:33143]' for 'GET' to 'http://localhost:33143/session/676aef790b1b9b3ca5fdd595e41805e5/element/F0D964BBAAB890875AC44B5E6675E5E3_element_88/enabled'
13:31:43.797 [Forwarding isElementEnabled on session 676aef790b1b9b3ca5fdd595e41805e5 to remote] DEBUG org.asynchttpclient.netty.request.NettyRequestSender - Using open Channel [id: 0x6084fa55, L:/127.0.0.1:55079 - R:localhost/127.0.0.1:33143] for GET '/session/676aef790b1b9b3ca5fdd595e41805e5/element/F0D964BBAAB890875AC44B5E6675E5E3_element_88/enabled'
13:31:43.801 [AsyncHttpClient-1-5] DEBUG org.asynchttpclient.netty.handler.HttpHandler - 

Request DefaultFullHttpRequest(decodeResult: success, version: HTTP/1.1, content: EmptyByteBufBE)
GET /session/676aef790b1b9b3ca5fdd595e41805e5/element/F0D964BBAAB890875AC44B5E6675E5E3_element_88/enabled HTTP/1.1
Cache-Control: no-cache
User-Agent: selenium/4.10.0 (java windows)
Content-Type: application/json; charset=utf-8
host: localhost:33143
accept: */*

Response DefaultHttpResponse(decodeResult: success, version: HTTP/1.1)
HTTP/1.1 200 OK
Content-Length: 14
Content-Type: application/json; charset=utf-8
cache-control: no-cache

13:31:43.801 [AsyncHttpClient-1-5] DEBUG org.asynchttpclient.netty.channel.ChannelManager - Adding key: http://localhost:33143 for channel [id: 0x6084fa55, L:/127.0.0.1:55079 - R:localhost/127.0.0.1:33143]
[INFO ] 2023-07-31 13:31:43.802 [main] WebElementActions - Element is clickable
13:31:43.802 [Forwarding findElement on session 676aef790b1b9b3ca5fdd595e41805e5 to remote] DEBUG org.asynchttpclient.netty.request.NettyRequestSender - Using pooled Channel '[id: 0x6084fa55, L:/127.0.0.1:55079 - R:localhost/127.0.0.1:33143]' for 'POST' to 'http://localhost:33143/session/676aef790b1b9b3ca5fdd595e41805e5/element'
13:31:43.802 [Forwarding findElement on session 676aef790b1b9b3ca5fdd595e41805e5 to remote] DEBUG org.asynchttpclient.netty.request.NettyRequestSender - Using open Channel [id: 0x6084fa55, L:/127.0.0.1:55079 - R:localhost/127.0.0.1:33143] for POST '/session/676aef790b1b9b3ca5fdd595e41805e5/element'
13:31:43.808 [AsyncHttpClient-1-5] DEBUG org.asynchttpclient.netty.handler.HttpHandler - 

Request DefaultHttpRequest(decodeResult: success, version: HTTP/1.1)
POST /session/676aef790b1b9b3ca5fdd595e41805e5/element HTTP/1.1
User-Agent: selenium/4.10.0 (java windows)
Content-Length: 144
Content-Type: application/json; charset=utf-8
host: localhost:33143
accept: */*

Response DefaultHttpResponse(decodeResult: success, version: HTTP/1.1)
HTTP/1.1 200 OK
Content-Length: 95
Content-Type: application/json; charset=utf-8
cache-control: no-cache

13:31:43.808 [AsyncHttpClient-1-5] DEBUG org.asynchttpclient.netty.channel.ChannelManager - Adding key: http://localhost:33143 for channel [id: 0x6084fa55, L:/127.0.0.1:55079 - R:localhost/127.0.0.1:33143]
13:31:43.810 [Forwarding isElementDisplayed on session 676aef790b1b9b3ca5fdd595e41805e5 to remote] DEBUG org.asynchttpclient.netty.request.NettyRequestSender - Using pooled Channel '[id: 0x6084fa55, L:/127.0.0.1:55079 - R:localhost/127.0.0.1:33143]' for 'POST' to 'http://localhost:33143/session/676aef790b1b9b3ca5fdd595e41805e5/execute/sync'
13:31:43.810 [Forwarding isElementDisplayed on session 676aef790b1b9b3ca5fdd595e41805e5 to remote] DEBUG org.asynchttpclient.netty.request.NettyRequestSender - Using open Channel [id: 0x6084fa55, L:/127.0.0.1:55079 - R:localhost/127.0.0.1:33143] for POST '/session/676aef790b1b9b3ca5fdd595e41805e5/execute/sync'
13:31:43.817 [AsyncHttpClient-1-5] DEBUG org.asynchttpclient.netty.handler.HttpHandler - 

Request DefaultHttpRequest(decodeResult: success, version: HTTP/1.1)
POST /session/676aef790b1b9b3ca5fdd595e41805e5/execute/sync HTTP/1.1
User-Agent: selenium/4.10.0 (java windows)
Content-Length: 48814
Content-Type: application/json; charset=utf-8
host: localhost:33143
accept: */*

Response DefaultHttpResponse(decodeResult: success, version: HTTP/1.1)
HTTP/1.1 200 OK
Content-Length: 14
Content-Type: application/json; charset=utf-8
cache-control: no-cache

13:31:43.817 [AsyncHttpClient-1-5] DEBUG org.asynchttpclient.netty.channel.ChannelManager - Adding key: http://localhost:33143 for channel [id: 0x6084fa55, L:/127.0.0.1:55079 - R:localhost/127.0.0.1:33143]
13:31:43.818 [Forwarding findElement on session 676aef790b1b9b3ca5fdd595e41805e5 to remote] DEBUG org.asynchttpclient.netty.request.NettyRequestSender - Using pooled Channel '[id: 0x6084fa55, L:/127.0.0.1:55079 - R:localhost/127.0.0.1:33143]' for 'POST' to 'http://localhost:33143/session/676aef790b1b9b3ca5fdd595e41805e5/element'
13:31:43.818 [Forwarding findElement on session 676aef790b1b9b3ca5fdd595e41805e5 to remote] DEBUG org.asynchttpclient.netty.request.NettyRequestSender - Using open Channel [id: 0x6084fa55, L:/127.0.0.1:55079 - R:localhost/127.0.0.1:33143] for POST '/session/676aef790b1b9b3ca5fdd595e41805e5/element'
13:31:43.824 [AsyncHttpClient-1-5] DEBUG org.asynchttpclient.netty.handler.HttpHandler - 

Request DefaultHttpRequest(decodeResult: success, version: HTTP/1.1)
POST /session/676aef790b1b9b3ca5fdd595e41805e5/element HTTP/1.1
User-Agent: selenium/4.10.0 (java windows)
Content-Length: 144
Content-Type: application/json; charset=utf-8
host: localhost:33143
accept: */*

Response DefaultHttpResponse(decodeResult: success, version: HTTP/1.1)
HTTP/1.1 200 OK
Content-Length: 95
Content-Type: application/json; charset=utf-8
cache-control: no-cache

13:31:43.824 [AsyncHttpClient-1-5] DEBUG org.asynchttpclient.netty.channel.ChannelManager - Adding key: http://localhost:33143 for channel [id: 0x6084fa55, L:/127.0.0.1:55079 - R:localhost/127.0.0.1:33143]
13:31:43.825 [Forwarding clickElement on session 676aef790b1b9b3ca5fdd595e41805e5 to remote] DEBUG org.asynchttpclient.netty.request.NettyRequestSender - Using pooled Channel '[id: 0x6084fa55, L:/127.0.0.1:55079 - R:localhost/127.0.0.1:33143]' for 'POST' to 'http://localhost:33143/session/676aef790b1b9b3ca5fdd595e41805e5/element/F0D964BBAAB890875AC44B5E6675E5E3_element_88/click'
13:31:43.825 [Forwarding clickElement on session 676aef790b1b9b3ca5fdd595e41805e5 to remote] DEBUG org.asynchttpclient.netty.request.NettyRequestSender - Using open Channel [id: 0x6084fa55, L:/127.0.0.1:55079 - R:localhost/127.0.0.1:33143] for POST '/session/676aef790b1b9b3ca5fdd595e41805e5/element/F0D964BBAAB890875AC44B5E6675E5E3_element_88/click'
13:31:43.857 [AsyncHttpClient-1-5] DEBUG org.asynchttpclient.netty.handler.HttpHandler - 

Request DefaultHttpRequest(decodeResult: success, version: HTTP/1.1)
POST /session/676aef790b1b9b3ca5fdd595e41805e5/element/F0D964BBAAB890875AC44B5E6675E5E3_element_88/click HTTP/1.1
User-Agent: selenium/4.10.0 (java windows)
Content-Length: 57
Content-Type: application/json; charset=utf-8
host: localhost:33143
accept: */*

Response DefaultHttpResponse(decodeResult: success, version: HTTP/1.1)
HTTP/1.1 200 OK
Content-Length: 14
Content-Type: application/json; charset=utf-8
cache-control: no-cache

13:31:43.858 [AsyncHttpClient-1-5] DEBUG org.asynchttpclient.netty.channel.ChannelManager - Adding key: http://localhost:33143 for channel [id: 0x6084fa55, L:/127.0.0.1:55079 - R:localhost/127.0.0.1:33143]
13:31:44.354 [AsyncHttpClient-1-1] DEBUG org.asynchttpclient.netty.channel.DefaultChannelPool - Entry count for : http://localhost:33143 : 1
13:31:44.354 [AsyncHttpClient-1-1] DEBUG org.asynchttpclient.netty.channel.DefaultChannelPool - Entry count for : http://localhost:55080 : 1
13:31:44.871 [Forwarding findElement on session 676aef790b1b9b3ca5fdd595e41805e5 to remote] DEBUG org.asynchttpclient.netty.request.NettyRequestSender - Using pooled Channel '[id: 0x6084fa55, L:/127.0.0.1:55079 - R:localhost/127.0.0.1:33143]' for 'POST' to 'http://localhost:33143/session/676aef790b1b9b3ca5fdd595e41805e5/element'
13:31:44.871 [Forwarding findElement on session 676aef790b1b9b3ca5fdd595e41805e5 to remote] DEBUG org.asynchttpclient.netty.request.NettyRequestSender - Using open Channel [id: 0x6084fa55, L:/127.0.0.1:55079 - R:localhost/127.0.0.1:33143] for POST '/session/676aef790b1b9b3ca5fdd595e41805e5/element'
13:31:45.458 [AsyncHttpClient-1-1] DEBUG org.asynchttpclient.netty.channel.DefaultChannelPool - Entry count for : http://localhost:55080 : 1
13:31:46.553 [AsyncHttpClient-1-1] DEBUG org.asynchttpclient.netty.channel.DefaultChannelPool - Entry count for : http://localhost:55080 : 1
13:31:46.553 [AsyncHttpClient-1-1] DEBUG org.asynchttpclient.netty.channel.DefaultChannelPool - Adding Candidate expired Channel [id: 0xde5e1dc9, L:/127.0.0.1:55086 - R:localhost/127.0.0.1:55080] isIdleTimeoutExpired=true isRemotelyClosed=false isTtlExpired=false
13:31:46.553 [AsyncHttpClient-1-1] DEBUG org.asynchttpclient.netty.channel.DefaultChannelPool - Closing Idle Channel [id: 0xde5e1dc9, L:/127.0.0.1:55086 - R:localhost/127.0.0.1:55080]
13:31:46.554 [AsyncHttpClient-1-1] DEBUG org.asynchttpclient.netty.channel.DefaultChannelPool - Closed 1 connections out of 1 in 1 ms
13:31:46.554 [AsyncHttpClient-1-6] DEBUG org.asynchttpclient.netty.handler.HttpHandler - Channel Closed: [id: 0xde5e1dc9, L:/127.0.0.1:55086 ! R:localhost/127.0.0.1:55080] with attribute DISCARD
13:31:59.877 [AsyncHttpClient-1-5] DEBUG org.asynchttpclient.netty.handler.HttpHandler - 

Request DefaultHttpRequest(decodeResult: success, version: HTTP/1.1)
POST /session/676aef790b1b9b3ca5fdd595e41805e5/element HTTP/1.1
User-Agent: selenium/4.10.0 (java windows)
Content-Length: 78
Content-Type: application/json; charset=utf-8
host: localhost:33143
accept: */*

Response DefaultHttpResponse(decodeResult: success, version: HTTP/1.1)
HTTP/1.1 404 Not Found
Content-Length: 979
Content-Type: application/json; charset=utf-8
cache-control: no-cache

13:31:59.877 [AsyncHttpClient-1-5] DEBUG org.asynchttpclient.netty.channel.ChannelManager - Adding key: http://localhost:33143 for channel [id: 0x6084fa55, L:/127.0.0.1:55079 - R:localhost/127.0.0.1:33143]
13:31:59.878 [Forwarding findElement on session 676aef790b1b9b3ca5fdd595e41805e5 to remote] DEBUG org.asynchttpclient.netty.request.NettyRequestSender - Using pooled Channel '[id: 0x6084fa55, L:/127.0.0.1:55079 - R:localhost/127.0.0.1:33143]' for 'POST' to 'http://localhost:33143/session/676aef790b1b9b3ca5fdd595e41805e5/element'
13:31:59.879 [Forwarding findElement on session 676aef790b1b9b3ca5fdd595e41805e5 to remote] DEBUG org.asynchttpclient.netty.request.NettyRequestSender - Using open Channel [id: 0x6084fa55, L:/127.0.0.1:55079 - R:localhost/127.0.0.1:33143] for POST '/session/676aef790b1b9b3ca5fdd595e41805e5/element'
13:32:14.883 [AsyncHttpClient-1-5] DEBUG org.asynchttpclient.netty.handler.HttpHandler - 

Request DefaultHttpRequest(decodeResult: success, version: HTTP/1.1)
POST /session/676aef790b1b9b3ca5fdd595e41805e5/element HTTP/1.1
User-Agent: selenium/4.10.0 (java windows)
Content-Length: 78
Content-Type: application/json; charset=utf-8
host: localhost:33143
accept: */*

Response DefaultHttpResponse(decodeResult: success, version: HTTP/1.1)
HTTP/1.1 404 Not Found
Content-Length: 979
Content-Type: application/json; charset=utf-8
cache-control: no-cache

13:32:14.883 [AsyncHttpClient-1-5] DEBUG org.asynchttpclient.netty.channel.ChannelManager - Adding key: http://localhost:33143 for channel [id: 0x6084fa55, L:/127.0.0.1:55079 - R:localhost/127.0.0.1:33143]
]]></system-out>
  </testcase>
  <testcase name="createNaPodpisFunctionalInvalute" classname="org.OptimaBusTests.uiTests.createBTNTest.ConvertingTest" time="16.806"/>
  <testcase name="createNaPodpisFunctionalSom" classname="org.OptimaBusTests.uiTests.createBTNTest.ConvertingTest" time="16.844"/>
  <testcase name="createNewCourseFunctionalCheck" classname="org.OptimaBusTests.uiTests.createBTNTest.ConvertingTest" time="20.01"/>
  <testcase name="moreThenWeHave" classname="org.OptimaBusTests.uiTests.createBTNTest.ConvertingTest" time="20.836"/>
  <testcase name="withoutSummaPlatejaTest" classname="org.OptimaBusTests.uiTests.createBTNTest.ConvertingTest" time="12.745"/>
  <testcase name="naPodpisBTNCheck" classname="org.OptimaBusTests.uiTests.createBTNTest.IntraBankTest" time="23.617"/>
  <testcase name="wrongSchetZachisleniyaError" classname="org.OptimaBusTests.uiTests.createBTNTest.IntraBankTest" time="13.547"/>
  <testcase name="wrongSchetSpisaniyaError" classname="org.OptimaBusTests.uiTests.createBTNTest.IntraBankTest" time="11.017"/>
  <testcase name="moreThenHaveError" classname="org.OptimaBusTests.uiTests.createBTNTest.IntraBankTest" time="13.748"/>
  <testcase name="minValueInNAznachenie" classname="org.OptimaBusTests.uiTests.createBTNTest.IntraBankTest" time="15.552"/>
  <testcase name="tranzitSchetCheck" classname="org.OptimaBusTests.uiTests.createBTNTest.IntraBankTest" time="24.161"/>
  <testcase name="BIKNaimenovanieTes" classname="org.OptimaBusTests.uiTests.createBTNTest.MBPerevodSomTest" time="17.755"/>
  <testcase name="naPodpisBTNcheck" classname="org.OptimaBusTests.uiTests.createBTNTest.MBPerevodSomTest" time="22.451"/>
  <testcase name="schetSpisaniyaTest" classname="org.OptimaBusTests.uiTests.createBTNTest.MBPerevodSomTest" time="20.861"/>
  <testcase name="tipOperaciiTest" classname="org.OptimaBusTests.uiTests.createBTNTest.MBPerevodSomTest" time="16.646"/>
  <testcase name="checkDocumentNumberTest" classname="org.OptimaBusTests.uiTests.createBTNTest.MBPerevodValTest" time="22.205"/>
  <testcase name="checkEmptyBIkTest" classname="org.OptimaBusTests.uiTests.createBTNTest.MBPerevodValTest" time="21.716"/>
  <testcase name="checkEmptyCodeOplaty" classname="org.OptimaBusTests.uiTests.createBTNTest.MBPerevodValTest" time="17.969"/>
  <testcase name="checkEmptyFieldNAzna4enie" classname="org.OptimaBusTests.uiTests.createBTNTest.MBPerevodValTest" time="19.88"/>
  <testcase name="checkEmptyIBANTest" classname="org.OptimaBusTests.uiTests.createBTNTest.MBPerevodValTest" time="22.921"/>
  <testcase name="checkEmptyNAimenovanieTest" classname="org.OptimaBusTests.uiTests.createBTNTest.MBPerevodValTest" time="22.976"/>
  <testcase name="checkEmptySummaPlateja" classname="org.OptimaBusTests.uiTests.createBTNTest.MBPerevodValTest" time="20.008"/>
  <testcase name="checkMoreSummaPlateja" classname="org.OptimaBusTests.uiTests.createBTNTest.MBPerevodValTest" time="20.065"/>
  <testcase name="checkNaPodpisBTN" classname="org.OptimaBusTests.uiTests.createBTNTest.MBPerevodValTest" time="26.404"/>
  <testcase name="checkTheFunctionalWithKZ" classname="org.OptimaBusTests.uiTests.createBTNTest.MBPerevodValTest" time="24.997"/>
  <testcase name="checkTheFunctionalWithRU" classname="org.OptimaBusTests.uiTests.createBTNTest.MBPerevodValTest" time="26.262">
    <failure message="Comparingnorm expected [Отправляется на подпись] but found [На подписании]" type="java.lang.AssertionError">java.lang.AssertionError: Comparingnorm expected [Отправляется на подпись] but found [На подписании]
	at org.OptimaBusTests.uiTests.createBTNTest.MBPerevodValTest.checkTheFunctionalWithRU(MBPerevodValTest.java:125)
</failure>
    <system-out><![CDATA[13:41:00.953 [AsyncHttpClient-1-1] DEBUG org.asynchttpclient.netty.channel.DefaultChannelPool - Entry count for : http://localhost:38631 : 1
13:41:00.983 [Forwarding findElement on session 7ab9999954b16c1098fccc1542fdcf24 to remote] DEBUG org.asynchttpclient.netty.request.NettyRequestSender - Using pooled Channel '[id: 0xee676906, L:/127.0.0.1:55226 - R:localhost/127.0.0.1:38631]' for 'POST' to 'http://localhost:38631/session/7ab9999954b16c1098fccc1542fdcf24/element'
13:41:00.983 [Forwarding findElement on session 7ab9999954b16c1098fccc1542fdcf24 to remote] DEBUG org.asynchttpclient.netty.request.NettyRequestSender - Using open Channel [id: 0xee676906, L:/127.0.0.1:55226 - R:localhost/127.0.0.1:38631] for POST '/session/7ab9999954b16c1098fccc1542fdcf24/element'
13:41:00.991 [AsyncHttpClient-1-14] DEBUG org.asynchttpclient.netty.handler.HttpHandler - 

Request DefaultHttpRequest(decodeResult: success, version: HTTP/1.1)
POST /session/7ab9999954b16c1098fccc1542fdcf24/element HTTP/1.1
User-Agent: selenium/4.10.0 (java windows)
Content-Length: 82
Content-Type: application/json; charset=utf-8
host: localhost:38631
accept: */*

Response DefaultHttpResponse(decodeResult: success, version: HTTP/1.1)
HTTP/1.1 200 OK
Content-Length: 96
Content-Type: application/json; charset=utf-8
cache-control: no-cache

13:41:00.991 [AsyncHttpClient-1-14] DEBUG org.asynchttpclient.netty.channel.ChannelManager - Adding key: http://localhost:38631 for channel [id: 0xee676906, L:/127.0.0.1:55226 - R:localhost/127.0.0.1:38631]
13:41:00.993 [Forwarding isElementDisplayed on session 7ab9999954b16c1098fccc1542fdcf24 to remote] DEBUG org.asynchttpclient.netty.request.NettyRequestSender - Using pooled Channel '[id: 0xee676906, L:/127.0.0.1:55226 - R:localhost/127.0.0.1:38631]' for 'POST' to 'http://localhost:38631/session/7ab9999954b16c1098fccc1542fdcf24/execute/sync'
13:41:00.993 [Forwarding isElementDisplayed on session 7ab9999954b16c1098fccc1542fdcf24 to remote] DEBUG org.asynchttpclient.netty.request.NettyRequestSender - Using open Channel [id: 0xee676906, L:/127.0.0.1:55226 - R:localhost/127.0.0.1:38631] for POST '/session/7ab9999954b16c1098fccc1542fdcf24/execute/sync'
13:41:00.999 [AsyncHttpClient-1-14] DEBUG org.asynchttpclient.netty.handler.HttpHandler - 

Request DefaultHttpRequest(decodeResult: success, version: HTTP/1.1)
POST /session/7ab9999954b16c1098fccc1542fdcf24/execute/sync HTTP/1.1
User-Agent: selenium/4.10.0 (java windows)
Content-Length: 48815
Content-Type: application/json; charset=utf-8
host: localhost:38631
accept: */*

Response DefaultHttpResponse(decodeResult: success, version: HTTP/1.1)
HTTP/1.1 200 OK
Content-Length: 14
Content-Type: application/json; charset=utf-8
cache-control: no-cache

13:41:00.999 [AsyncHttpClient-1-14] DEBUG org.asynchttpclient.netty.channel.ChannelManager - Adding key: http://localhost:38631 for channel [id: 0xee676906, L:/127.0.0.1:55226 - R:localhost/127.0.0.1:38631]
[INFO ] 2023-07-31 13:41:00.999 [main] WebElementActions - Waiting for element to be clickable
13:41:00.999 [Forwarding findElement on session 7ab9999954b16c1098fccc1542fdcf24 to remote] DEBUG org.asynchttpclient.netty.request.NettyRequestSender - Using pooled Channel '[id: 0xee676906, L:/127.0.0.1:55226 - R:localhost/127.0.0.1:38631]' for 'POST' to 'http://localhost:38631/session/7ab9999954b16c1098fccc1542fdcf24/element'
13:41:00.999 [Forwarding findElement on session 7ab9999954b16c1098fccc1542fdcf24 to remote] DEBUG org.asynchttpclient.netty.request.NettyRequestSender - Using open Channel [id: 0xee676906, L:/127.0.0.1:55226 - R:localhost/127.0.0.1:38631] for POST '/session/7ab9999954b16c1098fccc1542fdcf24/element'
13:41:01.005 [AsyncHttpClient-1-14] DEBUG org.asynchttpclient.netty.handler.HttpHandler - 

Request DefaultHttpRequest(decodeResult: success, version: HTTP/1.1)
POST /session/7ab9999954b16c1098fccc1542fdcf24/element HTTP/1.1
User-Agent: selenium/4.10.0 (java windows)
Content-Length: 82
Content-Type: application/json; charset=utf-8
host: localhost:38631
accept: */*

Response DefaultHttpResponse(decodeResult: success, version: HTTP/1.1)
HTTP/1.1 200 OK
Content-Length: 96
Content-Type: application/json; charset=utf-8
cache-control: no-cache

13:41:01.005 [AsyncHttpClient-1-14] DEBUG org.asynchttpclient.netty.channel.ChannelManager - Adding key: http://localhost:38631 for channel [id: 0xee676906, L:/127.0.0.1:55226 - R:localhost/127.0.0.1:38631]
13:41:01.006 [Forwarding isElementDisplayed on session 7ab9999954b16c1098fccc1542fdcf24 to remote] DEBUG org.asynchttpclient.netty.request.NettyRequestSender - Using pooled Channel '[id: 0xee676906, L:/127.0.0.1:55226 - R:localhost/127.0.0.1:38631]' for 'POST' to 'http://localhost:38631/session/7ab9999954b16c1098fccc1542fdcf24/execute/sync'
13:41:01.006 [Forwarding isElementDisplayed on session 7ab9999954b16c1098fccc1542fdcf24 to remote] DEBUG org.asynchttpclient.netty.request.NettyRequestSender - Using open Channel [id: 0xee676906, L:/127.0.0.1:55226 - R:localhost/127.0.0.1:38631] for POST '/session/7ab9999954b16c1098fccc1542fdcf24/execute/sync'
13:41:01.012 [AsyncHttpClient-1-14] DEBUG org.asynchttpclient.netty.handler.HttpHandler - 

Request DefaultHttpRequest(decodeResult: success, version: HTTP/1.1)
POST /session/7ab9999954b16c1098fccc1542fdcf24/execute/sync HTTP/1.1
User-Agent: selenium/4.10.0 (java windows)
Content-Length: 48815
Content-Type: application/json; charset=utf-8
host: localhost:38631
accept: */*

Response DefaultHttpResponse(decodeResult: success, version: HTTP/1.1)
HTTP/1.1 200 OK
Content-Length: 14
Content-Type: application/json; charset=utf-8
cache-control: no-cache

13:41:01.012 [AsyncHttpClient-1-14] DEBUG org.asynchttpclient.netty.channel.ChannelManager - Adding key: http://localhost:38631 for channel [id: 0xee676906, L:/127.0.0.1:55226 - R:localhost/127.0.0.1:38631]
13:41:01.013 [Forwarding findElement on session 7ab9999954b16c1098fccc1542fdcf24 to remote] DEBUG org.asynchttpclient.netty.request.NettyRequestSender - Using pooled Channel '[id: 0xee676906, L:/127.0.0.1:55226 - R:localhost/127.0.0.1:38631]' for 'POST' to 'http://localhost:38631/session/7ab9999954b16c1098fccc1542fdcf24/element'
13:41:01.013 [Forwarding findElement on session 7ab9999954b16c1098fccc1542fdcf24 to remote] DEBUG org.asynchttpclient.netty.request.NettyRequestSender - Using open Channel [id: 0xee676906, L:/127.0.0.1:55226 - R:localhost/127.0.0.1:38631] for POST '/session/7ab9999954b16c1098fccc1542fdcf24/element'
13:41:01.017 [AsyncHttpClient-1-14] DEBUG org.asynchttpclient.netty.handler.HttpHandler - 

Request DefaultHttpRequest(decodeResult: success, version: HTTP/1.1)
POST /session/7ab9999954b16c1098fccc1542fdcf24/element HTTP/1.1
User-Agent: selenium/4.10.0 (java windows)
Content-Length: 82
Content-Type: application/json; charset=utf-8
host: localhost:38631
accept: */*

Response DefaultHttpResponse(decodeResult: success, version: HTTP/1.1)
HTTP/1.1 200 OK
Content-Length: 96
Content-Type: application/json; charset=utf-8
cache-control: no-cache

13:41:01.017 [AsyncHttpClient-1-14] DEBUG org.asynchttpclient.netty.channel.ChannelManager - Adding key: http://localhost:38631 for channel [id: 0xee676906, L:/127.0.0.1:55226 - R:localhost/127.0.0.1:38631]
13:41:01.017 [Forwarding isElementEnabled on session 7ab9999954b16c1098fccc1542fdcf24 to remote] DEBUG org.asynchttpclient.netty.request.NettyRequestSender - Using pooled Channel '[id: 0xee676906, L:/127.0.0.1:55226 - R:localhost/127.0.0.1:38631]' for 'GET' to 'http://localhost:38631/session/7ab9999954b16c1098fccc1542fdcf24/element/EAB41257BD1B74CC4C608D1589E4BF75_element_996/enabled'
13:41:01.017 [Forwarding isElementEnabled on session 7ab9999954b16c1098fccc1542fdcf24 to remote] DEBUG org.asynchttpclient.netty.request.NettyRequestSender - Using open Channel [id: 0xee676906, L:/127.0.0.1:55226 - R:localhost/127.0.0.1:38631] for GET '/session/7ab9999954b16c1098fccc1542fdcf24/element/EAB41257BD1B74CC4C608D1589E4BF75_element_996/enabled'
13:41:01.022 [AsyncHttpClient-1-14] DEBUG org.asynchttpclient.netty.handler.HttpHandler - 

Request DefaultFullHttpRequest(decodeResult: success, version: HTTP/1.1, content: EmptyByteBufBE)
GET /session/7ab9999954b16c1098fccc1542fdcf24/element/EAB41257BD1B74CC4C608D1589E4BF75_element_996/enabled HTTP/1.1
Cache-Control: no-cache
User-Agent: selenium/4.10.0 (java windows)
Content-Type: application/json; charset=utf-8
host: localhost:38631
accept: */*

Response DefaultHttpResponse(decodeResult: success, version: HTTP/1.1)
HTTP/1.1 200 OK
Content-Length: 14
Content-Type: application/json; charset=utf-8
cache-control: no-cache

13:41:01.022 [AsyncHttpClient-1-14] DEBUG org.asynchttpclient.netty.channel.ChannelManager - Adding key: http://localhost:38631 for channel [id: 0xee676906, L:/127.0.0.1:55226 - R:localhost/127.0.0.1:38631]
[INFO ] 2023-07-31 13:41:01.022 [main] WebElementActions - Element is clickable
13:41:01.022 [Forwarding findElement on session 7ab9999954b16c1098fccc1542fdcf24 to remote] DEBUG org.asynchttpclient.netty.request.NettyRequestSender - Using pooled Channel '[id: 0xee676906, L:/127.0.0.1:55226 - R:localhost/127.0.0.1:38631]' for 'POST' to 'http://localhost:38631/session/7ab9999954b16c1098fccc1542fdcf24/element'
13:41:01.022 [Forwarding findElement on session 7ab9999954b16c1098fccc1542fdcf24 to remote] DEBUG org.asynchttpclient.netty.request.NettyRequestSender - Using open Channel [id: 0xee676906, L:/127.0.0.1:55226 - R:localhost/127.0.0.1:38631] for POST '/session/7ab9999954b16c1098fccc1542fdcf24/element'
13:41:01.028 [AsyncHttpClient-1-14] DEBUG org.asynchttpclient.netty.handler.HttpHandler - 

Request DefaultHttpRequest(decodeResult: success, version: HTTP/1.1)
POST /session/7ab9999954b16c1098fccc1542fdcf24/element HTTP/1.1
User-Agent: selenium/4.10.0 (java windows)
Content-Length: 82
Content-Type: application/json; charset=utf-8
host: localhost:38631
accept: */*

Response DefaultHttpResponse(decodeResult: success, version: HTTP/1.1)
HTTP/1.1 200 OK
Content-Length: 96
Content-Type: application/json; charset=utf-8
cache-control: no-cache

13:41:01.028 [AsyncHttpClient-1-14] DEBUG org.asynchttpclient.netty.channel.ChannelManager - Adding key: http://localhost:38631 for channel [id: 0xee676906, L:/127.0.0.1:55226 - R:localhost/127.0.0.1:38631]
13:41:01.029 [Forwarding isElementDisplayed on session 7ab9999954b16c1098fccc1542fdcf24 to remote] DEBUG org.asynchttpclient.netty.request.NettyRequestSender - Using pooled Channel '[id: 0xee676906, L:/127.0.0.1:55226 - R:localhost/127.0.0.1:38631]' for 'POST' to 'http://localhost:38631/session/7ab9999954b16c1098fccc1542fdcf24/execute/sync'
13:41:01.029 [Forwarding isElementDisplayed on session 7ab9999954b16c1098fccc1542fdcf24 to remote] DEBUG org.asynchttpclient.netty.request.NettyRequestSender - Using open Channel [id: 0xee676906, L:/127.0.0.1:55226 - R:localhost/127.0.0.1:38631] for POST '/session/7ab9999954b16c1098fccc1542fdcf24/execute/sync'
13:41:01.035 [AsyncHttpClient-1-14] DEBUG org.asynchttpclient.netty.handler.HttpHandler - 

Request DefaultHttpRequest(decodeResult: success, version: HTTP/1.1)
POST /session/7ab9999954b16c1098fccc1542fdcf24/execute/sync HTTP/1.1
User-Agent: selenium/4.10.0 (java windows)
Content-Length: 48815
Content-Type: application/json; charset=utf-8
host: localhost:38631
accept: */*

Response DefaultHttpResponse(decodeResult: success, version: HTTP/1.1)
HTTP/1.1 200 OK
Content-Length: 14
Content-Type: application/json; charset=utf-8
cache-control: no-cache

13:41:01.035 [AsyncHttpClient-1-14] DEBUG org.asynchttpclient.netty.channel.ChannelManager - Adding key: http://localhost:38631 for channel [id: 0xee676906, L:/127.0.0.1:55226 - R:localhost/127.0.0.1:38631]
13:41:01.036 [Forwarding findElement on session 7ab9999954b16c1098fccc1542fdcf24 to remote] DEBUG org.asynchttpclient.netty.request.NettyRequestSender - Using pooled Channel '[id: 0xee676906, L:/127.0.0.1:55226 - R:localhost/127.0.0.1:38631]' for 'POST' to 'http://localhost:38631/session/7ab9999954b16c1098fccc1542fdcf24/element'
13:41:01.036 [Forwarding findElement on session 7ab9999954b16c1098fccc1542fdcf24 to remote] DEBUG org.asynchttpclient.netty.request.NettyRequestSender - Using open Channel [id: 0xee676906, L:/127.0.0.1:55226 - R:localhost/127.0.0.1:38631] for POST '/session/7ab9999954b16c1098fccc1542fdcf24/element'
13:41:01.041 [AsyncHttpClient-1-14] DEBUG org.asynchttpclient.netty.handler.HttpHandler - 

Request DefaultHttpRequest(decodeResult: success, version: HTTP/1.1)
POST /session/7ab9999954b16c1098fccc1542fdcf24/element HTTP/1.1
User-Agent: selenium/4.10.0 (java windows)
Content-Length: 82
Content-Type: application/json; charset=utf-8
host: localhost:38631
accept: */*

Response DefaultHttpResponse(decodeResult: success, version: HTTP/1.1)
HTTP/1.1 200 OK
Content-Length: 96
Content-Type: application/json; charset=utf-8
cache-control: no-cache

13:41:01.041 [AsyncHttpClient-1-14] DEBUG org.asynchttpclient.netty.channel.ChannelManager - Adding key: http://localhost:38631 for channel [id: 0xee676906, L:/127.0.0.1:55226 - R:localhost/127.0.0.1:38631]
13:41:01.042 [Forwarding clickElement on session 7ab9999954b16c1098fccc1542fdcf24 to remote] DEBUG org.asynchttpclient.netty.request.NettyRequestSender - Using pooled Channel '[id: 0xee676906, L:/127.0.0.1:55226 - R:localhost/127.0.0.1:38631]' for 'POST' to 'http://localhost:38631/session/7ab9999954b16c1098fccc1542fdcf24/element/EAB41257BD1B74CC4C608D1589E4BF75_element_996/click'
13:41:01.042 [Forwarding clickElement on session 7ab9999954b16c1098fccc1542fdcf24 to remote] DEBUG org.asynchttpclient.netty.request.NettyRequestSender - Using open Channel [id: 0xee676906, L:/127.0.0.1:55226 - R:localhost/127.0.0.1:38631] for POST '/session/7ab9999954b16c1098fccc1542fdcf24/element/EAB41257BD1B74CC4C608D1589E4BF75_element_996/click'
13:41:01.072 [AsyncHttpClient-1-14] DEBUG org.asynchttpclient.netty.handler.HttpHandler - 

Request DefaultHttpRequest(decodeResult: success, version: HTTP/1.1)
POST /session/7ab9999954b16c1098fccc1542fdcf24/element/EAB41257BD1B74CC4C608D1589E4BF75_element_996/click HTTP/1.1
User-Agent: selenium/4.10.0 (java windows)
Content-Length: 58
Content-Type: application/json; charset=utf-8
host: localhost:38631
accept: */*

Response DefaultHttpResponse(decodeResult: success, version: HTTP/1.1)
HTTP/1.1 200 OK
Content-Length: 14
Content-Type: application/json; charset=utf-8
cache-control: no-cache

13:41:01.072 [AsyncHttpClient-1-14] DEBUG org.asynchttpclient.netty.channel.ChannelManager - Adding key: http://localhost:38631 for channel [id: 0xee676906, L:/127.0.0.1:55226 - R:localhost/127.0.0.1:38631]
13:41:02.053 [AsyncHttpClient-1-1] DEBUG org.asynchttpclient.netty.channel.DefaultChannelPool - Entry count for : http://localhost:38631 : 1
13:41:02.082 [Forwarding findElements on session 7ab9999954b16c1098fccc1542fdcf24 to remote] DEBUG org.asynchttpclient.netty.request.NettyRequestSender - Using pooled Channel '[id: 0xee676906, L:/127.0.0.1:55226 - R:localhost/127.0.0.1:38631]' for 'POST' to 'http://localhost:38631/session/7ab9999954b16c1098fccc1542fdcf24/elements'
13:41:02.082 [Forwarding findElements on session 7ab9999954b16c1098fccc1542fdcf24 to remote] DEBUG org.asynchttpclient.netty.request.NettyRequestSender - Using open Channel [id: 0xee676906, L:/127.0.0.1:55226 - R:localhost/127.0.0.1:38631] for POST '/session/7ab9999954b16c1098fccc1542fdcf24/elements'
13:41:02.091 [AsyncHttpClient-1-14] DEBUG org.asynchttpclient.netty.handler.HttpHandler - 

Request DefaultHttpRequest(decodeResult: success, version: HTTP/1.1)
POST /session/7ab9999954b16c1098fccc1542fdcf24/elements HTTP/1.1
User-Agent: selenium/4.10.0 (java windows)
Content-Length: 77
Content-Type: application/json; charset=utf-8
host: localhost:38631
accept: */*

Response DefaultHttpResponse(decodeResult: success, version: HTTP/1.1)
HTTP/1.1 200 OK
Content-Length: 1242
Content-Type: application/json; charset=utf-8
cache-control: no-cache

13:41:02.091 [AsyncHttpClient-1-14] DEBUG org.asynchttpclient.netty.channel.ChannelManager - Adding key: http://localhost:38631 for channel [id: 0xee676906, L:/127.0.0.1:55226 - R:localhost/127.0.0.1:38631]
[[ChromeDriver: chrome on windows (7ab9999954b16c1098fccc1542fdcf24)] -> xpath: .//span[@class='company-name']]
13:41:02.091 [Forwarding getElementText on session 7ab9999954b16c1098fccc1542fdcf24 to remote] DEBUG org.asynchttpclient.netty.request.NettyRequestSender - Using pooled Channel '[id: 0xee676906, L:/127.0.0.1:55226 - R:localhost/127.0.0.1:38631]' for 'GET' to 'http://localhost:38631/session/7ab9999954b16c1098fccc1542fdcf24/element/EAB41257BD1B74CC4C608D1589E4BF75_element_999/text'
13:41:02.091 [Forwarding getElementText on session 7ab9999954b16c1098fccc1542fdcf24 to remote] DEBUG org.asynchttpclient.netty.request.NettyRequestSender - Using open Channel [id: 0xee676906, L:/127.0.0.1:55226 - R:localhost/127.0.0.1:38631] for GET '/session/7ab9999954b16c1098fccc1542fdcf24/element/EAB41257BD1B74CC4C608D1589E4BF75_element_999/text'
13:41:02.098 [AsyncHttpClient-1-14] DEBUG org.asynchttpclient.netty.handler.HttpHandler - 

Request DefaultFullHttpRequest(decodeResult: success, version: HTTP/1.1, content: EmptyByteBufBE)
GET /session/7ab9999954b16c1098fccc1542fdcf24/element/EAB41257BD1B74CC4C608D1589E4BF75_element_999/text HTTP/1.1
Cache-Control: no-cache
User-Agent: selenium/4.10.0 (java windows)
Content-Type: application/json; charset=utf-8
host: localhost:38631
accept: */*

Response DefaultHttpResponse(decodeResult: success, version: HTTP/1.1)
HTTP/1.1 200 OK
Content-Length: 65
Content-Type: application/json; charset=utf-8
cache-control: no-cache

13:41:02.098 [AsyncHttpClient-1-14] DEBUG org.asynchttpclient.netty.channel.ChannelManager - Adding key: http://localhost:38631 for channel [id: 0xee676906, L:/127.0.0.1:55226 - R:localhost/127.0.0.1:38631]
[[ChromeDriver: chrome on windows (7ab9999954b16c1098fccc1542fdcf24)] -> xpath: .//span[@class='company-name']]
13:41:02.098 [Forwarding getElementText on session 7ab9999954b16c1098fccc1542fdcf24 to remote] DEBUG org.asynchttpclient.netty.request.NettyRequestSender - Using pooled Channel '[id: 0xee676906, L:/127.0.0.1:55226 - R:localhost/127.0.0.1:38631]' for 'GET' to 'http://localhost:38631/session/7ab9999954b16c1098fccc1542fdcf24/element/EAB41257BD1B74CC4C608D1589E4BF75_element_1000/text'
13:41:02.098 [Forwarding getElementText on session 7ab9999954b16c1098fccc1542fdcf24 to remote] DEBUG org.asynchttpclient.netty.request.NettyRequestSender - Using open Channel [id: 0xee676906, L:/127.0.0.1:55226 - R:localhost/127.0.0.1:38631] for GET '/session/7ab9999954b16c1098fccc1542fdcf24/element/EAB41257BD1B74CC4C608D1589E4BF75_element_1000/text'
13:41:02.104 [AsyncHttpClient-1-14] DEBUG org.asynchttpclient.netty.handler.HttpHandler - 

Request DefaultFullHttpRequest(decodeResult: success, version: HTTP/1.1, content: EmptyByteBufBE)
GET /session/7ab9999954b16c1098fccc1542fdcf24/element/EAB41257BD1B74CC4C608D1589E4BF75_element_1000/text HTTP/1.1
Cache-Control: no-cache
User-Agent: selenium/4.10.0 (java windows)
Content-Type: application/json; charset=utf-8
host: localhost:38631
accept: */*

Response DefaultHttpResponse(decodeResult: success, version: HTTP/1.1)
HTTP/1.1 200 OK
Content-Length: 114
Content-Type: application/json; charset=utf-8
cache-control: no-cache

13:41:02.104 [AsyncHttpClient-1-14] DEBUG org.asynchttpclient.netty.channel.ChannelManager - Adding key: http://localhost:38631 for channel [id: 0xee676906, L:/127.0.0.1:55226 - R:localhost/127.0.0.1:38631]
[[ChromeDriver: chrome on windows (7ab9999954b16c1098fccc1542fdcf24)] -> xpath: .//span[@class='company-name']]
13:41:02.105 [Forwarding getElementText on session 7ab9999954b16c1098fccc1542fdcf24 to remote] DEBUG org.asynchttpclient.netty.request.NettyRequestSender - Using pooled Channel '[id: 0xee676906, L:/127.0.0.1:55226 - R:localhost/127.0.0.1:38631]' for 'GET' to 'http://localhost:38631/session/7ab9999954b16c1098fccc1542fdcf24/element/EAB41257BD1B74CC4C608D1589E4BF75_element_1001/text'
13:41:02.105 [Forwarding getElementText on session 7ab9999954b16c1098fccc1542fdcf24 to remote] DEBUG org.asynchttpclient.netty.request.NettyRequestSender - Using open Channel [id: 0xee676906, L:/127.0.0.1:55226 - R:localhost/127.0.0.1:38631] for GET '/session/7ab9999954b16c1098fccc1542fdcf24/element/EAB41257BD1B74CC4C608D1589E4BF75_element_1001/text'
13:41:02.110 [AsyncHttpClient-1-14] DEBUG org.asynchttpclient.netty.handler.HttpHandler - 

Request DefaultFullHttpRequest(decodeResult: success, version: HTTP/1.1, content: EmptyByteBufBE)
GET /session/7ab9999954b16c1098fccc1542fdcf24/element/EAB41257BD1B74CC4C608D1589E4BF75_element_1001/text HTTP/1.1
Cache-Control: no-cache
User-Agent: selenium/4.10.0 (java windows)
Content-Type: application/json; charset=utf-8
host: localhost:38631
accept: */*

Response DefaultHttpResponse(decodeResult: success, version: HTTP/1.1)
HTTP/1.1 200 OK
Content-Length: 59
Content-Type: application/json; charset=utf-8
cache-control: no-cache

13:41:02.110 [AsyncHttpClient-1-14] DEBUG org.asynchttpclient.netty.channel.ChannelManager - Adding key: http://localhost:38631 for channel [id: 0xee676906, L:/127.0.0.1:55226 - R:localhost/127.0.0.1:38631]
13:41:02.110 [Forwarding clickElement on session 7ab9999954b16c1098fccc1542fdcf24 to remote] DEBUG org.asynchttpclient.netty.request.NettyRequestSender - Using pooled Channel '[id: 0xee676906, L:/127.0.0.1:55226 - R:localhost/127.0.0.1:38631]' for 'POST' to 'http://localhost:38631/session/7ab9999954b16c1098fccc1542fdcf24/element/EAB41257BD1B74CC4C608D1589E4BF75_element_1001/click'
13:41:02.110 [Forwarding clickElement on session 7ab9999954b16c1098fccc1542fdcf24 to remote] DEBUG org.asynchttpclient.netty.request.NettyRequestSender - Using open Channel [id: 0xee676906, L:/127.0.0.1:55226 - R:localhost/127.0.0.1:38631] for POST '/session/7ab9999954b16c1098fccc1542fdcf24/element/EAB41257BD1B74CC4C608D1589E4BF75_element_1001/click'
13:41:02.142 [AsyncHttpClient-1-14] DEBUG org.asynchttpclient.netty.handler.HttpHandler - 

Request DefaultHttpRequest(decodeResult: success, version: HTTP/1.1)
POST /session/7ab9999954b16c1098fccc1542fdcf24/element/EAB41257BD1B74CC4C608D1589E4BF75_element_1001/click HTTP/1.1
User-Agent: selenium/4.10.0 (java windows)
Content-Length: 59
Content-Type: application/json; charset=utf-8
host: localhost:38631
accept: */*

Response DefaultHttpResponse(decodeResult: success, version: HTTP/1.1)
HTTP/1.1 200 OK
Content-Length: 14
Content-Type: application/json; charset=utf-8
cache-control: no-cache

13:41:02.142 [AsyncHttpClient-1-14] DEBUG org.asynchttpclient.netty.channel.ChannelManager - Adding key: http://localhost:38631 for channel [id: 0xee676906, L:/127.0.0.1:55226 - R:localhost/127.0.0.1:38631]
[[ChromeDriver: chrome on windows (7ab9999954b16c1098fccc1542fdcf24)] -> xpath: .//span[@class='company-name']]
13:41:02.142 [Forwarding getElementText on session 7ab9999954b16c1098fccc1542fdcf24 to remote] DEBUG org.asynchttpclient.netty.request.NettyRequestSender - Using pooled Channel '[id: 0xee676906, L:/127.0.0.1:55226 - R:localhost/127.0.0.1:38631]' for 'GET' to 'http://localhost:38631/session/7ab9999954b16c1098fccc1542fdcf24/element/EAB41257BD1B74CC4C608D1589E4BF75_element_1002/text'
13:41:02.142 [Forwarding getElementText on session 7ab9999954b16c1098fccc1542fdcf24 to remote] DEBUG org.asynchttpclient.netty.request.NettyRequestSender - Using open Channel [id: 0xee676906, L:/127.0.0.1:55226 - R:localhost/127.0.0.1:38631] for GET '/session/7ab9999954b16c1098fccc1542fdcf24/element/EAB41257BD1B74CC4C608D1589E4BF75_element_1002/text'
13:41:02.150 [AsyncHttpClient-1-14] DEBUG org.asynchttpclient.netty.handler.HttpHandler - 

Request DefaultFullHttpRequest(decodeResult: success, version: HTTP/1.1, content: EmptyByteBufBE)
GET /session/7ab9999954b16c1098fccc1542fdcf24/element/EAB41257BD1B74CC4C608D1589E4BF75_element_1002/text HTTP/1.1
Cache-Control: no-cache
User-Agent: selenium/4.10.0 (java windows)
Content-Type: application/json; charset=utf-8
host: localhost:38631
accept: */*

Response DefaultHttpResponse(decodeResult: success, version: HTTP/1.1)
HTTP/1.1 200 OK
Content-Length: 41
Content-Type: application/json; charset=utf-8
cache-control: no-cache

13:41:02.150 [AsyncHttpClient-1-14] DEBUG org.asynchttpclient.netty.channel.ChannelManager - Adding key: http://localhost:38631 for channel [id: 0xee676906, L:/127.0.0.1:55226 - R:localhost/127.0.0.1:38631]
[[ChromeDriver: chrome on windows (7ab9999954b16c1098fccc1542fdcf24)] -> xpath: .//span[@class='company-name']]
13:41:02.150 [Forwarding getElementText on session 7ab9999954b16c1098fccc1542fdcf24 to remote] DEBUG org.asynchttpclient.netty.request.NettyRequestSender - Using pooled Channel '[id: 0xee676906, L:/127.0.0.1:55226 - R:localhost/127.0.0.1:38631]' for 'GET' to 'http://localhost:38631/session/7ab9999954b16c1098fccc1542fdcf24/element/EAB41257BD1B74CC4C608D1589E4BF75_element_1003/text'
13:41:02.150 [Forwarding getElementText on session 7ab9999954b16c1098fccc1542fdcf24 to remote] DEBUG org.asynchttpclient.netty.request.NettyRequestSender - Using open Channel [id: 0xee676906, L:/127.0.0.1:55226 - R:localhost/127.0.0.1:38631] for GET '/session/7ab9999954b16c1098fccc1542fdcf24/element/EAB41257BD1B74CC4C608D1589E4BF75_element_1003/text'
13:41:02.157 [AsyncHttpClient-1-14] DEBUG org.asynchttpclient.netty.handler.HttpHandler - 

Request DefaultFullHttpRequest(decodeResult: success, version: HTTP/1.1, content: EmptyByteBufBE)
GET /session/7ab9999954b16c1098fccc1542fdcf24/element/EAB41257BD1B74CC4C608D1589E4BF75_element_1003/text HTTP/1.1
Cache-Control: no-cache
User-Agent: selenium/4.10.0 (java windows)
Content-Type: application/json; charset=utf-8
host: localhost:38631
accept: */*

Response DefaultHttpResponse(decodeResult: success, version: HTTP/1.1)
HTTP/1.1 200 OK
Content-Length: 81
Content-Type: application/json; charset=utf-8
cache-control: no-cache

13:41:02.157 [AsyncHttpClient-1-14] DEBUG org.asynchttpclient.netty.channel.ChannelManager - Adding key: http://localhost:38631 for channel [id: 0xee676906, L:/127.0.0.1:55226 - R:localhost/127.0.0.1:38631]
[[ChromeDriver: chrome on windows (7ab9999954b16c1098fccc1542fdcf24)] -> xpath: .//span[@class='company-name']]
13:41:02.157 [Forwarding getElementText on session 7ab9999954b16c1098fccc1542fdcf24 to remote] DEBUG org.asynchttpclient.netty.request.NettyRequestSender - Using pooled Channel '[id: 0xee676906, L:/127.0.0.1:55226 - R:localhost/127.0.0.1:38631]' for 'GET' to 'http://localhost:38631/session/7ab9999954b16c1098fccc1542fdcf24/element/EAB41257BD1B74CC4C608D1589E4BF75_element_1004/text'
13:41:02.157 [Forwarding getElementText on session 7ab9999954b16c1098fccc1542fdcf24 to remote] DEBUG org.asynchttpclient.netty.request.NettyRequestSender - Using open Channel [id: 0xee676906, L:/127.0.0.1:55226 - R:localhost/127.0.0.1:38631] for GET '/session/7ab9999954b16c1098fccc1542fdcf24/element/EAB41257BD1B74CC4C608D1589E4BF75_element_1004/text'
13:41:02.164 [AsyncHttpClient-1-14] DEBUG org.asynchttpclient.netty.handler.HttpHandler - 

Request DefaultFullHttpRequest(decodeResult: success, version: HTTP/1.1, content: EmptyByteBufBE)
GET /session/7ab9999954b16c1098fccc1542fdcf24/element/EAB41257BD1B74CC4C608D1589E4BF75_element_1004/text HTTP/1.1
Cache-Control: no-cache
User-Agent: selenium/4.10.0 (java windows)
Content-Type: application/json; charset=utf-8
host: localhost:38631
accept: */*

Response DefaultHttpResponse(decodeResult: success, version: HTTP/1.1)
HTTP/1.1 200 OK
Content-Length: 69
Content-Type: application/json; charset=utf-8
cache-control: no-cache

13:41:02.164 [AsyncHttpClient-1-14] DEBUG org.asynchttpclient.netty.channel.ChannelManager - Adding key: http://localhost:38631 for channel [id: 0xee676906, L:/127.0.0.1:55226 - R:localhost/127.0.0.1:38631]
[[ChromeDriver: chrome on windows (7ab9999954b16c1098fccc1542fdcf24)] -> xpath: .//span[@class='company-name']]
13:41:02.164 [Forwarding getElementText on session 7ab9999954b16c1098fccc1542fdcf24 to remote] DEBUG org.asynchttpclient.netty.request.NettyRequestSender - Using pooled Channel '[id: 0xee676906, L:/127.0.0.1:55226 - R:localhost/127.0.0.1:38631]' for 'GET' to 'http://localhost:38631/session/7ab9999954b16c1098fccc1542fdcf24/element/EAB41257BD1B74CC4C608D1589E4BF75_element_1005/text'
13:41:02.164 [Forwarding getElementText on session 7ab9999954b16c1098fccc1542fdcf24 to remote] DEBUG org.asynchttpclient.netty.request.NettyRequestSender - Using open Channel [id: 0xee676906, L:/127.0.0.1:55226 - R:localhost/127.0.0.1:38631] for GET '/session/7ab9999954b16c1098fccc1542fdcf24/element/EAB41257BD1B74CC4C608D1589E4BF75_element_1005/text'
13:41:02.170 [AsyncHttpClient-1-14] DEBUG org.asynchttpclient.netty.handler.HttpHandler - 

Request DefaultFullHttpRequest(decodeResult: success, version: HTTP/1.1, content: EmptyByteBufBE)
GET /session/7ab9999954b16c1098fccc1542fdcf24/element/EAB41257BD1B74CC4C608D1589E4BF75_element_1005/text HTTP/1.1
Cache-Control: no-cache
User-Agent: selenium/4.10.0 (java windows)
Content-Type: application/json; charset=utf-8
host: localhost:38631
accept: */*

Response DefaultHttpResponse(decodeResult: success, version: HTTP/1.1)
HTTP/1.1 200 OK
Content-Length: 53
Content-Type: application/json; charset=utf-8
cache-control: no-cache

13:41:02.170 [AsyncHttpClient-1-14] DEBUG org.asynchttpclient.netty.channel.ChannelManager - Adding key: http://localhost:38631 for channel [id: 0xee676906, L:/127.0.0.1:55226 - R:localhost/127.0.0.1:38631]
[[ChromeDriver: chrome on windows (7ab9999954b16c1098fccc1542fdcf24)] -> xpath: .//span[@class='company-name']]
13:41:02.171 [Forwarding getElementText on session 7ab9999954b16c1098fccc1542fdcf24 to remote] DEBUG org.asynchttpclient.netty.request.NettyRequestSender - Using pooled Channel '[id: 0xee676906, L:/127.0.0.1:55226 - R:localhost/127.0.0.1:38631]' for 'GET' to 'http://localhost:38631/session/7ab9999954b16c1098fccc1542fdcf24/element/EAB41257BD1B74CC4C608D1589E4BF75_element_1006/text'
13:41:02.171 [Forwarding getElementText on session 7ab9999954b16c1098fccc1542fdcf24 to remote] DEBUG org.asynchttpclient.netty.request.NettyRequestSender - Using open Channel [id: 0xee676906, L:/127.0.0.1:55226 - R:localhost/127.0.0.1:38631] for GET '/session/7ab9999954b16c1098fccc1542fdcf24/element/EAB41257BD1B74CC4C608D1589E4BF75_element_1006/text'
13:41:02.177 [AsyncHttpClient-1-14] DEBUG org.asynchttpclient.netty.handler.HttpHandler - 

Request DefaultFullHttpRequest(decodeResult: success, version: HTTP/1.1, content: EmptyByteBufBE)
GET /session/7ab9999954b16c1098fccc1542fdcf24/element/EAB41257BD1B74CC4C608D1589E4BF75_element_1006/text HTTP/1.1
Cache-Control: no-cache
User-Agent: selenium/4.10.0 (java windows)
Content-Type: application/json; charset=utf-8
host: localhost:38631
accept: */*

Response DefaultHttpResponse(decodeResult: success, version: HTTP/1.1)
HTTP/1.1 200 OK
Content-Length: 136
Content-Type: application/json; charset=utf-8
cache-control: no-cache

13:41:02.177 [AsyncHttpClient-1-14] DEBUG org.asynchttpclient.netty.channel.ChannelManager - Adding key: http://localhost:38631 for channel [id: 0xee676906, L:/127.0.0.1:55226 - R:localhost/127.0.0.1:38631]
[[ChromeDriver: chrome on windows (7ab9999954b16c1098fccc1542fdcf24)] -> xpath: .//span[@class='company-name']]
13:41:02.178 [Forwarding getElementText on session 7ab9999954b16c1098fccc1542fdcf24 to remote] DEBUG org.asynchttpclient.netty.request.NettyRequestSender - Using pooled Channel '[id: 0xee676906, L:/127.0.0.1:55226 - R:localhost/127.0.0.1:38631]' for 'GET' to 'http://localhost:38631/session/7ab9999954b16c1098fccc1542fdcf24/element/EAB41257BD1B74CC4C608D1589E4BF75_element_1007/text'
13:41:02.178 [Forwarding getElementText on session 7ab9999954b16c1098fccc1542fdcf24 to remote] DEBUG org.asynchttpclient.netty.request.NettyRequestSender - Using open Channel [id: 0xee676906, L:/127.0.0.1:55226 - R:localhost/127.0.0.1:38631] for GET '/session/7ab9999954b16c1098fccc1542fdcf24/element/EAB41257BD1B74CC4C608D1589E4BF75_element_1007/text'
13:41:02.184 [AsyncHttpClient-1-14] DEBUG org.asynchttpclient.netty.handler.HttpHandler - 

Request DefaultFullHttpRequest(decodeResult: success, version: HTTP/1.1, content: EmptyByteBufBE)
GET /session/7ab9999954b16c1098fccc1542fdcf24/element/EAB41257BD1B74CC4C608D1589E4BF75_element_1007/text HTTP/1.1
Cache-Control: no-cache
User-Agent: selenium/4.10.0 (java windows)
Content-Type: application/json; charset=utf-8
host: localhost:38631
accept: */*

Response DefaultHttpResponse(decodeResult: success, version: HTTP/1.1)
HTTP/1.1 200 OK
Content-Length: 12
Content-Type: application/json; charset=utf-8
cache-control: no-cache

13:41:02.184 [AsyncHttpClient-1-14] DEBUG org.asynchttpclient.netty.channel.ChannelManager - Adding key: http://localhost:38631 for channel [id: 0xee676906, L:/127.0.0.1:55226 - R:localhost/127.0.0.1:38631]
[[ChromeDriver: chrome on windows (7ab9999954b16c1098fccc1542fdcf24)] -> xpath: .//span[@class='company-name']]
13:41:02.185 [Forwarding getElementText on session 7ab9999954b16c1098fccc1542fdcf24 to remote] DEBUG org.asynchttpclient.netty.request.NettyRequestSender - Using pooled Channel '[id: 0xee676906, L:/127.0.0.1:55226 - R:localhost/127.0.0.1:38631]' for 'GET' to 'http://localhost:38631/session/7ab9999954b16c1098fccc1542fdcf24/element/EAB41257BD1B74CC4C608D1589E4BF75_element_1008/text'
13:41:02.185 [Forwarding getElementText on session 7ab9999954b16c1098fccc1542fdcf24 to remote] DEBUG org.asynchttpclient.netty.request.NettyRequestSender - Using open Channel [id: 0xee676906, L:/127.0.0.1:55226 - R:localhost/127.0.0.1:38631] for GET '/session/7ab9999954b16c1098fccc1542fdcf24/element/EAB41257BD1B74CC4C608D1589E4BF75_element_1008/text'
13:41:02.191 [AsyncHttpClient-1-14] DEBUG org.asynchttpclient.netty.handler.HttpHandler - 

Request DefaultFullHttpRequest(decodeResult: success, version: HTTP/1.1, content: EmptyByteBufBE)
GET /session/7ab9999954b16c1098fccc1542fdcf24/element/EAB41257BD1B74CC4C608D1589E4BF75_element_1008/text HTTP/1.1
Cache-Control: no-cache
User-Agent: selenium/4.10.0 (java windows)
Content-Type: application/json; charset=utf-8
host: localhost:38631
accept: */*

Response DefaultHttpResponse(decodeResult: success, version: HTTP/1.1)
HTTP/1.1 200 OK
Content-Length: 12
Content-Type: application/json; charset=utf-8
cache-control: no-cache

13:41:02.192 [AsyncHttpClient-1-14] DEBUG org.asynchttpclient.netty.channel.ChannelManager - Adding key: http://localhost:38631 for channel [id: 0xee676906, L:/127.0.0.1:55226 - R:localhost/127.0.0.1:38631]
[[ChromeDriver: chrome on windows (7ab9999954b16c1098fccc1542fdcf24)] -> xpath: .//span[@class='company-name']]
13:41:02.192 [Forwarding getElementText on session 7ab9999954b16c1098fccc1542fdcf24 to remote] DEBUG org.asynchttpclient.netty.request.NettyRequestSender - Using pooled Channel '[id: 0xee676906, L:/127.0.0.1:55226 - R:localhost/127.0.0.1:38631]' for 'GET' to 'http://localhost:38631/session/7ab9999954b16c1098fccc1542fdcf24/element/EAB41257BD1B74CC4C608D1589E4BF75_element_1009/text'
13:41:02.192 [Forwarding getElementText on session 7ab9999954b16c1098fccc1542fdcf24 to remote] DEBUG org.asynchttpclient.netty.request.NettyRequestSender - Using open Channel [id: 0xee676906, L:/127.0.0.1:55226 - R:localhost/127.0.0.1:38631] for GET '/session/7ab9999954b16c1098fccc1542fdcf24/element/EAB41257BD1B74CC4C608D1589E4BF75_element_1009/text'
13:41:02.198 [AsyncHttpClient-1-14] DEBUG org.asynchttpclient.netty.handler.HttpHandler - 

Request DefaultFullHttpRequest(decodeResult: success, version: HTTP/1.1, content: EmptyByteBufBE)
GET /session/7ab9999954b16c1098fccc1542fdcf24/element/EAB41257BD1B74CC4C608D1589E4BF75_element_1009/text HTTP/1.1
Cache-Control: no-cache
User-Agent: selenium/4.10.0 (java windows)
Content-Type: application/json; charset=utf-8
host: localhost:38631
accept: */*

Response DefaultHttpResponse(decodeResult: success, version: HTTP/1.1)
HTTP/1.1 200 OK
Content-Length: 12
Content-Type: application/json; charset=utf-8
cache-control: no-cache

13:41:02.198 [AsyncHttpClient-1-14] DEBUG org.asynchttpclient.netty.channel.ChannelManager - Adding key: http://localhost:38631 for channel [id: 0xee676906, L:/127.0.0.1:55226 - R:localhost/127.0.0.1:38631]
[[ChromeDriver: chrome on windows (7ab9999954b16c1098fccc1542fdcf24)] -> xpath: .//span[@class='company-name']]
13:41:02.199 [Forwarding getElementText on session 7ab9999954b16c1098fccc1542fdcf24 to remote] DEBUG org.asynchttpclient.netty.request.NettyRequestSender - Using pooled Channel '[id: 0xee676906, L:/127.0.0.1:55226 - R:localhost/127.0.0.1:38631]' for 'GET' to 'http://localhost:38631/session/7ab9999954b16c1098fccc1542fdcf24/element/EAB41257BD1B74CC4C608D1589E4BF75_element_1010/text'
13:41:02.199 [Forwarding getElementText on session 7ab9999954b16c1098fccc1542fdcf24 to remote] DEBUG org.asynchttpclient.netty.request.NettyRequestSender - Using open Channel [id: 0xee676906, L:/127.0.0.1:55226 - R:localhost/127.0.0.1:38631] for GET '/session/7ab9999954b16c1098fccc1542fdcf24/element/EAB41257BD1B74CC4C608D1589E4BF75_element_1010/text'
13:41:02.205 [AsyncHttpClient-1-14] DEBUG org.asynchttpclient.netty.handler.HttpHandler - 

Request DefaultFullHttpRequest(decodeResult: success, version: HTTP/1.1, content: EmptyByteBufBE)
GET /session/7ab9999954b16c1098fccc1542fdcf24/element/EAB41257BD1B74CC4C608D1589E4BF75_element_1010/text HTTP/1.1
Cache-Control: no-cache
User-Agent: selenium/4.10.0 (java windows)
Content-Type: application/json; charset=utf-8
host: localhost:38631
accept: */*

Response DefaultHttpResponse(decodeResult: success, version: HTTP/1.1)
HTTP/1.1 200 OK
Content-Length: 12
Content-Type: application/json; charset=utf-8
cache-control: no-cache

13:41:02.205 [AsyncHttpClient-1-14] DEBUG org.asynchttpclient.netty.channel.ChannelManager - Adding key: http://localhost:38631 for channel [id: 0xee676906, L:/127.0.0.1:55226 - R:localhost/127.0.0.1:38631]
[[ChromeDriver: chrome on windows (7ab9999954b16c1098fccc1542fdcf24)] -> xpath: .//span[@class='company-name']]
13:41:02.205 [Forwarding getElementText on session 7ab9999954b16c1098fccc1542fdcf24 to remote] DEBUG org.asynchttpclient.netty.request.NettyRequestSender - Using pooled Channel '[id: 0xee676906, L:/127.0.0.1:55226 - R:localhost/127.0.0.1:38631]' for 'GET' to 'http://localhost:38631/session/7ab9999954b16c1098fccc1542fdcf24/element/EAB41257BD1B74CC4C608D1589E4BF75_element_1011/text'
13:41:02.205 [Forwarding getElementText on session 7ab9999954b16c1098fccc1542fdcf24 to remote] DEBUG org.asynchttpclient.netty.request.NettyRequestSender - Using open Channel [id: 0xee676906, L:/127.0.0.1:55226 - R:localhost/127.0.0.1:38631] for GET '/session/7ab9999954b16c1098fccc1542fdcf24/element/EAB41257BD1B74CC4C608D1589E4BF75_element_1011/text'
13:41:02.212 [AsyncHttpClient-1-14] DEBUG org.asynchttpclient.netty.handler.HttpHandler - 

Request DefaultFullHttpRequest(decodeResult: success, version: HTTP/1.1, content: EmptyByteBufBE)
GET /session/7ab9999954b16c1098fccc1542fdcf24/element/EAB41257BD1B74CC4C608D1589E4BF75_element_1011/text HTTP/1.1
Cache-Control: no-cache
User-Agent: selenium/4.10.0 (java windows)
Content-Type: application/json; charset=utf-8
host: localhost:38631
accept: */*

Response DefaultHttpResponse(decodeResult: success, version: HTTP/1.1)
HTTP/1.1 200 OK
Content-Length: 12
Content-Type: application/json; charset=utf-8
cache-control: no-cache

13:41:02.212 [AsyncHttpClient-1-14] DEBUG org.asynchttpclient.netty.channel.ChannelManager - Adding key: http://localhost:38631 for channel [id: 0xee676906, L:/127.0.0.1:55226 - R:localhost/127.0.0.1:38631]
[[ChromeDriver: chrome on windows (7ab9999954b16c1098fccc1542fdcf24)] -> xpath: .//span[@class='company-name']]
13:41:02.213 [Forwarding getElementText on session 7ab9999954b16c1098fccc1542fdcf24 to remote] DEBUG org.asynchttpclient.netty.request.NettyRequestSender - Using pooled Channel '[id: 0xee676906, L:/127.0.0.1:55226 - R:localhost/127.0.0.1:38631]' for 'GET' to 'http://localhost:38631/session/7ab9999954b16c1098fccc1542fdcf24/element/EAB41257BD1B74CC4C608D1589E4BF75_element_1012/text'
13:41:02.213 [Forwarding getElementText on session 7ab9999954b16c1098fccc1542fdcf24 to remote] DEBUG org.asynchttpclient.netty.request.NettyRequestSender - Using open Channel [id: 0xee676906, L:/127.0.0.1:55226 - R:localhost/127.0.0.1:38631] for GET '/session/7ab9999954b16c1098fccc1542fdcf24/element/EAB41257BD1B74CC4C608D1589E4BF75_element_1012/text'
13:41:02.219 [AsyncHttpClient-1-14] DEBUG org.asynchttpclient.netty.handler.HttpHandler - 

Request DefaultFullHttpRequest(decodeResult: success, version: HTTP/1.1, content: EmptyByteBufBE)
GET /session/7ab9999954b16c1098fccc1542fdcf24/element/EAB41257BD1B74CC4C608D1589E4BF75_element_1012/text HTTP/1.1
Cache-Control: no-cache
User-Agent: selenium/4.10.0 (java windows)
Content-Type: application/json; charset=utf-8
host: localhost:38631
accept: */*

Response DefaultHttpResponse(decodeResult: success, version: HTTP/1.1)
HTTP/1.1 200 OK
Content-Length: 12
Content-Type: application/json; charset=utf-8
cache-control: no-cache

13:41:02.219 [AsyncHttpClient-1-14] DEBUG org.asynchttpclient.netty.channel.ChannelManager - Adding key: http://localhost:38631 for channel [id: 0xee676906, L:/127.0.0.1:55226 - R:localhost/127.0.0.1:38631]
13:41:03.153 [AsyncHttpClient-1-1] DEBUG org.asynchttpclient.netty.channel.DefaultChannelPool - Entry count for : http://localhost:38631 : 1
13:41:04.224 [Forwarding findElement on session 7ab9999954b16c1098fccc1542fdcf24 to remote] DEBUG org.asynchttpclient.netty.request.NettyRequestSender - Using pooled Channel '[id: 0xee676906, L:/127.0.0.1:55226 - R:localhost/127.0.0.1:38631]' for 'POST' to 'http://localhost:38631/session/7ab9999954b16c1098fccc1542fdcf24/element'
13:41:04.224 [Forwarding findElement on session 7ab9999954b16c1098fccc1542fdcf24 to remote] DEBUG org.asynchttpclient.netty.request.NettyRequestSender - Using open Channel [id: 0xee676906, L:/127.0.0.1:55226 - R:localhost/127.0.0.1:38631] for POST '/session/7ab9999954b16c1098fccc1542fdcf24/element'
13:41:04.229 [AsyncHttpClient-1-14] DEBUG org.asynchttpclient.netty.handler.HttpHandler - 

Request DefaultHttpRequest(decodeResult: success, version: HTTP/1.1)
POST /session/7ab9999954b16c1098fccc1542fdcf24/element HTTP/1.1
User-Agent: selenium/4.10.0 (java windows)
Content-Length: 251
Content-Type: application/json; charset=utf-8
host: localhost:38631
accept: */*

Response DefaultHttpResponse(decodeResult: success, version: HTTP/1.1)
HTTP/1.1 200 OK
Content-Length: 96
Content-Type: application/json; charset=utf-8
cache-control: no-cache

13:41:04.229 [AsyncHttpClient-1-14] DEBUG org.asynchttpclient.netty.channel.ChannelManager - Adding key: http://localhost:38631 for channel [id: 0xee676906, L:/127.0.0.1:55226 - R:localhost/127.0.0.1:38631]
13:41:04.231 [Forwarding isElementDisplayed on session 7ab9999954b16c1098fccc1542fdcf24 to remote] DEBUG org.asynchttpclient.netty.request.NettyRequestSender - Using pooled Channel '[id: 0xee676906, L:/127.0.0.1:55226 - R:localhost/127.0.0.1:38631]' for 'POST' to 'http://localhost:38631/session/7ab9999954b16c1098fccc1542fdcf24/execute/sync'
13:41:04.231 [Forwarding isElementDisplayed on session 7ab9999954b16c1098fccc1542fdcf24 to remote] DEBUG org.asynchttpclient.netty.request.NettyRequestSender - Using open Channel [id: 0xee676906, L:/127.0.0.1:55226 - R:localhost/127.0.0.1:38631] for POST '/session/7ab9999954b16c1098fccc1542fdcf24/execute/sync'
13:41:04.237 [AsyncHttpClient-1-14] DEBUG org.asynchttpclient.netty.handler.HttpHandler - 

Request DefaultHttpRequest(decodeResult: success, version: HTTP/1.1)
POST /session/7ab9999954b16c1098fccc1542fdcf24/execute/sync HTTP/1.1
User-Agent: selenium/4.10.0 (java windows)
Content-Length: 48815
Content-Type: application/json; charset=utf-8
host: localhost:38631
accept: */*

Response DefaultHttpResponse(decodeResult: success, version: HTTP/1.1)
HTTP/1.1 200 OK
Content-Length: 14
Content-Type: application/json; charset=utf-8
cache-control: no-cache

13:41:04.237 [AsyncHttpClient-1-14] DEBUG org.asynchttpclient.netty.channel.ChannelManager - Adding key: http://localhost:38631 for channel [id: 0xee676906, L:/127.0.0.1:55226 - R:localhost/127.0.0.1:38631]
[INFO ] 2023-07-31 13:41:04.237 [main] WebElementActions - Waiting for element to be clickable
13:41:04.237 [Forwarding findElement on session 7ab9999954b16c1098fccc1542fdcf24 to remote] DEBUG org.asynchttpclient.netty.request.NettyRequestSender - Using pooled Channel '[id: 0xee676906, L:/127.0.0.1:55226 - R:localhost/127.0.0.1:38631]' for 'POST' to 'http://localhost:38631/session/7ab9999954b16c1098fccc1542fdcf24/element'
13:41:04.237 [Forwarding findElement on session 7ab9999954b16c1098fccc1542fdcf24 to remote] DEBUG org.asynchttpclient.netty.request.NettyRequestSender - Using open Channel [id: 0xee676906, L:/127.0.0.1:55226 - R:localhost/127.0.0.1:38631] for POST '/session/7ab9999954b16c1098fccc1542fdcf24/element'
13:41:04.242 [AsyncHttpClient-1-14] DEBUG org.asynchttpclient.netty.handler.HttpHandler - 

Request DefaultHttpRequest(decodeResult: success, version: HTTP/1.1)
POST /session/7ab9999954b16c1098fccc1542fdcf24/element HTTP/1.1
User-Agent: selenium/4.10.0 (java windows)
Content-Length: 251
Content-Type: application/json; charset=utf-8
host: localhost:38631
accept: */*

Response DefaultHttpResponse(decodeResult: success, version: HTTP/1.1)
HTTP/1.1 200 OK
Content-Length: 96
Content-Type: application/json; charset=utf-8
cache-control: no-cache

13:41:04.242 [AsyncHttpClient-1-14] DEBUG org.asynchttpclient.netty.channel.ChannelManager - Adding key: http://localhost:38631 for channel [id: 0xee676906, L:/127.0.0.1:55226 - R:localhost/127.0.0.1:38631]
13:41:04.244 [Forwarding isElementDisplayed on session 7ab9999954b16c1098fccc1542fdcf24 to remote] DEBUG org.asynchttpclient.netty.request.NettyRequestSender - Using pooled Channel '[id: 0xee676906, L:/127.0.0.1:55226 - R:localhost/127.0.0.1:38631]' for 'POST' to 'http://localhost:38631/session/7ab9999954b16c1098fccc1542fdcf24/execute/sync'
13:41:04.244 [Forwarding isElementDisplayed on session 7ab9999954b16c1098fccc1542fdcf24 to remote] DEBUG org.asynchttpclient.netty.request.NettyRequestSender - Using open Channel [id: 0xee676906, L:/127.0.0.1:55226 - R:localhost/127.0.0.1:38631] for POST '/session/7ab9999954b16c1098fccc1542fdcf24/execute/sync'
13:41:04.250 [AsyncHttpClient-1-14] DEBUG org.asynchttpclient.netty.handler.HttpHandler - 

Request DefaultHttpRequest(decodeResult: success, version: HTTP/1.1)
POST /session/7ab9999954b16c1098fccc1542fdcf24/execute/sync HTTP/1.1
User-Agent: selenium/4.10.0 (java windows)
Content-Length: 48815
Content-Type: application/json; charset=utf-8
host: localhost:38631
accept: */*

Response DefaultHttpResponse(decodeResult: success, version: HTTP/1.1)
HTTP/1.1 200 OK
Content-Length: 14
Content-Type: application/json; charset=utf-8
cache-control: no-cache

13:41:04.250 [AsyncHttpClient-1-14] DEBUG org.asynchttpclient.netty.channel.ChannelManager - Adding key: http://localhost:38631 for channel [id: 0xee676906, L:/127.0.0.1:55226 - R:localhost/127.0.0.1:38631]
13:41:04.250 [Forwarding findElement on session 7ab9999954b16c1098fccc1542fdcf24 to remote] DEBUG org.asynchttpclient.netty.request.NettyRequestSender - Using pooled Channel '[id: 0xee676906, L:/127.0.0.1:55226 - R:localhost/127.0.0.1:38631]' for 'POST' to 'http://localhost:38631/session/7ab9999954b16c1098fccc1542fdcf24/element'
13:41:04.250 [Forwarding findElement on session 7ab9999954b16c1098fccc1542fdcf24 to remote] DEBUG org.asynchttpclient.netty.request.NettyRequestSender - Using open Channel [id: 0xee676906, L:/127.0.0.1:55226 - R:localhost/127.0.0.1:38631] for POST '/session/7ab9999954b16c1098fccc1542fdcf24/element'
13:41:04.254 [AsyncHttpClient-1-14] DEBUG org.asynchttpclient.netty.handler.HttpHandler - 

Request DefaultHttpRequest(decodeResult: success, version: HTTP/1.1)
POST /session/7ab9999954b16c1098fccc1542fdcf24/element HTTP/1.1
User-Agent: selenium/4.10.0 (java windows)
Content-Length: 251
Content-Type: application/json; charset=utf-8
host: localhost:38631
accept: */*

Response DefaultHttpResponse(decodeResult: success, version: HTTP/1.1)
HTTP/1.1 200 OK
Content-Length: 96
Content-Type: application/json; charset=utf-8
cache-control: no-cache

13:41:04.254 [AsyncHttpClient-1-14] DEBUG org.asynchttpclient.netty.channel.ChannelManager - Adding key: http://localhost:38631 for channel [id: 0xee676906, L:/127.0.0.1:55226 - R:localhost/127.0.0.1:38631]
13:41:04.255 [AsyncHttpClient-1-1] DEBUG org.asynchttpclient.netty.channel.DefaultChannelPool - Entry count for : http://localhost:38631 : 1
13:41:04.255 [Forwarding isElementEnabled on session 7ab9999954b16c1098fccc1542fdcf24 to remote] DEBUG org.asynchttpclient.netty.request.NettyRequestSender - Using pooled Channel '[id: 0xee676906, L:/127.0.0.1:55226 - R:localhost/127.0.0.1:38631]' for 'GET' to 'http://localhost:38631/session/7ab9999954b16c1098fccc1542fdcf24/element/EAB41257BD1B74CC4C608D1589E4BF75_element_984/enabled'
13:41:04.255 [Forwarding isElementEnabled on session 7ab9999954b16c1098fccc1542fdcf24 to remote] DEBUG org.asynchttpclient.netty.request.NettyRequestSender - Using open Channel [id: 0xee676906, L:/127.0.0.1:55226 - R:localhost/127.0.0.1:38631] for GET '/session/7ab9999954b16c1098fccc1542fdcf24/element/EAB41257BD1B74CC4C608D1589E4BF75_element_984/enabled'
13:41:04.259 [AsyncHttpClient-1-14] DEBUG org.asynchttpclient.netty.handler.HttpHandler - 

Request DefaultFullHttpRequest(decodeResult: success, version: HTTP/1.1, content: EmptyByteBufBE)
GET /session/7ab9999954b16c1098fccc1542fdcf24/element/EAB41257BD1B74CC4C608D1589E4BF75_element_984/enabled HTTP/1.1
Cache-Control: no-cache
User-Agent: selenium/4.10.0 (java windows)
Content-Type: application/json; charset=utf-8
host: localhost:38631
accept: */*

Response DefaultHttpResponse(decodeResult: success, version: HTTP/1.1)
HTTP/1.1 200 OK
Content-Length: 14
Content-Type: application/json; charset=utf-8
cache-control: no-cache

13:41:04.259 [AsyncHttpClient-1-14] DEBUG org.asynchttpclient.netty.channel.ChannelManager - Adding key: http://localhost:38631 for channel [id: 0xee676906, L:/127.0.0.1:55226 - R:localhost/127.0.0.1:38631]
[INFO ] 2023-07-31 13:41:04.259 [main] WebElementActions - Element is clickable
13:41:04.259 [Forwarding findElement on session 7ab9999954b16c1098fccc1542fdcf24 to remote] DEBUG org.asynchttpclient.netty.request.NettyRequestSender - Using pooled Channel '[id: 0xee676906, L:/127.0.0.1:55226 - R:localhost/127.0.0.1:38631]' for 'POST' to 'http://localhost:38631/session/7ab9999954b16c1098fccc1542fdcf24/element'
13:41:04.259 [Forwarding findElement on session 7ab9999954b16c1098fccc1542fdcf24 to remote] DEBUG org.asynchttpclient.netty.request.NettyRequestSender - Using open Channel [id: 0xee676906, L:/127.0.0.1:55226 - R:localhost/127.0.0.1:38631] for POST '/session/7ab9999954b16c1098fccc1542fdcf24/element'
13:41:04.265 [AsyncHttpClient-1-14] DEBUG org.asynchttpclient.netty.handler.HttpHandler - 

Request DefaultHttpRequest(decodeResult: success, version: HTTP/1.1)
POST /session/7ab9999954b16c1098fccc1542fdcf24/element HTTP/1.1
User-Agent: selenium/4.10.0 (java windows)
Content-Length: 251
Content-Type: application/json; charset=utf-8
host: localhost:38631
accept: */*

Response DefaultHttpResponse(decodeResult: success, version: HTTP/1.1)
HTTP/1.1 200 OK
Content-Length: 96
Content-Type: application/json; charset=utf-8
cache-control: no-cache

13:41:04.265 [AsyncHttpClient-1-14] DEBUG org.asynchttpclient.netty.channel.ChannelManager - Adding key: http://localhost:38631 for channel [id: 0xee676906, L:/127.0.0.1:55226 - R:localhost/127.0.0.1:38631]
13:41:04.266 [Forwarding isElementDisplayed on session 7ab9999954b16c1098fccc1542fdcf24 to remote] DEBUG org.asynchttpclient.netty.request.NettyRequestSender - Using pooled Channel '[id: 0xee676906, L:/127.0.0.1:55226 - R:localhost/127.0.0.1:38631]' for 'POST' to 'http://localhost:38631/session/7ab9999954b16c1098fccc1542fdcf24/execute/sync'
13:41:04.266 [Forwarding isElementDisplayed on session 7ab9999954b16c1098fccc1542fdcf24 to remote] DEBUG org.asynchttpclient.netty.request.NettyRequestSender - Using open Channel [id: 0xee676906, L:/127.0.0.1:55226 - R:localhost/127.0.0.1:38631] for POST '/session/7ab9999954b16c1098fccc1542fdcf24/execute/sync'
13:41:04.271 [AsyncHttpClient-1-14] DEBUG org.asynchttpclient.netty.handler.HttpHandler - 

Request DefaultHttpRequest(decodeResult: success, version: HTTP/1.1)
POST /session/7ab9999954b16c1098fccc1542fdcf24/execute/sync HTTP/1.1
User-Agent: selenium/4.10.0 (java windows)
Content-Length: 48815
Content-Type: application/json; charset=utf-8
host: localhost:38631
accept: */*

Response DefaultHttpResponse(decodeResult: success, version: HTTP/1.1)
HTTP/1.1 200 OK
Content-Length: 14
Content-Type: application/json; charset=utf-8
cache-control: no-cache

13:41:04.271 [AsyncHttpClient-1-14] DEBUG org.asynchttpclient.netty.channel.ChannelManager - Adding key: http://localhost:38631 for channel [id: 0xee676906, L:/127.0.0.1:55226 - R:localhost/127.0.0.1:38631]
13:41:04.272 [Forwarding findElement on session 7ab9999954b16c1098fccc1542fdcf24 to remote] DEBUG org.asynchttpclient.netty.request.NettyRequestSender - Using pooled Channel '[id: 0xee676906, L:/127.0.0.1:55226 - R:localhost/127.0.0.1:38631]' for 'POST' to 'http://localhost:38631/session/7ab9999954b16c1098fccc1542fdcf24/element'
13:41:04.272 [Forwarding findElement on session 7ab9999954b16c1098fccc1542fdcf24 to remote] DEBUG org.asynchttpclient.netty.request.NettyRequestSender - Using open Channel [id: 0xee676906, L:/127.0.0.1:55226 - R:localhost/127.0.0.1:38631] for POST '/session/7ab9999954b16c1098fccc1542fdcf24/element'
13:41:04.277 [AsyncHttpClient-1-14] DEBUG org.asynchttpclient.netty.handler.HttpHandler - 

Request DefaultHttpRequest(decodeResult: success, version: HTTP/1.1)
POST /session/7ab9999954b16c1098fccc1542fdcf24/element HTTP/1.1
User-Agent: selenium/4.10.0 (java windows)
Content-Length: 251
Content-Type: application/json; charset=utf-8
host: localhost:38631
accept: */*

Response DefaultHttpResponse(decodeResult: success, version: HTTP/1.1)
HTTP/1.1 200 OK
Content-Length: 96
Content-Type: application/json; charset=utf-8
cache-control: no-cache

13:41:04.277 [AsyncHttpClient-1-14] DEBUG org.asynchttpclient.netty.channel.ChannelManager - Adding key: http://localhost:38631 for channel [id: 0xee676906, L:/127.0.0.1:55226 - R:localhost/127.0.0.1:38631]
13:41:04.277 [Forwarding clickElement on session 7ab9999954b16c1098fccc1542fdcf24 to remote] DEBUG org.asynchttpclient.netty.request.NettyRequestSender - Using pooled Channel '[id: 0xee676906, L:/127.0.0.1:55226 - R:localhost/127.0.0.1:38631]' for 'POST' to 'http://localhost:38631/session/7ab9999954b16c1098fccc1542fdcf24/element/EAB41257BD1B74CC4C608D1589E4BF75_element_984/click'
13:41:04.277 [Forwarding clickElement on session 7ab9999954b16c1098fccc1542fdcf24 to remote] DEBUG org.asynchttpclient.netty.request.NettyRequestSender - Using open Channel [id: 0xee676906, L:/127.0.0.1:55226 - R:localhost/127.0.0.1:38631] for POST '/session/7ab9999954b16c1098fccc1542fdcf24/element/EAB41257BD1B74CC4C608D1589E4BF75_element_984/click'
13:41:04.310 [AsyncHttpClient-1-14] DEBUG org.asynchttpclient.netty.handler.HttpHandler - 

Request DefaultHttpRequest(decodeResult: success, version: HTTP/1.1)
POST /session/7ab9999954b16c1098fccc1542fdcf24/element/EAB41257BD1B74CC4C608D1589E4BF75_element_984/click HTTP/1.1
User-Agent: selenium/4.10.0 (java windows)
Content-Length: 58
Content-Type: application/json; charset=utf-8
host: localhost:38631
accept: */*

Response DefaultHttpResponse(decodeResult: success, version: HTTP/1.1)
HTTP/1.1 200 OK
Content-Length: 14
Content-Type: application/json; charset=utf-8
cache-control: no-cache

13:41:04.310 [AsyncHttpClient-1-14] DEBUG org.asynchttpclient.netty.channel.ChannelManager - Adding key: http://localhost:38631 for channel [id: 0xee676906, L:/127.0.0.1:55226 - R:localhost/127.0.0.1:38631]
13:41:05.322 [Forwarding findElement on session 7ab9999954b16c1098fccc1542fdcf24 to remote] DEBUG org.asynchttpclient.netty.request.NettyRequestSender - Using pooled Channel '[id: 0xee676906, L:/127.0.0.1:55226 - R:localhost/127.0.0.1:38631]' for 'POST' to 'http://localhost:38631/session/7ab9999954b16c1098fccc1542fdcf24/element'
13:41:05.322 [Forwarding findElement on session 7ab9999954b16c1098fccc1542fdcf24 to remote] DEBUG org.asynchttpclient.netty.request.NettyRequestSender - Using open Channel [id: 0xee676906, L:/127.0.0.1:55226 - R:localhost/127.0.0.1:38631] for POST '/session/7ab9999954b16c1098fccc1542fdcf24/element'
13:41:05.328 [AsyncHttpClient-1-14] DEBUG org.asynchttpclient.netty.handler.HttpHandler - 

Request DefaultHttpRequest(decodeResult: success, version: HTTP/1.1)
POST /session/7ab9999954b16c1098fccc1542fdcf24/element HTTP/1.1
User-Agent: selenium/4.10.0 (java windows)
Content-Length: 80
Content-Type: application/json; charset=utf-8
host: localhost:38631
accept: */*

Response DefaultHttpResponse(decodeResult: success, version: HTTP/1.1)
HTTP/1.1 200 OK
Content-Length: 97
Content-Type: application/json; charset=utf-8
cache-control: no-cache

13:41:05.328 [AsyncHttpClient-1-14] DEBUG org.asynchttpclient.netty.channel.ChannelManager - Adding key: http://localhost:38631 for channel [id: 0xee676906, L:/127.0.0.1:55226 - R:localhost/127.0.0.1:38631]
13:41:05.329 [Forwarding isElementDisplayed on session 7ab9999954b16c1098fccc1542fdcf24 to remote] DEBUG org.asynchttpclient.netty.request.NettyRequestSender - Using pooled Channel '[id: 0xee676906, L:/127.0.0.1:55226 - R:localhost/127.0.0.1:38631]' for 'POST' to 'http://localhost:38631/session/7ab9999954b16c1098fccc1542fdcf24/execute/sync'
13:41:05.329 [Forwarding isElementDisplayed on session 7ab9999954b16c1098fccc1542fdcf24 to remote] DEBUG org.asynchttpclient.netty.request.NettyRequestSender - Using open Channel [id: 0xee676906, L:/127.0.0.1:55226 - R:localhost/127.0.0.1:38631] for POST '/session/7ab9999954b16c1098fccc1542fdcf24/execute/sync'
13:41:05.335 [AsyncHttpClient-1-14] DEBUG org.asynchttpclient.netty.handler.HttpHandler - 

Request DefaultHttpRequest(decodeResult: success, version: HTTP/1.1)
POST /session/7ab9999954b16c1098fccc1542fdcf24/execute/sync HTTP/1.1
User-Agent: selenium/4.10.0 (java windows)
Content-Length: 48816
Content-Type: application/json; charset=utf-8
host: localhost:38631
accept: */*

Response DefaultHttpResponse(decodeResult: success, version: HTTP/1.1)
HTTP/1.1 200 OK
Content-Length: 14
Content-Type: application/json; charset=utf-8
cache-control: no-cache

13:41:05.335 [AsyncHttpClient-1-14] DEBUG org.asynchttpclient.netty.channel.ChannelManager - Adding key: http://localhost:38631 for channel [id: 0xee676906, L:/127.0.0.1:55226 - R:localhost/127.0.0.1:38631]
[INFO ] 2023-07-31 13:41:05.336 [main] WebElementActions - Waiting for element to be clickable
13:41:05.336 [Forwarding findElement on session 7ab9999954b16c1098fccc1542fdcf24 to remote] DEBUG org.asynchttpclient.netty.request.NettyRequestSender - Using pooled Channel '[id: 0xee676906, L:/127.0.0.1:55226 - R:localhost/127.0.0.1:38631]' for 'POST' to 'http://localhost:38631/session/7ab9999954b16c1098fccc1542fdcf24/element'
13:41:05.336 [Forwarding findElement on session 7ab9999954b16c1098fccc1542fdcf24 to remote] DEBUG org.asynchttpclient.netty.request.NettyRequestSender - Using open Channel [id: 0xee676906, L:/127.0.0.1:55226 - R:localhost/127.0.0.1:38631] for POST '/session/7ab9999954b16c1098fccc1542fdcf24/element'
13:41:05.341 [AsyncHttpClient-1-14] DEBUG org.asynchttpclient.netty.handler.HttpHandler - 

Request DefaultHttpRequest(decodeResult: success, version: HTTP/1.1)
POST /session/7ab9999954b16c1098fccc1542fdcf24/element HTTP/1.1
User-Agent: selenium/4.10.0 (java windows)
Content-Length: 80
Content-Type: application/json; charset=utf-8
host: localhost:38631
accept: */*

Response DefaultHttpResponse(decodeResult: success, version: HTTP/1.1)
HTTP/1.1 200 OK
Content-Length: 97
Content-Type: application/json; charset=utf-8
cache-control: no-cache

13:41:05.341 [AsyncHttpClient-1-14] DEBUG org.asynchttpclient.netty.channel.ChannelManager - Adding key: http://localhost:38631 for channel [id: 0xee676906, L:/127.0.0.1:55226 - R:localhost/127.0.0.1:38631]
13:41:05.343 [Forwarding isElementDisplayed on session 7ab9999954b16c1098fccc1542fdcf24 to remote] DEBUG org.asynchttpclient.netty.request.NettyRequestSender - Using pooled Channel '[id: 0xee676906, L:/127.0.0.1:55226 - R:localhost/127.0.0.1:38631]' for 'POST' to 'http://localhost:38631/session/7ab9999954b16c1098fccc1542fdcf24/execute/sync'
13:41:05.343 [Forwarding isElementDisplayed on session 7ab9999954b16c1098fccc1542fdcf24 to remote] DEBUG org.asynchttpclient.netty.request.NettyRequestSender - Using open Channel [id: 0xee676906, L:/127.0.0.1:55226 - R:localhost/127.0.0.1:38631] for POST '/session/7ab9999954b16c1098fccc1542fdcf24/execute/sync'
13:41:05.348 [AsyncHttpClient-1-14] DEBUG org.asynchttpclient.netty.handler.HttpHandler - 

Request DefaultHttpRequest(decodeResult: success, version: HTTP/1.1)
POST /session/7ab9999954b16c1098fccc1542fdcf24/execute/sync HTTP/1.1
User-Agent: selenium/4.10.0 (java windows)
Content-Length: 48816
Content-Type: application/json; charset=utf-8
host: localhost:38631
accept: */*

Response DefaultHttpResponse(decodeResult: success, version: HTTP/1.1)
HTTP/1.1 200 OK
Content-Length: 14
Content-Type: application/json; charset=utf-8
cache-control: no-cache

13:41:05.348 [AsyncHttpClient-1-14] DEBUG org.asynchttpclient.netty.channel.ChannelManager - Adding key: http://localhost:38631 for channel [id: 0xee676906, L:/127.0.0.1:55226 - R:localhost/127.0.0.1:38631]
13:41:05.349 [Forwarding findElement on session 7ab9999954b16c1098fccc1542fdcf24 to remote] DEBUG org.asynchttpclient.netty.request.NettyRequestSender - Using pooled Channel '[id: 0xee676906, L:/127.0.0.1:55226 - R:localhost/127.0.0.1:38631]' for 'POST' to 'http://localhost:38631/session/7ab9999954b16c1098fccc1542fdcf24/element'
13:41:05.349 [Forwarding findElement on session 7ab9999954b16c1098fccc1542fdcf24 to remote] DEBUG org.asynchttpclient.netty.request.NettyRequestSender - Using open Channel [id: 0xee676906, L:/127.0.0.1:55226 - R:localhost/127.0.0.1:38631] for POST '/session/7ab9999954b16c1098fccc1542fdcf24/element'
13:41:05.353 [AsyncHttpClient-1-14] DEBUG org.asynchttpclient.netty.handler.HttpHandler - 

Request DefaultHttpRequest(decodeResult: success, version: HTTP/1.1)
POST /session/7ab9999954b16c1098fccc1542fdcf24/element HTTP/1.1
User-Agent: selenium/4.10.0 (java windows)
Content-Length: 80
Content-Type: application/json; charset=utf-8
host: localhost:38631
accept: */*

Response DefaultHttpResponse(decodeResult: success, version: HTTP/1.1)
HTTP/1.1 200 OK
Content-Length: 97
Content-Type: application/json; charset=utf-8
cache-control: no-cache

13:41:05.353 [AsyncHttpClient-1-14] DEBUG org.asynchttpclient.netty.channel.ChannelManager - Adding key: http://localhost:38631 for channel [id: 0xee676906, L:/127.0.0.1:55226 - R:localhost/127.0.0.1:38631]
13:41:05.354 [AsyncHttpClient-1-1] DEBUG org.asynchttpclient.netty.channel.DefaultChannelPool - Entry count for : http://localhost:38631 : 1
13:41:05.354 [Forwarding isElementEnabled on session 7ab9999954b16c1098fccc1542fdcf24 to remote] DEBUG org.asynchttpclient.netty.request.NettyRequestSender - Using pooled Channel '[id: 0xee676906, L:/127.0.0.1:55226 - R:localhost/127.0.0.1:38631]' for 'GET' to 'http://localhost:38631/session/7ab9999954b16c1098fccc1542fdcf24/element/EAB41257BD1B74CC4C608D1589E4BF75_element_1061/enabled'
13:41:05.354 [Forwarding isElementEnabled on session 7ab9999954b16c1098fccc1542fdcf24 to remote] DEBUG org.asynchttpclient.netty.request.NettyRequestSender - Using open Channel [id: 0xee676906, L:/127.0.0.1:55226 - R:localhost/127.0.0.1:38631] for GET '/session/7ab9999954b16c1098fccc1542fdcf24/element/EAB41257BD1B74CC4C608D1589E4BF75_element_1061/enabled'
13:41:05.358 [AsyncHttpClient-1-14] DEBUG org.asynchttpclient.netty.handler.HttpHandler - 

Request DefaultFullHttpRequest(decodeResult: success, version: HTTP/1.1, content: EmptyByteBufBE)
GET /session/7ab9999954b16c1098fccc1542fdcf24/element/EAB41257BD1B74CC4C608D1589E4BF75_element_1061/enabled HTTP/1.1
Cache-Control: no-cache
User-Agent: selenium/4.10.0 (java windows)
Content-Type: application/json; charset=utf-8
host: localhost:38631
accept: */*

Response DefaultHttpResponse(decodeResult: success, version: HTTP/1.1)
HTTP/1.1 200 OK
Content-Length: 14
Content-Type: application/json; charset=utf-8
cache-control: no-cache

13:41:05.358 [AsyncHttpClient-1-14] DEBUG org.asynchttpclient.netty.channel.ChannelManager - Adding key: http://localhost:38631 for channel [id: 0xee676906, L:/127.0.0.1:55226 - R:localhost/127.0.0.1:38631]
[INFO ] 2023-07-31 13:41:05.358 [main] WebElementActions - Element is clickable
13:41:05.358 [Forwarding findElement on session 7ab9999954b16c1098fccc1542fdcf24 to remote] DEBUG org.asynchttpclient.netty.request.NettyRequestSender - Using pooled Channel '[id: 0xee676906, L:/127.0.0.1:55226 - R:localhost/127.0.0.1:38631]' for 'POST' to 'http://localhost:38631/session/7ab9999954b16c1098fccc1542fdcf24/element'
13:41:05.358 [Forwarding findElement on session 7ab9999954b16c1098fccc1542fdcf24 to remote] DEBUG org.asynchttpclient.netty.request.NettyRequestSender - Using open Channel [id: 0xee676906, L:/127.0.0.1:55226 - R:localhost/127.0.0.1:38631] for POST '/session/7ab9999954b16c1098fccc1542fdcf24/element'
13:41:05.363 [AsyncHttpClient-1-14] DEBUG org.asynchttpclient.netty.handler.HttpHandler - 

Request DefaultHttpRequest(decodeResult: success, version: HTTP/1.1)
POST /session/7ab9999954b16c1098fccc1542fdcf24/element HTTP/1.1
User-Agent: selenium/4.10.0 (java windows)
Content-Length: 80
Content-Type: application/json; charset=utf-8
host: localhost:38631
accept: */*

Response DefaultHttpResponse(decodeResult: success, version: HTTP/1.1)
HTTP/1.1 200 OK
Content-Length: 97
Content-Type: application/json; charset=utf-8
cache-control: no-cache

13:41:05.363 [AsyncHttpClient-1-14] DEBUG org.asynchttpclient.netty.channel.ChannelManager - Adding key: http://localhost:38631 for channel [id: 0xee676906, L:/127.0.0.1:55226 - R:localhost/127.0.0.1:38631]
13:41:05.364 [Forwarding isElementDisplayed on session 7ab9999954b16c1098fccc1542fdcf24 to remote] DEBUG org.asynchttpclient.netty.request.NettyRequestSender - Using pooled Channel '[id: 0xee676906, L:/127.0.0.1:55226 - R:localhost/127.0.0.1:38631]' for 'POST' to 'http://localhost:38631/session/7ab9999954b16c1098fccc1542fdcf24/execute/sync'
13:41:05.364 [Forwarding isElementDisplayed on session 7ab9999954b16c1098fccc1542fdcf24 to remote] DEBUG org.asynchttpclient.netty.request.NettyRequestSender - Using open Channel [id: 0xee676906, L:/127.0.0.1:55226 - R:localhost/127.0.0.1:38631] for POST '/session/7ab9999954b16c1098fccc1542fdcf24/execute/sync'
13:41:05.370 [AsyncHttpClient-1-14] DEBUG org.asynchttpclient.netty.handler.HttpHandler - 

Request DefaultHttpRequest(decodeResult: success, version: HTTP/1.1)
POST /session/7ab9999954b16c1098fccc1542fdcf24/execute/sync HTTP/1.1
User-Agent: selenium/4.10.0 (java windows)
Content-Length: 48816
Content-Type: application/json; charset=utf-8
host: localhost:38631
accept: */*

Response DefaultHttpResponse(decodeResult: success, version: HTTP/1.1)
HTTP/1.1 200 OK
Content-Length: 14
Content-Type: application/json; charset=utf-8
cache-control: no-cache

13:41:05.370 [AsyncHttpClient-1-14] DEBUG org.asynchttpclient.netty.channel.ChannelManager - Adding key: http://localhost:38631 for channel [id: 0xee676906, L:/127.0.0.1:55226 - R:localhost/127.0.0.1:38631]
13:41:05.370 [Forwarding findElement on session 7ab9999954b16c1098fccc1542fdcf24 to remote] DEBUG org.asynchttpclient.netty.request.NettyRequestSender - Using pooled Channel '[id: 0xee676906, L:/127.0.0.1:55226 - R:localhost/127.0.0.1:38631]' for 'POST' to 'http://localhost:38631/session/7ab9999954b16c1098fccc1542fdcf24/element'
13:41:05.370 [Forwarding findElement on session 7ab9999954b16c1098fccc1542fdcf24 to remote] DEBUG org.asynchttpclient.netty.request.NettyRequestSender - Using open Channel [id: 0xee676906, L:/127.0.0.1:55226 - R:localhost/127.0.0.1:38631] for POST '/session/7ab9999954b16c1098fccc1542fdcf24/element'
13:41:05.374 [AsyncHttpClient-1-14] DEBUG org.asynchttpclient.netty.handler.HttpHandler - 

Request DefaultHttpRequest(decodeResult: success, version: HTTP/1.1)
POST /session/7ab9999954b16c1098fccc1542fdcf24/element HTTP/1.1
User-Agent: selenium/4.10.0 (java windows)
Content-Length: 80
Content-Type: application/json; charset=utf-8
host: localhost:38631
accept: */*

Response DefaultHttpResponse(decodeResult: success, version: HTTP/1.1)
HTTP/1.1 200 OK
Content-Length: 97
Content-Type: application/json; charset=utf-8
cache-control: no-cache

13:41:05.375 [AsyncHttpClient-1-14] DEBUG org.asynchttpclient.netty.channel.ChannelManager - Adding key: http://localhost:38631 for channel [id: 0xee676906, L:/127.0.0.1:55226 - R:localhost/127.0.0.1:38631]
13:41:05.375 [Forwarding clickElement on session 7ab9999954b16c1098fccc1542fdcf24 to remote] DEBUG org.asynchttpclient.netty.request.NettyRequestSender - Using pooled Channel '[id: 0xee676906, L:/127.0.0.1:55226 - R:localhost/127.0.0.1:38631]' for 'POST' to 'http://localhost:38631/session/7ab9999954b16c1098fccc1542fdcf24/element/EAB41257BD1B74CC4C608D1589E4BF75_element_1061/click'
13:41:05.375 [Forwarding clickElement on session 7ab9999954b16c1098fccc1542fdcf24 to remote] DEBUG org.asynchttpclient.netty.request.NettyRequestSender - Using open Channel [id: 0xee676906, L:/127.0.0.1:55226 - R:localhost/127.0.0.1:38631] for POST '/session/7ab9999954b16c1098fccc1542fdcf24/element/EAB41257BD1B74CC4C608D1589E4BF75_element_1061/click'
13:41:05.416 [AsyncHttpClient-1-14] DEBUG org.asynchttpclient.netty.handler.HttpHandler - 

Request DefaultHttpRequest(decodeResult: success, version: HTTP/1.1)
POST /session/7ab9999954b16c1098fccc1542fdcf24/element/EAB41257BD1B74CC4C608D1589E4BF75_element_1061/click HTTP/1.1
User-Agent: selenium/4.10.0 (java windows)
Content-Length: 59
Content-Type: application/json; charset=utf-8
host: localhost:38631
accept: */*

Response DefaultHttpResponse(decodeResult: success, version: HTTP/1.1)
HTTP/1.1 200 OK
Content-Length: 14
Content-Type: application/json; charset=utf-8
cache-control: no-cache

13:41:05.416 [AsyncHttpClient-1-14] DEBUG org.asynchttpclient.netty.channel.ChannelManager - Adding key: http://localhost:38631 for channel [id: 0xee676906, L:/127.0.0.1:55226 - R:localhost/127.0.0.1:38631]
13:41:06.424 [Forwarding findElement on session 7ab9999954b16c1098fccc1542fdcf24 to remote] DEBUG org.asynchttpclient.netty.request.NettyRequestSender - Using pooled Channel '[id: 0xee676906, L:/127.0.0.1:55226 - R:localhost/127.0.0.1:38631]' for 'POST' to 'http://localhost:38631/session/7ab9999954b16c1098fccc1542fdcf24/element'
13:41:06.424 [Forwarding findElement on session 7ab9999954b16c1098fccc1542fdcf24 to remote] DEBUG org.asynchttpclient.netty.request.NettyRequestSender - Using open Channel [id: 0xee676906, L:/127.0.0.1:55226 - R:localhost/127.0.0.1:38631] for POST '/session/7ab9999954b16c1098fccc1542fdcf24/element'
13:41:07.500 [AsyncHttpClient-1-14] DEBUG org.asynchttpclient.netty.handler.HttpHandler - 

Request DefaultHttpRequest(decodeResult: success, version: HTTP/1.1)
POST /session/7ab9999954b16c1098fccc1542fdcf24/element HTTP/1.1
User-Agent: selenium/4.10.0 (java windows)
Content-Length: 144
Content-Type: application/json; charset=utf-8
host: localhost:38631
accept: */*

Response DefaultHttpResponse(decodeResult: success, version: HTTP/1.1)
HTTP/1.1 200 OK
Content-Length: 97
Content-Type: application/json; charset=utf-8
cache-control: no-cache

13:41:07.500 [AsyncHttpClient-1-14] DEBUG org.asynchttpclient.netty.channel.ChannelManager - Adding key: http://localhost:38631 for channel [id: 0xee676906, L:/127.0.0.1:55226 - R:localhost/127.0.0.1:38631]
13:41:07.503 [Forwarding isElementDisplayed on session 7ab9999954b16c1098fccc1542fdcf24 to remote] DEBUG org.asynchttpclient.netty.request.NettyRequestSender - Using pooled Channel '[id: 0xee676906, L:/127.0.0.1:55226 - R:localhost/127.0.0.1:38631]' for 'POST' to 'http://localhost:38631/session/7ab9999954b16c1098fccc1542fdcf24/execute/sync'
13:41:07.503 [Forwarding isElementDisplayed on session 7ab9999954b16c1098fccc1542fdcf24 to remote] DEBUG org.asynchttpclient.netty.request.NettyRequestSender - Using open Channel [id: 0xee676906, L:/127.0.0.1:55226 - R:localhost/127.0.0.1:38631] for POST '/session/7ab9999954b16c1098fccc1542fdcf24/execute/sync'
13:41:07.511 [AsyncHttpClient-1-14] DEBUG org.asynchttpclient.netty.handler.HttpHandler - 

Request DefaultHttpRequest(decodeResult: success, version: HTTP/1.1)
POST /session/7ab9999954b16c1098fccc1542fdcf24/execute/sync HTTP/1.1
User-Agent: selenium/4.10.0 (java windows)
Content-Length: 48816
Content-Type: application/json; charset=utf-8
host: localhost:38631
accept: */*

Response DefaultHttpResponse(decodeResult: success, version: HTTP/1.1)
HTTP/1.1 200 OK
Content-Length: 14
Content-Type: application/json; charset=utf-8
cache-control: no-cache

13:41:07.511 [AsyncHttpClient-1-14] DEBUG org.asynchttpclient.netty.channel.ChannelManager - Adding key: http://localhost:38631 for channel [id: 0xee676906, L:/127.0.0.1:55226 - R:localhost/127.0.0.1:38631]
[INFO ] 2023-07-31 13:41:07.511 [main] WebElementActions - Waiting for element to be clickable
13:41:07.512 [Forwarding findElement on session 7ab9999954b16c1098fccc1542fdcf24 to remote] DEBUG org.asynchttpclient.netty.request.NettyRequestSender - Using pooled Channel '[id: 0xee676906, L:/127.0.0.1:55226 - R:localhost/127.0.0.1:38631]' for 'POST' to 'http://localhost:38631/session/7ab9999954b16c1098fccc1542fdcf24/element'
13:41:07.512 [Forwarding findElement on session 7ab9999954b16c1098fccc1542fdcf24 to remote] DEBUG org.asynchttpclient.netty.request.NettyRequestSender - Using open Channel [id: 0xee676906, L:/127.0.0.1:55226 - R:localhost/127.0.0.1:38631] for POST '/session/7ab9999954b16c1098fccc1542fdcf24/element'
13:41:07.516 [AsyncHttpClient-1-14] DEBUG org.asynchttpclient.netty.handler.HttpHandler - 

Request DefaultHttpRequest(decodeResult: success, version: HTTP/1.1)
POST /session/7ab9999954b16c1098fccc1542fdcf24/element HTTP/1.1
User-Agent: selenium/4.10.0 (java windows)
Content-Length: 144
Content-Type: application/json; charset=utf-8
host: localhost:38631
accept: */*

Response DefaultHttpResponse(decodeResult: success, version: HTTP/1.1)
HTTP/1.1 200 OK
Content-Length: 97
Content-Type: application/json; charset=utf-8
cache-control: no-cache

13:41:07.517 [AsyncHttpClient-1-14] DEBUG org.asynchttpclient.netty.channel.ChannelManager - Adding key: http://localhost:38631 for channel [id: 0xee676906, L:/127.0.0.1:55226 - R:localhost/127.0.0.1:38631]
13:41:07.518 [Forwarding isElementDisplayed on session 7ab9999954b16c1098fccc1542fdcf24 to remote] DEBUG org.asynchttpclient.netty.request.NettyRequestSender - Using pooled Channel '[id: 0xee676906, L:/127.0.0.1:55226 - R:localhost/127.0.0.1:38631]' for 'POST' to 'http://localhost:38631/session/7ab9999954b16c1098fccc1542fdcf24/execute/sync'
13:41:07.518 [Forwarding isElementDisplayed on session 7ab9999954b16c1098fccc1542fdcf24 to remote] DEBUG org.asynchttpclient.netty.request.NettyRequestSender - Using open Channel [id: 0xee676906, L:/127.0.0.1:55226 - R:localhost/127.0.0.1:38631] for POST '/session/7ab9999954b16c1098fccc1542fdcf24/execute/sync'
13:41:07.524 [AsyncHttpClient-1-14] DEBUG org.asynchttpclient.netty.handler.HttpHandler - 

Request DefaultHttpRequest(decodeResult: success, version: HTTP/1.1)
POST /session/7ab9999954b16c1098fccc1542fdcf24/execute/sync HTTP/1.1
User-Agent: selenium/4.10.0 (java windows)
Content-Length: 48816
Content-Type: application/json; charset=utf-8
host: localhost:38631
accept: */*

Response DefaultHttpResponse(decodeResult: success, version: HTTP/1.1)
HTTP/1.1 200 OK
Content-Length: 14
Content-Type: application/json; charset=utf-8
cache-control: no-cache

13:41:07.524 [AsyncHttpClient-1-14] DEBUG org.asynchttpclient.netty.channel.ChannelManager - Adding key: http://localhost:38631 for channel [id: 0xee676906, L:/127.0.0.1:55226 - R:localhost/127.0.0.1:38631]
13:41:07.524 [Forwarding findElement on session 7ab9999954b16c1098fccc1542fdcf24 to remote] DEBUG org.asynchttpclient.netty.request.NettyRequestSender - Using pooled Channel '[id: 0xee676906, L:/127.0.0.1:55226 - R:localhost/127.0.0.1:38631]' for 'POST' to 'http://localhost:38631/session/7ab9999954b16c1098fccc1542fdcf24/element'
13:41:07.524 [Forwarding findElement on session 7ab9999954b16c1098fccc1542fdcf24 to remote] DEBUG org.asynchttpclient.netty.request.NettyRequestSender - Using open Channel [id: 0xee676906, L:/127.0.0.1:55226 - R:localhost/127.0.0.1:38631] for POST '/session/7ab9999954b16c1098fccc1542fdcf24/element'
13:41:07.529 [AsyncHttpClient-1-14] DEBUG org.asynchttpclient.netty.handler.HttpHandler - 

Request DefaultHttpRequest(decodeResult: success, version: HTTP/1.1)
POST /session/7ab9999954b16c1098fccc1542fdcf24/element HTTP/1.1
User-Agent: selenium/4.10.0 (java windows)
Content-Length: 144
Content-Type: application/json; charset=utf-8
host: localhost:38631
accept: */*

Response DefaultHttpResponse(decodeResult: success, version: HTTP/1.1)
HTTP/1.1 200 OK
Content-Length: 97
Content-Type: application/json; charset=utf-8
cache-control: no-cache

13:41:07.529 [AsyncHttpClient-1-14] DEBUG org.asynchttpclient.netty.channel.ChannelManager - Adding key: http://localhost:38631 for channel [id: 0xee676906, L:/127.0.0.1:55226 - R:localhost/127.0.0.1:38631]
13:41:07.529 [Forwarding isElementEnabled on session 7ab9999954b16c1098fccc1542fdcf24 to remote] DEBUG org.asynchttpclient.netty.request.NettyRequestSender - Using pooled Channel '[id: 0xee676906, L:/127.0.0.1:55226 - R:localhost/127.0.0.1:38631]' for 'GET' to 'http://localhost:38631/session/7ab9999954b16c1098fccc1542fdcf24/element/EAB41257BD1B74CC4C608D1589E4BF75_element_1065/enabled'
13:41:07.529 [Forwarding isElementEnabled on session 7ab9999954b16c1098fccc1542fdcf24 to remote] DEBUG org.asynchttpclient.netty.request.NettyRequestSender - Using open Channel [id: 0xee676906, L:/127.0.0.1:55226 - R:localhost/127.0.0.1:38631] for GET '/session/7ab9999954b16c1098fccc1542fdcf24/element/EAB41257BD1B74CC4C608D1589E4BF75_element_1065/enabled'
13:41:07.533 [AsyncHttpClient-1-14] DEBUG org.asynchttpclient.netty.handler.HttpHandler - 

Request DefaultFullHttpRequest(decodeResult: success, version: HTTP/1.1, content: EmptyByteBufBE)
GET /session/7ab9999954b16c1098fccc1542fdcf24/element/EAB41257BD1B74CC4C608D1589E4BF75_element_1065/enabled HTTP/1.1
Cache-Control: no-cache
User-Agent: selenium/4.10.0 (java windows)
Content-Type: application/json; charset=utf-8
host: localhost:38631
accept: */*

Response DefaultHttpResponse(decodeResult: success, version: HTTP/1.1)
HTTP/1.1 200 OK
Content-Length: 14
Content-Type: application/json; charset=utf-8
cache-control: no-cache

13:41:07.533 [AsyncHttpClient-1-14] DEBUG org.asynchttpclient.netty.channel.ChannelManager - Adding key: http://localhost:38631 for channel [id: 0xee676906, L:/127.0.0.1:55226 - R:localhost/127.0.0.1:38631]
[INFO ] 2023-07-31 13:41:07.533 [main] WebElementActions - Element is clickable
13:41:07.534 [Forwarding findElement on session 7ab9999954b16c1098fccc1542fdcf24 to remote] DEBUG org.asynchttpclient.netty.request.NettyRequestSender - Using pooled Channel '[id: 0xee676906, L:/127.0.0.1:55226 - R:localhost/127.0.0.1:38631]' for 'POST' to 'http://localhost:38631/session/7ab9999954b16c1098fccc1542fdcf24/element'
13:41:07.534 [Forwarding findElement on session 7ab9999954b16c1098fccc1542fdcf24 to remote] DEBUG org.asynchttpclient.netty.request.NettyRequestSender - Using open Channel [id: 0xee676906, L:/127.0.0.1:55226 - R:localhost/127.0.0.1:38631] for POST '/session/7ab9999954b16c1098fccc1542fdcf24/element'
13:41:07.538 [AsyncHttpClient-1-14] DEBUG org.asynchttpclient.netty.handler.HttpHandler - 

Request DefaultHttpRequest(decodeResult: success, version: HTTP/1.1)
POST /session/7ab9999954b16c1098fccc1542fdcf24/element HTTP/1.1
User-Agent: selenium/4.10.0 (java windows)
Content-Length: 144
Content-Type: application/json; charset=utf-8
host: localhost:38631
accept: */*

Response DefaultHttpResponse(decodeResult: success, version: HTTP/1.1)
HTTP/1.1 200 OK
Content-Length: 97
Content-Type: application/json; charset=utf-8
cache-control: no-cache

13:41:07.538 [AsyncHttpClient-1-14] DEBUG org.asynchttpclient.netty.channel.ChannelManager - Adding key: http://localhost:38631 for channel [id: 0xee676906, L:/127.0.0.1:55226 - R:localhost/127.0.0.1:38631]
13:41:07.540 [Forwarding isElementDisplayed on session 7ab9999954b16c1098fccc1542fdcf24 to remote] DEBUG org.asynchttpclient.netty.request.NettyRequestSender - Using pooled Channel '[id: 0xee676906, L:/127.0.0.1:55226 - R:localhost/127.0.0.1:38631]' for 'POST' to 'http://localhost:38631/session/7ab9999954b16c1098fccc1542fdcf24/execute/sync'
13:41:07.540 [Forwarding isElementDisplayed on session 7ab9999954b16c1098fccc1542fdcf24 to remote] DEBUG org.asynchttpclient.netty.request.NettyRequestSender - Using open Channel [id: 0xee676906, L:/127.0.0.1:55226 - R:localhost/127.0.0.1:38631] for POST '/session/7ab9999954b16c1098fccc1542fdcf24/execute/sync'
13:41:07.545 [AsyncHttpClient-1-14] DEBUG org.asynchttpclient.netty.handler.HttpHandler - 

Request DefaultHttpRequest(decodeResult: success, version: HTTP/1.1)
POST /session/7ab9999954b16c1098fccc1542fdcf24/execute/sync HTTP/1.1
User-Agent: selenium/4.10.0 (java windows)
Content-Length: 48816
Content-Type: application/json; charset=utf-8
host: localhost:38631
accept: */*

Response DefaultHttpResponse(decodeResult: success, version: HTTP/1.1)
HTTP/1.1 200 OK
Content-Length: 14
Content-Type: application/json; charset=utf-8
cache-control: no-cache

13:41:07.545 [AsyncHttpClient-1-14] DEBUG org.asynchttpclient.netty.channel.ChannelManager - Adding key: http://localhost:38631 for channel [id: 0xee676906, L:/127.0.0.1:55226 - R:localhost/127.0.0.1:38631]
13:41:07.546 [Forwarding findElement on session 7ab9999954b16c1098fccc1542fdcf24 to remote] DEBUG org.asynchttpclient.netty.request.NettyRequestSender - Using pooled Channel '[id: 0xee676906, L:/127.0.0.1:55226 - R:localhost/127.0.0.1:38631]' for 'POST' to 'http://localhost:38631/session/7ab9999954b16c1098fccc1542fdcf24/element'
13:41:07.546 [Forwarding findElement on session 7ab9999954b16c1098fccc1542fdcf24 to remote] DEBUG org.asynchttpclient.netty.request.NettyRequestSender - Using open Channel [id: 0xee676906, L:/127.0.0.1:55226 - R:localhost/127.0.0.1:38631] for POST '/session/7ab9999954b16c1098fccc1542fdcf24/element'
13:41:07.550 [AsyncHttpClient-1-14] DEBUG org.asynchttpclient.netty.handler.HttpHandler - 

Request DefaultHttpRequest(decodeResult: success, version: HTTP/1.1)
POST /session/7ab9999954b16c1098fccc1542fdcf24/element HTTP/1.1
User-Agent: selenium/4.10.0 (java windows)
Content-Length: 144
Content-Type: application/json; charset=utf-8
host: localhost:38631
accept: */*

Response DefaultHttpResponse(decodeResult: success, version: HTTP/1.1)
HTTP/1.1 200 OK
Content-Length: 97
Content-Type: application/json; charset=utf-8
cache-control: no-cache

13:41:07.550 [AsyncHttpClient-1-14] DEBUG org.asynchttpclient.netty.channel.ChannelManager - Adding key: http://localhost:38631 for channel [id: 0xee676906, L:/127.0.0.1:55226 - R:localhost/127.0.0.1:38631]
13:41:07.551 [Forwarding clickElement on session 7ab9999954b16c1098fccc1542fdcf24 to remote] DEBUG org.asynchttpclient.netty.request.NettyRequestSender - Using pooled Channel '[id: 0xee676906, L:/127.0.0.1:55226 - R:localhost/127.0.0.1:38631]' for 'POST' to 'http://localhost:38631/session/7ab9999954b16c1098fccc1542fdcf24/element/EAB41257BD1B74CC4C608D1589E4BF75_element_1065/click'
13:41:07.551 [Forwarding clickElement on session 7ab9999954b16c1098fccc1542fdcf24 to remote] DEBUG org.asynchttpclient.netty.request.NettyRequestSender - Using open Channel [id: 0xee676906, L:/127.0.0.1:55226 - R:localhost/127.0.0.1:38631] for POST '/session/7ab9999954b16c1098fccc1542fdcf24/element/EAB41257BD1B74CC4C608D1589E4BF75_element_1065/click'
13:41:07.579 [AsyncHttpClient-1-14] DEBUG org.asynchttpclient.netty.handler.HttpHandler - 

Request DefaultHttpRequest(decodeResult: success, version: HTTP/1.1)
POST /session/7ab9999954b16c1098fccc1542fdcf24/element/EAB41257BD1B74CC4C608D1589E4BF75_element_1065/click HTTP/1.1
User-Agent: selenium/4.10.0 (java windows)
Content-Length: 59
Content-Type: application/json; charset=utf-8
host: localhost:38631
accept: */*

Response DefaultHttpResponse(decodeResult: success, version: HTTP/1.1)
HTTP/1.1 200 OK
Content-Length: 14
Content-Type: application/json; charset=utf-8
cache-control: no-cache

13:41:07.580 [AsyncHttpClient-1-14] DEBUG org.asynchttpclient.netty.channel.ChannelManager - Adding key: http://localhost:38631 for channel [id: 0xee676906, L:/127.0.0.1:55226 - R:localhost/127.0.0.1:38631]
13:41:08.585 [Forwarding findElement on session 7ab9999954b16c1098fccc1542fdcf24 to remote] DEBUG org.asynchttpclient.netty.request.NettyRequestSender - Using pooled Channel '[id: 0xee676906, L:/127.0.0.1:55226 - R:localhost/127.0.0.1:38631]' for 'POST' to 'http://localhost:38631/session/7ab9999954b16c1098fccc1542fdcf24/element'
13:41:08.585 [Forwarding findElement on session 7ab9999954b16c1098fccc1542fdcf24 to remote] DEBUG org.asynchttpclient.netty.request.NettyRequestSender - Using open Channel [id: 0xee676906, L:/127.0.0.1:55226 - R:localhost/127.0.0.1:38631] for POST '/session/7ab9999954b16c1098fccc1542fdcf24/element'
13:41:08.594 [AsyncHttpClient-1-14] DEBUG org.asynchttpclient.netty.handler.HttpHandler - 

Request DefaultHttpRequest(decodeResult: success, version: HTTP/1.1)
POST /session/7ab9999954b16c1098fccc1542fdcf24/element HTTP/1.1
User-Agent: selenium/4.10.0 (java windows)
Content-Length: 78
Content-Type: application/json; charset=utf-8
host: localhost:38631
accept: */*

Response DefaultHttpResponse(decodeResult: success, version: HTTP/1.1)
HTTP/1.1 200 OK
Content-Length: 97
Content-Type: application/json; charset=utf-8
cache-control: no-cache

13:41:08.594 [AsyncHttpClient-1-14] DEBUG org.asynchttpclient.netty.channel.ChannelManager - Adding key: http://localhost:38631 for channel [id: 0xee676906, L:/127.0.0.1:55226 - R:localhost/127.0.0.1:38631]
13:41:08.595 [Forwarding isElementDisplayed on session 7ab9999954b16c1098fccc1542fdcf24 to remote] DEBUG org.asynchttpclient.netty.request.NettyRequestSender - Using pooled Channel '[id: 0xee676906, L:/127.0.0.1:55226 - R:localhost/127.0.0.1:38631]' for 'POST' to 'http://localhost:38631/session/7ab9999954b16c1098fccc1542fdcf24/execute/sync'
13:41:08.595 [Forwarding isElementDisplayed on session 7ab9999954b16c1098fccc1542fdcf24 to remote] DEBUG org.asynchttpclient.netty.request.NettyRequestSender - Using open Channel [id: 0xee676906, L:/127.0.0.1:55226 - R:localhost/127.0.0.1:38631] for POST '/session/7ab9999954b16c1098fccc1542fdcf24/execute/sync'
13:41:08.602 [AsyncHttpClient-1-14] DEBUG org.asynchttpclient.netty.handler.HttpHandler - 

Request DefaultHttpRequest(decodeResult: success, version: HTTP/1.1)
POST /session/7ab9999954b16c1098fccc1542fdcf24/execute/sync HTTP/1.1
User-Agent: selenium/4.10.0 (java windows)
Content-Length: 48816
Content-Type: application/json; charset=utf-8
host: localhost:38631
accept: */*

Response DefaultHttpResponse(decodeResult: success, version: HTTP/1.1)
HTTP/1.1 200 OK
Content-Length: 14
Content-Type: application/json; charset=utf-8
cache-control: no-cache

13:41:08.602 [AsyncHttpClient-1-14] DEBUG org.asynchttpclient.netty.channel.ChannelManager - Adding key: http://localhost:38631 for channel [id: 0xee676906, L:/127.0.0.1:55226 - R:localhost/127.0.0.1:38631]
[INFO ] 2023-07-31 13:41:08.602 [main] WebElementActions - Waiting for element to be clickable
13:41:08.603 [Forwarding findElement on session 7ab9999954b16c1098fccc1542fdcf24 to remote] DEBUG org.asynchttpclient.netty.request.NettyRequestSender - Using pooled Channel '[id: 0xee676906, L:/127.0.0.1:55226 - R:localhost/127.0.0.1:38631]' for 'POST' to 'http://localhost:38631/session/7ab9999954b16c1098fccc1542fdcf24/element'
13:41:08.603 [Forwarding findElement on session 7ab9999954b16c1098fccc1542fdcf24 to remote] DEBUG org.asynchttpclient.netty.request.NettyRequestSender - Using open Channel [id: 0xee676906, L:/127.0.0.1:55226 - R:localhost/127.0.0.1:38631] for POST '/session/7ab9999954b16c1098fccc1542fdcf24/element'
13:41:08.608 [AsyncHttpClient-1-14] DEBUG org.asynchttpclient.netty.handler.HttpHandler - 

Request DefaultHttpRequest(decodeResult: success, version: HTTP/1.1)
POST /session/7ab9999954b16c1098fccc1542fdcf24/element HTTP/1.1
User-Agent: selenium/4.10.0 (java windows)
Content-Length: 78
Content-Type: application/json; charset=utf-8
host: localhost:38631
accept: */*

Response DefaultHttpResponse(decodeResult: success, version: HTTP/1.1)
HTTP/1.1 200 OK
Content-Length: 97
Content-Type: application/json; charset=utf-8
cache-control: no-cache

13:41:08.608 [AsyncHttpClient-1-14] DEBUG org.asynchttpclient.netty.channel.ChannelManager - Adding key: http://localhost:38631 for channel [id: 0xee676906, L:/127.0.0.1:55226 - R:localhost/127.0.0.1:38631]
13:41:08.610 [Forwarding isElementDisplayed on session 7ab9999954b16c1098fccc1542fdcf24 to remote] DEBUG org.asynchttpclient.netty.request.NettyRequestSender - Using pooled Channel '[id: 0xee676906, L:/127.0.0.1:55226 - R:localhost/127.0.0.1:38631]' for 'POST' to 'http://localhost:38631/session/7ab9999954b16c1098fccc1542fdcf24/execute/sync'
13:41:08.610 [Forwarding isElementDisplayed on session 7ab9999954b16c1098fccc1542fdcf24 to remote] DEBUG org.asynchttpclient.netty.request.NettyRequestSender - Using open Channel [id: 0xee676906, L:/127.0.0.1:55226 - R:localhost/127.0.0.1:38631] for POST '/session/7ab9999954b16c1098fccc1542fdcf24/execute/sync'
13:41:08.616 [AsyncHttpClient-1-14] DEBUG org.asynchttpclient.netty.handler.HttpHandler - 

Request DefaultHttpRequest(decodeResult: success, version: HTTP/1.1)
POST /session/7ab9999954b16c1098fccc1542fdcf24/execute/sync HTTP/1.1
User-Agent: selenium/4.10.0 (java windows)
Content-Length: 48816
Content-Type: application/json; charset=utf-8
host: localhost:38631
accept: */*

Response DefaultHttpResponse(decodeResult: success, version: HTTP/1.1)
HTTP/1.1 200 OK
Content-Length: 14
Content-Type: application/json; charset=utf-8
cache-control: no-cache

13:41:08.616 [AsyncHttpClient-1-14] DEBUG org.asynchttpclient.netty.channel.ChannelManager - Adding key: http://localhost:38631 for channel [id: 0xee676906, L:/127.0.0.1:55226 - R:localhost/127.0.0.1:38631]
13:41:08.616 [Forwarding findElement on session 7ab9999954b16c1098fccc1542fdcf24 to remote] DEBUG org.asynchttpclient.netty.request.NettyRequestSender - Using pooled Channel '[id: 0xee676906, L:/127.0.0.1:55226 - R:localhost/127.0.0.1:38631]' for 'POST' to 'http://localhost:38631/session/7ab9999954b16c1098fccc1542fdcf24/element'
13:41:08.616 [Forwarding findElement on session 7ab9999954b16c1098fccc1542fdcf24 to remote] DEBUG org.asynchttpclient.netty.request.NettyRequestSender - Using open Channel [id: 0xee676906, L:/127.0.0.1:55226 - R:localhost/127.0.0.1:38631] for POST '/session/7ab9999954b16c1098fccc1542fdcf24/element'
13:41:08.622 [AsyncHttpClient-1-14] DEBUG org.asynchttpclient.netty.handler.HttpHandler - 

Request DefaultHttpRequest(decodeResult: success, version: HTTP/1.1)
POST /session/7ab9999954b16c1098fccc1542fdcf24/element HTTP/1.1
User-Agent: selenium/4.10.0 (java windows)
Content-Length: 78
Content-Type: application/json; charset=utf-8
host: localhost:38631
accept: */*

Response DefaultHttpResponse(decodeResult: success, version: HTTP/1.1)
HTTP/1.1 200 OK
Content-Length: 97
Content-Type: application/json; charset=utf-8
cache-control: no-cache

13:41:08.622 [AsyncHttpClient-1-14] DEBUG org.asynchttpclient.netty.channel.ChannelManager - Adding key: http://localhost:38631 for channel [id: 0xee676906, L:/127.0.0.1:55226 - R:localhost/127.0.0.1:38631]
13:41:08.622 [Forwarding isElementEnabled on session 7ab9999954b16c1098fccc1542fdcf24 to remote] DEBUG org.asynchttpclient.netty.request.NettyRequestSender - Using pooled Channel '[id: 0xee676906, L:/127.0.0.1:55226 - R:localhost/127.0.0.1:38631]' for 'GET' to 'http://localhost:38631/session/7ab9999954b16c1098fccc1542fdcf24/element/EAB41257BD1B74CC4C608D1589E4BF75_element_1066/enabled'
13:41:08.622 [Forwarding isElementEnabled on session 7ab9999954b16c1098fccc1542fdcf24 to remote] DEBUG org.asynchttpclient.netty.request.NettyRequestSender - Using open Channel [id: 0xee676906, L:/127.0.0.1:55226 - R:localhost/127.0.0.1:38631] for GET '/session/7ab9999954b16c1098fccc1542fdcf24/element/EAB41257BD1B74CC4C608D1589E4BF75_element_1066/enabled'
13:41:08.626 [AsyncHttpClient-1-14] DEBUG org.asynchttpclient.netty.handler.HttpHandler - 

Request DefaultFullHttpRequest(decodeResult: success, version: HTTP/1.1, content: EmptyByteBufBE)
GET /session/7ab9999954b16c1098fccc1542fdcf24/element/EAB41257BD1B74CC4C608D1589E4BF75_element_1066/enabled HTTP/1.1
Cache-Control: no-cache
User-Agent: selenium/4.10.0 (java windows)
Content-Type: application/json; charset=utf-8
host: localhost:38631
accept: */*

Response DefaultHttpResponse(decodeResult: success, version: HTTP/1.1)
HTTP/1.1 200 OK
Content-Length: 14
Content-Type: application/json; charset=utf-8
cache-control: no-cache

13:41:08.626 [AsyncHttpClient-1-14] DEBUG org.asynchttpclient.netty.channel.ChannelManager - Adding key: http://localhost:38631 for channel [id: 0xee676906, L:/127.0.0.1:55226 - R:localhost/127.0.0.1:38631]
[INFO ] 2023-07-31 13:41:08.627 [main] WebElementActions - Element is clickable
13:41:08.627 [Forwarding findElement on session 7ab9999954b16c1098fccc1542fdcf24 to remote] DEBUG org.asynchttpclient.netty.request.NettyRequestSender - Using pooled Channel '[id: 0xee676906, L:/127.0.0.1:55226 - R:localhost/127.0.0.1:38631]' for 'POST' to 'http://localhost:38631/session/7ab9999954b16c1098fccc1542fdcf24/element'
13:41:08.627 [Forwarding findElement on session 7ab9999954b16c1098fccc1542fdcf24 to remote] DEBUG org.asynchttpclient.netty.request.NettyRequestSender - Using open Channel [id: 0xee676906, L:/127.0.0.1:55226 - R:localhost/127.0.0.1:38631] for POST '/session/7ab9999954b16c1098fccc1542fdcf24/element'
13:41:08.632 [AsyncHttpClient-1-14] DEBUG org.asynchttpclient.netty.handler.HttpHandler - 

Request DefaultHttpRequest(decodeResult: success, version: HTTP/1.1)
POST /session/7ab9999954b16c1098fccc1542fdcf24/element HTTP/1.1
User-Agent: selenium/4.10.0 (java windows)
Content-Length: 78
Content-Type: application/json; charset=utf-8
host: localhost:38631
accept: */*

Response DefaultHttpResponse(decodeResult: success, version: HTTP/1.1)
HTTP/1.1 200 OK
Content-Length: 97
Content-Type: application/json; charset=utf-8
cache-control: no-cache

13:41:08.632 [AsyncHttpClient-1-14] DEBUG org.asynchttpclient.netty.channel.ChannelManager - Adding key: http://localhost:38631 for channel [id: 0xee676906, L:/127.0.0.1:55226 - R:localhost/127.0.0.1:38631]
13:41:08.633 [Forwarding isElementDisplayed on session 7ab9999954b16c1098fccc1542fdcf24 to remote] DEBUG org.asynchttpclient.netty.request.NettyRequestSender - Using pooled Channel '[id: 0xee676906, L:/127.0.0.1:55226 - R:localhost/127.0.0.1:38631]' for 'POST' to 'http://localhost:38631/session/7ab9999954b16c1098fccc1542fdcf24/execute/sync'
13:41:08.633 [Forwarding isElementDisplayed on session 7ab9999954b16c1098fccc1542fdcf24 to remote] DEBUG org.asynchttpclient.netty.request.NettyRequestSender - Using open Channel [id: 0xee676906, L:/127.0.0.1:55226 - R:localhost/127.0.0.1:38631] for POST '/session/7ab9999954b16c1098fccc1542fdcf24/execute/sync'
13:41:08.640 [AsyncHttpClient-1-14] DEBUG org.asynchttpclient.netty.handler.HttpHandler - 

Request DefaultHttpRequest(decodeResult: success, version: HTTP/1.1)
POST /session/7ab9999954b16c1098fccc1542fdcf24/execute/sync HTTP/1.1
User-Agent: selenium/4.10.0 (java windows)
Content-Length: 48816
Content-Type: application/json; charset=utf-8
host: localhost:38631
accept: */*

Response DefaultHttpResponse(decodeResult: success, version: HTTP/1.1)
HTTP/1.1 200 OK
Content-Length: 14
Content-Type: application/json; charset=utf-8
cache-control: no-cache

13:41:08.640 [AsyncHttpClient-1-14] DEBUG org.asynchttpclient.netty.channel.ChannelManager - Adding key: http://localhost:38631 for channel [id: 0xee676906, L:/127.0.0.1:55226 - R:localhost/127.0.0.1:38631]
13:41:08.641 [Forwarding findElement on session 7ab9999954b16c1098fccc1542fdcf24 to remote] DEBUG org.asynchttpclient.netty.request.NettyRequestSender - Using pooled Channel '[id: 0xee676906, L:/127.0.0.1:55226 - R:localhost/127.0.0.1:38631]' for 'POST' to 'http://localhost:38631/session/7ab9999954b16c1098fccc1542fdcf24/element'
13:41:08.641 [Forwarding findElement on session 7ab9999954b16c1098fccc1542fdcf24 to remote] DEBUG org.asynchttpclient.netty.request.NettyRequestSender - Using open Channel [id: 0xee676906, L:/127.0.0.1:55226 - R:localhost/127.0.0.1:38631] for POST '/session/7ab9999954b16c1098fccc1542fdcf24/element'
13:41:08.645 [AsyncHttpClient-1-14] DEBUG org.asynchttpclient.netty.handler.HttpHandler - 

Request DefaultHttpRequest(decodeResult: success, version: HTTP/1.1)
POST /session/7ab9999954b16c1098fccc1542fdcf24/element HTTP/1.1
User-Agent: selenium/4.10.0 (java windows)
Content-Length: 78
Content-Type: application/json; charset=utf-8
host: localhost:38631
accept: */*

Response DefaultHttpResponse(decodeResult: success, version: HTTP/1.1)
HTTP/1.1 200 OK
Content-Length: 97
Content-Type: application/json; charset=utf-8
cache-control: no-cache

13:41:08.645 [AsyncHttpClient-1-14] DEBUG org.asynchttpclient.netty.channel.ChannelManager - Adding key: http://localhost:38631 for channel [id: 0xee676906, L:/127.0.0.1:55226 - R:localhost/127.0.0.1:38631]
13:41:08.646 [Forwarding clickElement on session 7ab9999954b16c1098fccc1542fdcf24 to remote] DEBUG org.asynchttpclient.netty.request.NettyRequestSender - Using pooled Channel '[id: 0xee676906, L:/127.0.0.1:55226 - R:localhost/127.0.0.1:38631]' for 'POST' to 'http://localhost:38631/session/7ab9999954b16c1098fccc1542fdcf24/element/EAB41257BD1B74CC4C608D1589E4BF75_element_1066/click'
13:41:08.646 [Forwarding clickElement on session 7ab9999954b16c1098fccc1542fdcf24 to remote] DEBUG org.asynchttpclient.netty.request.NettyRequestSender - Using open Channel [id: 0xee676906, L:/127.0.0.1:55226 - R:localhost/127.0.0.1:38631] for POST '/session/7ab9999954b16c1098fccc1542fdcf24/element/EAB41257BD1B74CC4C608D1589E4BF75_element_1066/click'
13:41:08.686 [AsyncHttpClient-1-14] DEBUG org.asynchttpclient.netty.handler.HttpHandler - 

Request DefaultHttpRequest(decodeResult: success, version: HTTP/1.1)
POST /session/7ab9999954b16c1098fccc1542fdcf24/element/EAB41257BD1B74CC4C608D1589E4BF75_element_1066/click HTTP/1.1
User-Agent: selenium/4.10.0 (java windows)
Content-Length: 59
Content-Type: application/json; charset=utf-8
host: localhost:38631
accept: */*

Response DefaultHttpResponse(decodeResult: success, version: HTTP/1.1)
HTTP/1.1 200 OK
Content-Length: 14
Content-Type: application/json; charset=utf-8
cache-control: no-cache

13:41:08.686 [AsyncHttpClient-1-14] DEBUG org.asynchttpclient.netty.channel.ChannelManager - Adding key: http://localhost:38631 for channel [id: 0xee676906, L:/127.0.0.1:55226 - R:localhost/127.0.0.1:38631]
13:41:09.692 [Forwarding findElement on session 7ab9999954b16c1098fccc1542fdcf24 to remote] DEBUG org.asynchttpclient.netty.request.NettyRequestSender - Using pooled Channel '[id: 0xee676906, L:/127.0.0.1:55226 - R:localhost/127.0.0.1:38631]' for 'POST' to 'http://localhost:38631/session/7ab9999954b16c1098fccc1542fdcf24/element'
13:41:09.692 [Forwarding findElement on session 7ab9999954b16c1098fccc1542fdcf24 to remote] DEBUG org.asynchttpclient.netty.request.NettyRequestSender - Using open Channel [id: 0xee676906, L:/127.0.0.1:55226 - R:localhost/127.0.0.1:38631] for POST '/session/7ab9999954b16c1098fccc1542fdcf24/element'
13:41:09.702 [AsyncHttpClient-1-14] DEBUG org.asynchttpclient.netty.handler.HttpHandler - 

Request DefaultHttpRequest(decodeResult: success, version: HTTP/1.1)
POST /session/7ab9999954b16c1098fccc1542fdcf24/element HTTP/1.1
User-Agent: selenium/4.10.0 (java windows)
Content-Length: 144
Content-Type: application/json; charset=utf-8
host: localhost:38631
accept: */*

Response DefaultHttpResponse(decodeResult: success, version: HTTP/1.1)
HTTP/1.1 200 OK
Content-Length: 97
Content-Type: application/json; charset=utf-8
cache-control: no-cache

13:41:09.702 [AsyncHttpClient-1-14] DEBUG org.asynchttpclient.netty.channel.ChannelManager - Adding key: http://localhost:38631 for channel [id: 0xee676906, L:/127.0.0.1:55226 - R:localhost/127.0.0.1:38631]
13:41:09.703 [Forwarding isElementDisplayed on session 7ab9999954b16c1098fccc1542fdcf24 to remote] DEBUG org.asynchttpclient.netty.request.NettyRequestSender - Using pooled Channel '[id: 0xee676906, L:/127.0.0.1:55226 - R:localhost/127.0.0.1:38631]' for 'POST' to 'http://localhost:38631/session/7ab9999954b16c1098fccc1542fdcf24/execute/sync'
13:41:09.703 [Forwarding isElementDisplayed on session 7ab9999954b16c1098fccc1542fdcf24 to remote] DEBUG org.asynchttpclient.netty.request.NettyRequestSender - Using open Channel [id: 0xee676906, L:/127.0.0.1:55226 - R:localhost/127.0.0.1:38631] for POST '/session/7ab9999954b16c1098fccc1542fdcf24/execute/sync'
13:41:09.709 [AsyncHttpClient-1-14] DEBUG org.asynchttpclient.netty.handler.HttpHandler - 

Request DefaultHttpRequest(decodeResult: success, version: HTTP/1.1)
POST /session/7ab9999954b16c1098fccc1542fdcf24/execute/sync HTTP/1.1
User-Agent: selenium/4.10.0 (java windows)
Content-Length: 48816
Content-Type: application/json; charset=utf-8
host: localhost:38631
accept: */*

Response DefaultHttpResponse(decodeResult: success, version: HTTP/1.1)
HTTP/1.1 200 OK
Content-Length: 14
Content-Type: application/json; charset=utf-8
cache-control: no-cache

13:41:09.709 [AsyncHttpClient-1-14] DEBUG org.asynchttpclient.netty.channel.ChannelManager - Adding key: http://localhost:38631 for channel [id: 0xee676906, L:/127.0.0.1:55226 - R:localhost/127.0.0.1:38631]
[INFO ] 2023-07-31 13:41:09.710 [main] WebElementActions - Waiting for element to be clickable
13:41:09.710 [Forwarding findElement on session 7ab9999954b16c1098fccc1542fdcf24 to remote] DEBUG org.asynchttpclient.netty.request.NettyRequestSender - Using pooled Channel '[id: 0xee676906, L:/127.0.0.1:55226 - R:localhost/127.0.0.1:38631]' for 'POST' to 'http://localhost:38631/session/7ab9999954b16c1098fccc1542fdcf24/element'
13:41:09.710 [Forwarding findElement on session 7ab9999954b16c1098fccc1542fdcf24 to remote] DEBUG org.asynchttpclient.netty.request.NettyRequestSender - Using open Channel [id: 0xee676906, L:/127.0.0.1:55226 - R:localhost/127.0.0.1:38631] for POST '/session/7ab9999954b16c1098fccc1542fdcf24/element'
13:41:09.715 [AsyncHttpClient-1-14] DEBUG org.asynchttpclient.netty.handler.HttpHandler - 

Request DefaultHttpRequest(decodeResult: success, version: HTTP/1.1)
POST /session/7ab9999954b16c1098fccc1542fdcf24/element HTTP/1.1
User-Agent: selenium/4.10.0 (java windows)
Content-Length: 144
Content-Type: application/json; charset=utf-8
host: localhost:38631
accept: */*

Response DefaultHttpResponse(decodeResult: success, version: HTTP/1.1)
HTTP/1.1 200 OK
Content-Length: 97
Content-Type: application/json; charset=utf-8
cache-control: no-cache

13:41:09.715 [AsyncHttpClient-1-14] DEBUG org.asynchttpclient.netty.channel.ChannelManager - Adding key: http://localhost:38631 for channel [id: 0xee676906, L:/127.0.0.1:55226 - R:localhost/127.0.0.1:38631]
13:41:09.717 [Forwarding isElementDisplayed on session 7ab9999954b16c1098fccc1542fdcf24 to remote] DEBUG org.asynchttpclient.netty.request.NettyRequestSender - Using pooled Channel '[id: 0xee676906, L:/127.0.0.1:55226 - R:localhost/127.0.0.1:38631]' for 'POST' to 'http://localhost:38631/session/7ab9999954b16c1098fccc1542fdcf24/execute/sync'
13:41:09.717 [Forwarding isElementDisplayed on session 7ab9999954b16c1098fccc1542fdcf24 to remote] DEBUG org.asynchttpclient.netty.request.NettyRequestSender - Using open Channel [id: 0xee676906, L:/127.0.0.1:55226 - R:localhost/127.0.0.1:38631] for POST '/session/7ab9999954b16c1098fccc1542fdcf24/execute/sync'
13:41:09.722 [AsyncHttpClient-1-14] DEBUG org.asynchttpclient.netty.handler.HttpHandler - 

Request DefaultHttpRequest(decodeResult: success, version: HTTP/1.1)
POST /session/7ab9999954b16c1098fccc1542fdcf24/execute/sync HTTP/1.1
User-Agent: selenium/4.10.0 (java windows)
Content-Length: 48816
Content-Type: application/json; charset=utf-8
host: localhost:38631
accept: */*

Response DefaultHttpResponse(decodeResult: success, version: HTTP/1.1)
HTTP/1.1 200 OK
Content-Length: 14
Content-Type: application/json; charset=utf-8
cache-control: no-cache

13:41:09.722 [AsyncHttpClient-1-14] DEBUG org.asynchttpclient.netty.channel.ChannelManager - Adding key: http://localhost:38631 for channel [id: 0xee676906, L:/127.0.0.1:55226 - R:localhost/127.0.0.1:38631]
13:41:09.723 [Forwarding findElement on session 7ab9999954b16c1098fccc1542fdcf24 to remote] DEBUG org.asynchttpclient.netty.request.NettyRequestSender - Using pooled Channel '[id: 0xee676906, L:/127.0.0.1:55226 - R:localhost/127.0.0.1:38631]' for 'POST' to 'http://localhost:38631/session/7ab9999954b16c1098fccc1542fdcf24/element'
13:41:09.723 [Forwarding findElement on session 7ab9999954b16c1098fccc1542fdcf24 to remote] DEBUG org.asynchttpclient.netty.request.NettyRequestSender - Using open Channel [id: 0xee676906, L:/127.0.0.1:55226 - R:localhost/127.0.0.1:38631] for POST '/session/7ab9999954b16c1098fccc1542fdcf24/element'
13:41:09.728 [AsyncHttpClient-1-14] DEBUG org.asynchttpclient.netty.handler.HttpHandler - 

Request DefaultHttpRequest(decodeResult: success, version: HTTP/1.1)
POST /session/7ab9999954b16c1098fccc1542fdcf24/element HTTP/1.1
User-Agent: selenium/4.10.0 (java windows)
Content-Length: 144
Content-Type: application/json; charset=utf-8
host: localhost:38631
accept: */*

Response DefaultHttpResponse(decodeResult: success, version: HTTP/1.1)
HTTP/1.1 200 OK
Content-Length: 97
Content-Type: application/json; charset=utf-8
cache-control: no-cache

13:41:09.728 [AsyncHttpClient-1-14] DEBUG org.asynchttpclient.netty.channel.ChannelManager - Adding key: http://localhost:38631 for channel [id: 0xee676906, L:/127.0.0.1:55226 - R:localhost/127.0.0.1:38631]
13:41:09.728 [Forwarding isElementEnabled on session 7ab9999954b16c1098fccc1542fdcf24 to remote] DEBUG org.asynchttpclient.netty.request.NettyRequestSender - Using pooled Channel '[id: 0xee676906, L:/127.0.0.1:55226 - R:localhost/127.0.0.1:38631]' for 'GET' to 'http://localhost:38631/session/7ab9999954b16c1098fccc1542fdcf24/element/EAB41257BD1B74CC4C608D1589E4BF75_element_1070/enabled'
13:41:09.728 [Forwarding isElementEnabled on session 7ab9999954b16c1098fccc1542fdcf24 to remote] DEBUG org.asynchttpclient.netty.request.NettyRequestSender - Using open Channel [id: 0xee676906, L:/127.0.0.1:55226 - R:localhost/127.0.0.1:38631] for GET '/session/7ab9999954b16c1098fccc1542fdcf24/element/EAB41257BD1B74CC4C608D1589E4BF75_element_1070/enabled'
13:41:09.732 [AsyncHttpClient-1-14] DEBUG org.asynchttpclient.netty.handler.HttpHandler - 

Request DefaultFullHttpRequest(decodeResult: success, version: HTTP/1.1, content: EmptyByteBufBE)
GET /session/7ab9999954b16c1098fccc1542fdcf24/element/EAB41257BD1B74CC4C608D1589E4BF75_element_1070/enabled HTTP/1.1
Cache-Control: no-cache
User-Agent: selenium/4.10.0 (java windows)
Content-Type: application/json; charset=utf-8
host: localhost:38631
accept: */*

Response DefaultHttpResponse(decodeResult: success, version: HTTP/1.1)
HTTP/1.1 200 OK
Content-Length: 14
Content-Type: application/json; charset=utf-8
cache-control: no-cache

13:41:09.732 [AsyncHttpClient-1-14] DEBUG org.asynchttpclient.netty.channel.ChannelManager - Adding key: http://localhost:38631 for channel [id: 0xee676906, L:/127.0.0.1:55226 - R:localhost/127.0.0.1:38631]
[INFO ] 2023-07-31 13:41:09.732 [main] WebElementActions - Element is clickable
13:41:09.733 [Forwarding findElement on session 7ab9999954b16c1098fccc1542fdcf24 to remote] DEBUG org.asynchttpclient.netty.request.NettyRequestSender - Using pooled Channel '[id: 0xee676906, L:/127.0.0.1:55226 - R:localhost/127.0.0.1:38631]' for 'POST' to 'http://localhost:38631/session/7ab9999954b16c1098fccc1542fdcf24/element'
13:41:09.733 [Forwarding findElement on session 7ab9999954b16c1098fccc1542fdcf24 to remote] DEBUG org.asynchttpclient.netty.request.NettyRequestSender - Using open Channel [id: 0xee676906, L:/127.0.0.1:55226 - R:localhost/127.0.0.1:38631] for POST '/session/7ab9999954b16c1098fccc1542fdcf24/element'
13:41:09.738 [AsyncHttpClient-1-14] DEBUG org.asynchttpclient.netty.handler.HttpHandler - 

Request DefaultHttpRequest(decodeResult: success, version: HTTP/1.1)
POST /session/7ab9999954b16c1098fccc1542fdcf24/element HTTP/1.1
User-Agent: selenium/4.10.0 (java windows)
Content-Length: 144
Content-Type: application/json; charset=utf-8
host: localhost:38631
accept: */*

Response DefaultHttpResponse(decodeResult: success, version: HTTP/1.1)
HTTP/1.1 200 OK
Content-Length: 97
Content-Type: application/json; charset=utf-8
cache-control: no-cache

13:41:09.738 [AsyncHttpClient-1-14] DEBUG org.asynchttpclient.netty.channel.ChannelManager - Adding key: http://localhost:38631 for channel [id: 0xee676906, L:/127.0.0.1:55226 - R:localhost/127.0.0.1:38631]
13:41:09.739 [Forwarding isElementDisplayed on session 7ab9999954b16c1098fccc1542fdcf24 to remote] DEBUG org.asynchttpclient.netty.request.NettyRequestSender - Using pooled Channel '[id: 0xee676906, L:/127.0.0.1:55226 - R:localhost/127.0.0.1:38631]' for 'POST' to 'http://localhost:38631/session/7ab9999954b16c1098fccc1542fdcf24/execute/sync'
13:41:09.739 [Forwarding isElementDisplayed on session 7ab9999954b16c1098fccc1542fdcf24 to remote] DEBUG org.asynchttpclient.netty.request.NettyRequestSender - Using open Channel [id: 0xee676906, L:/127.0.0.1:55226 - R:localhost/127.0.0.1:38631] for POST '/session/7ab9999954b16c1098fccc1542fdcf24/execute/sync'
13:41:09.745 [AsyncHttpClient-1-14] DEBUG org.asynchttpclient.netty.handler.HttpHandler - 

Request DefaultHttpRequest(decodeResult: success, version: HTTP/1.1)
POST /session/7ab9999954b16c1098fccc1542fdcf24/execute/sync HTTP/1.1
User-Agent: selenium/4.10.0 (java windows)
Content-Length: 48816
Content-Type: application/json; charset=utf-8
host: localhost:38631
accept: */*

Response DefaultHttpResponse(decodeResult: success, version: HTTP/1.1)
HTTP/1.1 200 OK
Content-Length: 14
Content-Type: application/json; charset=utf-8
cache-control: no-cache

13:41:09.745 [AsyncHttpClient-1-14] DEBUG org.asynchttpclient.netty.channel.ChannelManager - Adding key: http://localhost:38631 for channel [id: 0xee676906, L:/127.0.0.1:55226 - R:localhost/127.0.0.1:38631]
13:41:09.745 [Forwarding findElement on session 7ab9999954b16c1098fccc1542fdcf24 to remote] DEBUG org.asynchttpclient.netty.request.NettyRequestSender - Using pooled Channel '[id: 0xee676906, L:/127.0.0.1:55226 - R:localhost/127.0.0.1:38631]' for 'POST' to 'http://localhost:38631/session/7ab9999954b16c1098fccc1542fdcf24/element'
13:41:09.745 [Forwarding findElement on session 7ab9999954b16c1098fccc1542fdcf24 to remote] DEBUG org.asynchttpclient.netty.request.NettyRequestSender - Using open Channel [id: 0xee676906, L:/127.0.0.1:55226 - R:localhost/127.0.0.1:38631] for POST '/session/7ab9999954b16c1098fccc1542fdcf24/element'
13:41:09.750 [AsyncHttpClient-1-14] DEBUG org.asynchttpclient.netty.handler.HttpHandler - 

Request DefaultHttpRequest(decodeResult: success, version: HTTP/1.1)
POST /session/7ab9999954b16c1098fccc1542fdcf24/element HTTP/1.1
User-Agent: selenium/4.10.0 (java windows)
Content-Length: 144
Content-Type: application/json; charset=utf-8
host: localhost:38631
accept: */*

Response DefaultHttpResponse(decodeResult: success, version: HTTP/1.1)
HTTP/1.1 200 OK
Content-Length: 97
Content-Type: application/json; charset=utf-8
cache-control: no-cache

13:41:09.750 [AsyncHttpClient-1-14] DEBUG org.asynchttpclient.netty.channel.ChannelManager - Adding key: http://localhost:38631 for channel [id: 0xee676906, L:/127.0.0.1:55226 - R:localhost/127.0.0.1:38631]
13:41:09.751 [Forwarding clickElement on session 7ab9999954b16c1098fccc1542fdcf24 to remote] DEBUG org.asynchttpclient.netty.request.NettyRequestSender - Using pooled Channel '[id: 0xee676906, L:/127.0.0.1:55226 - R:localhost/127.0.0.1:38631]' for 'POST' to 'http://localhost:38631/session/7ab9999954b16c1098fccc1542fdcf24/element/EAB41257BD1B74CC4C608D1589E4BF75_element_1070/click'
13:41:09.751 [Forwarding clickElement on session 7ab9999954b16c1098fccc1542fdcf24 to remote] DEBUG org.asynchttpclient.netty.request.NettyRequestSender - Using open Channel [id: 0xee676906, L:/127.0.0.1:55226 - R:localhost/127.0.0.1:38631] for POST '/session/7ab9999954b16c1098fccc1542fdcf24/element/EAB41257BD1B74CC4C608D1589E4BF75_element_1070/click'
13:41:09.776 [AsyncHttpClient-1-14] DEBUG org.asynchttpclient.netty.handler.HttpHandler - 

Request DefaultHttpRequest(decodeResult: success, version: HTTP/1.1)
POST /session/7ab9999954b16c1098fccc1542fdcf24/element/EAB41257BD1B74CC4C608D1589E4BF75_element_1070/click HTTP/1.1
User-Agent: selenium/4.10.0 (java windows)
Content-Length: 59
Content-Type: application/json; charset=utf-8
host: localhost:38631
accept: */*

Response DefaultHttpResponse(decodeResult: success, version: HTTP/1.1)
HTTP/1.1 200 OK
Content-Length: 14
Content-Type: application/json; charset=utf-8
cache-control: no-cache

13:41:09.776 [AsyncHttpClient-1-14] DEBUG org.asynchttpclient.netty.channel.ChannelManager - Adding key: http://localhost:38631 for channel [id: 0xee676906, L:/127.0.0.1:55226 - R:localhost/127.0.0.1:38631]
13:41:10.787 [Forwarding findElement on session 7ab9999954b16c1098fccc1542fdcf24 to remote] DEBUG org.asynchttpclient.netty.request.NettyRequestSender - Using pooled Channel '[id: 0xee676906, L:/127.0.0.1:55226 - R:localhost/127.0.0.1:38631]' for 'POST' to 'http://localhost:38631/session/7ab9999954b16c1098fccc1542fdcf24/element'
13:41:10.787 [Forwarding findElement on session 7ab9999954b16c1098fccc1542fdcf24 to remote] DEBUG org.asynchttpclient.netty.request.NettyRequestSender - Using open Channel [id: 0xee676906, L:/127.0.0.1:55226 - R:localhost/127.0.0.1:38631] for POST '/session/7ab9999954b16c1098fccc1542fdcf24/element'
13:41:10.793 [AsyncHttpClient-1-14] DEBUG org.asynchttpclient.netty.handler.HttpHandler - 

Request DefaultHttpRequest(decodeResult: success, version: HTTP/1.1)
POST /session/7ab9999954b16c1098fccc1542fdcf24/element HTTP/1.1
User-Agent: selenium/4.10.0 (java windows)
Content-Length: 78
Content-Type: application/json; charset=utf-8
host: localhost:38631
accept: */*

Response DefaultHttpResponse(decodeResult: success, version: HTTP/1.1)
HTTP/1.1 200 OK
Content-Length: 97
Content-Type: application/json; charset=utf-8
cache-control: no-cache

13:41:10.793 [AsyncHttpClient-1-14] DEBUG org.asynchttpclient.netty.channel.ChannelManager - Adding key: http://localhost:38631 for channel [id: 0xee676906, L:/127.0.0.1:55226 - R:localhost/127.0.0.1:38631]
13:41:10.795 [Forwarding isElementDisplayed on session 7ab9999954b16c1098fccc1542fdcf24 to remote] DEBUG org.asynchttpclient.netty.request.NettyRequestSender - Using pooled Channel '[id: 0xee676906, L:/127.0.0.1:55226 - R:localhost/127.0.0.1:38631]' for 'POST' to 'http://localhost:38631/session/7ab9999954b16c1098fccc1542fdcf24/execute/sync'
13:41:10.795 [Forwarding isElementDisplayed on session 7ab9999954b16c1098fccc1542fdcf24 to remote] DEBUG org.asynchttpclient.netty.request.NettyRequestSender - Using open Channel [id: 0xee676906, L:/127.0.0.1:55226 - R:localhost/127.0.0.1:38631] for POST '/session/7ab9999954b16c1098fccc1542fdcf24/execute/sync'
13:41:10.801 [AsyncHttpClient-1-14] DEBUG org.asynchttpclient.netty.handler.HttpHandler - 

Request DefaultHttpRequest(decodeResult: success, version: HTTP/1.1)
POST /session/7ab9999954b16c1098fccc1542fdcf24/execute/sync HTTP/1.1
User-Agent: selenium/4.10.0 (java windows)
Content-Length: 48816
Content-Type: application/json; charset=utf-8
host: localhost:38631
accept: */*

Response DefaultHttpResponse(decodeResult: success, version: HTTP/1.1)
HTTP/1.1 200 OK
Content-Length: 14
Content-Type: application/json; charset=utf-8
cache-control: no-cache

13:41:10.801 [AsyncHttpClient-1-14] DEBUG org.asynchttpclient.netty.channel.ChannelManager - Adding key: http://localhost:38631 for channel [id: 0xee676906, L:/127.0.0.1:55226 - R:localhost/127.0.0.1:38631]
[INFO ] 2023-07-31 13:41:10.801 [main] WebElementActions - Waiting for element to be clickable
13:41:10.801 [Forwarding findElement on session 7ab9999954b16c1098fccc1542fdcf24 to remote] DEBUG org.asynchttpclient.netty.request.NettyRequestSender - Using pooled Channel '[id: 0xee676906, L:/127.0.0.1:55226 - R:localhost/127.0.0.1:38631]' for 'POST' to 'http://localhost:38631/session/7ab9999954b16c1098fccc1542fdcf24/element'
13:41:10.801 [Forwarding findElement on session 7ab9999954b16c1098fccc1542fdcf24 to remote] DEBUG org.asynchttpclient.netty.request.NettyRequestSender - Using open Channel [id: 0xee676906, L:/127.0.0.1:55226 - R:localhost/127.0.0.1:38631] for POST '/session/7ab9999954b16c1098fccc1542fdcf24/element'
13:41:10.806 [AsyncHttpClient-1-14] DEBUG org.asynchttpclient.netty.handler.HttpHandler - 

Request DefaultHttpRequest(decodeResult: success, version: HTTP/1.1)
POST /session/7ab9999954b16c1098fccc1542fdcf24/element HTTP/1.1
User-Agent: selenium/4.10.0 (java windows)
Content-Length: 78
Content-Type: application/json; charset=utf-8
host: localhost:38631
accept: */*

Response DefaultHttpResponse(decodeResult: success, version: HTTP/1.1)
HTTP/1.1 200 OK
Content-Length: 97
Content-Type: application/json; charset=utf-8
cache-control: no-cache

13:41:10.806 [AsyncHttpClient-1-14] DEBUG org.asynchttpclient.netty.channel.ChannelManager - Adding key: http://localhost:38631 for channel [id: 0xee676906, L:/127.0.0.1:55226 - R:localhost/127.0.0.1:38631]
13:41:10.808 [Forwarding isElementDisplayed on session 7ab9999954b16c1098fccc1542fdcf24 to remote] DEBUG org.asynchttpclient.netty.request.NettyRequestSender - Using pooled Channel '[id: 0xee676906, L:/127.0.0.1:55226 - R:localhost/127.0.0.1:38631]' for 'POST' to 'http://localhost:38631/session/7ab9999954b16c1098fccc1542fdcf24/execute/sync'
13:41:10.808 [Forwarding isElementDisplayed on session 7ab9999954b16c1098fccc1542fdcf24 to remote] DEBUG org.asynchttpclient.netty.request.NettyRequestSender - Using open Channel [id: 0xee676906, L:/127.0.0.1:55226 - R:localhost/127.0.0.1:38631] for POST '/session/7ab9999954b16c1098fccc1542fdcf24/execute/sync'
13:41:10.815 [AsyncHttpClient-1-14] DEBUG org.asynchttpclient.netty.handler.HttpHandler - 

Request DefaultHttpRequest(decodeResult: success, version: HTTP/1.1)
POST /session/7ab9999954b16c1098fccc1542fdcf24/execute/sync HTTP/1.1
User-Agent: selenium/4.10.0 (java windows)
Content-Length: 48816
Content-Type: application/json; charset=utf-8
host: localhost:38631
accept: */*

Response DefaultHttpResponse(decodeResult: success, version: HTTP/1.1)
HTTP/1.1 200 OK
Content-Length: 14
Content-Type: application/json; charset=utf-8
cache-control: no-cache

13:41:10.815 [AsyncHttpClient-1-14] DEBUG org.asynchttpclient.netty.channel.ChannelManager - Adding key: http://localhost:38631 for channel [id: 0xee676906, L:/127.0.0.1:55226 - R:localhost/127.0.0.1:38631]
13:41:10.816 [Forwarding findElement on session 7ab9999954b16c1098fccc1542fdcf24 to remote] DEBUG org.asynchttpclient.netty.request.NettyRequestSender - Using pooled Channel '[id: 0xee676906, L:/127.0.0.1:55226 - R:localhost/127.0.0.1:38631]' for 'POST' to 'http://localhost:38631/session/7ab9999954b16c1098fccc1542fdcf24/element'
13:41:10.816 [Forwarding findElement on session 7ab9999954b16c1098fccc1542fdcf24 to remote] DEBUG org.asynchttpclient.netty.request.NettyRequestSender - Using open Channel [id: 0xee676906, L:/127.0.0.1:55226 - R:localhost/127.0.0.1:38631] for POST '/session/7ab9999954b16c1098fccc1542fdcf24/element'
13:41:10.824 [AsyncHttpClient-1-14] DEBUG org.asynchttpclient.netty.handler.HttpHandler - 

Request DefaultHttpRequest(decodeResult: success, version: HTTP/1.1)
POST /session/7ab9999954b16c1098fccc1542fdcf24/element HTTP/1.1
User-Agent: selenium/4.10.0 (java windows)
Content-Length: 78
Content-Type: application/json; charset=utf-8
host: localhost:38631
accept: */*

Response DefaultHttpResponse(decodeResult: success, version: HTTP/1.1)
HTTP/1.1 200 OK
Content-Length: 97
Content-Type: application/json; charset=utf-8
cache-control: no-cache

13:41:10.824 [AsyncHttpClient-1-14] DEBUG org.asynchttpclient.netty.channel.ChannelManager - Adding key: http://localhost:38631 for channel [id: 0xee676906, L:/127.0.0.1:55226 - R:localhost/127.0.0.1:38631]
13:41:10.824 [Forwarding isElementEnabled on session 7ab9999954b16c1098fccc1542fdcf24 to remote] DEBUG org.asynchttpclient.netty.request.NettyRequestSender - Using pooled Channel '[id: 0xee676906, L:/127.0.0.1:55226 - R:localhost/127.0.0.1:38631]' for 'GET' to 'http://localhost:38631/session/7ab9999954b16c1098fccc1542fdcf24/element/EAB41257BD1B74CC4C608D1589E4BF75_element_1072/enabled'
13:41:10.824 [Forwarding isElementEnabled on session 7ab9999954b16c1098fccc1542fdcf24 to remote] DEBUG org.asynchttpclient.netty.request.NettyRequestSender - Using open Channel [id: 0xee676906, L:/127.0.0.1:55226 - R:localhost/127.0.0.1:38631] for GET '/session/7ab9999954b16c1098fccc1542fdcf24/element/EAB41257BD1B74CC4C608D1589E4BF75_element_1072/enabled'
13:41:10.834 [AsyncHttpClient-1-14] DEBUG org.asynchttpclient.netty.handler.HttpHandler - 

Request DefaultFullHttpRequest(decodeResult: success, version: HTTP/1.1, content: EmptyByteBufBE)
GET /session/7ab9999954b16c1098fccc1542fdcf24/element/EAB41257BD1B74CC4C608D1589E4BF75_element_1072/enabled HTTP/1.1
Cache-Control: no-cache
User-Agent: selenium/4.10.0 (java windows)
Content-Type: application/json; charset=utf-8
host: localhost:38631
accept: */*

Response DefaultHttpResponse(decodeResult: success, version: HTTP/1.1)
HTTP/1.1 200 OK
Content-Length: 14
Content-Type: application/json; charset=utf-8
cache-control: no-cache

13:41:10.834 [AsyncHttpClient-1-14] DEBUG org.asynchttpclient.netty.channel.ChannelManager - Adding key: http://localhost:38631 for channel [id: 0xee676906, L:/127.0.0.1:55226 - R:localhost/127.0.0.1:38631]
[INFO ] 2023-07-31 13:41:10.834 [main] WebElementActions - Element is clickable
13:41:10.835 [Forwarding findElement on session 7ab9999954b16c1098fccc1542fdcf24 to remote] DEBUG org.asynchttpclient.netty.request.NettyRequestSender - Using pooled Channel '[id: 0xee676906, L:/127.0.0.1:55226 - R:localhost/127.0.0.1:38631]' for 'POST' to 'http://localhost:38631/session/7ab9999954b16c1098fccc1542fdcf24/element'
13:41:10.835 [Forwarding findElement on session 7ab9999954b16c1098fccc1542fdcf24 to remote] DEBUG org.asynchttpclient.netty.request.NettyRequestSender - Using open Channel [id: 0xee676906, L:/127.0.0.1:55226 - R:localhost/127.0.0.1:38631] for POST '/session/7ab9999954b16c1098fccc1542fdcf24/element'
13:41:10.840 [AsyncHttpClient-1-14] DEBUG org.asynchttpclient.netty.handler.HttpHandler - 

Request DefaultHttpRequest(decodeResult: success, version: HTTP/1.1)
POST /session/7ab9999954b16c1098fccc1542fdcf24/element HTTP/1.1
User-Agent: selenium/4.10.0 (java windows)
Content-Length: 78
Content-Type: application/json; charset=utf-8
host: localhost:38631
accept: */*

Response DefaultHttpResponse(decodeResult: success, version: HTTP/1.1)
HTTP/1.1 200 OK
Content-Length: 97
Content-Type: application/json; charset=utf-8
cache-control: no-cache

13:41:10.840 [AsyncHttpClient-1-14] DEBUG org.asynchttpclient.netty.channel.ChannelManager - Adding key: http://localhost:38631 for channel [id: 0xee676906, L:/127.0.0.1:55226 - R:localhost/127.0.0.1:38631]
13:41:10.842 [Forwarding isElementDisplayed on session 7ab9999954b16c1098fccc1542fdcf24 to remote] DEBUG org.asynchttpclient.netty.request.NettyRequestSender - Using pooled Channel '[id: 0xee676906, L:/127.0.0.1:55226 - R:localhost/127.0.0.1:38631]' for 'POST' to 'http://localhost:38631/session/7ab9999954b16c1098fccc1542fdcf24/execute/sync'
13:41:10.842 [Forwarding isElementDisplayed on session 7ab9999954b16c1098fccc1542fdcf24 to remote] DEBUG org.asynchttpclient.netty.request.NettyRequestSender - Using open Channel [id: 0xee676906, L:/127.0.0.1:55226 - R:localhost/127.0.0.1:38631] for POST '/session/7ab9999954b16c1098fccc1542fdcf24/execute/sync'
13:41:10.848 [AsyncHttpClient-1-14] DEBUG org.asynchttpclient.netty.handler.HttpHandler - 

Request DefaultHttpRequest(decodeResult: success, version: HTTP/1.1)
POST /session/7ab9999954b16c1098fccc1542fdcf24/execute/sync HTTP/1.1
User-Agent: selenium/4.10.0 (java windows)
Content-Length: 48816
Content-Type: application/json; charset=utf-8
host: localhost:38631
accept: */*

Response DefaultHttpResponse(decodeResult: success, version: HTTP/1.1)
HTTP/1.1 200 OK
Content-Length: 14
Content-Type: application/json; charset=utf-8
cache-control: no-cache

13:41:10.848 [AsyncHttpClient-1-14] DEBUG org.asynchttpclient.netty.channel.ChannelManager - Adding key: http://localhost:38631 for channel [id: 0xee676906, L:/127.0.0.1:55226 - R:localhost/127.0.0.1:38631]
13:41:10.848 [Forwarding findElement on session 7ab9999954b16c1098fccc1542fdcf24 to remote] DEBUG org.asynchttpclient.netty.request.NettyRequestSender - Using pooled Channel '[id: 0xee676906, L:/127.0.0.1:55226 - R:localhost/127.0.0.1:38631]' for 'POST' to 'http://localhost:38631/session/7ab9999954b16c1098fccc1542fdcf24/element'
13:41:10.848 [Forwarding findElement on session 7ab9999954b16c1098fccc1542fdcf24 to remote] DEBUG org.asynchttpclient.netty.request.NettyRequestSender - Using open Channel [id: 0xee676906, L:/127.0.0.1:55226 - R:localhost/127.0.0.1:38631] for POST '/session/7ab9999954b16c1098fccc1542fdcf24/element'
13:41:10.853 [AsyncHttpClient-1-14] DEBUG org.asynchttpclient.netty.handler.HttpHandler - 

Request DefaultHttpRequest(decodeResult: success, version: HTTP/1.1)
POST /session/7ab9999954b16c1098fccc1542fdcf24/element HTTP/1.1
User-Agent: selenium/4.10.0 (java windows)
Content-Length: 78
Content-Type: application/json; charset=utf-8
host: localhost:38631
accept: */*

Response DefaultHttpResponse(decodeResult: success, version: HTTP/1.1)
HTTP/1.1 200 OK
Content-Length: 97
Content-Type: application/json; charset=utf-8
cache-control: no-cache

13:41:10.853 [AsyncHttpClient-1-14] DEBUG org.asynchttpclient.netty.channel.ChannelManager - Adding key: http://localhost:38631 for channel [id: 0xee676906, L:/127.0.0.1:55226 - R:localhost/127.0.0.1:38631]
13:41:10.854 [AsyncHttpClient-1-1] DEBUG org.asynchttpclient.netty.channel.DefaultChannelPool - Entry count for : http://localhost:38631 : 1
13:41:10.854 [Forwarding clickElement on session 7ab9999954b16c1098fccc1542fdcf24 to remote] DEBUG org.asynchttpclient.netty.request.NettyRequestSender - Using pooled Channel '[id: 0xee676906, L:/127.0.0.1:55226 - R:localhost/127.0.0.1:38631]' for 'POST' to 'http://localhost:38631/session/7ab9999954b16c1098fccc1542fdcf24/element/EAB41257BD1B74CC4C608D1589E4BF75_element_1072/click'
13:41:10.854 [Forwarding clickElement on session 7ab9999954b16c1098fccc1542fdcf24 to remote] DEBUG org.asynchttpclient.netty.request.NettyRequestSender - Using open Channel [id: 0xee676906, L:/127.0.0.1:55226 - R:localhost/127.0.0.1:38631] for POST '/session/7ab9999954b16c1098fccc1542fdcf24/element/EAB41257BD1B74CC4C608D1589E4BF75_element_1072/click'
13:41:10.887 [AsyncHttpClient-1-14] DEBUG org.asynchttpclient.netty.handler.HttpHandler - 

Request DefaultHttpRequest(decodeResult: success, version: HTTP/1.1)
POST /session/7ab9999954b16c1098fccc1542fdcf24/element/EAB41257BD1B74CC4C608D1589E4BF75_element_1072/click HTTP/1.1
User-Agent: selenium/4.10.0 (java windows)
Content-Length: 59
Content-Type: application/json; charset=utf-8
host: localhost:38631
accept: */*

Response DefaultHttpResponse(decodeResult: success, version: HTTP/1.1)
HTTP/1.1 200 OK
Content-Length: 14
Content-Type: application/json; charset=utf-8
cache-control: no-cache

13:41:10.887 [AsyncHttpClient-1-14] DEBUG org.asynchttpclient.netty.channel.ChannelManager - Adding key: http://localhost:38631 for channel [id: 0xee676906, L:/127.0.0.1:55226 - R:localhost/127.0.0.1:38631]
13:41:11.891 [Forwarding findElement on session 7ab9999954b16c1098fccc1542fdcf24 to remote] DEBUG org.asynchttpclient.netty.request.NettyRequestSender - Using pooled Channel '[id: 0xee676906, L:/127.0.0.1:55226 - R:localhost/127.0.0.1:38631]' for 'POST' to 'http://localhost:38631/session/7ab9999954b16c1098fccc1542fdcf24/element'
13:41:11.891 [Forwarding findElement on session 7ab9999954b16c1098fccc1542fdcf24 to remote] DEBUG org.asynchttpclient.netty.request.NettyRequestSender - Using open Channel [id: 0xee676906, L:/127.0.0.1:55226 - R:localhost/127.0.0.1:38631] for POST '/session/7ab9999954b16c1098fccc1542fdcf24/element'
13:41:11.901 [AsyncHttpClient-1-14] DEBUG org.asynchttpclient.netty.handler.HttpHandler - 

Request DefaultHttpRequest(decodeResult: success, version: HTTP/1.1)
POST /session/7ab9999954b16c1098fccc1542fdcf24/element HTTP/1.1
User-Agent: selenium/4.10.0 (java windows)
Content-Length: 144
Content-Type: application/json; charset=utf-8
host: localhost:38631
accept: */*

Response DefaultHttpResponse(decodeResult: success, version: HTTP/1.1)
HTTP/1.1 200 OK
Content-Length: 97
Content-Type: application/json; charset=utf-8
cache-control: no-cache

13:41:11.902 [AsyncHttpClient-1-14] DEBUG org.asynchttpclient.netty.channel.ChannelManager - Adding key: http://localhost:38631 for channel [id: 0xee676906, L:/127.0.0.1:55226 - R:localhost/127.0.0.1:38631]
13:41:11.903 [Forwarding isElementDisplayed on session 7ab9999954b16c1098fccc1542fdcf24 to remote] DEBUG org.asynchttpclient.netty.request.NettyRequestSender - Using pooled Channel '[id: 0xee676906, L:/127.0.0.1:55226 - R:localhost/127.0.0.1:38631]' for 'POST' to 'http://localhost:38631/session/7ab9999954b16c1098fccc1542fdcf24/execute/sync'
13:41:11.903 [Forwarding isElementDisplayed on session 7ab9999954b16c1098fccc1542fdcf24 to remote] DEBUG org.asynchttpclient.netty.request.NettyRequestSender - Using open Channel [id: 0xee676906, L:/127.0.0.1:55226 - R:localhost/127.0.0.1:38631] for POST '/session/7ab9999954b16c1098fccc1542fdcf24/execute/sync'
13:41:11.909 [AsyncHttpClient-1-14] DEBUG org.asynchttpclient.netty.handler.HttpHandler - 

Request DefaultHttpRequest(decodeResult: success, version: HTTP/1.1)
POST /session/7ab9999954b16c1098fccc1542fdcf24/execute/sync HTTP/1.1
User-Agent: selenium/4.10.0 (java windows)
Content-Length: 48816
Content-Type: application/json; charset=utf-8
host: localhost:38631
accept: */*

Response DefaultHttpResponse(decodeResult: success, version: HTTP/1.1)
HTTP/1.1 200 OK
Content-Length: 14
Content-Type: application/json; charset=utf-8
cache-control: no-cache

13:41:11.909 [AsyncHttpClient-1-14] DEBUG org.asynchttpclient.netty.channel.ChannelManager - Adding key: http://localhost:38631 for channel [id: 0xee676906, L:/127.0.0.1:55226 - R:localhost/127.0.0.1:38631]
[INFO ] 2023-07-31 13:41:11.910 [main] WebElementActions - Waiting for element to be clickable
13:41:11.910 [Forwarding findElement on session 7ab9999954b16c1098fccc1542fdcf24 to remote] DEBUG org.asynchttpclient.netty.request.NettyRequestSender - Using pooled Channel '[id: 0xee676906, L:/127.0.0.1:55226 - R:localhost/127.0.0.1:38631]' for 'POST' to 'http://localhost:38631/session/7ab9999954b16c1098fccc1542fdcf24/element'
13:41:11.910 [Forwarding findElement on session 7ab9999954b16c1098fccc1542fdcf24 to remote] DEBUG org.asynchttpclient.netty.request.NettyRequestSender - Using open Channel [id: 0xee676906, L:/127.0.0.1:55226 - R:localhost/127.0.0.1:38631] for POST '/session/7ab9999954b16c1098fccc1542fdcf24/element'
13:41:11.915 [AsyncHttpClient-1-14] DEBUG org.asynchttpclient.netty.handler.HttpHandler - 

Request DefaultHttpRequest(decodeResult: success, version: HTTP/1.1)
POST /session/7ab9999954b16c1098fccc1542fdcf24/element HTTP/1.1
User-Agent: selenium/4.10.0 (java windows)
Content-Length: 144
Content-Type: application/json; charset=utf-8
host: localhost:38631
accept: */*

Response DefaultHttpResponse(decodeResult: success, version: HTTP/1.1)
HTTP/1.1 200 OK
Content-Length: 97
Content-Type: application/json; charset=utf-8
cache-control: no-cache

13:41:11.915 [AsyncHttpClient-1-14] DEBUG org.asynchttpclient.netty.channel.ChannelManager - Adding key: http://localhost:38631 for channel [id: 0xee676906, L:/127.0.0.1:55226 - R:localhost/127.0.0.1:38631]
13:41:11.916 [Forwarding isElementDisplayed on session 7ab9999954b16c1098fccc1542fdcf24 to remote] DEBUG org.asynchttpclient.netty.request.NettyRequestSender - Using pooled Channel '[id: 0xee676906, L:/127.0.0.1:55226 - R:localhost/127.0.0.1:38631]' for 'POST' to 'http://localhost:38631/session/7ab9999954b16c1098fccc1542fdcf24/execute/sync'
13:41:11.916 [Forwarding isElementDisplayed on session 7ab9999954b16c1098fccc1542fdcf24 to remote] DEBUG org.asynchttpclient.netty.request.NettyRequestSender - Using open Channel [id: 0xee676906, L:/127.0.0.1:55226 - R:localhost/127.0.0.1:38631] for POST '/session/7ab9999954b16c1098fccc1542fdcf24/execute/sync'
13:41:11.922 [AsyncHttpClient-1-14] DEBUG org.asynchttpclient.netty.handler.HttpHandler - 

Request DefaultHttpRequest(decodeResult: success, version: HTTP/1.1)
POST /session/7ab9999954b16c1098fccc1542fdcf24/execute/sync HTTP/1.1
User-Agent: selenium/4.10.0 (java windows)
Content-Length: 48816
Content-Type: application/json; charset=utf-8
host: localhost:38631
accept: */*

Response DefaultHttpResponse(decodeResult: success, version: HTTP/1.1)
HTTP/1.1 200 OK
Content-Length: 14
Content-Type: application/json; charset=utf-8
cache-control: no-cache

13:41:11.922 [AsyncHttpClient-1-14] DEBUG org.asynchttpclient.netty.channel.ChannelManager - Adding key: http://localhost:38631 for channel [id: 0xee676906, L:/127.0.0.1:55226 - R:localhost/127.0.0.1:38631]
13:41:11.922 [Forwarding findElement on session 7ab9999954b16c1098fccc1542fdcf24 to remote] DEBUG org.asynchttpclient.netty.request.NettyRequestSender - Using pooled Channel '[id: 0xee676906, L:/127.0.0.1:55226 - R:localhost/127.0.0.1:38631]' for 'POST' to 'http://localhost:38631/session/7ab9999954b16c1098fccc1542fdcf24/element'
13:41:11.922 [Forwarding findElement on session 7ab9999954b16c1098fccc1542fdcf24 to remote] DEBUG org.asynchttpclient.netty.request.NettyRequestSender - Using open Channel [id: 0xee676906, L:/127.0.0.1:55226 - R:localhost/127.0.0.1:38631] for POST '/session/7ab9999954b16c1098fccc1542fdcf24/element'
13:41:11.927 [AsyncHttpClient-1-14] DEBUG org.asynchttpclient.netty.handler.HttpHandler - 

Request DefaultHttpRequest(decodeResult: success, version: HTTP/1.1)
POST /session/7ab9999954b16c1098fccc1542fdcf24/element HTTP/1.1
User-Agent: selenium/4.10.0 (java windows)
Content-Length: 144
Content-Type: application/json; charset=utf-8
host: localhost:38631
accept: */*

Response DefaultHttpResponse(decodeResult: success, version: HTTP/1.1)
HTTP/1.1 200 OK
Content-Length: 97
Content-Type: application/json; charset=utf-8
cache-control: no-cache

13:41:11.927 [AsyncHttpClient-1-14] DEBUG org.asynchttpclient.netty.channel.ChannelManager - Adding key: http://localhost:38631 for channel [id: 0xee676906, L:/127.0.0.1:55226 - R:localhost/127.0.0.1:38631]
13:41:11.928 [Forwarding isElementEnabled on session 7ab9999954b16c1098fccc1542fdcf24 to remote] DEBUG org.asynchttpclient.netty.request.NettyRequestSender - Using pooled Channel '[id: 0xee676906, L:/127.0.0.1:55226 - R:localhost/127.0.0.1:38631]' for 'GET' to 'http://localhost:38631/session/7ab9999954b16c1098fccc1542fdcf24/element/EAB41257BD1B74CC4C608D1589E4BF75_element_1076/enabled'
13:41:11.928 [Forwarding isElementEnabled on session 7ab9999954b16c1098fccc1542fdcf24 to remote] DEBUG org.asynchttpclient.netty.request.NettyRequestSender - Using open Channel [id: 0xee676906, L:/127.0.0.1:55226 - R:localhost/127.0.0.1:38631] for GET '/session/7ab9999954b16c1098fccc1542fdcf24/element/EAB41257BD1B74CC4C608D1589E4BF75_element_1076/enabled'
13:41:11.933 [AsyncHttpClient-1-14] DEBUG org.asynchttpclient.netty.handler.HttpHandler - 

Request DefaultFullHttpRequest(decodeResult: success, version: HTTP/1.1, content: EmptyByteBufBE)
GET /session/7ab9999954b16c1098fccc1542fdcf24/element/EAB41257BD1B74CC4C608D1589E4BF75_element_1076/enabled HTTP/1.1
Cache-Control: no-cache
User-Agent: selenium/4.10.0 (java windows)
Content-Type: application/json; charset=utf-8
host: localhost:38631
accept: */*

Response DefaultHttpResponse(decodeResult: success, version: HTTP/1.1)
HTTP/1.1 200 OK
Content-Length: 14
Content-Type: application/json; charset=utf-8
cache-control: no-cache

13:41:11.933 [AsyncHttpClient-1-14] DEBUG org.asynchttpclient.netty.channel.ChannelManager - Adding key: http://localhost:38631 for channel [id: 0xee676906, L:/127.0.0.1:55226 - R:localhost/127.0.0.1:38631]
[INFO ] 2023-07-31 13:41:11.933 [main] WebElementActions - Element is clickable
13:41:11.934 [Forwarding findElement on session 7ab9999954b16c1098fccc1542fdcf24 to remote] DEBUG org.asynchttpclient.netty.request.NettyRequestSender - Using pooled Channel '[id: 0xee676906, L:/127.0.0.1:55226 - R:localhost/127.0.0.1:38631]' for 'POST' to 'http://localhost:38631/session/7ab9999954b16c1098fccc1542fdcf24/element'
13:41:11.934 [Forwarding findElement on session 7ab9999954b16c1098fccc1542fdcf24 to remote] DEBUG org.asynchttpclient.netty.request.NettyRequestSender - Using open Channel [id: 0xee676906, L:/127.0.0.1:55226 - R:localhost/127.0.0.1:38631] for POST '/session/7ab9999954b16c1098fccc1542fdcf24/element'
13:41:11.938 [AsyncHttpClient-1-14] DEBUG org.asynchttpclient.netty.handler.HttpHandler - 

Request DefaultHttpRequest(decodeResult: success, version: HTTP/1.1)
POST /session/7ab9999954b16c1098fccc1542fdcf24/element HTTP/1.1
User-Agent: selenium/4.10.0 (java windows)
Content-Length: 144
Content-Type: application/json; charset=utf-8
host: localhost:38631
accept: */*

Response DefaultHttpResponse(decodeResult: success, version: HTTP/1.1)
HTTP/1.1 200 OK
Content-Length: 97
Content-Type: application/json; charset=utf-8
cache-control: no-cache

13:41:11.938 [AsyncHttpClient-1-14] DEBUG org.asynchttpclient.netty.channel.ChannelManager - Adding key: http://localhost:38631 for channel [id: 0xee676906, L:/127.0.0.1:55226 - R:localhost/127.0.0.1:38631]
13:41:11.940 [Forwarding isElementDisplayed on session 7ab9999954b16c1098fccc1542fdcf24 to remote] DEBUG org.asynchttpclient.netty.request.NettyRequestSender - Using pooled Channel '[id: 0xee676906, L:/127.0.0.1:55226 - R:localhost/127.0.0.1:38631]' for 'POST' to 'http://localhost:38631/session/7ab9999954b16c1098fccc1542fdcf24/execute/sync'
13:41:11.940 [Forwarding isElementDisplayed on session 7ab9999954b16c1098fccc1542fdcf24 to remote] DEBUG org.asynchttpclient.netty.request.NettyRequestSender - Using open Channel [id: 0xee676906, L:/127.0.0.1:55226 - R:localhost/127.0.0.1:38631] for POST '/session/7ab9999954b16c1098fccc1542fdcf24/execute/sync'
13:41:11.946 [AsyncHttpClient-1-14] DEBUG org.asynchttpclient.netty.handler.HttpHandler - 

Request DefaultHttpRequest(decodeResult: success, version: HTTP/1.1)
POST /session/7ab9999954b16c1098fccc1542fdcf24/execute/sync HTTP/1.1
User-Agent: selenium/4.10.0 (java windows)
Content-Length: 48816
Content-Type: application/json; charset=utf-8
host: localhost:38631
accept: */*

Response DefaultHttpResponse(decodeResult: success, version: HTTP/1.1)
HTTP/1.1 200 OK
Content-Length: 14
Content-Type: application/json; charset=utf-8
cache-control: no-cache

13:41:11.946 [AsyncHttpClient-1-14] DEBUG org.asynchttpclient.netty.channel.ChannelManager - Adding key: http://localhost:38631 for channel [id: 0xee676906, L:/127.0.0.1:55226 - R:localhost/127.0.0.1:38631]
13:41:11.947 [Forwarding findElement on session 7ab9999954b16c1098fccc1542fdcf24 to remote] DEBUG org.asynchttpclient.netty.request.NettyRequestSender - Using pooled Channel '[id: 0xee676906, L:/127.0.0.1:55226 - R:localhost/127.0.0.1:38631]' for 'POST' to 'http://localhost:38631/session/7ab9999954b16c1098fccc1542fdcf24/element'
13:41:11.947 [Forwarding findElement on session 7ab9999954b16c1098fccc1542fdcf24 to remote] DEBUG org.asynchttpclient.netty.request.NettyRequestSender - Using open Channel [id: 0xee676906, L:/127.0.0.1:55226 - R:localhost/127.0.0.1:38631] for POST '/session/7ab9999954b16c1098fccc1542fdcf24/element'
13:41:11.951 [AsyncHttpClient-1-14] DEBUG org.asynchttpclient.netty.handler.HttpHandler - 

Request DefaultHttpRequest(decodeResult: success, version: HTTP/1.1)
POST /session/7ab9999954b16c1098fccc1542fdcf24/element HTTP/1.1
User-Agent: selenium/4.10.0 (java windows)
Content-Length: 144
Content-Type: application/json; charset=utf-8
host: localhost:38631
accept: */*

Response DefaultHttpResponse(decodeResult: success, version: HTTP/1.1)
HTTP/1.1 200 OK
Content-Length: 97
Content-Type: application/json; charset=utf-8
cache-control: no-cache

13:41:11.952 [AsyncHttpClient-1-14] DEBUG org.asynchttpclient.netty.channel.ChannelManager - Adding key: http://localhost:38631 for channel [id: 0xee676906, L:/127.0.0.1:55226 - R:localhost/127.0.0.1:38631]
13:41:11.952 [Forwarding clickElement on session 7ab9999954b16c1098fccc1542fdcf24 to remote] DEBUG org.asynchttpclient.netty.request.NettyRequestSender - Using pooled Channel '[id: 0xee676906, L:/127.0.0.1:55226 - R:localhost/127.0.0.1:38631]' for 'POST' to 'http://localhost:38631/session/7ab9999954b16c1098fccc1542fdcf24/element/EAB41257BD1B74CC4C608D1589E4BF75_element_1076/click'
13:41:11.952 [Forwarding clickElement on session 7ab9999954b16c1098fccc1542fdcf24 to remote] DEBUG org.asynchttpclient.netty.request.NettyRequestSender - Using open Channel [id: 0xee676906, L:/127.0.0.1:55226 - R:localhost/127.0.0.1:38631] for POST '/session/7ab9999954b16c1098fccc1542fdcf24/element/EAB41257BD1B74CC4C608D1589E4BF75_element_1076/click'
13:41:11.989 [AsyncHttpClient-1-14] DEBUG org.asynchttpclient.netty.handler.HttpHandler - 

Request DefaultHttpRequest(decodeResult: success, version: HTTP/1.1)
POST /session/7ab9999954b16c1098fccc1542fdcf24/element/EAB41257BD1B74CC4C608D1589E4BF75_element_1076/click HTTP/1.1
User-Agent: selenium/4.10.0 (java windows)
Content-Length: 59
Content-Type: application/json; charset=utf-8
host: localhost:38631
accept: */*

Response DefaultHttpResponse(decodeResult: success, version: HTTP/1.1)
HTTP/1.1 200 OK
Content-Length: 14
Content-Type: application/json; charset=utf-8
cache-control: no-cache

13:41:11.989 [AsyncHttpClient-1-14] DEBUG org.asynchttpclient.netty.channel.ChannelManager - Adding key: http://localhost:38631 for channel [id: 0xee676906, L:/127.0.0.1:55226 - R:localhost/127.0.0.1:38631]
13:41:12.991 [Forwarding findElement on session 7ab9999954b16c1098fccc1542fdcf24 to remote] DEBUG org.asynchttpclient.netty.request.NettyRequestSender - Using pooled Channel '[id: 0xee676906, L:/127.0.0.1:55226 - R:localhost/127.0.0.1:38631]' for 'POST' to 'http://localhost:38631/session/7ab9999954b16c1098fccc1542fdcf24/element'
13:41:12.991 [Forwarding findElement on session 7ab9999954b16c1098fccc1542fdcf24 to remote] DEBUG org.asynchttpclient.netty.request.NettyRequestSender - Using open Channel [id: 0xee676906, L:/127.0.0.1:55226 - R:localhost/127.0.0.1:38631] for POST '/session/7ab9999954b16c1098fccc1542fdcf24/element'
13:41:12.997 [AsyncHttpClient-1-14] DEBUG org.asynchttpclient.netty.handler.HttpHandler - 

Request DefaultHttpRequest(decodeResult: success, version: HTTP/1.1)
POST /session/7ab9999954b16c1098fccc1542fdcf24/element HTTP/1.1
User-Agent: selenium/4.10.0 (java windows)
Content-Length: 78
Content-Type: application/json; charset=utf-8
host: localhost:38631
accept: */*

Response DefaultHttpResponse(decodeResult: success, version: HTTP/1.1)
HTTP/1.1 200 OK
Content-Length: 97
Content-Type: application/json; charset=utf-8
cache-control: no-cache

13:41:12.998 [AsyncHttpClient-1-14] DEBUG org.asynchttpclient.netty.channel.ChannelManager - Adding key: http://localhost:38631 for channel [id: 0xee676906, L:/127.0.0.1:55226 - R:localhost/127.0.0.1:38631]
13:41:12.999 [Forwarding isElementDisplayed on session 7ab9999954b16c1098fccc1542fdcf24 to remote] DEBUG org.asynchttpclient.netty.request.NettyRequestSender - Using pooled Channel '[id: 0xee676906, L:/127.0.0.1:55226 - R:localhost/127.0.0.1:38631]' for 'POST' to 'http://localhost:38631/session/7ab9999954b16c1098fccc1542fdcf24/execute/sync'
13:41:12.999 [Forwarding isElementDisplayed on session 7ab9999954b16c1098fccc1542fdcf24 to remote] DEBUG org.asynchttpclient.netty.request.NettyRequestSender - Using open Channel [id: 0xee676906, L:/127.0.0.1:55226 - R:localhost/127.0.0.1:38631] for POST '/session/7ab9999954b16c1098fccc1542fdcf24/execute/sync'
13:41:13.004 [AsyncHttpClient-1-14] DEBUG org.asynchttpclient.netty.handler.HttpHandler - 

Request DefaultHttpRequest(decodeResult: success, version: HTTP/1.1)
POST /session/7ab9999954b16c1098fccc1542fdcf24/execute/sync HTTP/1.1
User-Agent: selenium/4.10.0 (java windows)
Content-Length: 48816
Content-Type: application/json; charset=utf-8
host: localhost:38631
accept: */*

Response DefaultHttpResponse(decodeResult: success, version: HTTP/1.1)
HTTP/1.1 200 OK
Content-Length: 14
Content-Type: application/json; charset=utf-8
cache-control: no-cache

13:41:13.005 [AsyncHttpClient-1-14] DEBUG org.asynchttpclient.netty.channel.ChannelManager - Adding key: http://localhost:38631 for channel [id: 0xee676906, L:/127.0.0.1:55226 - R:localhost/127.0.0.1:38631]
[INFO ] 2023-07-31 13:41:13.005 [main] WebElementActions - Waiting for element to be clickable
13:41:13.005 [Forwarding findElement on session 7ab9999954b16c1098fccc1542fdcf24 to remote] DEBUG org.asynchttpclient.netty.request.NettyRequestSender - Using pooled Channel '[id: 0xee676906, L:/127.0.0.1:55226 - R:localhost/127.0.0.1:38631]' for 'POST' to 'http://localhost:38631/session/7ab9999954b16c1098fccc1542fdcf24/element'
13:41:13.005 [Forwarding findElement on session 7ab9999954b16c1098fccc1542fdcf24 to remote] DEBUG org.asynchttpclient.netty.request.NettyRequestSender - Using open Channel [id: 0xee676906, L:/127.0.0.1:55226 - R:localhost/127.0.0.1:38631] for POST '/session/7ab9999954b16c1098fccc1542fdcf24/element'
13:41:13.010 [AsyncHttpClient-1-14] DEBUG org.asynchttpclient.netty.handler.HttpHandler - 

Request DefaultHttpRequest(decodeResult: success, version: HTTP/1.1)
POST /session/7ab9999954b16c1098fccc1542fdcf24/element HTTP/1.1
User-Agent: selenium/4.10.0 (java windows)
Content-Length: 78
Content-Type: application/json; charset=utf-8
host: localhost:38631
accept: */*

Response DefaultHttpResponse(decodeResult: success, version: HTTP/1.1)
HTTP/1.1 200 OK
Content-Length: 97
Content-Type: application/json; charset=utf-8
cache-control: no-cache

13:41:13.010 [AsyncHttpClient-1-14] DEBUG org.asynchttpclient.netty.channel.ChannelManager - Adding key: http://localhost:38631 for channel [id: 0xee676906, L:/127.0.0.1:55226 - R:localhost/127.0.0.1:38631]
13:41:13.012 [Forwarding isElementDisplayed on session 7ab9999954b16c1098fccc1542fdcf24 to remote] DEBUG org.asynchttpclient.netty.request.NettyRequestSender - Using pooled Channel '[id: 0xee676906, L:/127.0.0.1:55226 - R:localhost/127.0.0.1:38631]' for 'POST' to 'http://localhost:38631/session/7ab9999954b16c1098fccc1542fdcf24/execute/sync'
13:41:13.012 [Forwarding isElementDisplayed on session 7ab9999954b16c1098fccc1542fdcf24 to remote] DEBUG org.asynchttpclient.netty.request.NettyRequestSender - Using open Channel [id: 0xee676906, L:/127.0.0.1:55226 - R:localhost/127.0.0.1:38631] for POST '/session/7ab9999954b16c1098fccc1542fdcf24/execute/sync'
13:41:13.018 [AsyncHttpClient-1-14] DEBUG org.asynchttpclient.netty.handler.HttpHandler - 

Request DefaultHttpRequest(decodeResult: success, version: HTTP/1.1)
POST /session/7ab9999954b16c1098fccc1542fdcf24/execute/sync HTTP/1.1
User-Agent: selenium/4.10.0 (java windows)
Content-Length: 48816
Content-Type: application/json; charset=utf-8
host: localhost:38631
accept: */*

Response DefaultHttpResponse(decodeResult: success, version: HTTP/1.1)
HTTP/1.1 200 OK
Content-Length: 14
Content-Type: application/json; charset=utf-8
cache-control: no-cache

13:41:13.018 [AsyncHttpClient-1-14] DEBUG org.asynchttpclient.netty.channel.ChannelManager - Adding key: http://localhost:38631 for channel [id: 0xee676906, L:/127.0.0.1:55226 - R:localhost/127.0.0.1:38631]
13:41:13.018 [Forwarding findElement on session 7ab9999954b16c1098fccc1542fdcf24 to remote] DEBUG org.asynchttpclient.netty.request.NettyRequestSender - Using pooled Channel '[id: 0xee676906, L:/127.0.0.1:55226 - R:localhost/127.0.0.1:38631]' for 'POST' to 'http://localhost:38631/session/7ab9999954b16c1098fccc1542fdcf24/element'
13:41:13.018 [Forwarding findElement on session 7ab9999954b16c1098fccc1542fdcf24 to remote] DEBUG org.asynchttpclient.netty.request.NettyRequestSender - Using open Channel [id: 0xee676906, L:/127.0.0.1:55226 - R:localhost/127.0.0.1:38631] for POST '/session/7ab9999954b16c1098fccc1542fdcf24/element'
13:41:13.023 [AsyncHttpClient-1-14] DEBUG org.asynchttpclient.netty.handler.HttpHandler - 

Request DefaultHttpRequest(decodeResult: success, version: HTTP/1.1)
POST /session/7ab9999954b16c1098fccc1542fdcf24/element HTTP/1.1
User-Agent: selenium/4.10.0 (java windows)
Content-Length: 78
Content-Type: application/json; charset=utf-8
host: localhost:38631
accept: */*

Response DefaultHttpResponse(decodeResult: success, version: HTTP/1.1)
HTTP/1.1 200 OK
Content-Length: 97
Content-Type: application/json; charset=utf-8
cache-control: no-cache

13:41:13.023 [AsyncHttpClient-1-14] DEBUG org.asynchttpclient.netty.channel.ChannelManager - Adding key: http://localhost:38631 for channel [id: 0xee676906, L:/127.0.0.1:55226 - R:localhost/127.0.0.1:38631]
13:41:13.023 [Forwarding isElementEnabled on session 7ab9999954b16c1098fccc1542fdcf24 to remote] DEBUG org.asynchttpclient.netty.request.NettyRequestSender - Using pooled Channel '[id: 0xee676906, L:/127.0.0.1:55226 - R:localhost/127.0.0.1:38631]' for 'GET' to 'http://localhost:38631/session/7ab9999954b16c1098fccc1542fdcf24/element/EAB41257BD1B74CC4C608D1589E4BF75_element_1079/enabled'
13:41:13.023 [Forwarding isElementEnabled on session 7ab9999954b16c1098fccc1542fdcf24 to remote] DEBUG org.asynchttpclient.netty.request.NettyRequestSender - Using open Channel [id: 0xee676906, L:/127.0.0.1:55226 - R:localhost/127.0.0.1:38631] for GET '/session/7ab9999954b16c1098fccc1542fdcf24/element/EAB41257BD1B74CC4C608D1589E4BF75_element_1079/enabled'
13:41:13.027 [AsyncHttpClient-1-14] DEBUG org.asynchttpclient.netty.handler.HttpHandler - 

Request DefaultFullHttpRequest(decodeResult: success, version: HTTP/1.1, content: EmptyByteBufBE)
GET /session/7ab9999954b16c1098fccc1542fdcf24/element/EAB41257BD1B74CC4C608D1589E4BF75_element_1079/enabled HTTP/1.1
Cache-Control: no-cache
User-Agent: selenium/4.10.0 (java windows)
Content-Type: application/json; charset=utf-8
host: localhost:38631
accept: */*

Response DefaultHttpResponse(decodeResult: success, version: HTTP/1.1)
HTTP/1.1 200 OK
Content-Length: 14
Content-Type: application/json; charset=utf-8
cache-control: no-cache

13:41:13.027 [AsyncHttpClient-1-14] DEBUG org.asynchttpclient.netty.channel.ChannelManager - Adding key: http://localhost:38631 for channel [id: 0xee676906, L:/127.0.0.1:55226 - R:localhost/127.0.0.1:38631]
[INFO ] 2023-07-31 13:41:13.027 [main] WebElementActions - Element is clickable
13:41:13.028 [Forwarding findElement on session 7ab9999954b16c1098fccc1542fdcf24 to remote] DEBUG org.asynchttpclient.netty.request.NettyRequestSender - Using pooled Channel '[id: 0xee676906, L:/127.0.0.1:55226 - R:localhost/127.0.0.1:38631]' for 'POST' to 'http://localhost:38631/session/7ab9999954b16c1098fccc1542fdcf24/element'
13:41:13.028 [Forwarding findElement on session 7ab9999954b16c1098fccc1542fdcf24 to remote] DEBUG org.asynchttpclient.netty.request.NettyRequestSender - Using open Channel [id: 0xee676906, L:/127.0.0.1:55226 - R:localhost/127.0.0.1:38631] for POST '/session/7ab9999954b16c1098fccc1542fdcf24/element'
13:41:13.033 [AsyncHttpClient-1-14] DEBUG org.asynchttpclient.netty.handler.HttpHandler - 

Request DefaultHttpRequest(decodeResult: success, version: HTTP/1.1)
POST /session/7ab9999954b16c1098fccc1542fdcf24/element HTTP/1.1
User-Agent: selenium/4.10.0 (java windows)
Content-Length: 78
Content-Type: application/json; charset=utf-8
host: localhost:38631
accept: */*

Response DefaultHttpResponse(decodeResult: success, version: HTTP/1.1)
HTTP/1.1 200 OK
Content-Length: 97
Content-Type: application/json; charset=utf-8
cache-control: no-cache

13:41:13.033 [AsyncHttpClient-1-14] DEBUG org.asynchttpclient.netty.channel.ChannelManager - Adding key: http://localhost:38631 for channel [id: 0xee676906, L:/127.0.0.1:55226 - R:localhost/127.0.0.1:38631]
13:41:13.034 [Forwarding isElementDisplayed on session 7ab9999954b16c1098fccc1542fdcf24 to remote] DEBUG org.asynchttpclient.netty.request.NettyRequestSender - Using pooled Channel '[id: 0xee676906, L:/127.0.0.1:55226 - R:localhost/127.0.0.1:38631]' for 'POST' to 'http://localhost:38631/session/7ab9999954b16c1098fccc1542fdcf24/execute/sync'
13:41:13.034 [Forwarding isElementDisplayed on session 7ab9999954b16c1098fccc1542fdcf24 to remote] DEBUG org.asynchttpclient.netty.request.NettyRequestSender - Using open Channel [id: 0xee676906, L:/127.0.0.1:55226 - R:localhost/127.0.0.1:38631] for POST '/session/7ab9999954b16c1098fccc1542fdcf24/execute/sync'
13:41:13.040 [AsyncHttpClient-1-14] DEBUG org.asynchttpclient.netty.handler.HttpHandler - 

Request DefaultHttpRequest(decodeResult: success, version: HTTP/1.1)
POST /session/7ab9999954b16c1098fccc1542fdcf24/execute/sync HTTP/1.1
User-Agent: selenium/4.10.0 (java windows)
Content-Length: 48816
Content-Type: application/json; charset=utf-8
host: localhost:38631
accept: */*

Response DefaultHttpResponse(decodeResult: success, version: HTTP/1.1)
HTTP/1.1 200 OK
Content-Length: 14
Content-Type: application/json; charset=utf-8
cache-control: no-cache

13:41:13.040 [AsyncHttpClient-1-14] DEBUG org.asynchttpclient.netty.channel.ChannelManager - Adding key: http://localhost:38631 for channel [id: 0xee676906, L:/127.0.0.1:55226 - R:localhost/127.0.0.1:38631]
13:41:13.041 [Forwarding findElement on session 7ab9999954b16c1098fccc1542fdcf24 to remote] DEBUG org.asynchttpclient.netty.request.NettyRequestSender - Using pooled Channel '[id: 0xee676906, L:/127.0.0.1:55226 - R:localhost/127.0.0.1:38631]' for 'POST' to 'http://localhost:38631/session/7ab9999954b16c1098fccc1542fdcf24/element'
13:41:13.041 [Forwarding findElement on session 7ab9999954b16c1098fccc1542fdcf24 to remote] DEBUG org.asynchttpclient.netty.request.NettyRequestSender - Using open Channel [id: 0xee676906, L:/127.0.0.1:55226 - R:localhost/127.0.0.1:38631] for POST '/session/7ab9999954b16c1098fccc1542fdcf24/element'
13:41:13.046 [AsyncHttpClient-1-14] DEBUG org.asynchttpclient.netty.handler.HttpHandler - 

Request DefaultHttpRequest(decodeResult: success, version: HTTP/1.1)
POST /session/7ab9999954b16c1098fccc1542fdcf24/element HTTP/1.1
User-Agent: selenium/4.10.0 (java windows)
Content-Length: 78
Content-Type: application/json; charset=utf-8
host: localhost:38631
accept: */*

Response DefaultHttpResponse(decodeResult: success, version: HTTP/1.1)
HTTP/1.1 200 OK
Content-Length: 97
Content-Type: application/json; charset=utf-8
cache-control: no-cache

13:41:13.046 [AsyncHttpClient-1-14] DEBUG org.asynchttpclient.netty.channel.ChannelManager - Adding key: http://localhost:38631 for channel [id: 0xee676906, L:/127.0.0.1:55226 - R:localhost/127.0.0.1:38631]
13:41:13.047 [Forwarding clickElement on session 7ab9999954b16c1098fccc1542fdcf24 to remote] DEBUG org.asynchttpclient.netty.request.NettyRequestSender - Using pooled Channel '[id: 0xee676906, L:/127.0.0.1:55226 - R:localhost/127.0.0.1:38631]' for 'POST' to 'http://localhost:38631/session/7ab9999954b16c1098fccc1542fdcf24/element/EAB41257BD1B74CC4C608D1589E4BF75_element_1079/click'
13:41:13.047 [Forwarding clickElement on session 7ab9999954b16c1098fccc1542fdcf24 to remote] DEBUG org.asynchttpclient.netty.request.NettyRequestSender - Using open Channel [id: 0xee676906, L:/127.0.0.1:55226 - R:localhost/127.0.0.1:38631] for POST '/session/7ab9999954b16c1098fccc1542fdcf24/element/EAB41257BD1B74CC4C608D1589E4BF75_element_1079/click'
13:41:13.078 [AsyncHttpClient-1-14] DEBUG org.asynchttpclient.netty.handler.HttpHandler - 

Request DefaultHttpRequest(decodeResult: success, version: HTTP/1.1)
POST /session/7ab9999954b16c1098fccc1542fdcf24/element/EAB41257BD1B74CC4C608D1589E4BF75_element_1079/click HTTP/1.1
User-Agent: selenium/4.10.0 (java windows)
Content-Length: 59
Content-Type: application/json; charset=utf-8
host: localhost:38631
accept: */*

Response DefaultHttpResponse(decodeResult: success, version: HTTP/1.1)
HTTP/1.1 200 OK
Content-Length: 14
Content-Type: application/json; charset=utf-8
cache-control: no-cache

13:41:13.078 [AsyncHttpClient-1-14] DEBUG org.asynchttpclient.netty.channel.ChannelManager - Adding key: http://localhost:38631 for channel [id: 0xee676906, L:/127.0.0.1:55226 - R:localhost/127.0.0.1:38631]
13:41:14.091 [Forwarding findElement on session 7ab9999954b16c1098fccc1542fdcf24 to remote] DEBUG org.asynchttpclient.netty.request.NettyRequestSender - Using pooled Channel '[id: 0xee676906, L:/127.0.0.1:55226 - R:localhost/127.0.0.1:38631]' for 'POST' to 'http://localhost:38631/session/7ab9999954b16c1098fccc1542fdcf24/element'
13:41:14.091 [Forwarding findElement on session 7ab9999954b16c1098fccc1542fdcf24 to remote] DEBUG org.asynchttpclient.netty.request.NettyRequestSender - Using open Channel [id: 0xee676906, L:/127.0.0.1:55226 - R:localhost/127.0.0.1:38631] for POST '/session/7ab9999954b16c1098fccc1542fdcf24/element'
13:41:14.100 [AsyncHttpClient-1-14] DEBUG org.asynchttpclient.netty.handler.HttpHandler - 

Request DefaultHttpRequest(decodeResult: success, version: HTTP/1.1)
POST /session/7ab9999954b16c1098fccc1542fdcf24/element HTTP/1.1
User-Agent: selenium/4.10.0 (java windows)
Content-Length: 103
Content-Type: application/json; charset=utf-8
host: localhost:38631
accept: */*

Response DefaultHttpResponse(decodeResult: success, version: HTTP/1.1)
HTTP/1.1 200 OK
Content-Length: 97
Content-Type: application/json; charset=utf-8
cache-control: no-cache

13:41:14.100 [AsyncHttpClient-1-14] DEBUG org.asynchttpclient.netty.channel.ChannelManager - Adding key: http://localhost:38631 for channel [id: 0xee676906, L:/127.0.0.1:55226 - R:localhost/127.0.0.1:38631]
13:41:14.101 [Forwarding isElementDisplayed on session 7ab9999954b16c1098fccc1542fdcf24 to remote] DEBUG org.asynchttpclient.netty.request.NettyRequestSender - Using pooled Channel '[id: 0xee676906, L:/127.0.0.1:55226 - R:localhost/127.0.0.1:38631]' for 'POST' to 'http://localhost:38631/session/7ab9999954b16c1098fccc1542fdcf24/execute/sync'
13:41:14.101 [Forwarding isElementDisplayed on session 7ab9999954b16c1098fccc1542fdcf24 to remote] DEBUG org.asynchttpclient.netty.request.NettyRequestSender - Using open Channel [id: 0xee676906, L:/127.0.0.1:55226 - R:localhost/127.0.0.1:38631] for POST '/session/7ab9999954b16c1098fccc1542fdcf24/execute/sync'
13:41:14.107 [AsyncHttpClient-1-14] DEBUG org.asynchttpclient.netty.handler.HttpHandler - 

Request DefaultHttpRequest(decodeResult: success, version: HTTP/1.1)
POST /session/7ab9999954b16c1098fccc1542fdcf24/execute/sync HTTP/1.1
User-Agent: selenium/4.10.0 (java windows)
Content-Length: 48816
Content-Type: application/json; charset=utf-8
host: localhost:38631
accept: */*

Response DefaultHttpResponse(decodeResult: success, version: HTTP/1.1)
HTTP/1.1 200 OK
Content-Length: 14
Content-Type: application/json; charset=utf-8
cache-control: no-cache

13:41:14.107 [AsyncHttpClient-1-14] DEBUG org.asynchttpclient.netty.channel.ChannelManager - Adding key: http://localhost:38631 for channel [id: 0xee676906, L:/127.0.0.1:55226 - R:localhost/127.0.0.1:38631]
13:41:14.108 [Forwarding findElement on session 7ab9999954b16c1098fccc1542fdcf24 to remote] DEBUG org.asynchttpclient.netty.request.NettyRequestSender - Using pooled Channel '[id: 0xee676906, L:/127.0.0.1:55226 - R:localhost/127.0.0.1:38631]' for 'POST' to 'http://localhost:38631/session/7ab9999954b16c1098fccc1542fdcf24/element'
13:41:14.108 [Forwarding findElement on session 7ab9999954b16c1098fccc1542fdcf24 to remote] DEBUG org.asynchttpclient.netty.request.NettyRequestSender - Using open Channel [id: 0xee676906, L:/127.0.0.1:55226 - R:localhost/127.0.0.1:38631] for POST '/session/7ab9999954b16c1098fccc1542fdcf24/element'
13:41:14.113 [AsyncHttpClient-1-14] DEBUG org.asynchttpclient.netty.handler.HttpHandler - 

Request DefaultHttpRequest(decodeResult: success, version: HTTP/1.1)
POST /session/7ab9999954b16c1098fccc1542fdcf24/element HTTP/1.1
User-Agent: selenium/4.10.0 (java windows)
Content-Length: 103
Content-Type: application/json; charset=utf-8
host: localhost:38631
accept: */*

Response DefaultHttpResponse(decodeResult: success, version: HTTP/1.1)
HTTP/1.1 200 OK
Content-Length: 97
Content-Type: application/json; charset=utf-8
cache-control: no-cache

13:41:14.113 [AsyncHttpClient-1-14] DEBUG org.asynchttpclient.netty.channel.ChannelManager - Adding key: http://localhost:38631 for channel [id: 0xee676906, L:/127.0.0.1:55226 - R:localhost/127.0.0.1:38631]
13:41:14.113 [Forwarding sendKeysToElement on session 7ab9999954b16c1098fccc1542fdcf24 to remote] DEBUG org.asynchttpclient.netty.request.NettyRequestSender - Using pooled Channel '[id: 0xee676906, L:/127.0.0.1:55226 - R:localhost/127.0.0.1:38631]' for 'POST' to 'http://localhost:38631/session/7ab9999954b16c1098fccc1542fdcf24/element/EAB41257BD1B74CC4C608D1589E4BF75_element_1084/value'
13:41:14.114 [Forwarding sendKeysToElement on session 7ab9999954b16c1098fccc1542fdcf24 to remote] DEBUG org.asynchttpclient.netty.request.NettyRequestSender - Using open Channel [id: 0xee676906, L:/127.0.0.1:55226 - R:localhost/127.0.0.1:38631] for POST '/session/7ab9999954b16c1098fccc1542fdcf24/element/EAB41257BD1B74CC4C608D1589E4BF75_element_1084/value'
13:41:14.143 [AsyncHttpClient-1-14] DEBUG org.asynchttpclient.netty.handler.HttpHandler - 

Request DefaultHttpRequest(decodeResult: success, version: HTTP/1.1)
POST /session/7ab9999954b16c1098fccc1542fdcf24/element/EAB41257BD1B74CC4C608D1589E4BF75_element_1084/value HTTP/1.1
User-Agent: selenium/4.10.0 (java windows)
Content-Length: 100
Content-Type: application/json; charset=utf-8
host: localhost:38631
accept: */*

Response DefaultHttpResponse(decodeResult: success, version: HTTP/1.1)
HTTP/1.1 200 OK
Content-Length: 14
Content-Type: application/json; charset=utf-8
cache-control: no-cache

13:41:14.144 [AsyncHttpClient-1-14] DEBUG org.asynchttpclient.netty.channel.ChannelManager - Adding key: http://localhost:38631 for channel [id: 0xee676906, L:/127.0.0.1:55226 - R:localhost/127.0.0.1:38631]
13:41:14.154 [AsyncHttpClient-1-1] DEBUG org.asynchttpclient.netty.channel.DefaultChannelPool - Entry count for : http://localhost:38631 : 1
13:41:15.154 [Forwarding findElement on session 7ab9999954b16c1098fccc1542fdcf24 to remote] DEBUG org.asynchttpclient.netty.request.NettyRequestSender - Using pooled Channel '[id: 0xee676906, L:/127.0.0.1:55226 - R:localhost/127.0.0.1:38631]' for 'POST' to 'http://localhost:38631/session/7ab9999954b16c1098fccc1542fdcf24/element'
13:41:15.154 [Forwarding findElement on session 7ab9999954b16c1098fccc1542fdcf24 to remote] DEBUG org.asynchttpclient.netty.request.NettyRequestSender - Using open Channel [id: 0xee676906, L:/127.0.0.1:55226 - R:localhost/127.0.0.1:38631] for POST '/session/7ab9999954b16c1098fccc1542fdcf24/element'
13:41:15.413 [AsyncHttpClient-1-14] DEBUG org.asynchttpclient.netty.handler.HttpHandler - 

Request DefaultHttpRequest(decodeResult: success, version: HTTP/1.1)
POST /session/7ab9999954b16c1098fccc1542fdcf24/element HTTP/1.1
User-Agent: selenium/4.10.0 (java windows)
Content-Length: 78
Content-Type: application/json; charset=utf-8
host: localhost:38631
accept: */*

Response DefaultHttpResponse(decodeResult: success, version: HTTP/1.1)
HTTP/1.1 200 OK
Content-Length: 97
Content-Type: application/json; charset=utf-8
cache-control: no-cache

13:41:15.413 [AsyncHttpClient-1-14] DEBUG org.asynchttpclient.netty.channel.ChannelManager - Adding key: http://localhost:38631 for channel [id: 0xee676906, L:/127.0.0.1:55226 - R:localhost/127.0.0.1:38631]
13:41:15.414 [Forwarding isElementDisplayed on session 7ab9999954b16c1098fccc1542fdcf24 to remote] DEBUG org.asynchttpclient.netty.request.NettyRequestSender - Using pooled Channel '[id: 0xee676906, L:/127.0.0.1:55226 - R:localhost/127.0.0.1:38631]' for 'POST' to 'http://localhost:38631/session/7ab9999954b16c1098fccc1542fdcf24/execute/sync'
13:41:15.414 [Forwarding isElementDisplayed on session 7ab9999954b16c1098fccc1542fdcf24 to remote] DEBUG org.asynchttpclient.netty.request.NettyRequestSender - Using open Channel [id: 0xee676906, L:/127.0.0.1:55226 - R:localhost/127.0.0.1:38631] for POST '/session/7ab9999954b16c1098fccc1542fdcf24/execute/sync'
13:41:15.421 [AsyncHttpClient-1-14] DEBUG org.asynchttpclient.netty.handler.HttpHandler - 

Request DefaultHttpRequest(decodeResult: success, version: HTTP/1.1)
POST /session/7ab9999954b16c1098fccc1542fdcf24/execute/sync HTTP/1.1
User-Agent: selenium/4.10.0 (java windows)
Content-Length: 48816
Content-Type: application/json; charset=utf-8
host: localhost:38631
accept: */*

Response DefaultHttpResponse(decodeResult: success, version: HTTP/1.1)
HTTP/1.1 200 OK
Content-Length: 14
Content-Type: application/json; charset=utf-8
cache-control: no-cache

13:41:15.421 [AsyncHttpClient-1-14] DEBUG org.asynchttpclient.netty.channel.ChannelManager - Adding key: http://localhost:38631 for channel [id: 0xee676906, L:/127.0.0.1:55226 - R:localhost/127.0.0.1:38631]
[INFO ] 2023-07-31 13:41:15.421 [main] WebElementActions - Waiting for element to be clickable
13:41:15.421 [Forwarding findElement on session 7ab9999954b16c1098fccc1542fdcf24 to remote] DEBUG org.asynchttpclient.netty.request.NettyRequestSender - Using pooled Channel '[id: 0xee676906, L:/127.0.0.1:55226 - R:localhost/127.0.0.1:38631]' for 'POST' to 'http://localhost:38631/session/7ab9999954b16c1098fccc1542fdcf24/element'
13:41:15.421 [Forwarding findElement on session 7ab9999954b16c1098fccc1542fdcf24 to remote] DEBUG org.asynchttpclient.netty.request.NettyRequestSender - Using open Channel [id: 0xee676906, L:/127.0.0.1:55226 - R:localhost/127.0.0.1:38631] for POST '/session/7ab9999954b16c1098fccc1542fdcf24/element'
13:41:15.428 [AsyncHttpClient-1-14] DEBUG org.asynchttpclient.netty.handler.HttpHandler - 

Request DefaultHttpRequest(decodeResult: success, version: HTTP/1.1)
POST /session/7ab9999954b16c1098fccc1542fdcf24/element HTTP/1.1
User-Agent: selenium/4.10.0 (java windows)
Content-Length: 78
Content-Type: application/json; charset=utf-8
host: localhost:38631
accept: */*

Response DefaultHttpResponse(decodeResult: success, version: HTTP/1.1)
HTTP/1.1 200 OK
Content-Length: 97
Content-Type: application/json; charset=utf-8
cache-control: no-cache

13:41:15.428 [AsyncHttpClient-1-14] DEBUG org.asynchttpclient.netty.channel.ChannelManager - Adding key: http://localhost:38631 for channel [id: 0xee676906, L:/127.0.0.1:55226 - R:localhost/127.0.0.1:38631]
13:41:15.429 [Forwarding isElementDisplayed on session 7ab9999954b16c1098fccc1542fdcf24 to remote] DEBUG org.asynchttpclient.netty.request.NettyRequestSender - Using pooled Channel '[id: 0xee676906, L:/127.0.0.1:55226 - R:localhost/127.0.0.1:38631]' for 'POST' to 'http://localhost:38631/session/7ab9999954b16c1098fccc1542fdcf24/execute/sync'
13:41:15.429 [Forwarding isElementDisplayed on session 7ab9999954b16c1098fccc1542fdcf24 to remote] DEBUG org.asynchttpclient.netty.request.NettyRequestSender - Using open Channel [id: 0xee676906, L:/127.0.0.1:55226 - R:localhost/127.0.0.1:38631] for POST '/session/7ab9999954b16c1098fccc1542fdcf24/execute/sync'
13:41:15.435 [AsyncHttpClient-1-14] DEBUG org.asynchttpclient.netty.handler.HttpHandler - 

Request DefaultHttpRequest(decodeResult: success, version: HTTP/1.1)
POST /session/7ab9999954b16c1098fccc1542fdcf24/execute/sync HTTP/1.1
User-Agent: selenium/4.10.0 (java windows)
Content-Length: 48816
Content-Type: application/json; charset=utf-8
host: localhost:38631
accept: */*

Response DefaultHttpResponse(decodeResult: success, version: HTTP/1.1)
HTTP/1.1 200 OK
Content-Length: 14
Content-Type: application/json; charset=utf-8
cache-control: no-cache

13:41:15.435 [AsyncHttpClient-1-14] DEBUG org.asynchttpclient.netty.channel.ChannelManager - Adding key: http://localhost:38631 for channel [id: 0xee676906, L:/127.0.0.1:55226 - R:localhost/127.0.0.1:38631]
13:41:15.436 [Forwarding findElement on session 7ab9999954b16c1098fccc1542fdcf24 to remote] DEBUG org.asynchttpclient.netty.request.NettyRequestSender - Using pooled Channel '[id: 0xee676906, L:/127.0.0.1:55226 - R:localhost/127.0.0.1:38631]' for 'POST' to 'http://localhost:38631/session/7ab9999954b16c1098fccc1542fdcf24/element'
13:41:15.436 [Forwarding findElement on session 7ab9999954b16c1098fccc1542fdcf24 to remote] DEBUG org.asynchttpclient.netty.request.NettyRequestSender - Using open Channel [id: 0xee676906, L:/127.0.0.1:55226 - R:localhost/127.0.0.1:38631] for POST '/session/7ab9999954b16c1098fccc1542fdcf24/element'
13:41:15.441 [AsyncHttpClient-1-14] DEBUG org.asynchttpclient.netty.handler.HttpHandler - 

Request DefaultHttpRequest(decodeResult: success, version: HTTP/1.1)
POST /session/7ab9999954b16c1098fccc1542fdcf24/element HTTP/1.1
User-Agent: selenium/4.10.0 (java windows)
Content-Length: 78
Content-Type: application/json; charset=utf-8
host: localhost:38631
accept: */*

Response DefaultHttpResponse(decodeResult: success, version: HTTP/1.1)
HTTP/1.1 200 OK
Content-Length: 97
Content-Type: application/json; charset=utf-8
cache-control: no-cache

13:41:15.441 [AsyncHttpClient-1-14] DEBUG org.asynchttpclient.netty.channel.ChannelManager - Adding key: http://localhost:38631 for channel [id: 0xee676906, L:/127.0.0.1:55226 - R:localhost/127.0.0.1:38631]
13:41:15.441 [Forwarding isElementEnabled on session 7ab9999954b16c1098fccc1542fdcf24 to remote] DEBUG org.asynchttpclient.netty.request.NettyRequestSender - Using pooled Channel '[id: 0xee676906, L:/127.0.0.1:55226 - R:localhost/127.0.0.1:38631]' for 'GET' to 'http://localhost:38631/session/7ab9999954b16c1098fccc1542fdcf24/element/EAB41257BD1B74CC4C608D1589E4BF75_element_1087/enabled'
13:41:15.441 [Forwarding isElementEnabled on session 7ab9999954b16c1098fccc1542fdcf24 to remote] DEBUG org.asynchttpclient.netty.request.NettyRequestSender - Using open Channel [id: 0xee676906, L:/127.0.0.1:55226 - R:localhost/127.0.0.1:38631] for GET '/session/7ab9999954b16c1098fccc1542fdcf24/element/EAB41257BD1B74CC4C608D1589E4BF75_element_1087/enabled'
13:41:15.446 [AsyncHttpClient-1-14] DEBUG org.asynchttpclient.netty.handler.HttpHandler - 

Request DefaultFullHttpRequest(decodeResult: success, version: HTTP/1.1, content: EmptyByteBufBE)
GET /session/7ab9999954b16c1098fccc1542fdcf24/element/EAB41257BD1B74CC4C608D1589E4BF75_element_1087/enabled HTTP/1.1
Cache-Control: no-cache
User-Agent: selenium/4.10.0 (java windows)
Content-Type: application/json; charset=utf-8
host: localhost:38631
accept: */*

Response DefaultHttpResponse(decodeResult: success, version: HTTP/1.1)
HTTP/1.1 200 OK
Content-Length: 14
Content-Type: application/json; charset=utf-8
cache-control: no-cache

13:41:15.446 [AsyncHttpClient-1-14] DEBUG org.asynchttpclient.netty.channel.ChannelManager - Adding key: http://localhost:38631 for channel [id: 0xee676906, L:/127.0.0.1:55226 - R:localhost/127.0.0.1:38631]
[INFO ] 2023-07-31 13:41:15.446 [main] WebElementActions - Element is clickable
13:41:15.447 [Forwarding findElement on session 7ab9999954b16c1098fccc1542fdcf24 to remote] DEBUG org.asynchttpclient.netty.request.NettyRequestSender - Using pooled Channel '[id: 0xee676906, L:/127.0.0.1:55226 - R:localhost/127.0.0.1:38631]' for 'POST' to 'http://localhost:38631/session/7ab9999954b16c1098fccc1542fdcf24/element'
13:41:15.447 [Forwarding findElement on session 7ab9999954b16c1098fccc1542fdcf24 to remote] DEBUG org.asynchttpclient.netty.request.NettyRequestSender - Using open Channel [id: 0xee676906, L:/127.0.0.1:55226 - R:localhost/127.0.0.1:38631] for POST '/session/7ab9999954b16c1098fccc1542fdcf24/element'
13:41:15.452 [AsyncHttpClient-1-14] DEBUG org.asynchttpclient.netty.handler.HttpHandler - 

Request DefaultHttpRequest(decodeResult: success, version: HTTP/1.1)
POST /session/7ab9999954b16c1098fccc1542fdcf24/element HTTP/1.1
User-Agent: selenium/4.10.0 (java windows)
Content-Length: 78
Content-Type: application/json; charset=utf-8
host: localhost:38631
accept: */*

Response DefaultHttpResponse(decodeResult: success, version: HTTP/1.1)
HTTP/1.1 200 OK
Content-Length: 97
Content-Type: application/json; charset=utf-8
cache-control: no-cache

13:41:15.452 [AsyncHttpClient-1-14] DEBUG org.asynchttpclient.netty.channel.ChannelManager - Adding key: http://localhost:38631 for channel [id: 0xee676906, L:/127.0.0.1:55226 - R:localhost/127.0.0.1:38631]
13:41:15.454 [Forwarding isElementDisplayed on session 7ab9999954b16c1098fccc1542fdcf24 to remote] DEBUG org.asynchttpclient.netty.request.NettyRequestSender - Using pooled Channel '[id: 0xee676906, L:/127.0.0.1:55226 - R:localhost/127.0.0.1:38631]' for 'POST' to 'http://localhost:38631/session/7ab9999954b16c1098fccc1542fdcf24/execute/sync'
13:41:15.454 [Forwarding isElementDisplayed on session 7ab9999954b16c1098fccc1542fdcf24 to remote] DEBUG org.asynchttpclient.netty.request.NettyRequestSender - Using open Channel [id: 0xee676906, L:/127.0.0.1:55226 - R:localhost/127.0.0.1:38631] for POST '/session/7ab9999954b16c1098fccc1542fdcf24/execute/sync'
13:41:15.460 [AsyncHttpClient-1-14] DEBUG org.asynchttpclient.netty.handler.HttpHandler - 

Request DefaultHttpRequest(decodeResult: success, version: HTTP/1.1)
POST /session/7ab9999954b16c1098fccc1542fdcf24/execute/sync HTTP/1.1
User-Agent: selenium/4.10.0 (java windows)
Content-Length: 48816
Content-Type: application/json; charset=utf-8
host: localhost:38631
accept: */*

Response DefaultHttpResponse(decodeResult: success, version: HTTP/1.1)
HTTP/1.1 200 OK
Content-Length: 14
Content-Type: application/json; charset=utf-8
cache-control: no-cache

13:41:15.460 [AsyncHttpClient-1-14] DEBUG org.asynchttpclient.netty.channel.ChannelManager - Adding key: http://localhost:38631 for channel [id: 0xee676906, L:/127.0.0.1:55226 - R:localhost/127.0.0.1:38631]
13:41:15.460 [Forwarding findElement on session 7ab9999954b16c1098fccc1542fdcf24 to remote] DEBUG org.asynchttpclient.netty.request.NettyRequestSender - Using pooled Channel '[id: 0xee676906, L:/127.0.0.1:55226 - R:localhost/127.0.0.1:38631]' for 'POST' to 'http://localhost:38631/session/7ab9999954b16c1098fccc1542fdcf24/element'
13:41:15.460 [Forwarding findElement on session 7ab9999954b16c1098fccc1542fdcf24 to remote] DEBUG org.asynchttpclient.netty.request.NettyRequestSender - Using open Channel [id: 0xee676906, L:/127.0.0.1:55226 - R:localhost/127.0.0.1:38631] for POST '/session/7ab9999954b16c1098fccc1542fdcf24/element'
13:41:15.465 [AsyncHttpClient-1-14] DEBUG org.asynchttpclient.netty.handler.HttpHandler - 

Request DefaultHttpRequest(decodeResult: success, version: HTTP/1.1)
POST /session/7ab9999954b16c1098fccc1542fdcf24/element HTTP/1.1
User-Agent: selenium/4.10.0 (java windows)
Content-Length: 78
Content-Type: application/json; charset=utf-8
host: localhost:38631
accept: */*

Response DefaultHttpResponse(decodeResult: success, version: HTTP/1.1)
HTTP/1.1 200 OK
Content-Length: 97
Content-Type: application/json; charset=utf-8
cache-control: no-cache

13:41:15.465 [AsyncHttpClient-1-14] DEBUG org.asynchttpclient.netty.channel.ChannelManager - Adding key: http://localhost:38631 for channel [id: 0xee676906, L:/127.0.0.1:55226 - R:localhost/127.0.0.1:38631]
13:41:15.466 [Forwarding clickElement on session 7ab9999954b16c1098fccc1542fdcf24 to remote] DEBUG org.asynchttpclient.netty.request.NettyRequestSender - Using pooled Channel '[id: 0xee676906, L:/127.0.0.1:55226 - R:localhost/127.0.0.1:38631]' for 'POST' to 'http://localhost:38631/session/7ab9999954b16c1098fccc1542fdcf24/element/EAB41257BD1B74CC4C608D1589E4BF75_element_1087/click'
13:41:15.466 [Forwarding clickElement on session 7ab9999954b16c1098fccc1542fdcf24 to remote] DEBUG org.asynchttpclient.netty.request.NettyRequestSender - Using open Channel [id: 0xee676906, L:/127.0.0.1:55226 - R:localhost/127.0.0.1:38631] for POST '/session/7ab9999954b16c1098fccc1542fdcf24/element/EAB41257BD1B74CC4C608D1589E4BF75_element_1087/click'
13:41:15.502 [AsyncHttpClient-1-14] DEBUG org.asynchttpclient.netty.handler.HttpHandler - 

Request DefaultHttpRequest(decodeResult: success, version: HTTP/1.1)
POST /session/7ab9999954b16c1098fccc1542fdcf24/element/EAB41257BD1B74CC4C608D1589E4BF75_element_1087/click HTTP/1.1
User-Agent: selenium/4.10.0 (java windows)
Content-Length: 59
Content-Type: application/json; charset=utf-8
host: localhost:38631
accept: */*

Response DefaultHttpResponse(decodeResult: success, version: HTTP/1.1)
HTTP/1.1 200 OK
Content-Length: 14
Content-Type: application/json; charset=utf-8
cache-control: no-cache

13:41:15.503 [AsyncHttpClient-1-14] DEBUG org.asynchttpclient.netty.channel.ChannelManager - Adding key: http://localhost:38631 for channel [id: 0xee676906, L:/127.0.0.1:55226 - R:localhost/127.0.0.1:38631]
13:41:16.353 [AsyncHttpClient-1-1] DEBUG org.asynchttpclient.netty.channel.DefaultChannelPool - Entry count for : http://localhost:38631 : 1
13:41:16.505 [Forwarding findElement on session 7ab9999954b16c1098fccc1542fdcf24 to remote] DEBUG org.asynchttpclient.netty.request.NettyRequestSender - Using pooled Channel '[id: 0xee676906, L:/127.0.0.1:55226 - R:localhost/127.0.0.1:38631]' for 'POST' to 'http://localhost:38631/session/7ab9999954b16c1098fccc1542fdcf24/element'
13:41:16.505 [Forwarding findElement on session 7ab9999954b16c1098fccc1542fdcf24 to remote] DEBUG org.asynchttpclient.netty.request.NettyRequestSender - Using open Channel [id: 0xee676906, L:/127.0.0.1:55226 - R:localhost/127.0.0.1:38631] for POST '/session/7ab9999954b16c1098fccc1542fdcf24/element'
13:41:16.514 [AsyncHttpClient-1-14] DEBUG org.asynchttpclient.netty.handler.HttpHandler - 

Request DefaultHttpRequest(decodeResult: success, version: HTTP/1.1)
POST /session/7ab9999954b16c1098fccc1542fdcf24/element HTTP/1.1
User-Agent: selenium/4.10.0 (java windows)
Content-Length: 100
Content-Type: application/json; charset=utf-8
host: localhost:38631
accept: */*

Response DefaultHttpResponse(decodeResult: success, version: HTTP/1.1)
HTTP/1.1 200 OK
Content-Length: 97
Content-Type: application/json; charset=utf-8
cache-control: no-cache

13:41:16.514 [AsyncHttpClient-1-14] DEBUG org.asynchttpclient.netty.channel.ChannelManager - Adding key: http://localhost:38631 for channel [id: 0xee676906, L:/127.0.0.1:55226 - R:localhost/127.0.0.1:38631]
13:41:16.516 [Forwarding isElementDisplayed on session 7ab9999954b16c1098fccc1542fdcf24 to remote] DEBUG org.asynchttpclient.netty.request.NettyRequestSender - Using pooled Channel '[id: 0xee676906, L:/127.0.0.1:55226 - R:localhost/127.0.0.1:38631]' for 'POST' to 'http://localhost:38631/session/7ab9999954b16c1098fccc1542fdcf24/execute/sync'
13:41:16.516 [Forwarding isElementDisplayed on session 7ab9999954b16c1098fccc1542fdcf24 to remote] DEBUG org.asynchttpclient.netty.request.NettyRequestSender - Using open Channel [id: 0xee676906, L:/127.0.0.1:55226 - R:localhost/127.0.0.1:38631] for POST '/session/7ab9999954b16c1098fccc1542fdcf24/execute/sync'
13:41:16.522 [AsyncHttpClient-1-14] DEBUG org.asynchttpclient.netty.handler.HttpHandler - 

Request DefaultHttpRequest(decodeResult: success, version: HTTP/1.1)
POST /session/7ab9999954b16c1098fccc1542fdcf24/execute/sync HTTP/1.1
User-Agent: selenium/4.10.0 (java windows)
Content-Length: 48816
Content-Type: application/json; charset=utf-8
host: localhost:38631
accept: */*

Response DefaultHttpResponse(decodeResult: success, version: HTTP/1.1)
HTTP/1.1 200 OK
Content-Length: 14
Content-Type: application/json; charset=utf-8
cache-control: no-cache

13:41:16.522 [AsyncHttpClient-1-14] DEBUG org.asynchttpclient.netty.channel.ChannelManager - Adding key: http://localhost:38631 for channel [id: 0xee676906, L:/127.0.0.1:55226 - R:localhost/127.0.0.1:38631]
13:41:16.522 [Forwarding findElement on session 7ab9999954b16c1098fccc1542fdcf24 to remote] DEBUG org.asynchttpclient.netty.request.NettyRequestSender - Using pooled Channel '[id: 0xee676906, L:/127.0.0.1:55226 - R:localhost/127.0.0.1:38631]' for 'POST' to 'http://localhost:38631/session/7ab9999954b16c1098fccc1542fdcf24/element'
13:41:16.522 [Forwarding findElement on session 7ab9999954b16c1098fccc1542fdcf24 to remote] DEBUG org.asynchttpclient.netty.request.NettyRequestSender - Using open Channel [id: 0xee676906, L:/127.0.0.1:55226 - R:localhost/127.0.0.1:38631] for POST '/session/7ab9999954b16c1098fccc1542fdcf24/element'
13:41:16.526 [AsyncHttpClient-1-14] DEBUG org.asynchttpclient.netty.handler.HttpHandler - 

Request DefaultHttpRequest(decodeResult: success, version: HTTP/1.1)
POST /session/7ab9999954b16c1098fccc1542fdcf24/element HTTP/1.1
User-Agent: selenium/4.10.0 (java windows)
Content-Length: 100
Content-Type: application/json; charset=utf-8
host: localhost:38631
accept: */*

Response DefaultHttpResponse(decodeResult: success, version: HTTP/1.1)
HTTP/1.1 200 OK
Content-Length: 97
Content-Type: application/json; charset=utf-8
cache-control: no-cache

13:41:16.526 [AsyncHttpClient-1-14] DEBUG org.asynchttpclient.netty.channel.ChannelManager - Adding key: http://localhost:38631 for channel [id: 0xee676906, L:/127.0.0.1:55226 - R:localhost/127.0.0.1:38631]
13:41:16.527 [Forwarding sendKeysToElement on session 7ab9999954b16c1098fccc1542fdcf24 to remote] DEBUG org.asynchttpclient.netty.request.NettyRequestSender - Using pooled Channel '[id: 0xee676906, L:/127.0.0.1:55226 - R:localhost/127.0.0.1:38631]' for 'POST' to 'http://localhost:38631/session/7ab9999954b16c1098fccc1542fdcf24/element/EAB41257BD1B74CC4C608D1589E4BF75_element_1090/value'
13:41:16.527 [Forwarding sendKeysToElement on session 7ab9999954b16c1098fccc1542fdcf24 to remote] DEBUG org.asynchttpclient.netty.request.NettyRequestSender - Using open Channel [id: 0xee676906, L:/127.0.0.1:55226 - R:localhost/127.0.0.1:38631] for POST '/session/7ab9999954b16c1098fccc1542fdcf24/element/EAB41257BD1B74CC4C608D1589E4BF75_element_1090/value'
13:41:16.607 [AsyncHttpClient-1-14] DEBUG org.asynchttpclient.netty.handler.HttpHandler - 

Request DefaultHttpRequest(decodeResult: success, version: HTTP/1.1)
POST /session/7ab9999954b16c1098fccc1542fdcf24/element/EAB41257BD1B74CC4C608D1589E4BF75_element_1090/value HTTP/1.1
User-Agent: selenium/4.10.0 (java windows)
Content-Length: 210
Content-Type: application/json; charset=utf-8
host: localhost:38631
accept: */*

Response DefaultHttpResponse(decodeResult: success, version: HTTP/1.1)
HTTP/1.1 200 OK
Content-Length: 14
Content-Type: application/json; charset=utf-8
cache-control: no-cache

13:41:16.607 [AsyncHttpClient-1-14] DEBUG org.asynchttpclient.netty.channel.ChannelManager - Adding key: http://localhost:38631 for channel [id: 0xee676906, L:/127.0.0.1:55226 - R:localhost/127.0.0.1:38631]
13:41:16.608 [Forwarding findElement on session 7ab9999954b16c1098fccc1542fdcf24 to remote] DEBUG org.asynchttpclient.netty.request.NettyRequestSender - Using pooled Channel '[id: 0xee676906, L:/127.0.0.1:55226 - R:localhost/127.0.0.1:38631]' for 'POST' to 'http://localhost:38631/session/7ab9999954b16c1098fccc1542fdcf24/element'
13:41:16.608 [Forwarding findElement on session 7ab9999954b16c1098fccc1542fdcf24 to remote] DEBUG org.asynchttpclient.netty.request.NettyRequestSender - Using open Channel [id: 0xee676906, L:/127.0.0.1:55226 - R:localhost/127.0.0.1:38631] for POST '/session/7ab9999954b16c1098fccc1542fdcf24/element'
13:41:16.627 [AsyncHttpClient-1-14] DEBUG org.asynchttpclient.netty.handler.HttpHandler - 

Request DefaultHttpRequest(decodeResult: success, version: HTTP/1.1)
POST /session/7ab9999954b16c1098fccc1542fdcf24/element HTTP/1.1
User-Agent: selenium/4.10.0 (java windows)
Content-Length: 100
Content-Type: application/json; charset=utf-8
host: localhost:38631
accept: */*

Response DefaultHttpResponse(decodeResult: success, version: HTTP/1.1)
HTTP/1.1 200 OK
Content-Length: 97
Content-Type: application/json; charset=utf-8
cache-control: no-cache

13:41:16.627 [AsyncHttpClient-1-14] DEBUG org.asynchttpclient.netty.channel.ChannelManager - Adding key: http://localhost:38631 for channel [id: 0xee676906, L:/127.0.0.1:55226 - R:localhost/127.0.0.1:38631]
13:41:16.629 [Forwarding isElementDisplayed on session 7ab9999954b16c1098fccc1542fdcf24 to remote] DEBUG org.asynchttpclient.netty.request.NettyRequestSender - Using pooled Channel '[id: 0xee676906, L:/127.0.0.1:55226 - R:localhost/127.0.0.1:38631]' for 'POST' to 'http://localhost:38631/session/7ab9999954b16c1098fccc1542fdcf24/execute/sync'
13:41:16.629 [Forwarding isElementDisplayed on session 7ab9999954b16c1098fccc1542fdcf24 to remote] DEBUG org.asynchttpclient.netty.request.NettyRequestSender - Using open Channel [id: 0xee676906, L:/127.0.0.1:55226 - R:localhost/127.0.0.1:38631] for POST '/session/7ab9999954b16c1098fccc1542fdcf24/execute/sync'
13:41:16.637 [AsyncHttpClient-1-14] DEBUG org.asynchttpclient.netty.handler.HttpHandler - 

Request DefaultHttpRequest(decodeResult: success, version: HTTP/1.1)
POST /session/7ab9999954b16c1098fccc1542fdcf24/execute/sync HTTP/1.1
User-Agent: selenium/4.10.0 (java windows)
Content-Length: 48816
Content-Type: application/json; charset=utf-8
host: localhost:38631
accept: */*

Response DefaultHttpResponse(decodeResult: success, version: HTTP/1.1)
HTTP/1.1 200 OK
Content-Length: 14
Content-Type: application/json; charset=utf-8
cache-control: no-cache

13:41:16.637 [AsyncHttpClient-1-14] DEBUG org.asynchttpclient.netty.channel.ChannelManager - Adding key: http://localhost:38631 for channel [id: 0xee676906, L:/127.0.0.1:55226 - R:localhost/127.0.0.1:38631]
13:41:16.637 [Forwarding findElement on session 7ab9999954b16c1098fccc1542fdcf24 to remote] DEBUG org.asynchttpclient.netty.request.NettyRequestSender - Using pooled Channel '[id: 0xee676906, L:/127.0.0.1:55226 - R:localhost/127.0.0.1:38631]' for 'POST' to 'http://localhost:38631/session/7ab9999954b16c1098fccc1542fdcf24/element'
13:41:16.637 [Forwarding findElement on session 7ab9999954b16c1098fccc1542fdcf24 to remote] DEBUG org.asynchttpclient.netty.request.NettyRequestSender - Using open Channel [id: 0xee676906, L:/127.0.0.1:55226 - R:localhost/127.0.0.1:38631] for POST '/session/7ab9999954b16c1098fccc1542fdcf24/element'
13:41:16.643 [AsyncHttpClient-1-14] DEBUG org.asynchttpclient.netty.handler.HttpHandler - 

Request DefaultHttpRequest(decodeResult: success, version: HTTP/1.1)
POST /session/7ab9999954b16c1098fccc1542fdcf24/element HTTP/1.1
User-Agent: selenium/4.10.0 (java windows)
Content-Length: 100
Content-Type: application/json; charset=utf-8
host: localhost:38631
accept: */*

Response DefaultHttpResponse(decodeResult: success, version: HTTP/1.1)
HTTP/1.1 200 OK
Content-Length: 97
Content-Type: application/json; charset=utf-8
cache-control: no-cache

13:41:16.643 [AsyncHttpClient-1-14] DEBUG org.asynchttpclient.netty.channel.ChannelManager - Adding key: http://localhost:38631 for channel [id: 0xee676906, L:/127.0.0.1:55226 - R:localhost/127.0.0.1:38631]
13:41:16.644 [Forwarding sendKeysToElement on session 7ab9999954b16c1098fccc1542fdcf24 to remote] DEBUG org.asynchttpclient.netty.request.NettyRequestSender - Using pooled Channel '[id: 0xee676906, L:/127.0.0.1:55226 - R:localhost/127.0.0.1:38631]' for 'POST' to 'http://localhost:38631/session/7ab9999954b16c1098fccc1542fdcf24/element/EAB41257BD1B74CC4C608D1589E4BF75_element_1091/value'
13:41:16.644 [Forwarding sendKeysToElement on session 7ab9999954b16c1098fccc1542fdcf24 to remote] DEBUG org.asynchttpclient.netty.request.NettyRequestSender - Using open Channel [id: 0xee676906, L:/127.0.0.1:55226 - R:localhost/127.0.0.1:38631] for POST '/session/7ab9999954b16c1098fccc1542fdcf24/element/EAB41257BD1B74CC4C608D1589E4BF75_element_1091/value'
13:41:16.765 [AsyncHttpClient-1-14] DEBUG org.asynchttpclient.netty.handler.HttpHandler - 

Request DefaultHttpRequest(decodeResult: success, version: HTTP/1.1)
POST /session/7ab9999954b16c1098fccc1542fdcf24/element/EAB41257BD1B74CC4C608D1589E4BF75_element_1091/value HTTP/1.1
User-Agent: selenium/4.10.0 (java windows)
Content-Length: 430
Content-Type: application/json; charset=utf-8
host: localhost:38631
accept: */*

Response DefaultHttpResponse(decodeResult: success, version: HTTP/1.1)
HTTP/1.1 200 OK
Content-Length: 14
Content-Type: application/json; charset=utf-8
cache-control: no-cache

13:41:16.765 [AsyncHttpClient-1-14] DEBUG org.asynchttpclient.netty.channel.ChannelManager - Adding key: http://localhost:38631 for channel [id: 0xee676906, L:/127.0.0.1:55226 - R:localhost/127.0.0.1:38631]
13:41:16.765 [Forwarding findElement on session 7ab9999954b16c1098fccc1542fdcf24 to remote] DEBUG org.asynchttpclient.netty.request.NettyRequestSender - Using pooled Channel '[id: 0xee676906, L:/127.0.0.1:55226 - R:localhost/127.0.0.1:38631]' for 'POST' to 'http://localhost:38631/session/7ab9999954b16c1098fccc1542fdcf24/element'
13:41:16.765 [Forwarding findElement on session 7ab9999954b16c1098fccc1542fdcf24 to remote] DEBUG org.asynchttpclient.netty.request.NettyRequestSender - Using open Channel [id: 0xee676906, L:/127.0.0.1:55226 - R:localhost/127.0.0.1:38631] for POST '/session/7ab9999954b16c1098fccc1542fdcf24/element'
13:41:16.774 [AsyncHttpClient-1-14] DEBUG org.asynchttpclient.netty.handler.HttpHandler - 

Request DefaultHttpRequest(decodeResult: success, version: HTTP/1.1)
POST /session/7ab9999954b16c1098fccc1542fdcf24/element HTTP/1.1
User-Agent: selenium/4.10.0 (java windows)
Content-Length: 100
Content-Type: application/json; charset=utf-8
host: localhost:38631
accept: */*

Response DefaultHttpResponse(decodeResult: success, version: HTTP/1.1)
HTTP/1.1 200 OK
Content-Length: 97
Content-Type: application/json; charset=utf-8
cache-control: no-cache

13:41:16.774 [AsyncHttpClient-1-14] DEBUG org.asynchttpclient.netty.channel.ChannelManager - Adding key: http://localhost:38631 for channel [id: 0xee676906, L:/127.0.0.1:55226 - R:localhost/127.0.0.1:38631]
13:41:16.775 [Forwarding isElementDisplayed on session 7ab9999954b16c1098fccc1542fdcf24 to remote] DEBUG org.asynchttpclient.netty.request.NettyRequestSender - Using pooled Channel '[id: 0xee676906, L:/127.0.0.1:55226 - R:localhost/127.0.0.1:38631]' for 'POST' to 'http://localhost:38631/session/7ab9999954b16c1098fccc1542fdcf24/execute/sync'
13:41:16.775 [Forwarding isElementDisplayed on session 7ab9999954b16c1098fccc1542fdcf24 to remote] DEBUG org.asynchttpclient.netty.request.NettyRequestSender - Using open Channel [id: 0xee676906, L:/127.0.0.1:55226 - R:localhost/127.0.0.1:38631] for POST '/session/7ab9999954b16c1098fccc1542fdcf24/execute/sync'
13:41:16.787 [AsyncHttpClient-1-14] DEBUG org.asynchttpclient.netty.handler.HttpHandler - 

Request DefaultHttpRequest(decodeResult: success, version: HTTP/1.1)
POST /session/7ab9999954b16c1098fccc1542fdcf24/execute/sync HTTP/1.1
User-Agent: selenium/4.10.0 (java windows)
Content-Length: 48816
Content-Type: application/json; charset=utf-8
host: localhost:38631
accept: */*

Response DefaultHttpResponse(decodeResult: success, version: HTTP/1.1)
HTTP/1.1 200 OK
Content-Length: 14
Content-Type: application/json; charset=utf-8
cache-control: no-cache

13:41:16.787 [AsyncHttpClient-1-14] DEBUG org.asynchttpclient.netty.channel.ChannelManager - Adding key: http://localhost:38631 for channel [id: 0xee676906, L:/127.0.0.1:55226 - R:localhost/127.0.0.1:38631]
13:41:16.787 [Forwarding findElement on session 7ab9999954b16c1098fccc1542fdcf24 to remote] DEBUG org.asynchttpclient.netty.request.NettyRequestSender - Using pooled Channel '[id: 0xee676906, L:/127.0.0.1:55226 - R:localhost/127.0.0.1:38631]' for 'POST' to 'http://localhost:38631/session/7ab9999954b16c1098fccc1542fdcf24/element'
13:41:16.787 [Forwarding findElement on session 7ab9999954b16c1098fccc1542fdcf24 to remote] DEBUG org.asynchttpclient.netty.request.NettyRequestSender - Using open Channel [id: 0xee676906, L:/127.0.0.1:55226 - R:localhost/127.0.0.1:38631] for POST '/session/7ab9999954b16c1098fccc1542fdcf24/element'
13:41:16.793 [AsyncHttpClient-1-14] DEBUG org.asynchttpclient.netty.handler.HttpHandler - 

Request DefaultHttpRequest(decodeResult: success, version: HTTP/1.1)
POST /session/7ab9999954b16c1098fccc1542fdcf24/element HTTP/1.1
User-Agent: selenium/4.10.0 (java windows)
Content-Length: 100
Content-Type: application/json; charset=utf-8
host: localhost:38631
accept: */*

Response DefaultHttpResponse(decodeResult: success, version: HTTP/1.1)
HTTP/1.1 200 OK
Content-Length: 97
Content-Type: application/json; charset=utf-8
cache-control: no-cache

13:41:16.793 [AsyncHttpClient-1-14] DEBUG org.asynchttpclient.netty.channel.ChannelManager - Adding key: http://localhost:38631 for channel [id: 0xee676906, L:/127.0.0.1:55226 - R:localhost/127.0.0.1:38631]
13:41:16.793 [Forwarding sendKeysToElement on session 7ab9999954b16c1098fccc1542fdcf24 to remote] DEBUG org.asynchttpclient.netty.request.NettyRequestSender - Using pooled Channel '[id: 0xee676906, L:/127.0.0.1:55226 - R:localhost/127.0.0.1:38631]' for 'POST' to 'http://localhost:38631/session/7ab9999954b16c1098fccc1542fdcf24/element/EAB41257BD1B74CC4C608D1589E4BF75_element_1093/value'
13:41:16.793 [Forwarding sendKeysToElement on session 7ab9999954b16c1098fccc1542fdcf24 to remote] DEBUG org.asynchttpclient.netty.request.NettyRequestSender - Using open Channel [id: 0xee676906, L:/127.0.0.1:55226 - R:localhost/127.0.0.1:38631] for POST '/session/7ab9999954b16c1098fccc1542fdcf24/element/EAB41257BD1B74CC4C608D1589E4BF75_element_1093/value'
13:41:16.851 [AsyncHttpClient-1-14] DEBUG org.asynchttpclient.netty.handler.HttpHandler - 

Request DefaultHttpRequest(decodeResult: success, version: HTTP/1.1)
POST /session/7ab9999954b16c1098fccc1542fdcf24/element/EAB41257BD1B74CC4C608D1589E4BF75_element_1093/value HTTP/1.1
User-Agent: selenium/4.10.0 (java windows)
Content-Length: 140
Content-Type: application/json; charset=utf-8
host: localhost:38631
accept: */*

Response DefaultHttpResponse(decodeResult: success, version: HTTP/1.1)
HTTP/1.1 200 OK
Content-Length: 14
Content-Type: application/json; charset=utf-8
cache-control: no-cache

13:41:16.851 [AsyncHttpClient-1-14] DEBUG org.asynchttpclient.netty.channel.ChannelManager - Adding key: http://localhost:38631 for channel [id: 0xee676906, L:/127.0.0.1:55226 - R:localhost/127.0.0.1:38631]
13:41:16.851 [Forwarding findElement on session 7ab9999954b16c1098fccc1542fdcf24 to remote] DEBUG org.asynchttpclient.netty.request.NettyRequestSender - Using pooled Channel '[id: 0xee676906, L:/127.0.0.1:55226 - R:localhost/127.0.0.1:38631]' for 'POST' to 'http://localhost:38631/session/7ab9999954b16c1098fccc1542fdcf24/element'
13:41:16.851 [Forwarding findElement on session 7ab9999954b16c1098fccc1542fdcf24 to remote] DEBUG org.asynchttpclient.netty.request.NettyRequestSender - Using open Channel [id: 0xee676906, L:/127.0.0.1:55226 - R:localhost/127.0.0.1:38631] for POST '/session/7ab9999954b16c1098fccc1542fdcf24/element'
13:41:16.862 [AsyncHttpClient-1-14] DEBUG org.asynchttpclient.netty.handler.HttpHandler - 

Request DefaultHttpRequest(decodeResult: success, version: HTTP/1.1)
POST /session/7ab9999954b16c1098fccc1542fdcf24/element HTTP/1.1
User-Agent: selenium/4.10.0 (java windows)
Content-Length: 100
Content-Type: application/json; charset=utf-8
host: localhost:38631
accept: */*

Response DefaultHttpResponse(decodeResult: success, version: HTTP/1.1)
HTTP/1.1 200 OK
Content-Length: 97
Content-Type: application/json; charset=utf-8
cache-control: no-cache

13:41:16.862 [AsyncHttpClient-1-14] DEBUG org.asynchttpclient.netty.channel.ChannelManager - Adding key: http://localhost:38631 for channel [id: 0xee676906, L:/127.0.0.1:55226 - R:localhost/127.0.0.1:38631]
13:41:16.864 [Forwarding isElementDisplayed on session 7ab9999954b16c1098fccc1542fdcf24 to remote] DEBUG org.asynchttpclient.netty.request.NettyRequestSender - Using pooled Channel '[id: 0xee676906, L:/127.0.0.1:55226 - R:localhost/127.0.0.1:38631]' for 'POST' to 'http://localhost:38631/session/7ab9999954b16c1098fccc1542fdcf24/execute/sync'
13:41:16.864 [Forwarding isElementDisplayed on session 7ab9999954b16c1098fccc1542fdcf24 to remote] DEBUG org.asynchttpclient.netty.request.NettyRequestSender - Using open Channel [id: 0xee676906, L:/127.0.0.1:55226 - R:localhost/127.0.0.1:38631] for POST '/session/7ab9999954b16c1098fccc1542fdcf24/execute/sync'
13:41:16.871 [AsyncHttpClient-1-14] DEBUG org.asynchttpclient.netty.handler.HttpHandler - 

Request DefaultHttpRequest(decodeResult: success, version: HTTP/1.1)
POST /session/7ab9999954b16c1098fccc1542fdcf24/execute/sync HTTP/1.1
User-Agent: selenium/4.10.0 (java windows)
Content-Length: 48816
Content-Type: application/json; charset=utf-8
host: localhost:38631
accept: */*

Response DefaultHttpResponse(decodeResult: success, version: HTTP/1.1)
HTTP/1.1 200 OK
Content-Length: 14
Content-Type: application/json; charset=utf-8
cache-control: no-cache

13:41:16.871 [AsyncHttpClient-1-14] DEBUG org.asynchttpclient.netty.channel.ChannelManager - Adding key: http://localhost:38631 for channel [id: 0xee676906, L:/127.0.0.1:55226 - R:localhost/127.0.0.1:38631]
13:41:16.871 [Forwarding findElement on session 7ab9999954b16c1098fccc1542fdcf24 to remote] DEBUG org.asynchttpclient.netty.request.NettyRequestSender - Using pooled Channel '[id: 0xee676906, L:/127.0.0.1:55226 - R:localhost/127.0.0.1:38631]' for 'POST' to 'http://localhost:38631/session/7ab9999954b16c1098fccc1542fdcf24/element'
13:41:16.871 [Forwarding findElement on session 7ab9999954b16c1098fccc1542fdcf24 to remote] DEBUG org.asynchttpclient.netty.request.NettyRequestSender - Using open Channel [id: 0xee676906, L:/127.0.0.1:55226 - R:localhost/127.0.0.1:38631] for POST '/session/7ab9999954b16c1098fccc1542fdcf24/element'
13:41:16.876 [AsyncHttpClient-1-14] DEBUG org.asynchttpclient.netty.handler.HttpHandler - 

Request DefaultHttpRequest(decodeResult: success, version: HTTP/1.1)
POST /session/7ab9999954b16c1098fccc1542fdcf24/element HTTP/1.1
User-Agent: selenium/4.10.0 (java windows)
Content-Length: 100
Content-Type: application/json; charset=utf-8
host: localhost:38631
accept: */*

Response DefaultHttpResponse(decodeResult: success, version: HTTP/1.1)
HTTP/1.1 200 OK
Content-Length: 97
Content-Type: application/json; charset=utf-8
cache-control: no-cache

13:41:16.876 [AsyncHttpClient-1-14] DEBUG org.asynchttpclient.netty.channel.ChannelManager - Adding key: http://localhost:38631 for channel [id: 0xee676906, L:/127.0.0.1:55226 - R:localhost/127.0.0.1:38631]
13:41:16.877 [Forwarding sendKeysToElement on session 7ab9999954b16c1098fccc1542fdcf24 to remote] DEBUG org.asynchttpclient.netty.request.NettyRequestSender - Using pooled Channel '[id: 0xee676906, L:/127.0.0.1:55226 - R:localhost/127.0.0.1:38631]' for 'POST' to 'http://localhost:38631/session/7ab9999954b16c1098fccc1542fdcf24/element/EAB41257BD1B74CC4C608D1589E4BF75_element_1095/value'
13:41:16.877 [Forwarding sendKeysToElement on session 7ab9999954b16c1098fccc1542fdcf24 to remote] DEBUG org.asynchttpclient.netty.request.NettyRequestSender - Using open Channel [id: 0xee676906, L:/127.0.0.1:55226 - R:localhost/127.0.0.1:38631] for POST '/session/7ab9999954b16c1098fccc1542fdcf24/element/EAB41257BD1B74CC4C608D1589E4BF75_element_1095/value'
13:41:16.910 [AsyncHttpClient-1-14] DEBUG org.asynchttpclient.netty.handler.HttpHandler - 

Request DefaultHttpRequest(decodeResult: success, version: HTTP/1.1)
POST /session/7ab9999954b16c1098fccc1542fdcf24/element/EAB41257BD1B74CC4C608D1589E4BF75_element_1095/value HTTP/1.1
User-Agent: selenium/4.10.0 (java windows)
Content-Length: 114
Content-Type: application/json; charset=utf-8
host: localhost:38631
accept: */*

Response DefaultHttpResponse(decodeResult: success, version: HTTP/1.1)
HTTP/1.1 200 OK
Content-Length: 14
Content-Type: application/json; charset=utf-8
cache-control: no-cache

13:41:16.910 [AsyncHttpClient-1-14] DEBUG org.asynchttpclient.netty.channel.ChannelManager - Adding key: http://localhost:38631 for channel [id: 0xee676906, L:/127.0.0.1:55226 - R:localhost/127.0.0.1:38631]
13:41:16.911 [Forwarding findElement on session 7ab9999954b16c1098fccc1542fdcf24 to remote] DEBUG org.asynchttpclient.netty.request.NettyRequestSender - Using pooled Channel '[id: 0xee676906, L:/127.0.0.1:55226 - R:localhost/127.0.0.1:38631]' for 'POST' to 'http://localhost:38631/session/7ab9999954b16c1098fccc1542fdcf24/element'
13:41:16.911 [Forwarding findElement on session 7ab9999954b16c1098fccc1542fdcf24 to remote] DEBUG org.asynchttpclient.netty.request.NettyRequestSender - Using open Channel [id: 0xee676906, L:/127.0.0.1:55226 - R:localhost/127.0.0.1:38631] for POST '/session/7ab9999954b16c1098fccc1542fdcf24/element'
13:41:16.919 [AsyncHttpClient-1-14] DEBUG org.asynchttpclient.netty.handler.HttpHandler - 

Request DefaultHttpRequest(decodeResult: success, version: HTTP/1.1)
POST /session/7ab9999954b16c1098fccc1542fdcf24/element HTTP/1.1
User-Agent: selenium/4.10.0 (java windows)
Content-Length: 100
Content-Type: application/json; charset=utf-8
host: localhost:38631
accept: */*

Response DefaultHttpResponse(decodeResult: success, version: HTTP/1.1)
HTTP/1.1 200 OK
Content-Length: 97
Content-Type: application/json; charset=utf-8
cache-control: no-cache

13:41:16.919 [AsyncHttpClient-1-14] DEBUG org.asynchttpclient.netty.channel.ChannelManager - Adding key: http://localhost:38631 for channel [id: 0xee676906, L:/127.0.0.1:55226 - R:localhost/127.0.0.1:38631]
13:41:16.920 [Forwarding sendKeysToElement on session 7ab9999954b16c1098fccc1542fdcf24 to remote] DEBUG org.asynchttpclient.netty.request.NettyRequestSender - Using pooled Channel '[id: 0xee676906, L:/127.0.0.1:55226 - R:localhost/127.0.0.1:38631]' for 'POST' to 'http://localhost:38631/session/7ab9999954b16c1098fccc1542fdcf24/element/EAB41257BD1B74CC4C608D1589E4BF75_element_1095/value'
13:41:16.920 [Forwarding sendKeysToElement on session 7ab9999954b16c1098fccc1542fdcf24 to remote] DEBUG org.asynchttpclient.netty.request.NettyRequestSender - Using open Channel [id: 0xee676906, L:/127.0.0.1:55226 - R:localhost/127.0.0.1:38631] for POST '/session/7ab9999954b16c1098fccc1542fdcf24/element/EAB41257BD1B74CC4C608D1589E4BF75_element_1095/value'
13:41:16.939 [AsyncHttpClient-1-14] DEBUG org.asynchttpclient.netty.handler.HttpHandler - 

Request DefaultHttpRequest(decodeResult: success, version: HTTP/1.1)
POST /session/7ab9999954b16c1098fccc1542fdcf24/element/EAB41257BD1B74CC4C608D1589E4BF75_element_1095/value HTTP/1.1
User-Agent: selenium/4.10.0 (java windows)
Content-Length: 104
Content-Type: application/json; charset=utf-8
host: localhost:38631
accept: */*

Response DefaultHttpResponse(decodeResult: success, version: HTTP/1.1)
HTTP/1.1 200 OK
Content-Length: 14
Content-Type: application/json; charset=utf-8
cache-control: no-cache

13:41:16.939 [AsyncHttpClient-1-14] DEBUG org.asynchttpclient.netty.channel.ChannelManager - Adding key: http://localhost:38631 for channel [id: 0xee676906, L:/127.0.0.1:55226 - R:localhost/127.0.0.1:38631]
13:41:16.939 [Forwarding findElement on session 7ab9999954b16c1098fccc1542fdcf24 to remote] DEBUG org.asynchttpclient.netty.request.NettyRequestSender - Using pooled Channel '[id: 0xee676906, L:/127.0.0.1:55226 - R:localhost/127.0.0.1:38631]' for 'POST' to 'http://localhost:38631/session/7ab9999954b16c1098fccc1542fdcf24/element'
13:41:16.940 [Forwarding findElement on session 7ab9999954b16c1098fccc1542fdcf24 to remote] DEBUG org.asynchttpclient.netty.request.NettyRequestSender - Using open Channel [id: 0xee676906, L:/127.0.0.1:55226 - R:localhost/127.0.0.1:38631] for POST '/session/7ab9999954b16c1098fccc1542fdcf24/element'
13:41:16.945 [AsyncHttpClient-1-14] DEBUG org.asynchttpclient.netty.handler.HttpHandler - 

Request DefaultHttpRequest(decodeResult: success, version: HTTP/1.1)
POST /session/7ab9999954b16c1098fccc1542fdcf24/element HTTP/1.1
User-Agent: selenium/4.10.0 (java windows)
Content-Length: 100
Content-Type: application/json; charset=utf-8
host: localhost:38631
accept: */*

Response DefaultHttpResponse(decodeResult: success, version: HTTP/1.1)
HTTP/1.1 200 OK
Content-Length: 97
Content-Type: application/json; charset=utf-8
cache-control: no-cache

13:41:16.945 [AsyncHttpClient-1-14] DEBUG org.asynchttpclient.netty.channel.ChannelManager - Adding key: http://localhost:38631 for channel [id: 0xee676906, L:/127.0.0.1:55226 - R:localhost/127.0.0.1:38631]
13:41:16.946 [Forwarding sendKeysToElement on session 7ab9999954b16c1098fccc1542fdcf24 to remote] DEBUG org.asynchttpclient.netty.request.NettyRequestSender - Using pooled Channel '[id: 0xee676906, L:/127.0.0.1:55226 - R:localhost/127.0.0.1:38631]' for 'POST' to 'http://localhost:38631/session/7ab9999954b16c1098fccc1542fdcf24/element/EAB41257BD1B74CC4C608D1589E4BF75_element_1095/value'
13:41:16.946 [Forwarding sendKeysToElement on session 7ab9999954b16c1098fccc1542fdcf24 to remote] DEBUG org.asynchttpclient.netty.request.NettyRequestSender - Using open Channel [id: 0xee676906, L:/127.0.0.1:55226 - R:localhost/127.0.0.1:38631] for POST '/session/7ab9999954b16c1098fccc1542fdcf24/element/EAB41257BD1B74CC4C608D1589E4BF75_element_1095/value'
13:41:17.006 [AsyncHttpClient-1-14] DEBUG org.asynchttpclient.netty.handler.HttpHandler - 

Request DefaultHttpRequest(decodeResult: success, version: HTTP/1.1)
POST /session/7ab9999954b16c1098fccc1542fdcf24/element/EAB41257BD1B74CC4C608D1589E4BF75_element_1095/value HTTP/1.1
User-Agent: selenium/4.10.0 (java windows)
Content-Length: 190
Content-Type: application/json; charset=utf-8
host: localhost:38631
accept: */*

Response DefaultHttpResponse(decodeResult: success, version: HTTP/1.1)
HTTP/1.1 200 OK
Content-Length: 14
Content-Type: application/json; charset=utf-8
cache-control: no-cache

13:41:17.006 [AsyncHttpClient-1-14] DEBUG org.asynchttpclient.netty.channel.ChannelManager - Adding key: http://localhost:38631 for channel [id: 0xee676906, L:/127.0.0.1:55226 - R:localhost/127.0.0.1:38631]
13:41:17.007 [Forwarding findElement on session 7ab9999954b16c1098fccc1542fdcf24 to remote] DEBUG org.asynchttpclient.netty.request.NettyRequestSender - Using pooled Channel '[id: 0xee676906, L:/127.0.0.1:55226 - R:localhost/127.0.0.1:38631]' for 'POST' to 'http://localhost:38631/session/7ab9999954b16c1098fccc1542fdcf24/element'
13:41:17.007 [Forwarding findElement on session 7ab9999954b16c1098fccc1542fdcf24 to remote] DEBUG org.asynchttpclient.netty.request.NettyRequestSender - Using open Channel [id: 0xee676906, L:/127.0.0.1:55226 - R:localhost/127.0.0.1:38631] for POST '/session/7ab9999954b16c1098fccc1542fdcf24/element'
13:41:17.016 [AsyncHttpClient-1-14] DEBUG org.asynchttpclient.netty.handler.HttpHandler - 

Request DefaultHttpRequest(decodeResult: success, version: HTTP/1.1)
POST /session/7ab9999954b16c1098fccc1542fdcf24/element HTTP/1.1
User-Agent: selenium/4.10.0 (java windows)
Content-Length: 100
Content-Type: application/json; charset=utf-8
host: localhost:38631
accept: */*

Response DefaultHttpResponse(decodeResult: success, version: HTTP/1.1)
HTTP/1.1 200 OK
Content-Length: 97
Content-Type: application/json; charset=utf-8
cache-control: no-cache

13:41:17.016 [AsyncHttpClient-1-14] DEBUG org.asynchttpclient.netty.channel.ChannelManager - Adding key: http://localhost:38631 for channel [id: 0xee676906, L:/127.0.0.1:55226 - R:localhost/127.0.0.1:38631]
13:41:17.017 [Forwarding isElementDisplayed on session 7ab9999954b16c1098fccc1542fdcf24 to remote] DEBUG org.asynchttpclient.netty.request.NettyRequestSender - Using pooled Channel '[id: 0xee676906, L:/127.0.0.1:55226 - R:localhost/127.0.0.1:38631]' for 'POST' to 'http://localhost:38631/session/7ab9999954b16c1098fccc1542fdcf24/execute/sync'
13:41:17.017 [Forwarding isElementDisplayed on session 7ab9999954b16c1098fccc1542fdcf24 to remote] DEBUG org.asynchttpclient.netty.request.NettyRequestSender - Using open Channel [id: 0xee676906, L:/127.0.0.1:55226 - R:localhost/127.0.0.1:38631] for POST '/session/7ab9999954b16c1098fccc1542fdcf24/execute/sync'
13:41:17.025 [AsyncHttpClient-1-14] DEBUG org.asynchttpclient.netty.handler.HttpHandler - 

Request DefaultHttpRequest(decodeResult: success, version: HTTP/1.1)
POST /session/7ab9999954b16c1098fccc1542fdcf24/execute/sync HTTP/1.1
User-Agent: selenium/4.10.0 (java windows)
Content-Length: 48816
Content-Type: application/json; charset=utf-8
host: localhost:38631
accept: */*

Response DefaultHttpResponse(decodeResult: success, version: HTTP/1.1)
HTTP/1.1 200 OK
Content-Length: 14
Content-Type: application/json; charset=utf-8
cache-control: no-cache

13:41:17.025 [AsyncHttpClient-1-14] DEBUG org.asynchttpclient.netty.channel.ChannelManager - Adding key: http://localhost:38631 for channel [id: 0xee676906, L:/127.0.0.1:55226 - R:localhost/127.0.0.1:38631]
13:41:17.025 [Forwarding findElement on session 7ab9999954b16c1098fccc1542fdcf24 to remote] DEBUG org.asynchttpclient.netty.request.NettyRequestSender - Using pooled Channel '[id: 0xee676906, L:/127.0.0.1:55226 - R:localhost/127.0.0.1:38631]' for 'POST' to 'http://localhost:38631/session/7ab9999954b16c1098fccc1542fdcf24/element'
13:41:17.025 [Forwarding findElement on session 7ab9999954b16c1098fccc1542fdcf24 to remote] DEBUG org.asynchttpclient.netty.request.NettyRequestSender - Using open Channel [id: 0xee676906, L:/127.0.0.1:55226 - R:localhost/127.0.0.1:38631] for POST '/session/7ab9999954b16c1098fccc1542fdcf24/element'
13:41:17.032 [AsyncHttpClient-1-14] DEBUG org.asynchttpclient.netty.handler.HttpHandler - 

Request DefaultHttpRequest(decodeResult: success, version: HTTP/1.1)
POST /session/7ab9999954b16c1098fccc1542fdcf24/element HTTP/1.1
User-Agent: selenium/4.10.0 (java windows)
Content-Length: 100
Content-Type: application/json; charset=utf-8
host: localhost:38631
accept: */*

Response DefaultHttpResponse(decodeResult: success, version: HTTP/1.1)
HTTP/1.1 200 OK
Content-Length: 97
Content-Type: application/json; charset=utf-8
cache-control: no-cache

13:41:17.032 [AsyncHttpClient-1-14] DEBUG org.asynchttpclient.netty.channel.ChannelManager - Adding key: http://localhost:38631 for channel [id: 0xee676906, L:/127.0.0.1:55226 - R:localhost/127.0.0.1:38631]
13:41:17.032 [Forwarding sendKeysToElement on session 7ab9999954b16c1098fccc1542fdcf24 to remote] DEBUG org.asynchttpclient.netty.request.NettyRequestSender - Using pooled Channel '[id: 0xee676906, L:/127.0.0.1:55226 - R:localhost/127.0.0.1:38631]' for 'POST' to 'http://localhost:38631/session/7ab9999954b16c1098fccc1542fdcf24/element/EAB41257BD1B74CC4C608D1589E4BF75_element_1097/value'
13:41:17.032 [Forwarding sendKeysToElement on session 7ab9999954b16c1098fccc1542fdcf24 to remote] DEBUG org.asynchttpclient.netty.request.NettyRequestSender - Using open Channel [id: 0xee676906, L:/127.0.0.1:55226 - R:localhost/127.0.0.1:38631] for POST '/session/7ab9999954b16c1098fccc1542fdcf24/element/EAB41257BD1B74CC4C608D1589E4BF75_element_1097/value'
13:41:17.070 [AsyncHttpClient-1-14] DEBUG org.asynchttpclient.netty.handler.HttpHandler - 

Request DefaultHttpRequest(decodeResult: success, version: HTTP/1.1)
POST /session/7ab9999954b16c1098fccc1542fdcf24/element/EAB41257BD1B74CC4C608D1589E4BF75_element_1097/value HTTP/1.1
User-Agent: selenium/4.10.0 (java windows)
Content-Length: 114
Content-Type: application/json; charset=utf-8
host: localhost:38631
accept: */*

Response DefaultHttpResponse(decodeResult: success, version: HTTP/1.1)
HTTP/1.1 200 OK
Content-Length: 14
Content-Type: application/json; charset=utf-8
cache-control: no-cache

13:41:17.070 [AsyncHttpClient-1-14] DEBUG org.asynchttpclient.netty.channel.ChannelManager - Adding key: http://localhost:38631 for channel [id: 0xee676906, L:/127.0.0.1:55226 - R:localhost/127.0.0.1:38631]
13:41:17.070 [Forwarding findElement on session 7ab9999954b16c1098fccc1542fdcf24 to remote] DEBUG org.asynchttpclient.netty.request.NettyRequestSender - Using pooled Channel '[id: 0xee676906, L:/127.0.0.1:55226 - R:localhost/127.0.0.1:38631]' for 'POST' to 'http://localhost:38631/session/7ab9999954b16c1098fccc1542fdcf24/element'
13:41:17.070 [Forwarding findElement on session 7ab9999954b16c1098fccc1542fdcf24 to remote] DEBUG org.asynchttpclient.netty.request.NettyRequestSender - Using open Channel [id: 0xee676906, L:/127.0.0.1:55226 - R:localhost/127.0.0.1:38631] for POST '/session/7ab9999954b16c1098fccc1542fdcf24/element'
13:41:17.076 [AsyncHttpClient-1-14] DEBUG org.asynchttpclient.netty.handler.HttpHandler - 

Request DefaultHttpRequest(decodeResult: success, version: HTTP/1.1)
POST /session/7ab9999954b16c1098fccc1542fdcf24/element HTTP/1.1
User-Agent: selenium/4.10.0 (java windows)
Content-Length: 100
Content-Type: application/json; charset=utf-8
host: localhost:38631
accept: */*

Response DefaultHttpResponse(decodeResult: success, version: HTTP/1.1)
HTTP/1.1 200 OK
Content-Length: 97
Content-Type: application/json; charset=utf-8
cache-control: no-cache

13:41:17.076 [AsyncHttpClient-1-14] DEBUG org.asynchttpclient.netty.channel.ChannelManager - Adding key: http://localhost:38631 for channel [id: 0xee676906, L:/127.0.0.1:55226 - R:localhost/127.0.0.1:38631]
13:41:17.077 [Forwarding sendKeysToElement on session 7ab9999954b16c1098fccc1542fdcf24 to remote] DEBUG org.asynchttpclient.netty.request.NettyRequestSender - Using pooled Channel '[id: 0xee676906, L:/127.0.0.1:55226 - R:localhost/127.0.0.1:38631]' for 'POST' to 'http://localhost:38631/session/7ab9999954b16c1098fccc1542fdcf24/element/EAB41257BD1B74CC4C608D1589E4BF75_element_1097/value'
13:41:17.077 [Forwarding sendKeysToElement on session 7ab9999954b16c1098fccc1542fdcf24 to remote] DEBUG org.asynchttpclient.netty.request.NettyRequestSender - Using open Channel [id: 0xee676906, L:/127.0.0.1:55226 - R:localhost/127.0.0.1:38631] for POST '/session/7ab9999954b16c1098fccc1542fdcf24/element/EAB41257BD1B74CC4C608D1589E4BF75_element_1097/value'
13:41:17.093 [AsyncHttpClient-1-14] DEBUG org.asynchttpclient.netty.handler.HttpHandler - 

Request DefaultHttpRequest(decodeResult: success, version: HTTP/1.1)
POST /session/7ab9999954b16c1098fccc1542fdcf24/element/EAB41257BD1B74CC4C608D1589E4BF75_element_1097/value HTTP/1.1
User-Agent: selenium/4.10.0 (java windows)
Content-Length: 104
Content-Type: application/json; charset=utf-8
host: localhost:38631
accept: */*

Response DefaultHttpResponse(decodeResult: success, version: HTTP/1.1)
HTTP/1.1 200 OK
Content-Length: 14
Content-Type: application/json; charset=utf-8
cache-control: no-cache

13:41:17.093 [AsyncHttpClient-1-14] DEBUG org.asynchttpclient.netty.channel.ChannelManager - Adding key: http://localhost:38631 for channel [id: 0xee676906, L:/127.0.0.1:55226 - R:localhost/127.0.0.1:38631]
13:41:17.094 [Forwarding findElement on session 7ab9999954b16c1098fccc1542fdcf24 to remote] DEBUG org.asynchttpclient.netty.request.NettyRequestSender - Using pooled Channel '[id: 0xee676906, L:/127.0.0.1:55226 - R:localhost/127.0.0.1:38631]' for 'POST' to 'http://localhost:38631/session/7ab9999954b16c1098fccc1542fdcf24/element'
13:41:17.094 [Forwarding findElement on session 7ab9999954b16c1098fccc1542fdcf24 to remote] DEBUG org.asynchttpclient.netty.request.NettyRequestSender - Using open Channel [id: 0xee676906, L:/127.0.0.1:55226 - R:localhost/127.0.0.1:38631] for POST '/session/7ab9999954b16c1098fccc1542fdcf24/element'
13:41:17.099 [AsyncHttpClient-1-14] DEBUG org.asynchttpclient.netty.handler.HttpHandler - 

Request DefaultHttpRequest(decodeResult: success, version: HTTP/1.1)
POST /session/7ab9999954b16c1098fccc1542fdcf24/element HTTP/1.1
User-Agent: selenium/4.10.0 (java windows)
Content-Length: 100
Content-Type: application/json; charset=utf-8
host: localhost:38631
accept: */*

Response DefaultHttpResponse(decodeResult: success, version: HTTP/1.1)
HTTP/1.1 200 OK
Content-Length: 97
Content-Type: application/json; charset=utf-8
cache-control: no-cache

13:41:17.099 [AsyncHttpClient-1-14] DEBUG org.asynchttpclient.netty.channel.ChannelManager - Adding key: http://localhost:38631 for channel [id: 0xee676906, L:/127.0.0.1:55226 - R:localhost/127.0.0.1:38631]
13:41:17.099 [Forwarding sendKeysToElement on session 7ab9999954b16c1098fccc1542fdcf24 to remote] DEBUG org.asynchttpclient.netty.request.NettyRequestSender - Using pooled Channel '[id: 0xee676906, L:/127.0.0.1:55226 - R:localhost/127.0.0.1:38631]' for 'POST' to 'http://localhost:38631/session/7ab9999954b16c1098fccc1542fdcf24/element/EAB41257BD1B74CC4C608D1589E4BF75_element_1097/value'
13:41:17.099 [Forwarding sendKeysToElement on session 7ab9999954b16c1098fccc1542fdcf24 to remote] DEBUG org.asynchttpclient.netty.request.NettyRequestSender - Using open Channel [id: 0xee676906, L:/127.0.0.1:55226 - R:localhost/127.0.0.1:38631] for POST '/session/7ab9999954b16c1098fccc1542fdcf24/element/EAB41257BD1B74CC4C608D1589E4BF75_element_1097/value'
13:41:17.158 [AsyncHttpClient-1-14] DEBUG org.asynchttpclient.netty.handler.HttpHandler - 

Request DefaultHttpRequest(decodeResult: success, version: HTTP/1.1)
POST /session/7ab9999954b16c1098fccc1542fdcf24/element/EAB41257BD1B74CC4C608D1589E4BF75_element_1097/value HTTP/1.1
User-Agent: selenium/4.10.0 (java windows)
Content-Length: 180
Content-Type: application/json; charset=utf-8
host: localhost:38631
accept: */*

Response DefaultHttpResponse(decodeResult: success, version: HTTP/1.1)
HTTP/1.1 200 OK
Content-Length: 14
Content-Type: application/json; charset=utf-8
cache-control: no-cache

13:41:17.158 [AsyncHttpClient-1-14] DEBUG org.asynchttpclient.netty.channel.ChannelManager - Adding key: http://localhost:38631 for channel [id: 0xee676906, L:/127.0.0.1:55226 - R:localhost/127.0.0.1:38631]
13:41:17.159 [Forwarding findElement on session 7ab9999954b16c1098fccc1542fdcf24 to remote] DEBUG org.asynchttpclient.netty.request.NettyRequestSender - Using pooled Channel '[id: 0xee676906, L:/127.0.0.1:55226 - R:localhost/127.0.0.1:38631]' for 'POST' to 'http://localhost:38631/session/7ab9999954b16c1098fccc1542fdcf24/element'
13:41:17.159 [Forwarding findElement on session 7ab9999954b16c1098fccc1542fdcf24 to remote] DEBUG org.asynchttpclient.netty.request.NettyRequestSender - Using open Channel [id: 0xee676906, L:/127.0.0.1:55226 - R:localhost/127.0.0.1:38631] for POST '/session/7ab9999954b16c1098fccc1542fdcf24/element'
13:41:17.174 [AsyncHttpClient-1-14] DEBUG org.asynchttpclient.netty.handler.HttpHandler - 

Request DefaultHttpRequest(decodeResult: success, version: HTTP/1.1)
POST /session/7ab9999954b16c1098fccc1542fdcf24/element HTTP/1.1
User-Agent: selenium/4.10.0 (java windows)
Content-Length: 80
Content-Type: application/json; charset=utf-8
host: localhost:38631
accept: */*

Response DefaultHttpResponse(decodeResult: success, version: HTTP/1.1)
HTTP/1.1 200 OK
Content-Length: 97
Content-Type: application/json; charset=utf-8
cache-control: no-cache

13:41:17.174 [AsyncHttpClient-1-14] DEBUG org.asynchttpclient.netty.channel.ChannelManager - Adding key: http://localhost:38631 for channel [id: 0xee676906, L:/127.0.0.1:55226 - R:localhost/127.0.0.1:38631]
13:41:17.176 [Forwarding isElementDisplayed on session 7ab9999954b16c1098fccc1542fdcf24 to remote] DEBUG org.asynchttpclient.netty.request.NettyRequestSender - Using pooled Channel '[id: 0xee676906, L:/127.0.0.1:55226 - R:localhost/127.0.0.1:38631]' for 'POST' to 'http://localhost:38631/session/7ab9999954b16c1098fccc1542fdcf24/execute/sync'
13:41:17.176 [Forwarding isElementDisplayed on session 7ab9999954b16c1098fccc1542fdcf24 to remote] DEBUG org.asynchttpclient.netty.request.NettyRequestSender - Using open Channel [id: 0xee676906, L:/127.0.0.1:55226 - R:localhost/127.0.0.1:38631] for POST '/session/7ab9999954b16c1098fccc1542fdcf24/execute/sync'
13:41:17.183 [AsyncHttpClient-1-14] DEBUG org.asynchttpclient.netty.handler.HttpHandler - 

Request DefaultHttpRequest(decodeResult: success, version: HTTP/1.1)
POST /session/7ab9999954b16c1098fccc1542fdcf24/execute/sync HTTP/1.1
User-Agent: selenium/4.10.0 (java windows)
Content-Length: 48816
Content-Type: application/json; charset=utf-8
host: localhost:38631
accept: */*

Response DefaultHttpResponse(decodeResult: success, version: HTTP/1.1)
HTTP/1.1 200 OK
Content-Length: 14
Content-Type: application/json; charset=utf-8
cache-control: no-cache

13:41:17.183 [AsyncHttpClient-1-14] DEBUG org.asynchttpclient.netty.channel.ChannelManager - Adding key: http://localhost:38631 for channel [id: 0xee676906, L:/127.0.0.1:55226 - R:localhost/127.0.0.1:38631]
13:41:17.183 [Forwarding findElement on session 7ab9999954b16c1098fccc1542fdcf24 to remote] DEBUG org.asynchttpclient.netty.request.NettyRequestSender - Using pooled Channel '[id: 0xee676906, L:/127.0.0.1:55226 - R:localhost/127.0.0.1:38631]' for 'POST' to 'http://localhost:38631/session/7ab9999954b16c1098fccc1542fdcf24/element'
13:41:17.183 [Forwarding findElement on session 7ab9999954b16c1098fccc1542fdcf24 to remote] DEBUG org.asynchttpclient.netty.request.NettyRequestSender - Using open Channel [id: 0xee676906, L:/127.0.0.1:55226 - R:localhost/127.0.0.1:38631] for POST '/session/7ab9999954b16c1098fccc1542fdcf24/element'
13:41:17.188 [AsyncHttpClient-1-14] DEBUG org.asynchttpclient.netty.handler.HttpHandler - 

Request DefaultHttpRequest(decodeResult: success, version: HTTP/1.1)
POST /session/7ab9999954b16c1098fccc1542fdcf24/element HTTP/1.1
User-Agent: selenium/4.10.0 (java windows)
Content-Length: 80
Content-Type: application/json; charset=utf-8
host: localhost:38631
accept: */*

Response DefaultHttpResponse(decodeResult: success, version: HTTP/1.1)
HTTP/1.1 200 OK
Content-Length: 97
Content-Type: application/json; charset=utf-8
cache-control: no-cache

13:41:17.189 [AsyncHttpClient-1-14] DEBUG org.asynchttpclient.netty.channel.ChannelManager - Adding key: http://localhost:38631 for channel [id: 0xee676906, L:/127.0.0.1:55226 - R:localhost/127.0.0.1:38631]
13:41:17.189 [Forwarding sendKeysToElement on session 7ab9999954b16c1098fccc1542fdcf24 to remote] DEBUG org.asynchttpclient.netty.request.NettyRequestSender - Using pooled Channel '[id: 0xee676906, L:/127.0.0.1:55226 - R:localhost/127.0.0.1:38631]' for 'POST' to 'http://localhost:38631/session/7ab9999954b16c1098fccc1542fdcf24/element/EAB41257BD1B74CC4C608D1589E4BF75_element_1099/value'
13:41:17.189 [Forwarding sendKeysToElement on session 7ab9999954b16c1098fccc1542fdcf24 to remote] DEBUG org.asynchttpclient.netty.request.NettyRequestSender - Using open Channel [id: 0xee676906, L:/127.0.0.1:55226 - R:localhost/127.0.0.1:38631] for POST '/session/7ab9999954b16c1098fccc1542fdcf24/element/EAB41257BD1B74CC4C608D1589E4BF75_element_1099/value'
13:41:17.242 [AsyncHttpClient-1-14] DEBUG org.asynchttpclient.netty.handler.HttpHandler - 

Request DefaultHttpRequest(decodeResult: success, version: HTTP/1.1)
POST /session/7ab9999954b16c1098fccc1542fdcf24/element/EAB41257BD1B74CC4C608D1589E4BF75_element_1099/value HTTP/1.1
User-Agent: selenium/4.10.0 (java windows)
Content-Length: 110
Content-Type: application/json; charset=utf-8
host: localhost:38631
accept: */*

Response DefaultHttpResponse(decodeResult: success, version: HTTP/1.1)
HTTP/1.1 200 OK
Content-Length: 14
Content-Type: application/json; charset=utf-8
cache-control: no-cache

13:41:17.242 [AsyncHttpClient-1-14] DEBUG org.asynchttpclient.netty.channel.ChannelManager - Adding key: http://localhost:38631 for channel [id: 0xee676906, L:/127.0.0.1:55226 - R:localhost/127.0.0.1:38631]
13:41:17.243 [Forwarding findElement on session 7ab9999954b16c1098fccc1542fdcf24 to remote] DEBUG org.asynchttpclient.netty.request.NettyRequestSender - Using pooled Channel '[id: 0xee676906, L:/127.0.0.1:55226 - R:localhost/127.0.0.1:38631]' for 'POST' to 'http://localhost:38631/session/7ab9999954b16c1098fccc1542fdcf24/element'
13:41:17.243 [Forwarding findElement on session 7ab9999954b16c1098fccc1542fdcf24 to remote] DEBUG org.asynchttpclient.netty.request.NettyRequestSender - Using open Channel [id: 0xee676906, L:/127.0.0.1:55226 - R:localhost/127.0.0.1:38631] for POST '/session/7ab9999954b16c1098fccc1542fdcf24/element'
13:41:17.251 [AsyncHttpClient-1-14] DEBUG org.asynchttpclient.netty.handler.HttpHandler - 

Request DefaultHttpRequest(decodeResult: success, version: HTTP/1.1)
POST /session/7ab9999954b16c1098fccc1542fdcf24/element HTTP/1.1
User-Agent: selenium/4.10.0 (java windows)
Content-Length: 103
Content-Type: application/json; charset=utf-8
host: localhost:38631
accept: */*

Response DefaultHttpResponse(decodeResult: success, version: HTTP/1.1)
HTTP/1.1 200 OK
Content-Length: 97
Content-Type: application/json; charset=utf-8
cache-control: no-cache

13:41:17.251 [AsyncHttpClient-1-14] DEBUG org.asynchttpclient.netty.channel.ChannelManager - Adding key: http://localhost:38631 for channel [id: 0xee676906, L:/127.0.0.1:55226 - R:localhost/127.0.0.1:38631]
13:41:17.253 [Forwarding isElementDisplayed on session 7ab9999954b16c1098fccc1542fdcf24 to remote] DEBUG org.asynchttpclient.netty.request.NettyRequestSender - Using pooled Channel '[id: 0xee676906, L:/127.0.0.1:55226 - R:localhost/127.0.0.1:38631]' for 'POST' to 'http://localhost:38631/session/7ab9999954b16c1098fccc1542fdcf24/execute/sync'
13:41:17.253 [Forwarding isElementDisplayed on session 7ab9999954b16c1098fccc1542fdcf24 to remote] DEBUG org.asynchttpclient.netty.request.NettyRequestSender - Using open Channel [id: 0xee676906, L:/127.0.0.1:55226 - R:localhost/127.0.0.1:38631] for POST '/session/7ab9999954b16c1098fccc1542fdcf24/execute/sync'
13:41:17.258 [AsyncHttpClient-1-14] DEBUG org.asynchttpclient.netty.handler.HttpHandler - 

Request DefaultHttpRequest(decodeResult: success, version: HTTP/1.1)
POST /session/7ab9999954b16c1098fccc1542fdcf24/execute/sync HTTP/1.1
User-Agent: selenium/4.10.0 (java windows)
Content-Length: 48816
Content-Type: application/json; charset=utf-8
host: localhost:38631
accept: */*

Response DefaultHttpResponse(decodeResult: success, version: HTTP/1.1)
HTTP/1.1 200 OK
Content-Length: 14
Content-Type: application/json; charset=utf-8
cache-control: no-cache

13:41:17.258 [AsyncHttpClient-1-14] DEBUG org.asynchttpclient.netty.channel.ChannelManager - Adding key: http://localhost:38631 for channel [id: 0xee676906, L:/127.0.0.1:55226 - R:localhost/127.0.0.1:38631]
13:41:17.259 [Forwarding findElement on session 7ab9999954b16c1098fccc1542fdcf24 to remote] DEBUG org.asynchttpclient.netty.request.NettyRequestSender - Using pooled Channel '[id: 0xee676906, L:/127.0.0.1:55226 - R:localhost/127.0.0.1:38631]' for 'POST' to 'http://localhost:38631/session/7ab9999954b16c1098fccc1542fdcf24/element'
13:41:17.259 [Forwarding findElement on session 7ab9999954b16c1098fccc1542fdcf24 to remote] DEBUG org.asynchttpclient.netty.request.NettyRequestSender - Using open Channel [id: 0xee676906, L:/127.0.0.1:55226 - R:localhost/127.0.0.1:38631] for POST '/session/7ab9999954b16c1098fccc1542fdcf24/element'
13:41:17.265 [AsyncHttpClient-1-14] DEBUG org.asynchttpclient.netty.handler.HttpHandler - 

Request DefaultHttpRequest(decodeResult: success, version: HTTP/1.1)
POST /session/7ab9999954b16c1098fccc1542fdcf24/element HTTP/1.1
User-Agent: selenium/4.10.0 (java windows)
Content-Length: 103
Content-Type: application/json; charset=utf-8
host: localhost:38631
accept: */*

Response DefaultHttpResponse(decodeResult: success, version: HTTP/1.1)
HTTP/1.1 200 OK
Content-Length: 97
Content-Type: application/json; charset=utf-8
cache-control: no-cache

13:41:17.265 [AsyncHttpClient-1-14] DEBUG org.asynchttpclient.netty.channel.ChannelManager - Adding key: http://localhost:38631 for channel [id: 0xee676906, L:/127.0.0.1:55226 - R:localhost/127.0.0.1:38631]
13:41:17.265 [Forwarding sendKeysToElement on session 7ab9999954b16c1098fccc1542fdcf24 to remote] DEBUG org.asynchttpclient.netty.request.NettyRequestSender - Using pooled Channel '[id: 0xee676906, L:/127.0.0.1:55226 - R:localhost/127.0.0.1:38631]' for 'POST' to 'http://localhost:38631/session/7ab9999954b16c1098fccc1542fdcf24/element/EAB41257BD1B74CC4C608D1589E4BF75_element_1114/value'
13:41:17.265 [Forwarding sendKeysToElement on session 7ab9999954b16c1098fccc1542fdcf24 to remote] DEBUG org.asynchttpclient.netty.request.NettyRequestSender - Using open Channel [id: 0xee676906, L:/127.0.0.1:55226 - R:localhost/127.0.0.1:38631] for POST '/session/7ab9999954b16c1098fccc1542fdcf24/element/EAB41257BD1B74CC4C608D1589E4BF75_element_1114/value'
13:41:17.301 [AsyncHttpClient-1-14] DEBUG org.asynchttpclient.netty.handler.HttpHandler - 

Request DefaultHttpRequest(decodeResult: success, version: HTTP/1.1)
POST /session/7ab9999954b16c1098fccc1542fdcf24/element/EAB41257BD1B74CC4C608D1589E4BF75_element_1114/value HTTP/1.1
User-Agent: selenium/4.10.0 (java windows)
Content-Length: 100
Content-Type: application/json; charset=utf-8
host: localhost:38631
accept: */*

Response DefaultHttpResponse(decodeResult: success, version: HTTP/1.1)
HTTP/1.1 200 OK
Content-Length: 14
Content-Type: application/json; charset=utf-8
cache-control: no-cache

13:41:17.301 [AsyncHttpClient-1-14] DEBUG org.asynchttpclient.netty.channel.ChannelManager - Adding key: http://localhost:38631 for channel [id: 0xee676906, L:/127.0.0.1:55226 - R:localhost/127.0.0.1:38631]
13:41:17.301 [Forwarding findElement on session 7ab9999954b16c1098fccc1542fdcf24 to remote] DEBUG org.asynchttpclient.netty.request.NettyRequestSender - Using pooled Channel '[id: 0xee676906, L:/127.0.0.1:55226 - R:localhost/127.0.0.1:38631]' for 'POST' to 'http://localhost:38631/session/7ab9999954b16c1098fccc1542fdcf24/element'
13:41:17.301 [Forwarding findElement on session 7ab9999954b16c1098fccc1542fdcf24 to remote] DEBUG org.asynchttpclient.netty.request.NettyRequestSender - Using open Channel [id: 0xee676906, L:/127.0.0.1:55226 - R:localhost/127.0.0.1:38631] for POST '/session/7ab9999954b16c1098fccc1542fdcf24/element'
13:41:18.437 [AsyncHttpClient-1-14] DEBUG org.asynchttpclient.netty.handler.HttpHandler - 

Request DefaultHttpRequest(decodeResult: success, version: HTTP/1.1)
POST /session/7ab9999954b16c1098fccc1542fdcf24/element HTTP/1.1
User-Agent: selenium/4.10.0 (java windows)
Content-Length: 78
Content-Type: application/json; charset=utf-8
host: localhost:38631
accept: */*

Response DefaultHttpResponse(decodeResult: success, version: HTTP/1.1)
HTTP/1.1 200 OK
Content-Length: 97
Content-Type: application/json; charset=utf-8
cache-control: no-cache

13:41:18.437 [AsyncHttpClient-1-14] DEBUG org.asynchttpclient.netty.channel.ChannelManager - Adding key: http://localhost:38631 for channel [id: 0xee676906, L:/127.0.0.1:55226 - R:localhost/127.0.0.1:38631]
13:41:18.439 [Forwarding isElementDisplayed on session 7ab9999954b16c1098fccc1542fdcf24 to remote] DEBUG org.asynchttpclient.netty.request.NettyRequestSender - Using pooled Channel '[id: 0xee676906, L:/127.0.0.1:55226 - R:localhost/127.0.0.1:38631]' for 'POST' to 'http://localhost:38631/session/7ab9999954b16c1098fccc1542fdcf24/execute/sync'
13:41:18.439 [Forwarding isElementDisplayed on session 7ab9999954b16c1098fccc1542fdcf24 to remote] DEBUG org.asynchttpclient.netty.request.NettyRequestSender - Using open Channel [id: 0xee676906, L:/127.0.0.1:55226 - R:localhost/127.0.0.1:38631] for POST '/session/7ab9999954b16c1098fccc1542fdcf24/execute/sync'
13:41:18.445 [AsyncHttpClient-1-14] DEBUG org.asynchttpclient.netty.handler.HttpHandler - 

Request DefaultHttpRequest(decodeResult: success, version: HTTP/1.1)
POST /session/7ab9999954b16c1098fccc1542fdcf24/execute/sync HTTP/1.1
User-Agent: selenium/4.10.0 (java windows)
Content-Length: 48816
Content-Type: application/json; charset=utf-8
host: localhost:38631
accept: */*

Response DefaultHttpResponse(decodeResult: success, version: HTTP/1.1)
HTTP/1.1 200 OK
Content-Length: 14
Content-Type: application/json; charset=utf-8
cache-control: no-cache

13:41:18.445 [AsyncHttpClient-1-14] DEBUG org.asynchttpclient.netty.channel.ChannelManager - Adding key: http://localhost:38631 for channel [id: 0xee676906, L:/127.0.0.1:55226 - R:localhost/127.0.0.1:38631]
[INFO ] 2023-07-31 13:41:18.445 [main] WebElementActions - Waiting for element to be clickable
13:41:18.446 [Forwarding findElement on session 7ab9999954b16c1098fccc1542fdcf24 to remote] DEBUG org.asynchttpclient.netty.request.NettyRequestSender - Using pooled Channel '[id: 0xee676906, L:/127.0.0.1:55226 - R:localhost/127.0.0.1:38631]' for 'POST' to 'http://localhost:38631/session/7ab9999954b16c1098fccc1542fdcf24/element'
13:41:18.446 [Forwarding findElement on session 7ab9999954b16c1098fccc1542fdcf24 to remote] DEBUG org.asynchttpclient.netty.request.NettyRequestSender - Using open Channel [id: 0xee676906, L:/127.0.0.1:55226 - R:localhost/127.0.0.1:38631] for POST '/session/7ab9999954b16c1098fccc1542fdcf24/element'
13:41:18.451 [AsyncHttpClient-1-14] DEBUG org.asynchttpclient.netty.handler.HttpHandler - 

Request DefaultHttpRequest(decodeResult: success, version: HTTP/1.1)
POST /session/7ab9999954b16c1098fccc1542fdcf24/element HTTP/1.1
User-Agent: selenium/4.10.0 (java windows)
Content-Length: 78
Content-Type: application/json; charset=utf-8
host: localhost:38631
accept: */*

Response DefaultHttpResponse(decodeResult: success, version: HTTP/1.1)
HTTP/1.1 200 OK
Content-Length: 97
Content-Type: application/json; charset=utf-8
cache-control: no-cache

13:41:18.451 [AsyncHttpClient-1-14] DEBUG org.asynchttpclient.netty.channel.ChannelManager - Adding key: http://localhost:38631 for channel [id: 0xee676906, L:/127.0.0.1:55226 - R:localhost/127.0.0.1:38631]
13:41:18.452 [Forwarding isElementDisplayed on session 7ab9999954b16c1098fccc1542fdcf24 to remote] DEBUG org.asynchttpclient.netty.request.NettyRequestSender - Using pooled Channel '[id: 0xee676906, L:/127.0.0.1:55226 - R:localhost/127.0.0.1:38631]' for 'POST' to 'http://localhost:38631/session/7ab9999954b16c1098fccc1542fdcf24/execute/sync'
13:41:18.452 [Forwarding isElementDisplayed on session 7ab9999954b16c1098fccc1542fdcf24 to remote] DEBUG org.asynchttpclient.netty.request.NettyRequestSender - Using open Channel [id: 0xee676906, L:/127.0.0.1:55226 - R:localhost/127.0.0.1:38631] for POST '/session/7ab9999954b16c1098fccc1542fdcf24/execute/sync'
13:41:18.458 [AsyncHttpClient-1-14] DEBUG org.asynchttpclient.netty.handler.HttpHandler - 

Request DefaultHttpRequest(decodeResult: success, version: HTTP/1.1)
POST /session/7ab9999954b16c1098fccc1542fdcf24/execute/sync HTTP/1.1
User-Agent: selenium/4.10.0 (java windows)
Content-Length: 48816
Content-Type: application/json; charset=utf-8
host: localhost:38631
accept: */*

Response DefaultHttpResponse(decodeResult: success, version: HTTP/1.1)
HTTP/1.1 200 OK
Content-Length: 14
Content-Type: application/json; charset=utf-8
cache-control: no-cache

13:41:18.458 [AsyncHttpClient-1-14] DEBUG org.asynchttpclient.netty.channel.ChannelManager - Adding key: http://localhost:38631 for channel [id: 0xee676906, L:/127.0.0.1:55226 - R:localhost/127.0.0.1:38631]
13:41:18.458 [Forwarding findElement on session 7ab9999954b16c1098fccc1542fdcf24 to remote] DEBUG org.asynchttpclient.netty.request.NettyRequestSender - Using pooled Channel '[id: 0xee676906, L:/127.0.0.1:55226 - R:localhost/127.0.0.1:38631]' for 'POST' to 'http://localhost:38631/session/7ab9999954b16c1098fccc1542fdcf24/element'
13:41:18.458 [Forwarding findElement on session 7ab9999954b16c1098fccc1542fdcf24 to remote] DEBUG org.asynchttpclient.netty.request.NettyRequestSender - Using open Channel [id: 0xee676906, L:/127.0.0.1:55226 - R:localhost/127.0.0.1:38631] for POST '/session/7ab9999954b16c1098fccc1542fdcf24/element'
13:41:18.465 [AsyncHttpClient-1-14] DEBUG org.asynchttpclient.netty.handler.HttpHandler - 

Request DefaultHttpRequest(decodeResult: success, version: HTTP/1.1)
POST /session/7ab9999954b16c1098fccc1542fdcf24/element HTTP/1.1
User-Agent: selenium/4.10.0 (java windows)
Content-Length: 78
Content-Type: application/json; charset=utf-8
host: localhost:38631
accept: */*

Response DefaultHttpResponse(decodeResult: success, version: HTTP/1.1)
HTTP/1.1 200 OK
Content-Length: 97
Content-Type: application/json; charset=utf-8
cache-control: no-cache

13:41:18.465 [AsyncHttpClient-1-14] DEBUG org.asynchttpclient.netty.channel.ChannelManager - Adding key: http://localhost:38631 for channel [id: 0xee676906, L:/127.0.0.1:55226 - R:localhost/127.0.0.1:38631]
13:41:18.465 [Forwarding isElementEnabled on session 7ab9999954b16c1098fccc1542fdcf24 to remote] DEBUG org.asynchttpclient.netty.request.NettyRequestSender - Using pooled Channel '[id: 0xee676906, L:/127.0.0.1:55226 - R:localhost/127.0.0.1:38631]' for 'GET' to 'http://localhost:38631/session/7ab9999954b16c1098fccc1542fdcf24/element/EAB41257BD1B74CC4C608D1589E4BF75_element_1117/enabled'
13:41:18.465 [Forwarding isElementEnabled on session 7ab9999954b16c1098fccc1542fdcf24 to remote] DEBUG org.asynchttpclient.netty.request.NettyRequestSender - Using open Channel [id: 0xee676906, L:/127.0.0.1:55226 - R:localhost/127.0.0.1:38631] for GET '/session/7ab9999954b16c1098fccc1542fdcf24/element/EAB41257BD1B74CC4C608D1589E4BF75_element_1117/enabled'
13:41:18.469 [AsyncHttpClient-1-14] DEBUG org.asynchttpclient.netty.handler.HttpHandler - 

Request DefaultFullHttpRequest(decodeResult: success, version: HTTP/1.1, content: EmptyByteBufBE)
GET /session/7ab9999954b16c1098fccc1542fdcf24/element/EAB41257BD1B74CC4C608D1589E4BF75_element_1117/enabled HTTP/1.1
Cache-Control: no-cache
User-Agent: selenium/4.10.0 (java windows)
Content-Type: application/json; charset=utf-8
host: localhost:38631
accept: */*

Response DefaultHttpResponse(decodeResult: success, version: HTTP/1.1)
HTTP/1.1 200 OK
Content-Length: 14
Content-Type: application/json; charset=utf-8
cache-control: no-cache

13:41:18.469 [AsyncHttpClient-1-14] DEBUG org.asynchttpclient.netty.channel.ChannelManager - Adding key: http://localhost:38631 for channel [id: 0xee676906, L:/127.0.0.1:55226 - R:localhost/127.0.0.1:38631]
[INFO ] 2023-07-31 13:41:18.469 [main] WebElementActions - Element is clickable
13:41:18.469 [Forwarding findElement on session 7ab9999954b16c1098fccc1542fdcf24 to remote] DEBUG org.asynchttpclient.netty.request.NettyRequestSender - Using pooled Channel '[id: 0xee676906, L:/127.0.0.1:55226 - R:localhost/127.0.0.1:38631]' for 'POST' to 'http://localhost:38631/session/7ab9999954b16c1098fccc1542fdcf24/element'
13:41:18.469 [Forwarding findElement on session 7ab9999954b16c1098fccc1542fdcf24 to remote] DEBUG org.asynchttpclient.netty.request.NettyRequestSender - Using open Channel [id: 0xee676906, L:/127.0.0.1:55226 - R:localhost/127.0.0.1:38631] for POST '/session/7ab9999954b16c1098fccc1542fdcf24/element'
13:41:18.475 [AsyncHttpClient-1-14] DEBUG org.asynchttpclient.netty.handler.HttpHandler - 

Request DefaultHttpRequest(decodeResult: success, version: HTTP/1.1)
POST /session/7ab9999954b16c1098fccc1542fdcf24/element HTTP/1.1
User-Agent: selenium/4.10.0 (java windows)
Content-Length: 78
Content-Type: application/json; charset=utf-8
host: localhost:38631
accept: */*

Response DefaultHttpResponse(decodeResult: success, version: HTTP/1.1)
HTTP/1.1 200 OK
Content-Length: 97
Content-Type: application/json; charset=utf-8
cache-control: no-cache

13:41:18.475 [AsyncHttpClient-1-14] DEBUG org.asynchttpclient.netty.channel.ChannelManager - Adding key: http://localhost:38631 for channel [id: 0xee676906, L:/127.0.0.1:55226 - R:localhost/127.0.0.1:38631]
13:41:18.476 [Forwarding isElementDisplayed on session 7ab9999954b16c1098fccc1542fdcf24 to remote] DEBUG org.asynchttpclient.netty.request.NettyRequestSender - Using pooled Channel '[id: 0xee676906, L:/127.0.0.1:55226 - R:localhost/127.0.0.1:38631]' for 'POST' to 'http://localhost:38631/session/7ab9999954b16c1098fccc1542fdcf24/execute/sync'
13:41:18.476 [Forwarding isElementDisplayed on session 7ab9999954b16c1098fccc1542fdcf24 to remote] DEBUG org.asynchttpclient.netty.request.NettyRequestSender - Using open Channel [id: 0xee676906, L:/127.0.0.1:55226 - R:localhost/127.0.0.1:38631] for POST '/session/7ab9999954b16c1098fccc1542fdcf24/execute/sync'
13:41:18.482 [AsyncHttpClient-1-14] DEBUG org.asynchttpclient.netty.handler.HttpHandler - 

Request DefaultHttpRequest(decodeResult: success, version: HTTP/1.1)
POST /session/7ab9999954b16c1098fccc1542fdcf24/execute/sync HTTP/1.1
User-Agent: selenium/4.10.0 (java windows)
Content-Length: 48816
Content-Type: application/json; charset=utf-8
host: localhost:38631
accept: */*

Response DefaultHttpResponse(decodeResult: success, version: HTTP/1.1)
HTTP/1.1 200 OK
Content-Length: 14
Content-Type: application/json; charset=utf-8
cache-control: no-cache

13:41:18.482 [AsyncHttpClient-1-14] DEBUG org.asynchttpclient.netty.channel.ChannelManager - Adding key: http://localhost:38631 for channel [id: 0xee676906, L:/127.0.0.1:55226 - R:localhost/127.0.0.1:38631]
13:41:18.482 [Forwarding findElement on session 7ab9999954b16c1098fccc1542fdcf24 to remote] DEBUG org.asynchttpclient.netty.request.NettyRequestSender - Using pooled Channel '[id: 0xee676906, L:/127.0.0.1:55226 - R:localhost/127.0.0.1:38631]' for 'POST' to 'http://localhost:38631/session/7ab9999954b16c1098fccc1542fdcf24/element'
13:41:18.482 [Forwarding findElement on session 7ab9999954b16c1098fccc1542fdcf24 to remote] DEBUG org.asynchttpclient.netty.request.NettyRequestSender - Using open Channel [id: 0xee676906, L:/127.0.0.1:55226 - R:localhost/127.0.0.1:38631] for POST '/session/7ab9999954b16c1098fccc1542fdcf24/element'
13:41:18.488 [AsyncHttpClient-1-14] DEBUG org.asynchttpclient.netty.handler.HttpHandler - 

Request DefaultHttpRequest(decodeResult: success, version: HTTP/1.1)
POST /session/7ab9999954b16c1098fccc1542fdcf24/element HTTP/1.1
User-Agent: selenium/4.10.0 (java windows)
Content-Length: 78
Content-Type: application/json; charset=utf-8
host: localhost:38631
accept: */*

Response DefaultHttpResponse(decodeResult: success, version: HTTP/1.1)
HTTP/1.1 200 OK
Content-Length: 97
Content-Type: application/json; charset=utf-8
cache-control: no-cache

13:41:18.488 [AsyncHttpClient-1-14] DEBUG org.asynchttpclient.netty.channel.ChannelManager - Adding key: http://localhost:38631 for channel [id: 0xee676906, L:/127.0.0.1:55226 - R:localhost/127.0.0.1:38631]
13:41:18.488 [Forwarding clickElement on session 7ab9999954b16c1098fccc1542fdcf24 to remote] DEBUG org.asynchttpclient.netty.request.NettyRequestSender - Using pooled Channel '[id: 0xee676906, L:/127.0.0.1:55226 - R:localhost/127.0.0.1:38631]' for 'POST' to 'http://localhost:38631/session/7ab9999954b16c1098fccc1542fdcf24/element/EAB41257BD1B74CC4C608D1589E4BF75_element_1117/click'
13:41:18.488 [Forwarding clickElement on session 7ab9999954b16c1098fccc1542fdcf24 to remote] DEBUG org.asynchttpclient.netty.request.NettyRequestSender - Using open Channel [id: 0xee676906, L:/127.0.0.1:55226 - R:localhost/127.0.0.1:38631] for POST '/session/7ab9999954b16c1098fccc1542fdcf24/element/EAB41257BD1B74CC4C608D1589E4BF75_element_1117/click'
13:41:18.525 [AsyncHttpClient-1-14] DEBUG org.asynchttpclient.netty.handler.HttpHandler - 

Request DefaultHttpRequest(decodeResult: success, version: HTTP/1.1)
POST /session/7ab9999954b16c1098fccc1542fdcf24/element/EAB41257BD1B74CC4C608D1589E4BF75_element_1117/click HTTP/1.1
User-Agent: selenium/4.10.0 (java windows)
Content-Length: 59
Content-Type: application/json; charset=utf-8
host: localhost:38631
accept: */*

Response DefaultHttpResponse(decodeResult: success, version: HTTP/1.1)
HTTP/1.1 200 OK
Content-Length: 14
Content-Type: application/json; charset=utf-8
cache-control: no-cache

13:41:18.525 [AsyncHttpClient-1-14] DEBUG org.asynchttpclient.netty.channel.ChannelManager - Adding key: http://localhost:38631 for channel [id: 0xee676906, L:/127.0.0.1:55226 - R:localhost/127.0.0.1:38631]
13:41:18.559 [AsyncHttpClient-1-1] DEBUG org.asynchttpclient.netty.channel.DefaultChannelPool - Entry count for : http://localhost:38631 : 1
13:41:19.531 [Forwarding findElement on session 7ab9999954b16c1098fccc1542fdcf24 to remote] DEBUG org.asynchttpclient.netty.request.NettyRequestSender - Using pooled Channel '[id: 0xee676906, L:/127.0.0.1:55226 - R:localhost/127.0.0.1:38631]' for 'POST' to 'http://localhost:38631/session/7ab9999954b16c1098fccc1542fdcf24/element'
13:41:19.531 [Forwarding findElement on session 7ab9999954b16c1098fccc1542fdcf24 to remote] DEBUG org.asynchttpclient.netty.request.NettyRequestSender - Using open Channel [id: 0xee676906, L:/127.0.0.1:55226 - R:localhost/127.0.0.1:38631] for POST '/session/7ab9999954b16c1098fccc1542fdcf24/element'
13:41:19.540 [AsyncHttpClient-1-14] DEBUG org.asynchttpclient.netty.handler.HttpHandler - 

Request DefaultHttpRequest(decodeResult: success, version: HTTP/1.1)
POST /session/7ab9999954b16c1098fccc1542fdcf24/element HTTP/1.1
User-Agent: selenium/4.10.0 (java windows)
Content-Length: 98
Content-Type: application/json; charset=utf-8
host: localhost:38631
accept: */*

Response DefaultHttpResponse(decodeResult: success, version: HTTP/1.1)
HTTP/1.1 200 OK
Content-Length: 97
Content-Type: application/json; charset=utf-8
cache-control: no-cache

13:41:19.540 [AsyncHttpClient-1-14] DEBUG org.asynchttpclient.netty.channel.ChannelManager - Adding key: http://localhost:38631 for channel [id: 0xee676906, L:/127.0.0.1:55226 - R:localhost/127.0.0.1:38631]
13:41:19.541 [Forwarding isElementDisplayed on session 7ab9999954b16c1098fccc1542fdcf24 to remote] DEBUG org.asynchttpclient.netty.request.NettyRequestSender - Using pooled Channel '[id: 0xee676906, L:/127.0.0.1:55226 - R:localhost/127.0.0.1:38631]' for 'POST' to 'http://localhost:38631/session/7ab9999954b16c1098fccc1542fdcf24/execute/sync'
13:41:19.541 [Forwarding isElementDisplayed on session 7ab9999954b16c1098fccc1542fdcf24 to remote] DEBUG org.asynchttpclient.netty.request.NettyRequestSender - Using open Channel [id: 0xee676906, L:/127.0.0.1:55226 - R:localhost/127.0.0.1:38631] for POST '/session/7ab9999954b16c1098fccc1542fdcf24/execute/sync'
13:41:19.548 [AsyncHttpClient-1-14] DEBUG org.asynchttpclient.netty.handler.HttpHandler - 

Request DefaultHttpRequest(decodeResult: success, version: HTTP/1.1)
POST /session/7ab9999954b16c1098fccc1542fdcf24/execute/sync HTTP/1.1
User-Agent: selenium/4.10.0 (java windows)
Content-Length: 48816
Content-Type: application/json; charset=utf-8
host: localhost:38631
accept: */*

Response DefaultHttpResponse(decodeResult: success, version: HTTP/1.1)
HTTP/1.1 200 OK
Content-Length: 14
Content-Type: application/json; charset=utf-8
cache-control: no-cache

13:41:19.548 [AsyncHttpClient-1-14] DEBUG org.asynchttpclient.netty.channel.ChannelManager - Adding key: http://localhost:38631 for channel [id: 0xee676906, L:/127.0.0.1:55226 - R:localhost/127.0.0.1:38631]
13:41:19.549 [Forwarding findElement on session 7ab9999954b16c1098fccc1542fdcf24 to remote] DEBUG org.asynchttpclient.netty.request.NettyRequestSender - Using pooled Channel '[id: 0xee676906, L:/127.0.0.1:55226 - R:localhost/127.0.0.1:38631]' for 'POST' to 'http://localhost:38631/session/7ab9999954b16c1098fccc1542fdcf24/element'
13:41:19.549 [Forwarding findElement on session 7ab9999954b16c1098fccc1542fdcf24 to remote] DEBUG org.asynchttpclient.netty.request.NettyRequestSender - Using open Channel [id: 0xee676906, L:/127.0.0.1:55226 - R:localhost/127.0.0.1:38631] for POST '/session/7ab9999954b16c1098fccc1542fdcf24/element'
13:41:19.554 [AsyncHttpClient-1-14] DEBUG org.asynchttpclient.netty.handler.HttpHandler - 

Request DefaultHttpRequest(decodeResult: success, version: HTTP/1.1)
POST /session/7ab9999954b16c1098fccc1542fdcf24/element HTTP/1.1
User-Agent: selenium/4.10.0 (java windows)
Content-Length: 98
Content-Type: application/json; charset=utf-8
host: localhost:38631
accept: */*

Response DefaultHttpResponse(decodeResult: success, version: HTTP/1.1)
HTTP/1.1 200 OK
Content-Length: 97
Content-Type: application/json; charset=utf-8
cache-control: no-cache

13:41:19.554 [AsyncHttpClient-1-14] DEBUG org.asynchttpclient.netty.channel.ChannelManager - Adding key: http://localhost:38631 for channel [id: 0xee676906, L:/127.0.0.1:55226 - R:localhost/127.0.0.1:38631]
13:41:19.556 [Forwarding isElementDisplayed on session 7ab9999954b16c1098fccc1542fdcf24 to remote] DEBUG org.asynchttpclient.netty.request.NettyRequestSender - Using pooled Channel '[id: 0xee676906, L:/127.0.0.1:55226 - R:localhost/127.0.0.1:38631]' for 'POST' to 'http://localhost:38631/session/7ab9999954b16c1098fccc1542fdcf24/execute/sync'
13:41:19.556 [Forwarding isElementDisplayed on session 7ab9999954b16c1098fccc1542fdcf24 to remote] DEBUG org.asynchttpclient.netty.request.NettyRequestSender - Using open Channel [id: 0xee676906, L:/127.0.0.1:55226 - R:localhost/127.0.0.1:38631] for POST '/session/7ab9999954b16c1098fccc1542fdcf24/execute/sync'
13:41:19.562 [AsyncHttpClient-1-14] DEBUG org.asynchttpclient.netty.handler.HttpHandler - 

Request DefaultHttpRequest(decodeResult: success, version: HTTP/1.1)
POST /session/7ab9999954b16c1098fccc1542fdcf24/execute/sync HTTP/1.1
User-Agent: selenium/4.10.0 (java windows)
Content-Length: 48816
Content-Type: application/json; charset=utf-8
host: localhost:38631
accept: */*

Response DefaultHttpResponse(decodeResult: success, version: HTTP/1.1)
HTTP/1.1 200 OK
Content-Length: 14
Content-Type: application/json; charset=utf-8
cache-control: no-cache

13:41:19.562 [AsyncHttpClient-1-14] DEBUG org.asynchttpclient.netty.channel.ChannelManager - Adding key: http://localhost:38631 for channel [id: 0xee676906, L:/127.0.0.1:55226 - R:localhost/127.0.0.1:38631]
13:41:19.562 [Forwarding findElement on session 7ab9999954b16c1098fccc1542fdcf24 to remote] DEBUG org.asynchttpclient.netty.request.NettyRequestSender - Using pooled Channel '[id: 0xee676906, L:/127.0.0.1:55226 - R:localhost/127.0.0.1:38631]' for 'POST' to 'http://localhost:38631/session/7ab9999954b16c1098fccc1542fdcf24/element'
13:41:19.562 [Forwarding findElement on session 7ab9999954b16c1098fccc1542fdcf24 to remote] DEBUG org.asynchttpclient.netty.request.NettyRequestSender - Using open Channel [id: 0xee676906, L:/127.0.0.1:55226 - R:localhost/127.0.0.1:38631] for POST '/session/7ab9999954b16c1098fccc1542fdcf24/element'
13:41:19.567 [AsyncHttpClient-1-14] DEBUG org.asynchttpclient.netty.handler.HttpHandler - 

Request DefaultHttpRequest(decodeResult: success, version: HTTP/1.1)
POST /session/7ab9999954b16c1098fccc1542fdcf24/element HTTP/1.1
User-Agent: selenium/4.10.0 (java windows)
Content-Length: 98
Content-Type: application/json; charset=utf-8
host: localhost:38631
accept: */*

Response DefaultHttpResponse(decodeResult: success, version: HTTP/1.1)
HTTP/1.1 200 OK
Content-Length: 97
Content-Type: application/json; charset=utf-8
cache-control: no-cache

13:41:19.567 [AsyncHttpClient-1-14] DEBUG org.asynchttpclient.netty.channel.ChannelManager - Adding key: http://localhost:38631 for channel [id: 0xee676906, L:/127.0.0.1:55226 - R:localhost/127.0.0.1:38631]
13:41:19.568 [Forwarding sendKeysToElement on session 7ab9999954b16c1098fccc1542fdcf24 to remote] DEBUG org.asynchttpclient.netty.request.NettyRequestSender - Using pooled Channel '[id: 0xee676906, L:/127.0.0.1:55226 - R:localhost/127.0.0.1:38631]' for 'POST' to 'http://localhost:38631/session/7ab9999954b16c1098fccc1542fdcf24/element/EAB41257BD1B74CC4C608D1589E4BF75_element_1129/value'
13:41:19.568 [Forwarding sendKeysToElement on session 7ab9999954b16c1098fccc1542fdcf24 to remote] DEBUG org.asynchttpclient.netty.request.NettyRequestSender - Using open Channel [id: 0xee676906, L:/127.0.0.1:55226 - R:localhost/127.0.0.1:38631] for POST '/session/7ab9999954b16c1098fccc1542fdcf24/element/EAB41257BD1B74CC4C608D1589E4BF75_element_1129/value'
13:41:19.745 [AsyncHttpClient-1-14] DEBUG org.asynchttpclient.netty.handler.HttpHandler - 

Request DefaultHttpRequest(decodeResult: success, version: HTTP/1.1)
POST /session/7ab9999954b16c1098fccc1542fdcf24/element/EAB41257BD1B74CC4C608D1589E4BF75_element_1129/value HTTP/1.1
User-Agent: selenium/4.10.0 (java windows)
Content-Length: 510
Content-Type: application/json; charset=utf-8
host: localhost:38631
accept: */*

Response DefaultHttpResponse(decodeResult: success, version: HTTP/1.1)
HTTP/1.1 200 OK
Content-Length: 14
Content-Type: application/json; charset=utf-8
cache-control: no-cache

13:41:19.745 [AsyncHttpClient-1-14] DEBUG org.asynchttpclient.netty.channel.ChannelManager - Adding key: http://localhost:38631 for channel [id: 0xee676906, L:/127.0.0.1:55226 - R:localhost/127.0.0.1:38631]
13:41:19.746 [Forwarding findElement on session 7ab9999954b16c1098fccc1542fdcf24 to remote] DEBUG org.asynchttpclient.netty.request.NettyRequestSender - Using pooled Channel '[id: 0xee676906, L:/127.0.0.1:55226 - R:localhost/127.0.0.1:38631]' for 'POST' to 'http://localhost:38631/session/7ab9999954b16c1098fccc1542fdcf24/element'
13:41:19.746 [Forwarding findElement on session 7ab9999954b16c1098fccc1542fdcf24 to remote] DEBUG org.asynchttpclient.netty.request.NettyRequestSender - Using open Channel [id: 0xee676906, L:/127.0.0.1:55226 - R:localhost/127.0.0.1:38631] for POST '/session/7ab9999954b16c1098fccc1542fdcf24/element'
13:41:19.765 [AsyncHttpClient-1-14] DEBUG org.asynchttpclient.netty.handler.HttpHandler - 

Request DefaultHttpRequest(decodeResult: success, version: HTTP/1.1)
POST /session/7ab9999954b16c1098fccc1542fdcf24/element HTTP/1.1
User-Agent: selenium/4.10.0 (java windows)
Content-Length: 228
Content-Type: application/json; charset=utf-8
host: localhost:38631
accept: */*

Response DefaultHttpResponse(decodeResult: success, version: HTTP/1.1)
HTTP/1.1 200 OK
Content-Length: 97
Content-Type: application/json; charset=utf-8
cache-control: no-cache

13:41:19.765 [AsyncHttpClient-1-14] DEBUG org.asynchttpclient.netty.channel.ChannelManager - Adding key: http://localhost:38631 for channel [id: 0xee676906, L:/127.0.0.1:55226 - R:localhost/127.0.0.1:38631]
13:41:19.767 [Forwarding isElementDisplayed on session 7ab9999954b16c1098fccc1542fdcf24 to remote] DEBUG org.asynchttpclient.netty.request.NettyRequestSender - Using pooled Channel '[id: 0xee676906, L:/127.0.0.1:55226 - R:localhost/127.0.0.1:38631]' for 'POST' to 'http://localhost:38631/session/7ab9999954b16c1098fccc1542fdcf24/execute/sync'
13:41:19.767 [Forwarding isElementDisplayed on session 7ab9999954b16c1098fccc1542fdcf24 to remote] DEBUG org.asynchttpclient.netty.request.NettyRequestSender - Using open Channel [id: 0xee676906, L:/127.0.0.1:55226 - R:localhost/127.0.0.1:38631] for POST '/session/7ab9999954b16c1098fccc1542fdcf24/execute/sync'
13:41:19.774 [AsyncHttpClient-1-14] DEBUG org.asynchttpclient.netty.handler.HttpHandler - 

Request DefaultHttpRequest(decodeResult: success, version: HTTP/1.1)
POST /session/7ab9999954b16c1098fccc1542fdcf24/execute/sync HTTP/1.1
User-Agent: selenium/4.10.0 (java windows)
Content-Length: 48816
Content-Type: application/json; charset=utf-8
host: localhost:38631
accept: */*

Response DefaultHttpResponse(decodeResult: success, version: HTTP/1.1)
HTTP/1.1 200 OK
Content-Length: 14
Content-Type: application/json; charset=utf-8
cache-control: no-cache

13:41:19.774 [AsyncHttpClient-1-14] DEBUG org.asynchttpclient.netty.channel.ChannelManager - Adding key: http://localhost:38631 for channel [id: 0xee676906, L:/127.0.0.1:55226 - R:localhost/127.0.0.1:38631]
[INFO ] 2023-07-31 13:41:19.774 [main] WebElementActions - Waiting for element to be clickable
13:41:19.775 [Forwarding findElement on session 7ab9999954b16c1098fccc1542fdcf24 to remote] DEBUG org.asynchttpclient.netty.request.NettyRequestSender - Using pooled Channel '[id: 0xee676906, L:/127.0.0.1:55226 - R:localhost/127.0.0.1:38631]' for 'POST' to 'http://localhost:38631/session/7ab9999954b16c1098fccc1542fdcf24/element'
13:41:19.775 [Forwarding findElement on session 7ab9999954b16c1098fccc1542fdcf24 to remote] DEBUG org.asynchttpclient.netty.request.NettyRequestSender - Using open Channel [id: 0xee676906, L:/127.0.0.1:55226 - R:localhost/127.0.0.1:38631] for POST '/session/7ab9999954b16c1098fccc1542fdcf24/element'
13:41:19.781 [AsyncHttpClient-1-14] DEBUG org.asynchttpclient.netty.handler.HttpHandler - 

Request DefaultHttpRequest(decodeResult: success, version: HTTP/1.1)
POST /session/7ab9999954b16c1098fccc1542fdcf24/element HTTP/1.1
User-Agent: selenium/4.10.0 (java windows)
Content-Length: 228
Content-Type: application/json; charset=utf-8
host: localhost:38631
accept: */*

Response DefaultHttpResponse(decodeResult: success, version: HTTP/1.1)
HTTP/1.1 200 OK
Content-Length: 97
Content-Type: application/json; charset=utf-8
cache-control: no-cache

13:41:19.781 [AsyncHttpClient-1-14] DEBUG org.asynchttpclient.netty.channel.ChannelManager - Adding key: http://localhost:38631 for channel [id: 0xee676906, L:/127.0.0.1:55226 - R:localhost/127.0.0.1:38631]
13:41:19.782 [Forwarding isElementDisplayed on session 7ab9999954b16c1098fccc1542fdcf24 to remote] DEBUG org.asynchttpclient.netty.request.NettyRequestSender - Using pooled Channel '[id: 0xee676906, L:/127.0.0.1:55226 - R:localhost/127.0.0.1:38631]' for 'POST' to 'http://localhost:38631/session/7ab9999954b16c1098fccc1542fdcf24/execute/sync'
13:41:19.782 [Forwarding isElementDisplayed on session 7ab9999954b16c1098fccc1542fdcf24 to remote] DEBUG org.asynchttpclient.netty.request.NettyRequestSender - Using open Channel [id: 0xee676906, L:/127.0.0.1:55226 - R:localhost/127.0.0.1:38631] for POST '/session/7ab9999954b16c1098fccc1542fdcf24/execute/sync'
13:41:19.788 [AsyncHttpClient-1-14] DEBUG org.asynchttpclient.netty.handler.HttpHandler - 

Request DefaultHttpRequest(decodeResult: success, version: HTTP/1.1)
POST /session/7ab9999954b16c1098fccc1542fdcf24/execute/sync HTTP/1.1
User-Agent: selenium/4.10.0 (java windows)
Content-Length: 48816
Content-Type: application/json; charset=utf-8
host: localhost:38631
accept: */*

Response DefaultHttpResponse(decodeResult: success, version: HTTP/1.1)
HTTP/1.1 200 OK
Content-Length: 14
Content-Type: application/json; charset=utf-8
cache-control: no-cache

13:41:19.788 [AsyncHttpClient-1-14] DEBUG org.asynchttpclient.netty.channel.ChannelManager - Adding key: http://localhost:38631 for channel [id: 0xee676906, L:/127.0.0.1:55226 - R:localhost/127.0.0.1:38631]
13:41:19.789 [Forwarding findElement on session 7ab9999954b16c1098fccc1542fdcf24 to remote] DEBUG org.asynchttpclient.netty.request.NettyRequestSender - Using pooled Channel '[id: 0xee676906, L:/127.0.0.1:55226 - R:localhost/127.0.0.1:38631]' for 'POST' to 'http://localhost:38631/session/7ab9999954b16c1098fccc1542fdcf24/element'
13:41:19.789 [Forwarding findElement on session 7ab9999954b16c1098fccc1542fdcf24 to remote] DEBUG org.asynchttpclient.netty.request.NettyRequestSender - Using open Channel [id: 0xee676906, L:/127.0.0.1:55226 - R:localhost/127.0.0.1:38631] for POST '/session/7ab9999954b16c1098fccc1542fdcf24/element'
13:41:19.794 [AsyncHttpClient-1-14] DEBUG org.asynchttpclient.netty.handler.HttpHandler - 

Request DefaultHttpRequest(decodeResult: success, version: HTTP/1.1)
POST /session/7ab9999954b16c1098fccc1542fdcf24/element HTTP/1.1
User-Agent: selenium/4.10.0 (java windows)
Content-Length: 228
Content-Type: application/json; charset=utf-8
host: localhost:38631
accept: */*

Response DefaultHttpResponse(decodeResult: success, version: HTTP/1.1)
HTTP/1.1 200 OK
Content-Length: 97
Content-Type: application/json; charset=utf-8
cache-control: no-cache

13:41:19.794 [AsyncHttpClient-1-14] DEBUG org.asynchttpclient.netty.channel.ChannelManager - Adding key: http://localhost:38631 for channel [id: 0xee676906, L:/127.0.0.1:55226 - R:localhost/127.0.0.1:38631]
13:41:19.795 [Forwarding isElementEnabled on session 7ab9999954b16c1098fccc1542fdcf24 to remote] DEBUG org.asynchttpclient.netty.request.NettyRequestSender - Using pooled Channel '[id: 0xee676906, L:/127.0.0.1:55226 - R:localhost/127.0.0.1:38631]' for 'GET' to 'http://localhost:38631/session/7ab9999954b16c1098fccc1542fdcf24/element/EAB41257BD1B74CC4C608D1589E4BF75_element_1131/enabled'
13:41:19.795 [Forwarding isElementEnabled on session 7ab9999954b16c1098fccc1542fdcf24 to remote] DEBUG org.asynchttpclient.netty.request.NettyRequestSender - Using open Channel [id: 0xee676906, L:/127.0.0.1:55226 - R:localhost/127.0.0.1:38631] for GET '/session/7ab9999954b16c1098fccc1542fdcf24/element/EAB41257BD1B74CC4C608D1589E4BF75_element_1131/enabled'
13:41:19.800 [AsyncHttpClient-1-14] DEBUG org.asynchttpclient.netty.handler.HttpHandler - 

Request DefaultFullHttpRequest(decodeResult: success, version: HTTP/1.1, content: EmptyByteBufBE)
GET /session/7ab9999954b16c1098fccc1542fdcf24/element/EAB41257BD1B74CC4C608D1589E4BF75_element_1131/enabled HTTP/1.1
Cache-Control: no-cache
User-Agent: selenium/4.10.0 (java windows)
Content-Type: application/json; charset=utf-8
host: localhost:38631
accept: */*

Response DefaultHttpResponse(decodeResult: success, version: HTTP/1.1)
HTTP/1.1 200 OK
Content-Length: 14
Content-Type: application/json; charset=utf-8
cache-control: no-cache

13:41:19.800 [AsyncHttpClient-1-14] DEBUG org.asynchttpclient.netty.channel.ChannelManager - Adding key: http://localhost:38631 for channel [id: 0xee676906, L:/127.0.0.1:55226 - R:localhost/127.0.0.1:38631]
[INFO ] 2023-07-31 13:41:19.800 [main] WebElementActions - Element is clickable
13:41:19.800 [Forwarding findElement on session 7ab9999954b16c1098fccc1542fdcf24 to remote] DEBUG org.asynchttpclient.netty.request.NettyRequestSender - Using pooled Channel '[id: 0xee676906, L:/127.0.0.1:55226 - R:localhost/127.0.0.1:38631]' for 'POST' to 'http://localhost:38631/session/7ab9999954b16c1098fccc1542fdcf24/element'
13:41:19.800 [Forwarding findElement on session 7ab9999954b16c1098fccc1542fdcf24 to remote] DEBUG org.asynchttpclient.netty.request.NettyRequestSender - Using open Channel [id: 0xee676906, L:/127.0.0.1:55226 - R:localhost/127.0.0.1:38631] for POST '/session/7ab9999954b16c1098fccc1542fdcf24/element'
13:41:19.806 [AsyncHttpClient-1-14] DEBUG org.asynchttpclient.netty.handler.HttpHandler - 

Request DefaultHttpRequest(decodeResult: success, version: HTTP/1.1)
POST /session/7ab9999954b16c1098fccc1542fdcf24/element HTTP/1.1
User-Agent: selenium/4.10.0 (java windows)
Content-Length: 228
Content-Type: application/json; charset=utf-8
host: localhost:38631
accept: */*

Response DefaultHttpResponse(decodeResult: success, version: HTTP/1.1)
HTTP/1.1 200 OK
Content-Length: 97
Content-Type: application/json; charset=utf-8
cache-control: no-cache

13:41:19.806 [AsyncHttpClient-1-14] DEBUG org.asynchttpclient.netty.channel.ChannelManager - Adding key: http://localhost:38631 for channel [id: 0xee676906, L:/127.0.0.1:55226 - R:localhost/127.0.0.1:38631]
13:41:19.808 [Forwarding isElementDisplayed on session 7ab9999954b16c1098fccc1542fdcf24 to remote] DEBUG org.asynchttpclient.netty.request.NettyRequestSender - Using pooled Channel '[id: 0xee676906, L:/127.0.0.1:55226 - R:localhost/127.0.0.1:38631]' for 'POST' to 'http://localhost:38631/session/7ab9999954b16c1098fccc1542fdcf24/execute/sync'
13:41:19.808 [Forwarding isElementDisplayed on session 7ab9999954b16c1098fccc1542fdcf24 to remote] DEBUG org.asynchttpclient.netty.request.NettyRequestSender - Using open Channel [id: 0xee676906, L:/127.0.0.1:55226 - R:localhost/127.0.0.1:38631] for POST '/session/7ab9999954b16c1098fccc1542fdcf24/execute/sync'
13:41:19.813 [AsyncHttpClient-1-14] DEBUG org.asynchttpclient.netty.handler.HttpHandler - 

Request DefaultHttpRequest(decodeResult: success, version: HTTP/1.1)
POST /session/7ab9999954b16c1098fccc1542fdcf24/execute/sync HTTP/1.1
User-Agent: selenium/4.10.0 (java windows)
Content-Length: 48816
Content-Type: application/json; charset=utf-8
host: localhost:38631
accept: */*

Response DefaultHttpResponse(decodeResult: success, version: HTTP/1.1)
HTTP/1.1 200 OK
Content-Length: 14
Content-Type: application/json; charset=utf-8
cache-control: no-cache

13:41:19.813 [AsyncHttpClient-1-14] DEBUG org.asynchttpclient.netty.channel.ChannelManager - Adding key: http://localhost:38631 for channel [id: 0xee676906, L:/127.0.0.1:55226 - R:localhost/127.0.0.1:38631]
13:41:19.813 [Forwarding findElement on session 7ab9999954b16c1098fccc1542fdcf24 to remote] DEBUG org.asynchttpclient.netty.request.NettyRequestSender - Using pooled Channel '[id: 0xee676906, L:/127.0.0.1:55226 - R:localhost/127.0.0.1:38631]' for 'POST' to 'http://localhost:38631/session/7ab9999954b16c1098fccc1542fdcf24/element'
13:41:19.813 [Forwarding findElement on session 7ab9999954b16c1098fccc1542fdcf24 to remote] DEBUG org.asynchttpclient.netty.request.NettyRequestSender - Using open Channel [id: 0xee676906, L:/127.0.0.1:55226 - R:localhost/127.0.0.1:38631] for POST '/session/7ab9999954b16c1098fccc1542fdcf24/element'
13:41:19.819 [AsyncHttpClient-1-14] DEBUG org.asynchttpclient.netty.handler.HttpHandler - 

Request DefaultHttpRequest(decodeResult: success, version: HTTP/1.1)
POST /session/7ab9999954b16c1098fccc1542fdcf24/element HTTP/1.1
User-Agent: selenium/4.10.0 (java windows)
Content-Length: 228
Content-Type: application/json; charset=utf-8
host: localhost:38631
accept: */*

Response DefaultHttpResponse(decodeResult: success, version: HTTP/1.1)
HTTP/1.1 200 OK
Content-Length: 97
Content-Type: application/json; charset=utf-8
cache-control: no-cache

13:41:19.819 [AsyncHttpClient-1-14] DEBUG org.asynchttpclient.netty.channel.ChannelManager - Adding key: http://localhost:38631 for channel [id: 0xee676906, L:/127.0.0.1:55226 - R:localhost/127.0.0.1:38631]
13:41:19.819 [Forwarding clickElement on session 7ab9999954b16c1098fccc1542fdcf24 to remote] DEBUG org.asynchttpclient.netty.request.NettyRequestSender - Using pooled Channel '[id: 0xee676906, L:/127.0.0.1:55226 - R:localhost/127.0.0.1:38631]' for 'POST' to 'http://localhost:38631/session/7ab9999954b16c1098fccc1542fdcf24/element/EAB41257BD1B74CC4C608D1589E4BF75_element_1131/click'
13:41:19.819 [Forwarding clickElement on session 7ab9999954b16c1098fccc1542fdcf24 to remote] DEBUG org.asynchttpclient.netty.request.NettyRequestSender - Using open Channel [id: 0xee676906, L:/127.0.0.1:55226 - R:localhost/127.0.0.1:38631] for POST '/session/7ab9999954b16c1098fccc1542fdcf24/element/EAB41257BD1B74CC4C608D1589E4BF75_element_1131/click'
13:41:19.856 [AsyncHttpClient-1-14] DEBUG org.asynchttpclient.netty.handler.HttpHandler - 

Request DefaultHttpRequest(decodeResult: success, version: HTTP/1.1)
POST /session/7ab9999954b16c1098fccc1542fdcf24/element/EAB41257BD1B74CC4C608D1589E4BF75_element_1131/click HTTP/1.1
User-Agent: selenium/4.10.0 (java windows)
Content-Length: 59
Content-Type: application/json; charset=utf-8
host: localhost:38631
accept: */*

Response DefaultHttpResponse(decodeResult: success, version: HTTP/1.1)
HTTP/1.1 200 OK
Content-Length: 14
Content-Type: application/json; charset=utf-8
cache-control: no-cache

13:41:19.856 [AsyncHttpClient-1-14] DEBUG org.asynchttpclient.netty.channel.ChannelManager - Adding key: http://localhost:38631 for channel [id: 0xee676906, L:/127.0.0.1:55226 - R:localhost/127.0.0.1:38631]
13:41:20.759 [AsyncHttpClient-1-1] DEBUG org.asynchttpclient.netty.channel.DefaultChannelPool - Entry count for : http://localhost:38631 : 1
13:41:21.858 [AsyncHttpClient-1-1] DEBUG org.asynchttpclient.netty.channel.DefaultChannelPool - Entry count for : http://localhost:38631 : 1
13:41:22.953 [AsyncHttpClient-1-1] DEBUG org.asynchttpclient.netty.channel.DefaultChannelPool - Entry count for : http://localhost:38631 : 1
13:41:23.877 [Forwarding findElement on session 7ab9999954b16c1098fccc1542fdcf24 to remote] DEBUG org.asynchttpclient.netty.request.NettyRequestSender - Using pooled Channel '[id: 0xee676906, L:/127.0.0.1:55226 - R:localhost/127.0.0.1:38631]' for 'POST' to 'http://localhost:38631/session/7ab9999954b16c1098fccc1542fdcf24/element'
13:41:23.877 [Forwarding findElement on session 7ab9999954b16c1098fccc1542fdcf24 to remote] DEBUG org.asynchttpclient.netty.request.NettyRequestSender - Using open Channel [id: 0xee676906, L:/127.0.0.1:55226 - R:localhost/127.0.0.1:38631] for POST '/session/7ab9999954b16c1098fccc1542fdcf24/element'
13:41:23.886 [AsyncHttpClient-1-14] DEBUG org.asynchttpclient.netty.handler.HttpHandler - 

Request DefaultHttpRequest(decodeResult: success, version: HTTP/1.1)
POST /session/7ab9999954b16c1098fccc1542fdcf24/element HTTP/1.1
User-Agent: selenium/4.10.0 (java windows)
Content-Length: 78
Content-Type: application/json; charset=utf-8
host: localhost:38631
accept: */*

Response DefaultHttpResponse(decodeResult: success, version: HTTP/1.1)
HTTP/1.1 200 OK
Content-Length: 97
Content-Type: application/json; charset=utf-8
cache-control: no-cache

13:41:23.886 [AsyncHttpClient-1-14] DEBUG org.asynchttpclient.netty.channel.ChannelManager - Adding key: http://localhost:38631 for channel [id: 0xee676906, L:/127.0.0.1:55226 - R:localhost/127.0.0.1:38631]
13:41:23.887 [Forwarding isElementDisplayed on session 7ab9999954b16c1098fccc1542fdcf24 to remote] DEBUG org.asynchttpclient.netty.request.NettyRequestSender - Using pooled Channel '[id: 0xee676906, L:/127.0.0.1:55226 - R:localhost/127.0.0.1:38631]' for 'POST' to 'http://localhost:38631/session/7ab9999954b16c1098fccc1542fdcf24/execute/sync'
13:41:23.887 [Forwarding isElementDisplayed on session 7ab9999954b16c1098fccc1542fdcf24 to remote] DEBUG org.asynchttpclient.netty.request.NettyRequestSender - Using open Channel [id: 0xee676906, L:/127.0.0.1:55226 - R:localhost/127.0.0.1:38631] for POST '/session/7ab9999954b16c1098fccc1542fdcf24/execute/sync'
13:41:23.893 [AsyncHttpClient-1-14] DEBUG org.asynchttpclient.netty.handler.HttpHandler - 

Request DefaultHttpRequest(decodeResult: success, version: HTTP/1.1)
POST /session/7ab9999954b16c1098fccc1542fdcf24/execute/sync HTTP/1.1
User-Agent: selenium/4.10.0 (java windows)
Content-Length: 48816
Content-Type: application/json; charset=utf-8
host: localhost:38631
accept: */*

Response DefaultHttpResponse(decodeResult: success, version: HTTP/1.1)
HTTP/1.1 200 OK
Content-Length: 14
Content-Type: application/json; charset=utf-8
cache-control: no-cache

13:41:23.893 [AsyncHttpClient-1-14] DEBUG org.asynchttpclient.netty.channel.ChannelManager - Adding key: http://localhost:38631 for channel [id: 0xee676906, L:/127.0.0.1:55226 - R:localhost/127.0.0.1:38631]
[INFO ] 2023-07-31 13:41:23.894 [main] WebElementActions - Trying to get text value
13:41:23.894 [Forwarding findElement on session 7ab9999954b16c1098fccc1542fdcf24 to remote] DEBUG org.asynchttpclient.netty.request.NettyRequestSender - Using pooled Channel '[id: 0xee676906, L:/127.0.0.1:55226 - R:localhost/127.0.0.1:38631]' for 'POST' to 'http://localhost:38631/session/7ab9999954b16c1098fccc1542fdcf24/element'
13:41:23.894 [Forwarding findElement on session 7ab9999954b16c1098fccc1542fdcf24 to remote] DEBUG org.asynchttpclient.netty.request.NettyRequestSender - Using open Channel [id: 0xee676906, L:/127.0.0.1:55226 - R:localhost/127.0.0.1:38631] for POST '/session/7ab9999954b16c1098fccc1542fdcf24/element'
13:41:23.899 [AsyncHttpClient-1-14] DEBUG org.asynchttpclient.netty.handler.HttpHandler - 

Request DefaultHttpRequest(decodeResult: success, version: HTTP/1.1)
POST /session/7ab9999954b16c1098fccc1542fdcf24/element HTTP/1.1
User-Agent: selenium/4.10.0 (java windows)
Content-Length: 78
Content-Type: application/json; charset=utf-8
host: localhost:38631
accept: */*

Response DefaultHttpResponse(decodeResult: success, version: HTTP/1.1)
HTTP/1.1 200 OK
Content-Length: 97
Content-Type: application/json; charset=utf-8
cache-control: no-cache

13:41:23.899 [AsyncHttpClient-1-14] DEBUG org.asynchttpclient.netty.channel.ChannelManager - Adding key: http://localhost:38631 for channel [id: 0xee676906, L:/127.0.0.1:55226 - R:localhost/127.0.0.1:38631]
13:41:23.900 [Forwarding isElementDisplayed on session 7ab9999954b16c1098fccc1542fdcf24 to remote] DEBUG org.asynchttpclient.netty.request.NettyRequestSender - Using pooled Channel '[id: 0xee676906, L:/127.0.0.1:55226 - R:localhost/127.0.0.1:38631]' for 'POST' to 'http://localhost:38631/session/7ab9999954b16c1098fccc1542fdcf24/execute/sync'
13:41:23.900 [Forwarding isElementDisplayed on session 7ab9999954b16c1098fccc1542fdcf24 to remote] DEBUG org.asynchttpclient.netty.request.NettyRequestSender - Using open Channel [id: 0xee676906, L:/127.0.0.1:55226 - R:localhost/127.0.0.1:38631] for POST '/session/7ab9999954b16c1098fccc1542fdcf24/execute/sync'
13:41:23.907 [AsyncHttpClient-1-14] DEBUG org.asynchttpclient.netty.handler.HttpHandler - 

Request DefaultHttpRequest(decodeResult: success, version: HTTP/1.1)
POST /session/7ab9999954b16c1098fccc1542fdcf24/execute/sync HTTP/1.1
User-Agent: selenium/4.10.0 (java windows)
Content-Length: 48816
Content-Type: application/json; charset=utf-8
host: localhost:38631
accept: */*

Response DefaultHttpResponse(decodeResult: success, version: HTTP/1.1)
HTTP/1.1 200 OK
Content-Length: 14
Content-Type: application/json; charset=utf-8
cache-control: no-cache

13:41:23.907 [AsyncHttpClient-1-14] DEBUG org.asynchttpclient.netty.channel.ChannelManager - Adding key: http://localhost:38631 for channel [id: 0xee676906, L:/127.0.0.1:55226 - R:localhost/127.0.0.1:38631]
13:41:23.907 [Forwarding findElement on session 7ab9999954b16c1098fccc1542fdcf24 to remote] DEBUG org.asynchttpclient.netty.request.NettyRequestSender - Using pooled Channel '[id: 0xee676906, L:/127.0.0.1:55226 - R:localhost/127.0.0.1:38631]' for 'POST' to 'http://localhost:38631/session/7ab9999954b16c1098fccc1542fdcf24/element'
13:41:23.907 [Forwarding findElement on session 7ab9999954b16c1098fccc1542fdcf24 to remote] DEBUG org.asynchttpclient.netty.request.NettyRequestSender - Using open Channel [id: 0xee676906, L:/127.0.0.1:55226 - R:localhost/127.0.0.1:38631] for POST '/session/7ab9999954b16c1098fccc1542fdcf24/element'
13:41:23.911 [AsyncHttpClient-1-14] DEBUG org.asynchttpclient.netty.handler.HttpHandler - 

Request DefaultHttpRequest(decodeResult: success, version: HTTP/1.1)
POST /session/7ab9999954b16c1098fccc1542fdcf24/element HTTP/1.1
User-Agent: selenium/4.10.0 (java windows)
Content-Length: 78
Content-Type: application/json; charset=utf-8
host: localhost:38631
accept: */*

Response DefaultHttpResponse(decodeResult: success, version: HTTP/1.1)
HTTP/1.1 200 OK
Content-Length: 97
Content-Type: application/json; charset=utf-8
cache-control: no-cache

13:41:23.912 [AsyncHttpClient-1-14] DEBUG org.asynchttpclient.netty.channel.ChannelManager - Adding key: http://localhost:38631 for channel [id: 0xee676906, L:/127.0.0.1:55226 - R:localhost/127.0.0.1:38631]
13:41:23.912 [Forwarding getElementText on session 7ab9999954b16c1098fccc1542fdcf24 to remote] DEBUG org.asynchttpclient.netty.request.NettyRequestSender - Using pooled Channel '[id: 0xee676906, L:/127.0.0.1:55226 - R:localhost/127.0.0.1:38631]' for 'GET' to 'http://localhost:38631/session/7ab9999954b16c1098fccc1542fdcf24/element/EAB41257BD1B74CC4C608D1589E4BF75_element_1137/text'
13:41:23.912 [Forwarding getElementText on session 7ab9999954b16c1098fccc1542fdcf24 to remote] DEBUG org.asynchttpclient.netty.request.NettyRequestSender - Using open Channel [id: 0xee676906, L:/127.0.0.1:55226 - R:localhost/127.0.0.1:38631] for GET '/session/7ab9999954b16c1098fccc1542fdcf24/element/EAB41257BD1B74CC4C608D1589E4BF75_element_1137/text'
13:41:23.917 [AsyncHttpClient-1-14] DEBUG org.asynchttpclient.netty.handler.HttpHandler - 

Request DefaultFullHttpRequest(decodeResult: success, version: HTTP/1.1, content: EmptyByteBufBE)
GET /session/7ab9999954b16c1098fccc1542fdcf24/element/EAB41257BD1B74CC4C608D1589E4BF75_element_1137/text HTTP/1.1
Cache-Control: no-cache
User-Agent: selenium/4.10.0 (java windows)
Content-Type: application/json; charset=utf-8
host: localhost:38631
accept: */*

Response DefaultHttpResponse(decodeResult: success, version: HTTP/1.1)
HTTP/1.1 200 OK
Content-Length: 63
Content-Type: application/json; charset=utf-8
cache-control: no-cache

13:41:23.917 [AsyncHttpClient-1-14] DEBUG org.asynchttpclient.netty.channel.ChannelManager - Adding key: http://localhost:38631 for channel [id: 0xee676906, L:/127.0.0.1:55226 - R:localhost/127.0.0.1:38631]
[INFO ] 2023-07-31 13:41:23.917 [main] WebElementActions - Trying to get text value
13:41:23.917 [Forwarding findElement on session 7ab9999954b16c1098fccc1542fdcf24 to remote] DEBUG org.asynchttpclient.netty.request.NettyRequestSender - Using pooled Channel '[id: 0xee676906, L:/127.0.0.1:55226 - R:localhost/127.0.0.1:38631]' for 'POST' to 'http://localhost:38631/session/7ab9999954b16c1098fccc1542fdcf24/element'
13:41:23.917 [Forwarding findElement on session 7ab9999954b16c1098fccc1542fdcf24 to remote] DEBUG org.asynchttpclient.netty.request.NettyRequestSender - Using open Channel [id: 0xee676906, L:/127.0.0.1:55226 - R:localhost/127.0.0.1:38631] for POST '/session/7ab9999954b16c1098fccc1542fdcf24/element'
13:41:23.922 [AsyncHttpClient-1-14] DEBUG org.asynchttpclient.netty.handler.HttpHandler - 

Request DefaultHttpRequest(decodeResult: success, version: HTTP/1.1)
POST /session/7ab9999954b16c1098fccc1542fdcf24/element HTTP/1.1
User-Agent: selenium/4.10.0 (java windows)
Content-Length: 78
Content-Type: application/json; charset=utf-8
host: localhost:38631
accept: */*

Response DefaultHttpResponse(decodeResult: success, version: HTTP/1.1)
HTTP/1.1 200 OK
Content-Length: 97
Content-Type: application/json; charset=utf-8
cache-control: no-cache

13:41:23.922 [AsyncHttpClient-1-14] DEBUG org.asynchttpclient.netty.channel.ChannelManager - Adding key: http://localhost:38631 for channel [id: 0xee676906, L:/127.0.0.1:55226 - R:localhost/127.0.0.1:38631]
13:41:23.923 [Forwarding isElementDisplayed on session 7ab9999954b16c1098fccc1542fdcf24 to remote] DEBUG org.asynchttpclient.netty.request.NettyRequestSender - Using pooled Channel '[id: 0xee676906, L:/127.0.0.1:55226 - R:localhost/127.0.0.1:38631]' for 'POST' to 'http://localhost:38631/session/7ab9999954b16c1098fccc1542fdcf24/execute/sync'
13:41:23.923 [Forwarding isElementDisplayed on session 7ab9999954b16c1098fccc1542fdcf24 to remote] DEBUG org.asynchttpclient.netty.request.NettyRequestSender - Using open Channel [id: 0xee676906, L:/127.0.0.1:55226 - R:localhost/127.0.0.1:38631] for POST '/session/7ab9999954b16c1098fccc1542fdcf24/execute/sync'
13:41:23.929 [AsyncHttpClient-1-14] DEBUG org.asynchttpclient.netty.handler.HttpHandler - 

Request DefaultHttpRequest(decodeResult: success, version: HTTP/1.1)
POST /session/7ab9999954b16c1098fccc1542fdcf24/execute/sync HTTP/1.1
User-Agent: selenium/4.10.0 (java windows)
Content-Length: 48816
Content-Type: application/json; charset=utf-8
host: localhost:38631
accept: */*

Response DefaultHttpResponse(decodeResult: success, version: HTTP/1.1)
HTTP/1.1 200 OK
Content-Length: 14
Content-Type: application/json; charset=utf-8
cache-control: no-cache

13:41:23.929 [AsyncHttpClient-1-14] DEBUG org.asynchttpclient.netty.channel.ChannelManager - Adding key: http://localhost:38631 for channel [id: 0xee676906, L:/127.0.0.1:55226 - R:localhost/127.0.0.1:38631]
13:41:23.929 [Forwarding findElement on session 7ab9999954b16c1098fccc1542fdcf24 to remote] DEBUG org.asynchttpclient.netty.request.NettyRequestSender - Using pooled Channel '[id: 0xee676906, L:/127.0.0.1:55226 - R:localhost/127.0.0.1:38631]' for 'POST' to 'http://localhost:38631/session/7ab9999954b16c1098fccc1542fdcf24/element'
13:41:23.929 [Forwarding findElement on session 7ab9999954b16c1098fccc1542fdcf24 to remote] DEBUG org.asynchttpclient.netty.request.NettyRequestSender - Using open Channel [id: 0xee676906, L:/127.0.0.1:55226 - R:localhost/127.0.0.1:38631] for POST '/session/7ab9999954b16c1098fccc1542fdcf24/element'
13:41:23.934 [AsyncHttpClient-1-14] DEBUG org.asynchttpclient.netty.handler.HttpHandler - 

Request DefaultHttpRequest(decodeResult: success, version: HTTP/1.1)
POST /session/7ab9999954b16c1098fccc1542fdcf24/element HTTP/1.1
User-Agent: selenium/4.10.0 (java windows)
Content-Length: 78
Content-Type: application/json; charset=utf-8
host: localhost:38631
accept: */*

Response DefaultHttpResponse(decodeResult: success, version: HTTP/1.1)
HTTP/1.1 200 OK
Content-Length: 97
Content-Type: application/json; charset=utf-8
cache-control: no-cache

13:41:23.934 [AsyncHttpClient-1-14] DEBUG org.asynchttpclient.netty.channel.ChannelManager - Adding key: http://localhost:38631 for channel [id: 0xee676906, L:/127.0.0.1:55226 - R:localhost/127.0.0.1:38631]
13:41:23.934 [Forwarding getElementText on session 7ab9999954b16c1098fccc1542fdcf24 to remote] DEBUG org.asynchttpclient.netty.request.NettyRequestSender - Using pooled Channel '[id: 0xee676906, L:/127.0.0.1:55226 - R:localhost/127.0.0.1:38631]' for 'GET' to 'http://localhost:38631/session/7ab9999954b16c1098fccc1542fdcf24/element/EAB41257BD1B74CC4C608D1589E4BF75_element_1137/text'
13:41:23.934 [Forwarding getElementText on session 7ab9999954b16c1098fccc1542fdcf24 to remote] DEBUG org.asynchttpclient.netty.request.NettyRequestSender - Using open Channel [id: 0xee676906, L:/127.0.0.1:55226 - R:localhost/127.0.0.1:38631] for GET '/session/7ab9999954b16c1098fccc1542fdcf24/element/EAB41257BD1B74CC4C608D1589E4BF75_element_1137/text'
13:41:23.940 [AsyncHttpClient-1-14] DEBUG org.asynchttpclient.netty.handler.HttpHandler - 

Request DefaultFullHttpRequest(decodeResult: success, version: HTTP/1.1, content: EmptyByteBufBE)
GET /session/7ab9999954b16c1098fccc1542fdcf24/element/EAB41257BD1B74CC4C608D1589E4BF75_element_1137/text HTTP/1.1
Cache-Control: no-cache
User-Agent: selenium/4.10.0 (java windows)
Content-Type: application/json; charset=utf-8
host: localhost:38631
accept: */*

Response DefaultHttpResponse(decodeResult: success, version: HTTP/1.1)
HTTP/1.1 200 OK
Content-Length: 63
Content-Type: application/json; charset=utf-8
cache-control: no-cache

13:41:23.940 [AsyncHttpClient-1-14] DEBUG org.asynchttpclient.netty.channel.ChannelManager - Adding key: http://localhost:38631 for channel [id: 0xee676906, L:/127.0.0.1:55226 - R:localhost/127.0.0.1:38631]
13:41:23.940 [Forwarding findElement on session 7ab9999954b16c1098fccc1542fdcf24 to remote] DEBUG org.asynchttpclient.netty.request.NettyRequestSender - Using pooled Channel '[id: 0xee676906, L:/127.0.0.1:55226 - R:localhost/127.0.0.1:38631]' for 'POST' to 'http://localhost:38631/session/7ab9999954b16c1098fccc1542fdcf24/element'
13:41:23.940 [Forwarding findElement on session 7ab9999954b16c1098fccc1542fdcf24 to remote] DEBUG org.asynchttpclient.netty.request.NettyRequestSender - Using open Channel [id: 0xee676906, L:/127.0.0.1:55226 - R:localhost/127.0.0.1:38631] for POST '/session/7ab9999954b16c1098fccc1542fdcf24/element'
13:41:23.947 [AsyncHttpClient-1-14] DEBUG org.asynchttpclient.netty.handler.HttpHandler - 

Request DefaultHttpRequest(decodeResult: success, version: HTTP/1.1)
POST /session/7ab9999954b16c1098fccc1542fdcf24/element HTTP/1.1
User-Agent: selenium/4.10.0 (java windows)
Content-Length: 249
Content-Type: application/json; charset=utf-8
host: localhost:38631
accept: */*

Response DefaultHttpResponse(decodeResult: success, version: HTTP/1.1)
HTTP/1.1 200 OK
Content-Length: 97
Content-Type: application/json; charset=utf-8
cache-control: no-cache

13:41:23.947 [AsyncHttpClient-1-14] DEBUG org.asynchttpclient.netty.channel.ChannelManager - Adding key: http://localhost:38631 for channel [id: 0xee676906, L:/127.0.0.1:55226 - R:localhost/127.0.0.1:38631]
13:41:23.949 [Forwarding isElementDisplayed on session 7ab9999954b16c1098fccc1542fdcf24 to remote] DEBUG org.asynchttpclient.netty.request.NettyRequestSender - Using pooled Channel '[id: 0xee676906, L:/127.0.0.1:55226 - R:localhost/127.0.0.1:38631]' for 'POST' to 'http://localhost:38631/session/7ab9999954b16c1098fccc1542fdcf24/execute/sync'
13:41:23.949 [Forwarding isElementDisplayed on session 7ab9999954b16c1098fccc1542fdcf24 to remote] DEBUG org.asynchttpclient.netty.request.NettyRequestSender - Using open Channel [id: 0xee676906, L:/127.0.0.1:55226 - R:localhost/127.0.0.1:38631] for POST '/session/7ab9999954b16c1098fccc1542fdcf24/execute/sync'
13:41:23.954 [AsyncHttpClient-1-14] DEBUG org.asynchttpclient.netty.handler.HttpHandler - 

Request DefaultHttpRequest(decodeResult: success, version: HTTP/1.1)
POST /session/7ab9999954b16c1098fccc1542fdcf24/execute/sync HTTP/1.1
User-Agent: selenium/4.10.0 (java windows)
Content-Length: 48816
Content-Type: application/json; charset=utf-8
host: localhost:38631
accept: */*

Response DefaultHttpResponse(decodeResult: success, version: HTTP/1.1)
HTTP/1.1 200 OK
Content-Length: 14
Content-Type: application/json; charset=utf-8
cache-control: no-cache

13:41:23.954 [AsyncHttpClient-1-14] DEBUG org.asynchttpclient.netty.channel.ChannelManager - Adding key: http://localhost:38631 for channel [id: 0xee676906, L:/127.0.0.1:55226 - R:localhost/127.0.0.1:38631]
[INFO ] 2023-07-31 13:41:23.954 [main] WebElementActions - Waiting for element to be clickable
13:41:23.955 [Forwarding findElement on session 7ab9999954b16c1098fccc1542fdcf24 to remote] DEBUG org.asynchttpclient.netty.request.NettyRequestSender - Using pooled Channel '[id: 0xee676906, L:/127.0.0.1:55226 - R:localhost/127.0.0.1:38631]' for 'POST' to 'http://localhost:38631/session/7ab9999954b16c1098fccc1542fdcf24/element'
13:41:23.955 [Forwarding findElement on session 7ab9999954b16c1098fccc1542fdcf24 to remote] DEBUG org.asynchttpclient.netty.request.NettyRequestSender - Using open Channel [id: 0xee676906, L:/127.0.0.1:55226 - R:localhost/127.0.0.1:38631] for POST '/session/7ab9999954b16c1098fccc1542fdcf24/element'
13:41:23.959 [AsyncHttpClient-1-14] DEBUG org.asynchttpclient.netty.handler.HttpHandler - 

Request DefaultHttpRequest(decodeResult: success, version: HTTP/1.1)
POST /session/7ab9999954b16c1098fccc1542fdcf24/element HTTP/1.1
User-Agent: selenium/4.10.0 (java windows)
Content-Length: 249
Content-Type: application/json; charset=utf-8
host: localhost:38631
accept: */*

Response DefaultHttpResponse(decodeResult: success, version: HTTP/1.1)
HTTP/1.1 200 OK
Content-Length: 97
Content-Type: application/json; charset=utf-8
cache-control: no-cache

13:41:23.959 [AsyncHttpClient-1-14] DEBUG org.asynchttpclient.netty.channel.ChannelManager - Adding key: http://localhost:38631 for channel [id: 0xee676906, L:/127.0.0.1:55226 - R:localhost/127.0.0.1:38631]
13:41:23.961 [Forwarding isElementDisplayed on session 7ab9999954b16c1098fccc1542fdcf24 to remote] DEBUG org.asynchttpclient.netty.request.NettyRequestSender - Using pooled Channel '[id: 0xee676906, L:/127.0.0.1:55226 - R:localhost/127.0.0.1:38631]' for 'POST' to 'http://localhost:38631/session/7ab9999954b16c1098fccc1542fdcf24/execute/sync'
13:41:23.961 [Forwarding isElementDisplayed on session 7ab9999954b16c1098fccc1542fdcf24 to remote] DEBUG org.asynchttpclient.netty.request.NettyRequestSender - Using open Channel [id: 0xee676906, L:/127.0.0.1:55226 - R:localhost/127.0.0.1:38631] for POST '/session/7ab9999954b16c1098fccc1542fdcf24/execute/sync'
13:41:23.966 [AsyncHttpClient-1-14] DEBUG org.asynchttpclient.netty.handler.HttpHandler - 

Request DefaultHttpRequest(decodeResult: success, version: HTTP/1.1)
POST /session/7ab9999954b16c1098fccc1542fdcf24/execute/sync HTTP/1.1
User-Agent: selenium/4.10.0 (java windows)
Content-Length: 48816
Content-Type: application/json; charset=utf-8
host: localhost:38631
accept: */*

Response DefaultHttpResponse(decodeResult: success, version: HTTP/1.1)
HTTP/1.1 200 OK
Content-Length: 14
Content-Type: application/json; charset=utf-8
cache-control: no-cache

13:41:23.966 [AsyncHttpClient-1-14] DEBUG org.asynchttpclient.netty.channel.ChannelManager - Adding key: http://localhost:38631 for channel [id: 0xee676906, L:/127.0.0.1:55226 - R:localhost/127.0.0.1:38631]
13:41:23.967 [Forwarding findElement on session 7ab9999954b16c1098fccc1542fdcf24 to remote] DEBUG org.asynchttpclient.netty.request.NettyRequestSender - Using pooled Channel '[id: 0xee676906, L:/127.0.0.1:55226 - R:localhost/127.0.0.1:38631]' for 'POST' to 'http://localhost:38631/session/7ab9999954b16c1098fccc1542fdcf24/element'
13:41:23.967 [Forwarding findElement on session 7ab9999954b16c1098fccc1542fdcf24 to remote] DEBUG org.asynchttpclient.netty.request.NettyRequestSender - Using open Channel [id: 0xee676906, L:/127.0.0.1:55226 - R:localhost/127.0.0.1:38631] for POST '/session/7ab9999954b16c1098fccc1542fdcf24/element'
13:41:23.971 [AsyncHttpClient-1-14] DEBUG org.asynchttpclient.netty.handler.HttpHandler - 

Request DefaultHttpRequest(decodeResult: success, version: HTTP/1.1)
POST /session/7ab9999954b16c1098fccc1542fdcf24/element HTTP/1.1
User-Agent: selenium/4.10.0 (java windows)
Content-Length: 249
Content-Type: application/json; charset=utf-8
host: localhost:38631
accept: */*

Response DefaultHttpResponse(decodeResult: success, version: HTTP/1.1)
HTTP/1.1 200 OK
Content-Length: 97
Content-Type: application/json; charset=utf-8
cache-control: no-cache

13:41:23.971 [AsyncHttpClient-1-14] DEBUG org.asynchttpclient.netty.channel.ChannelManager - Adding key: http://localhost:38631 for channel [id: 0xee676906, L:/127.0.0.1:55226 - R:localhost/127.0.0.1:38631]
13:41:23.972 [Forwarding isElementEnabled on session 7ab9999954b16c1098fccc1542fdcf24 to remote] DEBUG org.asynchttpclient.netty.request.NettyRequestSender - Using pooled Channel '[id: 0xee676906, L:/127.0.0.1:55226 - R:localhost/127.0.0.1:38631]' for 'GET' to 'http://localhost:38631/session/7ab9999954b16c1098fccc1542fdcf24/element/EAB41257BD1B74CC4C608D1589E4BF75_element_1138/enabled'
13:41:23.972 [Forwarding isElementEnabled on session 7ab9999954b16c1098fccc1542fdcf24 to remote] DEBUG org.asynchttpclient.netty.request.NettyRequestSender - Using open Channel [id: 0xee676906, L:/127.0.0.1:55226 - R:localhost/127.0.0.1:38631] for GET '/session/7ab9999954b16c1098fccc1542fdcf24/element/EAB41257BD1B74CC4C608D1589E4BF75_element_1138/enabled'
13:41:23.976 [AsyncHttpClient-1-14] DEBUG org.asynchttpclient.netty.handler.HttpHandler - 

Request DefaultFullHttpRequest(decodeResult: success, version: HTTP/1.1, content: EmptyByteBufBE)
GET /session/7ab9999954b16c1098fccc1542fdcf24/element/EAB41257BD1B74CC4C608D1589E4BF75_element_1138/enabled HTTP/1.1
Cache-Control: no-cache
User-Agent: selenium/4.10.0 (java windows)
Content-Type: application/json; charset=utf-8
host: localhost:38631
accept: */*

Response DefaultHttpResponse(decodeResult: success, version: HTTP/1.1)
HTTP/1.1 200 OK
Content-Length: 14
Content-Type: application/json; charset=utf-8
cache-control: no-cache

13:41:23.976 [AsyncHttpClient-1-14] DEBUG org.asynchttpclient.netty.channel.ChannelManager - Adding key: http://localhost:38631 for channel [id: 0xee676906, L:/127.0.0.1:55226 - R:localhost/127.0.0.1:38631]
[INFO ] 2023-07-31 13:41:23.976 [main] WebElementActions - Element is clickable
13:41:23.976 [Forwarding findElement on session 7ab9999954b16c1098fccc1542fdcf24 to remote] DEBUG org.asynchttpclient.netty.request.NettyRequestSender - Using pooled Channel '[id: 0xee676906, L:/127.0.0.1:55226 - R:localhost/127.0.0.1:38631]' for 'POST' to 'http://localhost:38631/session/7ab9999954b16c1098fccc1542fdcf24/element'
13:41:23.976 [Forwarding findElement on session 7ab9999954b16c1098fccc1542fdcf24 to remote] DEBUG org.asynchttpclient.netty.request.NettyRequestSender - Using open Channel [id: 0xee676906, L:/127.0.0.1:55226 - R:localhost/127.0.0.1:38631] for POST '/session/7ab9999954b16c1098fccc1542fdcf24/element'
13:41:23.981 [AsyncHttpClient-1-14] DEBUG org.asynchttpclient.netty.handler.HttpHandler - 

Request DefaultHttpRequest(decodeResult: success, version: HTTP/1.1)
POST /session/7ab9999954b16c1098fccc1542fdcf24/element HTTP/1.1
User-Agent: selenium/4.10.0 (java windows)
Content-Length: 249
Content-Type: application/json; charset=utf-8
host: localhost:38631
accept: */*

Response DefaultHttpResponse(decodeResult: success, version: HTTP/1.1)
HTTP/1.1 200 OK
Content-Length: 97
Content-Type: application/json; charset=utf-8
cache-control: no-cache

13:41:23.981 [AsyncHttpClient-1-14] DEBUG org.asynchttpclient.netty.channel.ChannelManager - Adding key: http://localhost:38631 for channel [id: 0xee676906, L:/127.0.0.1:55226 - R:localhost/127.0.0.1:38631]
13:41:23.983 [Forwarding isElementDisplayed on session 7ab9999954b16c1098fccc1542fdcf24 to remote] DEBUG org.asynchttpclient.netty.request.NettyRequestSender - Using pooled Channel '[id: 0xee676906, L:/127.0.0.1:55226 - R:localhost/127.0.0.1:38631]' for 'POST' to 'http://localhost:38631/session/7ab9999954b16c1098fccc1542fdcf24/execute/sync'
13:41:23.983 [Forwarding isElementDisplayed on session 7ab9999954b16c1098fccc1542fdcf24 to remote] DEBUG org.asynchttpclient.netty.request.NettyRequestSender - Using open Channel [id: 0xee676906, L:/127.0.0.1:55226 - R:localhost/127.0.0.1:38631] for POST '/session/7ab9999954b16c1098fccc1542fdcf24/execute/sync'
13:41:23.988 [AsyncHttpClient-1-14] DEBUG org.asynchttpclient.netty.handler.HttpHandler - 

Request DefaultHttpRequest(decodeResult: success, version: HTTP/1.1)
POST /session/7ab9999954b16c1098fccc1542fdcf24/execute/sync HTTP/1.1
User-Agent: selenium/4.10.0 (java windows)
Content-Length: 48816
Content-Type: application/json; charset=utf-8
host: localhost:38631
accept: */*

Response DefaultHttpResponse(decodeResult: success, version: HTTP/1.1)
HTTP/1.1 200 OK
Content-Length: 14
Content-Type: application/json; charset=utf-8
cache-control: no-cache

13:41:23.988 [AsyncHttpClient-1-14] DEBUG org.asynchttpclient.netty.channel.ChannelManager - Adding key: http://localhost:38631 for channel [id: 0xee676906, L:/127.0.0.1:55226 - R:localhost/127.0.0.1:38631]
13:41:23.989 [Forwarding findElement on session 7ab9999954b16c1098fccc1542fdcf24 to remote] DEBUG org.asynchttpclient.netty.request.NettyRequestSender - Using pooled Channel '[id: 0xee676906, L:/127.0.0.1:55226 - R:localhost/127.0.0.1:38631]' for 'POST' to 'http://localhost:38631/session/7ab9999954b16c1098fccc1542fdcf24/element'
13:41:23.989 [Forwarding findElement on session 7ab9999954b16c1098fccc1542fdcf24 to remote] DEBUG org.asynchttpclient.netty.request.NettyRequestSender - Using open Channel [id: 0xee676906, L:/127.0.0.1:55226 - R:localhost/127.0.0.1:38631] for POST '/session/7ab9999954b16c1098fccc1542fdcf24/element'
13:41:23.993 [AsyncHttpClient-1-14] DEBUG org.asynchttpclient.netty.handler.HttpHandler - 

Request DefaultHttpRequest(decodeResult: success, version: HTTP/1.1)
POST /session/7ab9999954b16c1098fccc1542fdcf24/element HTTP/1.1
User-Agent: selenium/4.10.0 (java windows)
Content-Length: 249
Content-Type: application/json; charset=utf-8
host: localhost:38631
accept: */*

Response DefaultHttpResponse(decodeResult: success, version: HTTP/1.1)
HTTP/1.1 200 OK
Content-Length: 97
Content-Type: application/json; charset=utf-8
cache-control: no-cache

13:41:23.993 [AsyncHttpClient-1-14] DEBUG org.asynchttpclient.netty.channel.ChannelManager - Adding key: http://localhost:38631 for channel [id: 0xee676906, L:/127.0.0.1:55226 - R:localhost/127.0.0.1:38631]
13:41:23.994 [Forwarding clickElement on session 7ab9999954b16c1098fccc1542fdcf24 to remote] DEBUG org.asynchttpclient.netty.request.NettyRequestSender - Using pooled Channel '[id: 0xee676906, L:/127.0.0.1:55226 - R:localhost/127.0.0.1:38631]' for 'POST' to 'http://localhost:38631/session/7ab9999954b16c1098fccc1542fdcf24/element/EAB41257BD1B74CC4C608D1589E4BF75_element_1138/click'
13:41:23.994 [Forwarding clickElement on session 7ab9999954b16c1098fccc1542fdcf24 to remote] DEBUG org.asynchttpclient.netty.request.NettyRequestSender - Using open Channel [id: 0xee676906, L:/127.0.0.1:55226 - R:localhost/127.0.0.1:38631] for POST '/session/7ab9999954b16c1098fccc1542fdcf24/element/EAB41257BD1B74CC4C608D1589E4BF75_element_1138/click'
13:41:24.044 [AsyncHttpClient-1-14] DEBUG org.asynchttpclient.netty.handler.HttpHandler - 

Request DefaultHttpRequest(decodeResult: success, version: HTTP/1.1)
POST /session/7ab9999954b16c1098fccc1542fdcf24/element/EAB41257BD1B74CC4C608D1589E4BF75_element_1138/click HTTP/1.1
User-Agent: selenium/4.10.0 (java windows)
Content-Length: 59
Content-Type: application/json; charset=utf-8
host: localhost:38631
accept: */*

Response DefaultHttpResponse(decodeResult: success, version: HTTP/1.1)
HTTP/1.1 200 OK
Content-Length: 14
Content-Type: application/json; charset=utf-8
cache-control: no-cache

13:41:24.044 [AsyncHttpClient-1-14] DEBUG org.asynchttpclient.netty.channel.ChannelManager - Adding key: http://localhost:38631 for channel [id: 0xee676906, L:/127.0.0.1:55226 - R:localhost/127.0.0.1:38631]
13:41:24.053 [AsyncHttpClient-1-1] DEBUG org.asynchttpclient.netty.channel.DefaultChannelPool - Entry count for : http://localhost:38631 : 1
13:41:25.051 [Forwarding findElement on session 7ab9999954b16c1098fccc1542fdcf24 to remote] DEBUG org.asynchttpclient.netty.request.NettyRequestSender - Using pooled Channel '[id: 0xee676906, L:/127.0.0.1:55226 - R:localhost/127.0.0.1:38631]' for 'POST' to 'http://localhost:38631/session/7ab9999954b16c1098fccc1542fdcf24/element'
13:41:25.051 [Forwarding findElement on session 7ab9999954b16c1098fccc1542fdcf24 to remote] DEBUG org.asynchttpclient.netty.request.NettyRequestSender - Using open Channel [id: 0xee676906, L:/127.0.0.1:55226 - R:localhost/127.0.0.1:38631] for POST '/session/7ab9999954b16c1098fccc1542fdcf24/element'
13:41:26.125 [AsyncHttpClient-1-14] DEBUG org.asynchttpclient.netty.handler.HttpHandler - 

Request DefaultHttpRequest(decodeResult: success, version: HTTP/1.1)
POST /session/7ab9999954b16c1098fccc1542fdcf24/element HTTP/1.1
User-Agent: selenium/4.10.0 (java windows)
Content-Length: 110
Content-Type: application/json; charset=utf-8
host: localhost:38631
accept: */*

Response DefaultHttpResponse(decodeResult: success, version: HTTP/1.1)
HTTP/1.1 200 OK
Content-Length: 97
Content-Type: application/json; charset=utf-8
cache-control: no-cache

13:41:26.125 [AsyncHttpClient-1-14] DEBUG org.asynchttpclient.netty.channel.ChannelManager - Adding key: http://localhost:38631 for channel [id: 0xee676906, L:/127.0.0.1:55226 - R:localhost/127.0.0.1:38631]
13:41:26.126 [Forwarding isElementDisplayed on session 7ab9999954b16c1098fccc1542fdcf24 to remote] DEBUG org.asynchttpclient.netty.request.NettyRequestSender - Using pooled Channel '[id: 0xee676906, L:/127.0.0.1:55226 - R:localhost/127.0.0.1:38631]' for 'POST' to 'http://localhost:38631/session/7ab9999954b16c1098fccc1542fdcf24/execute/sync'
13:41:26.126 [Forwarding isElementDisplayed on session 7ab9999954b16c1098fccc1542fdcf24 to remote] DEBUG org.asynchttpclient.netty.request.NettyRequestSender - Using open Channel [id: 0xee676906, L:/127.0.0.1:55226 - R:localhost/127.0.0.1:38631] for POST '/session/7ab9999954b16c1098fccc1542fdcf24/execute/sync'
13:41:26.132 [AsyncHttpClient-1-14] DEBUG org.asynchttpclient.netty.handler.HttpHandler - 

Request DefaultHttpRequest(decodeResult: success, version: HTTP/1.1)
POST /session/7ab9999954b16c1098fccc1542fdcf24/execute/sync HTTP/1.1
User-Agent: selenium/4.10.0 (java windows)
Content-Length: 48816
Content-Type: application/json; charset=utf-8
host: localhost:38631
accept: */*

Response DefaultHttpResponse(decodeResult: success, version: HTTP/1.1)
HTTP/1.1 200 OK
Content-Length: 14
Content-Type: application/json; charset=utf-8
cache-control: no-cache

13:41:26.132 [AsyncHttpClient-1-14] DEBUG org.asynchttpclient.netty.channel.ChannelManager - Adding key: http://localhost:38631 for channel [id: 0xee676906, L:/127.0.0.1:55226 - R:localhost/127.0.0.1:38631]
[INFO ] 2023-07-31 13:41:26.133 [main] WebElementActions - Trying to get text value
13:41:26.133 [Forwarding findElement on session 7ab9999954b16c1098fccc1542fdcf24 to remote] DEBUG org.asynchttpclient.netty.request.NettyRequestSender - Using pooled Channel '[id: 0xee676906, L:/127.0.0.1:55226 - R:localhost/127.0.0.1:38631]' for 'POST' to 'http://localhost:38631/session/7ab9999954b16c1098fccc1542fdcf24/element'
13:41:26.133 [Forwarding findElement on session 7ab9999954b16c1098fccc1542fdcf24 to remote] DEBUG org.asynchttpclient.netty.request.NettyRequestSender - Using open Channel [id: 0xee676906, L:/127.0.0.1:55226 - R:localhost/127.0.0.1:38631] for POST '/session/7ab9999954b16c1098fccc1542fdcf24/element'
13:41:26.138 [AsyncHttpClient-1-14] DEBUG org.asynchttpclient.netty.handler.HttpHandler - 

Request DefaultHttpRequest(decodeResult: success, version: HTTP/1.1)
POST /session/7ab9999954b16c1098fccc1542fdcf24/element HTTP/1.1
User-Agent: selenium/4.10.0 (java windows)
Content-Length: 110
Content-Type: application/json; charset=utf-8
host: localhost:38631
accept: */*

Response DefaultHttpResponse(decodeResult: success, version: HTTP/1.1)
HTTP/1.1 200 OK
Content-Length: 97
Content-Type: application/json; charset=utf-8
cache-control: no-cache

13:41:26.138 [AsyncHttpClient-1-14] DEBUG org.asynchttpclient.netty.channel.ChannelManager - Adding key: http://localhost:38631 for channel [id: 0xee676906, L:/127.0.0.1:55226 - R:localhost/127.0.0.1:38631]
13:41:26.139 [Forwarding isElementDisplayed on session 7ab9999954b16c1098fccc1542fdcf24 to remote] DEBUG org.asynchttpclient.netty.request.NettyRequestSender - Using pooled Channel '[id: 0xee676906, L:/127.0.0.1:55226 - R:localhost/127.0.0.1:38631]' for 'POST' to 'http://localhost:38631/session/7ab9999954b16c1098fccc1542fdcf24/execute/sync'
13:41:26.139 [Forwarding isElementDisplayed on session 7ab9999954b16c1098fccc1542fdcf24 to remote] DEBUG org.asynchttpclient.netty.request.NettyRequestSender - Using open Channel [id: 0xee676906, L:/127.0.0.1:55226 - R:localhost/127.0.0.1:38631] for POST '/session/7ab9999954b16c1098fccc1542fdcf24/execute/sync'
13:41:26.145 [AsyncHttpClient-1-14] DEBUG org.asynchttpclient.netty.handler.HttpHandler - 

Request DefaultHttpRequest(decodeResult: success, version: HTTP/1.1)
POST /session/7ab9999954b16c1098fccc1542fdcf24/execute/sync HTTP/1.1
User-Agent: selenium/4.10.0 (java windows)
Content-Length: 48816
Content-Type: application/json; charset=utf-8
host: localhost:38631
accept: */*

Response DefaultHttpResponse(decodeResult: success, version: HTTP/1.1)
HTTP/1.1 200 OK
Content-Length: 14
Content-Type: application/json; charset=utf-8
cache-control: no-cache

13:41:26.145 [AsyncHttpClient-1-14] DEBUG org.asynchttpclient.netty.channel.ChannelManager - Adding key: http://localhost:38631 for channel [id: 0xee676906, L:/127.0.0.1:55226 - R:localhost/127.0.0.1:38631]
13:41:26.145 [Forwarding findElement on session 7ab9999954b16c1098fccc1542fdcf24 to remote] DEBUG org.asynchttpclient.netty.request.NettyRequestSender - Using pooled Channel '[id: 0xee676906, L:/127.0.0.1:55226 - R:localhost/127.0.0.1:38631]' for 'POST' to 'http://localhost:38631/session/7ab9999954b16c1098fccc1542fdcf24/element'
13:41:26.145 [Forwarding findElement on session 7ab9999954b16c1098fccc1542fdcf24 to remote] DEBUG org.asynchttpclient.netty.request.NettyRequestSender - Using open Channel [id: 0xee676906, L:/127.0.0.1:55226 - R:localhost/127.0.0.1:38631] for POST '/session/7ab9999954b16c1098fccc1542fdcf24/element'
13:41:26.150 [AsyncHttpClient-1-14] DEBUG org.asynchttpclient.netty.handler.HttpHandler - 

Request DefaultHttpRequest(decodeResult: success, version: HTTP/1.1)
POST /session/7ab9999954b16c1098fccc1542fdcf24/element HTTP/1.1
User-Agent: selenium/4.10.0 (java windows)
Content-Length: 110
Content-Type: application/json; charset=utf-8
host: localhost:38631
accept: */*

Response DefaultHttpResponse(decodeResult: success, version: HTTP/1.1)
HTTP/1.1 200 OK
Content-Length: 97
Content-Type: application/json; charset=utf-8
cache-control: no-cache

13:41:26.150 [AsyncHttpClient-1-14] DEBUG org.asynchttpclient.netty.channel.ChannelManager - Adding key: http://localhost:38631 for channel [id: 0xee676906, L:/127.0.0.1:55226 - R:localhost/127.0.0.1:38631]
13:41:26.151 [Forwarding getElementText on session 7ab9999954b16c1098fccc1542fdcf24 to remote] DEBUG org.asynchttpclient.netty.request.NettyRequestSender - Using pooled Channel '[id: 0xee676906, L:/127.0.0.1:55226 - R:localhost/127.0.0.1:38631]' for 'GET' to 'http://localhost:38631/session/7ab9999954b16c1098fccc1542fdcf24/element/EAB41257BD1B74CC4C608D1589E4BF75_element_1158/text'
13:41:26.151 [Forwarding getElementText on session 7ab9999954b16c1098fccc1542fdcf24 to remote] DEBUG org.asynchttpclient.netty.request.NettyRequestSender - Using open Channel [id: 0xee676906, L:/127.0.0.1:55226 - R:localhost/127.0.0.1:38631] for GET '/session/7ab9999954b16c1098fccc1542fdcf24/element/EAB41257BD1B74CC4C608D1589E4BF75_element_1158/text'
13:41:26.156 [AsyncHttpClient-1-14] DEBUG org.asynchttpclient.netty.handler.HttpHandler - 

Request DefaultFullHttpRequest(decodeResult: success, version: HTTP/1.1, content: EmptyByteBufBE)
GET /session/7ab9999954b16c1098fccc1542fdcf24/element/EAB41257BD1B74CC4C608D1589E4BF75_element_1158/text HTTP/1.1
Cache-Control: no-cache
User-Agent: selenium/4.10.0 (java windows)
Content-Type: application/json; charset=utf-8
host: localhost:38631
accept: */*

Response DefaultHttpResponse(decodeResult: success, version: HTTP/1.1)
HTTP/1.1 200 OK
Content-Length: 18
Content-Type: application/json; charset=utf-8
cache-control: no-cache

13:41:26.156 [AsyncHttpClient-1-14] DEBUG org.asynchttpclient.netty.channel.ChannelManager - Adding key: http://localhost:38631 for channel [id: 0xee676906, L:/127.0.0.1:55226 - R:localhost/127.0.0.1:38631]
[INFO ] 2023-07-31 13:41:26.156 [main] WebElementActions - Trying to get text value
13:41:26.157 [Forwarding findElement on session 7ab9999954b16c1098fccc1542fdcf24 to remote] DEBUG org.asynchttpclient.netty.request.NettyRequestSender - Using pooled Channel '[id: 0xee676906, L:/127.0.0.1:55226 - R:localhost/127.0.0.1:38631]' for 'POST' to 'http://localhost:38631/session/7ab9999954b16c1098fccc1542fdcf24/element'
13:41:26.157 [Forwarding findElement on session 7ab9999954b16c1098fccc1542fdcf24 to remote] DEBUG org.asynchttpclient.netty.request.NettyRequestSender - Using open Channel [id: 0xee676906, L:/127.0.0.1:55226 - R:localhost/127.0.0.1:38631] for POST '/session/7ab9999954b16c1098fccc1542fdcf24/element'
13:41:26.162 [AsyncHttpClient-1-14] DEBUG org.asynchttpclient.netty.handler.HttpHandler - 

Request DefaultHttpRequest(decodeResult: success, version: HTTP/1.1)
POST /session/7ab9999954b16c1098fccc1542fdcf24/element HTTP/1.1
User-Agent: selenium/4.10.0 (java windows)
Content-Length: 110
Content-Type: application/json; charset=utf-8
host: localhost:38631
accept: */*

Response DefaultHttpResponse(decodeResult: success, version: HTTP/1.1)
HTTP/1.1 200 OK
Content-Length: 97
Content-Type: application/json; charset=utf-8
cache-control: no-cache

13:41:26.162 [AsyncHttpClient-1-14] DEBUG org.asynchttpclient.netty.channel.ChannelManager - Adding key: http://localhost:38631 for channel [id: 0xee676906, L:/127.0.0.1:55226 - R:localhost/127.0.0.1:38631]
13:41:26.163 [Forwarding isElementDisplayed on session 7ab9999954b16c1098fccc1542fdcf24 to remote] DEBUG org.asynchttpclient.netty.request.NettyRequestSender - Using pooled Channel '[id: 0xee676906, L:/127.0.0.1:55226 - R:localhost/127.0.0.1:38631]' for 'POST' to 'http://localhost:38631/session/7ab9999954b16c1098fccc1542fdcf24/execute/sync'
13:41:26.163 [Forwarding isElementDisplayed on session 7ab9999954b16c1098fccc1542fdcf24 to remote] DEBUG org.asynchttpclient.netty.request.NettyRequestSender - Using open Channel [id: 0xee676906, L:/127.0.0.1:55226 - R:localhost/127.0.0.1:38631] for POST '/session/7ab9999954b16c1098fccc1542fdcf24/execute/sync'
13:41:26.169 [AsyncHttpClient-1-14] DEBUG org.asynchttpclient.netty.handler.HttpHandler - 

Request DefaultHttpRequest(decodeResult: success, version: HTTP/1.1)
POST /session/7ab9999954b16c1098fccc1542fdcf24/execute/sync HTTP/1.1
User-Agent: selenium/4.10.0 (java windows)
Content-Length: 48816
Content-Type: application/json; charset=utf-8
host: localhost:38631
accept: */*

Response DefaultHttpResponse(decodeResult: success, version: HTTP/1.1)
HTTP/1.1 200 OK
Content-Length: 14
Content-Type: application/json; charset=utf-8
cache-control: no-cache

13:41:26.169 [AsyncHttpClient-1-14] DEBUG org.asynchttpclient.netty.channel.ChannelManager - Adding key: http://localhost:38631 for channel [id: 0xee676906, L:/127.0.0.1:55226 - R:localhost/127.0.0.1:38631]
13:41:26.170 [Forwarding findElement on session 7ab9999954b16c1098fccc1542fdcf24 to remote] DEBUG org.asynchttpclient.netty.request.NettyRequestSender - Using pooled Channel '[id: 0xee676906, L:/127.0.0.1:55226 - R:localhost/127.0.0.1:38631]' for 'POST' to 'http://localhost:38631/session/7ab9999954b16c1098fccc1542fdcf24/element'
13:41:26.170 [Forwarding findElement on session 7ab9999954b16c1098fccc1542fdcf24 to remote] DEBUG org.asynchttpclient.netty.request.NettyRequestSender - Using open Channel [id: 0xee676906, L:/127.0.0.1:55226 - R:localhost/127.0.0.1:38631] for POST '/session/7ab9999954b16c1098fccc1542fdcf24/element'
13:41:26.175 [AsyncHttpClient-1-14] DEBUG org.asynchttpclient.netty.handler.HttpHandler - 

Request DefaultHttpRequest(decodeResult: success, version: HTTP/1.1)
POST /session/7ab9999954b16c1098fccc1542fdcf24/element HTTP/1.1
User-Agent: selenium/4.10.0 (java windows)
Content-Length: 110
Content-Type: application/json; charset=utf-8
host: localhost:38631
accept: */*

Response DefaultHttpResponse(decodeResult: success, version: HTTP/1.1)
HTTP/1.1 200 OK
Content-Length: 97
Content-Type: application/json; charset=utf-8
cache-control: no-cache

13:41:26.175 [AsyncHttpClient-1-14] DEBUG org.asynchttpclient.netty.channel.ChannelManager - Adding key: http://localhost:38631 for channel [id: 0xee676906, L:/127.0.0.1:55226 - R:localhost/127.0.0.1:38631]
13:41:26.178 [Forwarding getElementText on session 7ab9999954b16c1098fccc1542fdcf24 to remote] DEBUG org.asynchttpclient.netty.request.NettyRequestSender - Using pooled Channel '[id: 0xee676906, L:/127.0.0.1:55226 - R:localhost/127.0.0.1:38631]' for 'GET' to 'http://localhost:38631/session/7ab9999954b16c1098fccc1542fdcf24/element/EAB41257BD1B74CC4C608D1589E4BF75_element_1158/text'
13:41:26.178 [Forwarding getElementText on session 7ab9999954b16c1098fccc1542fdcf24 to remote] DEBUG org.asynchttpclient.netty.request.NettyRequestSender - Using open Channel [id: 0xee676906, L:/127.0.0.1:55226 - R:localhost/127.0.0.1:38631] for GET '/session/7ab9999954b16c1098fccc1542fdcf24/element/EAB41257BD1B74CC4C608D1589E4BF75_element_1158/text'
13:41:26.184 [AsyncHttpClient-1-14] DEBUG org.asynchttpclient.netty.handler.HttpHandler - 

Request DefaultFullHttpRequest(decodeResult: success, version: HTTP/1.1, content: EmptyByteBufBE)
GET /session/7ab9999954b16c1098fccc1542fdcf24/element/EAB41257BD1B74CC4C608D1589E4BF75_element_1158/text HTTP/1.1
Cache-Control: no-cache
User-Agent: selenium/4.10.0 (java windows)
Content-Type: application/json; charset=utf-8
host: localhost:38631
accept: */*

Response DefaultHttpResponse(decodeResult: success, version: HTTP/1.1)
HTTP/1.1 200 OK
Content-Length: 18
Content-Type: application/json; charset=utf-8
cache-control: no-cache

13:41:26.184 [AsyncHttpClient-1-14] DEBUG org.asynchttpclient.netty.channel.ChannelManager - Adding key: http://localhost:38631 for channel [id: 0xee676906, L:/127.0.0.1:55226 - R:localhost/127.0.0.1:38631]
13:41:26.185 [Forwarding findElement on session 7ab9999954b16c1098fccc1542fdcf24 to remote] DEBUG org.asynchttpclient.netty.request.NettyRequestSender - Using pooled Channel '[id: 0xee676906, L:/127.0.0.1:55226 - R:localhost/127.0.0.1:38631]' for 'POST' to 'http://localhost:38631/session/7ab9999954b16c1098fccc1542fdcf24/element'
13:41:26.185 [Forwarding findElement on session 7ab9999954b16c1098fccc1542fdcf24 to remote] DEBUG org.asynchttpclient.netty.request.NettyRequestSender - Using open Channel [id: 0xee676906, L:/127.0.0.1:55226 - R:localhost/127.0.0.1:38631] for POST '/session/7ab9999954b16c1098fccc1542fdcf24/element'
13:41:26.190 [AsyncHttpClient-1-14] DEBUG org.asynchttpclient.netty.handler.HttpHandler - 

Request DefaultHttpRequest(decodeResult: success, version: HTTP/1.1)
POST /session/7ab9999954b16c1098fccc1542fdcf24/element HTTP/1.1
User-Agent: selenium/4.10.0 (java windows)
Content-Length: 122
Content-Type: application/json; charset=utf-8
host: localhost:38631
accept: */*

Response DefaultHttpResponse(decodeResult: success, version: HTTP/1.1)
HTTP/1.1 200 OK
Content-Length: 97
Content-Type: application/json; charset=utf-8
cache-control: no-cache

13:41:26.190 [AsyncHttpClient-1-14] DEBUG org.asynchttpclient.netty.channel.ChannelManager - Adding key: http://localhost:38631 for channel [id: 0xee676906, L:/127.0.0.1:55226 - R:localhost/127.0.0.1:38631]
13:41:26.192 [Forwarding isElementDisplayed on session 7ab9999954b16c1098fccc1542fdcf24 to remote] DEBUG org.asynchttpclient.netty.request.NettyRequestSender - Using pooled Channel '[id: 0xee676906, L:/127.0.0.1:55226 - R:localhost/127.0.0.1:38631]' for 'POST' to 'http://localhost:38631/session/7ab9999954b16c1098fccc1542fdcf24/execute/sync'
13:41:26.192 [Forwarding isElementDisplayed on session 7ab9999954b16c1098fccc1542fdcf24 to remote] DEBUG org.asynchttpclient.netty.request.NettyRequestSender - Using open Channel [id: 0xee676906, L:/127.0.0.1:55226 - R:localhost/127.0.0.1:38631] for POST '/session/7ab9999954b16c1098fccc1542fdcf24/execute/sync'
13:41:26.198 [AsyncHttpClient-1-14] DEBUG org.asynchttpclient.netty.handler.HttpHandler - 

Request DefaultHttpRequest(decodeResult: success, version: HTTP/1.1)
POST /session/7ab9999954b16c1098fccc1542fdcf24/execute/sync HTTP/1.1
User-Agent: selenium/4.10.0 (java windows)
Content-Length: 48816
Content-Type: application/json; charset=utf-8
host: localhost:38631
accept: */*

Response DefaultHttpResponse(decodeResult: success, version: HTTP/1.1)
HTTP/1.1 200 OK
Content-Length: 14
Content-Type: application/json; charset=utf-8
cache-control: no-cache

13:41:26.199 [AsyncHttpClient-1-14] DEBUG org.asynchttpclient.netty.channel.ChannelManager - Adding key: http://localhost:38631 for channel [id: 0xee676906, L:/127.0.0.1:55226 - R:localhost/127.0.0.1:38631]
[INFO ] 2023-07-31 13:41:26.199 [main] WebElementActions - Trying to get text value
13:41:26.199 [Forwarding findElement on session 7ab9999954b16c1098fccc1542fdcf24 to remote] DEBUG org.asynchttpclient.netty.request.NettyRequestSender - Using pooled Channel '[id: 0xee676906, L:/127.0.0.1:55226 - R:localhost/127.0.0.1:38631]' for 'POST' to 'http://localhost:38631/session/7ab9999954b16c1098fccc1542fdcf24/element'
13:41:26.199 [Forwarding findElement on session 7ab9999954b16c1098fccc1542fdcf24 to remote] DEBUG org.asynchttpclient.netty.request.NettyRequestSender - Using open Channel [id: 0xee676906, L:/127.0.0.1:55226 - R:localhost/127.0.0.1:38631] for POST '/session/7ab9999954b16c1098fccc1542fdcf24/element'
13:41:26.207 [AsyncHttpClient-1-14] DEBUG org.asynchttpclient.netty.handler.HttpHandler - 

Request DefaultHttpRequest(decodeResult: success, version: HTTP/1.1)
POST /session/7ab9999954b16c1098fccc1542fdcf24/element HTTP/1.1
User-Agent: selenium/4.10.0 (java windows)
Content-Length: 122
Content-Type: application/json; charset=utf-8
host: localhost:38631
accept: */*

Response DefaultHttpResponse(decodeResult: success, version: HTTP/1.1)
HTTP/1.1 200 OK
Content-Length: 97
Content-Type: application/json; charset=utf-8
cache-control: no-cache

13:41:26.207 [AsyncHttpClient-1-14] DEBUG org.asynchttpclient.netty.channel.ChannelManager - Adding key: http://localhost:38631 for channel [id: 0xee676906, L:/127.0.0.1:55226 - R:localhost/127.0.0.1:38631]
13:41:26.209 [Forwarding isElementDisplayed on session 7ab9999954b16c1098fccc1542fdcf24 to remote] DEBUG org.asynchttpclient.netty.request.NettyRequestSender - Using pooled Channel '[id: 0xee676906, L:/127.0.0.1:55226 - R:localhost/127.0.0.1:38631]' for 'POST' to 'http://localhost:38631/session/7ab9999954b16c1098fccc1542fdcf24/execute/sync'
13:41:26.209 [Forwarding isElementDisplayed on session 7ab9999954b16c1098fccc1542fdcf24 to remote] DEBUG org.asynchttpclient.netty.request.NettyRequestSender - Using open Channel [id: 0xee676906, L:/127.0.0.1:55226 - R:localhost/127.0.0.1:38631] for POST '/session/7ab9999954b16c1098fccc1542fdcf24/execute/sync'
13:41:26.215 [AsyncHttpClient-1-14] DEBUG org.asynchttpclient.netty.handler.HttpHandler - 

Request DefaultHttpRequest(decodeResult: success, version: HTTP/1.1)
POST /session/7ab9999954b16c1098fccc1542fdcf24/execute/sync HTTP/1.1
User-Agent: selenium/4.10.0 (java windows)
Content-Length: 48816
Content-Type: application/json; charset=utf-8
host: localhost:38631
accept: */*

Response DefaultHttpResponse(decodeResult: success, version: HTTP/1.1)
HTTP/1.1 200 OK
Content-Length: 14
Content-Type: application/json; charset=utf-8
cache-control: no-cache

13:41:26.215 [AsyncHttpClient-1-14] DEBUG org.asynchttpclient.netty.channel.ChannelManager - Adding key: http://localhost:38631 for channel [id: 0xee676906, L:/127.0.0.1:55226 - R:localhost/127.0.0.1:38631]
13:41:26.216 [Forwarding findElement on session 7ab9999954b16c1098fccc1542fdcf24 to remote] DEBUG org.asynchttpclient.netty.request.NettyRequestSender - Using pooled Channel '[id: 0xee676906, L:/127.0.0.1:55226 - R:localhost/127.0.0.1:38631]' for 'POST' to 'http://localhost:38631/session/7ab9999954b16c1098fccc1542fdcf24/element'
13:41:26.216 [Forwarding findElement on session 7ab9999954b16c1098fccc1542fdcf24 to remote] DEBUG org.asynchttpclient.netty.request.NettyRequestSender - Using open Channel [id: 0xee676906, L:/127.0.0.1:55226 - R:localhost/127.0.0.1:38631] for POST '/session/7ab9999954b16c1098fccc1542fdcf24/element'
13:41:26.221 [AsyncHttpClient-1-14] DEBUG org.asynchttpclient.netty.handler.HttpHandler - 

Request DefaultHttpRequest(decodeResult: success, version: HTTP/1.1)
POST /session/7ab9999954b16c1098fccc1542fdcf24/element HTTP/1.1
User-Agent: selenium/4.10.0 (java windows)
Content-Length: 122
Content-Type: application/json; charset=utf-8
host: localhost:38631
accept: */*

Response DefaultHttpResponse(decodeResult: success, version: HTTP/1.1)
HTTP/1.1 200 OK
Content-Length: 97
Content-Type: application/json; charset=utf-8
cache-control: no-cache

13:41:26.221 [AsyncHttpClient-1-14] DEBUG org.asynchttpclient.netty.channel.ChannelManager - Adding key: http://localhost:38631 for channel [id: 0xee676906, L:/127.0.0.1:55226 - R:localhost/127.0.0.1:38631]
13:41:26.221 [Forwarding getElementText on session 7ab9999954b16c1098fccc1542fdcf24 to remote] DEBUG org.asynchttpclient.netty.request.NettyRequestSender - Using pooled Channel '[id: 0xee676906, L:/127.0.0.1:55226 - R:localhost/127.0.0.1:38631]' for 'GET' to 'http://localhost:38631/session/7ab9999954b16c1098fccc1542fdcf24/element/EAB41257BD1B74CC4C608D1589E4BF75_element_1159/text'
13:41:26.221 [Forwarding getElementText on session 7ab9999954b16c1098fccc1542fdcf24 to remote] DEBUG org.asynchttpclient.netty.request.NettyRequestSender - Using open Channel [id: 0xee676906, L:/127.0.0.1:55226 - R:localhost/127.0.0.1:38631] for GET '/session/7ab9999954b16c1098fccc1542fdcf24/element/EAB41257BD1B74CC4C608D1589E4BF75_element_1159/text'
13:41:26.228 [AsyncHttpClient-1-14] DEBUG org.asynchttpclient.netty.handler.HttpHandler - 

Request DefaultFullHttpRequest(decodeResult: success, version: HTTP/1.1, content: EmptyByteBufBE)
GET /session/7ab9999954b16c1098fccc1542fdcf24/element/EAB41257BD1B74CC4C608D1589E4BF75_element_1159/text HTTP/1.1
Cache-Control: no-cache
User-Agent: selenium/4.10.0 (java windows)
Content-Type: application/json; charset=utf-8
host: localhost:38631
accept: */*

Response DefaultHttpResponse(decodeResult: success, version: HTTP/1.1)
HTTP/1.1 200 OK
Content-Length: 56
Content-Type: application/json; charset=utf-8
cache-control: no-cache

13:41:26.228 [AsyncHttpClient-1-14] DEBUG org.asynchttpclient.netty.channel.ChannelManager - Adding key: http://localhost:38631 for channel [id: 0xee676906, L:/127.0.0.1:55226 - R:localhost/127.0.0.1:38631]
]]></system-out>
  </testcase>
  <testcase name="checkWithEmptyCountryFieldTest" classname="org.OptimaBusTests.uiTests.createBTNTest.MBPerevodValTest" time="24.77"/>
  <testcase name="checkWithInvalidSChetSpisanuyaTest" classname="org.OptimaBusTests.uiTests.createBTNTest.MBPerevodValTest" time="18.935"/>
  <testcase name="checkWithInvalidSchetComissiiTest" classname="org.OptimaBusTests.uiTests.createBTNTest.MBPerevodValTest" time="19.113"/>
  <testcase name="checkHElpBTN" classname="org.OptimaBusTests.uiTests.LoginTests" time="3.412">
    <failure message="stale element reference: stale element not found&#10;  (Session info: chrome=115.0.5790.110)&#10;For documentation on this error, please visit: https://www.selenium.dev/documentation/webdriver/troubleshooting/errors#stale-element-reference-exception&#10;Build info: version: &apos;4.10.0&apos;, revision: &apos;c14d967899&apos;&#10;System info: os.name: &apos;Windows 10&apos;, os.arch: &apos;amd64&apos;, os.version: &apos;10.0&apos;, java.version: &apos;11.0.16.1&apos;&#10;Driver info: org.openqa.selenium.chrome.ChromeDriver&#10;Command: [3659f41497be9ab77f5bbad58c6f1018, getElementText {id=9FCAA45D1F277E2184A466B853B8D6EF_element_93}]&#10;Capabilities {acceptInsecureCerts: false, browserName: chrome, browserVersion: 115.0.5790.110, chrome: {chromedriverVersion: 114.0.5735.90 (386bc09e8f4f..., userDataDir: C:\Users\Asus\AppData\Local...}, goog:chromeOptions: {debuggerAddress: localhost:55298}, networkConnectionEnabled: false, pageLoadStrategy: normal, platformName: windows, proxy: Proxy(), se:cdp: ws://localhost:55298/devtoo..., se:cdpVersion: 115.0.5790.110, setWindowRect: true, strictFileInteractability: false, timeouts: {implicit: 0, pageLoad: 300000, script: 30000}, unhandledPromptBehavior: dismiss and notify, webauthn:extension:credBlob: true, webauthn:extension:largeBlob: true, webauthn:extension:minPinLength: true, webauthn:extension:prf: true, webauthn:virtualAuthenticators: true}&#10;Element: [[ChromeDriver: chrome on windows (3659f41497be9ab77f5bbad58c6f1018)] -&gt; xpath: .//div[@class=&apos;user-manual__text&apos;]//span]&#10;Session ID: 3659f41497be9ab77f5bbad58c6f1018" type="org.openqa.selenium.StaleElementReferenceException">org.openqa.selenium.StaleElementReferenceException: 
stale element reference: stale element not found
  (Session info: chrome=115.0.5790.110)
For documentation on this error, please visit: https://www.selenium.dev/documentation/webdriver/troubleshooting/errors#stale-element-reference-exception
Build info: version: '4.10.0', revision: 'c14d967899'
System info: os.name: 'Windows 10', os.arch: 'amd64', os.version: '10.0', java.version: '11.0.16.1'
Driver info: org.openqa.selenium.chrome.ChromeDriver
Command: [3659f41497be9ab77f5bbad58c6f1018, getElementText {id=9FCAA45D1F277E2184A466B853B8D6EF_element_93}]
Capabilities {acceptInsecureCerts: false, browserName: chrome, browserVersion: 115.0.5790.110, chrome: {chromedriverVersion: 114.0.5735.90 (386bc09e8f4f..., userDataDir: C:\Users\Asus\AppData\Local...}, goog:chromeOptions: {debuggerAddress: localhost:55298}, networkConnectionEnabled: false, pageLoadStrategy: normal, platformName: windows, proxy: Proxy(), se:cdp: ws://localhost:55298/devtoo..., se:cdpVersion: 115.0.5790.110, setWindowRect: true, strictFileInteractability: false, timeouts: {implicit: 0, pageLoad: 300000, script: 30000}, unhandledPromptBehavior: dismiss and notify, webauthn:extension:credBlob: true, webauthn:extension:largeBlob: true, webauthn:extension:minPinLength: true, webauthn:extension:prf: true, webauthn:virtualAuthenticators: true}
Element: [[ChromeDriver: chrome on windows (3659f41497be9ab77f5bbad58c6f1018)] -> xpath: .//div[@class='user-manual__text']//span]
Session ID: 3659f41497be9ab77f5bbad58c6f1018
	at org.OptimaBusTests.uiTests.LoginTests.checkHElpBTN(LoginTests.java:39)
</failure>
    <system-out><![CDATA[13:42:29.056 [Forwarding close on session 7ab9999954b16c1098fccc1542fdcf24 to remote] DEBUG org.asynchttpclient.netty.request.NettyRequestSender - Using pooled Channel '[id: 0xee676906, L:/127.0.0.1:55226 - R:localhost/127.0.0.1:38631]' for 'DELETE' to 'http://localhost:38631/session/7ab9999954b16c1098fccc1542fdcf24/window'
13:42:29.056 [Forwarding close on session 7ab9999954b16c1098fccc1542fdcf24 to remote] DEBUG org.asynchttpclient.netty.request.NettyRequestSender - Using open Channel [id: 0xee676906, L:/127.0.0.1:55226 - R:localhost/127.0.0.1:38631] for DELETE '/session/7ab9999954b16c1098fccc1542fdcf24/window'
13:42:29.085 [AsyncHttpClient-1-16] DEBUG org.asynchttpclient.netty.handler.WebSocketHandler - Channel Closed: [id: 0xd2cb3fb2, L:/127.0.0.1:55234 ! R:localhost/127.0.0.1:55227] with attribute NettyResponseFuture{currentRetry=0,
	isDone=1,
	isCancelled=0,
	asyncHandler=org.asynchttpclient.ws.WebSocketUpgradeHandler@528fc9ec,
	nettyRequest=org.asynchttpclient.netty.request.NettyRequest@178d4dd9,
	future=java.util.concurrent.CompletableFuture@728b6ef6[Completed normally],
	uri=ws://localhost:55227/devtools/browser/246c9749-f977-4dd0-9f1f-d4170b01fe7d,
	keepAlive=true,
	redirectCount=0,
	timeoutsHolder=null,
	inAuth=0,
	touch=1690789030598}
13:42:29.086 [AsyncHttpClient-1-16] DEBUG org.asynchttpclient.netty.channel.ChannelManager - Closing Channel [id: 0xd2cb3fb2, L:/127.0.0.1:55234 ! R:localhost/127.0.0.1:55227] 
13:42:29.131 [AsyncHttpClient-1-14] DEBUG org.asynchttpclient.netty.handler.HttpHandler - 

Request DefaultFullHttpRequest(decodeResult: success, version: HTTP/1.1, content: EmptyByteBufBE)
DELETE /session/7ab9999954b16c1098fccc1542fdcf24/window HTTP/1.1
User-Agent: selenium/4.10.0 (java windows)
Content-Type: application/json; charset=utf-8
host: localhost:38631
accept: */*

Response DefaultHttpResponse(decodeResult: success, version: HTTP/1.1)
HTTP/1.1 200 OK
Content-Length: 12
Content-Type: application/json; charset=utf-8
cache-control: no-cache

13:42:29.131 [AsyncHttpClient-1-14] DEBUG org.asynchttpclient.netty.channel.ChannelManager - Adding key: http://localhost:38631 for channel [id: 0xee676906, L:/127.0.0.1:55226 - R:localhost/127.0.0.1:38631]
13:42:29.131 [Driver Command Executor] DEBUG org.asynchttpclient.netty.request.NettyRequestSender - Using pooled Channel '[id: 0xee676906, L:/127.0.0.1:55226 - R:localhost/127.0.0.1:38631]' for 'DELETE' to 'http://localhost:38631/session/7ab9999954b16c1098fccc1542fdcf24'
13:42:29.131 [Driver Command Executor] DEBUG org.asynchttpclient.netty.request.NettyRequestSender - Using open Channel [id: 0xee676906, L:/127.0.0.1:55226 - R:localhost/127.0.0.1:38631] for DELETE '/session/7ab9999954b16c1098fccc1542fdcf24'
13:42:29.199 [AsyncHttpClient-1-14] DEBUG org.asynchttpclient.netty.handler.HttpHandler - 

Request DefaultFullHttpRequest(decodeResult: success, version: HTTP/1.1, content: EmptyByteBufBE)
DELETE /session/7ab9999954b16c1098fccc1542fdcf24 HTTP/1.1
User-Agent: selenium/4.10.0 (java windows)
Content-Type: application/json; charset=utf-8
host: localhost:38631
accept: */*

Response DefaultHttpResponse(decodeResult: success, version: HTTP/1.1)
HTTP/1.1 200 OK
Content-Length: 14
Content-Type: application/json; charset=utf-8
cache-control: no-cache

13:42:29.199 [AsyncHttpClient-1-14] DEBUG org.asynchttpclient.netty.channel.ChannelManager - Adding key: http://localhost:38631 for channel [id: 0xee676906, L:/127.0.0.1:55226 - R:localhost/127.0.0.1:38631]
13:42:29.202 [AsyncHttpClient-1-14] DEBUG org.asynchttpclient.netty.handler.HttpHandler - Channel Closed: [id: 0xee676906, L:/127.0.0.1:55226 ! R:localhost/127.0.0.1:38631] with attribute DISCARD
[WARN ] 2023-07-31 13:42:29.247 [main] Driver - Starting Chromedriver
13:42:29.258 [main] DEBUG org.apache.hc.client5.http.impl.classic.InternalHttpClient - ex-0000000021 preparing request execution
13:42:29.258 [main] DEBUG org.apache.hc.client5.http.impl.classic.ProtocolExec - ex-0000000021 target auth state: UNCHALLENGED
13:42:29.258 [main] DEBUG org.apache.hc.client5.http.impl.classic.ProtocolExec - ex-0000000021 proxy auth state: UNCHALLENGED
13:42:29.258 [main] DEBUG org.apache.hc.client5.http.impl.classic.ConnectExec - ex-0000000021 acquiring connection with route {s}->https://raw.githubusercontent.com:443
13:42:29.258 [main] DEBUG org.apache.hc.client5.http.impl.classic.InternalHttpClient - ex-0000000021 acquiring endpoint (3 MINUTES)
13:42:29.258 [main] DEBUG org.apache.hc.client5.http.impl.io.PoolingHttpClientConnectionManager - ex-0000000021 endpoint lease request (3 MINUTES) [route: {s}->https://raw.githubusercontent.com:443][total available: 0; route allocated: 0 of 5; total allocated: 0 of 25]
13:42:29.258 [main] DEBUG org.apache.hc.client5.http.impl.io.PoolingHttpClientConnectionManager - ex-0000000021 endpoint leased [route: {s}->https://raw.githubusercontent.com:443][total available: 0; route allocated: 1 of 5; total allocated: 1 of 25]
13:42:29.258 [main] DEBUG org.apache.hc.client5.http.impl.io.PoolingHttpClientConnectionManager - ex-0000000021 acquired ep-0000000021
13:42:29.258 [main] DEBUG org.apache.hc.client5.http.impl.classic.InternalHttpClient - ex-0000000021 acquired endpoint ep-0000000021
13:42:29.258 [main] DEBUG org.apache.hc.client5.http.impl.classic.ConnectExec - ex-0000000021 opening connection {s}->https://raw.githubusercontent.com:443
13:42:29.258 [main] DEBUG org.apache.hc.client5.http.impl.classic.InternalHttpClient - ep-0000000021 connecting endpoint (null)
13:42:29.258 [main] DEBUG org.apache.hc.client5.http.impl.io.PoolingHttpClientConnectionManager - ep-0000000021 connecting endpoint to https://raw.githubusercontent.com:443 (30 SECONDS)
13:42:29.258 [main] DEBUG org.apache.hc.client5.http.impl.io.DefaultHttpClientConnectionOperator - raw.githubusercontent.com resolving remote address
13:42:29.259 [main] DEBUG org.apache.hc.client5.http.impl.io.DefaultHttpClientConnectionOperator - raw.githubusercontent.com resolved to [raw.githubusercontent.com/185.199.108.133, raw.githubusercontent.com/185.199.110.133, raw.githubusercontent.com/185.199.111.133, raw.githubusercontent.com/185.199.109.133]
13:42:29.259 [main] DEBUG org.apache.hc.client5.http.impl.io.DefaultHttpClientConnectionOperator - raw.githubusercontent.com:443 connecting null->raw.githubusercontent.com/185.199.108.133:443 (30 SECONDS)
13:42:29.259 [main] DEBUG org.apache.hc.client5.http.ssl.SSLConnectionSocketFactory - Connecting socket to raw.githubusercontent.com/185.199.108.133:443 with timeout 30 SECONDS
13:42:29.382 [main] DEBUG org.apache.hc.client5.http.ssl.SSLConnectionSocketFactory - Enabled protocols: [TLSv1.3, TLSv1.2]
13:42:29.382 [main] DEBUG org.apache.hc.client5.http.ssl.SSLConnectionSocketFactory - Enabled cipher suites: [TLS_AES_256_GCM_SHA384, TLS_AES_128_GCM_SHA256, TLS_CHACHA20_POLY1305_SHA256, TLS_ECDHE_ECDSA_WITH_AES_256_GCM_SHA384, TLS_ECDHE_ECDSA_WITH_AES_128_GCM_SHA256, TLS_ECDHE_ECDSA_WITH_CHACHA20_POLY1305_SHA256, TLS_ECDHE_RSA_WITH_AES_256_GCM_SHA384, TLS_ECDHE_RSA_WITH_CHACHA20_POLY1305_SHA256, TLS_ECDHE_RSA_WITH_AES_128_GCM_SHA256, TLS_DHE_RSA_WITH_AES_256_GCM_SHA384, TLS_DHE_RSA_WITH_CHACHA20_POLY1305_SHA256, TLS_DHE_DSS_WITH_AES_256_GCM_SHA384, TLS_DHE_RSA_WITH_AES_128_GCM_SHA256, TLS_DHE_DSS_WITH_AES_128_GCM_SHA256, TLS_ECDHE_ECDSA_WITH_AES_256_CBC_SHA384, TLS_ECDHE_RSA_WITH_AES_256_CBC_SHA384, TLS_ECDHE_ECDSA_WITH_AES_128_CBC_SHA256, TLS_ECDHE_RSA_WITH_AES_128_CBC_SHA256, TLS_DHE_RSA_WITH_AES_256_CBC_SHA256, TLS_DHE_DSS_WITH_AES_256_CBC_SHA256, TLS_DHE_RSA_WITH_AES_128_CBC_SHA256, TLS_DHE_DSS_WITH_AES_128_CBC_SHA256, TLS_ECDH_ECDSA_WITH_AES_256_GCM_SHA384, TLS_ECDH_RSA_WITH_AES_256_GCM_SHA384, TLS_ECDH_ECDSA_WITH_AES_128_GCM_SHA256, TLS_ECDH_RSA_WITH_AES_128_GCM_SHA256, TLS_ECDH_ECDSA_WITH_AES_256_CBC_SHA384, TLS_ECDH_RSA_WITH_AES_256_CBC_SHA384, TLS_ECDH_ECDSA_WITH_AES_128_CBC_SHA256, TLS_ECDH_RSA_WITH_AES_128_CBC_SHA256, TLS_ECDHE_ECDSA_WITH_AES_256_CBC_SHA, TLS_ECDHE_RSA_WITH_AES_256_CBC_SHA, TLS_ECDHE_ECDSA_WITH_AES_128_CBC_SHA, TLS_ECDHE_RSA_WITH_AES_128_CBC_SHA, TLS_DHE_RSA_WITH_AES_256_CBC_SHA, TLS_DHE_DSS_WITH_AES_256_CBC_SHA, TLS_DHE_RSA_WITH_AES_128_CBC_SHA, TLS_DHE_DSS_WITH_AES_128_CBC_SHA, TLS_ECDH_ECDSA_WITH_AES_256_CBC_SHA, TLS_ECDH_RSA_WITH_AES_256_CBC_SHA, TLS_ECDH_ECDSA_WITH_AES_128_CBC_SHA, TLS_ECDH_RSA_WITH_AES_128_CBC_SHA, TLS_RSA_WITH_AES_256_GCM_SHA384, TLS_RSA_WITH_AES_128_GCM_SHA256, TLS_RSA_WITH_AES_256_CBC_SHA256, TLS_RSA_WITH_AES_128_CBC_SHA256, TLS_RSA_WITH_AES_256_CBC_SHA, TLS_RSA_WITH_AES_128_CBC_SHA, TLS_EMPTY_RENEGOTIATION_INFO_SCSV]
13:42:29.382 [main] DEBUG org.apache.hc.client5.http.ssl.SSLConnectionSocketFactory - Starting handshake (null)
13:42:29.525 [main] DEBUG org.apache.hc.client5.http.ssl.SSLConnectionSocketFactory - Secure session established
13:42:29.525 [main] DEBUG org.apache.hc.client5.http.ssl.SSLConnectionSocketFactory -  negotiated protocol: TLSv1.3
13:42:29.525 [main] DEBUG org.apache.hc.client5.http.ssl.SSLConnectionSocketFactory -  negotiated cipher suite: TLS_AES_256_GCM_SHA384
13:42:29.525 [main] DEBUG org.apache.hc.client5.http.ssl.SSLConnectionSocketFactory -  peer principal: CN=*.github.io, O="GitHub, Inc.", L=San Francisco, ST=California, C=US
13:42:29.525 [main] DEBUG org.apache.hc.client5.http.ssl.SSLConnectionSocketFactory -  peer alternative names: [*.github.io, github.io, *.github.com, github.com, www.github.com, *.githubusercontent.com, githubusercontent.com]
13:42:29.525 [main] DEBUG org.apache.hc.client5.http.ssl.SSLConnectionSocketFactory -  issuer principal: CN=DigiCert TLS RSA SHA256 2020 CA1, O=DigiCert Inc, C=US
13:42:29.525 [main] DEBUG org.apache.hc.client5.http.impl.io.DefaultManagedHttpClientConnection - http-outgoing-15 set socket timeout to 3 MINUTES
13:42:29.525 [main] DEBUG org.apache.hc.client5.http.impl.io.DefaultHttpClientConnectionOperator - raw.githubusercontent.com:443 connected null->raw.githubusercontent.com/185.199.108.133:443 as http-outgoing-15
13:42:29.525 [main] DEBUG org.apache.hc.client5.http.impl.io.PoolingHttpClientConnectionManager - ep-0000000021 connected http-outgoing-15
13:42:29.525 [main] DEBUG org.apache.hc.client5.http.impl.classic.InternalHttpClient - ep-0000000021 endpoint connected
13:42:29.525 [main] DEBUG org.apache.hc.client5.http.impl.classic.MainClientExec - ex-0000000021 executing GET /bonigarcia/webdrivermanager/master/src/main/resources/commands.properties HTTP/1.1
13:42:29.525 [main] DEBUG org.apache.hc.client5.http.protocol.RequestAddCookies - ex-0000000021 Cookie spec selected: strict
13:42:29.525 [main] DEBUG org.apache.hc.client5.http.impl.classic.InternalHttpClient - ep-0000000021 start execution ex-0000000021
13:42:29.525 [main] DEBUG org.apache.hc.client5.http.impl.io.PoolingHttpClientConnectionManager - ep-0000000021 executing exchange ex-0000000021 over http-outgoing-15
13:42:29.525 [main] DEBUG org.apache.hc.client5.http.headers - http-outgoing-15 >> GET /bonigarcia/webdrivermanager/master/src/main/resources/commands.properties HTTP/1.1
13:42:29.525 [main] DEBUG org.apache.hc.client5.http.headers - http-outgoing-15 >> user-agent: Apache-HttpClient/5.0
13:42:29.525 [main] DEBUG org.apache.hc.client5.http.headers - http-outgoing-15 >> accept-encoding: gzip, deflate, br
13:42:29.525 [main] DEBUG org.apache.hc.client5.http.headers - http-outgoing-15 >> cache-control: max-age=0
13:42:29.525 [main] DEBUG org.apache.hc.client5.http.headers - http-outgoing-15 >> connection: keep-alive
13:42:29.525 [main] DEBUG org.apache.hc.client5.http.headers - http-outgoing-15 >> Host: raw.githubusercontent.com
13:42:29.525 [main] DEBUG org.apache.hc.client5.http.wire - http-outgoing-15 >> "GET /bonigarcia/webdrivermanager/master/src/main/resources/commands.properties HTTP/1.1[\r][\n]"
13:42:29.525 [main] DEBUG org.apache.hc.client5.http.wire - http-outgoing-15 >> "user-agent: Apache-HttpClient/5.0[\r][\n]"
13:42:29.525 [main] DEBUG org.apache.hc.client5.http.wire - http-outgoing-15 >> "accept-encoding: gzip, deflate, br[\r][\n]"
13:42:29.525 [main] DEBUG org.apache.hc.client5.http.wire - http-outgoing-15 >> "cache-control: max-age=0[\r][\n]"
13:42:29.525 [main] DEBUG org.apache.hc.client5.http.wire - http-outgoing-15 >> "connection: keep-alive[\r][\n]"
13:42:29.525 [main] DEBUG org.apache.hc.client5.http.wire - http-outgoing-15 >> "Host: raw.githubusercontent.com[\r][\n]"
13:42:29.525 [main] DEBUG org.apache.hc.client5.http.wire - http-outgoing-15 >> "[\r][\n]"
13:42:29.659 [main] DEBUG org.apache.hc.client5.http.wire - http-outgoing-15 << "HTTP/1.1 200 OK[\r][\n]"
13:42:29.659 [main] DEBUG org.apache.hc.client5.http.wire - http-outgoing-15 << "Connection: keep-alive[\r][\n]"
13:42:29.659 [main] DEBUG org.apache.hc.client5.http.wire - http-outgoing-15 << "Content-Length: 723[\r][\n]"
13:42:29.659 [main] DEBUG org.apache.hc.client5.http.wire - http-outgoing-15 << "Cache-Control: max-age=300[\r][\n]"
13:42:29.659 [main] DEBUG org.apache.hc.client5.http.wire - http-outgoing-15 << "Content-Security-Policy: default-src 'none'; style-src 'unsafe-inline'; sandbox[\r][\n]"
13:42:29.659 [main] DEBUG org.apache.hc.client5.http.wire - http-outgoing-15 << "Content-Type: text/plain; charset=utf-8[\r][\n]"
13:42:29.659 [main] DEBUG org.apache.hc.client5.http.wire - http-outgoing-15 << "ETag: W/"e82b438271e9e8680c688b0b680efd0bdd22faa6d6f0a32fc1fd8accc486b67e"[\r][\n]"
13:42:29.659 [main] DEBUG org.apache.hc.client5.http.wire - http-outgoing-15 << "Strict-Transport-Security: max-age=31536000[\r][\n]"
13:42:29.659 [main] DEBUG org.apache.hc.client5.http.wire - http-outgoing-15 << "X-Content-Type-Options: nosniff[\r][\n]"
13:42:29.659 [main] DEBUG org.apache.hc.client5.http.wire - http-outgoing-15 << "X-Frame-Options: deny[\r][\n]"
13:42:29.659 [main] DEBUG org.apache.hc.client5.http.wire - http-outgoing-15 << "X-XSS-Protection: 1; mode=block[\r][\n]"
13:42:29.659 [main] DEBUG org.apache.hc.client5.http.wire - http-outgoing-15 << "X-GitHub-Request-Id: 0DA8:ACC3:529747:55C146:64C1CDEC[\r][\n]"
13:42:29.659 [main] DEBUG org.apache.hc.client5.http.wire - http-outgoing-15 << "Content-Encoding: gzip[\r][\n]"
13:42:29.659 [main] DEBUG org.apache.hc.client5.http.wire - http-outgoing-15 << "Accept-Ranges: bytes[\r][\n]"
13:42:29.659 [main] DEBUG org.apache.hc.client5.http.wire - http-outgoing-15 << "Date: Mon, 31 Jul 2023 07:42:28 GMT[\r][\n]"
13:42:29.659 [main] DEBUG org.apache.hc.client5.http.wire - http-outgoing-15 << "Via: 1.1 varnish[\r][\n]"
13:42:29.659 [main] DEBUG org.apache.hc.client5.http.wire - http-outgoing-15 << "X-Served-By: cache-fra-eddf8230137-FRA[\r][\n]"
13:42:29.659 [main] DEBUG org.apache.hc.client5.http.wire - http-outgoing-15 << "X-Cache: HIT[\r][\n]"
13:42:29.659 [main] DEBUG org.apache.hc.client5.http.wire - http-outgoing-15 << "X-Cache-Hits: 7[\r][\n]"
13:42:29.659 [main] DEBUG org.apache.hc.client5.http.wire - http-outgoing-15 << "X-Timer: S1690789348.130790,VS0,VE0[\r][\n]"
13:42:29.659 [main] DEBUG org.apache.hc.client5.http.wire - http-outgoing-15 << "Vary: Authorization,Accept-Encoding,Origin[\r][\n]"
13:42:29.659 [main] DEBUG org.apache.hc.client5.http.wire - http-outgoing-15 << "Access-Control-Allow-Origin: *[\r][\n]"
13:42:29.659 [main] DEBUG org.apache.hc.client5.http.wire - http-outgoing-15 << "Cross-Origin-Resource-Policy: cross-origin[\r][\n]"
13:42:29.659 [main] DEBUG org.apache.hc.client5.http.wire - http-outgoing-15 << "X-Fastly-Request-ID: b91348ae691cbb404df06699838d86eeca5e7f41[\r][\n]"
13:42:29.659 [main] DEBUG org.apache.hc.client5.http.wire - http-outgoing-15 << "Expires: Mon, 31 Jul 2023 07:47:28 GMT[\r][\n]"
13:42:29.659 [main] DEBUG org.apache.hc.client5.http.wire - http-outgoing-15 << "Source-Age: 160[\r][\n]"
13:42:29.659 [main] DEBUG org.apache.hc.client5.http.wire - http-outgoing-15 << "[\r][\n]"
13:42:29.659 [main] DEBUG org.apache.hc.client5.http.headers - http-outgoing-15 << HTTP/1.1 200 OK
13:42:29.659 [main] DEBUG org.apache.hc.client5.http.headers - http-outgoing-15 << Connection: keep-alive
13:42:29.659 [main] DEBUG org.apache.hc.client5.http.headers - http-outgoing-15 << Content-Length: 723
13:42:29.659 [main] DEBUG org.apache.hc.client5.http.headers - http-outgoing-15 << Cache-Control: max-age=300
13:42:29.659 [main] DEBUG org.apache.hc.client5.http.headers - http-outgoing-15 << Content-Security-Policy: default-src 'none'; style-src 'unsafe-inline'; sandbox
13:42:29.659 [main] DEBUG org.apache.hc.client5.http.headers - http-outgoing-15 << Content-Type: text/plain; charset=utf-8
13:42:29.659 [main] DEBUG org.apache.hc.client5.http.headers - http-outgoing-15 << ETag: W/"e82b438271e9e8680c688b0b680efd0bdd22faa6d6f0a32fc1fd8accc486b67e"
13:42:29.659 [main] DEBUG org.apache.hc.client5.http.headers - http-outgoing-15 << Strict-Transport-Security: max-age=31536000
13:42:29.659 [main] DEBUG org.apache.hc.client5.http.headers - http-outgoing-15 << X-Content-Type-Options: nosniff
13:42:29.659 [main] DEBUG org.apache.hc.client5.http.headers - http-outgoing-15 << X-Frame-Options: deny
13:42:29.659 [main] DEBUG org.apache.hc.client5.http.headers - http-outgoing-15 << X-XSS-Protection: 1; mode=block
13:42:29.659 [main] DEBUG org.apache.hc.client5.http.headers - http-outgoing-15 << X-GitHub-Request-Id: 0DA8:ACC3:529747:55C146:64C1CDEC
13:42:29.659 [main] DEBUG org.apache.hc.client5.http.headers - http-outgoing-15 << Content-Encoding: gzip
13:42:29.659 [main] DEBUG org.apache.hc.client5.http.headers - http-outgoing-15 << Accept-Ranges: bytes
13:42:29.659 [main] DEBUG org.apache.hc.client5.http.headers - http-outgoing-15 << Date: Mon, 31 Jul 2023 07:42:28 GMT
13:42:29.659 [main] DEBUG org.apache.hc.client5.http.headers - http-outgoing-15 << Via: 1.1 varnish
13:42:29.659 [main] DEBUG org.apache.hc.client5.http.headers - http-outgoing-15 << X-Served-By: cache-fra-eddf8230137-FRA
13:42:29.659 [main] DEBUG org.apache.hc.client5.http.headers - http-outgoing-15 << X-Cache: HIT
13:42:29.659 [main] DEBUG org.apache.hc.client5.http.headers - http-outgoing-15 << X-Cache-Hits: 7
13:42:29.659 [main] DEBUG org.apache.hc.client5.http.headers - http-outgoing-15 << X-Timer: S1690789348.130790,VS0,VE0
13:42:29.659 [main] DEBUG org.apache.hc.client5.http.headers - http-outgoing-15 << Vary: Authorization,Accept-Encoding,Origin
13:42:29.659 [main] DEBUG org.apache.hc.client5.http.headers - http-outgoing-15 << Access-Control-Allow-Origin: *
13:42:29.659 [main] DEBUG org.apache.hc.client5.http.headers - http-outgoing-15 << Cross-Origin-Resource-Policy: cross-origin
13:42:29.659 [main] DEBUG org.apache.hc.client5.http.headers - http-outgoing-15 << X-Fastly-Request-ID: b91348ae691cbb404df06699838d86eeca5e7f41
13:42:29.659 [main] DEBUG org.apache.hc.client5.http.headers - http-outgoing-15 << Expires: Mon, 31 Jul 2023 07:47:28 GMT
13:42:29.660 [main] DEBUG org.apache.hc.client5.http.headers - http-outgoing-15 << Source-Age: 160
13:42:29.660 [main] DEBUG org.apache.hc.client5.http.impl.classic.MainClientExec - ex-0000000021 connection can be kept alive for 3 MINUTES
13:42:29.660 [main] DEBUG org.apache.hc.client5.http.wire - http-outgoing-15 << "[0x1f][0xffffff8b][0x8][0x0][0x0][0x0][0x0][0x0][0x0][0x3][0xffffffb5]V]o[0xffffffda]0[0x14]}[0xffffffe7]W\[0xffffff81]*[0xffffffb5][0x12][0x1f][[M[0xffffffd3]$[0x1e]hF[0xffffffbb]i [0x18][0xffffffb4][0xffffffdd]&[0xfffffff9][0xffffffc5]$7[0xffffffc1]R[0x12]#;[0xffffff94]v[0xffffffbf]~[0xffffffb6][0xfffffff3]1[0xffffff92][0xffffff9a][0xffffffc1][0x1a]x[0xffffffcb][0xffffffb5][0xffffffaf][0xffffffcf]9[0xffffffbe][0xfffffff7]8v[0xb][0x1c][0x1e]E4[0xfffffff6]$x4[0xffffffa1][0xb]*[0xffffffb1][0xffffffd1][0xffffff82][0xfffffffb]%[0xffffff93][0xffffffe0][0xffffffb3][0x10][0xffffffc1][0xffffffe5]qBY,!Y[0xffffffea] KM8,[0x10][0xfffffff0][0x19][0xffffffdd]u[0xffffff82][0x1e][0xffffffb0][0xffffffd8]L[0xffffffcb]%[0xffffff86][0xffffffa1][0xe][0xffffffb8][0xfffffff0]P[0xffffffe8]$[0xf][0x13]t[0x13]3[0xfffffff9][0xffffff84]B2[0xffffffae][0xffffffe6]|@[0xfffffff5][0x1d][0x8][0xffffffc4][0x18][0x16][0xffffff82]o[0xffffffa4][0xffffff9a]P[0xffffff94][0xffffffe7][0xffffffce]R[0xfffffff0][0x8][0xffffffdb]p[0xffffffcb][0x4][0xfffffffa][0xfffffffc][0xffffffb9][\r][0xffffff93][0x15][\n]"
13:42:29.660 [main] DEBUG org.apache.hc.client5.http.wire - http-outgoing-15 << "[0xffffffda][0xffffff86][0xffffffa1][0x17][0xffffffa8]Q3[0xffffffcb][0xffffffd6][0xffffffd1][0xffffff85][0xffffffc6][0xfffffff7][0xffffff98][0xffffffef][0xffffffa3][0xffffffc0]8[0x1][0xffffffae]s[0x12][0x16][0x7] _d[0xffffff82][0xffffff91][0xffffff84][0xfffffff3][0x1f],[0xfffffff6][0x14]j[0x1b]F,^+[0xffffff98]1ua2[0xffffffbf]h([0xffffff8e][0xffffff94][0xffffffa2][0xffffff91]m[0xffffffa3][0xffffffeb][0xffffff9a][0xffffffb0][0xffffffbb]I[0x17]t[0xffffffdf][0xffffffbd][0xffffffef][0xffffffbb][0xffffff91][0xffffffd7]U[0xffffffbb][0xffffff82][0xffffff9e][0x3][0xffffff9b][0xffffff88][0xffffffb9][0xffffffa6]$[0xffffffa6][0xc][0xffffff9b][0xffffffa5][0xffffffe2][0xffffff83][0xffffff98]F[0xffffffd8]o[0xffffff9e]Mg[0xffffff93][0xffffffbb][0xffffffd9]`|[0xfffffffb]u4[0xffffff9c][0x7f]"}B[0xffffffce][0x8][0xffffffb9][0xffffffe3]<[0x8][0xffffff91][0xffffff90][0xffffff94][0xffffff82][0xffffff90][0xffffffc1]j[0x15]2WI[0xffffffe3]1![0x19][0xffffff91]BnB[0xffffff80][0x9]<f[0xffffffb5][0xffffffe8]=[0xffffffd1]p[0xffffffbd][[0xffffffcf][0xffffffe5][0x1b][0xfffffff4][0xffffff9c][0xffffffff][0xfffffffc][0xfffffff8][0xffffffe1][0xffffffe2][0xffffff94][0xffffffa2][0xffffffae][0xe][0x14]5[0xffffff9a]8[0xffffff83][0xffffffd1]`:[0xfffffffd]<[0xffffffb8][0x1f][0xffffff9c]R[0xffffffcf]u[0x7f]6[0xffffffbc][0xffffff83][0xffffffef][0xf][0xffffffc3][0xffffffd9]/[0xfffffff8][0xfffffff2][0xffffffcd]y s[0xffffffee]'[0x1b]*0g[0xffffffcb][0xffffffc8]nF7H][0xffffff83][0xffffff97]{[0xffffffb1]Q[0x5][\r][0xffffffb5]c[0xffffffb4][0xf][0x2][0xffffffb3][0xffffffb4][0xffffff93][0xe]C[0xffffffa7][0xffffffb3]kAD][0xffffff9d][0xffffffde][0xffffffdb][0xffffffda][0xffffff88][0xffffffec][0xffffffa5][0xffffffbc][0xffffff99][0xffffffd9][0xffffffba]t[0xffffffb5][0xffffffea]9[0xffffffea][0x10])[0xffffffb7][0xffffffca][0xffffff9e][0xfffffff2][0xffffffe2]d^N[0xffffffd8]FW[0x16][0xffffffcd][0xffffffdc]_[0x10][0xfffffff9]i|[0x1c][0xffffff93][0xffffff8e][0xfffffff9]o[0x16][0xffffff86]4'!$G[0xffffffdf]W[0xfffffff4]W*j[[0xfffffff3]xR[0xffffffae][0xffffffb6][0xc][0xffffffd0],; #[0xffffffa9][0xffffff92]5[0xffffffb5][0x7][0xffffff9c][0xffffffb5][0xffffffd0][0x7f][0xffffff90][0xffffffc7]jgs[0xfffffffc][0xffffffc2][0xb][0xffffffd9][0x0]t[0xffffff9e]^'Y[0xfffffffb][0xffffff9f][0xffffffb1][0xffffffd8]:[0xffffffbf][0xffffff8d][0xffffffa5][0xffffff9a][0xffffffad][0x7f]m[0x5]&[0xffffffaa][0xffffffa0]^[0xffffff9b][0xffffffcb][0x5]f[0xffffffae][0xffffffe0]RU[0xffffff82][0x10]MS9l[0xffffff91]4t[0xfffffffb][0xffffff8a]][0xffffffd6][0xfffffff4][0xffffff96][0xffffffa6][0xffffff9f]P[0xffffffce][0xffffffd5][0xffffffce][0xffffff93][0xffffffff][0xffffff97][0xffffffcc]p[0xfffffffd][0xfffffff3][0xffffffe8][0x1b][0xffffffcc][0xffffffa2][0xffffffd9]Q[0xffffffbe][0xffffffb2][0xffffffa3][0xffffffc7]m'[0xffffffdf][0xffffffe4][[0xfffffffb]^[0xffffffb0][0xffffff9a][0xffffffbe][0xffffffda][0xffffffda]_[0xffffffce][0xffffff80][0xffffffd2][0xffffffc1]7[0xffffffb7]][0xffffffc1]b[0xffffffee][0xffffffb5][0xffffffff]w[0xffffff83][0xffffffed][0xffffffa7];[0x15]<[0x10]4[0xffffff92][0xffffff84][0x18][\n]"
13:42:29.660 [main] DEBUG org.apache.hc.client5.http.wire - http-outgoing-15 << "BB[0xffffffba][0xffffff8e]][0xffffffb5]jo[0xffffffb9]+"[0xffffffea][0xffffffb4][0xffffffff]h"[0xffffffea]\?5[0xffffffa9][0xffffffaf]k[0xffffffec][0xffffffff]P[0xffffffea][\n]"
13:42:29.660 [main] DEBUG org.apache.hc.client5.http.wire - http-outgoing-15 << "w[0xffffffe1]K[0x13][0xffffffda][0xffffffec][0xffffff98][0xffffffe6]Y[0xfffffffd]h8m6[0xffffff9c]T[0xffffffc1][0xfffffff2][0xffffffa7][0xffffff91]z_[0xffffff95]o85p[0x1c][0x13][0xffffffe6][0xfffffff0]5[0xffffffee][0xfffffffc][0xffffff92][0xffffff96][0xffffffda][0xfffffff7][0xffffffcf][0xffffffb1][0x5][0x1d][0xffffffea]K[0xffffff9b]9[0xffffff8e][0xffffffad]e[0xfffffff7][0xffffff93][0xffffffa8]`[0xffffffda][0xffffffff][0x1a][0xffffffd2][0xffffff88][0xffffff85][0xfffffffd][0xfffffff2][0xffffff91]N[0xfffffff6]`[0xffffffdf]2[0xffffffcf][0xffffffae]E[0xffffff97][0xffffffc5][0xffffffa2][0xffffff9d][0xffffffef]'[0xffffff9d]mun.[0xffffffd3]f^[0xffffffc7][0xffffff82][0xffffffda][0xffffff82]9[0xfffffff5][0xffffffa9]`[0x5][0xffffffbc]4[0xffffffa1][0x1d]<M[0xffffffb5]A[0xffffffa7]3[[0xffffffc0][0x7f][0x0][0xffffffc1][0xffffffd0]$[0xffffff85][0x1d][\r][0x0][0x0]"
13:42:29.660 [main] DEBUG org.apache.hc.client5.http.impl.classic.InternalHttpClient - ep-0000000021 releasing valid endpoint
13:42:29.660 [main] DEBUG org.apache.hc.client5.http.impl.io.PoolingHttpClientConnectionManager - ep-0000000021 releasing endpoint
13:42:29.660 [main] DEBUG org.apache.hc.client5.http.impl.io.PoolingHttpClientConnectionManager - ep-0000000021 connection http-outgoing-15 can be kept alive for 3 MINUTES
13:42:29.660 [main] DEBUG org.apache.hc.client5.http.impl.io.PoolingHttpClientConnectionManager - ep-0000000021 connection released [route: {s}->https://raw.githubusercontent.com:443][total available: 1; route allocated: 1 of 5; total allocated: 1 of 25]
13:42:29.660 [main] DEBUG io.github.bonigarcia.wdm.versions.VersionDetector - Detecting chrome version using online commands.properties
13:42:29.661 [main] DEBUG io.github.bonigarcia.wdm.versions.Shell - Running command on the shell: [cmd.exe, /C, wmic, datafile, where, name="%PROGRAMFILES:\=\\%\\Google\\Chrome\\Application\\chrome.exe", get, Version, /value]
13:42:29.760 [main] DEBUG io.github.bonigarcia.wdm.versions.Shell - Result: Version=115.0.5790.110
13:42:29.762 [main] DEBUG org.apache.hc.client5.http.impl.classic.InternalHttpClient - ex-0000000022 preparing request execution
13:42:29.762 [main] DEBUG org.apache.hc.client5.http.impl.classic.ProtocolExec - ex-0000000022 target auth state: UNCHALLENGED
13:42:29.762 [main] DEBUG org.apache.hc.client5.http.impl.classic.ProtocolExec - ex-0000000022 proxy auth state: UNCHALLENGED
13:42:29.762 [main] DEBUG org.apache.hc.client5.http.impl.classic.ConnectExec - ex-0000000022 acquiring connection with route {s}->https://chromedriver.storage.googleapis.com:443
13:42:29.762 [main] DEBUG org.apache.hc.client5.http.impl.classic.InternalHttpClient - ex-0000000022 acquiring endpoint (3 MINUTES)
13:42:29.762 [main] DEBUG org.apache.hc.client5.http.impl.io.PoolingHttpClientConnectionManager - ex-0000000022 endpoint lease request (3 MINUTES) [route: {s}->https://chromedriver.storage.googleapis.com:443][total available: 1; route allocated: 0 of 5; total allocated: 1 of 25]
13:42:29.762 [main] DEBUG org.apache.hc.client5.http.impl.io.PoolingHttpClientConnectionManager - ex-0000000022 endpoint leased [route: {s}->https://chromedriver.storage.googleapis.com:443][total available: 1; route allocated: 1 of 5; total allocated: 2 of 25]
13:42:29.762 [main] DEBUG org.apache.hc.client5.http.impl.io.PoolingHttpClientConnectionManager - ex-0000000022 acquired ep-0000000022
13:42:29.762 [main] DEBUG org.apache.hc.client5.http.impl.classic.InternalHttpClient - ex-0000000022 acquired endpoint ep-0000000022
13:42:29.762 [main] DEBUG org.apache.hc.client5.http.impl.classic.ConnectExec - ex-0000000022 opening connection {s}->https://chromedriver.storage.googleapis.com:443
13:42:29.762 [main] DEBUG org.apache.hc.client5.http.impl.classic.InternalHttpClient - ep-0000000022 connecting endpoint (null)
13:42:29.762 [main] DEBUG org.apache.hc.client5.http.impl.io.PoolingHttpClientConnectionManager - ep-0000000022 connecting endpoint to https://chromedriver.storage.googleapis.com:443 (30 SECONDS)
13:42:29.762 [main] DEBUG org.apache.hc.client5.http.impl.io.DefaultHttpClientConnectionOperator - chromedriver.storage.googleapis.com resolving remote address
13:42:29.876 [main] DEBUG org.apache.hc.client5.http.impl.io.DefaultHttpClientConnectionOperator - chromedriver.storage.googleapis.com resolved to [chromedriver.storage.googleapis.com/173.194.221.128, chromedriver.storage.googleapis.com/64.233.161.128, chromedriver.storage.googleapis.com/64.233.162.128, chromedriver.storage.googleapis.com/74.125.205.128, chromedriver.storage.googleapis.com/64.233.164.128, chromedriver.storage.googleapis.com/108.177.14.128, chromedriver.storage.googleapis.com/64.233.165.128, chromedriver.storage.googleapis.com/64.233.163.128, chromedriver.storage.googleapis.com/142.250.150.128, chromedriver.storage.googleapis.com/209.85.233.128, chromedriver.storage.googleapis.com/173.194.220.128, chromedriver.storage.googleapis.com/173.194.222.128, chromedriver.storage.googleapis.com/173.194.73.128, chromedriver.storage.googleapis.com/142.251.1.128]
13:42:29.876 [main] DEBUG org.apache.hc.client5.http.impl.io.DefaultHttpClientConnectionOperator - chromedriver.storage.googleapis.com:443 connecting null->chromedriver.storage.googleapis.com/173.194.221.128:443 (30 SECONDS)
13:42:29.876 [main] DEBUG org.apache.hc.client5.http.ssl.SSLConnectionSocketFactory - Connecting socket to chromedriver.storage.googleapis.com/173.194.221.128:443 with timeout 30 SECONDS
13:42:30.003 [main] DEBUG org.apache.hc.client5.http.ssl.SSLConnectionSocketFactory - Enabled protocols: [TLSv1.3, TLSv1.2]
13:42:30.003 [main] DEBUG org.apache.hc.client5.http.ssl.SSLConnectionSocketFactory - Enabled cipher suites: [TLS_AES_256_GCM_SHA384, TLS_AES_128_GCM_SHA256, TLS_CHACHA20_POLY1305_SHA256, TLS_ECDHE_ECDSA_WITH_AES_256_GCM_SHA384, TLS_ECDHE_ECDSA_WITH_AES_128_GCM_SHA256, TLS_ECDHE_ECDSA_WITH_CHACHA20_POLY1305_SHA256, TLS_ECDHE_RSA_WITH_AES_256_GCM_SHA384, TLS_ECDHE_RSA_WITH_CHACHA20_POLY1305_SHA256, TLS_ECDHE_RSA_WITH_AES_128_GCM_SHA256, TLS_DHE_RSA_WITH_AES_256_GCM_SHA384, TLS_DHE_RSA_WITH_CHACHA20_POLY1305_SHA256, TLS_DHE_DSS_WITH_AES_256_GCM_SHA384, TLS_DHE_RSA_WITH_AES_128_GCM_SHA256, TLS_DHE_DSS_WITH_AES_128_GCM_SHA256, TLS_ECDHE_ECDSA_WITH_AES_256_CBC_SHA384, TLS_ECDHE_RSA_WITH_AES_256_CBC_SHA384, TLS_ECDHE_ECDSA_WITH_AES_128_CBC_SHA256, TLS_ECDHE_RSA_WITH_AES_128_CBC_SHA256, TLS_DHE_RSA_WITH_AES_256_CBC_SHA256, TLS_DHE_DSS_WITH_AES_256_CBC_SHA256, TLS_DHE_RSA_WITH_AES_128_CBC_SHA256, TLS_DHE_DSS_WITH_AES_128_CBC_SHA256, TLS_ECDH_ECDSA_WITH_AES_256_GCM_SHA384, TLS_ECDH_RSA_WITH_AES_256_GCM_SHA384, TLS_ECDH_ECDSA_WITH_AES_128_GCM_SHA256, TLS_ECDH_RSA_WITH_AES_128_GCM_SHA256, TLS_ECDH_ECDSA_WITH_AES_256_CBC_SHA384, TLS_ECDH_RSA_WITH_AES_256_CBC_SHA384, TLS_ECDH_ECDSA_WITH_AES_128_CBC_SHA256, TLS_ECDH_RSA_WITH_AES_128_CBC_SHA256, TLS_ECDHE_ECDSA_WITH_AES_256_CBC_SHA, TLS_ECDHE_RSA_WITH_AES_256_CBC_SHA, TLS_ECDHE_ECDSA_WITH_AES_128_CBC_SHA, TLS_ECDHE_RSA_WITH_AES_128_CBC_SHA, TLS_DHE_RSA_WITH_AES_256_CBC_SHA, TLS_DHE_DSS_WITH_AES_256_CBC_SHA, TLS_DHE_RSA_WITH_AES_128_CBC_SHA, TLS_DHE_DSS_WITH_AES_128_CBC_SHA, TLS_ECDH_ECDSA_WITH_AES_256_CBC_SHA, TLS_ECDH_RSA_WITH_AES_256_CBC_SHA, TLS_ECDH_ECDSA_WITH_AES_128_CBC_SHA, TLS_ECDH_RSA_WITH_AES_128_CBC_SHA, TLS_RSA_WITH_AES_256_GCM_SHA384, TLS_RSA_WITH_AES_128_GCM_SHA256, TLS_RSA_WITH_AES_256_CBC_SHA256, TLS_RSA_WITH_AES_128_CBC_SHA256, TLS_RSA_WITH_AES_256_CBC_SHA, TLS_RSA_WITH_AES_128_CBC_SHA, TLS_EMPTY_RENEGOTIATION_INFO_SCSV]
13:42:30.003 [main] DEBUG org.apache.hc.client5.http.ssl.SSLConnectionSocketFactory - Starting handshake (null)
13:42:30.053 [AsyncHttpClient-1-1] DEBUG org.asynchttpclient.netty.channel.DefaultChannelPool - Entry count for : http://localhost:38631 : 1
13:42:30.053 [AsyncHttpClient-1-1] DEBUG org.asynchttpclient.netty.channel.DefaultChannelPool - Adding Candidate expired Channel [id: 0xee676906, L:/127.0.0.1:55226 ! R:localhost/127.0.0.1:38631] isIdleTimeoutExpired=false isRemotelyClosed=true isTtlExpired=false
13:42:30.053 [AsyncHttpClient-1-1] DEBUG org.asynchttpclient.netty.channel.DefaultChannelPool - Closing Idle Channel [id: 0xee676906, L:/127.0.0.1:55226 ! R:localhost/127.0.0.1:38631]
13:42:30.053 [AsyncHttpClient-1-1] DEBUG org.asynchttpclient.netty.channel.DefaultChannelPool - Closed 1 connections out of 1 in 0 ms
13:42:30.117 [main] DEBUG org.apache.hc.client5.http.ssl.SSLConnectionSocketFactory - Secure session established
13:42:30.117 [main] DEBUG org.apache.hc.client5.http.ssl.SSLConnectionSocketFactory -  negotiated protocol: TLSv1.3
13:42:30.117 [main] DEBUG org.apache.hc.client5.http.ssl.SSLConnectionSocketFactory -  negotiated cipher suite: TLS_AES_256_GCM_SHA384
13:42:30.117 [main] DEBUG org.apache.hc.client5.http.ssl.SSLConnectionSocketFactory -  peer principal: CN=*.storage.googleapis.com
13:42:30.117 [main] DEBUG org.apache.hc.client5.http.ssl.SSLConnectionSocketFactory -  peer alternative names: [*.storage.googleapis.com, *.googleapis.com, commondatastorage.googleapis.com, *.commondatastorage.googleapis.com, storage.googleapis.com, storage-p2.googleapis.com, *.storage-p2.googleapis.com, storage.mtls.googleapis.com, *.appspot.com.storage.googleapis.com, *.content-storage.googleapis.com, *.content-storage-p2.googleapis.com, *.content-storage-upload.googleapis.com, *.content-storage-download.googleapis.com, *.storage-upload.googleapis.com, *.storage-download.googleapis.com]
13:42:30.117 [main] DEBUG org.apache.hc.client5.http.ssl.SSLConnectionSocketFactory -  issuer principal: CN=GTS CA 1C3, O=Google Trust Services LLC, C=US
13:42:30.117 [main] DEBUG org.apache.hc.client5.http.impl.io.DefaultManagedHttpClientConnection - http-outgoing-16 set socket timeout to 3 MINUTES
13:42:30.117 [main] DEBUG org.apache.hc.client5.http.impl.io.DefaultHttpClientConnectionOperator - chromedriver.storage.googleapis.com:443 connected null->chromedriver.storage.googleapis.com/173.194.221.128:443 as http-outgoing-16
13:42:30.117 [main] DEBUG org.apache.hc.client5.http.impl.io.PoolingHttpClientConnectionManager - ep-0000000022 connected http-outgoing-16
13:42:30.117 [main] DEBUG org.apache.hc.client5.http.impl.classic.InternalHttpClient - ep-0000000022 endpoint connected
13:42:30.117 [main] DEBUG org.apache.hc.client5.http.impl.classic.MainClientExec - ex-0000000022 executing GET /LATEST_RELEASE_115 HTTP/1.1
13:42:30.117 [main] DEBUG org.apache.hc.client5.http.protocol.RequestAddCookies - ex-0000000022 Cookie spec selected: strict
13:42:30.117 [main] DEBUG org.apache.hc.client5.http.impl.classic.InternalHttpClient - ep-0000000022 start execution ex-0000000022
13:42:30.117 [main] DEBUG org.apache.hc.client5.http.impl.io.PoolingHttpClientConnectionManager - ep-0000000022 executing exchange ex-0000000022 over http-outgoing-16
13:42:30.117 [main] DEBUG org.apache.hc.client5.http.headers - http-outgoing-16 >> GET /LATEST_RELEASE_115 HTTP/1.1
13:42:30.117 [main] DEBUG org.apache.hc.client5.http.headers - http-outgoing-16 >> user-agent: Apache-HttpClient/5.0
13:42:30.117 [main] DEBUG org.apache.hc.client5.http.headers - http-outgoing-16 >> accept-encoding: gzip, deflate, br
13:42:30.117 [main] DEBUG org.apache.hc.client5.http.headers - http-outgoing-16 >> cache-control: max-age=0
13:42:30.117 [main] DEBUG org.apache.hc.client5.http.headers - http-outgoing-16 >> connection: keep-alive
13:42:30.117 [main] DEBUG org.apache.hc.client5.http.headers - http-outgoing-16 >> Host: chromedriver.storage.googleapis.com
13:42:30.117 [main] DEBUG org.apache.hc.client5.http.wire - http-outgoing-16 >> "GET /LATEST_RELEASE_115 HTTP/1.1[\r][\n]"
13:42:30.117 [main] DEBUG org.apache.hc.client5.http.wire - http-outgoing-16 >> "user-agent: Apache-HttpClient/5.0[\r][\n]"
13:42:30.117 [main] DEBUG org.apache.hc.client5.http.wire - http-outgoing-16 >> "accept-encoding: gzip, deflate, br[\r][\n]"
13:42:30.117 [main] DEBUG org.apache.hc.client5.http.wire - http-outgoing-16 >> "cache-control: max-age=0[\r][\n]"
13:42:30.117 [main] DEBUG org.apache.hc.client5.http.wire - http-outgoing-16 >> "connection: keep-alive[\r][\n]"
13:42:30.117 [main] DEBUG org.apache.hc.client5.http.wire - http-outgoing-16 >> "Host: chromedriver.storage.googleapis.com[\r][\n]"
13:42:30.117 [main] DEBUG org.apache.hc.client5.http.wire - http-outgoing-16 >> "[\r][\n]"
13:42:30.360 [main] DEBUG org.apache.hc.client5.http.wire - http-outgoing-16 << "HTTP/1.1 404 Not Found[\r][\n]"
13:42:30.360 [main] DEBUG org.apache.hc.client5.http.wire - http-outgoing-16 << "X-GUploader-UploadID: ADPycdt08WgVaAngLDhrWy5lzUei-_vA41PbTIWWhitTXkpFEZxwzaEgGsucildpXncn23bey_Jac0DfKCp-AOykj4GKzw[\r][\n]"
13:42:30.360 [main] DEBUG org.apache.hc.client5.http.wire - http-outgoing-16 << "Content-Type: application/xml; charset=UTF-8[\r][\n]"
13:42:30.360 [main] DEBUG org.apache.hc.client5.http.wire - http-outgoing-16 << "Content-Length: 193[\r][\n]"
13:42:30.360 [main] DEBUG org.apache.hc.client5.http.wire - http-outgoing-16 << "Date: Mon, 31 Jul 2023 07:42:28 GMT[\r][\n]"
13:42:30.360 [main] DEBUG org.apache.hc.client5.http.wire - http-outgoing-16 << "Expires: Mon, 31 Jul 2023 07:42:28 GMT[\r][\n]"
13:42:30.360 [main] DEBUG org.apache.hc.client5.http.wire - http-outgoing-16 << "Cache-Control: private, max-age=0[\r][\n]"
13:42:30.360 [main] DEBUG org.apache.hc.client5.http.wire - http-outgoing-16 << "Server: UploadServer[\r][\n]"
13:42:30.360 [main] DEBUG org.apache.hc.client5.http.wire - http-outgoing-16 << "Alt-Svc: h3=":443"; ma=2592000,h3-29=":443"; ma=2592000[\r][\n]"
13:42:30.360 [main] DEBUG org.apache.hc.client5.http.wire - http-outgoing-16 << "[\r][\n]"
13:42:30.360 [main] DEBUG org.apache.hc.client5.http.wire - http-outgoing-16 << "<?xml version='1.0' encoding='UTF-8'?><Error><Code>NoSuchKey</Code><Message>The specified key does not exist.</Message><Details>No such object: chromedriver/LATEST_RELEASE_115</Details></Error>"
13:42:30.360 [main] DEBUG org.apache.hc.client5.http.headers - http-outgoing-16 << HTTP/1.1 404 Not Found
13:42:30.360 [main] DEBUG org.apache.hc.client5.http.headers - http-outgoing-16 << X-GUploader-UploadID: ADPycdt08WgVaAngLDhrWy5lzUei-_vA41PbTIWWhitTXkpFEZxwzaEgGsucildpXncn23bey_Jac0DfKCp-AOykj4GKzw
13:42:30.360 [main] DEBUG org.apache.hc.client5.http.headers - http-outgoing-16 << Content-Type: application/xml; charset=UTF-8
13:42:30.360 [main] DEBUG org.apache.hc.client5.http.headers - http-outgoing-16 << Content-Length: 193
13:42:30.360 [main] DEBUG org.apache.hc.client5.http.headers - http-outgoing-16 << Date: Mon, 31 Jul 2023 07:42:28 GMT
13:42:30.360 [main] DEBUG org.apache.hc.client5.http.headers - http-outgoing-16 << Expires: Mon, 31 Jul 2023 07:42:28 GMT
13:42:30.360 [main] DEBUG org.apache.hc.client5.http.headers - http-outgoing-16 << Cache-Control: private, max-age=0
13:42:30.360 [main] DEBUG org.apache.hc.client5.http.headers - http-outgoing-16 << Server: UploadServer
13:42:30.360 [main] DEBUG org.apache.hc.client5.http.headers - http-outgoing-16 << Alt-Svc: h3=":443"; ma=2592000,h3-29=":443"; ma=2592000
13:42:30.360 [main] DEBUG org.apache.hc.client5.http.impl.classic.MainClientExec - ex-0000000022 connection can be kept alive for 3 MINUTES
13:42:30.360 [main] ERROR io.github.bonigarcia.wdm.online.HttpClient - Error HTTP 404 executing https://chromedriver.storage.googleapis.com/LATEST_RELEASE_115
13:42:30.360 [main] WARN io.github.bonigarcia.wdm.versions.VersionDetector - Exception reading https://chromedriver.storage.googleapis.com/LATEST_RELEASE_115 to get latest version of chromedriver (Error HTTP 404 executing https://chromedriver.storage.googleapis.com/LATEST_RELEASE_115)
13:42:30.361 [main] DEBUG io.github.bonigarcia.wdm.versions.VersionDetector - Getting driver version for chrome115 from online versions.properties
13:42:30.361 [main] DEBUG org.apache.hc.client5.http.impl.classic.InternalHttpClient - ex-0000000023 preparing request execution
13:42:30.361 [main] DEBUG org.apache.hc.client5.http.impl.classic.ProtocolExec - ex-0000000023 target auth state: UNCHALLENGED
13:42:30.361 [main] DEBUG org.apache.hc.client5.http.impl.classic.ProtocolExec - ex-0000000023 proxy auth state: UNCHALLENGED
13:42:30.361 [main] DEBUG org.apache.hc.client5.http.impl.classic.ConnectExec - ex-0000000023 acquiring connection with route {s}->https://raw.githubusercontent.com:443
13:42:30.361 [main] DEBUG org.apache.hc.client5.http.impl.classic.InternalHttpClient - ex-0000000023 acquiring endpoint (3 MINUTES)
13:42:30.361 [main] DEBUG org.apache.hc.client5.http.impl.io.PoolingHttpClientConnectionManager - ex-0000000023 endpoint lease request (3 MINUTES) [route: {s}->https://raw.githubusercontent.com:443][total available: 1; route allocated: 1 of 5; total allocated: 2 of 25]
13:42:30.361 [main] DEBUG org.apache.hc.client5.http.impl.io.PoolingHttpClientConnectionManager - ex-0000000023 endpoint leased [route: {s}->https://raw.githubusercontent.com:443][total available: 0; route allocated: 1 of 5; total allocated: 2 of 25]
13:42:30.361 [main] DEBUG org.apache.hc.client5.http.impl.io.PoolingHttpClientConnectionManager - ex-0000000023 acquired ep-0000000023
13:42:30.361 [main] DEBUG org.apache.hc.client5.http.impl.classic.InternalHttpClient - ex-0000000023 acquired endpoint ep-0000000023
13:42:30.361 [main] DEBUG org.apache.hc.client5.http.impl.classic.MainClientExec - ex-0000000023 executing GET /bonigarcia/webdrivermanager/master/src/main/resources/versions.properties HTTP/1.1
13:42:30.361 [main] DEBUG org.apache.hc.client5.http.protocol.RequestAddCookies - ex-0000000023 Cookie spec selected: strict
13:42:30.361 [main] DEBUG org.apache.hc.client5.http.impl.classic.InternalHttpClient - ep-0000000023 start execution ex-0000000023
13:42:30.361 [main] DEBUG org.apache.hc.client5.http.impl.io.PoolingHttpClientConnectionManager - ep-0000000023 executing exchange ex-0000000023 over http-outgoing-15
13:42:30.361 [main] DEBUG org.apache.hc.client5.http.headers - http-outgoing-15 >> GET /bonigarcia/webdrivermanager/master/src/main/resources/versions.properties HTTP/1.1
13:42:30.361 [main] DEBUG org.apache.hc.client5.http.headers - http-outgoing-15 >> user-agent: Apache-HttpClient/5.0
13:42:30.361 [main] DEBUG org.apache.hc.client5.http.headers - http-outgoing-15 >> accept-encoding: gzip, deflate, br
13:42:30.361 [main] DEBUG org.apache.hc.client5.http.headers - http-outgoing-15 >> cache-control: max-age=0
13:42:30.361 [main] DEBUG org.apache.hc.client5.http.headers - http-outgoing-15 >> connection: keep-alive
13:42:30.361 [main] DEBUG org.apache.hc.client5.http.headers - http-outgoing-15 >> Host: raw.githubusercontent.com
13:42:30.361 [main] DEBUG org.apache.hc.client5.http.wire - http-outgoing-15 >> "GET /bonigarcia/webdrivermanager/master/src/main/resources/versions.properties HTTP/1.1[\r][\n]"
13:42:30.361 [main] DEBUG org.apache.hc.client5.http.wire - http-outgoing-15 >> "user-agent: Apache-HttpClient/5.0[\r][\n]"
13:42:30.361 [main] DEBUG org.apache.hc.client5.http.wire - http-outgoing-15 >> "accept-encoding: gzip, deflate, br[\r][\n]"
13:42:30.361 [main] DEBUG org.apache.hc.client5.http.wire - http-outgoing-15 >> "cache-control: max-age=0[\r][\n]"
13:42:30.361 [main] DEBUG org.apache.hc.client5.http.wire - http-outgoing-15 >> "connection: keep-alive[\r][\n]"
13:42:30.361 [main] DEBUG org.apache.hc.client5.http.wire - http-outgoing-15 >> "Host: raw.githubusercontent.com[\r][\n]"
13:42:30.361 [main] DEBUG org.apache.hc.client5.http.wire - http-outgoing-15 >> "[\r][\n]"
13:42:30.491 [main] DEBUG org.apache.hc.client5.http.wire - http-outgoing-15 << "HTTP/1.1 200 OK[\r][\n]"
13:42:30.491 [main] DEBUG org.apache.hc.client5.http.wire - http-outgoing-15 << "Connection: keep-alive[\r][\n]"
13:42:30.491 [main] DEBUG org.apache.hc.client5.http.wire - http-outgoing-15 << "Content-Length: 1592[\r][\n]"
13:42:30.491 [main] DEBUG org.apache.hc.client5.http.wire - http-outgoing-15 << "Cache-Control: max-age=300[\r][\n]"
13:42:30.491 [main] DEBUG org.apache.hc.client5.http.wire - http-outgoing-15 << "Content-Security-Policy: default-src 'none'; style-src 'unsafe-inline'; sandbox[\r][\n]"
13:42:30.491 [main] DEBUG org.apache.hc.client5.http.wire - http-outgoing-15 << "Content-Type: text/plain; charset=utf-8[\r][\n]"
13:42:30.491 [main] DEBUG org.apache.hc.client5.http.wire - http-outgoing-15 << "ETag: W/"6491455d22a0b1c9f41db367f9402c53615bff135fde7080d63626aba742b88e"[\r][\n]"
13:42:30.491 [main] DEBUG org.apache.hc.client5.http.wire - http-outgoing-15 << "Strict-Transport-Security: max-age=31536000[\r][\n]"
13:42:30.491 [main] DEBUG org.apache.hc.client5.http.wire - http-outgoing-15 << "X-Content-Type-Options: nosniff[\r][\n]"
13:42:30.491 [main] DEBUG org.apache.hc.client5.http.wire - http-outgoing-15 << "X-Frame-Options: deny[\r][\n]"
13:42:30.491 [main] DEBUG org.apache.hc.client5.http.wire - http-outgoing-15 << "X-XSS-Protection: 1; mode=block[\r][\n]"
13:42:30.492 [main] DEBUG org.apache.hc.client5.http.wire - http-outgoing-15 << "X-GitHub-Request-Id: 637A:6A87:B4204:C04FE:64A4C750[\r][\n]"
13:42:30.492 [main] DEBUG org.apache.hc.client5.http.wire - http-outgoing-15 << "Content-Encoding: gzip[\r][\n]"
13:42:30.492 [main] DEBUG org.apache.hc.client5.http.wire - http-outgoing-15 << "Accept-Ranges: bytes[\r][\n]"
13:42:30.492 [main] DEBUG org.apache.hc.client5.http.wire - http-outgoing-15 << "Date: Mon, 31 Jul 2023 07:42:28 GMT[\r][\n]"
13:42:30.492 [main] DEBUG org.apache.hc.client5.http.wire - http-outgoing-15 << "Via: 1.1 varnish[\r][\n]"
13:42:30.492 [main] DEBUG org.apache.hc.client5.http.wire - http-outgoing-15 << "X-Served-By: cache-fra-eddf8230137-FRA[\r][\n]"
13:42:30.492 [main] DEBUG org.apache.hc.client5.http.wire - http-outgoing-15 << "X-Cache: HIT[\r][\n]"
13:42:30.492 [main] DEBUG org.apache.hc.client5.http.wire - http-outgoing-15 << "X-Cache-Hits: 4[\r][\n]"
13:42:30.492 [main] DEBUG org.apache.hc.client5.http.wire - http-outgoing-15 << "X-Timer: S1690789349.980804,VS0,VE0[\r][\n]"
13:42:30.492 [main] DEBUG org.apache.hc.client5.http.wire - http-outgoing-15 << "Vary: Authorization,Accept-Encoding,Origin[\r][\n]"
13:42:30.492 [main] DEBUG org.apache.hc.client5.http.wire - http-outgoing-15 << "Access-Control-Allow-Origin: *[\r][\n]"
13:42:30.492 [main] DEBUG org.apache.hc.client5.http.wire - http-outgoing-15 << "Cross-Origin-Resource-Policy: cross-origin[\r][\n]"
13:42:30.492 [main] DEBUG org.apache.hc.client5.http.wire - http-outgoing-15 << "X-Fastly-Request-ID: 62046166bb9d4f5d598d817485c375c4f3f5f88e[\r][\n]"
13:42:30.492 [main] DEBUG org.apache.hc.client5.http.wire - http-outgoing-15 << "Expires: Mon, 31 Jul 2023 07:47:28 GMT[\r][\n]"
13:42:30.492 [main] DEBUG org.apache.hc.client5.http.wire - http-outgoing-15 << "Source-Age: 126[\r][\n]"
13:42:30.492 [main] DEBUG org.apache.hc.client5.http.wire - http-outgoing-15 << "[\r][\n]"
13:42:30.492 [main] DEBUG org.apache.hc.client5.http.headers - http-outgoing-15 << HTTP/1.1 200 OK
13:42:30.492 [main] DEBUG org.apache.hc.client5.http.headers - http-outgoing-15 << Connection: keep-alive
13:42:30.492 [main] DEBUG org.apache.hc.client5.http.headers - http-outgoing-15 << Content-Length: 1592
13:42:30.492 [main] DEBUG org.apache.hc.client5.http.headers - http-outgoing-15 << Cache-Control: max-age=300
13:42:30.492 [main] DEBUG org.apache.hc.client5.http.headers - http-outgoing-15 << Content-Security-Policy: default-src 'none'; style-src 'unsafe-inline'; sandbox
13:42:30.492 [main] DEBUG org.apache.hc.client5.http.headers - http-outgoing-15 << Content-Type: text/plain; charset=utf-8
13:42:30.492 [main] DEBUG org.apache.hc.client5.http.headers - http-outgoing-15 << ETag: W/"6491455d22a0b1c9f41db367f9402c53615bff135fde7080d63626aba742b88e"
13:42:30.492 [main] DEBUG org.apache.hc.client5.http.headers - http-outgoing-15 << Strict-Transport-Security: max-age=31536000
13:42:30.492 [main] DEBUG org.apache.hc.client5.http.headers - http-outgoing-15 << X-Content-Type-Options: nosniff
13:42:30.492 [main] DEBUG org.apache.hc.client5.http.headers - http-outgoing-15 << X-Frame-Options: deny
13:42:30.492 [main] DEBUG org.apache.hc.client5.http.headers - http-outgoing-15 << X-XSS-Protection: 1; mode=block
13:42:30.492 [main] DEBUG org.apache.hc.client5.http.headers - http-outgoing-15 << X-GitHub-Request-Id: 637A:6A87:B4204:C04FE:64A4C750
13:42:30.492 [main] DEBUG org.apache.hc.client5.http.headers - http-outgoing-15 << Content-Encoding: gzip
13:42:30.492 [main] DEBUG org.apache.hc.client5.http.headers - http-outgoing-15 << Accept-Ranges: bytes
13:42:30.492 [main] DEBUG org.apache.hc.client5.http.headers - http-outgoing-15 << Date: Mon, 31 Jul 2023 07:42:28 GMT
13:42:30.492 [main] DEBUG org.apache.hc.client5.http.headers - http-outgoing-15 << Via: 1.1 varnish
13:42:30.492 [main] DEBUG org.apache.hc.client5.http.headers - http-outgoing-15 << X-Served-By: cache-fra-eddf8230137-FRA
13:42:30.492 [main] DEBUG org.apache.hc.client5.http.headers - http-outgoing-15 << X-Cache: HIT
13:42:30.492 [main] DEBUG org.apache.hc.client5.http.headers - http-outgoing-15 << X-Cache-Hits: 4
13:42:30.492 [main] DEBUG org.apache.hc.client5.http.headers - http-outgoing-15 << X-Timer: S1690789349.980804,VS0,VE0
13:42:30.492 [main] DEBUG org.apache.hc.client5.http.headers - http-outgoing-15 << Vary: Authorization,Accept-Encoding,Origin
13:42:30.492 [main] DEBUG org.apache.hc.client5.http.headers - http-outgoing-15 << Access-Control-Allow-Origin: *
13:42:30.492 [main] DEBUG org.apache.hc.client5.http.headers - http-outgoing-15 << Cross-Origin-Resource-Policy: cross-origin
13:42:30.492 [main] DEBUG org.apache.hc.client5.http.headers - http-outgoing-15 << X-Fastly-Request-ID: 62046166bb9d4f5d598d817485c375c4f3f5f88e
13:42:30.492 [main] DEBUG org.apache.hc.client5.http.headers - http-outgoing-15 << Expires: Mon, 31 Jul 2023 07:47:28 GMT
13:42:30.492 [main] DEBUG org.apache.hc.client5.http.headers - http-outgoing-15 << Source-Age: 126
13:42:30.492 [main] DEBUG org.apache.hc.client5.http.impl.classic.MainClientExec - ex-0000000023 connection can be kept alive for 3 MINUTES
13:42:30.495 [main] DEBUG org.apache.hc.client5.http.wire - http-outgoing-15 << "[0x1f][0xffffff8b][0x8][0x0][0x0][0x0][0x0][0x0][0x0][0x3][0xffffff8d][0xffffff98]Ko[0xffffffe3]8[0xc][0xffffffc7][0xffffffef][0xfffffffd][0x14][0x6][0xffffffe6]\EOJ*[0xffffffa0][0xffffffcb]>O[0xffffff8b]=[0xffffffec]~[0xffffff81]4qSc[0xffffffd2][0xffffffb8][0xffffffb0][0xffffffd3][0xffffffe9]`?[0xfffffffd]R[0xf][0xffffffca][0xffffff8a]2[0xb][0xffffffec]![0xffffff98][0xffffffe1][0xffffffcf][0xffffffb2]DR[0x12][0xfffffffd]g[0xffffffbf][0xc][0x7f][0xffffffbf]N[0xffffffeb][0xfffffff0]2[0xffffff9d][0xffffffc7][0xffffffe1]0_[0xffffffae][0xfffffffb][0xffffffe9][0xffffffb2][0xe][0xffffffd7][0xffffffd7]q[0xfffffff8]z[0xffffff99]?/[0xffffffc3]q[0xffffff99][0xffffffbe][0xffffff8d][0xffffffcb][0xffffff80][0xffffffbf]u[0xffffff9a][0xfffffff1][0xffffffc9]a~{[0xffffffdf]_[0xffffffa7]g[0x1c][0xfffffffd]9]_[0xffffffd3][0xffffffc8][0xffffffc3][0xffffffbc],[0xffffffe3][0xfffffffa]>_[0xffffff8e][0xffffffd3][0xffffffe5]4</[0xfffffff3][0xffffffe7][0xffffffba][0xffffffbd][0xfffffff2][0xfffffff0][0xfffffff0]e[0xfffffff8])[0xffffffa3][0xffffffa7][0xffffffe1][0xfffffff7]y>[0xffffffe1][0xffffff9b]?[0xffffffbf].[0xfffffff3][0xffffffdb]8[0xffffffec]/[0xffffffc7][0xfffffffc][0xffffffdf][0xffffffe9][0xffffffe3]mx[0x1c]~IK=[\r][0xffffff87][0xfffffff4]4/[0xffffff8c]/[0xffffffff]5[0x7f],[0xffffff87][0xfffffff1]ix[0xffffffbd]^[0xffffffdf][0xffffff9f]v[0xffffffbb][0xfffffff6]);[0xffffff94][0xffffffb7][0xffffffd9][0xffffffbc][0xffffff9c]vG[0xfffffff4][0xfffffff7]<[0xffffffef][0xffffff8f][0xffffffeb]C[0x1e]#[0xffffff84][0xe][0xfffffff8]c[0xffffff9c][0x19][0xffffffab][0xc][0xfffffff3][0xffffffbc]r[0xffffff85]\E[0xe]V2P[0xffffff95]K[0xffffffe4]2qa[0xffffff98][0xfffffff6][0xffffff95][0xb][0xffffffe4]"r[0x3][0xffffff8a][0xffffff81][0xffffffae][0xffffff9c]#[0xffffffe7][0xffffff91]k'[0xffffff98][0xffffffb5][0xffffffc4][0xffffffb9][0xf][0xfffffff8]K[0x1c][0xffffff97][0xffffffb7]u<w[0xffffffc8]][0xffffffe4][0xffffffca]xfE[0xffffffe5][0x16][0xffffffb9]M[0xffffff9c]k[0x6][0xffffffb2]r@[0xe][0xffffff91]K[0xffffffed][0x19]l[0xffffffe3][\r]r[0x13][0xffffffb9][0xfffffff0][0x6][0x1f]V[0xffffff8e][0xfffffff1][0xfffffff2][0x14]o[0xc][0xffffffc3]V[0xffffffff]9[0xffffffc6][0xffffffcb]S[0xffffffbc][0x1c]8[0x13]js[0x8][0x3][0xffffffe6])`[0xffffff8e][0xfffffff3]5[0xb]`[0xffffffc0]<[0x6][0xffffffac][0xffffffbd][0x11]Lo[0x1c][0x3][0xffffffe6]1`[0xffffffed]<0[0xffffffa0][0xffffff84]z[0x1f][0xffffffbc]OTk\[0xffffff9b][0xffffffa8][0xb]>[0x6][0xffffffab][0xffffffad]q[0xc][0xffffff97]!l[0xffffff83][0xffffff8f][0xffffffb1]j[0xfffffff0]r[0xffffffcb][0xffffff81][0xffffff87][0xffffffe0]!Q[0xffffffd0]L[0x1b][0xffffffa2]&x[0xffffff93][0xffffffa8]r[0xc]([0x1e][0xffffffaf][0xffffff83][0xffffffd7][0xffffff89]brp#[0x9][0xffffffab][0xffffffe0]c[0xffffff90][0xffffffda]X[0xffffffbb]m[0xffffffaa][0xffffff97][0xffffffc1][0xffffffcb]DqK1[0xffffffcb][0xffffff84]E[0xfffffff0])@[0xffffff8d]'[0x0]c%[0xffffffcc][0xffffff83]O[0xfffffff1]i[0xffffffc5][0xffffff99][0xffffffa4]<9[0x1f]\[0xffffff8a]O[0xffffffe1]?[0xffffff92]fv.[0xffffffb8][0x14][0xffffff9f][0xffffff92][0xffffff9a]y j[0xffffff83]K[0xffffffe1]I[0xffffffc7][0xffffff99]sD![0xffffffb8][0x14][0xffffff9e][0xffffffd4]8/[0xffffffa5][0xffffffc2][0xffffff99][0xffffffe0]Rx[0xffffffc2])[0xffffffe6][0xffffffc8]5[0xffffffa7][0xffffff83]K[0xffffffe1][0x9]m[0xffffff99][0xffffffa2][0x1c];[0x15]\[0xffffff8a].[0xffffffee][0xffffffa4][0xffffffa2]T8[0x11]\[\n]"
13:42:30.495 [main] DEBUG org.apache.hc.client5.http.wire - http-outgoing-15 << "[0xffffff83]c[0xffffffe6][0xffffff85][0xffffffaa][0xffffffcb][0xfffffff1][0xffffffe0]b[0x18][0xffffffca][0xffffffa3]/x[0xffffff84][\n]"
13:42:30.495 [main] DEBUG org.apache.hc.client5.http.wire - http-outgoing-15 << "[0xffffffb6]>X[0xffffff9f][0xffffffb0]6LU[0xffffffea][0xffffff82]u[0xffffff89][0xffffffe2][0xffffffd9][0xffffffc1]sE[0xffffffd8][0x6][0x1b][0x3]Q[0xe][0xfffffff0].[0xffffff90][0x1b][0x16][0xffffff82][0xffffff85]D[0xfffffff1][0xffffff80][0xb]Y[0xffffffe7]0[0xffffffc1][0xffffffc6]H[0xffffff94][0xffffffb5]x[0xffffffc0][0xffffffb6][0xffffffd1]:X[0xffffff9d][0xffffffb0][0xffffffc4][0xfffffff3]KP[0x5][0x1b]#Q[0xffffff80][0x1][0x1][0xffffffb9]le[0xffffff90][0xffffffb8][0xffffffa3]d[0xffffff89][0x1b][0xffffff8b]G[0xffffff8b][0x1c][0x3][0x1f]-[0xffffffda][0x1b]p[0xffffffd1][0xffffffa2][0xffffff8c][0xffffff82][0xffffff8d][0x16][0xffffffed]&@[0xffffffb4][0xffffffc8][0x19]0h[0xffffffd5][0x14][0xffffff81][0xffffff8e][0x16][0xffffffe5][0x1c]T[0xffffffb4]h=[0xffffff88][0xffffffbe][0xffffffa8][0xffffffba]^[0xfffffff4][0xffffffa5][0xffffffde][0x19][0xffffff88][0xffffffbe](uS[0xffffffd5][0xfffffffe][0xffffff98][0xffffffff][0xffffff99][0xffffffce][0xffffffe7][0xfffffffd][0xfffffff0][0xffffffdb][0xffffffb4][0xffffff8c]/[0xfffffff3][0xfffffff7][0xffffffa6][0xffffff94][0xffffff9d][0xffffffc6][0xffffffc3][0xffffffd7][0xfffffff9][0xffffff87][0xffffff95]l[0xffffffc5]Rv[0xffffffc2][0x2][0xfffffffa][0xfffffff1][0xffffffcc][0xffffffb0][0xffffffa4][0xffffffee][0xffffffde][0xfffffff2][0x14][0xffffffbb][0xffffffe6][0xffffff85][0xffffffdd]2[0xffffff9e][0xffffffc7][0xfffffffd]:[0xffffffae][0xf]/y^! `[0xffffffda]0w[0x1b]1wD[0xffffffdf][0x11]uG[0xffffffe4][0x1d][0x11]w[0xffffff84]G"[0xffffff99][0xffffffac][0x4][0xffffffab]Z"[0xffffffdb][0x18][0xffffffac]g=[0xffffffb1]w[0x4][0xffffffee][0xffffff88][0xffffffb9]#[0xffffffc9]g[0xffffffd1][0x12]uG[0xffffffe4][0x1d][0x11]w[0xffffff84]w[0xffffffc4][0xfffffffb][0x1e][0xffffffb8][0x1e][0xffffffd8][0x1e]@[0xf]L[0xf]zo}[0xffffffef][0xffffffac][0xffffffef]}[0xfffffff5][0xffffffbd][0xffffffab]>z[0xffffff8a]w[0xffffffa2][0x1][0xffffffec]<]>[0xffffffbe]g,[0x8];[0xffffffdf][0xffffff8d]s[0xffffffae][0x7][0xffffffb6][0x7][0xffffffd0][0x3][0xffffffd3][0x3][0xffffffdd][0xffffff83][0x18][0xffffff80]t[\r][0xffffff90]=[0xffffff88][0x1]H[0xffffffdb][0x0][0xffffffde][0x1][0xffffffeb]{[0xffffff90]<[0xffffff85][0x6][0xffffffd8][0x1e]@[0xf]L[0xf]t[0xf]T[0xf]d[0xf]D[0xf]x[0x7][0xffffffc0][0xfffffff7] yj[0x1a][0xffffff90]<[0xffffffd5][\r][0xffffff80][0x1e][0xffffff98][0x1e]$O[0xffffff9b][0xb][0x4][0xffffffaa][0x7][0xffffffc9][0xffffffd3][0xffffffe6][0xffffffd8]C[0xfffffff2][0xffffffb4]9[0x14][0xffffffc0];`|[0xf]\[0xf]l[0xf][0xffffff92][0xffffffa7][0xffffffbc][0x1][0xffffff86]@[[0xffffffb1][0xfffffffe]|[0x1f][0xffffff97]}S[0xffffffa7][0xffffffe6]h[0xffffffff][0xffffff9f]:[0xffffff95][0x6][0xffffffae][0xfffffff3][0xffffffcb][0xfffffff5]s[0xffffffbf][0xffffff8c][0xffffffd9]"[\r][0xffffffd6]W[0xffffffad][0xfffffff4]0I[0xffffff86]M[0xffffff83]aY[0xffffffc9][0x1c]of#[0xffffffc1][0xffffff84][0xffffffb4][0x5][0xffffffbb]V[0xffffff81]9[0xffffffa2][0xfffffff6]F[0x7f][0xffffff99]B[0xffffffa1]U_[0xffffffb8]P[0xffffffc1][0xffffffa6][0x15]_B[0x12][0xffffffd6][0xffffffad][0xfffffff6][0xfffffff2][0xffffffbe]P[0xffffffd5]*/[0xfffffffc]\g*[[0xffffffdd]%[0x4][\r][0x16][0xffffffad][0xffffffec][0xffffff8a][0xffffff8a]&c[0xffffffde][0xffffffaa].'2u[0xffffffbe][0xffffffd5]\[0x0][0xffffff85][0xffffffba]Npej[[0xffffffb9][0xffffff85][0xfffffffa]2Sh[0xffffffc5]VM[0x11]^[0xffffffe7][0x1b][0xffffffb1][0xffffff95][0xffffffa1]n[0xffffffb4][0xffffff96]+[0xffffff8e][0xffffffe1][0xffffffb5][0xffffffbe]QZ[0x19][0xffffffca][[0xffffffa1][0xffffff95][0xffffffa1]ht[0xffffff96][0xffffffa1][0xfffffff5]y#[0xffffffb3][0xffffffc8]U[0xffffffbc][0xffffffe6]7"+C[0xffffffd7]i[0xffffffac]Lm#[0xffffffb1],Ah[0x4][0xffffff96]+[0xffffffcb][0xffffffe3][0xffffffbd][0xffffffdf][0xfffffff4][0x15]y[0xffffff8f]w[0x7f][0xffffff93]W[0xffffff98][0xffffffe0]BU#[0xffffffaf][0xffffff80]&[0xffffff95][0xffffff8d][0xffffffba]re[0xffffffc3][0xffffffb1][0x10]l[0xffffffe2][0xffffffaa]n[0x16]V[0xffffff83]M\[0xffffffb9][0xffffffb2][0xffffffb1]X[0x11]6m[0xffffffe5][0xffffffcb][0xffffffa4]X[0x15][0x1a]i%J[0xffffffa8]X[0x1a]ZeU[0xffffffd6][0xffffffc2][0xfffffffa][0xffffffb0][0x9]+K[0xffffffb3][0xffffff9a]FW[0xffffffd1]Q[0xffffffc6]:[0xffffffb1][0xffffffa9][0xffffffaa]z8[0xffffffb1]X4[0xffffffaa]J[0x15]_[0xffffffb1]b4[0xffffffa2][0xffffffaa][0xffffffae]U[0xffffffc4]P2[0xffffff8c]o[0xffffff8d]"[0xffffff85][0xffffffb2]Q[0xffffff94]P6[0xffffff8a][0x10][0xffffffca]F[0xffffffd1]A[0xffffffd9](2([0x1b]E[0x5]e[0xffffffa3][0xffffff88][0xffffffa0]l[0xffffff88][0xffffffac]z[0xffffffb2][0xffffffc1][0x1b]CG[0xf][0xffffffc8]c[0x1d]=Pe[0x1d][0x1d]=[0xffffff90]%[0x19][0x1a][0xffffffb2]q#[0xffffff9b][0xffffffa6][0xffffffc3]2[0xffffffc7]Z2[0xfffffffc]z<[0xffffff8d]M5z[G[0x4][0xffffffff]Y[0xffffff8e][0xffffff8e][0xffffffe3][0xffffffb7][0xfffffff1][0x1c]geo4C[0xffffffaa]M[0xffffffe3][0xffffffe5][0xfffffff1]c[0xffffffdd]U[0xfffffff6][0x18]'[0xffffffd9]][0xffffffe7][0xfffffff9][0xffffffbc][0xffffffee]>[0xffffffc7][0xffffffe7]R[0xffffff9e][0x1e]"[0xffffffdd]:C[0xffffffe1][0xffffffb0]F[0xb]W([0xfffffff5][0xffffff85][0xffffffc2][0xffffffa2]l[0xffffffc5]LfJ][0xffffffa1][0xffffffb0]2[0x1d][0xffffffe4]L[0xffffffa9]'[0x14][0x0]"[0xfffffff6]l[0xffffff99]RG([0xc][0xffffff9e][0xf][0xffffffcc]^[0xffffffa2][0xffffffb5][0x1f][0x14]F8f[0xffffffcb]j[0xffffffb5][0x1b][0x14][0x1a]p^([0xffffff94]zAT[0xffffffd1][0xfffffff1]k[0xffffff9a]!5[0xffffff82]B[0xffffffd9][0xfffffff8][0xffffffed]*[0xffffff94][0xffffffda]@[0xffffffec][0xffffffe8][0x14]V[0xffffffb0]B[0xffffffa9][0x9][0x14][0x12]o[0xffffffaa][0xffffffa5][0x19][0xffffffa8][0x5]D[0xffffffcd][0xffffffae]k[0x10][0xffffffb5][0xffffffff][0x13][0x12][0xf].j[0xffffffea]L[0xffffffa9][0xfffffffb][0x13]R[0xfffffff0]m^[0xffffffea][0xfffffffd][0xffffff84][0xffffffc0]{[0xffffff85][0x1d]H[0xffffffa4][0xffffffd4][0xfffffff9][0xffffffa1][0x10][0xffffff8d][0xffffff85]"[0xffffffb3][0xffffffd2][0xfffffff7][0xffffff89][0x18]]I[0xc]5}[0x18]"
13:42:30.495 [main] DEBUG org.apache.hc.client5.http.wire - http-outgoing-15 << "[0xffffff9a][0xffffffac][0xffffffac][0xffffffb4]|[0x18][0xffffff83][0xffffffae][0xffffffac]4|[0xffffffe8]U][0xffffff99][0xffffffda]=[0xffffff8f]5F[0xffffff89][0xffffff8c]J[0xffffffab][0xffffffe7]1[0xfffffff5][0xffffffaa][0xffffff8c]*}[0xffffff9e][0xffffffe7][0xffffffdb][0x2][0xffffffa5][0xffffffc7]s[0xffffffb1][0xffffffd2][0xffffff95][0x17]K[0x7f][0xffffffe7]0[0xffffffb0]L[0xffffffa8][0xffffffb7][0xffffff8b];[0xffffff9e]7[0xffffff86][0xfffffffa]:[0xffffff8b][0xffffffb9]-[0xffffffaf]QS[0x7][0xffffffe0][0xffffffcb][0xffffff96]PC[0x7]x$ [0xffffffe7][0xffffff82][0xffffffba]9[0x13][0x13]\F[0xffffff95]V[0xffffffce]$[0xffffffa9][0xffffff90][0x8][0xffffffb5]qX[0x1a]LY[0xf][0xffffffab]W[0xffffffae][0xffffff9e][0xffffff9e]|[0xffffffa2][0xffffffae]N[0x0]mU[0xffffffed][0xffffffe8]0b<w[0xffffff89][0xffffffd5]v.[0xffffff9e][0xffffffd9]LJ+'-[0x1d][0x1d][0xffffffea][0xffffffe2][0xffffffa4][0xffffffaa][0xffffffa4]tp[0xffffffb1],[0x16]R[0xffffff9a]7[0xffffffa1][0xffffffb0][0xffffffbb][0xffffffcd]H[0xffffffeb][0xfffffff0][0xffffffbe][0xffffff8c][0xffffff8f][0xffffffd3]e[0xffffffbd][0xffffffee][0xffffffcf][0xffffffe7][0xfffffff1][0xffffff98][0xffffffa1][0xc][0xfffffff8][0x1d][0xffffffb2][0xfffffff1][0xffffffef][0x7][0xffffffc9][0x14][0x1]K[0x18]H[0xffffff9f][0xffffffc3][0xffffffd7]<`[0xffffff9d][0xffffffc4][0xffffffaf]][0xffffffde][0xf][0xffffffe5][0x2]^,[0xffffffad]|6e,:[0xffffffb8][0xffffffd3].[0xffffff9f][0x11][0xffffff89][0xffffff87])n2[0xffffffd6][0xffffffa4][0x7f][0x1][0xffffff80][0xffffffd3][0xffffff80][0xffffffca][0xffffff80][0x12][0x0][0x0]"
13:42:30.495 [main] DEBUG org.apache.hc.client5.http.impl.classic.InternalHttpClient - ep-0000000023 releasing valid endpoint
13:42:30.495 [main] DEBUG org.apache.hc.client5.http.impl.io.PoolingHttpClientConnectionManager - ep-0000000023 releasing endpoint
13:42:30.495 [main] DEBUG org.apache.hc.client5.http.impl.io.PoolingHttpClientConnectionManager - ep-0000000023 connection http-outgoing-15 can be kept alive for 3 MINUTES
13:42:30.495 [main] DEBUG org.apache.hc.client5.http.impl.io.PoolingHttpClientConnectionManager - ep-0000000023 connection released [route: {s}->https://raw.githubusercontent.com:443][total available: 1; route allocated: 1 of 5; total allocated: 2 of 25]
13:42:30.495 [main] DEBUG io.github.bonigarcia.wdm.versions.VersionDetector - Driver for chrome115 not found in online properties (using local versions.properties)
13:42:30.496 [main] DEBUG io.github.bonigarcia.wdm.WebDriverManager - The driver version for CHROME 115 is unknown ... trying with latest
13:42:30.497 [main] DEBUG org.apache.hc.client5.http.impl.classic.InternalHttpClient - ex-0000000024 preparing request execution
13:42:30.497 [main] DEBUG org.apache.hc.client5.http.impl.classic.ProtocolExec - ex-0000000024 target auth state: UNCHALLENGED
13:42:30.497 [main] DEBUG org.apache.hc.client5.http.impl.classic.ProtocolExec - ex-0000000024 proxy auth state: UNCHALLENGED
13:42:30.497 [main] DEBUG org.apache.hc.client5.http.impl.classic.ConnectExec - ex-0000000024 acquiring connection with route {s}->https://chromedriver.storage.googleapis.com:443
13:42:30.497 [main] DEBUG org.apache.hc.client5.http.impl.classic.InternalHttpClient - ex-0000000024 acquiring endpoint (3 MINUTES)
13:42:30.497 [main] DEBUG org.apache.hc.client5.http.impl.io.PoolingHttpClientConnectionManager - ex-0000000024 endpoint lease request (3 MINUTES) [route: {s}->https://chromedriver.storage.googleapis.com:443][total available: 1; route allocated: 1 of 5; total allocated: 2 of 25]
13:42:30.497 [main] DEBUG org.apache.hc.client5.http.impl.io.PoolingHttpClientConnectionManager - ex-0000000024 endpoint leased [route: {s}->https://chromedriver.storage.googleapis.com:443][total available: 1; route allocated: 2 of 5; total allocated: 3 of 25]
13:42:30.497 [main] DEBUG org.apache.hc.client5.http.impl.io.PoolingHttpClientConnectionManager - ex-0000000024 acquired ep-0000000024
13:42:30.497 [main] DEBUG org.apache.hc.client5.http.impl.classic.InternalHttpClient - ex-0000000024 acquired endpoint ep-0000000024
13:42:30.497 [main] DEBUG org.apache.hc.client5.http.impl.classic.ConnectExec - ex-0000000024 opening connection {s}->https://chromedriver.storage.googleapis.com:443
13:42:30.497 [main] DEBUG org.apache.hc.client5.http.impl.classic.InternalHttpClient - ep-0000000024 connecting endpoint (null)
13:42:30.497 [main] DEBUG org.apache.hc.client5.http.impl.io.PoolingHttpClientConnectionManager - ep-0000000024 connecting endpoint to https://chromedriver.storage.googleapis.com:443 (30 SECONDS)
13:42:30.497 [main] DEBUG org.apache.hc.client5.http.impl.io.DefaultHttpClientConnectionOperator - chromedriver.storage.googleapis.com resolving remote address
13:42:30.497 [main] DEBUG org.apache.hc.client5.http.impl.io.DefaultHttpClientConnectionOperator - chromedriver.storage.googleapis.com resolved to [chromedriver.storage.googleapis.com/173.194.221.128, chromedriver.storage.googleapis.com/64.233.161.128, chromedriver.storage.googleapis.com/64.233.162.128, chromedriver.storage.googleapis.com/74.125.205.128, chromedriver.storage.googleapis.com/64.233.164.128, chromedriver.storage.googleapis.com/108.177.14.128, chromedriver.storage.googleapis.com/64.233.165.128, chromedriver.storage.googleapis.com/64.233.163.128, chromedriver.storage.googleapis.com/142.250.150.128, chromedriver.storage.googleapis.com/209.85.233.128, chromedriver.storage.googleapis.com/173.194.220.128, chromedriver.storage.googleapis.com/173.194.222.128, chromedriver.storage.googleapis.com/173.194.73.128, chromedriver.storage.googleapis.com/142.251.1.128]
13:42:30.497 [main] DEBUG org.apache.hc.client5.http.impl.io.DefaultHttpClientConnectionOperator - chromedriver.storage.googleapis.com:443 connecting null->chromedriver.storage.googleapis.com/173.194.221.128:443 (30 SECONDS)
13:42:30.497 [main] DEBUG org.apache.hc.client5.http.ssl.SSLConnectionSocketFactory - Connecting socket to chromedriver.storage.googleapis.com/173.194.221.128:443 with timeout 30 SECONDS
13:42:30.613 [main] DEBUG org.apache.hc.client5.http.ssl.SSLConnectionSocketFactory - Enabled protocols: [TLSv1.3, TLSv1.2]
13:42:30.613 [main] DEBUG org.apache.hc.client5.http.ssl.SSLConnectionSocketFactory - Enabled cipher suites: [TLS_AES_256_GCM_SHA384, TLS_AES_128_GCM_SHA256, TLS_CHACHA20_POLY1305_SHA256, TLS_ECDHE_ECDSA_WITH_AES_256_GCM_SHA384, TLS_ECDHE_ECDSA_WITH_AES_128_GCM_SHA256, TLS_ECDHE_ECDSA_WITH_CHACHA20_POLY1305_SHA256, TLS_ECDHE_RSA_WITH_AES_256_GCM_SHA384, TLS_ECDHE_RSA_WITH_CHACHA20_POLY1305_SHA256, TLS_ECDHE_RSA_WITH_AES_128_GCM_SHA256, TLS_DHE_RSA_WITH_AES_256_GCM_SHA384, TLS_DHE_RSA_WITH_CHACHA20_POLY1305_SHA256, TLS_DHE_DSS_WITH_AES_256_GCM_SHA384, TLS_DHE_RSA_WITH_AES_128_GCM_SHA256, TLS_DHE_DSS_WITH_AES_128_GCM_SHA256, TLS_ECDHE_ECDSA_WITH_AES_256_CBC_SHA384, TLS_ECDHE_RSA_WITH_AES_256_CBC_SHA384, TLS_ECDHE_ECDSA_WITH_AES_128_CBC_SHA256, TLS_ECDHE_RSA_WITH_AES_128_CBC_SHA256, TLS_DHE_RSA_WITH_AES_256_CBC_SHA256, TLS_DHE_DSS_WITH_AES_256_CBC_SHA256, TLS_DHE_RSA_WITH_AES_128_CBC_SHA256, TLS_DHE_DSS_WITH_AES_128_CBC_SHA256, TLS_ECDH_ECDSA_WITH_AES_256_GCM_SHA384, TLS_ECDH_RSA_WITH_AES_256_GCM_SHA384, TLS_ECDH_ECDSA_WITH_AES_128_GCM_SHA256, TLS_ECDH_RSA_WITH_AES_128_GCM_SHA256, TLS_ECDH_ECDSA_WITH_AES_256_CBC_SHA384, TLS_ECDH_RSA_WITH_AES_256_CBC_SHA384, TLS_ECDH_ECDSA_WITH_AES_128_CBC_SHA256, TLS_ECDH_RSA_WITH_AES_128_CBC_SHA256, TLS_ECDHE_ECDSA_WITH_AES_256_CBC_SHA, TLS_ECDHE_RSA_WITH_AES_256_CBC_SHA, TLS_ECDHE_ECDSA_WITH_AES_128_CBC_SHA, TLS_ECDHE_RSA_WITH_AES_128_CBC_SHA, TLS_DHE_RSA_WITH_AES_256_CBC_SHA, TLS_DHE_DSS_WITH_AES_256_CBC_SHA, TLS_DHE_RSA_WITH_AES_128_CBC_SHA, TLS_DHE_DSS_WITH_AES_128_CBC_SHA, TLS_ECDH_ECDSA_WITH_AES_256_CBC_SHA, TLS_ECDH_RSA_WITH_AES_256_CBC_SHA, TLS_ECDH_ECDSA_WITH_AES_128_CBC_SHA, TLS_ECDH_RSA_WITH_AES_128_CBC_SHA, TLS_RSA_WITH_AES_256_GCM_SHA384, TLS_RSA_WITH_AES_128_GCM_SHA256, TLS_RSA_WITH_AES_256_CBC_SHA256, TLS_RSA_WITH_AES_128_CBC_SHA256, TLS_RSA_WITH_AES_256_CBC_SHA, TLS_RSA_WITH_AES_128_CBC_SHA, TLS_EMPTY_RENEGOTIATION_INFO_SCSV]
13:42:30.613 [main] DEBUG org.apache.hc.client5.http.ssl.SSLConnectionSocketFactory - Starting handshake (null)
13:42:30.740 [main] DEBUG org.apache.hc.client5.http.ssl.SSLConnectionSocketFactory - Secure session established
13:42:30.740 [main] DEBUG org.apache.hc.client5.http.ssl.SSLConnectionSocketFactory -  negotiated protocol: TLSv1.3
13:42:30.740 [main] DEBUG org.apache.hc.client5.http.ssl.SSLConnectionSocketFactory -  negotiated cipher suite: TLS_AES_256_GCM_SHA384
13:42:30.740 [main] DEBUG org.apache.hc.client5.http.ssl.SSLConnectionSocketFactory -  peer principal: CN=*.storage.googleapis.com
13:42:30.740 [main] DEBUG org.apache.hc.client5.http.ssl.SSLConnectionSocketFactory -  peer alternative names: [*.storage.googleapis.com, *.googleapis.com, commondatastorage.googleapis.com, *.commondatastorage.googleapis.com, storage.googleapis.com, storage-p2.googleapis.com, *.storage-p2.googleapis.com, storage.mtls.googleapis.com, *.appspot.com.storage.googleapis.com, *.content-storage.googleapis.com, *.content-storage-p2.googleapis.com, *.content-storage-upload.googleapis.com, *.content-storage-download.googleapis.com, *.storage-upload.googleapis.com, *.storage-download.googleapis.com]
13:42:30.740 [main] DEBUG org.apache.hc.client5.http.ssl.SSLConnectionSocketFactory -  issuer principal: CN=GTS CA 1C3, O=Google Trust Services LLC, C=US
13:42:30.740 [main] DEBUG org.apache.hc.client5.http.impl.io.DefaultManagedHttpClientConnection - http-outgoing-17 set socket timeout to 3 MINUTES
13:42:30.740 [main] DEBUG org.apache.hc.client5.http.impl.io.DefaultHttpClientConnectionOperator - chromedriver.storage.googleapis.com:443 connected null->chromedriver.storage.googleapis.com/173.194.221.128:443 as http-outgoing-17
13:42:30.740 [main] DEBUG org.apache.hc.client5.http.impl.io.PoolingHttpClientConnectionManager - ep-0000000024 connected http-outgoing-17
13:42:30.740 [main] DEBUG org.apache.hc.client5.http.impl.classic.InternalHttpClient - ep-0000000024 endpoint connected
13:42:30.740 [main] DEBUG org.apache.hc.client5.http.impl.classic.MainClientExec - ex-0000000024 executing GET /LATEST_RELEASE HTTP/1.1
13:42:30.740 [main] DEBUG org.apache.hc.client5.http.protocol.RequestAddCookies - ex-0000000024 Cookie spec selected: strict
13:42:30.740 [main] DEBUG org.apache.hc.client5.http.impl.classic.InternalHttpClient - ep-0000000024 start execution ex-0000000024
13:42:30.740 [main] DEBUG org.apache.hc.client5.http.impl.io.PoolingHttpClientConnectionManager - ep-0000000024 executing exchange ex-0000000024 over http-outgoing-17
13:42:30.740 [main] DEBUG org.apache.hc.client5.http.headers - http-outgoing-17 >> GET /LATEST_RELEASE HTTP/1.1
13:42:30.740 [main] DEBUG org.apache.hc.client5.http.headers - http-outgoing-17 >> user-agent: Apache-HttpClient/5.0
13:42:30.740 [main] DEBUG org.apache.hc.client5.http.headers - http-outgoing-17 >> accept-encoding: gzip, deflate, br
13:42:30.740 [main] DEBUG org.apache.hc.client5.http.headers - http-outgoing-17 >> cache-control: max-age=0
13:42:30.740 [main] DEBUG org.apache.hc.client5.http.headers - http-outgoing-17 >> connection: keep-alive
13:42:30.740 [main] DEBUG org.apache.hc.client5.http.headers - http-outgoing-17 >> Host: chromedriver.storage.googleapis.com
13:42:30.740 [main] DEBUG org.apache.hc.client5.http.wire - http-outgoing-17 >> "GET /LATEST_RELEASE HTTP/1.1[\r][\n]"
13:42:30.740 [main] DEBUG org.apache.hc.client5.http.wire - http-outgoing-17 >> "user-agent: Apache-HttpClient/5.0[\r][\n]"
13:42:30.740 [main] DEBUG org.apache.hc.client5.http.wire - http-outgoing-17 >> "accept-encoding: gzip, deflate, br[\r][\n]"
13:42:30.740 [main] DEBUG org.apache.hc.client5.http.wire - http-outgoing-17 >> "cache-control: max-age=0[\r][\n]"
13:42:30.740 [main] DEBUG org.apache.hc.client5.http.wire - http-outgoing-17 >> "connection: keep-alive[\r][\n]"
13:42:30.740 [main] DEBUG org.apache.hc.client5.http.wire - http-outgoing-17 >> "Host: chromedriver.storage.googleapis.com[\r][\n]"
13:42:30.740 [main] DEBUG org.apache.hc.client5.http.wire - http-outgoing-17 >> "[\r][\n]"
13:42:30.829 [main] DEBUG org.apache.hc.client5.http.wire - http-outgoing-17 << "HTTP/1.1 200 OK[\r][\n]"
13:42:30.829 [main] DEBUG org.apache.hc.client5.http.wire - http-outgoing-17 << "X-GUploader-UploadID: ADPycdv84dNtfnmEcesdIebgfhr1D2cBE0FJoXmC4uwfEFrRBDJjcf7xPD0_4_BMRjnypkuBn_KI_WxsKq4SZzOyHU6Vyw[\r][\n]"
13:42:30.829 [main] DEBUG org.apache.hc.client5.http.wire - http-outgoing-17 << "x-goog-generation: 1685523462105569[\r][\n]"
13:42:30.829 [main] DEBUG org.apache.hc.client5.http.wire - http-outgoing-17 << "x-goog-metageneration: 1[\r][\n]"
13:42:30.829 [main] DEBUG org.apache.hc.client5.http.wire - http-outgoing-17 << "x-goog-stored-content-encoding: identity[\r][\n]"
13:42:30.829 [main] DEBUG org.apache.hc.client5.http.wire - http-outgoing-17 << "x-goog-stored-content-length: 13[\r][\n]"
13:42:30.829 [main] DEBUG org.apache.hc.client5.http.wire - http-outgoing-17 << "x-goog-hash: crc32c=tVW4TA==[\r][\n]"
13:42:30.829 [main] DEBUG org.apache.hc.client5.http.wire - http-outgoing-17 << "x-goog-hash: md5=NoaEuIlBlniwTkiZ1T16sA==[\r][\n]"
13:42:30.829 [main] DEBUG org.apache.hc.client5.http.wire - http-outgoing-17 << "x-goog-storage-class: STANDARD[\r][\n]"
13:42:30.829 [main] DEBUG org.apache.hc.client5.http.wire - http-outgoing-17 << "Accept-Ranges: bytes[\r][\n]"
13:42:30.829 [main] DEBUG org.apache.hc.client5.http.wire - http-outgoing-17 << "Content-Length: 13[\r][\n]"
13:42:30.829 [main] DEBUG org.apache.hc.client5.http.wire - http-outgoing-17 << "Server: UploadServer[\r][\n]"
13:42:30.829 [main] DEBUG org.apache.hc.client5.http.wire - http-outgoing-17 << "Date: Mon, 31 Jul 2023 07:13:14 GMT[\r][\n]"
13:42:30.829 [main] DEBUG org.apache.hc.client5.http.wire - http-outgoing-17 << "Expires: Mon, 31 Jul 2023 08:13:14 GMT[\r][\n]"
13:42:30.829 [main] DEBUG org.apache.hc.client5.http.wire - http-outgoing-17 << "Cache-Control: public, max-age=3600[\r][\n]"
13:42:30.829 [main] DEBUG org.apache.hc.client5.http.wire - http-outgoing-17 << "Age: 1755[\r][\n]"
13:42:30.829 [main] DEBUG org.apache.hc.client5.http.wire - http-outgoing-17 << "Last-Modified: Wed, 31 May 2023 08:57:42 GMT[\r][\n]"
13:42:30.829 [main] DEBUG org.apache.hc.client5.http.wire - http-outgoing-17 << "ETag: "368684b889419678b04e4899d53d7ab0"[\r][\n]"
13:42:30.829 [main] DEBUG org.apache.hc.client5.http.wire - http-outgoing-17 << "Content-Type: text/plain[\r][\n]"
13:42:30.829 [main] DEBUG org.apache.hc.client5.http.wire - http-outgoing-17 << "Alt-Svc: h3=":443"; ma=2592000,h3-29=":443"; ma=2592000[\r][\n]"
13:42:30.829 [main] DEBUG org.apache.hc.client5.http.wire - http-outgoing-17 << "[\r][\n]"
13:42:30.829 [main] DEBUG org.apache.hc.client5.http.wire - http-outgoing-17 << "114.0.5735.90"
13:42:30.829 [main] DEBUG org.apache.hc.client5.http.headers - http-outgoing-17 << HTTP/1.1 200 OK
13:42:30.829 [main] DEBUG org.apache.hc.client5.http.headers - http-outgoing-17 << X-GUploader-UploadID: ADPycdv84dNtfnmEcesdIebgfhr1D2cBE0FJoXmC4uwfEFrRBDJjcf7xPD0_4_BMRjnypkuBn_KI_WxsKq4SZzOyHU6Vyw
13:42:30.829 [main] DEBUG org.apache.hc.client5.http.headers - http-outgoing-17 << x-goog-generation: 1685523462105569
13:42:30.829 [main] DEBUG org.apache.hc.client5.http.headers - http-outgoing-17 << x-goog-metageneration: 1
13:42:30.829 [main] DEBUG org.apache.hc.client5.http.headers - http-outgoing-17 << x-goog-stored-content-encoding: identity
13:42:30.829 [main] DEBUG org.apache.hc.client5.http.headers - http-outgoing-17 << x-goog-stored-content-length: 13
13:42:30.829 [main] DEBUG org.apache.hc.client5.http.headers - http-outgoing-17 << x-goog-hash: crc32c=tVW4TA==
13:42:30.829 [main] DEBUG org.apache.hc.client5.http.headers - http-outgoing-17 << x-goog-hash: md5=NoaEuIlBlniwTkiZ1T16sA==
13:42:30.829 [main] DEBUG org.apache.hc.client5.http.headers - http-outgoing-17 << x-goog-storage-class: STANDARD
13:42:30.829 [main] DEBUG org.apache.hc.client5.http.headers - http-outgoing-17 << Accept-Ranges: bytes
13:42:30.829 [main] DEBUG org.apache.hc.client5.http.headers - http-outgoing-17 << Content-Length: 13
13:42:30.829 [main] DEBUG org.apache.hc.client5.http.headers - http-outgoing-17 << Server: UploadServer
13:42:30.829 [main] DEBUG org.apache.hc.client5.http.headers - http-outgoing-17 << Date: Mon, 31 Jul 2023 07:13:14 GMT
13:42:30.829 [main] DEBUG org.apache.hc.client5.http.headers - http-outgoing-17 << Expires: Mon, 31 Jul 2023 08:13:14 GMT
13:42:30.829 [main] DEBUG org.apache.hc.client5.http.headers - http-outgoing-17 << Cache-Control: public, max-age=3600
13:42:30.829 [main] DEBUG org.apache.hc.client5.http.headers - http-outgoing-17 << Age: 1755
13:42:30.829 [main] DEBUG org.apache.hc.client5.http.headers - http-outgoing-17 << Last-Modified: Wed, 31 May 2023 08:57:42 GMT
13:42:30.829 [main] DEBUG org.apache.hc.client5.http.headers - http-outgoing-17 << ETag: "368684b889419678b04e4899d53d7ab0"
13:42:30.829 [main] DEBUG org.apache.hc.client5.http.headers - http-outgoing-17 << Content-Type: text/plain
13:42:30.829 [main] DEBUG org.apache.hc.client5.http.headers - http-outgoing-17 << Alt-Svc: h3=":443"; ma=2592000,h3-29=":443"; ma=2592000
13:42:30.830 [main] DEBUG org.apache.hc.client5.http.impl.classic.MainClientExec - ex-0000000024 connection can be kept alive for 3 MINUTES
13:42:30.830 [main] DEBUG org.apache.hc.client5.http.impl.classic.InternalHttpClient - ep-0000000024 releasing valid endpoint
13:42:30.830 [main] DEBUG org.apache.hc.client5.http.impl.io.PoolingHttpClientConnectionManager - ep-0000000024 releasing endpoint
13:42:30.830 [main] DEBUG org.apache.hc.client5.http.impl.io.PoolingHttpClientConnectionManager - ep-0000000024 connection http-outgoing-17 can be kept alive for 3 MINUTES
13:42:30.830 [main] DEBUG org.apache.hc.client5.http.impl.io.PoolingHttpClientConnectionManager - ep-0000000024 connection released [route: {s}->https://chromedriver.storage.googleapis.com:443][total available: 2; route allocated: 2 of 5; total allocated: 3 of 25]
13:42:30.830 [main] DEBUG io.github.bonigarcia.wdm.versions.VersionDetector - Latest version of chromedriver according to https://chromedriver.storage.googleapis.com/LATEST_RELEASE is 114.0.5735.90
13:42:30.833 [main] DEBUG io.github.bonigarcia.wdm.WebDriverManager - Driver chromedriver 114.0.5735.90 found in cache
13:42:30.833 [main] INFO io.github.bonigarcia.wdm.WebDriverManager - Exporting webdriver.chrome.driver as C:\Users\Asus\.cache\selenium\chromedriver\win32\114.0.5735.90\chromedriver.exe
13:42:30.902 [AsyncHttpClient-1-17] DEBUG org.asynchttpclient.netty.channel.NettyConnectListener - Using new Channel '[id: 0xd638e249, L:/127.0.0.1:55297 - R:localhost/127.0.0.1:13089]' for 'POST' to '/session'
13:42:31.430 [AsyncHttpClient-1-17] DEBUG org.asynchttpclient.netty.handler.HttpHandler - 

Request DefaultHttpRequest(decodeResult: success, version: HTTP/1.1)
POST /session HTTP/1.1
User-Agent: selenium/4.10.0 (java windows)
Content-Length: 363
Content-Type: application/json; charset=utf-8
host: localhost:13089
accept: */*

Response DefaultHttpResponse(decodeResult: success, version: HTTP/1.1)
HTTP/1.1 200 OK
Content-Length: 860
Content-Type: application/json; charset=utf-8
cache-control: no-cache

13:42:31.430 [AsyncHttpClient-1-17] DEBUG org.asynchttpclient.netty.channel.ChannelManager - Adding key: http://localhost:13089 for channel [id: 0xd638e249, L:/127.0.0.1:55297 - R:localhost/127.0.0.1:13089]
13:42:31.435 [AsyncHttpClient-1-18] DEBUG org.asynchttpclient.netty.channel.NettyConnectListener - Using new Channel '[id: 0xb16919e7, L:/127.0.0.1:55304 - R:localhost/127.0.0.1:55298]' for 'GET' to '/json/version'
13:42:31.438 [AsyncHttpClient-1-18] DEBUG org.asynchttpclient.netty.handler.HttpHandler - 

Request DefaultFullHttpRequest(decodeResult: success, version: HTTP/1.1, content: EmptyByteBufBE)
GET /json/version HTTP/1.1
User-Agent: selenium/4.10.0 (java windows)
host: localhost:55298
accept: */*

Response DefaultHttpResponse(decodeResult: success, version: HTTP/1.1)
HTTP/1.1 200 OK
Content-Security-Policy: frame-ancestors 'none'
Content-Length: 424
Content-Type: application/json; charset=UTF-8

13:42:31.439 [AsyncHttpClient-1-18] DEBUG org.asynchttpclient.netty.channel.ChannelManager - Adding key: http://localhost:55298 for channel [id: 0xb16919e7, L:/127.0.0.1:55304 - R:localhost/127.0.0.1:55298]
13:42:31.441 [AsyncHttpClient-1-19] DEBUG org.asynchttpclient.netty.channel.NettyConnectListener - Using new Channel '[id: 0x251ced7c, L:/127.0.0.1:55305 - R:localhost/127.0.0.1:55298]' for 'GET' to '/devtools/browser/f1cd0c3f-05a6-4746-b05f-7698535e1a4f'
13:42:31.444 [AsyncHttpClient-1-19] DEBUG org.asynchttpclient.netty.handler.WebSocketHandler - 

Request DefaultFullHttpRequest(decodeResult: success, version: HTTP/1.1, content: EmptyByteBufBE)
GET /devtools/browser/f1cd0c3f-05a6-4746-b05f-7698535e1a4f HTTP/1.1
upgrade: websocket
connection: upgrade
sec-websocket-key: AYJbK3gcWCo4wEz9+j9vCw==
sec-websocket-version: 13
origin: http://localhost:55298
host: localhost:55298
accept: */*
user-agent: AHC/2.1

Response DefaultHttpResponse(decodeResult: success, version: HTTP/1.1)
HTTP/1.1 101 WebSocket Protocol Handshake
Upgrade: WebSocket
Connection: Upgrade
Sec-WebSocket-Accept: jla+cptxHsdK84g27naFuvh21OM=

13:42:31.446 [Forwarding setTimeout on session 3659f41497be9ab77f5bbad58c6f1018 to remote] DEBUG org.asynchttpclient.netty.request.NettyRequestSender - Using pooled Channel '[id: 0xd638e249, L:/127.0.0.1:55297 - R:localhost/127.0.0.1:13089]' for 'POST' to 'http://localhost:13089/session/3659f41497be9ab77f5bbad58c6f1018/timeouts'
13:42:31.446 [Forwarding setTimeout on session 3659f41497be9ab77f5bbad58c6f1018 to remote] DEBUG org.asynchttpclient.netty.request.NettyRequestSender - Using open Channel [id: 0xd638e249, L:/127.0.0.1:55297 - R:localhost/127.0.0.1:13089] for POST '/session/3659f41497be9ab77f5bbad58c6f1018/timeouts'
13:42:31.447 [AsyncHttpClient-1-17] DEBUG org.asynchttpclient.netty.handler.HttpHandler - 

Request DefaultHttpRequest(decodeResult: success, version: HTTP/1.1)
POST /session/3659f41497be9ab77f5bbad58c6f1018/timeouts HTTP/1.1
User-Agent: selenium/4.10.0 (java windows)
Content-Length: 23
Content-Type: application/json; charset=utf-8
host: localhost:13089
accept: */*

Response DefaultHttpResponse(decodeResult: success, version: HTTP/1.1)
HTTP/1.1 200 OK
Content-Length: 14
Content-Type: application/json; charset=utf-8
cache-control: no-cache

13:42:31.447 [AsyncHttpClient-1-17] DEBUG org.asynchttpclient.netty.channel.ChannelManager - Adding key: http://localhost:13089 for channel [id: 0xd638e249, L:/127.0.0.1:55297 - R:localhost/127.0.0.1:13089]
13:42:31.447 [Forwarding maximizeCurrentWindow on session 3659f41497be9ab77f5bbad58c6f1018 to remote] DEBUG org.asynchttpclient.netty.request.NettyRequestSender - Using pooled Channel '[id: 0xd638e249, L:/127.0.0.1:55297 - R:localhost/127.0.0.1:13089]' for 'POST' to 'http://localhost:13089/session/3659f41497be9ab77f5bbad58c6f1018/window/maximize'
13:42:31.447 [Forwarding maximizeCurrentWindow on session 3659f41497be9ab77f5bbad58c6f1018 to remote] DEBUG org.asynchttpclient.netty.request.NettyRequestSender - Using open Channel [id: 0xd638e249, L:/127.0.0.1:55297 - R:localhost/127.0.0.1:13089] for POST '/session/3659f41497be9ab77f5bbad58c6f1018/window/maximize'
13:42:31.559 [AsyncHttpClient-1-17] DEBUG org.asynchttpclient.netty.handler.HttpHandler - 

Request DefaultHttpRequest(decodeResult: success, version: HTTP/1.1)
POST /session/3659f41497be9ab77f5bbad58c6f1018/window/maximize HTTP/1.1
User-Agent: selenium/4.10.0 (java windows)
Content-Length: 3
Content-Type: application/json; charset=utf-8
host: localhost:13089
accept: */*

Response DefaultHttpResponse(decodeResult: success, version: HTTP/1.1)
HTTP/1.1 200 OK
Content-Length: 52
Content-Type: application/json; charset=utf-8
cache-control: no-cache

13:42:31.559 [AsyncHttpClient-1-17] DEBUG org.asynchttpclient.netty.channel.ChannelManager - Adding key: http://localhost:13089 for channel [id: 0xd638e249, L:/127.0.0.1:55297 - R:localhost/127.0.0.1:13089]
[INFO ] 2023-07-31 13:42:31.559 [main] Driver - Chrome driver started successfully
13:42:31.560 [Forwarding get on session 3659f41497be9ab77f5bbad58c6f1018 to remote] DEBUG org.asynchttpclient.netty.request.NettyRequestSender - Using pooled Channel '[id: 0xd638e249, L:/127.0.0.1:55297 - R:localhost/127.0.0.1:13089]' for 'POST' to 'http://localhost:13089/session/3659f41497be9ab77f5bbad58c6f1018/url'
13:42:31.560 [Forwarding get on session 3659f41497be9ab77f5bbad58c6f1018 to remote] DEBUG org.asynchttpclient.netty.request.NettyRequestSender - Using open Channel [id: 0xd638e249, L:/127.0.0.1:55297 - R:localhost/127.0.0.1:13089] for POST '/session/3659f41497be9ab77f5bbad58c6f1018/url'
13:42:32.253 [AsyncHttpClient-1-1] DEBUG org.asynchttpclient.netty.channel.DefaultChannelPool - Entry count for : http://localhost:55298 : 1
13:42:33.358 [AsyncHttpClient-1-1] DEBUG org.asynchttpclient.netty.channel.DefaultChannelPool - Entry count for : http://localhost:55298 : 1
13:42:34.454 [AsyncHttpClient-1-1] DEBUG org.asynchttpclient.netty.channel.DefaultChannelPool - Entry count for : http://localhost:55298 : 1
13:42:35.553 [AsyncHttpClient-1-1] DEBUG org.asynchttpclient.netty.channel.DefaultChannelPool - Entry count for : http://localhost:55298 : 1
13:42:36.332 [AsyncHttpClient-1-17] DEBUG org.asynchttpclient.netty.handler.HttpHandler - 

Request DefaultHttpRequest(decodeResult: success, version: HTTP/1.1)
POST /session/3659f41497be9ab77f5bbad58c6f1018/url HTTP/1.1
User-Agent: selenium/4.10.0 (java windows)
Content-Length: 75
Content-Type: application/json; charset=utf-8
host: localhost:13089
accept: */*

Response DefaultHttpResponse(decodeResult: success, version: HTTP/1.1)
HTTP/1.1 200 OK
Content-Length: 14
Content-Type: application/json; charset=utf-8
cache-control: no-cache

13:42:36.332 [AsyncHttpClient-1-17] DEBUG org.asynchttpclient.netty.channel.ChannelManager - Adding key: http://localhost:13089 for channel [id: 0xd638e249, L:/127.0.0.1:55297 - R:localhost/127.0.0.1:13089]
13:42:36.332 [Forwarding findElement on session 3659f41497be9ab77f5bbad58c6f1018 to remote] DEBUG org.asynchttpclient.netty.request.NettyRequestSender - Using pooled Channel '[id: 0xd638e249, L:/127.0.0.1:55297 - R:localhost/127.0.0.1:13089]' for 'POST' to 'http://localhost:13089/session/3659f41497be9ab77f5bbad58c6f1018/element'
13:42:36.332 [Forwarding findElement on session 3659f41497be9ab77f5bbad58c6f1018 to remote] DEBUG org.asynchttpclient.netty.request.NettyRequestSender - Using open Channel [id: 0xd638e249, L:/127.0.0.1:55297 - R:localhost/127.0.0.1:13089] for POST '/session/3659f41497be9ab77f5bbad58c6f1018/element'
13:42:36.341 [AsyncHttpClient-1-17] DEBUG org.asynchttpclient.netty.handler.HttpHandler - 

Request DefaultHttpRequest(decodeResult: success, version: HTTP/1.1)
POST /session/3659f41497be9ab77f5bbad58c6f1018/element HTTP/1.1
User-Agent: selenium/4.10.0 (java windows)
Content-Length: 102
Content-Type: application/json; charset=utf-8
host: localhost:13089
accept: */*

Response DefaultHttpResponse(decodeResult: success, version: HTTP/1.1)
HTTP/1.1 200 OK
Content-Length: 95
Content-Type: application/json; charset=utf-8
cache-control: no-cache

13:42:36.341 [AsyncHttpClient-1-17] DEBUG org.asynchttpclient.netty.channel.ChannelManager - Adding key: http://localhost:13089 for channel [id: 0xd638e249, L:/127.0.0.1:55297 - R:localhost/127.0.0.1:13089]
13:42:36.343 [Forwarding isElementDisplayed on session 3659f41497be9ab77f5bbad58c6f1018 to remote] DEBUG org.asynchttpclient.netty.request.NettyRequestSender - Using pooled Channel '[id: 0xd638e249, L:/127.0.0.1:55297 - R:localhost/127.0.0.1:13089]' for 'POST' to 'http://localhost:13089/session/3659f41497be9ab77f5bbad58c6f1018/execute/sync'
13:42:36.343 [Forwarding isElementDisplayed on session 3659f41497be9ab77f5bbad58c6f1018 to remote] DEBUG org.asynchttpclient.netty.request.NettyRequestSender - Using open Channel [id: 0xd638e249, L:/127.0.0.1:55297 - R:localhost/127.0.0.1:13089] for POST '/session/3659f41497be9ab77f5bbad58c6f1018/execute/sync'
13:42:36.353 [AsyncHttpClient-1-17] DEBUG org.asynchttpclient.netty.handler.HttpHandler - 

Request DefaultHttpRequest(decodeResult: success, version: HTTP/1.1)
POST /session/3659f41497be9ab77f5bbad58c6f1018/execute/sync HTTP/1.1
User-Agent: selenium/4.10.0 (java windows)
Content-Length: 48814
Content-Type: application/json; charset=utf-8
host: localhost:13089
accept: */*

Response DefaultHttpResponse(decodeResult: success, version: HTTP/1.1)
HTTP/1.1 200 OK
Content-Length: 14
Content-Type: application/json; charset=utf-8
cache-control: no-cache

13:42:36.353 [AsyncHttpClient-1-17] DEBUG org.asynchttpclient.netty.channel.ChannelManager - Adding key: http://localhost:13089 for channel [id: 0xd638e249, L:/127.0.0.1:55297 - R:localhost/127.0.0.1:13089]
13:42:36.353 [Forwarding findElement on session 3659f41497be9ab77f5bbad58c6f1018 to remote] DEBUG org.asynchttpclient.netty.request.NettyRequestSender - Using pooled Channel '[id: 0xd638e249, L:/127.0.0.1:55297 - R:localhost/127.0.0.1:13089]' for 'POST' to 'http://localhost:13089/session/3659f41497be9ab77f5bbad58c6f1018/element'
13:42:36.353 [Forwarding findElement on session 3659f41497be9ab77f5bbad58c6f1018 to remote] DEBUG org.asynchttpclient.netty.request.NettyRequestSender - Using open Channel [id: 0xd638e249, L:/127.0.0.1:55297 - R:localhost/127.0.0.1:13089] for POST '/session/3659f41497be9ab77f5bbad58c6f1018/element'
13:42:36.358 [AsyncHttpClient-1-17] DEBUG org.asynchttpclient.netty.handler.HttpHandler - 

Request DefaultHttpRequest(decodeResult: success, version: HTTP/1.1)
POST /session/3659f41497be9ab77f5bbad58c6f1018/element HTTP/1.1
User-Agent: selenium/4.10.0 (java windows)
Content-Length: 102
Content-Type: application/json; charset=utf-8
host: localhost:13089
accept: */*

Response DefaultHttpResponse(decodeResult: success, version: HTTP/1.1)
HTTP/1.1 200 OK
Content-Length: 95
Content-Type: application/json; charset=utf-8
cache-control: no-cache

13:42:36.358 [AsyncHttpClient-1-17] DEBUG org.asynchttpclient.netty.channel.ChannelManager - Adding key: http://localhost:13089 for channel [id: 0xd638e249, L:/127.0.0.1:55297 - R:localhost/127.0.0.1:13089]
13:42:36.359 [Forwarding sendKeysToElement on session 3659f41497be9ab77f5bbad58c6f1018 to remote] DEBUG org.asynchttpclient.netty.request.NettyRequestSender - Using pooled Channel '[id: 0xd638e249, L:/127.0.0.1:55297 - R:localhost/127.0.0.1:13089]' for 'POST' to 'http://localhost:13089/session/3659f41497be9ab77f5bbad58c6f1018/element/9FCAA45D1F277E2184A466B853B8D6EF_element_38/value'
13:42:36.359 [Forwarding sendKeysToElement on session 3659f41497be9ab77f5bbad58c6f1018 to remote] DEBUG org.asynchttpclient.netty.request.NettyRequestSender - Using open Channel [id: 0xd638e249, L:/127.0.0.1:55297 - R:localhost/127.0.0.1:13089] for POST '/session/3659f41497be9ab77f5bbad58c6f1018/element/9FCAA45D1F277E2184A466B853B8D6EF_element_38/value'
13:42:36.416 [AsyncHttpClient-1-17] DEBUG org.asynchttpclient.netty.handler.HttpHandler - 

Request DefaultHttpRequest(decodeResult: success, version: HTTP/1.1)
POST /session/3659f41497be9ab77f5bbad58c6f1018/element/9FCAA45D1F277E2184A466B853B8D6EF_element_38/value HTTP/1.1
User-Agent: selenium/4.10.0 (java windows)
Content-Length: 148
Content-Type: application/json; charset=utf-8
host: localhost:13089
accept: */*

Response DefaultHttpResponse(decodeResult: success, version: HTTP/1.1)
HTTP/1.1 200 OK
Content-Length: 14
Content-Type: application/json; charset=utf-8
cache-control: no-cache

13:42:36.416 [AsyncHttpClient-1-17] DEBUG org.asynchttpclient.netty.channel.ChannelManager - Adding key: http://localhost:13089 for channel [id: 0xd638e249, L:/127.0.0.1:55297 - R:localhost/127.0.0.1:13089]
13:42:36.417 [Forwarding findElement on session 3659f41497be9ab77f5bbad58c6f1018 to remote] DEBUG org.asynchttpclient.netty.request.NettyRequestSender - Using pooled Channel '[id: 0xd638e249, L:/127.0.0.1:55297 - R:localhost/127.0.0.1:13089]' for 'POST' to 'http://localhost:13089/session/3659f41497be9ab77f5bbad58c6f1018/element'
13:42:36.417 [Forwarding findElement on session 3659f41497be9ab77f5bbad58c6f1018 to remote] DEBUG org.asynchttpclient.netty.request.NettyRequestSender - Using open Channel [id: 0xd638e249, L:/127.0.0.1:55297 - R:localhost/127.0.0.1:13089] for POST '/session/3659f41497be9ab77f5bbad58c6f1018/element'
13:42:36.425 [AsyncHttpClient-1-17] DEBUG org.asynchttpclient.netty.handler.HttpHandler - 

Request DefaultHttpRequest(decodeResult: success, version: HTTP/1.1)
POST /session/3659f41497be9ab77f5bbad58c6f1018/element HTTP/1.1
User-Agent: selenium/4.10.0 (java windows)
Content-Length: 102
Content-Type: application/json; charset=utf-8
host: localhost:13089
accept: */*

Response DefaultHttpResponse(decodeResult: success, version: HTTP/1.1)
HTTP/1.1 200 OK
Content-Length: 95
Content-Type: application/json; charset=utf-8
cache-control: no-cache

13:42:36.425 [AsyncHttpClient-1-17] DEBUG org.asynchttpclient.netty.channel.ChannelManager - Adding key: http://localhost:13089 for channel [id: 0xd638e249, L:/127.0.0.1:55297 - R:localhost/127.0.0.1:13089]
13:42:36.426 [Forwarding isElementDisplayed on session 3659f41497be9ab77f5bbad58c6f1018 to remote] DEBUG org.asynchttpclient.netty.request.NettyRequestSender - Using pooled Channel '[id: 0xd638e249, L:/127.0.0.1:55297 - R:localhost/127.0.0.1:13089]' for 'POST' to 'http://localhost:13089/session/3659f41497be9ab77f5bbad58c6f1018/execute/sync'
13:42:36.426 [Forwarding isElementDisplayed on session 3659f41497be9ab77f5bbad58c6f1018 to remote] DEBUG org.asynchttpclient.netty.request.NettyRequestSender - Using open Channel [id: 0xd638e249, L:/127.0.0.1:55297 - R:localhost/127.0.0.1:13089] for POST '/session/3659f41497be9ab77f5bbad58c6f1018/execute/sync'
13:42:36.434 [AsyncHttpClient-1-17] DEBUG org.asynchttpclient.netty.handler.HttpHandler - 

Request DefaultHttpRequest(decodeResult: success, version: HTTP/1.1)
POST /session/3659f41497be9ab77f5bbad58c6f1018/execute/sync HTTP/1.1
User-Agent: selenium/4.10.0 (java windows)
Content-Length: 48814
Content-Type: application/json; charset=utf-8
host: localhost:13089
accept: */*

Response DefaultHttpResponse(decodeResult: success, version: HTTP/1.1)
HTTP/1.1 200 OK
Content-Length: 14
Content-Type: application/json; charset=utf-8
cache-control: no-cache

13:42:36.435 [AsyncHttpClient-1-17] DEBUG org.asynchttpclient.netty.channel.ChannelManager - Adding key: http://localhost:13089 for channel [id: 0xd638e249, L:/127.0.0.1:55297 - R:localhost/127.0.0.1:13089]
13:42:36.435 [Forwarding findElement on session 3659f41497be9ab77f5bbad58c6f1018 to remote] DEBUG org.asynchttpclient.netty.request.NettyRequestSender - Using pooled Channel '[id: 0xd638e249, L:/127.0.0.1:55297 - R:localhost/127.0.0.1:13089]' for 'POST' to 'http://localhost:13089/session/3659f41497be9ab77f5bbad58c6f1018/element'
13:42:36.435 [Forwarding findElement on session 3659f41497be9ab77f5bbad58c6f1018 to remote] DEBUG org.asynchttpclient.netty.request.NettyRequestSender - Using open Channel [id: 0xd638e249, L:/127.0.0.1:55297 - R:localhost/127.0.0.1:13089] for POST '/session/3659f41497be9ab77f5bbad58c6f1018/element'
13:42:36.441 [AsyncHttpClient-1-17] DEBUG org.asynchttpclient.netty.handler.HttpHandler - 

Request DefaultHttpRequest(decodeResult: success, version: HTTP/1.1)
POST /session/3659f41497be9ab77f5bbad58c6f1018/element HTTP/1.1
User-Agent: selenium/4.10.0 (java windows)
Content-Length: 102
Content-Type: application/json; charset=utf-8
host: localhost:13089
accept: */*

Response DefaultHttpResponse(decodeResult: success, version: HTTP/1.1)
HTTP/1.1 200 OK
Content-Length: 95
Content-Type: application/json; charset=utf-8
cache-control: no-cache

13:42:36.441 [AsyncHttpClient-1-17] DEBUG org.asynchttpclient.netty.channel.ChannelManager - Adding key: http://localhost:13089 for channel [id: 0xd638e249, L:/127.0.0.1:55297 - R:localhost/127.0.0.1:13089]
13:42:36.441 [Forwarding sendKeysToElement on session 3659f41497be9ab77f5bbad58c6f1018 to remote] DEBUG org.asynchttpclient.netty.request.NettyRequestSender - Using pooled Channel '[id: 0xd638e249, L:/127.0.0.1:55297 - R:localhost/127.0.0.1:13089]' for 'POST' to 'http://localhost:13089/session/3659f41497be9ab77f5bbad58c6f1018/element/9FCAA45D1F277E2184A466B853B8D6EF_element_40/value'
13:42:36.441 [Forwarding sendKeysToElement on session 3659f41497be9ab77f5bbad58c6f1018 to remote] DEBUG org.asynchttpclient.netty.request.NettyRequestSender - Using open Channel [id: 0xd638e249, L:/127.0.0.1:55297 - R:localhost/127.0.0.1:13089] for POST '/session/3659f41497be9ab77f5bbad58c6f1018/element/9FCAA45D1F277E2184A466B853B8D6EF_element_40/value'
13:42:36.490 [AsyncHttpClient-1-17] DEBUG org.asynchttpclient.netty.handler.HttpHandler - 

Request DefaultHttpRequest(decodeResult: success, version: HTTP/1.1)
POST /session/3659f41497be9ab77f5bbad58c6f1018/element/9FCAA45D1F277E2184A466B853B8D6EF_element_40/value HTTP/1.1
User-Agent: selenium/4.10.0 (java windows)
Content-Length: 188
Content-Type: application/json; charset=utf-8
host: localhost:13089
accept: */*

Response DefaultHttpResponse(decodeResult: success, version: HTTP/1.1)
HTTP/1.1 200 OK
Content-Length: 14
Content-Type: application/json; charset=utf-8
cache-control: no-cache

13:42:36.490 [AsyncHttpClient-1-17] DEBUG org.asynchttpclient.netty.channel.ChannelManager - Adding key: http://localhost:13089 for channel [id: 0xd638e249, L:/127.0.0.1:55297 - R:localhost/127.0.0.1:13089]
13:42:36.491 [Forwarding findElement on session 3659f41497be9ab77f5bbad58c6f1018 to remote] DEBUG org.asynchttpclient.netty.request.NettyRequestSender - Using pooled Channel '[id: 0xd638e249, L:/127.0.0.1:55297 - R:localhost/127.0.0.1:13089]' for 'POST' to 'http://localhost:13089/session/3659f41497be9ab77f5bbad58c6f1018/element'
13:42:36.491 [Forwarding findElement on session 3659f41497be9ab77f5bbad58c6f1018 to remote] DEBUG org.asynchttpclient.netty.request.NettyRequestSender - Using open Channel [id: 0xd638e249, L:/127.0.0.1:55297 - R:localhost/127.0.0.1:13089] for POST '/session/3659f41497be9ab77f5bbad58c6f1018/element'
13:42:36.500 [AsyncHttpClient-1-17] DEBUG org.asynchttpclient.netty.handler.HttpHandler - 

Request DefaultHttpRequest(decodeResult: success, version: HTTP/1.1)
POST /session/3659f41497be9ab77f5bbad58c6f1018/element HTTP/1.1
User-Agent: selenium/4.10.0 (java windows)
Content-Length: 170
Content-Type: application/json; charset=utf-8
host: localhost:13089
accept: */*

Response DefaultHttpResponse(decodeResult: success, version: HTTP/1.1)
HTTP/1.1 200 OK
Content-Length: 95
Content-Type: application/json; charset=utf-8
cache-control: no-cache

13:42:36.500 [AsyncHttpClient-1-17] DEBUG org.asynchttpclient.netty.channel.ChannelManager - Adding key: http://localhost:13089 for channel [id: 0xd638e249, L:/127.0.0.1:55297 - R:localhost/127.0.0.1:13089]
13:42:36.501 [Forwarding isElementDisplayed on session 3659f41497be9ab77f5bbad58c6f1018 to remote] DEBUG org.asynchttpclient.netty.request.NettyRequestSender - Using pooled Channel '[id: 0xd638e249, L:/127.0.0.1:55297 - R:localhost/127.0.0.1:13089]' for 'POST' to 'http://localhost:13089/session/3659f41497be9ab77f5bbad58c6f1018/execute/sync'
13:42:36.501 [Forwarding isElementDisplayed on session 3659f41497be9ab77f5bbad58c6f1018 to remote] DEBUG org.asynchttpclient.netty.request.NettyRequestSender - Using open Channel [id: 0xd638e249, L:/127.0.0.1:55297 - R:localhost/127.0.0.1:13089] for POST '/session/3659f41497be9ab77f5bbad58c6f1018/execute/sync'
13:42:36.507 [AsyncHttpClient-1-17] DEBUG org.asynchttpclient.netty.handler.HttpHandler - 

Request DefaultHttpRequest(decodeResult: success, version: HTTP/1.1)
POST /session/3659f41497be9ab77f5bbad58c6f1018/execute/sync HTTP/1.1
User-Agent: selenium/4.10.0 (java windows)
Content-Length: 48814
Content-Type: application/json; charset=utf-8
host: localhost:13089
accept: */*

Response DefaultHttpResponse(decodeResult: success, version: HTTP/1.1)
HTTP/1.1 200 OK
Content-Length: 14
Content-Type: application/json; charset=utf-8
cache-control: no-cache

13:42:36.508 [AsyncHttpClient-1-17] DEBUG org.asynchttpclient.netty.channel.ChannelManager - Adding key: http://localhost:13089 for channel [id: 0xd638e249, L:/127.0.0.1:55297 - R:localhost/127.0.0.1:13089]
[INFO ] 2023-07-31 13:42:36.508 [main] WebElementActions - Waiting for element to be clickable
13:42:36.508 [Forwarding findElement on session 3659f41497be9ab77f5bbad58c6f1018 to remote] DEBUG org.asynchttpclient.netty.request.NettyRequestSender - Using pooled Channel '[id: 0xd638e249, L:/127.0.0.1:55297 - R:localhost/127.0.0.1:13089]' for 'POST' to 'http://localhost:13089/session/3659f41497be9ab77f5bbad58c6f1018/element'
13:42:36.508 [Forwarding findElement on session 3659f41497be9ab77f5bbad58c6f1018 to remote] DEBUG org.asynchttpclient.netty.request.NettyRequestSender - Using open Channel [id: 0xd638e249, L:/127.0.0.1:55297 - R:localhost/127.0.0.1:13089] for POST '/session/3659f41497be9ab77f5bbad58c6f1018/element'
13:42:36.512 [AsyncHttpClient-1-17] DEBUG org.asynchttpclient.netty.handler.HttpHandler - 

Request DefaultHttpRequest(decodeResult: success, version: HTTP/1.1)
POST /session/3659f41497be9ab77f5bbad58c6f1018/element HTTP/1.1
User-Agent: selenium/4.10.0 (java windows)
Content-Length: 170
Content-Type: application/json; charset=utf-8
host: localhost:13089
accept: */*

Response DefaultHttpResponse(decodeResult: success, version: HTTP/1.1)
HTTP/1.1 200 OK
Content-Length: 95
Content-Type: application/json; charset=utf-8
cache-control: no-cache

13:42:36.512 [AsyncHttpClient-1-17] DEBUG org.asynchttpclient.netty.channel.ChannelManager - Adding key: http://localhost:13089 for channel [id: 0xd638e249, L:/127.0.0.1:55297 - R:localhost/127.0.0.1:13089]
13:42:36.514 [Forwarding isElementDisplayed on session 3659f41497be9ab77f5bbad58c6f1018 to remote] DEBUG org.asynchttpclient.netty.request.NettyRequestSender - Using pooled Channel '[id: 0xd638e249, L:/127.0.0.1:55297 - R:localhost/127.0.0.1:13089]' for 'POST' to 'http://localhost:13089/session/3659f41497be9ab77f5bbad58c6f1018/execute/sync'
13:42:36.514 [Forwarding isElementDisplayed on session 3659f41497be9ab77f5bbad58c6f1018 to remote] DEBUG org.asynchttpclient.netty.request.NettyRequestSender - Using open Channel [id: 0xd638e249, L:/127.0.0.1:55297 - R:localhost/127.0.0.1:13089] for POST '/session/3659f41497be9ab77f5bbad58c6f1018/execute/sync'
13:42:36.519 [AsyncHttpClient-1-17] DEBUG org.asynchttpclient.netty.handler.HttpHandler - 

Request DefaultHttpRequest(decodeResult: success, version: HTTP/1.1)
POST /session/3659f41497be9ab77f5bbad58c6f1018/execute/sync HTTP/1.1
User-Agent: selenium/4.10.0 (java windows)
Content-Length: 48814
Content-Type: application/json; charset=utf-8
host: localhost:13089
accept: */*

Response DefaultHttpResponse(decodeResult: success, version: HTTP/1.1)
HTTP/1.1 200 OK
Content-Length: 14
Content-Type: application/json; charset=utf-8
cache-control: no-cache

13:42:36.519 [AsyncHttpClient-1-17] DEBUG org.asynchttpclient.netty.channel.ChannelManager - Adding key: http://localhost:13089 for channel [id: 0xd638e249, L:/127.0.0.1:55297 - R:localhost/127.0.0.1:13089]
13:42:36.519 [Forwarding findElement on session 3659f41497be9ab77f5bbad58c6f1018 to remote] DEBUG org.asynchttpclient.netty.request.NettyRequestSender - Using pooled Channel '[id: 0xd638e249, L:/127.0.0.1:55297 - R:localhost/127.0.0.1:13089]' for 'POST' to 'http://localhost:13089/session/3659f41497be9ab77f5bbad58c6f1018/element'
13:42:36.519 [Forwarding findElement on session 3659f41497be9ab77f5bbad58c6f1018 to remote] DEBUG org.asynchttpclient.netty.request.NettyRequestSender - Using open Channel [id: 0xd638e249, L:/127.0.0.1:55297 - R:localhost/127.0.0.1:13089] for POST '/session/3659f41497be9ab77f5bbad58c6f1018/element'
13:42:36.524 [AsyncHttpClient-1-17] DEBUG org.asynchttpclient.netty.handler.HttpHandler - 

Request DefaultHttpRequest(decodeResult: success, version: HTTP/1.1)
POST /session/3659f41497be9ab77f5bbad58c6f1018/element HTTP/1.1
User-Agent: selenium/4.10.0 (java windows)
Content-Length: 170
Content-Type: application/json; charset=utf-8
host: localhost:13089
accept: */*

Response DefaultHttpResponse(decodeResult: success, version: HTTP/1.1)
HTTP/1.1 200 OK
Content-Length: 95
Content-Type: application/json; charset=utf-8
cache-control: no-cache

13:42:36.524 [AsyncHttpClient-1-17] DEBUG org.asynchttpclient.netty.channel.ChannelManager - Adding key: http://localhost:13089 for channel [id: 0xd638e249, L:/127.0.0.1:55297 - R:localhost/127.0.0.1:13089]
13:42:36.525 [Forwarding isElementEnabled on session 3659f41497be9ab77f5bbad58c6f1018 to remote] DEBUG org.asynchttpclient.netty.request.NettyRequestSender - Using pooled Channel '[id: 0xd638e249, L:/127.0.0.1:55297 - R:localhost/127.0.0.1:13089]' for 'GET' to 'http://localhost:13089/session/3659f41497be9ab77f5bbad58c6f1018/element/9FCAA45D1F277E2184A466B853B8D6EF_element_23/enabled'
13:42:36.525 [Forwarding isElementEnabled on session 3659f41497be9ab77f5bbad58c6f1018 to remote] DEBUG org.asynchttpclient.netty.request.NettyRequestSender - Using open Channel [id: 0xd638e249, L:/127.0.0.1:55297 - R:localhost/127.0.0.1:13089] for GET '/session/3659f41497be9ab77f5bbad58c6f1018/element/9FCAA45D1F277E2184A466B853B8D6EF_element_23/enabled'
13:42:36.530 [AsyncHttpClient-1-17] DEBUG org.asynchttpclient.netty.handler.HttpHandler - 

Request DefaultFullHttpRequest(decodeResult: success, version: HTTP/1.1, content: EmptyByteBufBE)
GET /session/3659f41497be9ab77f5bbad58c6f1018/element/9FCAA45D1F277E2184A466B853B8D6EF_element_23/enabled HTTP/1.1
Cache-Control: no-cache
User-Agent: selenium/4.10.0 (java windows)
Content-Type: application/json; charset=utf-8
host: localhost:13089
accept: */*

Response DefaultHttpResponse(decodeResult: success, version: HTTP/1.1)
HTTP/1.1 200 OK
Content-Length: 14
Content-Type: application/json; charset=utf-8
cache-control: no-cache

13:42:36.530 [AsyncHttpClient-1-17] DEBUG org.asynchttpclient.netty.channel.ChannelManager - Adding key: http://localhost:13089 for channel [id: 0xd638e249, L:/127.0.0.1:55297 - R:localhost/127.0.0.1:13089]
[INFO ] 2023-07-31 13:42:36.530 [main] WebElementActions - Element is clickable
13:42:36.530 [Forwarding findElement on session 3659f41497be9ab77f5bbad58c6f1018 to remote] DEBUG org.asynchttpclient.netty.request.NettyRequestSender - Using pooled Channel '[id: 0xd638e249, L:/127.0.0.1:55297 - R:localhost/127.0.0.1:13089]' for 'POST' to 'http://localhost:13089/session/3659f41497be9ab77f5bbad58c6f1018/element'
13:42:36.530 [Forwarding findElement on session 3659f41497be9ab77f5bbad58c6f1018 to remote] DEBUG org.asynchttpclient.netty.request.NettyRequestSender - Using open Channel [id: 0xd638e249, L:/127.0.0.1:55297 - R:localhost/127.0.0.1:13089] for POST '/session/3659f41497be9ab77f5bbad58c6f1018/element'
13:42:36.536 [AsyncHttpClient-1-17] DEBUG org.asynchttpclient.netty.handler.HttpHandler - 

Request DefaultHttpRequest(decodeResult: success, version: HTTP/1.1)
POST /session/3659f41497be9ab77f5bbad58c6f1018/element HTTP/1.1
User-Agent: selenium/4.10.0 (java windows)
Content-Length: 170
Content-Type: application/json; charset=utf-8
host: localhost:13089
accept: */*

Response DefaultHttpResponse(decodeResult: success, version: HTTP/1.1)
HTTP/1.1 200 OK
Content-Length: 95
Content-Type: application/json; charset=utf-8
cache-control: no-cache

13:42:36.536 [AsyncHttpClient-1-17] DEBUG org.asynchttpclient.netty.channel.ChannelManager - Adding key: http://localhost:13089 for channel [id: 0xd638e249, L:/127.0.0.1:55297 - R:localhost/127.0.0.1:13089]
13:42:36.537 [Forwarding isElementDisplayed on session 3659f41497be9ab77f5bbad58c6f1018 to remote] DEBUG org.asynchttpclient.netty.request.NettyRequestSender - Using pooled Channel '[id: 0xd638e249, L:/127.0.0.1:55297 - R:localhost/127.0.0.1:13089]' for 'POST' to 'http://localhost:13089/session/3659f41497be9ab77f5bbad58c6f1018/execute/sync'
13:42:36.537 [Forwarding isElementDisplayed on session 3659f41497be9ab77f5bbad58c6f1018 to remote] DEBUG org.asynchttpclient.netty.request.NettyRequestSender - Using open Channel [id: 0xd638e249, L:/127.0.0.1:55297 - R:localhost/127.0.0.1:13089] for POST '/session/3659f41497be9ab77f5bbad58c6f1018/execute/sync'
13:42:36.543 [AsyncHttpClient-1-17] DEBUG org.asynchttpclient.netty.handler.HttpHandler - 

Request DefaultHttpRequest(decodeResult: success, version: HTTP/1.1)
POST /session/3659f41497be9ab77f5bbad58c6f1018/execute/sync HTTP/1.1
User-Agent: selenium/4.10.0 (java windows)
Content-Length: 48814
Content-Type: application/json; charset=utf-8
host: localhost:13089
accept: */*

Response DefaultHttpResponse(decodeResult: success, version: HTTP/1.1)
HTTP/1.1 200 OK
Content-Length: 14
Content-Type: application/json; charset=utf-8
cache-control: no-cache

13:42:36.543 [AsyncHttpClient-1-17] DEBUG org.asynchttpclient.netty.channel.ChannelManager - Adding key: http://localhost:13089 for channel [id: 0xd638e249, L:/127.0.0.1:55297 - R:localhost/127.0.0.1:13089]
13:42:36.544 [Forwarding findElement on session 3659f41497be9ab77f5bbad58c6f1018 to remote] DEBUG org.asynchttpclient.netty.request.NettyRequestSender - Using pooled Channel '[id: 0xd638e249, L:/127.0.0.1:55297 - R:localhost/127.0.0.1:13089]' for 'POST' to 'http://localhost:13089/session/3659f41497be9ab77f5bbad58c6f1018/element'
13:42:36.544 [Forwarding findElement on session 3659f41497be9ab77f5bbad58c6f1018 to remote] DEBUG org.asynchttpclient.netty.request.NettyRequestSender - Using open Channel [id: 0xd638e249, L:/127.0.0.1:55297 - R:localhost/127.0.0.1:13089] for POST '/session/3659f41497be9ab77f5bbad58c6f1018/element'
13:42:36.549 [AsyncHttpClient-1-17] DEBUG org.asynchttpclient.netty.handler.HttpHandler - 

Request DefaultHttpRequest(decodeResult: success, version: HTTP/1.1)
POST /session/3659f41497be9ab77f5bbad58c6f1018/element HTTP/1.1
User-Agent: selenium/4.10.0 (java windows)
Content-Length: 170
Content-Type: application/json; charset=utf-8
host: localhost:13089
accept: */*

Response DefaultHttpResponse(decodeResult: success, version: HTTP/1.1)
HTTP/1.1 200 OK
Content-Length: 95
Content-Type: application/json; charset=utf-8
cache-control: no-cache

13:42:36.549 [AsyncHttpClient-1-17] DEBUG org.asynchttpclient.netty.channel.ChannelManager - Adding key: http://localhost:13089 for channel [id: 0xd638e249, L:/127.0.0.1:55297 - R:localhost/127.0.0.1:13089]
13:42:36.549 [Forwarding clickElement on session 3659f41497be9ab77f5bbad58c6f1018 to remote] DEBUG org.asynchttpclient.netty.request.NettyRequestSender - Using pooled Channel '[id: 0xd638e249, L:/127.0.0.1:55297 - R:localhost/127.0.0.1:13089]' for 'POST' to 'http://localhost:13089/session/3659f41497be9ab77f5bbad58c6f1018/element/9FCAA45D1F277E2184A466B853B8D6EF_element_23/click'
13:42:36.549 [Forwarding clickElement on session 3659f41497be9ab77f5bbad58c6f1018 to remote] DEBUG org.asynchttpclient.netty.request.NettyRequestSender - Using open Channel [id: 0xd638e249, L:/127.0.0.1:55297 - R:localhost/127.0.0.1:13089] for POST '/session/3659f41497be9ab77f5bbad58c6f1018/element/9FCAA45D1F277E2184A466B853B8D6EF_element_23/click'
13:42:36.589 [AsyncHttpClient-1-17] DEBUG org.asynchttpclient.netty.handler.HttpHandler - 

Request DefaultHttpRequest(decodeResult: success, version: HTTP/1.1)
POST /session/3659f41497be9ab77f5bbad58c6f1018/element/9FCAA45D1F277E2184A466B853B8D6EF_element_23/click HTTP/1.1
User-Agent: selenium/4.10.0 (java windows)
Content-Length: 57
Content-Type: application/json; charset=utf-8
host: localhost:13089
accept: */*

Response DefaultHttpResponse(decodeResult: success, version: HTTP/1.1)
HTTP/1.1 200 OK
Content-Length: 14
Content-Type: application/json; charset=utf-8
cache-control: no-cache

13:42:36.589 [AsyncHttpClient-1-17] DEBUG org.asynchttpclient.netty.channel.ChannelManager - Adding key: http://localhost:13089 for channel [id: 0xd638e249, L:/127.0.0.1:55297 - R:localhost/127.0.0.1:13089]
13:42:36.654 [AsyncHttpClient-1-1] DEBUG org.asynchttpclient.netty.channel.DefaultChannelPool - Entry count for : http://localhost:55298 : 1
13:42:36.654 [AsyncHttpClient-1-1] DEBUG org.asynchttpclient.netty.channel.DefaultChannelPool - Entry count for : http://localhost:13089 : 1
13:42:37.604 [Forwarding findElement on session 3659f41497be9ab77f5bbad58c6f1018 to remote] DEBUG org.asynchttpclient.netty.request.NettyRequestSender - Using pooled Channel '[id: 0xd638e249, L:/127.0.0.1:55297 - R:localhost/127.0.0.1:13089]' for 'POST' to 'http://localhost:13089/session/3659f41497be9ab77f5bbad58c6f1018/element'
13:42:37.604 [Forwarding findElement on session 3659f41497be9ab77f5bbad58c6f1018 to remote] DEBUG org.asynchttpclient.netty.request.NettyRequestSender - Using open Channel [id: 0xd638e249, L:/127.0.0.1:55297 - R:localhost/127.0.0.1:13089] for POST '/session/3659f41497be9ab77f5bbad58c6f1018/element'
13:42:37.612 [AsyncHttpClient-1-17] DEBUG org.asynchttpclient.netty.handler.HttpHandler - 

Request DefaultHttpRequest(decodeResult: success, version: HTTP/1.1)
POST /session/3659f41497be9ab77f5bbad58c6f1018/element HTTP/1.1
User-Agent: selenium/4.10.0 (java windows)
Content-Length: 78
Content-Type: application/json; charset=utf-8
host: localhost:13089
accept: */*

Response DefaultHttpResponse(decodeResult: success, version: HTTP/1.1)
HTTP/1.1 200 OK
Content-Length: 95
Content-Type: application/json; charset=utf-8
cache-control: no-cache

13:42:37.612 [AsyncHttpClient-1-17] DEBUG org.asynchttpclient.netty.channel.ChannelManager - Adding key: http://localhost:13089 for channel [id: 0xd638e249, L:/127.0.0.1:55297 - R:localhost/127.0.0.1:13089]
13:42:37.614 [Forwarding isElementDisplayed on session 3659f41497be9ab77f5bbad58c6f1018 to remote] DEBUG org.asynchttpclient.netty.request.NettyRequestSender - Using pooled Channel '[id: 0xd638e249, L:/127.0.0.1:55297 - R:localhost/127.0.0.1:13089]' for 'POST' to 'http://localhost:13089/session/3659f41497be9ab77f5bbad58c6f1018/execute/sync'
13:42:37.614 [Forwarding isElementDisplayed on session 3659f41497be9ab77f5bbad58c6f1018 to remote] DEBUG org.asynchttpclient.netty.request.NettyRequestSender - Using open Channel [id: 0xd638e249, L:/127.0.0.1:55297 - R:localhost/127.0.0.1:13089] for POST '/session/3659f41497be9ab77f5bbad58c6f1018/execute/sync'
13:42:37.620 [AsyncHttpClient-1-17] DEBUG org.asynchttpclient.netty.handler.HttpHandler - 

Request DefaultHttpRequest(decodeResult: success, version: HTTP/1.1)
POST /session/3659f41497be9ab77f5bbad58c6f1018/execute/sync HTTP/1.1
User-Agent: selenium/4.10.0 (java windows)
Content-Length: 48814
Content-Type: application/json; charset=utf-8
host: localhost:13089
accept: */*

Response DefaultHttpResponse(decodeResult: success, version: HTTP/1.1)
HTTP/1.1 200 OK
Content-Length: 14
Content-Type: application/json; charset=utf-8
cache-control: no-cache

13:42:37.620 [AsyncHttpClient-1-17] DEBUG org.asynchttpclient.netty.channel.ChannelManager - Adding key: http://localhost:13089 for channel [id: 0xd638e249, L:/127.0.0.1:55297 - R:localhost/127.0.0.1:13089]
13:42:37.621 [Forwarding findElement on session 3659f41497be9ab77f5bbad58c6f1018 to remote] DEBUG org.asynchttpclient.netty.request.NettyRequestSender - Using pooled Channel '[id: 0xd638e249, L:/127.0.0.1:55297 - R:localhost/127.0.0.1:13089]' for 'POST' to 'http://localhost:13089/session/3659f41497be9ab77f5bbad58c6f1018/element'
13:42:37.621 [Forwarding findElement on session 3659f41497be9ab77f5bbad58c6f1018 to remote] DEBUG org.asynchttpclient.netty.request.NettyRequestSender - Using open Channel [id: 0xd638e249, L:/127.0.0.1:55297 - R:localhost/127.0.0.1:13089] for POST '/session/3659f41497be9ab77f5bbad58c6f1018/element'
13:42:37.625 [AsyncHttpClient-1-17] DEBUG org.asynchttpclient.netty.handler.HttpHandler - 

Request DefaultHttpRequest(decodeResult: success, version: HTTP/1.1)
POST /session/3659f41497be9ab77f5bbad58c6f1018/element HTTP/1.1
User-Agent: selenium/4.10.0 (java windows)
Content-Length: 78
Content-Type: application/json; charset=utf-8
host: localhost:13089
accept: */*

Response DefaultHttpResponse(decodeResult: success, version: HTTP/1.1)
HTTP/1.1 200 OK
Content-Length: 95
Content-Type: application/json; charset=utf-8
cache-control: no-cache

13:42:37.626 [AsyncHttpClient-1-17] DEBUG org.asynchttpclient.netty.channel.ChannelManager - Adding key: http://localhost:13089 for channel [id: 0xd638e249, L:/127.0.0.1:55297 - R:localhost/127.0.0.1:13089]
13:42:37.626 [Forwarding sendKeysToElement on session 3659f41497be9ab77f5bbad58c6f1018 to remote] DEBUG org.asynchttpclient.netty.request.NettyRequestSender - Using pooled Channel '[id: 0xd638e249, L:/127.0.0.1:55297 - R:localhost/127.0.0.1:13089]' for 'POST' to 'http://localhost:13089/session/3659f41497be9ab77f5bbad58c6f1018/element/9FCAA45D1F277E2184A466B853B8D6EF_element_42/value'
13:42:37.626 [Forwarding sendKeysToElement on session 3659f41497be9ab77f5bbad58c6f1018 to remote] DEBUG org.asynchttpclient.netty.request.NettyRequestSender - Using open Channel [id: 0xd638e249, L:/127.0.0.1:55297 - R:localhost/127.0.0.1:13089] for POST '/session/3659f41497be9ab77f5bbad58c6f1018/element/9FCAA45D1F277E2184A466B853B8D6EF_element_42/value'
13:42:37.650 [AsyncHttpClient-1-17] DEBUG org.asynchttpclient.netty.handler.HttpHandler - 

Request DefaultHttpRequest(decodeResult: success, version: HTTP/1.1)
POST /session/3659f41497be9ab77f5bbad58c6f1018/element/9FCAA45D1F277E2184A466B853B8D6EF_element_42/value HTTP/1.1
User-Agent: selenium/4.10.0 (java windows)
Content-Length: 148
Content-Type: application/json; charset=utf-8
host: localhost:13089
accept: */*

Response DefaultHttpResponse(decodeResult: success, version: HTTP/1.1)
HTTP/1.1 200 OK
Content-Length: 14
Content-Type: application/json; charset=utf-8
cache-control: no-cache

13:42:37.650 [AsyncHttpClient-1-17] DEBUG org.asynchttpclient.netty.channel.ChannelManager - Adding key: http://localhost:13089 for channel [id: 0xd638e249, L:/127.0.0.1:55297 - R:localhost/127.0.0.1:13089]
13:42:37.651 [Forwarding findElement on session 3659f41497be9ab77f5bbad58c6f1018 to remote] DEBUG org.asynchttpclient.netty.request.NettyRequestSender - Using pooled Channel '[id: 0xd638e249, L:/127.0.0.1:55297 - R:localhost/127.0.0.1:13089]' for 'POST' to 'http://localhost:13089/session/3659f41497be9ab77f5bbad58c6f1018/element'
13:42:37.651 [Forwarding findElement on session 3659f41497be9ab77f5bbad58c6f1018 to remote] DEBUG org.asynchttpclient.netty.request.NettyRequestSender - Using open Channel [id: 0xd638e249, L:/127.0.0.1:55297 - R:localhost/127.0.0.1:13089] for POST '/session/3659f41497be9ab77f5bbad58c6f1018/element'
13:42:37.659 [AsyncHttpClient-1-17] DEBUG org.asynchttpclient.netty.handler.HttpHandler - 

Request DefaultHttpRequest(decodeResult: success, version: HTTP/1.1)
POST /session/3659f41497be9ab77f5bbad58c6f1018/element HTTP/1.1
User-Agent: selenium/4.10.0 (java windows)
Content-Length: 61
Content-Type: application/json; charset=utf-8
host: localhost:13089
accept: */*

Response DefaultHttpResponse(decodeResult: success, version: HTTP/1.1)
HTTP/1.1 200 OK
Content-Length: 95
Content-Type: application/json; charset=utf-8
cache-control: no-cache

13:42:37.659 [AsyncHttpClient-1-17] DEBUG org.asynchttpclient.netty.channel.ChannelManager - Adding key: http://localhost:13089 for channel [id: 0xd638e249, L:/127.0.0.1:55297 - R:localhost/127.0.0.1:13089]
13:42:37.660 [Forwarding isElementDisplayed on session 3659f41497be9ab77f5bbad58c6f1018 to remote] DEBUG org.asynchttpclient.netty.request.NettyRequestSender - Using pooled Channel '[id: 0xd638e249, L:/127.0.0.1:55297 - R:localhost/127.0.0.1:13089]' for 'POST' to 'http://localhost:13089/session/3659f41497be9ab77f5bbad58c6f1018/execute/sync'
13:42:37.660 [Forwarding isElementDisplayed on session 3659f41497be9ab77f5bbad58c6f1018 to remote] DEBUG org.asynchttpclient.netty.request.NettyRequestSender - Using open Channel [id: 0xd638e249, L:/127.0.0.1:55297 - R:localhost/127.0.0.1:13089] for POST '/session/3659f41497be9ab77f5bbad58c6f1018/execute/sync'
13:42:37.666 [AsyncHttpClient-1-17] DEBUG org.asynchttpclient.netty.handler.HttpHandler - 

Request DefaultHttpRequest(decodeResult: success, version: HTTP/1.1)
POST /session/3659f41497be9ab77f5bbad58c6f1018/execute/sync HTTP/1.1
User-Agent: selenium/4.10.0 (java windows)
Content-Length: 48814
Content-Type: application/json; charset=utf-8
host: localhost:13089
accept: */*

Response DefaultHttpResponse(decodeResult: success, version: HTTP/1.1)
HTTP/1.1 200 OK
Content-Length: 14
Content-Type: application/json; charset=utf-8
cache-control: no-cache

13:42:37.666 [AsyncHttpClient-1-17] DEBUG org.asynchttpclient.netty.channel.ChannelManager - Adding key: http://localhost:13089 for channel [id: 0xd638e249, L:/127.0.0.1:55297 - R:localhost/127.0.0.1:13089]
[INFO ] 2023-07-31 13:42:37.666 [main] WebElementActions - Waiting for element to be clickable
13:42:37.667 [Forwarding findElement on session 3659f41497be9ab77f5bbad58c6f1018 to remote] DEBUG org.asynchttpclient.netty.request.NettyRequestSender - Using pooled Channel '[id: 0xd638e249, L:/127.0.0.1:55297 - R:localhost/127.0.0.1:13089]' for 'POST' to 'http://localhost:13089/session/3659f41497be9ab77f5bbad58c6f1018/element'
13:42:37.667 [Forwarding findElement on session 3659f41497be9ab77f5bbad58c6f1018 to remote] DEBUG org.asynchttpclient.netty.request.NettyRequestSender - Using open Channel [id: 0xd638e249, L:/127.0.0.1:55297 - R:localhost/127.0.0.1:13089] for POST '/session/3659f41497be9ab77f5bbad58c6f1018/element'
13:42:37.671 [AsyncHttpClient-1-17] DEBUG org.asynchttpclient.netty.handler.HttpHandler - 

Request DefaultHttpRequest(decodeResult: success, version: HTTP/1.1)
POST /session/3659f41497be9ab77f5bbad58c6f1018/element HTTP/1.1
User-Agent: selenium/4.10.0 (java windows)
Content-Length: 61
Content-Type: application/json; charset=utf-8
host: localhost:13089
accept: */*

Response DefaultHttpResponse(decodeResult: success, version: HTTP/1.1)
HTTP/1.1 200 OK
Content-Length: 95
Content-Type: application/json; charset=utf-8
cache-control: no-cache

13:42:37.671 [AsyncHttpClient-1-17] DEBUG org.asynchttpclient.netty.channel.ChannelManager - Adding key: http://localhost:13089 for channel [id: 0xd638e249, L:/127.0.0.1:55297 - R:localhost/127.0.0.1:13089]
13:42:37.672 [Forwarding isElementDisplayed on session 3659f41497be9ab77f5bbad58c6f1018 to remote] DEBUG org.asynchttpclient.netty.request.NettyRequestSender - Using pooled Channel '[id: 0xd638e249, L:/127.0.0.1:55297 - R:localhost/127.0.0.1:13089]' for 'POST' to 'http://localhost:13089/session/3659f41497be9ab77f5bbad58c6f1018/execute/sync'
13:42:37.673 [Forwarding isElementDisplayed on session 3659f41497be9ab77f5bbad58c6f1018 to remote] DEBUG org.asynchttpclient.netty.request.NettyRequestSender - Using open Channel [id: 0xd638e249, L:/127.0.0.1:55297 - R:localhost/127.0.0.1:13089] for POST '/session/3659f41497be9ab77f5bbad58c6f1018/execute/sync'
13:42:37.678 [AsyncHttpClient-1-17] DEBUG org.asynchttpclient.netty.handler.HttpHandler - 

Request DefaultHttpRequest(decodeResult: success, version: HTTP/1.1)
POST /session/3659f41497be9ab77f5bbad58c6f1018/execute/sync HTTP/1.1
User-Agent: selenium/4.10.0 (java windows)
Content-Length: 48814
Content-Type: application/json; charset=utf-8
host: localhost:13089
accept: */*

Response DefaultHttpResponse(decodeResult: success, version: HTTP/1.1)
HTTP/1.1 200 OK
Content-Length: 14
Content-Type: application/json; charset=utf-8
cache-control: no-cache

13:42:37.678 [AsyncHttpClient-1-17] DEBUG org.asynchttpclient.netty.channel.ChannelManager - Adding key: http://localhost:13089 for channel [id: 0xd638e249, L:/127.0.0.1:55297 - R:localhost/127.0.0.1:13089]
13:42:37.679 [Forwarding findElement on session 3659f41497be9ab77f5bbad58c6f1018 to remote] DEBUG org.asynchttpclient.netty.request.NettyRequestSender - Using pooled Channel '[id: 0xd638e249, L:/127.0.0.1:55297 - R:localhost/127.0.0.1:13089]' for 'POST' to 'http://localhost:13089/session/3659f41497be9ab77f5bbad58c6f1018/element'
13:42:37.679 [Forwarding findElement on session 3659f41497be9ab77f5bbad58c6f1018 to remote] DEBUG org.asynchttpclient.netty.request.NettyRequestSender - Using open Channel [id: 0xd638e249, L:/127.0.0.1:55297 - R:localhost/127.0.0.1:13089] for POST '/session/3659f41497be9ab77f5bbad58c6f1018/element'
13:42:37.683 [AsyncHttpClient-1-17] DEBUG org.asynchttpclient.netty.handler.HttpHandler - 

Request DefaultHttpRequest(decodeResult: success, version: HTTP/1.1)
POST /session/3659f41497be9ab77f5bbad58c6f1018/element HTTP/1.1
User-Agent: selenium/4.10.0 (java windows)
Content-Length: 61
Content-Type: application/json; charset=utf-8
host: localhost:13089
accept: */*

Response DefaultHttpResponse(decodeResult: success, version: HTTP/1.1)
HTTP/1.1 200 OK
Content-Length: 95
Content-Type: application/json; charset=utf-8
cache-control: no-cache

13:42:37.683 [AsyncHttpClient-1-17] DEBUG org.asynchttpclient.netty.channel.ChannelManager - Adding key: http://localhost:13089 for channel [id: 0xd638e249, L:/127.0.0.1:55297 - R:localhost/127.0.0.1:13089]
13:42:37.684 [Forwarding isElementEnabled on session 3659f41497be9ab77f5bbad58c6f1018 to remote] DEBUG org.asynchttpclient.netty.request.NettyRequestSender - Using pooled Channel '[id: 0xd638e249, L:/127.0.0.1:55297 - R:localhost/127.0.0.1:13089]' for 'GET' to 'http://localhost:13089/session/3659f41497be9ab77f5bbad58c6f1018/element/9FCAA45D1F277E2184A466B853B8D6EF_element_43/enabled'
13:42:37.684 [Forwarding isElementEnabled on session 3659f41497be9ab77f5bbad58c6f1018 to remote] DEBUG org.asynchttpclient.netty.request.NettyRequestSender - Using open Channel [id: 0xd638e249, L:/127.0.0.1:55297 - R:localhost/127.0.0.1:13089] for GET '/session/3659f41497be9ab77f5bbad58c6f1018/element/9FCAA45D1F277E2184A466B853B8D6EF_element_43/enabled'
13:42:37.688 [AsyncHttpClient-1-17] DEBUG org.asynchttpclient.netty.handler.HttpHandler - 

Request DefaultFullHttpRequest(decodeResult: success, version: HTTP/1.1, content: EmptyByteBufBE)
GET /session/3659f41497be9ab77f5bbad58c6f1018/element/9FCAA45D1F277E2184A466B853B8D6EF_element_43/enabled HTTP/1.1
Cache-Control: no-cache
User-Agent: selenium/4.10.0 (java windows)
Content-Type: application/json; charset=utf-8
host: localhost:13089
accept: */*

Response DefaultHttpResponse(decodeResult: success, version: HTTP/1.1)
HTTP/1.1 200 OK
Content-Length: 14
Content-Type: application/json; charset=utf-8
cache-control: no-cache

13:42:37.688 [AsyncHttpClient-1-17] DEBUG org.asynchttpclient.netty.channel.ChannelManager - Adding key: http://localhost:13089 for channel [id: 0xd638e249, L:/127.0.0.1:55297 - R:localhost/127.0.0.1:13089]
[INFO ] 2023-07-31 13:42:37.688 [main] WebElementActions - Element is clickable
13:42:37.688 [Forwarding findElement on session 3659f41497be9ab77f5bbad58c6f1018 to remote] DEBUG org.asynchttpclient.netty.request.NettyRequestSender - Using pooled Channel '[id: 0xd638e249, L:/127.0.0.1:55297 - R:localhost/127.0.0.1:13089]' for 'POST' to 'http://localhost:13089/session/3659f41497be9ab77f5bbad58c6f1018/element'
13:42:37.688 [Forwarding findElement on session 3659f41497be9ab77f5bbad58c6f1018 to remote] DEBUG org.asynchttpclient.netty.request.NettyRequestSender - Using open Channel [id: 0xd638e249, L:/127.0.0.1:55297 - R:localhost/127.0.0.1:13089] for POST '/session/3659f41497be9ab77f5bbad58c6f1018/element'
13:42:37.693 [AsyncHttpClient-1-17] DEBUG org.asynchttpclient.netty.handler.HttpHandler - 

Request DefaultHttpRequest(decodeResult: success, version: HTTP/1.1)
POST /session/3659f41497be9ab77f5bbad58c6f1018/element HTTP/1.1
User-Agent: selenium/4.10.0 (java windows)
Content-Length: 61
Content-Type: application/json; charset=utf-8
host: localhost:13089
accept: */*

Response DefaultHttpResponse(decodeResult: success, version: HTTP/1.1)
HTTP/1.1 200 OK
Content-Length: 95
Content-Type: application/json; charset=utf-8
cache-control: no-cache

13:42:37.693 [AsyncHttpClient-1-17] DEBUG org.asynchttpclient.netty.channel.ChannelManager - Adding key: http://localhost:13089 for channel [id: 0xd638e249, L:/127.0.0.1:55297 - R:localhost/127.0.0.1:13089]
13:42:37.694 [Forwarding isElementDisplayed on session 3659f41497be9ab77f5bbad58c6f1018 to remote] DEBUG org.asynchttpclient.netty.request.NettyRequestSender - Using pooled Channel '[id: 0xd638e249, L:/127.0.0.1:55297 - R:localhost/127.0.0.1:13089]' for 'POST' to 'http://localhost:13089/session/3659f41497be9ab77f5bbad58c6f1018/execute/sync'
13:42:37.694 [Forwarding isElementDisplayed on session 3659f41497be9ab77f5bbad58c6f1018 to remote] DEBUG org.asynchttpclient.netty.request.NettyRequestSender - Using open Channel [id: 0xd638e249, L:/127.0.0.1:55297 - R:localhost/127.0.0.1:13089] for POST '/session/3659f41497be9ab77f5bbad58c6f1018/execute/sync'
13:42:37.700 [AsyncHttpClient-1-17] DEBUG org.asynchttpclient.netty.handler.HttpHandler - 

Request DefaultHttpRequest(decodeResult: success, version: HTTP/1.1)
POST /session/3659f41497be9ab77f5bbad58c6f1018/execute/sync HTTP/1.1
User-Agent: selenium/4.10.0 (java windows)
Content-Length: 48814
Content-Type: application/json; charset=utf-8
host: localhost:13089
accept: */*

Response DefaultHttpResponse(decodeResult: success, version: HTTP/1.1)
HTTP/1.1 200 OK
Content-Length: 14
Content-Type: application/json; charset=utf-8
cache-control: no-cache

13:42:37.700 [AsyncHttpClient-1-17] DEBUG org.asynchttpclient.netty.channel.ChannelManager - Adding key: http://localhost:13089 for channel [id: 0xd638e249, L:/127.0.0.1:55297 - R:localhost/127.0.0.1:13089]
13:42:37.700 [Forwarding findElement on session 3659f41497be9ab77f5bbad58c6f1018 to remote] DEBUG org.asynchttpclient.netty.request.NettyRequestSender - Using pooled Channel '[id: 0xd638e249, L:/127.0.0.1:55297 - R:localhost/127.0.0.1:13089]' for 'POST' to 'http://localhost:13089/session/3659f41497be9ab77f5bbad58c6f1018/element'
13:42:37.700 [Forwarding findElement on session 3659f41497be9ab77f5bbad58c6f1018 to remote] DEBUG org.asynchttpclient.netty.request.NettyRequestSender - Using open Channel [id: 0xd638e249, L:/127.0.0.1:55297 - R:localhost/127.0.0.1:13089] for POST '/session/3659f41497be9ab77f5bbad58c6f1018/element'
13:42:37.705 [AsyncHttpClient-1-17] DEBUG org.asynchttpclient.netty.handler.HttpHandler - 

Request DefaultHttpRequest(decodeResult: success, version: HTTP/1.1)
POST /session/3659f41497be9ab77f5bbad58c6f1018/element HTTP/1.1
User-Agent: selenium/4.10.0 (java windows)
Content-Length: 61
Content-Type: application/json; charset=utf-8
host: localhost:13089
accept: */*

Response DefaultHttpResponse(decodeResult: success, version: HTTP/1.1)
HTTP/1.1 200 OK
Content-Length: 95
Content-Type: application/json; charset=utf-8
cache-control: no-cache

13:42:37.705 [AsyncHttpClient-1-17] DEBUG org.asynchttpclient.netty.channel.ChannelManager - Adding key: http://localhost:13089 for channel [id: 0xd638e249, L:/127.0.0.1:55297 - R:localhost/127.0.0.1:13089]
13:42:37.705 [Forwarding clickElement on session 3659f41497be9ab77f5bbad58c6f1018 to remote] DEBUG org.asynchttpclient.netty.request.NettyRequestSender - Using pooled Channel '[id: 0xd638e249, L:/127.0.0.1:55297 - R:localhost/127.0.0.1:13089]' for 'POST' to 'http://localhost:13089/session/3659f41497be9ab77f5bbad58c6f1018/element/9FCAA45D1F277E2184A466B853B8D6EF_element_43/click'
13:42:37.705 [Forwarding clickElement on session 3659f41497be9ab77f5bbad58c6f1018 to remote] DEBUG org.asynchttpclient.netty.request.NettyRequestSender - Using open Channel [id: 0xd638e249, L:/127.0.0.1:55297 - R:localhost/127.0.0.1:13089] for POST '/session/3659f41497be9ab77f5bbad58c6f1018/element/9FCAA45D1F277E2184A466B853B8D6EF_element_43/click'
13:42:37.731 [AsyncHttpClient-1-17] DEBUG org.asynchttpclient.netty.handler.HttpHandler - 

Request DefaultHttpRequest(decodeResult: success, version: HTTP/1.1)
POST /session/3659f41497be9ab77f5bbad58c6f1018/element/9FCAA45D1F277E2184A466B853B8D6EF_element_43/click HTTP/1.1
User-Agent: selenium/4.10.0 (java windows)
Content-Length: 57
Content-Type: application/json; charset=utf-8
host: localhost:13089
accept: */*

Response DefaultHttpResponse(decodeResult: success, version: HTTP/1.1)
HTTP/1.1 200 OK
Content-Length: 14
Content-Type: application/json; charset=utf-8
cache-control: no-cache

13:42:37.731 [AsyncHttpClient-1-17] DEBUG org.asynchttpclient.netty.channel.ChannelManager - Adding key: http://localhost:13089 for channel [id: 0xd638e249, L:/127.0.0.1:55297 - R:localhost/127.0.0.1:13089]
13:42:37.762 [AsyncHttpClient-1-1] DEBUG org.asynchttpclient.netty.channel.DefaultChannelPool - Entry count for : http://localhost:55298 : 1
13:42:37.762 [AsyncHttpClient-1-1] DEBUG org.asynchttpclient.netty.channel.DefaultChannelPool - Entry count for : http://localhost:13089 : 1
13:42:38.733 [Forwarding findElement on session 3659f41497be9ab77f5bbad58c6f1018 to remote] DEBUG org.asynchttpclient.netty.request.NettyRequestSender - Using pooled Channel '[id: 0xd638e249, L:/127.0.0.1:55297 - R:localhost/127.0.0.1:13089]' for 'POST' to 'http://localhost:13089/session/3659f41497be9ab77f5bbad58c6f1018/element'
13:42:38.733 [Forwarding findElement on session 3659f41497be9ab77f5bbad58c6f1018 to remote] DEBUG org.asynchttpclient.netty.request.NettyRequestSender - Using open Channel [id: 0xd638e249, L:/127.0.0.1:55297 - R:localhost/127.0.0.1:13089] for POST '/session/3659f41497be9ab77f5bbad58c6f1018/element'
13:42:38.856 [AsyncHttpClient-1-1] DEBUG org.asynchttpclient.netty.channel.DefaultChannelPool - Entry count for : http://localhost:55298 : 1
13:42:39.953 [AsyncHttpClient-1-1] DEBUG org.asynchttpclient.netty.channel.DefaultChannelPool - Entry count for : http://localhost:55298 : 1
13:42:40.778 [AsyncHttpClient-1-17] DEBUG org.asynchttpclient.netty.handler.HttpHandler - 

Request DefaultHttpRequest(decodeResult: success, version: HTTP/1.1)
POST /session/3659f41497be9ab77f5bbad58c6f1018/element HTTP/1.1
User-Agent: selenium/4.10.0 (java windows)
Content-Length: 82
Content-Type: application/json; charset=utf-8
host: localhost:13089
accept: */*

Response DefaultHttpResponse(decodeResult: success, version: HTTP/1.1)
HTTP/1.1 200 OK
Content-Length: 95
Content-Type: application/json; charset=utf-8
cache-control: no-cache

13:42:40.778 [AsyncHttpClient-1-17] DEBUG org.asynchttpclient.netty.channel.ChannelManager - Adding key: http://localhost:13089 for channel [id: 0xd638e249, L:/127.0.0.1:55297 - R:localhost/127.0.0.1:13089]
13:42:40.780 [Forwarding isElementDisplayed on session 3659f41497be9ab77f5bbad58c6f1018 to remote] DEBUG org.asynchttpclient.netty.request.NettyRequestSender - Using pooled Channel '[id: 0xd638e249, L:/127.0.0.1:55297 - R:localhost/127.0.0.1:13089]' for 'POST' to 'http://localhost:13089/session/3659f41497be9ab77f5bbad58c6f1018/execute/sync'
13:42:40.780 [Forwarding isElementDisplayed on session 3659f41497be9ab77f5bbad58c6f1018 to remote] DEBUG org.asynchttpclient.netty.request.NettyRequestSender - Using open Channel [id: 0xd638e249, L:/127.0.0.1:55297 - R:localhost/127.0.0.1:13089] for POST '/session/3659f41497be9ab77f5bbad58c6f1018/execute/sync'
13:42:40.787 [AsyncHttpClient-1-17] DEBUG org.asynchttpclient.netty.handler.HttpHandler - 

Request DefaultHttpRequest(decodeResult: success, version: HTTP/1.1)
POST /session/3659f41497be9ab77f5bbad58c6f1018/execute/sync HTTP/1.1
User-Agent: selenium/4.10.0 (java windows)
Content-Length: 48814
Content-Type: application/json; charset=utf-8
host: localhost:13089
accept: */*

Response DefaultHttpResponse(decodeResult: success, version: HTTP/1.1)
HTTP/1.1 200 OK
Content-Length: 14
Content-Type: application/json; charset=utf-8
cache-control: no-cache

13:42:40.787 [AsyncHttpClient-1-17] DEBUG org.asynchttpclient.netty.channel.ChannelManager - Adding key: http://localhost:13089 for channel [id: 0xd638e249, L:/127.0.0.1:55297 - R:localhost/127.0.0.1:13089]
[INFO ] 2023-07-31 13:42:40.787 [main] WebElementActions - Waiting for element to be clickable
13:42:40.787 [Forwarding findElement on session 3659f41497be9ab77f5bbad58c6f1018 to remote] DEBUG org.asynchttpclient.netty.request.NettyRequestSender - Using pooled Channel '[id: 0xd638e249, L:/127.0.0.1:55297 - R:localhost/127.0.0.1:13089]' for 'POST' to 'http://localhost:13089/session/3659f41497be9ab77f5bbad58c6f1018/element'
13:42:40.787 [Forwarding findElement on session 3659f41497be9ab77f5bbad58c6f1018 to remote] DEBUG org.asynchttpclient.netty.request.NettyRequestSender - Using open Channel [id: 0xd638e249, L:/127.0.0.1:55297 - R:localhost/127.0.0.1:13089] for POST '/session/3659f41497be9ab77f5bbad58c6f1018/element'
13:42:40.793 [AsyncHttpClient-1-17] DEBUG org.asynchttpclient.netty.handler.HttpHandler - 

Request DefaultHttpRequest(decodeResult: success, version: HTTP/1.1)
POST /session/3659f41497be9ab77f5bbad58c6f1018/element HTTP/1.1
User-Agent: selenium/4.10.0 (java windows)
Content-Length: 82
Content-Type: application/json; charset=utf-8
host: localhost:13089
accept: */*

Response DefaultHttpResponse(decodeResult: success, version: HTTP/1.1)
HTTP/1.1 200 OK
Content-Length: 95
Content-Type: application/json; charset=utf-8
cache-control: no-cache

13:42:40.793 [AsyncHttpClient-1-17] DEBUG org.asynchttpclient.netty.channel.ChannelManager - Adding key: http://localhost:13089 for channel [id: 0xd638e249, L:/127.0.0.1:55297 - R:localhost/127.0.0.1:13089]
13:42:40.794 [Forwarding isElementDisplayed on session 3659f41497be9ab77f5bbad58c6f1018 to remote] DEBUG org.asynchttpclient.netty.request.NettyRequestSender - Using pooled Channel '[id: 0xd638e249, L:/127.0.0.1:55297 - R:localhost/127.0.0.1:13089]' for 'POST' to 'http://localhost:13089/session/3659f41497be9ab77f5bbad58c6f1018/execute/sync'
13:42:40.794 [Forwarding isElementDisplayed on session 3659f41497be9ab77f5bbad58c6f1018 to remote] DEBUG org.asynchttpclient.netty.request.NettyRequestSender - Using open Channel [id: 0xd638e249, L:/127.0.0.1:55297 - R:localhost/127.0.0.1:13089] for POST '/session/3659f41497be9ab77f5bbad58c6f1018/execute/sync'
13:42:40.800 [AsyncHttpClient-1-17] DEBUG org.asynchttpclient.netty.handler.HttpHandler - 

Request DefaultHttpRequest(decodeResult: success, version: HTTP/1.1)
POST /session/3659f41497be9ab77f5bbad58c6f1018/execute/sync HTTP/1.1
User-Agent: selenium/4.10.0 (java windows)
Content-Length: 48814
Content-Type: application/json; charset=utf-8
host: localhost:13089
accept: */*

Response DefaultHttpResponse(decodeResult: success, version: HTTP/1.1)
HTTP/1.1 200 OK
Content-Length: 14
Content-Type: application/json; charset=utf-8
cache-control: no-cache

13:42:40.800 [AsyncHttpClient-1-17] DEBUG org.asynchttpclient.netty.channel.ChannelManager - Adding key: http://localhost:13089 for channel [id: 0xd638e249, L:/127.0.0.1:55297 - R:localhost/127.0.0.1:13089]
13:42:40.801 [Forwarding findElement on session 3659f41497be9ab77f5bbad58c6f1018 to remote] DEBUG org.asynchttpclient.netty.request.NettyRequestSender - Using pooled Channel '[id: 0xd638e249, L:/127.0.0.1:55297 - R:localhost/127.0.0.1:13089]' for 'POST' to 'http://localhost:13089/session/3659f41497be9ab77f5bbad58c6f1018/element'
13:42:40.801 [Forwarding findElement on session 3659f41497be9ab77f5bbad58c6f1018 to remote] DEBUG org.asynchttpclient.netty.request.NettyRequestSender - Using open Channel [id: 0xd638e249, L:/127.0.0.1:55297 - R:localhost/127.0.0.1:13089] for POST '/session/3659f41497be9ab77f5bbad58c6f1018/element'
13:42:40.806 [AsyncHttpClient-1-17] DEBUG org.asynchttpclient.netty.handler.HttpHandler - 

Request DefaultHttpRequest(decodeResult: success, version: HTTP/1.1)
POST /session/3659f41497be9ab77f5bbad58c6f1018/element HTTP/1.1
User-Agent: selenium/4.10.0 (java windows)
Content-Length: 82
Content-Type: application/json; charset=utf-8
host: localhost:13089
accept: */*

Response DefaultHttpResponse(decodeResult: success, version: HTTP/1.1)
HTTP/1.1 200 OK
Content-Length: 95
Content-Type: application/json; charset=utf-8
cache-control: no-cache

13:42:40.806 [AsyncHttpClient-1-17] DEBUG org.asynchttpclient.netty.channel.ChannelManager - Adding key: http://localhost:13089 for channel [id: 0xd638e249, L:/127.0.0.1:55297 - R:localhost/127.0.0.1:13089]
13:42:40.807 [Forwarding isElementEnabled on session 3659f41497be9ab77f5bbad58c6f1018 to remote] DEBUG org.asynchttpclient.netty.request.NettyRequestSender - Using pooled Channel '[id: 0xd638e249, L:/127.0.0.1:55297 - R:localhost/127.0.0.1:13089]' for 'GET' to 'http://localhost:13089/session/3659f41497be9ab77f5bbad58c6f1018/element/9FCAA45D1F277E2184A466B853B8D6EF_element_46/enabled'
13:42:40.807 [Forwarding isElementEnabled on session 3659f41497be9ab77f5bbad58c6f1018 to remote] DEBUG org.asynchttpclient.netty.request.NettyRequestSender - Using open Channel [id: 0xd638e249, L:/127.0.0.1:55297 - R:localhost/127.0.0.1:13089] for GET '/session/3659f41497be9ab77f5bbad58c6f1018/element/9FCAA45D1F277E2184A466B853B8D6EF_element_46/enabled'
13:42:40.813 [AsyncHttpClient-1-17] DEBUG org.asynchttpclient.netty.handler.HttpHandler - 

Request DefaultFullHttpRequest(decodeResult: success, version: HTTP/1.1, content: EmptyByteBufBE)
GET /session/3659f41497be9ab77f5bbad58c6f1018/element/9FCAA45D1F277E2184A466B853B8D6EF_element_46/enabled HTTP/1.1
Cache-Control: no-cache
User-Agent: selenium/4.10.0 (java windows)
Content-Type: application/json; charset=utf-8
host: localhost:13089
accept: */*

Response DefaultHttpResponse(decodeResult: success, version: HTTP/1.1)
HTTP/1.1 200 OK
Content-Length: 14
Content-Type: application/json; charset=utf-8
cache-control: no-cache

13:42:40.813 [AsyncHttpClient-1-17] DEBUG org.asynchttpclient.netty.channel.ChannelManager - Adding key: http://localhost:13089 for channel [id: 0xd638e249, L:/127.0.0.1:55297 - R:localhost/127.0.0.1:13089]
[INFO ] 2023-07-31 13:42:40.813 [main] WebElementActions - Element is clickable
13:42:40.814 [Forwarding findElement on session 3659f41497be9ab77f5bbad58c6f1018 to remote] DEBUG org.asynchttpclient.netty.request.NettyRequestSender - Using pooled Channel '[id: 0xd638e249, L:/127.0.0.1:55297 - R:localhost/127.0.0.1:13089]' for 'POST' to 'http://localhost:13089/session/3659f41497be9ab77f5bbad58c6f1018/element'
13:42:40.814 [Forwarding findElement on session 3659f41497be9ab77f5bbad58c6f1018 to remote] DEBUG org.asynchttpclient.netty.request.NettyRequestSender - Using open Channel [id: 0xd638e249, L:/127.0.0.1:55297 - R:localhost/127.0.0.1:13089] for POST '/session/3659f41497be9ab77f5bbad58c6f1018/element'
13:42:40.819 [AsyncHttpClient-1-17] DEBUG org.asynchttpclient.netty.handler.HttpHandler - 

Request DefaultHttpRequest(decodeResult: success, version: HTTP/1.1)
POST /session/3659f41497be9ab77f5bbad58c6f1018/element HTTP/1.1
User-Agent: selenium/4.10.0 (java windows)
Content-Length: 82
Content-Type: application/json; charset=utf-8
host: localhost:13089
accept: */*

Response DefaultHttpResponse(decodeResult: success, version: HTTP/1.1)
HTTP/1.1 200 OK
Content-Length: 95
Content-Type: application/json; charset=utf-8
cache-control: no-cache

13:42:40.819 [AsyncHttpClient-1-17] DEBUG org.asynchttpclient.netty.channel.ChannelManager - Adding key: http://localhost:13089 for channel [id: 0xd638e249, L:/127.0.0.1:55297 - R:localhost/127.0.0.1:13089]
13:42:40.821 [Forwarding isElementDisplayed on session 3659f41497be9ab77f5bbad58c6f1018 to remote] DEBUG org.asynchttpclient.netty.request.NettyRequestSender - Using pooled Channel '[id: 0xd638e249, L:/127.0.0.1:55297 - R:localhost/127.0.0.1:13089]' for 'POST' to 'http://localhost:13089/session/3659f41497be9ab77f5bbad58c6f1018/execute/sync'
13:42:40.821 [Forwarding isElementDisplayed on session 3659f41497be9ab77f5bbad58c6f1018 to remote] DEBUG org.asynchttpclient.netty.request.NettyRequestSender - Using open Channel [id: 0xd638e249, L:/127.0.0.1:55297 - R:localhost/127.0.0.1:13089] for POST '/session/3659f41497be9ab77f5bbad58c6f1018/execute/sync'
13:42:40.828 [AsyncHttpClient-1-17] DEBUG org.asynchttpclient.netty.handler.HttpHandler - 

Request DefaultHttpRequest(decodeResult: success, version: HTTP/1.1)
POST /session/3659f41497be9ab77f5bbad58c6f1018/execute/sync HTTP/1.1
User-Agent: selenium/4.10.0 (java windows)
Content-Length: 48814
Content-Type: application/json; charset=utf-8
host: localhost:13089
accept: */*

Response DefaultHttpResponse(decodeResult: success, version: HTTP/1.1)
HTTP/1.1 200 OK
Content-Length: 14
Content-Type: application/json; charset=utf-8
cache-control: no-cache

13:42:40.828 [AsyncHttpClient-1-17] DEBUG org.asynchttpclient.netty.channel.ChannelManager - Adding key: http://localhost:13089 for channel [id: 0xd638e249, L:/127.0.0.1:55297 - R:localhost/127.0.0.1:13089]
13:42:40.829 [Forwarding findElement on session 3659f41497be9ab77f5bbad58c6f1018 to remote] DEBUG org.asynchttpclient.netty.request.NettyRequestSender - Using pooled Channel '[id: 0xd638e249, L:/127.0.0.1:55297 - R:localhost/127.0.0.1:13089]' for 'POST' to 'http://localhost:13089/session/3659f41497be9ab77f5bbad58c6f1018/element'
13:42:40.829 [Forwarding findElement on session 3659f41497be9ab77f5bbad58c6f1018 to remote] DEBUG org.asynchttpclient.netty.request.NettyRequestSender - Using open Channel [id: 0xd638e249, L:/127.0.0.1:55297 - R:localhost/127.0.0.1:13089] for POST '/session/3659f41497be9ab77f5bbad58c6f1018/element'
13:42:40.834 [AsyncHttpClient-1-17] DEBUG org.asynchttpclient.netty.handler.HttpHandler - 

Request DefaultHttpRequest(decodeResult: success, version: HTTP/1.1)
POST /session/3659f41497be9ab77f5bbad58c6f1018/element HTTP/1.1
User-Agent: selenium/4.10.0 (java windows)
Content-Length: 82
Content-Type: application/json; charset=utf-8
host: localhost:13089
accept: */*

Response DefaultHttpResponse(decodeResult: success, version: HTTP/1.1)
HTTP/1.1 200 OK
Content-Length: 95
Content-Type: application/json; charset=utf-8
cache-control: no-cache

13:42:40.834 [AsyncHttpClient-1-17] DEBUG org.asynchttpclient.netty.channel.ChannelManager - Adding key: http://localhost:13089 for channel [id: 0xd638e249, L:/127.0.0.1:55297 - R:localhost/127.0.0.1:13089]
13:42:40.835 [Forwarding clickElement on session 3659f41497be9ab77f5bbad58c6f1018 to remote] DEBUG org.asynchttpclient.netty.request.NettyRequestSender - Using pooled Channel '[id: 0xd638e249, L:/127.0.0.1:55297 - R:localhost/127.0.0.1:13089]' for 'POST' to 'http://localhost:13089/session/3659f41497be9ab77f5bbad58c6f1018/element/9FCAA45D1F277E2184A466B853B8D6EF_element_46/click'
13:42:40.835 [Forwarding clickElement on session 3659f41497be9ab77f5bbad58c6f1018 to remote] DEBUG org.asynchttpclient.netty.request.NettyRequestSender - Using open Channel [id: 0xd638e249, L:/127.0.0.1:55297 - R:localhost/127.0.0.1:13089] for POST '/session/3659f41497be9ab77f5bbad58c6f1018/element/9FCAA45D1F277E2184A466B853B8D6EF_element_46/click'
13:42:40.879 [AsyncHttpClient-1-17] DEBUG org.asynchttpclient.netty.handler.HttpHandler - 

Request DefaultHttpRequest(decodeResult: success, version: HTTP/1.1)
POST /session/3659f41497be9ab77f5bbad58c6f1018/element/9FCAA45D1F277E2184A466B853B8D6EF_element_46/click HTTP/1.1
User-Agent: selenium/4.10.0 (java windows)
Content-Length: 57
Content-Type: application/json; charset=utf-8
host: localhost:13089
accept: */*

Response DefaultHttpResponse(decodeResult: success, version: HTTP/1.1)
HTTP/1.1 200 OK
Content-Length: 14
Content-Type: application/json; charset=utf-8
cache-control: no-cache

13:42:40.879 [AsyncHttpClient-1-17] DEBUG org.asynchttpclient.netty.channel.ChannelManager - Adding key: http://localhost:13089 for channel [id: 0xd638e249, L:/127.0.0.1:55297 - R:localhost/127.0.0.1:13089]
13:42:41.052 [AsyncHttpClient-1-1] DEBUG org.asynchttpclient.netty.channel.DefaultChannelPool - Entry count for : http://localhost:55298 : 1
13:42:41.052 [AsyncHttpClient-1-1] DEBUG org.asynchttpclient.netty.channel.DefaultChannelPool - Entry count for : http://localhost:13089 : 1
13:42:41.884 [Forwarding findElements on session 3659f41497be9ab77f5bbad58c6f1018 to remote] DEBUG org.asynchttpclient.netty.request.NettyRequestSender - Using pooled Channel '[id: 0xd638e249, L:/127.0.0.1:55297 - R:localhost/127.0.0.1:13089]' for 'POST' to 'http://localhost:13089/session/3659f41497be9ab77f5bbad58c6f1018/elements'
13:42:41.884 [Forwarding findElements on session 3659f41497be9ab77f5bbad58c6f1018 to remote] DEBUG org.asynchttpclient.netty.request.NettyRequestSender - Using open Channel [id: 0xd638e249, L:/127.0.0.1:55297 - R:localhost/127.0.0.1:13089] for POST '/session/3659f41497be9ab77f5bbad58c6f1018/elements'
13:42:41.893 [AsyncHttpClient-1-17] DEBUG org.asynchttpclient.netty.handler.HttpHandler - 

Request DefaultHttpRequest(decodeResult: success, version: HTTP/1.1)
POST /session/3659f41497be9ab77f5bbad58c6f1018/elements HTTP/1.1
User-Agent: selenium/4.10.0 (java windows)
Content-Length: 77
Content-Type: application/json; charset=utf-8
host: localhost:13089
accept: */*

Response DefaultHttpResponse(decodeResult: success, version: HTTP/1.1)
HTTP/1.1 200 OK
Content-Length: 1215
Content-Type: application/json; charset=utf-8
cache-control: no-cache

13:42:41.893 [AsyncHttpClient-1-17] DEBUG org.asynchttpclient.netty.channel.ChannelManager - Adding key: http://localhost:13089 for channel [id: 0xd638e249, L:/127.0.0.1:55297 - R:localhost/127.0.0.1:13089]
[[ChromeDriver: chrome on windows (3659f41497be9ab77f5bbad58c6f1018)] -> xpath: .//span[@class='company-name']]
13:42:41.893 [Forwarding getElementText on session 3659f41497be9ab77f5bbad58c6f1018 to remote] DEBUG org.asynchttpclient.netty.request.NettyRequestSender - Using pooled Channel '[id: 0xd638e249, L:/127.0.0.1:55297 - R:localhost/127.0.0.1:13089]' for 'GET' to 'http://localhost:13089/session/3659f41497be9ab77f5bbad58c6f1018/element/9FCAA45D1F277E2184A466B853B8D6EF_element_50/text'
13:42:41.893 [Forwarding getElementText on session 3659f41497be9ab77f5bbad58c6f1018 to remote] DEBUG org.asynchttpclient.netty.request.NettyRequestSender - Using open Channel [id: 0xd638e249, L:/127.0.0.1:55297 - R:localhost/127.0.0.1:13089] for GET '/session/3659f41497be9ab77f5bbad58c6f1018/element/9FCAA45D1F277E2184A466B853B8D6EF_element_50/text'
13:42:41.904 [AsyncHttpClient-1-17] DEBUG org.asynchttpclient.netty.handler.HttpHandler - 

Request DefaultFullHttpRequest(decodeResult: success, version: HTTP/1.1, content: EmptyByteBufBE)
GET /session/3659f41497be9ab77f5bbad58c6f1018/element/9FCAA45D1F277E2184A466B853B8D6EF_element_50/text HTTP/1.1
Cache-Control: no-cache
User-Agent: selenium/4.10.0 (java windows)
Content-Type: application/json; charset=utf-8
host: localhost:13089
accept: */*

Response DefaultHttpResponse(decodeResult: success, version: HTTP/1.1)
HTTP/1.1 200 OK
Content-Length: 65
Content-Type: application/json; charset=utf-8
cache-control: no-cache

13:42:41.904 [AsyncHttpClient-1-17] DEBUG org.asynchttpclient.netty.channel.ChannelManager - Adding key: http://localhost:13089 for channel [id: 0xd638e249, L:/127.0.0.1:55297 - R:localhost/127.0.0.1:13089]
[[ChromeDriver: chrome on windows (3659f41497be9ab77f5bbad58c6f1018)] -> xpath: .//span[@class='company-name']]
13:42:41.904 [Forwarding getElementText on session 3659f41497be9ab77f5bbad58c6f1018 to remote] DEBUG org.asynchttpclient.netty.request.NettyRequestSender - Using pooled Channel '[id: 0xd638e249, L:/127.0.0.1:55297 - R:localhost/127.0.0.1:13089]' for 'GET' to 'http://localhost:13089/session/3659f41497be9ab77f5bbad58c6f1018/element/9FCAA45D1F277E2184A466B853B8D6EF_element_51/text'
13:42:41.904 [Forwarding getElementText on session 3659f41497be9ab77f5bbad58c6f1018 to remote] DEBUG org.asynchttpclient.netty.request.NettyRequestSender - Using open Channel [id: 0xd638e249, L:/127.0.0.1:55297 - R:localhost/127.0.0.1:13089] for GET '/session/3659f41497be9ab77f5bbad58c6f1018/element/9FCAA45D1F277E2184A466B853B8D6EF_element_51/text'
13:42:41.909 [AsyncHttpClient-1-17] DEBUG org.asynchttpclient.netty.handler.HttpHandler - 

Request DefaultFullHttpRequest(decodeResult: success, version: HTTP/1.1, content: EmptyByteBufBE)
GET /session/3659f41497be9ab77f5bbad58c6f1018/element/9FCAA45D1F277E2184A466B853B8D6EF_element_51/text HTTP/1.1
Cache-Control: no-cache
User-Agent: selenium/4.10.0 (java windows)
Content-Type: application/json; charset=utf-8
host: localhost:13089
accept: */*

Response DefaultHttpResponse(decodeResult: success, version: HTTP/1.1)
HTTP/1.1 200 OK
Content-Length: 114
Content-Type: application/json; charset=utf-8
cache-control: no-cache

13:42:41.909 [AsyncHttpClient-1-17] DEBUG org.asynchttpclient.netty.channel.ChannelManager - Adding key: http://localhost:13089 for channel [id: 0xd638e249, L:/127.0.0.1:55297 - R:localhost/127.0.0.1:13089]
[[ChromeDriver: chrome on windows (3659f41497be9ab77f5bbad58c6f1018)] -> xpath: .//span[@class='company-name']]
13:42:41.910 [Forwarding getElementText on session 3659f41497be9ab77f5bbad58c6f1018 to remote] DEBUG org.asynchttpclient.netty.request.NettyRequestSender - Using pooled Channel '[id: 0xd638e249, L:/127.0.0.1:55297 - R:localhost/127.0.0.1:13089]' for 'GET' to 'http://localhost:13089/session/3659f41497be9ab77f5bbad58c6f1018/element/9FCAA45D1F277E2184A466B853B8D6EF_element_52/text'
13:42:41.910 [Forwarding getElementText on session 3659f41497be9ab77f5bbad58c6f1018 to remote] DEBUG org.asynchttpclient.netty.request.NettyRequestSender - Using open Channel [id: 0xd638e249, L:/127.0.0.1:55297 - R:localhost/127.0.0.1:13089] for GET '/session/3659f41497be9ab77f5bbad58c6f1018/element/9FCAA45D1F277E2184A466B853B8D6EF_element_52/text'
13:42:41.915 [AsyncHttpClient-1-17] DEBUG org.asynchttpclient.netty.handler.HttpHandler - 

Request DefaultFullHttpRequest(decodeResult: success, version: HTTP/1.1, content: EmptyByteBufBE)
GET /session/3659f41497be9ab77f5bbad58c6f1018/element/9FCAA45D1F277E2184A466B853B8D6EF_element_52/text HTTP/1.1
Cache-Control: no-cache
User-Agent: selenium/4.10.0 (java windows)
Content-Type: application/json; charset=utf-8
host: localhost:13089
accept: */*

Response DefaultHttpResponse(decodeResult: success, version: HTTP/1.1)
HTTP/1.1 200 OK
Content-Length: 59
Content-Type: application/json; charset=utf-8
cache-control: no-cache

13:42:41.915 [AsyncHttpClient-1-17] DEBUG org.asynchttpclient.netty.channel.ChannelManager - Adding key: http://localhost:13089 for channel [id: 0xd638e249, L:/127.0.0.1:55297 - R:localhost/127.0.0.1:13089]
[[ChromeDriver: chrome on windows (3659f41497be9ab77f5bbad58c6f1018)] -> xpath: .//span[@class='company-name']]
13:42:41.915 [Forwarding getElementText on session 3659f41497be9ab77f5bbad58c6f1018 to remote] DEBUG org.asynchttpclient.netty.request.NettyRequestSender - Using pooled Channel '[id: 0xd638e249, L:/127.0.0.1:55297 - R:localhost/127.0.0.1:13089]' for 'GET' to 'http://localhost:13089/session/3659f41497be9ab77f5bbad58c6f1018/element/9FCAA45D1F277E2184A466B853B8D6EF_element_53/text'
13:42:41.915 [Forwarding getElementText on session 3659f41497be9ab77f5bbad58c6f1018 to remote] DEBUG org.asynchttpclient.netty.request.NettyRequestSender - Using open Channel [id: 0xd638e249, L:/127.0.0.1:55297 - R:localhost/127.0.0.1:13089] for GET '/session/3659f41497be9ab77f5bbad58c6f1018/element/9FCAA45D1F277E2184A466B853B8D6EF_element_53/text'
13:42:41.920 [AsyncHttpClient-1-17] DEBUG org.asynchttpclient.netty.handler.HttpHandler - 

Request DefaultFullHttpRequest(decodeResult: success, version: HTTP/1.1, content: EmptyByteBufBE)
GET /session/3659f41497be9ab77f5bbad58c6f1018/element/9FCAA45D1F277E2184A466B853B8D6EF_element_53/text HTTP/1.1
Cache-Control: no-cache
User-Agent: selenium/4.10.0 (java windows)
Content-Type: application/json; charset=utf-8
host: localhost:13089
accept: */*

Response DefaultHttpResponse(decodeResult: success, version: HTTP/1.1)
HTTP/1.1 200 OK
Content-Length: 41
Content-Type: application/json; charset=utf-8
cache-control: no-cache

13:42:41.920 [AsyncHttpClient-1-17] DEBUG org.asynchttpclient.netty.channel.ChannelManager - Adding key: http://localhost:13089 for channel [id: 0xd638e249, L:/127.0.0.1:55297 - R:localhost/127.0.0.1:13089]
13:42:41.921 [Forwarding clickElement on session 3659f41497be9ab77f5bbad58c6f1018 to remote] DEBUG org.asynchttpclient.netty.request.NettyRequestSender - Using pooled Channel '[id: 0xd638e249, L:/127.0.0.1:55297 - R:localhost/127.0.0.1:13089]' for 'POST' to 'http://localhost:13089/session/3659f41497be9ab77f5bbad58c6f1018/element/9FCAA45D1F277E2184A466B853B8D6EF_element_53/click'
13:42:41.921 [Forwarding clickElement on session 3659f41497be9ab77f5bbad58c6f1018 to remote] DEBUG org.asynchttpclient.netty.request.NettyRequestSender - Using open Channel [id: 0xd638e249, L:/127.0.0.1:55297 - R:localhost/127.0.0.1:13089] for POST '/session/3659f41497be9ab77f5bbad58c6f1018/element/9FCAA45D1F277E2184A466B853B8D6EF_element_53/click'
13:42:41.948 [AsyncHttpClient-1-17] DEBUG org.asynchttpclient.netty.handler.HttpHandler - 

Request DefaultHttpRequest(decodeResult: success, version: HTTP/1.1)
POST /session/3659f41497be9ab77f5bbad58c6f1018/element/9FCAA45D1F277E2184A466B853B8D6EF_element_53/click HTTP/1.1
User-Agent: selenium/4.10.0 (java windows)
Content-Length: 57
Content-Type: application/json; charset=utf-8
host: localhost:13089
accept: */*

Response DefaultHttpResponse(decodeResult: success, version: HTTP/1.1)
HTTP/1.1 200 OK
Content-Length: 14
Content-Type: application/json; charset=utf-8
cache-control: no-cache

13:42:41.948 [AsyncHttpClient-1-17] DEBUG org.asynchttpclient.netty.channel.ChannelManager - Adding key: http://localhost:13089 for channel [id: 0xd638e249, L:/127.0.0.1:55297 - R:localhost/127.0.0.1:13089]
[[ChromeDriver: chrome on windows (3659f41497be9ab77f5bbad58c6f1018)] -> xpath: .//span[@class='company-name']]
13:42:41.948 [Forwarding getElementText on session 3659f41497be9ab77f5bbad58c6f1018 to remote] DEBUG org.asynchttpclient.netty.request.NettyRequestSender - Using pooled Channel '[id: 0xd638e249, L:/127.0.0.1:55297 - R:localhost/127.0.0.1:13089]' for 'GET' to 'http://localhost:13089/session/3659f41497be9ab77f5bbad58c6f1018/element/9FCAA45D1F277E2184A466B853B8D6EF_element_54/text'
13:42:41.948 [Forwarding getElementText on session 3659f41497be9ab77f5bbad58c6f1018 to remote] DEBUG org.asynchttpclient.netty.request.NettyRequestSender - Using open Channel [id: 0xd638e249, L:/127.0.0.1:55297 - R:localhost/127.0.0.1:13089] for GET '/session/3659f41497be9ab77f5bbad58c6f1018/element/9FCAA45D1F277E2184A466B853B8D6EF_element_54/text'
13:42:41.955 [AsyncHttpClient-1-17] DEBUG org.asynchttpclient.netty.handler.HttpHandler - 

Request DefaultFullHttpRequest(decodeResult: success, version: HTTP/1.1, content: EmptyByteBufBE)
GET /session/3659f41497be9ab77f5bbad58c6f1018/element/9FCAA45D1F277E2184A466B853B8D6EF_element_54/text HTTP/1.1
Cache-Control: no-cache
User-Agent: selenium/4.10.0 (java windows)
Content-Type: application/json; charset=utf-8
host: localhost:13089
accept: */*

Response DefaultHttpResponse(decodeResult: success, version: HTTP/1.1)
HTTP/1.1 200 OK
Content-Length: 81
Content-Type: application/json; charset=utf-8
cache-control: no-cache

13:42:41.955 [AsyncHttpClient-1-17] DEBUG org.asynchttpclient.netty.channel.ChannelManager - Adding key: http://localhost:13089 for channel [id: 0xd638e249, L:/127.0.0.1:55297 - R:localhost/127.0.0.1:13089]
[[ChromeDriver: chrome on windows (3659f41497be9ab77f5bbad58c6f1018)] -> xpath: .//span[@class='company-name']]
13:42:41.955 [Forwarding getElementText on session 3659f41497be9ab77f5bbad58c6f1018 to remote] DEBUG org.asynchttpclient.netty.request.NettyRequestSender - Using pooled Channel '[id: 0xd638e249, L:/127.0.0.1:55297 - R:localhost/127.0.0.1:13089]' for 'GET' to 'http://localhost:13089/session/3659f41497be9ab77f5bbad58c6f1018/element/9FCAA45D1F277E2184A466B853B8D6EF_element_55/text'
13:42:41.955 [Forwarding getElementText on session 3659f41497be9ab77f5bbad58c6f1018 to remote] DEBUG org.asynchttpclient.netty.request.NettyRequestSender - Using open Channel [id: 0xd638e249, L:/127.0.0.1:55297 - R:localhost/127.0.0.1:13089] for GET '/session/3659f41497be9ab77f5bbad58c6f1018/element/9FCAA45D1F277E2184A466B853B8D6EF_element_55/text'
13:42:41.962 [AsyncHttpClient-1-17] DEBUG org.asynchttpclient.netty.handler.HttpHandler - 

Request DefaultFullHttpRequest(decodeResult: success, version: HTTP/1.1, content: EmptyByteBufBE)
GET /session/3659f41497be9ab77f5bbad58c6f1018/element/9FCAA45D1F277E2184A466B853B8D6EF_element_55/text HTTP/1.1
Cache-Control: no-cache
User-Agent: selenium/4.10.0 (java windows)
Content-Type: application/json; charset=utf-8
host: localhost:13089
accept: */*

Response DefaultHttpResponse(decodeResult: success, version: HTTP/1.1)
HTTP/1.1 200 OK
Content-Length: 69
Content-Type: application/json; charset=utf-8
cache-control: no-cache

13:42:41.962 [AsyncHttpClient-1-17] DEBUG org.asynchttpclient.netty.channel.ChannelManager - Adding key: http://localhost:13089 for channel [id: 0xd638e249, L:/127.0.0.1:55297 - R:localhost/127.0.0.1:13089]
[[ChromeDriver: chrome on windows (3659f41497be9ab77f5bbad58c6f1018)] -> xpath: .//span[@class='company-name']]
13:42:41.963 [Forwarding getElementText on session 3659f41497be9ab77f5bbad58c6f1018 to remote] DEBUG org.asynchttpclient.netty.request.NettyRequestSender - Using pooled Channel '[id: 0xd638e249, L:/127.0.0.1:55297 - R:localhost/127.0.0.1:13089]' for 'GET' to 'http://localhost:13089/session/3659f41497be9ab77f5bbad58c6f1018/element/9FCAA45D1F277E2184A466B853B8D6EF_element_56/text'
13:42:41.963 [Forwarding getElementText on session 3659f41497be9ab77f5bbad58c6f1018 to remote] DEBUG org.asynchttpclient.netty.request.NettyRequestSender - Using open Channel [id: 0xd638e249, L:/127.0.0.1:55297 - R:localhost/127.0.0.1:13089] for GET '/session/3659f41497be9ab77f5bbad58c6f1018/element/9FCAA45D1F277E2184A466B853B8D6EF_element_56/text'
13:42:41.972 [AsyncHttpClient-1-17] DEBUG org.asynchttpclient.netty.handler.HttpHandler - 

Request DefaultFullHttpRequest(decodeResult: success, version: HTTP/1.1, content: EmptyByteBufBE)
GET /session/3659f41497be9ab77f5bbad58c6f1018/element/9FCAA45D1F277E2184A466B853B8D6EF_element_56/text HTTP/1.1
Cache-Control: no-cache
User-Agent: selenium/4.10.0 (java windows)
Content-Type: application/json; charset=utf-8
host: localhost:13089
accept: */*

Response DefaultHttpResponse(decodeResult: success, version: HTTP/1.1)
HTTP/1.1 200 OK
Content-Length: 53
Content-Type: application/json; charset=utf-8
cache-control: no-cache

13:42:41.972 [AsyncHttpClient-1-17] DEBUG org.asynchttpclient.netty.channel.ChannelManager - Adding key: http://localhost:13089 for channel [id: 0xd638e249, L:/127.0.0.1:55297 - R:localhost/127.0.0.1:13089]
[[ChromeDriver: chrome on windows (3659f41497be9ab77f5bbad58c6f1018)] -> xpath: .//span[@class='company-name']]
13:42:41.973 [Forwarding getElementText on session 3659f41497be9ab77f5bbad58c6f1018 to remote] DEBUG org.asynchttpclient.netty.request.NettyRequestSender - Using pooled Channel '[id: 0xd638e249, L:/127.0.0.1:55297 - R:localhost/127.0.0.1:13089]' for 'GET' to 'http://localhost:13089/session/3659f41497be9ab77f5bbad58c6f1018/element/9FCAA45D1F277E2184A466B853B8D6EF_element_57/text'
13:42:41.973 [Forwarding getElementText on session 3659f41497be9ab77f5bbad58c6f1018 to remote] DEBUG org.asynchttpclient.netty.request.NettyRequestSender - Using open Channel [id: 0xd638e249, L:/127.0.0.1:55297 - R:localhost/127.0.0.1:13089] for GET '/session/3659f41497be9ab77f5bbad58c6f1018/element/9FCAA45D1F277E2184A466B853B8D6EF_element_57/text'
13:42:41.981 [AsyncHttpClient-1-17] DEBUG org.asynchttpclient.netty.handler.HttpHandler - 

Request DefaultFullHttpRequest(decodeResult: success, version: HTTP/1.1, content: EmptyByteBufBE)
GET /session/3659f41497be9ab77f5bbad58c6f1018/element/9FCAA45D1F277E2184A466B853B8D6EF_element_57/text HTTP/1.1
Cache-Control: no-cache
User-Agent: selenium/4.10.0 (java windows)
Content-Type: application/json; charset=utf-8
host: localhost:13089
accept: */*

Response DefaultHttpResponse(decodeResult: success, version: HTTP/1.1)
HTTP/1.1 200 OK
Content-Length: 136
Content-Type: application/json; charset=utf-8
cache-control: no-cache

13:42:41.981 [AsyncHttpClient-1-17] DEBUG org.asynchttpclient.netty.channel.ChannelManager - Adding key: http://localhost:13089 for channel [id: 0xd638e249, L:/127.0.0.1:55297 - R:localhost/127.0.0.1:13089]
[[ChromeDriver: chrome on windows (3659f41497be9ab77f5bbad58c6f1018)] -> xpath: .//span[@class='company-name']]
13:42:41.981 [Forwarding getElementText on session 3659f41497be9ab77f5bbad58c6f1018 to remote] DEBUG org.asynchttpclient.netty.request.NettyRequestSender - Using pooled Channel '[id: 0xd638e249, L:/127.0.0.1:55297 - R:localhost/127.0.0.1:13089]' for 'GET' to 'http://localhost:13089/session/3659f41497be9ab77f5bbad58c6f1018/element/9FCAA45D1F277E2184A466B853B8D6EF_element_58/text'
13:42:41.981 [Forwarding getElementText on session 3659f41497be9ab77f5bbad58c6f1018 to remote] DEBUG org.asynchttpclient.netty.request.NettyRequestSender - Using open Channel [id: 0xd638e249, L:/127.0.0.1:55297 - R:localhost/127.0.0.1:13089] for GET '/session/3659f41497be9ab77f5bbad58c6f1018/element/9FCAA45D1F277E2184A466B853B8D6EF_element_58/text'
13:42:41.987 [AsyncHttpClient-1-17] DEBUG org.asynchttpclient.netty.handler.HttpHandler - 

Request DefaultFullHttpRequest(decodeResult: success, version: HTTP/1.1, content: EmptyByteBufBE)
GET /session/3659f41497be9ab77f5bbad58c6f1018/element/9FCAA45D1F277E2184A466B853B8D6EF_element_58/text HTTP/1.1
Cache-Control: no-cache
User-Agent: selenium/4.10.0 (java windows)
Content-Type: application/json; charset=utf-8
host: localhost:13089
accept: */*

Response DefaultHttpResponse(decodeResult: success, version: HTTP/1.1)
HTTP/1.1 200 OK
Content-Length: 12
Content-Type: application/json; charset=utf-8
cache-control: no-cache

13:42:41.987 [AsyncHttpClient-1-17] DEBUG org.asynchttpclient.netty.channel.ChannelManager - Adding key: http://localhost:13089 for channel [id: 0xd638e249, L:/127.0.0.1:55297 - R:localhost/127.0.0.1:13089]
[[ChromeDriver: chrome on windows (3659f41497be9ab77f5bbad58c6f1018)] -> xpath: .//span[@class='company-name']]
13:42:41.988 [Forwarding getElementText on session 3659f41497be9ab77f5bbad58c6f1018 to remote] DEBUG org.asynchttpclient.netty.request.NettyRequestSender - Using pooled Channel '[id: 0xd638e249, L:/127.0.0.1:55297 - R:localhost/127.0.0.1:13089]' for 'GET' to 'http://localhost:13089/session/3659f41497be9ab77f5bbad58c6f1018/element/9FCAA45D1F277E2184A466B853B8D6EF_element_59/text'
13:42:41.988 [Forwarding getElementText on session 3659f41497be9ab77f5bbad58c6f1018 to remote] DEBUG org.asynchttpclient.netty.request.NettyRequestSender - Using open Channel [id: 0xd638e249, L:/127.0.0.1:55297 - R:localhost/127.0.0.1:13089] for GET '/session/3659f41497be9ab77f5bbad58c6f1018/element/9FCAA45D1F277E2184A466B853B8D6EF_element_59/text'
13:42:41.994 [AsyncHttpClient-1-17] DEBUG org.asynchttpclient.netty.handler.HttpHandler - 

Request DefaultFullHttpRequest(decodeResult: success, version: HTTP/1.1, content: EmptyByteBufBE)
GET /session/3659f41497be9ab77f5bbad58c6f1018/element/9FCAA45D1F277E2184A466B853B8D6EF_element_59/text HTTP/1.1
Cache-Control: no-cache
User-Agent: selenium/4.10.0 (java windows)
Content-Type: application/json; charset=utf-8
host: localhost:13089
accept: */*

Response DefaultHttpResponse(decodeResult: success, version: HTTP/1.1)
HTTP/1.1 200 OK
Content-Length: 12
Content-Type: application/json; charset=utf-8
cache-control: no-cache

13:42:41.994 [AsyncHttpClient-1-17] DEBUG org.asynchttpclient.netty.channel.ChannelManager - Adding key: http://localhost:13089 for channel [id: 0xd638e249, L:/127.0.0.1:55297 - R:localhost/127.0.0.1:13089]
[[ChromeDriver: chrome on windows (3659f41497be9ab77f5bbad58c6f1018)] -> xpath: .//span[@class='company-name']]
13:42:41.994 [Forwarding getElementText on session 3659f41497be9ab77f5bbad58c6f1018 to remote] DEBUG org.asynchttpclient.netty.request.NettyRequestSender - Using pooled Channel '[id: 0xd638e249, L:/127.0.0.1:55297 - R:localhost/127.0.0.1:13089]' for 'GET' to 'http://localhost:13089/session/3659f41497be9ab77f5bbad58c6f1018/element/9FCAA45D1F277E2184A466B853B8D6EF_element_60/text'
13:42:41.994 [Forwarding getElementText on session 3659f41497be9ab77f5bbad58c6f1018 to remote] DEBUG org.asynchttpclient.netty.request.NettyRequestSender - Using open Channel [id: 0xd638e249, L:/127.0.0.1:55297 - R:localhost/127.0.0.1:13089] for GET '/session/3659f41497be9ab77f5bbad58c6f1018/element/9FCAA45D1F277E2184A466B853B8D6EF_element_60/text'
13:42:42.003 [AsyncHttpClient-1-17] DEBUG org.asynchttpclient.netty.handler.HttpHandler - 

Request DefaultFullHttpRequest(decodeResult: success, version: HTTP/1.1, content: EmptyByteBufBE)
GET /session/3659f41497be9ab77f5bbad58c6f1018/element/9FCAA45D1F277E2184A466B853B8D6EF_element_60/text HTTP/1.1
Cache-Control: no-cache
User-Agent: selenium/4.10.0 (java windows)
Content-Type: application/json; charset=utf-8
host: localhost:13089
accept: */*

Response DefaultHttpResponse(decodeResult: success, version: HTTP/1.1)
HTTP/1.1 200 OK
Content-Length: 12
Content-Type: application/json; charset=utf-8
cache-control: no-cache

13:42:42.003 [AsyncHttpClient-1-17] DEBUG org.asynchttpclient.netty.channel.ChannelManager - Adding key: http://localhost:13089 for channel [id: 0xd638e249, L:/127.0.0.1:55297 - R:localhost/127.0.0.1:13089]
[[ChromeDriver: chrome on windows (3659f41497be9ab77f5bbad58c6f1018)] -> xpath: .//span[@class='company-name']]
13:42:42.004 [Forwarding getElementText on session 3659f41497be9ab77f5bbad58c6f1018 to remote] DEBUG org.asynchttpclient.netty.request.NettyRequestSender - Using pooled Channel '[id: 0xd638e249, L:/127.0.0.1:55297 - R:localhost/127.0.0.1:13089]' for 'GET' to 'http://localhost:13089/session/3659f41497be9ab77f5bbad58c6f1018/element/9FCAA45D1F277E2184A466B853B8D6EF_element_61/text'
13:42:42.004 [Forwarding getElementText on session 3659f41497be9ab77f5bbad58c6f1018 to remote] DEBUG org.asynchttpclient.netty.request.NettyRequestSender - Using open Channel [id: 0xd638e249, L:/127.0.0.1:55297 - R:localhost/127.0.0.1:13089] for GET '/session/3659f41497be9ab77f5bbad58c6f1018/element/9FCAA45D1F277E2184A466B853B8D6EF_element_61/text'
13:42:42.010 [AsyncHttpClient-1-17] DEBUG org.asynchttpclient.netty.handler.HttpHandler - 

Request DefaultFullHttpRequest(decodeResult: success, version: HTTP/1.1, content: EmptyByteBufBE)
GET /session/3659f41497be9ab77f5bbad58c6f1018/element/9FCAA45D1F277E2184A466B853B8D6EF_element_61/text HTTP/1.1
Cache-Control: no-cache
User-Agent: selenium/4.10.0 (java windows)
Content-Type: application/json; charset=utf-8
host: localhost:13089
accept: */*

Response DefaultHttpResponse(decodeResult: success, version: HTTP/1.1)
HTTP/1.1 200 OK
Content-Length: 12
Content-Type: application/json; charset=utf-8
cache-control: no-cache

13:42:42.010 [AsyncHttpClient-1-17] DEBUG org.asynchttpclient.netty.channel.ChannelManager - Adding key: http://localhost:13089 for channel [id: 0xd638e249, L:/127.0.0.1:55297 - R:localhost/127.0.0.1:13089]
[[ChromeDriver: chrome on windows (3659f41497be9ab77f5bbad58c6f1018)] -> xpath: .//span[@class='company-name']]
13:42:42.010 [Forwarding getElementText on session 3659f41497be9ab77f5bbad58c6f1018 to remote] DEBUG org.asynchttpclient.netty.request.NettyRequestSender - Using pooled Channel '[id: 0xd638e249, L:/127.0.0.1:55297 - R:localhost/127.0.0.1:13089]' for 'GET' to 'http://localhost:13089/session/3659f41497be9ab77f5bbad58c6f1018/element/9FCAA45D1F277E2184A466B853B8D6EF_element_62/text'
13:42:42.010 [Forwarding getElementText on session 3659f41497be9ab77f5bbad58c6f1018 to remote] DEBUG org.asynchttpclient.netty.request.NettyRequestSender - Using open Channel [id: 0xd638e249, L:/127.0.0.1:55297 - R:localhost/127.0.0.1:13089] for GET '/session/3659f41497be9ab77f5bbad58c6f1018/element/9FCAA45D1F277E2184A466B853B8D6EF_element_62/text'
13:42:42.016 [AsyncHttpClient-1-17] DEBUG org.asynchttpclient.netty.handler.HttpHandler - 

Request DefaultFullHttpRequest(decodeResult: success, version: HTTP/1.1, content: EmptyByteBufBE)
GET /session/3659f41497be9ab77f5bbad58c6f1018/element/9FCAA45D1F277E2184A466B853B8D6EF_element_62/text HTTP/1.1
Cache-Control: no-cache
User-Agent: selenium/4.10.0 (java windows)
Content-Type: application/json; charset=utf-8
host: localhost:13089
accept: */*

Response DefaultHttpResponse(decodeResult: success, version: HTTP/1.1)
HTTP/1.1 200 OK
Content-Length: 12
Content-Type: application/json; charset=utf-8
cache-control: no-cache

13:42:42.016 [AsyncHttpClient-1-17] DEBUG org.asynchttpclient.netty.channel.ChannelManager - Adding key: http://localhost:13089 for channel [id: 0xd638e249, L:/127.0.0.1:55297 - R:localhost/127.0.0.1:13089]
[[ChromeDriver: chrome on windows (3659f41497be9ab77f5bbad58c6f1018)] -> xpath: .//span[@class='company-name']]
13:42:42.017 [Forwarding getElementText on session 3659f41497be9ab77f5bbad58c6f1018 to remote] DEBUG org.asynchttpclient.netty.request.NettyRequestSender - Using pooled Channel '[id: 0xd638e249, L:/127.0.0.1:55297 - R:localhost/127.0.0.1:13089]' for 'GET' to 'http://localhost:13089/session/3659f41497be9ab77f5bbad58c6f1018/element/9FCAA45D1F277E2184A466B853B8D6EF_element_63/text'
13:42:42.017 [Forwarding getElementText on session 3659f41497be9ab77f5bbad58c6f1018 to remote] DEBUG org.asynchttpclient.netty.request.NettyRequestSender - Using open Channel [id: 0xd638e249, L:/127.0.0.1:55297 - R:localhost/127.0.0.1:13089] for GET '/session/3659f41497be9ab77f5bbad58c6f1018/element/9FCAA45D1F277E2184A466B853B8D6EF_element_63/text'
13:42:42.044 [AsyncHttpClient-1-17] DEBUG org.asynchttpclient.netty.handler.HttpHandler - 

Request DefaultFullHttpRequest(decodeResult: success, version: HTTP/1.1, content: EmptyByteBufBE)
GET /session/3659f41497be9ab77f5bbad58c6f1018/element/9FCAA45D1F277E2184A466B853B8D6EF_element_63/text HTTP/1.1
Cache-Control: no-cache
User-Agent: selenium/4.10.0 (java windows)
Content-Type: application/json; charset=utf-8
host: localhost:13089
accept: */*

Response DefaultHttpResponse(decodeResult: success, version: HTTP/1.1)
HTTP/1.1 200 OK
Content-Length: 12
Content-Type: application/json; charset=utf-8
cache-control: no-cache

13:42:42.044 [AsyncHttpClient-1-17] DEBUG org.asynchttpclient.netty.channel.ChannelManager - Adding key: http://localhost:13089 for channel [id: 0xd638e249, L:/127.0.0.1:55297 - R:localhost/127.0.0.1:13089]
13:42:42.049 [Forwarding findElement on session 3659f41497be9ab77f5bbad58c6f1018 to remote] DEBUG org.asynchttpclient.netty.request.NettyRequestSender - Using pooled Channel '[id: 0xd638e249, L:/127.0.0.1:55297 - R:localhost/127.0.0.1:13089]' for 'POST' to 'http://localhost:13089/session/3659f41497be9ab77f5bbad58c6f1018/element'
13:42:42.049 [Forwarding findElement on session 3659f41497be9ab77f5bbad58c6f1018 to remote] DEBUG org.asynchttpclient.netty.request.NettyRequestSender - Using open Channel [id: 0xd638e249, L:/127.0.0.1:55297 - R:localhost/127.0.0.1:13089] for POST '/session/3659f41497be9ab77f5bbad58c6f1018/element'
13:42:42.057 [AsyncHttpClient-1-17] DEBUG org.asynchttpclient.netty.handler.HttpHandler - 

Request DefaultHttpRequest(decodeResult: success, version: HTTP/1.1)
POST /session/3659f41497be9ab77f5bbad58c6f1018/element HTTP/1.1
User-Agent: selenium/4.10.0 (java windows)
Content-Length: 82
Content-Type: application/json; charset=utf-8
host: localhost:13089
accept: */*

Response DefaultHttpResponse(decodeResult: success, version: HTTP/1.1)
HTTP/1.1 200 OK
Content-Length: 95
Content-Type: application/json; charset=utf-8
cache-control: no-cache

13:42:42.057 [AsyncHttpClient-1-17] DEBUG org.asynchttpclient.netty.channel.ChannelManager - Adding key: http://localhost:13089 for channel [id: 0xd638e249, L:/127.0.0.1:55297 - R:localhost/127.0.0.1:13089]
13:42:42.058 [Forwarding isElementDisplayed on session 3659f41497be9ab77f5bbad58c6f1018 to remote] DEBUG org.asynchttpclient.netty.request.NettyRequestSender - Using pooled Channel '[id: 0xd638e249, L:/127.0.0.1:55297 - R:localhost/127.0.0.1:13089]' for 'POST' to 'http://localhost:13089/session/3659f41497be9ab77f5bbad58c6f1018/execute/sync'
13:42:42.058 [Forwarding isElementDisplayed on session 3659f41497be9ab77f5bbad58c6f1018 to remote] DEBUG org.asynchttpclient.netty.request.NettyRequestSender - Using open Channel [id: 0xd638e249, L:/127.0.0.1:55297 - R:localhost/127.0.0.1:13089] for POST '/session/3659f41497be9ab77f5bbad58c6f1018/execute/sync'
13:42:42.066 [AsyncHttpClient-1-17] DEBUG org.asynchttpclient.netty.handler.HttpHandler - 

Request DefaultHttpRequest(decodeResult: success, version: HTTP/1.1)
POST /session/3659f41497be9ab77f5bbad58c6f1018/execute/sync HTTP/1.1
User-Agent: selenium/4.10.0 (java windows)
Content-Length: 48814
Content-Type: application/json; charset=utf-8
host: localhost:13089
accept: */*

Response DefaultHttpResponse(decodeResult: success, version: HTTP/1.1)
HTTP/1.1 200 OK
Content-Length: 14
Content-Type: application/json; charset=utf-8
cache-control: no-cache

13:42:42.066 [AsyncHttpClient-1-17] DEBUG org.asynchttpclient.netty.channel.ChannelManager - Adding key: http://localhost:13089 for channel [id: 0xd638e249, L:/127.0.0.1:55297 - R:localhost/127.0.0.1:13089]
[INFO ] 2023-07-31 13:42:42.066 [main] WebElementActions - Waiting for element to be clickable
13:42:42.066 [Forwarding findElement on session 3659f41497be9ab77f5bbad58c6f1018 to remote] DEBUG org.asynchttpclient.netty.request.NettyRequestSender - Using pooled Channel '[id: 0xd638e249, L:/127.0.0.1:55297 - R:localhost/127.0.0.1:13089]' for 'POST' to 'http://localhost:13089/session/3659f41497be9ab77f5bbad58c6f1018/element'
13:42:42.066 [Forwarding findElement on session 3659f41497be9ab77f5bbad58c6f1018 to remote] DEBUG org.asynchttpclient.netty.request.NettyRequestSender - Using open Channel [id: 0xd638e249, L:/127.0.0.1:55297 - R:localhost/127.0.0.1:13089] for POST '/session/3659f41497be9ab77f5bbad58c6f1018/element'
13:42:42.071 [AsyncHttpClient-1-17] DEBUG org.asynchttpclient.netty.handler.HttpHandler - 

Request DefaultHttpRequest(decodeResult: success, version: HTTP/1.1)
POST /session/3659f41497be9ab77f5bbad58c6f1018/element HTTP/1.1
User-Agent: selenium/4.10.0 (java windows)
Content-Length: 82
Content-Type: application/json; charset=utf-8
host: localhost:13089
accept: */*

Response DefaultHttpResponse(decodeResult: success, version: HTTP/1.1)
HTTP/1.1 200 OK
Content-Length: 95
Content-Type: application/json; charset=utf-8
cache-control: no-cache

13:42:42.071 [AsyncHttpClient-1-17] DEBUG org.asynchttpclient.netty.channel.ChannelManager - Adding key: http://localhost:13089 for channel [id: 0xd638e249, L:/127.0.0.1:55297 - R:localhost/127.0.0.1:13089]
13:42:42.073 [Forwarding isElementDisplayed on session 3659f41497be9ab77f5bbad58c6f1018 to remote] DEBUG org.asynchttpclient.netty.request.NettyRequestSender - Using pooled Channel '[id: 0xd638e249, L:/127.0.0.1:55297 - R:localhost/127.0.0.1:13089]' for 'POST' to 'http://localhost:13089/session/3659f41497be9ab77f5bbad58c6f1018/execute/sync'
13:42:42.073 [Forwarding isElementDisplayed on session 3659f41497be9ab77f5bbad58c6f1018 to remote] DEBUG org.asynchttpclient.netty.request.NettyRequestSender - Using open Channel [id: 0xd638e249, L:/127.0.0.1:55297 - R:localhost/127.0.0.1:13089] for POST '/session/3659f41497be9ab77f5bbad58c6f1018/execute/sync'
13:42:42.082 [AsyncHttpClient-1-17] DEBUG org.asynchttpclient.netty.handler.HttpHandler - 

Request DefaultHttpRequest(decodeResult: success, version: HTTP/1.1)
POST /session/3659f41497be9ab77f5bbad58c6f1018/execute/sync HTTP/1.1
User-Agent: selenium/4.10.0 (java windows)
Content-Length: 48814
Content-Type: application/json; charset=utf-8
host: localhost:13089
accept: */*

Response DefaultHttpResponse(decodeResult: success, version: HTTP/1.1)
HTTP/1.1 200 OK
Content-Length: 14
Content-Type: application/json; charset=utf-8
cache-control: no-cache

13:42:42.082 [AsyncHttpClient-1-17] DEBUG org.asynchttpclient.netty.channel.ChannelManager - Adding key: http://localhost:13089 for channel [id: 0xd638e249, L:/127.0.0.1:55297 - R:localhost/127.0.0.1:13089]
13:42:42.082 [Forwarding findElement on session 3659f41497be9ab77f5bbad58c6f1018 to remote] DEBUG org.asynchttpclient.netty.request.NettyRequestSender - Using pooled Channel '[id: 0xd638e249, L:/127.0.0.1:55297 - R:localhost/127.0.0.1:13089]' for 'POST' to 'http://localhost:13089/session/3659f41497be9ab77f5bbad58c6f1018/element'
13:42:42.083 [Forwarding findElement on session 3659f41497be9ab77f5bbad58c6f1018 to remote] DEBUG org.asynchttpclient.netty.request.NettyRequestSender - Using open Channel [id: 0xd638e249, L:/127.0.0.1:55297 - R:localhost/127.0.0.1:13089] for POST '/session/3659f41497be9ab77f5bbad58c6f1018/element'
13:42:42.087 [AsyncHttpClient-1-17] DEBUG org.asynchttpclient.netty.handler.HttpHandler - 

Request DefaultHttpRequest(decodeResult: success, version: HTTP/1.1)
POST /session/3659f41497be9ab77f5bbad58c6f1018/element HTTP/1.1
User-Agent: selenium/4.10.0 (java windows)
Content-Length: 82
Content-Type: application/json; charset=utf-8
host: localhost:13089
accept: */*

Response DefaultHttpResponse(decodeResult: success, version: HTTP/1.1)
HTTP/1.1 200 OK
Content-Length: 95
Content-Type: application/json; charset=utf-8
cache-control: no-cache

13:42:42.087 [AsyncHttpClient-1-17] DEBUG org.asynchttpclient.netty.channel.ChannelManager - Adding key: http://localhost:13089 for channel [id: 0xd638e249, L:/127.0.0.1:55297 - R:localhost/127.0.0.1:13089]
13:42:42.088 [Forwarding isElementEnabled on session 3659f41497be9ab77f5bbad58c6f1018 to remote] DEBUG org.asynchttpclient.netty.request.NettyRequestSender - Using pooled Channel '[id: 0xd638e249, L:/127.0.0.1:55297 - R:localhost/127.0.0.1:13089]' for 'GET' to 'http://localhost:13089/session/3659f41497be9ab77f5bbad58c6f1018/element/9FCAA45D1F277E2184A466B853B8D6EF_element_46/enabled'
13:42:42.088 [Forwarding isElementEnabled on session 3659f41497be9ab77f5bbad58c6f1018 to remote] DEBUG org.asynchttpclient.netty.request.NettyRequestSender - Using open Channel [id: 0xd638e249, L:/127.0.0.1:55297 - R:localhost/127.0.0.1:13089] for GET '/session/3659f41497be9ab77f5bbad58c6f1018/element/9FCAA45D1F277E2184A466B853B8D6EF_element_46/enabled'
13:42:42.092 [AsyncHttpClient-1-17] DEBUG org.asynchttpclient.netty.handler.HttpHandler - 

Request DefaultFullHttpRequest(decodeResult: success, version: HTTP/1.1, content: EmptyByteBufBE)
GET /session/3659f41497be9ab77f5bbad58c6f1018/element/9FCAA45D1F277E2184A466B853B8D6EF_element_46/enabled HTTP/1.1
Cache-Control: no-cache
User-Agent: selenium/4.10.0 (java windows)
Content-Type: application/json; charset=utf-8
host: localhost:13089
accept: */*

Response DefaultHttpResponse(decodeResult: success, version: HTTP/1.1)
HTTP/1.1 200 OK
Content-Length: 14
Content-Type: application/json; charset=utf-8
cache-control: no-cache

13:42:42.092 [AsyncHttpClient-1-17] DEBUG org.asynchttpclient.netty.channel.ChannelManager - Adding key: http://localhost:13089 for channel [id: 0xd638e249, L:/127.0.0.1:55297 - R:localhost/127.0.0.1:13089]
[INFO ] 2023-07-31 13:42:42.093 [main] WebElementActions - Element is clickable
13:42:42.093 [Forwarding findElement on session 3659f41497be9ab77f5bbad58c6f1018 to remote] DEBUG org.asynchttpclient.netty.request.NettyRequestSender - Using pooled Channel '[id: 0xd638e249, L:/127.0.0.1:55297 - R:localhost/127.0.0.1:13089]' for 'POST' to 'http://localhost:13089/session/3659f41497be9ab77f5bbad58c6f1018/element'
13:42:42.093 [Forwarding findElement on session 3659f41497be9ab77f5bbad58c6f1018 to remote] DEBUG org.asynchttpclient.netty.request.NettyRequestSender - Using open Channel [id: 0xd638e249, L:/127.0.0.1:55297 - R:localhost/127.0.0.1:13089] for POST '/session/3659f41497be9ab77f5bbad58c6f1018/element'
13:42:42.098 [AsyncHttpClient-1-17] DEBUG org.asynchttpclient.netty.handler.HttpHandler - 

Request DefaultHttpRequest(decodeResult: success, version: HTTP/1.1)
POST /session/3659f41497be9ab77f5bbad58c6f1018/element HTTP/1.1
User-Agent: selenium/4.10.0 (java windows)
Content-Length: 82
Content-Type: application/json; charset=utf-8
host: localhost:13089
accept: */*

Response DefaultHttpResponse(decodeResult: success, version: HTTP/1.1)
HTTP/1.1 200 OK
Content-Length: 95
Content-Type: application/json; charset=utf-8
cache-control: no-cache

13:42:42.098 [AsyncHttpClient-1-17] DEBUG org.asynchttpclient.netty.channel.ChannelManager - Adding key: http://localhost:13089 for channel [id: 0xd638e249, L:/127.0.0.1:55297 - R:localhost/127.0.0.1:13089]
13:42:42.100 [Forwarding isElementDisplayed on session 3659f41497be9ab77f5bbad58c6f1018 to remote] DEBUG org.asynchttpclient.netty.request.NettyRequestSender - Using pooled Channel '[id: 0xd638e249, L:/127.0.0.1:55297 - R:localhost/127.0.0.1:13089]' for 'POST' to 'http://localhost:13089/session/3659f41497be9ab77f5bbad58c6f1018/execute/sync'
13:42:42.100 [Forwarding isElementDisplayed on session 3659f41497be9ab77f5bbad58c6f1018 to remote] DEBUG org.asynchttpclient.netty.request.NettyRequestSender - Using open Channel [id: 0xd638e249, L:/127.0.0.1:55297 - R:localhost/127.0.0.1:13089] for POST '/session/3659f41497be9ab77f5bbad58c6f1018/execute/sync'
13:42:42.106 [AsyncHttpClient-1-17] DEBUG org.asynchttpclient.netty.handler.HttpHandler - 

Request DefaultHttpRequest(decodeResult: success, version: HTTP/1.1)
POST /session/3659f41497be9ab77f5bbad58c6f1018/execute/sync HTTP/1.1
User-Agent: selenium/4.10.0 (java windows)
Content-Length: 48814
Content-Type: application/json; charset=utf-8
host: localhost:13089
accept: */*

Response DefaultHttpResponse(decodeResult: success, version: HTTP/1.1)
HTTP/1.1 200 OK
Content-Length: 14
Content-Type: application/json; charset=utf-8
cache-control: no-cache

13:42:42.107 [AsyncHttpClient-1-17] DEBUG org.asynchttpclient.netty.channel.ChannelManager - Adding key: http://localhost:13089 for channel [id: 0xd638e249, L:/127.0.0.1:55297 - R:localhost/127.0.0.1:13089]
13:42:42.107 [Forwarding findElement on session 3659f41497be9ab77f5bbad58c6f1018 to remote] DEBUG org.asynchttpclient.netty.request.NettyRequestSender - Using pooled Channel '[id: 0xd638e249, L:/127.0.0.1:55297 - R:localhost/127.0.0.1:13089]' for 'POST' to 'http://localhost:13089/session/3659f41497be9ab77f5bbad58c6f1018/element'
13:42:42.107 [Forwarding findElement on session 3659f41497be9ab77f5bbad58c6f1018 to remote] DEBUG org.asynchttpclient.netty.request.NettyRequestSender - Using open Channel [id: 0xd638e249, L:/127.0.0.1:55297 - R:localhost/127.0.0.1:13089] for POST '/session/3659f41497be9ab77f5bbad58c6f1018/element'
13:42:42.112 [AsyncHttpClient-1-17] DEBUG org.asynchttpclient.netty.handler.HttpHandler - 

Request DefaultHttpRequest(decodeResult: success, version: HTTP/1.1)
POST /session/3659f41497be9ab77f5bbad58c6f1018/element HTTP/1.1
User-Agent: selenium/4.10.0 (java windows)
Content-Length: 82
Content-Type: application/json; charset=utf-8
host: localhost:13089
accept: */*

Response DefaultHttpResponse(decodeResult: success, version: HTTP/1.1)
HTTP/1.1 200 OK
Content-Length: 95
Content-Type: application/json; charset=utf-8
cache-control: no-cache

13:42:42.113 [AsyncHttpClient-1-17] DEBUG org.asynchttpclient.netty.channel.ChannelManager - Adding key: http://localhost:13089 for channel [id: 0xd638e249, L:/127.0.0.1:55297 - R:localhost/127.0.0.1:13089]
13:42:42.113 [Forwarding clickElement on session 3659f41497be9ab77f5bbad58c6f1018 to remote] DEBUG org.asynchttpclient.netty.request.NettyRequestSender - Using pooled Channel '[id: 0xd638e249, L:/127.0.0.1:55297 - R:localhost/127.0.0.1:13089]' for 'POST' to 'http://localhost:13089/session/3659f41497be9ab77f5bbad58c6f1018/element/9FCAA45D1F277E2184A466B853B8D6EF_element_46/click'
13:42:42.113 [Forwarding clickElement on session 3659f41497be9ab77f5bbad58c6f1018 to remote] DEBUG org.asynchttpclient.netty.request.NettyRequestSender - Using open Channel [id: 0xd638e249, L:/127.0.0.1:55297 - R:localhost/127.0.0.1:13089] for POST '/session/3659f41497be9ab77f5bbad58c6f1018/element/9FCAA45D1F277E2184A466B853B8D6EF_element_46/click'
13:42:42.143 [AsyncHttpClient-1-17] DEBUG org.asynchttpclient.netty.handler.HttpHandler - 

Request DefaultHttpRequest(decodeResult: success, version: HTTP/1.1)
POST /session/3659f41497be9ab77f5bbad58c6f1018/element/9FCAA45D1F277E2184A466B853B8D6EF_element_46/click HTTP/1.1
User-Agent: selenium/4.10.0 (java windows)
Content-Length: 57
Content-Type: application/json; charset=utf-8
host: localhost:13089
accept: */*

Response DefaultHttpResponse(decodeResult: success, version: HTTP/1.1)
HTTP/1.1 200 OK
Content-Length: 14
Content-Type: application/json; charset=utf-8
cache-control: no-cache

13:42:42.143 [AsyncHttpClient-1-17] DEBUG org.asynchttpclient.netty.channel.ChannelManager - Adding key: http://localhost:13089 for channel [id: 0xd638e249, L:/127.0.0.1:55297 - R:localhost/127.0.0.1:13089]
13:42:42.154 [AsyncHttpClient-1-1] DEBUG org.asynchttpclient.netty.channel.DefaultChannelPool - Entry count for : http://localhost:55298 : 1
13:42:42.154 [AsyncHttpClient-1-1] DEBUG org.asynchttpclient.netty.channel.DefaultChannelPool - Entry count for : http://localhost:13089 : 1
13:42:43.144 [Forwarding findElement on session 3659f41497be9ab77f5bbad58c6f1018 to remote] DEBUG org.asynchttpclient.netty.request.NettyRequestSender - Using pooled Channel '[id: 0xd638e249, L:/127.0.0.1:55297 - R:localhost/127.0.0.1:13089]' for 'POST' to 'http://localhost:13089/session/3659f41497be9ab77f5bbad58c6f1018/element'
13:42:43.144 [Forwarding findElement on session 3659f41497be9ab77f5bbad58c6f1018 to remote] DEBUG org.asynchttpclient.netty.request.NettyRequestSender - Using open Channel [id: 0xd638e249, L:/127.0.0.1:55297 - R:localhost/127.0.0.1:13089] for POST '/session/3659f41497be9ab77f5bbad58c6f1018/element'
13:42:43.152 [AsyncHttpClient-1-17] DEBUG org.asynchttpclient.netty.handler.HttpHandler - 

Request DefaultHttpRequest(decodeResult: success, version: HTTP/1.1)
POST /session/3659f41497be9ab77f5bbad58c6f1018/element HTTP/1.1
User-Agent: selenium/4.10.0 (java windows)
Content-Length: 119
Content-Type: application/json; charset=utf-8
host: localhost:13089
accept: */*

Response DefaultHttpResponse(decodeResult: success, version: HTTP/1.1)
HTTP/1.1 200 OK
Content-Length: 95
Content-Type: application/json; charset=utf-8
cache-control: no-cache

13:42:43.152 [AsyncHttpClient-1-17] DEBUG org.asynchttpclient.netty.channel.ChannelManager - Adding key: http://localhost:13089 for channel [id: 0xd638e249, L:/127.0.0.1:55297 - R:localhost/127.0.0.1:13089]
13:42:43.154 [Forwarding isElementDisplayed on session 3659f41497be9ab77f5bbad58c6f1018 to remote] DEBUG org.asynchttpclient.netty.request.NettyRequestSender - Using pooled Channel '[id: 0xd638e249, L:/127.0.0.1:55297 - R:localhost/127.0.0.1:13089]' for 'POST' to 'http://localhost:13089/session/3659f41497be9ab77f5bbad58c6f1018/execute/sync'
13:42:43.154 [Forwarding isElementDisplayed on session 3659f41497be9ab77f5bbad58c6f1018 to remote] DEBUG org.asynchttpclient.netty.request.NettyRequestSender - Using open Channel [id: 0xd638e249, L:/127.0.0.1:55297 - R:localhost/127.0.0.1:13089] for POST '/session/3659f41497be9ab77f5bbad58c6f1018/execute/sync'
13:42:43.160 [AsyncHttpClient-1-17] DEBUG org.asynchttpclient.netty.handler.HttpHandler - 

Request DefaultHttpRequest(decodeResult: success, version: HTTP/1.1)
POST /session/3659f41497be9ab77f5bbad58c6f1018/execute/sync HTTP/1.1
User-Agent: selenium/4.10.0 (java windows)
Content-Length: 48814
Content-Type: application/json; charset=utf-8
host: localhost:13089
accept: */*

Response DefaultHttpResponse(decodeResult: success, version: HTTP/1.1)
HTTP/1.1 200 OK
Content-Length: 14
Content-Type: application/json; charset=utf-8
cache-control: no-cache

13:42:43.160 [AsyncHttpClient-1-17] DEBUG org.asynchttpclient.netty.channel.ChannelManager - Adding key: http://localhost:13089 for channel [id: 0xd638e249, L:/127.0.0.1:55297 - R:localhost/127.0.0.1:13089]
[INFO ] 2023-07-31 13:42:43.161 [main] WebElementActions - Waiting for element to be clickable
13:42:43.161 [Forwarding findElement on session 3659f41497be9ab77f5bbad58c6f1018 to remote] DEBUG org.asynchttpclient.netty.request.NettyRequestSender - Using pooled Channel '[id: 0xd638e249, L:/127.0.0.1:55297 - R:localhost/127.0.0.1:13089]' for 'POST' to 'http://localhost:13089/session/3659f41497be9ab77f5bbad58c6f1018/element'
13:42:43.161 [Forwarding findElement on session 3659f41497be9ab77f5bbad58c6f1018 to remote] DEBUG org.asynchttpclient.netty.request.NettyRequestSender - Using open Channel [id: 0xd638e249, L:/127.0.0.1:55297 - R:localhost/127.0.0.1:13089] for POST '/session/3659f41497be9ab77f5bbad58c6f1018/element'
13:42:43.167 [AsyncHttpClient-1-17] DEBUG org.asynchttpclient.netty.handler.HttpHandler - 

Request DefaultHttpRequest(decodeResult: success, version: HTTP/1.1)
POST /session/3659f41497be9ab77f5bbad58c6f1018/element HTTP/1.1
User-Agent: selenium/4.10.0 (java windows)
Content-Length: 119
Content-Type: application/json; charset=utf-8
host: localhost:13089
accept: */*

Response DefaultHttpResponse(decodeResult: success, version: HTTP/1.1)
HTTP/1.1 200 OK
Content-Length: 95
Content-Type: application/json; charset=utf-8
cache-control: no-cache

13:42:43.167 [AsyncHttpClient-1-17] DEBUG org.asynchttpclient.netty.channel.ChannelManager - Adding key: http://localhost:13089 for channel [id: 0xd638e249, L:/127.0.0.1:55297 - R:localhost/127.0.0.1:13089]
13:42:43.168 [Forwarding isElementDisplayed on session 3659f41497be9ab77f5bbad58c6f1018 to remote] DEBUG org.asynchttpclient.netty.request.NettyRequestSender - Using pooled Channel '[id: 0xd638e249, L:/127.0.0.1:55297 - R:localhost/127.0.0.1:13089]' for 'POST' to 'http://localhost:13089/session/3659f41497be9ab77f5bbad58c6f1018/execute/sync'
13:42:43.168 [Forwarding isElementDisplayed on session 3659f41497be9ab77f5bbad58c6f1018 to remote] DEBUG org.asynchttpclient.netty.request.NettyRequestSender - Using open Channel [id: 0xd638e249, L:/127.0.0.1:55297 - R:localhost/127.0.0.1:13089] for POST '/session/3659f41497be9ab77f5bbad58c6f1018/execute/sync'
13:42:43.174 [AsyncHttpClient-1-17] DEBUG org.asynchttpclient.netty.handler.HttpHandler - 

Request DefaultHttpRequest(decodeResult: success, version: HTTP/1.1)
POST /session/3659f41497be9ab77f5bbad58c6f1018/execute/sync HTTP/1.1
User-Agent: selenium/4.10.0 (java windows)
Content-Length: 48814
Content-Type: application/json; charset=utf-8
host: localhost:13089
accept: */*

Response DefaultHttpResponse(decodeResult: success, version: HTTP/1.1)
HTTP/1.1 200 OK
Content-Length: 14
Content-Type: application/json; charset=utf-8
cache-control: no-cache

13:42:43.174 [AsyncHttpClient-1-17] DEBUG org.asynchttpclient.netty.channel.ChannelManager - Adding key: http://localhost:13089 for channel [id: 0xd638e249, L:/127.0.0.1:55297 - R:localhost/127.0.0.1:13089]
13:42:43.175 [Forwarding findElement on session 3659f41497be9ab77f5bbad58c6f1018 to remote] DEBUG org.asynchttpclient.netty.request.NettyRequestSender - Using pooled Channel '[id: 0xd638e249, L:/127.0.0.1:55297 - R:localhost/127.0.0.1:13089]' for 'POST' to 'http://localhost:13089/session/3659f41497be9ab77f5bbad58c6f1018/element'
13:42:43.175 [Forwarding findElement on session 3659f41497be9ab77f5bbad58c6f1018 to remote] DEBUG org.asynchttpclient.netty.request.NettyRequestSender - Using open Channel [id: 0xd638e249, L:/127.0.0.1:55297 - R:localhost/127.0.0.1:13089] for POST '/session/3659f41497be9ab77f5bbad58c6f1018/element'
13:42:43.180 [AsyncHttpClient-1-17] DEBUG org.asynchttpclient.netty.handler.HttpHandler - 

Request DefaultHttpRequest(decodeResult: success, version: HTTP/1.1)
POST /session/3659f41497be9ab77f5bbad58c6f1018/element HTTP/1.1
User-Agent: selenium/4.10.0 (java windows)
Content-Length: 119
Content-Type: application/json; charset=utf-8
host: localhost:13089
accept: */*

Response DefaultHttpResponse(decodeResult: success, version: HTTP/1.1)
HTTP/1.1 200 OK
Content-Length: 95
Content-Type: application/json; charset=utf-8
cache-control: no-cache

13:42:43.180 [AsyncHttpClient-1-17] DEBUG org.asynchttpclient.netty.channel.ChannelManager - Adding key: http://localhost:13089 for channel [id: 0xd638e249, L:/127.0.0.1:55297 - R:localhost/127.0.0.1:13089]
13:42:43.180 [Forwarding isElementEnabled on session 3659f41497be9ab77f5bbad58c6f1018 to remote] DEBUG org.asynchttpclient.netty.request.NettyRequestSender - Using pooled Channel '[id: 0xd638e249, L:/127.0.0.1:55297 - R:localhost/127.0.0.1:13089]' for 'GET' to 'http://localhost:13089/session/3659f41497be9ab77f5bbad58c6f1018/element/9FCAA45D1F277E2184A466B853B8D6EF_element_85/enabled'
13:42:43.180 [Forwarding isElementEnabled on session 3659f41497be9ab77f5bbad58c6f1018 to remote] DEBUG org.asynchttpclient.netty.request.NettyRequestSender - Using open Channel [id: 0xd638e249, L:/127.0.0.1:55297 - R:localhost/127.0.0.1:13089] for GET '/session/3659f41497be9ab77f5bbad58c6f1018/element/9FCAA45D1F277E2184A466B853B8D6EF_element_85/enabled'
13:42:43.185 [AsyncHttpClient-1-17] DEBUG org.asynchttpclient.netty.handler.HttpHandler - 

Request DefaultFullHttpRequest(decodeResult: success, version: HTTP/1.1, content: EmptyByteBufBE)
GET /session/3659f41497be9ab77f5bbad58c6f1018/element/9FCAA45D1F277E2184A466B853B8D6EF_element_85/enabled HTTP/1.1
Cache-Control: no-cache
User-Agent: selenium/4.10.0 (java windows)
Content-Type: application/json; charset=utf-8
host: localhost:13089
accept: */*

Response DefaultHttpResponse(decodeResult: success, version: HTTP/1.1)
HTTP/1.1 200 OK
Content-Length: 14
Content-Type: application/json; charset=utf-8
cache-control: no-cache

13:42:43.185 [AsyncHttpClient-1-17] DEBUG org.asynchttpclient.netty.channel.ChannelManager - Adding key: http://localhost:13089 for channel [id: 0xd638e249, L:/127.0.0.1:55297 - R:localhost/127.0.0.1:13089]
[INFO ] 2023-07-31 13:42:43.185 [main] WebElementActions - Element is clickable
13:42:43.185 [Forwarding findElement on session 3659f41497be9ab77f5bbad58c6f1018 to remote] DEBUG org.asynchttpclient.netty.request.NettyRequestSender - Using pooled Channel '[id: 0xd638e249, L:/127.0.0.1:55297 - R:localhost/127.0.0.1:13089]' for 'POST' to 'http://localhost:13089/session/3659f41497be9ab77f5bbad58c6f1018/element'
13:42:43.185 [Forwarding findElement on session 3659f41497be9ab77f5bbad58c6f1018 to remote] DEBUG org.asynchttpclient.netty.request.NettyRequestSender - Using open Channel [id: 0xd638e249, L:/127.0.0.1:55297 - R:localhost/127.0.0.1:13089] for POST '/session/3659f41497be9ab77f5bbad58c6f1018/element'
13:42:43.190 [AsyncHttpClient-1-17] DEBUG org.asynchttpclient.netty.handler.HttpHandler - 

Request DefaultHttpRequest(decodeResult: success, version: HTTP/1.1)
POST /session/3659f41497be9ab77f5bbad58c6f1018/element HTTP/1.1
User-Agent: selenium/4.10.0 (java windows)
Content-Length: 119
Content-Type: application/json; charset=utf-8
host: localhost:13089
accept: */*

Response DefaultHttpResponse(decodeResult: success, version: HTTP/1.1)
HTTP/1.1 200 OK
Content-Length: 95
Content-Type: application/json; charset=utf-8
cache-control: no-cache

13:42:43.190 [AsyncHttpClient-1-17] DEBUG org.asynchttpclient.netty.channel.ChannelManager - Adding key: http://localhost:13089 for channel [id: 0xd638e249, L:/127.0.0.1:55297 - R:localhost/127.0.0.1:13089]
13:42:43.191 [Forwarding isElementDisplayed on session 3659f41497be9ab77f5bbad58c6f1018 to remote] DEBUG org.asynchttpclient.netty.request.NettyRequestSender - Using pooled Channel '[id: 0xd638e249, L:/127.0.0.1:55297 - R:localhost/127.0.0.1:13089]' for 'POST' to 'http://localhost:13089/session/3659f41497be9ab77f5bbad58c6f1018/execute/sync'
13:42:43.191 [Forwarding isElementDisplayed on session 3659f41497be9ab77f5bbad58c6f1018 to remote] DEBUG org.asynchttpclient.netty.request.NettyRequestSender - Using open Channel [id: 0xd638e249, L:/127.0.0.1:55297 - R:localhost/127.0.0.1:13089] for POST '/session/3659f41497be9ab77f5bbad58c6f1018/execute/sync'
13:42:43.198 [AsyncHttpClient-1-17] DEBUG org.asynchttpclient.netty.handler.HttpHandler - 

Request DefaultHttpRequest(decodeResult: success, version: HTTP/1.1)
POST /session/3659f41497be9ab77f5bbad58c6f1018/execute/sync HTTP/1.1
User-Agent: selenium/4.10.0 (java windows)
Content-Length: 48814
Content-Type: application/json; charset=utf-8
host: localhost:13089
accept: */*

Response DefaultHttpResponse(decodeResult: success, version: HTTP/1.1)
HTTP/1.1 200 OK
Content-Length: 14
Content-Type: application/json; charset=utf-8
cache-control: no-cache

13:42:43.198 [AsyncHttpClient-1-17] DEBUG org.asynchttpclient.netty.channel.ChannelManager - Adding key: http://localhost:13089 for channel [id: 0xd638e249, L:/127.0.0.1:55297 - R:localhost/127.0.0.1:13089]
13:42:43.198 [Forwarding findElement on session 3659f41497be9ab77f5bbad58c6f1018 to remote] DEBUG org.asynchttpclient.netty.request.NettyRequestSender - Using pooled Channel '[id: 0xd638e249, L:/127.0.0.1:55297 - R:localhost/127.0.0.1:13089]' for 'POST' to 'http://localhost:13089/session/3659f41497be9ab77f5bbad58c6f1018/element'
13:42:43.198 [Forwarding findElement on session 3659f41497be9ab77f5bbad58c6f1018 to remote] DEBUG org.asynchttpclient.netty.request.NettyRequestSender - Using open Channel [id: 0xd638e249, L:/127.0.0.1:55297 - R:localhost/127.0.0.1:13089] for POST '/session/3659f41497be9ab77f5bbad58c6f1018/element'
13:42:43.203 [AsyncHttpClient-1-17] DEBUG org.asynchttpclient.netty.handler.HttpHandler - 

Request DefaultHttpRequest(decodeResult: success, version: HTTP/1.1)
POST /session/3659f41497be9ab77f5bbad58c6f1018/element HTTP/1.1
User-Agent: selenium/4.10.0 (java windows)
Content-Length: 119
Content-Type: application/json; charset=utf-8
host: localhost:13089
accept: */*

Response DefaultHttpResponse(decodeResult: success, version: HTTP/1.1)
HTTP/1.1 200 OK
Content-Length: 95
Content-Type: application/json; charset=utf-8
cache-control: no-cache

13:42:43.203 [AsyncHttpClient-1-17] DEBUG org.asynchttpclient.netty.channel.ChannelManager - Adding key: http://localhost:13089 for channel [id: 0xd638e249, L:/127.0.0.1:55297 - R:localhost/127.0.0.1:13089]
13:42:43.204 [Forwarding clickElement on session 3659f41497be9ab77f5bbad58c6f1018 to remote] DEBUG org.asynchttpclient.netty.request.NettyRequestSender - Using pooled Channel '[id: 0xd638e249, L:/127.0.0.1:55297 - R:localhost/127.0.0.1:13089]' for 'POST' to 'http://localhost:13089/session/3659f41497be9ab77f5bbad58c6f1018/element/9FCAA45D1F277E2184A466B853B8D6EF_element_85/click'
13:42:43.204 [Forwarding clickElement on session 3659f41497be9ab77f5bbad58c6f1018 to remote] DEBUG org.asynchttpclient.netty.request.NettyRequestSender - Using open Channel [id: 0xd638e249, L:/127.0.0.1:55297 - R:localhost/127.0.0.1:13089] for POST '/session/3659f41497be9ab77f5bbad58c6f1018/element/9FCAA45D1F277E2184A466B853B8D6EF_element_85/click'
13:42:43.238 [AsyncHttpClient-1-17] DEBUG org.asynchttpclient.netty.handler.HttpHandler - 

Request DefaultHttpRequest(decodeResult: success, version: HTTP/1.1)
POST /session/3659f41497be9ab77f5bbad58c6f1018/element/9FCAA45D1F277E2184A466B853B8D6EF_element_85/click HTTP/1.1
User-Agent: selenium/4.10.0 (java windows)
Content-Length: 57
Content-Type: application/json; charset=utf-8
host: localhost:13089
accept: */*

Response DefaultHttpResponse(decodeResult: success, version: HTTP/1.1)
HTTP/1.1 200 OK
Content-Length: 14
Content-Type: application/json; charset=utf-8
cache-control: no-cache

13:42:43.238 [AsyncHttpClient-1-17] DEBUG org.asynchttpclient.netty.channel.ChannelManager - Adding key: http://localhost:13089 for channel [id: 0xd638e249, L:/127.0.0.1:55297 - R:localhost/127.0.0.1:13089]
13:42:43.254 [AsyncHttpClient-1-1] DEBUG org.asynchttpclient.netty.channel.DefaultChannelPool - Entry count for : http://localhost:55298 : 1
13:42:43.254 [AsyncHttpClient-1-1] DEBUG org.asynchttpclient.netty.channel.DefaultChannelPool - Entry count for : http://localhost:13089 : 1
13:42:44.253 [Forwarding findElement on session 3659f41497be9ab77f5bbad58c6f1018 to remote] DEBUG org.asynchttpclient.netty.request.NettyRequestSender - Using pooled Channel '[id: 0xd638e249, L:/127.0.0.1:55297 - R:localhost/127.0.0.1:13089]' for 'POST' to 'http://localhost:13089/session/3659f41497be9ab77f5bbad58c6f1018/element'
13:42:44.253 [Forwarding findElement on session 3659f41497be9ab77f5bbad58c6f1018 to remote] DEBUG org.asynchttpclient.netty.request.NettyRequestSender - Using open Channel [id: 0xd638e249, L:/127.0.0.1:55297 - R:localhost/127.0.0.1:13089] for POST '/session/3659f41497be9ab77f5bbad58c6f1018/element'
13:42:44.262 [AsyncHttpClient-1-17] DEBUG org.asynchttpclient.netty.handler.HttpHandler - 

Request DefaultHttpRequest(decodeResult: success, version: HTTP/1.1)
POST /session/3659f41497be9ab77f5bbad58c6f1018/element HTTP/1.1
User-Agent: selenium/4.10.0 (java windows)
Content-Length: 86
Content-Type: application/json; charset=utf-8
host: localhost:13089
accept: */*

Response DefaultHttpResponse(decodeResult: success, version: HTTP/1.1)
HTTP/1.1 200 OK
Content-Length: 95
Content-Type: application/json; charset=utf-8
cache-control: no-cache

13:42:44.262 [AsyncHttpClient-1-17] DEBUG org.asynchttpclient.netty.channel.ChannelManager - Adding key: http://localhost:13089 for channel [id: 0xd638e249, L:/127.0.0.1:55297 - R:localhost/127.0.0.1:13089]
13:42:44.263 [Forwarding isElementDisplayed on session 3659f41497be9ab77f5bbad58c6f1018 to remote] DEBUG org.asynchttpclient.netty.request.NettyRequestSender - Using pooled Channel '[id: 0xd638e249, L:/127.0.0.1:55297 - R:localhost/127.0.0.1:13089]' for 'POST' to 'http://localhost:13089/session/3659f41497be9ab77f5bbad58c6f1018/execute/sync'
13:42:44.263 [Forwarding isElementDisplayed on session 3659f41497be9ab77f5bbad58c6f1018 to remote] DEBUG org.asynchttpclient.netty.request.NettyRequestSender - Using open Channel [id: 0xd638e249, L:/127.0.0.1:55297 - R:localhost/127.0.0.1:13089] for POST '/session/3659f41497be9ab77f5bbad58c6f1018/execute/sync'
13:42:44.269 [AsyncHttpClient-1-17] DEBUG org.asynchttpclient.netty.handler.HttpHandler - 

Request DefaultHttpRequest(decodeResult: success, version: HTTP/1.1)
POST /session/3659f41497be9ab77f5bbad58c6f1018/execute/sync HTTP/1.1
User-Agent: selenium/4.10.0 (java windows)
Content-Length: 48814
Content-Type: application/json; charset=utf-8
host: localhost:13089
accept: */*

Response DefaultHttpResponse(decodeResult: success, version: HTTP/1.1)
HTTP/1.1 200 OK
Content-Length: 14
Content-Type: application/json; charset=utf-8
cache-control: no-cache

13:42:44.269 [AsyncHttpClient-1-17] DEBUG org.asynchttpclient.netty.channel.ChannelManager - Adding key: http://localhost:13089 for channel [id: 0xd638e249, L:/127.0.0.1:55297 - R:localhost/127.0.0.1:13089]
[INFO ] 2023-07-31 13:42:44.269 [main] WebElementActions - Waiting for element to be clickable
13:42:44.269 [Forwarding findElement on session 3659f41497be9ab77f5bbad58c6f1018 to remote] DEBUG org.asynchttpclient.netty.request.NettyRequestSender - Using pooled Channel '[id: 0xd638e249, L:/127.0.0.1:55297 - R:localhost/127.0.0.1:13089]' for 'POST' to 'http://localhost:13089/session/3659f41497be9ab77f5bbad58c6f1018/element'
13:42:44.269 [Forwarding findElement on session 3659f41497be9ab77f5bbad58c6f1018 to remote] DEBUG org.asynchttpclient.netty.request.NettyRequestSender - Using open Channel [id: 0xd638e249, L:/127.0.0.1:55297 - R:localhost/127.0.0.1:13089] for POST '/session/3659f41497be9ab77f5bbad58c6f1018/element'
13:42:44.275 [AsyncHttpClient-1-17] DEBUG org.asynchttpclient.netty.handler.HttpHandler - 

Request DefaultHttpRequest(decodeResult: success, version: HTTP/1.1)
POST /session/3659f41497be9ab77f5bbad58c6f1018/element HTTP/1.1
User-Agent: selenium/4.10.0 (java windows)
Content-Length: 86
Content-Type: application/json; charset=utf-8
host: localhost:13089
accept: */*

Response DefaultHttpResponse(decodeResult: success, version: HTTP/1.1)
HTTP/1.1 200 OK
Content-Length: 95
Content-Type: application/json; charset=utf-8
cache-control: no-cache

13:42:44.275 [AsyncHttpClient-1-17] DEBUG org.asynchttpclient.netty.channel.ChannelManager - Adding key: http://localhost:13089 for channel [id: 0xd638e249, L:/127.0.0.1:55297 - R:localhost/127.0.0.1:13089]
13:42:44.276 [Forwarding isElementDisplayed on session 3659f41497be9ab77f5bbad58c6f1018 to remote] DEBUG org.asynchttpclient.netty.request.NettyRequestSender - Using pooled Channel '[id: 0xd638e249, L:/127.0.0.1:55297 - R:localhost/127.0.0.1:13089]' for 'POST' to 'http://localhost:13089/session/3659f41497be9ab77f5bbad58c6f1018/execute/sync'
13:42:44.276 [Forwarding isElementDisplayed on session 3659f41497be9ab77f5bbad58c6f1018 to remote] DEBUG org.asynchttpclient.netty.request.NettyRequestSender - Using open Channel [id: 0xd638e249, L:/127.0.0.1:55297 - R:localhost/127.0.0.1:13089] for POST '/session/3659f41497be9ab77f5bbad58c6f1018/execute/sync'
13:42:44.283 [AsyncHttpClient-1-17] DEBUG org.asynchttpclient.netty.handler.HttpHandler - 

Request DefaultHttpRequest(decodeResult: success, version: HTTP/1.1)
POST /session/3659f41497be9ab77f5bbad58c6f1018/execute/sync HTTP/1.1
User-Agent: selenium/4.10.0 (java windows)
Content-Length: 48814
Content-Type: application/json; charset=utf-8
host: localhost:13089
accept: */*

Response DefaultHttpResponse(decodeResult: success, version: HTTP/1.1)
HTTP/1.1 200 OK
Content-Length: 14
Content-Type: application/json; charset=utf-8
cache-control: no-cache

13:42:44.283 [AsyncHttpClient-1-17] DEBUG org.asynchttpclient.netty.channel.ChannelManager - Adding key: http://localhost:13089 for channel [id: 0xd638e249, L:/127.0.0.1:55297 - R:localhost/127.0.0.1:13089]
13:42:44.283 [Forwarding findElement on session 3659f41497be9ab77f5bbad58c6f1018 to remote] DEBUG org.asynchttpclient.netty.request.NettyRequestSender - Using pooled Channel '[id: 0xd638e249, L:/127.0.0.1:55297 - R:localhost/127.0.0.1:13089]' for 'POST' to 'http://localhost:13089/session/3659f41497be9ab77f5bbad58c6f1018/element'
13:42:44.283 [Forwarding findElement on session 3659f41497be9ab77f5bbad58c6f1018 to remote] DEBUG org.asynchttpclient.netty.request.NettyRequestSender - Using open Channel [id: 0xd638e249, L:/127.0.0.1:55297 - R:localhost/127.0.0.1:13089] for POST '/session/3659f41497be9ab77f5bbad58c6f1018/element'
13:42:44.289 [AsyncHttpClient-1-17] DEBUG org.asynchttpclient.netty.handler.HttpHandler - 

Request DefaultHttpRequest(decodeResult: success, version: HTTP/1.1)
POST /session/3659f41497be9ab77f5bbad58c6f1018/element HTTP/1.1
User-Agent: selenium/4.10.0 (java windows)
Content-Length: 86
Content-Type: application/json; charset=utf-8
host: localhost:13089
accept: */*

Response DefaultHttpResponse(decodeResult: success, version: HTTP/1.1)
HTTP/1.1 200 OK
Content-Length: 95
Content-Type: application/json; charset=utf-8
cache-control: no-cache

13:42:44.289 [AsyncHttpClient-1-17] DEBUG org.asynchttpclient.netty.channel.ChannelManager - Adding key: http://localhost:13089 for channel [id: 0xd638e249, L:/127.0.0.1:55297 - R:localhost/127.0.0.1:13089]
13:42:44.289 [Forwarding isElementEnabled on session 3659f41497be9ab77f5bbad58c6f1018 to remote] DEBUG org.asynchttpclient.netty.request.NettyRequestSender - Using pooled Channel '[id: 0xd638e249, L:/127.0.0.1:55297 - R:localhost/127.0.0.1:13089]' for 'GET' to 'http://localhost:13089/session/3659f41497be9ab77f5bbad58c6f1018/element/9FCAA45D1F277E2184A466B853B8D6EF_element_86/enabled'
13:42:44.289 [Forwarding isElementEnabled on session 3659f41497be9ab77f5bbad58c6f1018 to remote] DEBUG org.asynchttpclient.netty.request.NettyRequestSender - Using open Channel [id: 0xd638e249, L:/127.0.0.1:55297 - R:localhost/127.0.0.1:13089] for GET '/session/3659f41497be9ab77f5bbad58c6f1018/element/9FCAA45D1F277E2184A466B853B8D6EF_element_86/enabled'
13:42:44.293 [AsyncHttpClient-1-17] DEBUG org.asynchttpclient.netty.handler.HttpHandler - 

Request DefaultFullHttpRequest(decodeResult: success, version: HTTP/1.1, content: EmptyByteBufBE)
GET /session/3659f41497be9ab77f5bbad58c6f1018/element/9FCAA45D1F277E2184A466B853B8D6EF_element_86/enabled HTTP/1.1
Cache-Control: no-cache
User-Agent: selenium/4.10.0 (java windows)
Content-Type: application/json; charset=utf-8
host: localhost:13089
accept: */*

Response DefaultHttpResponse(decodeResult: success, version: HTTP/1.1)
HTTP/1.1 200 OK
Content-Length: 14
Content-Type: application/json; charset=utf-8
cache-control: no-cache

13:42:44.293 [AsyncHttpClient-1-17] DEBUG org.asynchttpclient.netty.channel.ChannelManager - Adding key: http://localhost:13089 for channel [id: 0xd638e249, L:/127.0.0.1:55297 - R:localhost/127.0.0.1:13089]
[INFO ] 2023-07-31 13:42:44.293 [main] WebElementActions - Element is clickable
13:42:44.293 [Forwarding findElement on session 3659f41497be9ab77f5bbad58c6f1018 to remote] DEBUG org.asynchttpclient.netty.request.NettyRequestSender - Using pooled Channel '[id: 0xd638e249, L:/127.0.0.1:55297 - R:localhost/127.0.0.1:13089]' for 'POST' to 'http://localhost:13089/session/3659f41497be9ab77f5bbad58c6f1018/element'
13:42:44.293 [Forwarding findElement on session 3659f41497be9ab77f5bbad58c6f1018 to remote] DEBUG org.asynchttpclient.netty.request.NettyRequestSender - Using open Channel [id: 0xd638e249, L:/127.0.0.1:55297 - R:localhost/127.0.0.1:13089] for POST '/session/3659f41497be9ab77f5bbad58c6f1018/element'
13:42:44.298 [AsyncHttpClient-1-17] DEBUG org.asynchttpclient.netty.handler.HttpHandler - 

Request DefaultHttpRequest(decodeResult: success, version: HTTP/1.1)
POST /session/3659f41497be9ab77f5bbad58c6f1018/element HTTP/1.1
User-Agent: selenium/4.10.0 (java windows)
Content-Length: 86
Content-Type: application/json; charset=utf-8
host: localhost:13089
accept: */*

Response DefaultHttpResponse(decodeResult: success, version: HTTP/1.1)
HTTP/1.1 200 OK
Content-Length: 95
Content-Type: application/json; charset=utf-8
cache-control: no-cache

13:42:44.298 [AsyncHttpClient-1-17] DEBUG org.asynchttpclient.netty.channel.ChannelManager - Adding key: http://localhost:13089 for channel [id: 0xd638e249, L:/127.0.0.1:55297 - R:localhost/127.0.0.1:13089]
13:42:44.299 [Forwarding isElementDisplayed on session 3659f41497be9ab77f5bbad58c6f1018 to remote] DEBUG org.asynchttpclient.netty.request.NettyRequestSender - Using pooled Channel '[id: 0xd638e249, L:/127.0.0.1:55297 - R:localhost/127.0.0.1:13089]' for 'POST' to 'http://localhost:13089/session/3659f41497be9ab77f5bbad58c6f1018/execute/sync'
13:42:44.299 [Forwarding isElementDisplayed on session 3659f41497be9ab77f5bbad58c6f1018 to remote] DEBUG org.asynchttpclient.netty.request.NettyRequestSender - Using open Channel [id: 0xd638e249, L:/127.0.0.1:55297 - R:localhost/127.0.0.1:13089] for POST '/session/3659f41497be9ab77f5bbad58c6f1018/execute/sync'
13:42:44.306 [AsyncHttpClient-1-17] DEBUG org.asynchttpclient.netty.handler.HttpHandler - 

Request DefaultHttpRequest(decodeResult: success, version: HTTP/1.1)
POST /session/3659f41497be9ab77f5bbad58c6f1018/execute/sync HTTP/1.1
User-Agent: selenium/4.10.0 (java windows)
Content-Length: 48814
Content-Type: application/json; charset=utf-8
host: localhost:13089
accept: */*

Response DefaultHttpResponse(decodeResult: success, version: HTTP/1.1)
HTTP/1.1 200 OK
Content-Length: 14
Content-Type: application/json; charset=utf-8
cache-control: no-cache

13:42:44.306 [AsyncHttpClient-1-17] DEBUG org.asynchttpclient.netty.channel.ChannelManager - Adding key: http://localhost:13089 for channel [id: 0xd638e249, L:/127.0.0.1:55297 - R:localhost/127.0.0.1:13089]
13:42:44.306 [Forwarding findElement on session 3659f41497be9ab77f5bbad58c6f1018 to remote] DEBUG org.asynchttpclient.netty.request.NettyRequestSender - Using pooled Channel '[id: 0xd638e249, L:/127.0.0.1:55297 - R:localhost/127.0.0.1:13089]' for 'POST' to 'http://localhost:13089/session/3659f41497be9ab77f5bbad58c6f1018/element'
13:42:44.306 [Forwarding findElement on session 3659f41497be9ab77f5bbad58c6f1018 to remote] DEBUG org.asynchttpclient.netty.request.NettyRequestSender - Using open Channel [id: 0xd638e249, L:/127.0.0.1:55297 - R:localhost/127.0.0.1:13089] for POST '/session/3659f41497be9ab77f5bbad58c6f1018/element'
13:42:44.312 [AsyncHttpClient-1-17] DEBUG org.asynchttpclient.netty.handler.HttpHandler - 

Request DefaultHttpRequest(decodeResult: success, version: HTTP/1.1)
POST /session/3659f41497be9ab77f5bbad58c6f1018/element HTTP/1.1
User-Agent: selenium/4.10.0 (java windows)
Content-Length: 86
Content-Type: application/json; charset=utf-8
host: localhost:13089
accept: */*

Response DefaultHttpResponse(decodeResult: success, version: HTTP/1.1)
HTTP/1.1 200 OK
Content-Length: 95
Content-Type: application/json; charset=utf-8
cache-control: no-cache

13:42:44.312 [AsyncHttpClient-1-17] DEBUG org.asynchttpclient.netty.channel.ChannelManager - Adding key: http://localhost:13089 for channel [id: 0xd638e249, L:/127.0.0.1:55297 - R:localhost/127.0.0.1:13089]
13:42:44.313 [Forwarding clickElement on session 3659f41497be9ab77f5bbad58c6f1018 to remote] DEBUG org.asynchttpclient.netty.request.NettyRequestSender - Using pooled Channel '[id: 0xd638e249, L:/127.0.0.1:55297 - R:localhost/127.0.0.1:13089]' for 'POST' to 'http://localhost:13089/session/3659f41497be9ab77f5bbad58c6f1018/element/9FCAA45D1F277E2184A466B853B8D6EF_element_86/click'
13:42:44.313 [Forwarding clickElement on session 3659f41497be9ab77f5bbad58c6f1018 to remote] DEBUG org.asynchttpclient.netty.request.NettyRequestSender - Using open Channel [id: 0xd638e249, L:/127.0.0.1:55297 - R:localhost/127.0.0.1:13089] for POST '/session/3659f41497be9ab77f5bbad58c6f1018/element/9FCAA45D1F277E2184A466B853B8D6EF_element_86/click'
13:42:44.337 [AsyncHttpClient-1-17] DEBUG org.asynchttpclient.netty.handler.HttpHandler - 

Request DefaultHttpRequest(decodeResult: success, version: HTTP/1.1)
POST /session/3659f41497be9ab77f5bbad58c6f1018/element/9FCAA45D1F277E2184A466B853B8D6EF_element_86/click HTTP/1.1
User-Agent: selenium/4.10.0 (java windows)
Content-Length: 57
Content-Type: application/json; charset=utf-8
host: localhost:13089
accept: */*

Response DefaultHttpResponse(decodeResult: success, version: HTTP/1.1)
HTTP/1.1 200 OK
Content-Length: 14
Content-Type: application/json; charset=utf-8
cache-control: no-cache

13:42:44.337 [AsyncHttpClient-1-17] DEBUG org.asynchttpclient.netty.channel.ChannelManager - Adding key: http://localhost:13089 for channel [id: 0xd638e249, L:/127.0.0.1:55297 - R:localhost/127.0.0.1:13089]
13:42:44.361 [AsyncHttpClient-1-1] DEBUG org.asynchttpclient.netty.channel.DefaultChannelPool - Entry count for : http://localhost:55298 : 1
13:42:44.361 [AsyncHttpClient-1-1] DEBUG org.asynchttpclient.netty.channel.DefaultChannelPool - Entry count for : http://localhost:13089 : 1
13:42:45.349 [Forwarding findElement on session 3659f41497be9ab77f5bbad58c6f1018 to remote] DEBUG org.asynchttpclient.netty.request.NettyRequestSender - Using pooled Channel '[id: 0xd638e249, L:/127.0.0.1:55297 - R:localhost/127.0.0.1:13089]' for 'POST' to 'http://localhost:13089/session/3659f41497be9ab77f5bbad58c6f1018/element'
13:42:45.349 [Forwarding findElement on session 3659f41497be9ab77f5bbad58c6f1018 to remote] DEBUG org.asynchttpclient.netty.request.NettyRequestSender - Using open Channel [id: 0xd638e249, L:/127.0.0.1:55297 - R:localhost/127.0.0.1:13089] for POST '/session/3659f41497be9ab77f5bbad58c6f1018/element'
13:42:45.358 [AsyncHttpClient-1-17] DEBUG org.asynchttpclient.netty.handler.HttpHandler - 

Request DefaultHttpRequest(decodeResult: success, version: HTTP/1.1)
POST /session/3659f41497be9ab77f5bbad58c6f1018/element HTTP/1.1
User-Agent: selenium/4.10.0 (java windows)
Content-Length: 69
Content-Type: application/json; charset=utf-8
host: localhost:13089
accept: */*

Response DefaultHttpResponse(decodeResult: success, version: HTTP/1.1)
HTTP/1.1 200 OK
Content-Length: 95
Content-Type: application/json; charset=utf-8
cache-control: no-cache

13:42:45.358 [AsyncHttpClient-1-17] DEBUG org.asynchttpclient.netty.channel.ChannelManager - Adding key: http://localhost:13089 for channel [id: 0xd638e249, L:/127.0.0.1:55297 - R:localhost/127.0.0.1:13089]
13:42:45.359 [Forwarding isElementDisplayed on session 3659f41497be9ab77f5bbad58c6f1018 to remote] DEBUG org.asynchttpclient.netty.request.NettyRequestSender - Using pooled Channel '[id: 0xd638e249, L:/127.0.0.1:55297 - R:localhost/127.0.0.1:13089]' for 'POST' to 'http://localhost:13089/session/3659f41497be9ab77f5bbad58c6f1018/execute/sync'
13:42:45.359 [Forwarding isElementDisplayed on session 3659f41497be9ab77f5bbad58c6f1018 to remote] DEBUG org.asynchttpclient.netty.request.NettyRequestSender - Using open Channel [id: 0xd638e249, L:/127.0.0.1:55297 - R:localhost/127.0.0.1:13089] for POST '/session/3659f41497be9ab77f5bbad58c6f1018/execute/sync'
13:42:45.365 [AsyncHttpClient-1-17] DEBUG org.asynchttpclient.netty.handler.HttpHandler - 

Request DefaultHttpRequest(decodeResult: success, version: HTTP/1.1)
POST /session/3659f41497be9ab77f5bbad58c6f1018/execute/sync HTTP/1.1
User-Agent: selenium/4.10.0 (java windows)
Content-Length: 48814
Content-Type: application/json; charset=utf-8
host: localhost:13089
accept: */*

Response DefaultHttpResponse(decodeResult: success, version: HTTP/1.1)
HTTP/1.1 200 OK
Content-Length: 14
Content-Type: application/json; charset=utf-8
cache-control: no-cache

13:42:45.365 [AsyncHttpClient-1-17] DEBUG org.asynchttpclient.netty.channel.ChannelManager - Adding key: http://localhost:13089 for channel [id: 0xd638e249, L:/127.0.0.1:55297 - R:localhost/127.0.0.1:13089]
[INFO ] 2023-07-31 13:42:45.365 [main] WebElementActions - Trying to get text value
13:42:45.366 [Forwarding findElement on session 3659f41497be9ab77f5bbad58c6f1018 to remote] DEBUG org.asynchttpclient.netty.request.NettyRequestSender - Using pooled Channel '[id: 0xd638e249, L:/127.0.0.1:55297 - R:localhost/127.0.0.1:13089]' for 'POST' to 'http://localhost:13089/session/3659f41497be9ab77f5bbad58c6f1018/element'
13:42:45.366 [Forwarding findElement on session 3659f41497be9ab77f5bbad58c6f1018 to remote] DEBUG org.asynchttpclient.netty.request.NettyRequestSender - Using open Channel [id: 0xd638e249, L:/127.0.0.1:55297 - R:localhost/127.0.0.1:13089] for POST '/session/3659f41497be9ab77f5bbad58c6f1018/element'
13:42:45.370 [AsyncHttpClient-1-17] DEBUG org.asynchttpclient.netty.handler.HttpHandler - 

Request DefaultHttpRequest(decodeResult: success, version: HTTP/1.1)
POST /session/3659f41497be9ab77f5bbad58c6f1018/element HTTP/1.1
User-Agent: selenium/4.10.0 (java windows)
Content-Length: 69
Content-Type: application/json; charset=utf-8
host: localhost:13089
accept: */*

Response DefaultHttpResponse(decodeResult: success, version: HTTP/1.1)
HTTP/1.1 200 OK
Content-Length: 95
Content-Type: application/json; charset=utf-8
cache-control: no-cache

13:42:45.370 [AsyncHttpClient-1-17] DEBUG org.asynchttpclient.netty.channel.ChannelManager - Adding key: http://localhost:13089 for channel [id: 0xd638e249, L:/127.0.0.1:55297 - R:localhost/127.0.0.1:13089]
13:42:45.372 [Forwarding isElementDisplayed on session 3659f41497be9ab77f5bbad58c6f1018 to remote] DEBUG org.asynchttpclient.netty.request.NettyRequestSender - Using pooled Channel '[id: 0xd638e249, L:/127.0.0.1:55297 - R:localhost/127.0.0.1:13089]' for 'POST' to 'http://localhost:13089/session/3659f41497be9ab77f5bbad58c6f1018/execute/sync'
13:42:45.372 [Forwarding isElementDisplayed on session 3659f41497be9ab77f5bbad58c6f1018 to remote] DEBUG org.asynchttpclient.netty.request.NettyRequestSender - Using open Channel [id: 0xd638e249, L:/127.0.0.1:55297 - R:localhost/127.0.0.1:13089] for POST '/session/3659f41497be9ab77f5bbad58c6f1018/execute/sync'
13:42:45.377 [AsyncHttpClient-1-17] DEBUG org.asynchttpclient.netty.handler.HttpHandler - 

Request DefaultHttpRequest(decodeResult: success, version: HTTP/1.1)
POST /session/3659f41497be9ab77f5bbad58c6f1018/execute/sync HTTP/1.1
User-Agent: selenium/4.10.0 (java windows)
Content-Length: 48814
Content-Type: application/json; charset=utf-8
host: localhost:13089
accept: */*

Response DefaultHttpResponse(decodeResult: success, version: HTTP/1.1)
HTTP/1.1 200 OK
Content-Length: 14
Content-Type: application/json; charset=utf-8
cache-control: no-cache

13:42:45.377 [AsyncHttpClient-1-17] DEBUG org.asynchttpclient.netty.channel.ChannelManager - Adding key: http://localhost:13089 for channel [id: 0xd638e249, L:/127.0.0.1:55297 - R:localhost/127.0.0.1:13089]
13:42:45.378 [Forwarding findElement on session 3659f41497be9ab77f5bbad58c6f1018 to remote] DEBUG org.asynchttpclient.netty.request.NettyRequestSender - Using pooled Channel '[id: 0xd638e249, L:/127.0.0.1:55297 - R:localhost/127.0.0.1:13089]' for 'POST' to 'http://localhost:13089/session/3659f41497be9ab77f5bbad58c6f1018/element'
13:42:45.378 [Forwarding findElement on session 3659f41497be9ab77f5bbad58c6f1018 to remote] DEBUG org.asynchttpclient.netty.request.NettyRequestSender - Using open Channel [id: 0xd638e249, L:/127.0.0.1:55297 - R:localhost/127.0.0.1:13089] for POST '/session/3659f41497be9ab77f5bbad58c6f1018/element'
13:42:45.382 [AsyncHttpClient-1-17] DEBUG org.asynchttpclient.netty.handler.HttpHandler - 

Request DefaultHttpRequest(decodeResult: success, version: HTTP/1.1)
POST /session/3659f41497be9ab77f5bbad58c6f1018/element HTTP/1.1
User-Agent: selenium/4.10.0 (java windows)
Content-Length: 69
Content-Type: application/json; charset=utf-8
host: localhost:13089
accept: */*

Response DefaultHttpResponse(decodeResult: success, version: HTTP/1.1)
HTTP/1.1 200 OK
Content-Length: 95
Content-Type: application/json; charset=utf-8
cache-control: no-cache

13:42:45.382 [AsyncHttpClient-1-17] DEBUG org.asynchttpclient.netty.channel.ChannelManager - Adding key: http://localhost:13089 for channel [id: 0xd638e249, L:/127.0.0.1:55297 - R:localhost/127.0.0.1:13089]
13:42:45.382 [Forwarding getElementText on session 3659f41497be9ab77f5bbad58c6f1018 to remote] DEBUG org.asynchttpclient.netty.request.NettyRequestSender - Using pooled Channel '[id: 0xd638e249, L:/127.0.0.1:55297 - R:localhost/127.0.0.1:13089]' for 'GET' to 'http://localhost:13089/session/3659f41497be9ab77f5bbad58c6f1018/element/9FCAA45D1F277E2184A466B853B8D6EF_element_92/text'
13:42:45.382 [Forwarding getElementText on session 3659f41497be9ab77f5bbad58c6f1018 to remote] DEBUG org.asynchttpclient.netty.request.NettyRequestSender - Using open Channel [id: 0xd638e249, L:/127.0.0.1:55297 - R:localhost/127.0.0.1:13089] for GET '/session/3659f41497be9ab77f5bbad58c6f1018/element/9FCAA45D1F277E2184A466B853B8D6EF_element_92/text'
13:42:45.387 [AsyncHttpClient-1-17] DEBUG org.asynchttpclient.netty.handler.HttpHandler - 

Request DefaultFullHttpRequest(decodeResult: success, version: HTTP/1.1, content: EmptyByteBufBE)
GET /session/3659f41497be9ab77f5bbad58c6f1018/element/9FCAA45D1F277E2184A466B853B8D6EF_element_92/text HTTP/1.1
Cache-Control: no-cache
User-Agent: selenium/4.10.0 (java windows)
Content-Type: application/json; charset=utf-8
host: localhost:13089
accept: */*

Response DefaultHttpResponse(decodeResult: success, version: HTTP/1.1)
HTTP/1.1 200 OK
Content-Length: 24
Content-Type: application/json; charset=utf-8
cache-control: no-cache

13:42:45.387 [AsyncHttpClient-1-17] DEBUG org.asynchttpclient.netty.channel.ChannelManager - Adding key: http://localhost:13089 for channel [id: 0xd638e249, L:/127.0.0.1:55297 - R:localhost/127.0.0.1:13089]
[INFO ] 2023-07-31 13:42:45.388 [main] WebElementActions - Trying to get text value
13:42:45.388 [Forwarding findElement on session 3659f41497be9ab77f5bbad58c6f1018 to remote] DEBUG org.asynchttpclient.netty.request.NettyRequestSender - Using pooled Channel '[id: 0xd638e249, L:/127.0.0.1:55297 - R:localhost/127.0.0.1:13089]' for 'POST' to 'http://localhost:13089/session/3659f41497be9ab77f5bbad58c6f1018/element'
13:42:45.388 [Forwarding findElement on session 3659f41497be9ab77f5bbad58c6f1018 to remote] DEBUG org.asynchttpclient.netty.request.NettyRequestSender - Using open Channel [id: 0xd638e249, L:/127.0.0.1:55297 - R:localhost/127.0.0.1:13089] for POST '/session/3659f41497be9ab77f5bbad58c6f1018/element'
13:42:45.393 [AsyncHttpClient-1-17] DEBUG org.asynchttpclient.netty.handler.HttpHandler - 

Request DefaultHttpRequest(decodeResult: success, version: HTTP/1.1)
POST /session/3659f41497be9ab77f5bbad58c6f1018/element HTTP/1.1
User-Agent: selenium/4.10.0 (java windows)
Content-Length: 69
Content-Type: application/json; charset=utf-8
host: localhost:13089
accept: */*

Response DefaultHttpResponse(decodeResult: success, version: HTTP/1.1)
HTTP/1.1 200 OK
Content-Length: 95
Content-Type: application/json; charset=utf-8
cache-control: no-cache

13:42:45.393 [AsyncHttpClient-1-17] DEBUG org.asynchttpclient.netty.channel.ChannelManager - Adding key: http://localhost:13089 for channel [id: 0xd638e249, L:/127.0.0.1:55297 - R:localhost/127.0.0.1:13089]
13:42:45.394 [Forwarding isElementDisplayed on session 3659f41497be9ab77f5bbad58c6f1018 to remote] DEBUG org.asynchttpclient.netty.request.NettyRequestSender - Using pooled Channel '[id: 0xd638e249, L:/127.0.0.1:55297 - R:localhost/127.0.0.1:13089]' for 'POST' to 'http://localhost:13089/session/3659f41497be9ab77f5bbad58c6f1018/execute/sync'
13:42:45.394 [Forwarding isElementDisplayed on session 3659f41497be9ab77f5bbad58c6f1018 to remote] DEBUG org.asynchttpclient.netty.request.NettyRequestSender - Using open Channel [id: 0xd638e249, L:/127.0.0.1:55297 - R:localhost/127.0.0.1:13089] for POST '/session/3659f41497be9ab77f5bbad58c6f1018/execute/sync'
13:42:45.399 [AsyncHttpClient-1-17] DEBUG org.asynchttpclient.netty.handler.HttpHandler - 

Request DefaultHttpRequest(decodeResult: success, version: HTTP/1.1)
POST /session/3659f41497be9ab77f5bbad58c6f1018/execute/sync HTTP/1.1
User-Agent: selenium/4.10.0 (java windows)
Content-Length: 48814
Content-Type: application/json; charset=utf-8
host: localhost:13089
accept: */*

Response DefaultHttpResponse(decodeResult: success, version: HTTP/1.1)
HTTP/1.1 200 OK
Content-Length: 14
Content-Type: application/json; charset=utf-8
cache-control: no-cache

13:42:45.399 [AsyncHttpClient-1-17] DEBUG org.asynchttpclient.netty.channel.ChannelManager - Adding key: http://localhost:13089 for channel [id: 0xd638e249, L:/127.0.0.1:55297 - R:localhost/127.0.0.1:13089]
13:42:45.400 [Forwarding findElement on session 3659f41497be9ab77f5bbad58c6f1018 to remote] DEBUG org.asynchttpclient.netty.request.NettyRequestSender - Using pooled Channel '[id: 0xd638e249, L:/127.0.0.1:55297 - R:localhost/127.0.0.1:13089]' for 'POST' to 'http://localhost:13089/session/3659f41497be9ab77f5bbad58c6f1018/element'
13:42:45.400 [Forwarding findElement on session 3659f41497be9ab77f5bbad58c6f1018 to remote] DEBUG org.asynchttpclient.netty.request.NettyRequestSender - Using open Channel [id: 0xd638e249, L:/127.0.0.1:55297 - R:localhost/127.0.0.1:13089] for POST '/session/3659f41497be9ab77f5bbad58c6f1018/element'
13:42:45.404 [AsyncHttpClient-1-17] DEBUG org.asynchttpclient.netty.handler.HttpHandler - 

Request DefaultHttpRequest(decodeResult: success, version: HTTP/1.1)
POST /session/3659f41497be9ab77f5bbad58c6f1018/element HTTP/1.1
User-Agent: selenium/4.10.0 (java windows)
Content-Length: 69
Content-Type: application/json; charset=utf-8
host: localhost:13089
accept: */*

Response DefaultHttpResponse(decodeResult: success, version: HTTP/1.1)
HTTP/1.1 200 OK
Content-Length: 95
Content-Type: application/json; charset=utf-8
cache-control: no-cache

13:42:45.404 [AsyncHttpClient-1-17] DEBUG org.asynchttpclient.netty.channel.ChannelManager - Adding key: http://localhost:13089 for channel [id: 0xd638e249, L:/127.0.0.1:55297 - R:localhost/127.0.0.1:13089]
13:42:45.404 [Forwarding getElementText on session 3659f41497be9ab77f5bbad58c6f1018 to remote] DEBUG org.asynchttpclient.netty.request.NettyRequestSender - Using pooled Channel '[id: 0xd638e249, L:/127.0.0.1:55297 - R:localhost/127.0.0.1:13089]' for 'GET' to 'http://localhost:13089/session/3659f41497be9ab77f5bbad58c6f1018/element/9FCAA45D1F277E2184A466B853B8D6EF_element_92/text'
13:42:45.404 [Forwarding getElementText on session 3659f41497be9ab77f5bbad58c6f1018 to remote] DEBUG org.asynchttpclient.netty.request.NettyRequestSender - Using open Channel [id: 0xd638e249, L:/127.0.0.1:55297 - R:localhost/127.0.0.1:13089] for GET '/session/3659f41497be9ab77f5bbad58c6f1018/element/9FCAA45D1F277E2184A466B853B8D6EF_element_92/text'
13:42:45.411 [AsyncHttpClient-1-17] DEBUG org.asynchttpclient.netty.handler.HttpHandler - 

Request DefaultFullHttpRequest(decodeResult: success, version: HTTP/1.1, content: EmptyByteBufBE)
GET /session/3659f41497be9ab77f5bbad58c6f1018/element/9FCAA45D1F277E2184A466B853B8D6EF_element_92/text HTTP/1.1
Cache-Control: no-cache
User-Agent: selenium/4.10.0 (java windows)
Content-Type: application/json; charset=utf-8
host: localhost:13089
accept: */*

Response DefaultHttpResponse(decodeResult: success, version: HTTP/1.1)
HTTP/1.1 200 OK
Content-Length: 24
Content-Type: application/json; charset=utf-8
cache-control: no-cache

13:42:45.411 [AsyncHttpClient-1-17] DEBUG org.asynchttpclient.netty.channel.ChannelManager - Adding key: http://localhost:13089 for channel [id: 0xd638e249, L:/127.0.0.1:55297 - R:localhost/127.0.0.1:13089]
13:42:45.411 [Forwarding findElement on session 3659f41497be9ab77f5bbad58c6f1018 to remote] DEBUG org.asynchttpclient.netty.request.NettyRequestSender - Using pooled Channel '[id: 0xd638e249, L:/127.0.0.1:55297 - R:localhost/127.0.0.1:13089]' for 'POST' to 'http://localhost:13089/session/3659f41497be9ab77f5bbad58c6f1018/element'
13:42:45.411 [Forwarding findElement on session 3659f41497be9ab77f5bbad58c6f1018 to remote] DEBUG org.asynchttpclient.netty.request.NettyRequestSender - Using open Channel [id: 0xd638e249, L:/127.0.0.1:55297 - R:localhost/127.0.0.1:13089] for POST '/session/3659f41497be9ab77f5bbad58c6f1018/element'
13:42:45.419 [AsyncHttpClient-1-17] DEBUG org.asynchttpclient.netty.handler.HttpHandler - 

Request DefaultHttpRequest(decodeResult: success, version: HTTP/1.1)
POST /session/3659f41497be9ab77f5bbad58c6f1018/element HTTP/1.1
User-Agent: selenium/4.10.0 (java windows)
Content-Length: 97
Content-Type: application/json; charset=utf-8
host: localhost:13089
accept: */*

Response DefaultHttpResponse(decodeResult: success, version: HTTP/1.1)
HTTP/1.1 200 OK
Content-Length: 95
Content-Type: application/json; charset=utf-8
cache-control: no-cache

13:42:45.419 [AsyncHttpClient-1-17] DEBUG org.asynchttpclient.netty.channel.ChannelManager - Adding key: http://localhost:13089 for channel [id: 0xd638e249, L:/127.0.0.1:55297 - R:localhost/127.0.0.1:13089]
13:42:45.420 [Forwarding isElementDisplayed on session 3659f41497be9ab77f5bbad58c6f1018 to remote] DEBUG org.asynchttpclient.netty.request.NettyRequestSender - Using pooled Channel '[id: 0xd638e249, L:/127.0.0.1:55297 - R:localhost/127.0.0.1:13089]' for 'POST' to 'http://localhost:13089/session/3659f41497be9ab77f5bbad58c6f1018/execute/sync'
13:42:45.420 [Forwarding isElementDisplayed on session 3659f41497be9ab77f5bbad58c6f1018 to remote] DEBUG org.asynchttpclient.netty.request.NettyRequestSender - Using open Channel [id: 0xd638e249, L:/127.0.0.1:55297 - R:localhost/127.0.0.1:13089] for POST '/session/3659f41497be9ab77f5bbad58c6f1018/execute/sync'
13:42:45.426 [AsyncHttpClient-1-17] DEBUG org.asynchttpclient.netty.handler.HttpHandler - 

Request DefaultHttpRequest(decodeResult: success, version: HTTP/1.1)
POST /session/3659f41497be9ab77f5bbad58c6f1018/execute/sync HTTP/1.1
User-Agent: selenium/4.10.0 (java windows)
Content-Length: 48814
Content-Type: application/json; charset=utf-8
host: localhost:13089
accept: */*

Response DefaultHttpResponse(decodeResult: success, version: HTTP/1.1)
HTTP/1.1 200 OK
Content-Length: 14
Content-Type: application/json; charset=utf-8
cache-control: no-cache

13:42:45.426 [AsyncHttpClient-1-17] DEBUG org.asynchttpclient.netty.channel.ChannelManager - Adding key: http://localhost:13089 for channel [id: 0xd638e249, L:/127.0.0.1:55297 - R:localhost/127.0.0.1:13089]
[INFO ] 2023-07-31 13:42:45.426 [main] WebElementActions - Trying to get text value
13:42:45.426 [Forwarding findElement on session 3659f41497be9ab77f5bbad58c6f1018 to remote] DEBUG org.asynchttpclient.netty.request.NettyRequestSender - Using pooled Channel '[id: 0xd638e249, L:/127.0.0.1:55297 - R:localhost/127.0.0.1:13089]' for 'POST' to 'http://localhost:13089/session/3659f41497be9ab77f5bbad58c6f1018/element'
13:42:45.426 [Forwarding findElement on session 3659f41497be9ab77f5bbad58c6f1018 to remote] DEBUG org.asynchttpclient.netty.request.NettyRequestSender - Using open Channel [id: 0xd638e249, L:/127.0.0.1:55297 - R:localhost/127.0.0.1:13089] for POST '/session/3659f41497be9ab77f5bbad58c6f1018/element'
13:42:45.431 [AsyncHttpClient-1-17] DEBUG org.asynchttpclient.netty.handler.HttpHandler - 

Request DefaultHttpRequest(decodeResult: success, version: HTTP/1.1)
POST /session/3659f41497be9ab77f5bbad58c6f1018/element HTTP/1.1
User-Agent: selenium/4.10.0 (java windows)
Content-Length: 97
Content-Type: application/json; charset=utf-8
host: localhost:13089
accept: */*

Response DefaultHttpResponse(decodeResult: success, version: HTTP/1.1)
HTTP/1.1 200 OK
Content-Length: 95
Content-Type: application/json; charset=utf-8
cache-control: no-cache

13:42:45.431 [AsyncHttpClient-1-17] DEBUG org.asynchttpclient.netty.channel.ChannelManager - Adding key: http://localhost:13089 for channel [id: 0xd638e249, L:/127.0.0.1:55297 - R:localhost/127.0.0.1:13089]
13:42:45.432 [Forwarding isElementDisplayed on session 3659f41497be9ab77f5bbad58c6f1018 to remote] DEBUG org.asynchttpclient.netty.request.NettyRequestSender - Using pooled Channel '[id: 0xd638e249, L:/127.0.0.1:55297 - R:localhost/127.0.0.1:13089]' for 'POST' to 'http://localhost:13089/session/3659f41497be9ab77f5bbad58c6f1018/execute/sync'
13:42:45.432 [Forwarding isElementDisplayed on session 3659f41497be9ab77f5bbad58c6f1018 to remote] DEBUG org.asynchttpclient.netty.request.NettyRequestSender - Using open Channel [id: 0xd638e249, L:/127.0.0.1:55297 - R:localhost/127.0.0.1:13089] for POST '/session/3659f41497be9ab77f5bbad58c6f1018/execute/sync'
13:42:45.438 [AsyncHttpClient-1-17] DEBUG org.asynchttpclient.netty.handler.HttpHandler - 

Request DefaultHttpRequest(decodeResult: success, version: HTTP/1.1)
POST /session/3659f41497be9ab77f5bbad58c6f1018/execute/sync HTTP/1.1
User-Agent: selenium/4.10.0 (java windows)
Content-Length: 48814
Content-Type: application/json; charset=utf-8
host: localhost:13089
accept: */*

Response DefaultHttpResponse(decodeResult: success, version: HTTP/1.1)
HTTP/1.1 200 OK
Content-Length: 14
Content-Type: application/json; charset=utf-8
cache-control: no-cache

13:42:45.438 [AsyncHttpClient-1-17] DEBUG org.asynchttpclient.netty.channel.ChannelManager - Adding key: http://localhost:13089 for channel [id: 0xd638e249, L:/127.0.0.1:55297 - R:localhost/127.0.0.1:13089]
13:42:45.438 [Forwarding findElement on session 3659f41497be9ab77f5bbad58c6f1018 to remote] DEBUG org.asynchttpclient.netty.request.NettyRequestSender - Using pooled Channel '[id: 0xd638e249, L:/127.0.0.1:55297 - R:localhost/127.0.0.1:13089]' for 'POST' to 'http://localhost:13089/session/3659f41497be9ab77f5bbad58c6f1018/element'
13:42:45.438 [Forwarding findElement on session 3659f41497be9ab77f5bbad58c6f1018 to remote] DEBUG org.asynchttpclient.netty.request.NettyRequestSender - Using open Channel [id: 0xd638e249, L:/127.0.0.1:55297 - R:localhost/127.0.0.1:13089] for POST '/session/3659f41497be9ab77f5bbad58c6f1018/element'
13:42:45.443 [AsyncHttpClient-1-17] DEBUG org.asynchttpclient.netty.handler.HttpHandler - 

Request DefaultHttpRequest(decodeResult: success, version: HTTP/1.1)
POST /session/3659f41497be9ab77f5bbad58c6f1018/element HTTP/1.1
User-Agent: selenium/4.10.0 (java windows)
Content-Length: 97
Content-Type: application/json; charset=utf-8
host: localhost:13089
accept: */*

Response DefaultHttpResponse(decodeResult: success, version: HTTP/1.1)
HTTP/1.1 200 OK
Content-Length: 95
Content-Type: application/json; charset=utf-8
cache-control: no-cache

13:42:45.443 [AsyncHttpClient-1-17] DEBUG org.asynchttpclient.netty.channel.ChannelManager - Adding key: http://localhost:13089 for channel [id: 0xd638e249, L:/127.0.0.1:55297 - R:localhost/127.0.0.1:13089]
13:42:45.443 [Forwarding getElementText on session 3659f41497be9ab77f5bbad58c6f1018 to remote] DEBUG org.asynchttpclient.netty.request.NettyRequestSender - Using pooled Channel '[id: 0xd638e249, L:/127.0.0.1:55297 - R:localhost/127.0.0.1:13089]' for 'GET' to 'http://localhost:13089/session/3659f41497be9ab77f5bbad58c6f1018/element/9FCAA45D1F277E2184A466B853B8D6EF_element_93/text'
13:42:45.443 [Forwarding getElementText on session 3659f41497be9ab77f5bbad58c6f1018 to remote] DEBUG org.asynchttpclient.netty.request.NettyRequestSender - Using open Channel [id: 0xd638e249, L:/127.0.0.1:55297 - R:localhost/127.0.0.1:13089] for GET '/session/3659f41497be9ab77f5bbad58c6f1018/element/9FCAA45D1F277E2184A466B853B8D6EF_element_93/text'
13:42:45.456 [AsyncHttpClient-1-17] DEBUG org.asynchttpclient.netty.handler.HttpHandler - 

Request DefaultFullHttpRequest(decodeResult: success, version: HTTP/1.1, content: EmptyByteBufBE)
GET /session/3659f41497be9ab77f5bbad58c6f1018/element/9FCAA45D1F277E2184A466B853B8D6EF_element_93/text HTTP/1.1
Cache-Control: no-cache
User-Agent: selenium/4.10.0 (java windows)
Content-Type: application/json; charset=utf-8
host: localhost:13089
accept: */*

Response DefaultHttpResponse(decodeResult: success, version: HTTP/1.1)
HTTP/1.1 404 Not Found
Content-Length: 1005
Content-Type: application/json; charset=utf-8
cache-control: no-cache

13:42:45.456 [AsyncHttpClient-1-17] DEBUG org.asynchttpclient.netty.channel.ChannelManager - Adding key: http://localhost:13089 for channel [id: 0xd638e249, L:/127.0.0.1:55297 - R:localhost/127.0.0.1:13089]
13:42:45.457 [AsyncHttpClient-1-1] DEBUG org.asynchttpclient.netty.channel.DefaultChannelPool - Entry count for : http://localhost:55298 : 1
13:42:45.457 [AsyncHttpClient-1-1] DEBUG org.asynchttpclient.netty.channel.DefaultChannelPool - Entry count for : http://localhost:13089 : 1
]]></system-out>
    <system-err><![CDATA[июл. 31, 2023 1:42:30 PM org.openqa.selenium.remote.service.DriverService$Builder getLogOutput
INFO: Driver logs no longer sent to console by default; https://www.selenium.dev/documentation/webdriver/drivers/service/#setting-log-output
июл. 31, 2023 1:42:31 PM org.openqa.selenium.devtools.CdpVersionFinder findNearestMatch
WARNING: Unable to find an exact match for CDP version 115, so returning the closest version found: 114
]]></system-err>
  </testcase>
  <testcase name="loginWithEmptyFields" classname="org.OptimaBusTests.uiTests.LoginTests" time="4.103"/>
  <testcase name="loginWithInvalidID" classname="org.OptimaBusTests.uiTests.LoginTests" time="5.455"/>
  <testcase name="loginWithInvalidPassword" classname="org.OptimaBusTests.uiTests.LoginTests" time="6.316"/>
  <testcase name="isEmployeesBtnClickable" classname="org.OptimaBusTests.uiTests.mainPageTests.EmployeesTests" time="35.097">
    <failure message="Expected condition failed: waiting for visibility of Proxy element for: DefaultElementLocator &apos;By.xpath: //a[@href=&apos;/employees&apos;] &apos; (tried for 6 second(s) with 500 milliseconds interval)" type="org.openqa.selenium.TimeoutException">org.openqa.selenium.TimeoutException: Expected condition failed: waiting for visibility of Proxy element for: DefaultElementLocator 'By.xpath: //a[@href='/employees'] ' (tried for 6 second(s) with 500 milliseconds interval)
	at org.OptimaBusTests.uiTests.mainPageTests.EmployeesTests.isEmployeesBtnClickable(EmployeesTests.java:13)
Caused by: org.openqa.selenium.NoSuchElementException: 
no such element: Unable to locate element: {"method":"xpath","selector":"//a[@href='/employees'] "}
  (Session info: chrome=115.0.5790.110)
For documentation on this error, please visit: https://www.selenium.dev/documentation/webdriver/troubleshooting/errors#no-such-element-exception
Build info: version: '4.10.0', revision: 'c14d967899'
System info: os.name: 'Windows 10', os.arch: 'amd64', os.version: '10.0', java.version: '11.0.16.1'
Driver info: org.openqa.selenium.chrome.ChromeDriver
Command: [00c09ade59cc3377faa41a4dd398427e, findElement {using=xpath, value=//a[@href='/employees'] }]
Capabilities {acceptInsecureCerts: false, browserName: chrome, browserVersion: 115.0.5790.110, chrome: {chromedriverVersion: 114.0.5735.90 (386bc09e8f4f..., userDataDir: C:\Users\Asus\AppData\Local...}, goog:chromeOptions: {debuggerAddress: localhost:55339}, networkConnectionEnabled: false, pageLoadStrategy: normal, platformName: windows, proxy: Proxy(), se:cdp: ws://localhost:55339/devtoo..., se:cdpVersion: 115.0.5790.110, setWindowRect: true, strictFileInteractability: false, timeouts: {implicit: 0, pageLoad: 300000, script: 30000}, unhandledPromptBehavior: dismiss and notify, webauthn:extension:credBlob: true, webauthn:extension:largeBlob: true, webauthn:extension:minPinLength: true, webauthn:extension:prf: true, webauthn:virtualAuthenticators: true}
Session ID: 00c09ade59cc3377faa41a4dd398427e
	at org.OptimaBusTests.uiTests.mainPageTests.EmployeesTests.isEmployeesBtnClickable(EmployeesTests.java:13)
</failure>
    <system-out><![CDATA[13:43:01.333 [Forwarding close on session 3659f41497be9ab77f5bbad58c6f1018 to remote] DEBUG org.asynchttpclient.netty.request.NettyRequestSender - Using pooled Channel '[id: 0xd638e249, L:/127.0.0.1:55297 - R:localhost/127.0.0.1:13089]' for 'DELETE' to 'http://localhost:13089/session/3659f41497be9ab77f5bbad58c6f1018/window'
13:43:01.333 [Forwarding close on session 3659f41497be9ab77f5bbad58c6f1018 to remote] DEBUG org.asynchttpclient.netty.request.NettyRequestSender - Using open Channel [id: 0xd638e249, L:/127.0.0.1:55297 - R:localhost/127.0.0.1:13089] for DELETE '/session/3659f41497be9ab77f5bbad58c6f1018/window'
13:43:01.361 [AsyncHttpClient-1-18] DEBUG org.asynchttpclient.netty.handler.HttpHandler - Channel Closed: [id: 0xb16919e7, L:/127.0.0.1:55304 ! R:localhost/127.0.0.1:55298] with attribute DISCARD
13:43:01.361 [AsyncHttpClient-1-19] DEBUG org.asynchttpclient.netty.handler.WebSocketHandler - Channel Closed: [id: 0x251ced7c, L:/127.0.0.1:55305 ! R:localhost/127.0.0.1:55298] with attribute NettyResponseFuture{currentRetry=0,
	isDone=1,
	isCancelled=0,
	asyncHandler=org.asynchttpclient.ws.WebSocketUpgradeHandler@35a5e2e8,
	nettyRequest=org.asynchttpclient.netty.request.NettyRequest@70a77a38,
	future=java.util.concurrent.CompletableFuture@23653cfd[Completed normally],
	uri=ws://localhost:55298/devtools/browser/f1cd0c3f-05a6-4746-b05f-7698535e1a4f,
	keepAlive=true,
	redirectCount=0,
	timeoutsHolder=null,
	inAuth=0,
	touch=1690789351444}
13:43:01.361 [AsyncHttpClient-1-19] DEBUG org.asynchttpclient.netty.channel.ChannelManager - Closing Channel [id: 0x251ced7c, L:/127.0.0.1:55305 ! R:localhost/127.0.0.1:55298] 
13:43:01.407 [AsyncHttpClient-1-17] DEBUG org.asynchttpclient.netty.handler.HttpHandler - 

Request DefaultFullHttpRequest(decodeResult: success, version: HTTP/1.1, content: EmptyByteBufBE)
DELETE /session/3659f41497be9ab77f5bbad58c6f1018/window HTTP/1.1
User-Agent: selenium/4.10.0 (java windows)
Content-Type: application/json; charset=utf-8
host: localhost:13089
accept: */*

Response DefaultHttpResponse(decodeResult: success, version: HTTP/1.1)
HTTP/1.1 200 OK
Content-Length: 12
Content-Type: application/json; charset=utf-8
cache-control: no-cache

13:43:01.407 [AsyncHttpClient-1-17] DEBUG org.asynchttpclient.netty.channel.ChannelManager - Adding key: http://localhost:13089 for channel [id: 0xd638e249, L:/127.0.0.1:55297 - R:localhost/127.0.0.1:13089]
13:43:01.408 [Driver Command Executor] DEBUG org.asynchttpclient.netty.request.NettyRequestSender - Using pooled Channel '[id: 0xd638e249, L:/127.0.0.1:55297 - R:localhost/127.0.0.1:13089]' for 'DELETE' to 'http://localhost:13089/session/3659f41497be9ab77f5bbad58c6f1018'
13:43:01.408 [Driver Command Executor] DEBUG org.asynchttpclient.netty.request.NettyRequestSender - Using open Channel [id: 0xd638e249, L:/127.0.0.1:55297 - R:localhost/127.0.0.1:13089] for DELETE '/session/3659f41497be9ab77f5bbad58c6f1018'
13:43:01.461 [AsyncHttpClient-1-17] DEBUG org.asynchttpclient.netty.handler.HttpHandler - 

Request DefaultFullHttpRequest(decodeResult: success, version: HTTP/1.1, content: EmptyByteBufBE)
DELETE /session/3659f41497be9ab77f5bbad58c6f1018 HTTP/1.1
User-Agent: selenium/4.10.0 (java windows)
Content-Type: application/json; charset=utf-8
host: localhost:13089
accept: */*

Response DefaultHttpResponse(decodeResult: success, version: HTTP/1.1)
HTTP/1.1 200 OK
Content-Length: 14
Content-Type: application/json; charset=utf-8
cache-control: no-cache

13:43:01.461 [AsyncHttpClient-1-17] DEBUG org.asynchttpclient.netty.channel.ChannelManager - Adding key: http://localhost:13089 for channel [id: 0xd638e249, L:/127.0.0.1:55297 - R:localhost/127.0.0.1:13089]
13:43:01.463 [AsyncHttpClient-1-17] DEBUG org.asynchttpclient.netty.handler.HttpHandler - Channel Closed: [id: 0xd638e249, L:/127.0.0.1:55297 ! R:localhost/127.0.0.1:13089] with attribute DISCARD
[WARN ] 2023-07-31 13:43:01.524 [main] Driver - Starting Chromedriver
13:43:01.534 [main] DEBUG org.apache.hc.client5.http.impl.classic.InternalHttpClient - ex-0000000025 preparing request execution
13:43:01.534 [main] DEBUG org.apache.hc.client5.http.impl.classic.ProtocolExec - ex-0000000025 target auth state: UNCHALLENGED
13:43:01.534 [main] DEBUG org.apache.hc.client5.http.impl.classic.ProtocolExec - ex-0000000025 proxy auth state: UNCHALLENGED
13:43:01.534 [main] DEBUG org.apache.hc.client5.http.impl.classic.ConnectExec - ex-0000000025 acquiring connection with route {s}->https://raw.githubusercontent.com:443
13:43:01.534 [main] DEBUG org.apache.hc.client5.http.impl.classic.InternalHttpClient - ex-0000000025 acquiring endpoint (3 MINUTES)
13:43:01.534 [main] DEBUG org.apache.hc.client5.http.impl.io.PoolingHttpClientConnectionManager - ex-0000000025 endpoint lease request (3 MINUTES) [route: {s}->https://raw.githubusercontent.com:443][total available: 0; route allocated: 0 of 5; total allocated: 0 of 25]
13:43:01.534 [main] DEBUG org.apache.hc.client5.http.impl.io.PoolingHttpClientConnectionManager - ex-0000000025 endpoint leased [route: {s}->https://raw.githubusercontent.com:443][total available: 0; route allocated: 1 of 5; total allocated: 1 of 25]
13:43:01.534 [main] DEBUG org.apache.hc.client5.http.impl.io.PoolingHttpClientConnectionManager - ex-0000000025 acquired ep-0000000025
13:43:01.534 [main] DEBUG org.apache.hc.client5.http.impl.classic.InternalHttpClient - ex-0000000025 acquired endpoint ep-0000000025
13:43:01.534 [main] DEBUG org.apache.hc.client5.http.impl.classic.ConnectExec - ex-0000000025 opening connection {s}->https://raw.githubusercontent.com:443
13:43:01.534 [main] DEBUG org.apache.hc.client5.http.impl.classic.InternalHttpClient - ep-0000000025 connecting endpoint (null)
13:43:01.534 [main] DEBUG org.apache.hc.client5.http.impl.io.PoolingHttpClientConnectionManager - ep-0000000025 connecting endpoint to https://raw.githubusercontent.com:443 (30 SECONDS)
13:43:01.534 [main] DEBUG org.apache.hc.client5.http.impl.io.DefaultHttpClientConnectionOperator - raw.githubusercontent.com resolving remote address
13:43:01.534 [main] DEBUG org.apache.hc.client5.http.impl.io.DefaultHttpClientConnectionOperator - raw.githubusercontent.com resolved to [raw.githubusercontent.com/185.199.108.133, raw.githubusercontent.com/185.199.110.133, raw.githubusercontent.com/185.199.111.133, raw.githubusercontent.com/185.199.109.133]
13:43:01.534 [main] DEBUG org.apache.hc.client5.http.impl.io.DefaultHttpClientConnectionOperator - raw.githubusercontent.com:443 connecting null->raw.githubusercontent.com/185.199.108.133:443 (30 SECONDS)
13:43:01.534 [main] DEBUG org.apache.hc.client5.http.ssl.SSLConnectionSocketFactory - Connecting socket to raw.githubusercontent.com/185.199.108.133:443 with timeout 30 SECONDS
13:43:01.768 [main] DEBUG org.apache.hc.client5.http.ssl.SSLConnectionSocketFactory - Enabled protocols: [TLSv1.3, TLSv1.2]
13:43:01.768 [main] DEBUG org.apache.hc.client5.http.ssl.SSLConnectionSocketFactory - Enabled cipher suites: [TLS_AES_256_GCM_SHA384, TLS_AES_128_GCM_SHA256, TLS_CHACHA20_POLY1305_SHA256, TLS_ECDHE_ECDSA_WITH_AES_256_GCM_SHA384, TLS_ECDHE_ECDSA_WITH_AES_128_GCM_SHA256, TLS_ECDHE_ECDSA_WITH_CHACHA20_POLY1305_SHA256, TLS_ECDHE_RSA_WITH_AES_256_GCM_SHA384, TLS_ECDHE_RSA_WITH_CHACHA20_POLY1305_SHA256, TLS_ECDHE_RSA_WITH_AES_128_GCM_SHA256, TLS_DHE_RSA_WITH_AES_256_GCM_SHA384, TLS_DHE_RSA_WITH_CHACHA20_POLY1305_SHA256, TLS_DHE_DSS_WITH_AES_256_GCM_SHA384, TLS_DHE_RSA_WITH_AES_128_GCM_SHA256, TLS_DHE_DSS_WITH_AES_128_GCM_SHA256, TLS_ECDHE_ECDSA_WITH_AES_256_CBC_SHA384, TLS_ECDHE_RSA_WITH_AES_256_CBC_SHA384, TLS_ECDHE_ECDSA_WITH_AES_128_CBC_SHA256, TLS_ECDHE_RSA_WITH_AES_128_CBC_SHA256, TLS_DHE_RSA_WITH_AES_256_CBC_SHA256, TLS_DHE_DSS_WITH_AES_256_CBC_SHA256, TLS_DHE_RSA_WITH_AES_128_CBC_SHA256, TLS_DHE_DSS_WITH_AES_128_CBC_SHA256, TLS_ECDH_ECDSA_WITH_AES_256_GCM_SHA384, TLS_ECDH_RSA_WITH_AES_256_GCM_SHA384, TLS_ECDH_ECDSA_WITH_AES_128_GCM_SHA256, TLS_ECDH_RSA_WITH_AES_128_GCM_SHA256, TLS_ECDH_ECDSA_WITH_AES_256_CBC_SHA384, TLS_ECDH_RSA_WITH_AES_256_CBC_SHA384, TLS_ECDH_ECDSA_WITH_AES_128_CBC_SHA256, TLS_ECDH_RSA_WITH_AES_128_CBC_SHA256, TLS_ECDHE_ECDSA_WITH_AES_256_CBC_SHA, TLS_ECDHE_RSA_WITH_AES_256_CBC_SHA, TLS_ECDHE_ECDSA_WITH_AES_128_CBC_SHA, TLS_ECDHE_RSA_WITH_AES_128_CBC_SHA, TLS_DHE_RSA_WITH_AES_256_CBC_SHA, TLS_DHE_DSS_WITH_AES_256_CBC_SHA, TLS_DHE_RSA_WITH_AES_128_CBC_SHA, TLS_DHE_DSS_WITH_AES_128_CBC_SHA, TLS_ECDH_ECDSA_WITH_AES_256_CBC_SHA, TLS_ECDH_RSA_WITH_AES_256_CBC_SHA, TLS_ECDH_ECDSA_WITH_AES_128_CBC_SHA, TLS_ECDH_RSA_WITH_AES_128_CBC_SHA, TLS_RSA_WITH_AES_256_GCM_SHA384, TLS_RSA_WITH_AES_128_GCM_SHA256, TLS_RSA_WITH_AES_256_CBC_SHA256, TLS_RSA_WITH_AES_128_CBC_SHA256, TLS_RSA_WITH_AES_256_CBC_SHA, TLS_RSA_WITH_AES_128_CBC_SHA, TLS_EMPTY_RENEGOTIATION_INFO_SCSV]
13:43:01.768 [main] DEBUG org.apache.hc.client5.http.ssl.SSLConnectionSocketFactory - Starting handshake (null)
13:43:01.962 [main] DEBUG org.apache.hc.client5.http.ssl.SSLConnectionSocketFactory - Secure session established
13:43:01.962 [main] DEBUG org.apache.hc.client5.http.ssl.SSLConnectionSocketFactory -  negotiated protocol: TLSv1.3
13:43:01.962 [main] DEBUG org.apache.hc.client5.http.ssl.SSLConnectionSocketFactory -  negotiated cipher suite: TLS_AES_256_GCM_SHA384
13:43:01.962 [main] DEBUG org.apache.hc.client5.http.ssl.SSLConnectionSocketFactory -  peer principal: CN=*.github.io, O="GitHub, Inc.", L=San Francisco, ST=California, C=US
13:43:01.962 [main] DEBUG org.apache.hc.client5.http.ssl.SSLConnectionSocketFactory -  peer alternative names: [*.github.io, github.io, *.github.com, github.com, www.github.com, *.githubusercontent.com, githubusercontent.com]
13:43:01.962 [main] DEBUG org.apache.hc.client5.http.ssl.SSLConnectionSocketFactory -  issuer principal: CN=DigiCert TLS RSA SHA256 2020 CA1, O=DigiCert Inc, C=US
13:43:01.962 [main] DEBUG org.apache.hc.client5.http.impl.io.DefaultManagedHttpClientConnection - http-outgoing-18 set socket timeout to 3 MINUTES
13:43:01.962 [main] DEBUG org.apache.hc.client5.http.impl.io.DefaultHttpClientConnectionOperator - raw.githubusercontent.com:443 connected null->raw.githubusercontent.com/185.199.108.133:443 as http-outgoing-18
13:43:01.962 [main] DEBUG org.apache.hc.client5.http.impl.io.PoolingHttpClientConnectionManager - ep-0000000025 connected http-outgoing-18
13:43:01.962 [main] DEBUG org.apache.hc.client5.http.impl.classic.InternalHttpClient - ep-0000000025 endpoint connected
13:43:01.962 [main] DEBUG org.apache.hc.client5.http.impl.classic.MainClientExec - ex-0000000025 executing GET /bonigarcia/webdrivermanager/master/src/main/resources/commands.properties HTTP/1.1
13:43:01.962 [main] DEBUG org.apache.hc.client5.http.protocol.RequestAddCookies - ex-0000000025 Cookie spec selected: strict
13:43:01.962 [main] DEBUG org.apache.hc.client5.http.impl.classic.InternalHttpClient - ep-0000000025 start execution ex-0000000025
13:43:01.962 [main] DEBUG org.apache.hc.client5.http.impl.io.PoolingHttpClientConnectionManager - ep-0000000025 executing exchange ex-0000000025 over http-outgoing-18
13:43:01.962 [main] DEBUG org.apache.hc.client5.http.headers - http-outgoing-18 >> GET /bonigarcia/webdrivermanager/master/src/main/resources/commands.properties HTTP/1.1
13:43:01.962 [main] DEBUG org.apache.hc.client5.http.headers - http-outgoing-18 >> user-agent: Apache-HttpClient/5.0
13:43:01.962 [main] DEBUG org.apache.hc.client5.http.headers - http-outgoing-18 >> accept-encoding: gzip, deflate, br
13:43:01.962 [main] DEBUG org.apache.hc.client5.http.headers - http-outgoing-18 >> cache-control: max-age=0
13:43:01.962 [main] DEBUG org.apache.hc.client5.http.headers - http-outgoing-18 >> connection: keep-alive
13:43:01.962 [main] DEBUG org.apache.hc.client5.http.headers - http-outgoing-18 >> Host: raw.githubusercontent.com
13:43:01.962 [main] DEBUG org.apache.hc.client5.http.wire - http-outgoing-18 >> "GET /bonigarcia/webdrivermanager/master/src/main/resources/commands.properties HTTP/1.1[\r][\n]"
13:43:01.962 [main] DEBUG org.apache.hc.client5.http.wire - http-outgoing-18 >> "user-agent: Apache-HttpClient/5.0[\r][\n]"
13:43:01.962 [main] DEBUG org.apache.hc.client5.http.wire - http-outgoing-18 >> "accept-encoding: gzip, deflate, br[\r][\n]"
13:43:01.962 [main] DEBUG org.apache.hc.client5.http.wire - http-outgoing-18 >> "cache-control: max-age=0[\r][\n]"
13:43:01.962 [main] DEBUG org.apache.hc.client5.http.wire - http-outgoing-18 >> "connection: keep-alive[\r][\n]"
13:43:01.962 [main] DEBUG org.apache.hc.client5.http.wire - http-outgoing-18 >> "Host: raw.githubusercontent.com[\r][\n]"
13:43:01.962 [main] DEBUG org.apache.hc.client5.http.wire - http-outgoing-18 >> "[\r][\n]"
13:43:01.964 [AsyncHttpClient-1-1] DEBUG org.asynchttpclient.netty.channel.DefaultChannelPool - Entry count for : http://localhost:55298 : 1
13:43:01.964 [AsyncHttpClient-1-1] DEBUG org.asynchttpclient.netty.channel.DefaultChannelPool - Entry count for : http://localhost:13089 : 1
13:43:01.964 [AsyncHttpClient-1-1] DEBUG org.asynchttpclient.netty.channel.DefaultChannelPool - Adding Candidate expired Channel [id: 0xb16919e7, L:/127.0.0.1:55304 ! R:localhost/127.0.0.1:55298] isIdleTimeoutExpired=false isRemotelyClosed=true isTtlExpired=false
13:43:01.964 [AsyncHttpClient-1-1] DEBUG org.asynchttpclient.netty.channel.DefaultChannelPool - Closing Idle Channel [id: 0xb16919e7, L:/127.0.0.1:55304 ! R:localhost/127.0.0.1:55298]
13:43:01.964 [AsyncHttpClient-1-1] DEBUG org.asynchttpclient.netty.channel.DefaultChannelPool - Adding Candidate expired Channel [id: 0xd638e249, L:/127.0.0.1:55297 ! R:localhost/127.0.0.1:13089] isIdleTimeoutExpired=false isRemotelyClosed=true isTtlExpired=false
13:43:01.964 [AsyncHttpClient-1-1] DEBUG org.asynchttpclient.netty.channel.DefaultChannelPool - Closing Idle Channel [id: 0xd638e249, L:/127.0.0.1:55297 ! R:localhost/127.0.0.1:13089]
13:43:01.964 [AsyncHttpClient-1-1] DEBUG org.asynchttpclient.netty.channel.DefaultChannelPool - Closed 2 connections out of 2 in 0 ms
13:43:02.137 [main] DEBUG org.apache.hc.client5.http.wire - http-outgoing-18 << "HTTP/1.1 200 OK[\r][\n]"
13:43:02.137 [main] DEBUG org.apache.hc.client5.http.wire - http-outgoing-18 << "Connection: keep-alive[\r][\n]"
13:43:02.137 [main] DEBUG org.apache.hc.client5.http.wire - http-outgoing-18 << "Content-Length: 723[\r][\n]"
13:43:02.137 [main] DEBUG org.apache.hc.client5.http.wire - http-outgoing-18 << "Cache-Control: max-age=300[\r][\n]"
13:43:02.137 [main] DEBUG org.apache.hc.client5.http.wire - http-outgoing-18 << "Content-Security-Policy: default-src 'none'; style-src 'unsafe-inline'; sandbox[\r][\n]"
13:43:02.137 [main] DEBUG org.apache.hc.client5.http.wire - http-outgoing-18 << "Content-Type: text/plain; charset=utf-8[\r][\n]"
13:43:02.137 [main] DEBUG org.apache.hc.client5.http.wire - http-outgoing-18 << "ETag: W/"e82b438271e9e8680c688b0b680efd0bdd22faa6d6f0a32fc1fd8accc486b67e"[\r][\n]"
13:43:02.137 [main] DEBUG org.apache.hc.client5.http.wire - http-outgoing-18 << "Strict-Transport-Security: max-age=31536000[\r][\n]"
13:43:02.137 [main] DEBUG org.apache.hc.client5.http.wire - http-outgoing-18 << "X-Content-Type-Options: nosniff[\r][\n]"
13:43:02.137 [main] DEBUG org.apache.hc.client5.http.wire - http-outgoing-18 << "X-Frame-Options: deny[\r][\n]"
13:43:02.137 [main] DEBUG org.apache.hc.client5.http.wire - http-outgoing-18 << "X-XSS-Protection: 1; mode=block[\r][\n]"
13:43:02.137 [main] DEBUG org.apache.hc.client5.http.wire - http-outgoing-18 << "X-GitHub-Request-Id: 0DA8:ACC3:529747:55C146:64C1CDEC[\r][\n]"
13:43:02.137 [main] DEBUG org.apache.hc.client5.http.wire - http-outgoing-18 << "Content-Encoding: gzip[\r][\n]"
13:43:02.137 [main] DEBUG org.apache.hc.client5.http.wire - http-outgoing-18 << "Accept-Ranges: bytes[\r][\n]"
13:43:02.137 [main] DEBUG org.apache.hc.client5.http.wire - http-outgoing-18 << "Date: Mon, 31 Jul 2023 07:43:00 GMT[\r][\n]"
13:43:02.137 [main] DEBUG org.apache.hc.client5.http.wire - http-outgoing-18 << "Via: 1.1 varnish[\r][\n]"
13:43:02.137 [main] DEBUG org.apache.hc.client5.http.wire - http-outgoing-18 << "X-Served-By: cache-fra-eddf8230075-FRA[\r][\n]"
13:43:02.137 [main] DEBUG org.apache.hc.client5.http.wire - http-outgoing-18 << "X-Cache: HIT[\r][\n]"
13:43:02.137 [main] DEBUG org.apache.hc.client5.http.wire - http-outgoing-18 << "X-Cache-Hits: 7[\r][\n]"
13:43:02.137 [main] DEBUG org.apache.hc.client5.http.wire - http-outgoing-18 << "X-Timer: S1690789381.591115,VS0,VE0[\r][\n]"
13:43:02.137 [main] DEBUG org.apache.hc.client5.http.wire - http-outgoing-18 << "Vary: Authorization,Accept-Encoding,Origin[\r][\n]"
13:43:02.137 [main] DEBUG org.apache.hc.client5.http.wire - http-outgoing-18 << "Access-Control-Allow-Origin: *[\r][\n]"
13:43:02.137 [main] DEBUG org.apache.hc.client5.http.wire - http-outgoing-18 << "Cross-Origin-Resource-Policy: cross-origin[\r][\n]"
13:43:02.137 [main] DEBUG org.apache.hc.client5.http.wire - http-outgoing-18 << "X-Fastly-Request-ID: e1e96c7d5bd3ea168434d6c9e08a4c8a03b60d90[\r][\n]"
13:43:02.137 [main] DEBUG org.apache.hc.client5.http.wire - http-outgoing-18 << "Expires: Mon, 31 Jul 2023 07:48:00 GMT[\r][\n]"
13:43:02.137 [main] DEBUG org.apache.hc.client5.http.wire - http-outgoing-18 << "Source-Age: 193[\r][\n]"
13:43:02.137 [main] DEBUG org.apache.hc.client5.http.wire - http-outgoing-18 << "[\r][\n]"
13:43:02.137 [main] DEBUG org.apache.hc.client5.http.headers - http-outgoing-18 << HTTP/1.1 200 OK
13:43:02.137 [main] DEBUG org.apache.hc.client5.http.headers - http-outgoing-18 << Connection: keep-alive
13:43:02.137 [main] DEBUG org.apache.hc.client5.http.headers - http-outgoing-18 << Content-Length: 723
13:43:02.137 [main] DEBUG org.apache.hc.client5.http.headers - http-outgoing-18 << Cache-Control: max-age=300
13:43:02.137 [main] DEBUG org.apache.hc.client5.http.headers - http-outgoing-18 << Content-Security-Policy: default-src 'none'; style-src 'unsafe-inline'; sandbox
13:43:02.137 [main] DEBUG org.apache.hc.client5.http.headers - http-outgoing-18 << Content-Type: text/plain; charset=utf-8
13:43:02.137 [main] DEBUG org.apache.hc.client5.http.headers - http-outgoing-18 << ETag: W/"e82b438271e9e8680c688b0b680efd0bdd22faa6d6f0a32fc1fd8accc486b67e"
13:43:02.137 [main] DEBUG org.apache.hc.client5.http.headers - http-outgoing-18 << Strict-Transport-Security: max-age=31536000
13:43:02.137 [main] DEBUG org.apache.hc.client5.http.headers - http-outgoing-18 << X-Content-Type-Options: nosniff
13:43:02.137 [main] DEBUG org.apache.hc.client5.http.headers - http-outgoing-18 << X-Frame-Options: deny
13:43:02.137 [main] DEBUG org.apache.hc.client5.http.headers - http-outgoing-18 << X-XSS-Protection: 1; mode=block
13:43:02.137 [main] DEBUG org.apache.hc.client5.http.headers - http-outgoing-18 << X-GitHub-Request-Id: 0DA8:ACC3:529747:55C146:64C1CDEC
13:43:02.137 [main] DEBUG org.apache.hc.client5.http.headers - http-outgoing-18 << Content-Encoding: gzip
13:43:02.137 [main] DEBUG org.apache.hc.client5.http.headers - http-outgoing-18 << Accept-Ranges: bytes
13:43:02.137 [main] DEBUG org.apache.hc.client5.http.headers - http-outgoing-18 << Date: Mon, 31 Jul 2023 07:43:00 GMT
13:43:02.137 [main] DEBUG org.apache.hc.client5.http.headers - http-outgoing-18 << Via: 1.1 varnish
13:43:02.137 [main] DEBUG org.apache.hc.client5.http.headers - http-outgoing-18 << X-Served-By: cache-fra-eddf8230075-FRA
13:43:02.137 [main] DEBUG org.apache.hc.client5.http.headers - http-outgoing-18 << X-Cache: HIT
13:43:02.137 [main] DEBUG org.apache.hc.client5.http.headers - http-outgoing-18 << X-Cache-Hits: 7
13:43:02.137 [main] DEBUG org.apache.hc.client5.http.headers - http-outgoing-18 << X-Timer: S1690789381.591115,VS0,VE0
13:43:02.137 [main] DEBUG org.apache.hc.client5.http.headers - http-outgoing-18 << Vary: Authorization,Accept-Encoding,Origin
13:43:02.137 [main] DEBUG org.apache.hc.client5.http.headers - http-outgoing-18 << Access-Control-Allow-Origin: *
13:43:02.137 [main] DEBUG org.apache.hc.client5.http.headers - http-outgoing-18 << Cross-Origin-Resource-Policy: cross-origin
13:43:02.137 [main] DEBUG org.apache.hc.client5.http.headers - http-outgoing-18 << X-Fastly-Request-ID: e1e96c7d5bd3ea168434d6c9e08a4c8a03b60d90
13:43:02.137 [main] DEBUG org.apache.hc.client5.http.headers - http-outgoing-18 << Expires: Mon, 31 Jul 2023 07:48:00 GMT
13:43:02.137 [main] DEBUG org.apache.hc.client5.http.headers - http-outgoing-18 << Source-Age: 193
13:43:02.138 [main] DEBUG org.apache.hc.client5.http.impl.classic.MainClientExec - ex-0000000025 connection can be kept alive for 3 MINUTES
13:43:02.138 [main] DEBUG org.apache.hc.client5.http.wire - http-outgoing-18 << "[0x1f][0xffffff8b][0x8][0x0][0x0][0x0][0x0][0x0][0x0][0x3][0xffffffb5]V]o[0xffffffda]0[0x14]}[0xffffffe7]W\[0xffffff81]*[0xffffffb5][0x12][0x1f][[M[0xffffffd3]$[0x1e]hF[0xffffffbb]i [0x18][0xffffffb4][0xffffffdd]&[0xfffffff9][0xffffffc5]$7[0xffffffc1]R[0x12]#;[0xffffff94]v[0xffffffbf]~[0xffffffb6][0xfffffff3]1[0xffffff92][0xffffff9a][0xffffffc1][0x1a]x[0xffffffcb][0xffffffb5][0xffffffaf][0xffffffcf]9[0xffffffbe][0xfffffff7]8v[0xb][0x1c][0x1e]E4[0xfffffff6]$x4[0xffffffa1][0xb]*[0xffffffb1][0xffffffd1][0xffffff82][0xfffffffb]%[0xffffff93][0xffffffe0][0xffffffb3][0x10][0xffffffc1][0xffffffe5]qBY,!Y[0xffffffea] KM8,[0x10][0xfffffff0][0x19][0xffffffdd]u[0xffffff82][0x1e][0xffffffb0][0xffffffd8]L[0xffffffcb]%[0xffffff86][0xffffffa1][0xe][0xffffffb8][0xfffffff0]P[0xffffffe8]$[0xf][0x13]t[0x13]3[0xfffffff9][0xffffff84]B2[0xffffffae][0xffffffe6]|@[0xfffffff5][0x1d][0x8][0xffffffc4][0x18][0x16][0xffffff82]o[0xffffffa4][0xffffff9a]P[0xffffff94][0xffffffe7][0xffffffce]R[0xfffffff0][0x8][0xffffffdb]p[0xffffffcb][0x4][0xfffffffa][0xfffffffc][0xffffffb9][\r][0xffffff93][0x15][\n]"
13:43:02.138 [main] DEBUG org.apache.hc.client5.http.wire - http-outgoing-18 << "[0xffffffda][0xffffff86][0xffffffa1][0x17][0xffffffa8]Q3[0xffffffcb][0xffffffd6][0xffffffd1][0xffffff85][0xffffffc6][0xfffffff7][0xffffff98][0xffffffef][0xffffffa3][0xffffffc0]8[0x1][0xffffffae]s[0x12][0x16][0x7] _d[0xffffff82][0xffffff91][0xffffff84][0xfffffff3][0x1f],[0xfffffff6][0x14]j[0x1b]F,^+[0xffffff98]1ua2[0xffffffbf]h([0xffffff8e][0xffffff94][0xffffffa2][0xffffff91]m[0xffffffa3][0xffffffeb][0xffffff9a][0xffffffb0][0xffffffbb]I[0x17]t[0xffffffdf][0xffffffbd][0xffffffef][0xffffffbb][0xffffff91][0xffffffd7]U[0xffffffbb][0xffffff82][0xffffff9e][0x3][0xffffff9b][0xffffff88][0xffffffb9][0xffffffa6]$[0xffffffa6][0xc][0xffffff9b][0xffffffa5][0xffffffe2][0xffffff83][0xffffff98]F[0xffffffd8]o[0xffffff9e]Mg[0xffffff93][0xffffffbb][0xffffffd9]`|[0xfffffffb]u4[0xffffff9c][0x7f]"}B[0xffffffce][0x8][0xffffffb9][0xffffffe3]<[0x8][0xffffff91][0xffffff90][0xffffff94][0xffffff82][0xffffff90][0xffffffc1]j[0x15]2WI[0xffffffe3]1![0x19][0xffffff91]BnB[0xffffff80][0x9]<f[0xffffffb5][0xffffffe8]=[0xffffffd1]p[0xffffffbd][[0xffffffcf][0xffffffe5][0x1b][0xfffffff4][0xffffff9c][0xffffffff][0xfffffffc][0xfffffff8][0xffffffe1][0xffffffe2][0xffffff94][0xffffffa2][0xffffffae][0xe][0x14]5[0xffffff9a]8[0xffffff83][0xffffffd1]`:[0xfffffffd]<[0xffffffb8][0x1f][0xffffff9c]R[0xffffffcf]u[0x7f]6[0xffffffbc][0xffffff83][0xffffffef][0xf][0xffffffc3][0xffffffd9]/[0xfffffff8][0xfffffff2][0xffffffcd]y s[0xffffffee]'[0x1b]*0g[0xffffffcb][0xffffffc8]nF7H][0xffffff83][0xffffff97]{[0xffffffb1]Q[0x5][\r][0xffffffb5]c[0xffffffb4][0xf][0x2][0xffffffb3][0xffffffb4][0xffffff93][0xe]C[0xffffffa7][0xffffffb3]kAD][0xffffff9d][0xffffffde][0xffffffdb][0xffffffda][0xffffff88][0xffffffec][0xffffffa5][0xffffffbc][0xffffff99][0xffffffd9][0xffffffba]t[0xffffffb5][0xffffffea]9[0xffffffea][0x10])[0xffffffb7][0xffffffca][0xffffff9e][0xfffffff2][0xffffffe2]d^N[0xffffffd8]FW[0x16][0xffffffcd][0xffffffdc]_[0x10][0xfffffff9]i|[0x1c][0xffffff93][0xffffff8e][0xfffffff9]o[0x16][0xffffff86]4'!$G[0xffffffdf]W[0xfffffff4]W*j[[0xfffffff3]xR[0xffffffae][0xffffffb6][0xc][0xffffffd0],; #[0xffffffa9][0xffffff92]5[0xffffffb5][0x7][0xffffff9c][0xffffffb5][0xffffffd0][0x7f][0xffffff90][0xffffffc7]jgs[0xfffffffc][0xffffffc2][0xb][0xffffffd9][0x0]t[0xffffff9e]^'Y[0xfffffffb][0xffffff9f][0xffffffb1][0xffffffd8]:[0xffffffbf][0xffffff8d][0xffffffa5][0xffffff9a][0xffffffad][0x7f]m[0x5]&[0xffffffaa][0xffffffa0]^[0xffffff9b][0xffffffcb][0x5]f[0xffffffae][0xffffffe0]RU[0xffffff82][0x10]MS9l[0xffffff91]4t[0xfffffffb][0xffffff8a]][0xffffffd6][0xfffffff4][0xffffff96][0xffffffa6][0xffffff9f]P[0xffffffce][0xffffffd5][0xffffffce][0xffffff93][0xffffffff][0xffffff97][0xffffffcc]p[0xfffffffd][0xfffffff3][0xffffffe8][0x1b][0xffffffcc][0xffffffa2][0xffffffd9]Q[0xffffffbe][0xffffffb2][0xffffffa3][0xffffffc7]m'[0xffffffdf][0xffffffe4][[0xfffffffb]^[0xffffffb0][0xffffff9a][0xffffffbe][0xffffffda][0xffffffda]_[0xffffffce][0xffffff80][0xffffffd2][0xffffffc1]7[0xffffffb7]][0xffffffc1]b[0xffffffee][0xffffffb5][0xffffffff]w[0xffffff83][0xffffffed][0xffffffa7];[0x15]<[0x10]4[0xffffff92][0xffffff84][0x18][\n]"
13:43:02.138 [main] DEBUG org.apache.hc.client5.http.wire - http-outgoing-18 << "BB[0xffffffba][0xffffff8e]][0xffffffb5]jo[0xffffffb9]+"[0xffffffea][0xffffffb4][0xffffffff]h"[0xffffffea]\?5[0xffffffa9][0xffffffaf]k[0xffffffec][0xffffffff]P[0xffffffea][\n]"
13:43:02.138 [main] DEBUG org.apache.hc.client5.http.wire - http-outgoing-18 << "w[0xffffffe1]K[0x13][0xffffffda][0xffffffec][0xffffff98][0xffffffe6]Y[0xfffffffd]h8m6[0xffffff9c]T[0xffffffc1][0xfffffff2][0xffffffa7][0xffffff91]z_[0xffffff95]o85p[0x1c][0x13][0xffffffe6][0xfffffff0]5[0xffffffee][0xfffffffc][0xffffff92][0xffffff96][0xffffffda][0xfffffff7][0xffffffcf][0xffffffb1][0x5][0x1d][0xffffffea]K[0xffffff9b]9[0xffffff8e][0xffffffad]e[0xfffffff7][0xffffff93][0xffffffa8]`[0xffffffda][0xffffffff][0x1a][0xffffffd2][0xffffff88][0xffffff85][0xfffffffd][0xfffffff2][0xffffff91]N[0xfffffff6]`[0xffffffdf]2[0xffffffcf][0xffffffae]E[0xffffff97][0xffffffc5][0xffffffa2][0xffffff9d][0xffffffef]'[0xffffff9d]mun.[0xffffffd3]f^[0xffffffc7][0xffffff82][0xffffffda][0xffffff82]9[0xfffffff5][0xffffffa9]`[0x5][0xffffffbc]4[0xffffffa1][0x1d]<M[0xffffffb5]A[0xffffffa7]3[[0xffffffc0][0x7f][0x0][0xffffffc1][0xffffffd0]$[0xffffff85][0x1d][\r][0x0][0x0]"
13:43:02.138 [main] DEBUG org.apache.hc.client5.http.impl.classic.InternalHttpClient - ep-0000000025 releasing valid endpoint
13:43:02.138 [main] DEBUG org.apache.hc.client5.http.impl.io.PoolingHttpClientConnectionManager - ep-0000000025 releasing endpoint
13:43:02.138 [main] DEBUG org.apache.hc.client5.http.impl.io.PoolingHttpClientConnectionManager - ep-0000000025 connection http-outgoing-18 can be kept alive for 3 MINUTES
13:43:02.138 [main] DEBUG org.apache.hc.client5.http.impl.io.PoolingHttpClientConnectionManager - ep-0000000025 connection released [route: {s}->https://raw.githubusercontent.com:443][total available: 1; route allocated: 1 of 5; total allocated: 1 of 25]
13:43:02.138 [main] DEBUG io.github.bonigarcia.wdm.versions.VersionDetector - Detecting chrome version using online commands.properties
13:43:02.139 [main] DEBUG io.github.bonigarcia.wdm.versions.Shell - Running command on the shell: [cmd.exe, /C, wmic, datafile, where, name="%PROGRAMFILES:\=\\%\\Google\\Chrome\\Application\\chrome.exe", get, Version, /value]
13:43:02.213 [main] DEBUG io.github.bonigarcia.wdm.versions.Shell - Result: Version=115.0.5790.110
13:43:02.215 [main] DEBUG org.apache.hc.client5.http.impl.classic.InternalHttpClient - ex-0000000026 preparing request execution
13:43:02.215 [main] DEBUG org.apache.hc.client5.http.impl.classic.ProtocolExec - ex-0000000026 target auth state: UNCHALLENGED
13:43:02.215 [main] DEBUG org.apache.hc.client5.http.impl.classic.ProtocolExec - ex-0000000026 proxy auth state: UNCHALLENGED
13:43:02.215 [main] DEBUG org.apache.hc.client5.http.impl.classic.ConnectExec - ex-0000000026 acquiring connection with route {s}->https://chromedriver.storage.googleapis.com:443
13:43:02.215 [main] DEBUG org.apache.hc.client5.http.impl.classic.InternalHttpClient - ex-0000000026 acquiring endpoint (3 MINUTES)
13:43:02.215 [main] DEBUG org.apache.hc.client5.http.impl.io.PoolingHttpClientConnectionManager - ex-0000000026 endpoint lease request (3 MINUTES) [route: {s}->https://chromedriver.storage.googleapis.com:443][total available: 1; route allocated: 0 of 5; total allocated: 1 of 25]
13:43:02.215 [main] DEBUG org.apache.hc.client5.http.impl.io.PoolingHttpClientConnectionManager - ex-0000000026 endpoint leased [route: {s}->https://chromedriver.storage.googleapis.com:443][total available: 1; route allocated: 1 of 5; total allocated: 2 of 25]
13:43:02.215 [main] DEBUG org.apache.hc.client5.http.impl.io.PoolingHttpClientConnectionManager - ex-0000000026 acquired ep-0000000026
13:43:02.215 [main] DEBUG org.apache.hc.client5.http.impl.classic.InternalHttpClient - ex-0000000026 acquired endpoint ep-0000000026
13:43:02.215 [main] DEBUG org.apache.hc.client5.http.impl.classic.ConnectExec - ex-0000000026 opening connection {s}->https://chromedriver.storage.googleapis.com:443
13:43:02.215 [main] DEBUG org.apache.hc.client5.http.impl.classic.InternalHttpClient - ep-0000000026 connecting endpoint (null)
13:43:02.215 [main] DEBUG org.apache.hc.client5.http.impl.io.PoolingHttpClientConnectionManager - ep-0000000026 connecting endpoint to https://chromedriver.storage.googleapis.com:443 (30 SECONDS)
13:43:02.215 [main] DEBUG org.apache.hc.client5.http.impl.io.DefaultHttpClientConnectionOperator - chromedriver.storage.googleapis.com resolving remote address
13:43:02.215 [main] DEBUG org.apache.hc.client5.http.impl.io.DefaultHttpClientConnectionOperator - chromedriver.storage.googleapis.com resolved to [chromedriver.storage.googleapis.com/173.194.221.128, chromedriver.storage.googleapis.com/64.233.161.128, chromedriver.storage.googleapis.com/64.233.162.128, chromedriver.storage.googleapis.com/74.125.205.128, chromedriver.storage.googleapis.com/64.233.164.128, chromedriver.storage.googleapis.com/108.177.14.128, chromedriver.storage.googleapis.com/64.233.165.128, chromedriver.storage.googleapis.com/64.233.163.128, chromedriver.storage.googleapis.com/142.250.150.128, chromedriver.storage.googleapis.com/209.85.233.128, chromedriver.storage.googleapis.com/173.194.220.128, chromedriver.storage.googleapis.com/173.194.222.128, chromedriver.storage.googleapis.com/173.194.73.128, chromedriver.storage.googleapis.com/142.251.1.128]
13:43:02.216 [main] DEBUG org.apache.hc.client5.http.impl.io.DefaultHttpClientConnectionOperator - chromedriver.storage.googleapis.com:443 connecting null->chromedriver.storage.googleapis.com/173.194.221.128:443 (30 SECONDS)
13:43:02.216 [main] DEBUG org.apache.hc.client5.http.ssl.SSLConnectionSocketFactory - Connecting socket to chromedriver.storage.googleapis.com/173.194.221.128:443 with timeout 30 SECONDS
13:43:02.324 [main] DEBUG org.apache.hc.client5.http.ssl.SSLConnectionSocketFactory - Enabled protocols: [TLSv1.3, TLSv1.2]
13:43:02.324 [main] DEBUG org.apache.hc.client5.http.ssl.SSLConnectionSocketFactory - Enabled cipher suites: [TLS_AES_256_GCM_SHA384, TLS_AES_128_GCM_SHA256, TLS_CHACHA20_POLY1305_SHA256, TLS_ECDHE_ECDSA_WITH_AES_256_GCM_SHA384, TLS_ECDHE_ECDSA_WITH_AES_128_GCM_SHA256, TLS_ECDHE_ECDSA_WITH_CHACHA20_POLY1305_SHA256, TLS_ECDHE_RSA_WITH_AES_256_GCM_SHA384, TLS_ECDHE_RSA_WITH_CHACHA20_POLY1305_SHA256, TLS_ECDHE_RSA_WITH_AES_128_GCM_SHA256, TLS_DHE_RSA_WITH_AES_256_GCM_SHA384, TLS_DHE_RSA_WITH_CHACHA20_POLY1305_SHA256, TLS_DHE_DSS_WITH_AES_256_GCM_SHA384, TLS_DHE_RSA_WITH_AES_128_GCM_SHA256, TLS_DHE_DSS_WITH_AES_128_GCM_SHA256, TLS_ECDHE_ECDSA_WITH_AES_256_CBC_SHA384, TLS_ECDHE_RSA_WITH_AES_256_CBC_SHA384, TLS_ECDHE_ECDSA_WITH_AES_128_CBC_SHA256, TLS_ECDHE_RSA_WITH_AES_128_CBC_SHA256, TLS_DHE_RSA_WITH_AES_256_CBC_SHA256, TLS_DHE_DSS_WITH_AES_256_CBC_SHA256, TLS_DHE_RSA_WITH_AES_128_CBC_SHA256, TLS_DHE_DSS_WITH_AES_128_CBC_SHA256, TLS_ECDH_ECDSA_WITH_AES_256_GCM_SHA384, TLS_ECDH_RSA_WITH_AES_256_GCM_SHA384, TLS_ECDH_ECDSA_WITH_AES_128_GCM_SHA256, TLS_ECDH_RSA_WITH_AES_128_GCM_SHA256, TLS_ECDH_ECDSA_WITH_AES_256_CBC_SHA384, TLS_ECDH_RSA_WITH_AES_256_CBC_SHA384, TLS_ECDH_ECDSA_WITH_AES_128_CBC_SHA256, TLS_ECDH_RSA_WITH_AES_128_CBC_SHA256, TLS_ECDHE_ECDSA_WITH_AES_256_CBC_SHA, TLS_ECDHE_RSA_WITH_AES_256_CBC_SHA, TLS_ECDHE_ECDSA_WITH_AES_128_CBC_SHA, TLS_ECDHE_RSA_WITH_AES_128_CBC_SHA, TLS_DHE_RSA_WITH_AES_256_CBC_SHA, TLS_DHE_DSS_WITH_AES_256_CBC_SHA, TLS_DHE_RSA_WITH_AES_128_CBC_SHA, TLS_DHE_DSS_WITH_AES_128_CBC_SHA, TLS_ECDH_ECDSA_WITH_AES_256_CBC_SHA, TLS_ECDH_RSA_WITH_AES_256_CBC_SHA, TLS_ECDH_ECDSA_WITH_AES_128_CBC_SHA, TLS_ECDH_RSA_WITH_AES_128_CBC_SHA, TLS_RSA_WITH_AES_256_GCM_SHA384, TLS_RSA_WITH_AES_128_GCM_SHA256, TLS_RSA_WITH_AES_256_CBC_SHA256, TLS_RSA_WITH_AES_128_CBC_SHA256, TLS_RSA_WITH_AES_256_CBC_SHA, TLS_RSA_WITH_AES_128_CBC_SHA, TLS_EMPTY_RENEGOTIATION_INFO_SCSV]
13:43:02.324 [main] DEBUG org.apache.hc.client5.http.ssl.SSLConnectionSocketFactory - Starting handshake (null)
13:43:02.440 [main] DEBUG org.apache.hc.client5.http.ssl.SSLConnectionSocketFactory - Secure session established
13:43:02.440 [main] DEBUG org.apache.hc.client5.http.ssl.SSLConnectionSocketFactory -  negotiated protocol: TLSv1.3
13:43:02.440 [main] DEBUG org.apache.hc.client5.http.ssl.SSLConnectionSocketFactory -  negotiated cipher suite: TLS_AES_256_GCM_SHA384
13:43:02.441 [main] DEBUG org.apache.hc.client5.http.ssl.SSLConnectionSocketFactory -  peer principal: CN=*.storage.googleapis.com
13:43:02.441 [main] DEBUG org.apache.hc.client5.http.ssl.SSLConnectionSocketFactory -  peer alternative names: [*.storage.googleapis.com, *.googleapis.com, commondatastorage.googleapis.com, *.commondatastorage.googleapis.com, storage.googleapis.com, storage-p2.googleapis.com, *.storage-p2.googleapis.com, storage.mtls.googleapis.com, *.appspot.com.storage.googleapis.com, *.content-storage.googleapis.com, *.content-storage-p2.googleapis.com, *.content-storage-upload.googleapis.com, *.content-storage-download.googleapis.com, *.storage-upload.googleapis.com, *.storage-download.googleapis.com]
13:43:02.441 [main] DEBUG org.apache.hc.client5.http.ssl.SSLConnectionSocketFactory -  issuer principal: CN=GTS CA 1C3, O=Google Trust Services LLC, C=US
13:43:02.441 [main] DEBUG org.apache.hc.client5.http.impl.io.DefaultManagedHttpClientConnection - http-outgoing-19 set socket timeout to 3 MINUTES
13:43:02.441 [main] DEBUG org.apache.hc.client5.http.impl.io.DefaultHttpClientConnectionOperator - chromedriver.storage.googleapis.com:443 connected null->chromedriver.storage.googleapis.com/173.194.221.128:443 as http-outgoing-19
13:43:02.441 [main] DEBUG org.apache.hc.client5.http.impl.io.PoolingHttpClientConnectionManager - ep-0000000026 connected http-outgoing-19
13:43:02.441 [main] DEBUG org.apache.hc.client5.http.impl.classic.InternalHttpClient - ep-0000000026 endpoint connected
13:43:02.441 [main] DEBUG org.apache.hc.client5.http.impl.classic.MainClientExec - ex-0000000026 executing GET /LATEST_RELEASE_115 HTTP/1.1
13:43:02.441 [main] DEBUG org.apache.hc.client5.http.protocol.RequestAddCookies - ex-0000000026 Cookie spec selected: strict
13:43:02.441 [main] DEBUG org.apache.hc.client5.http.impl.classic.InternalHttpClient - ep-0000000026 start execution ex-0000000026
13:43:02.441 [main] DEBUG org.apache.hc.client5.http.impl.io.PoolingHttpClientConnectionManager - ep-0000000026 executing exchange ex-0000000026 over http-outgoing-19
13:43:02.441 [main] DEBUG org.apache.hc.client5.http.headers - http-outgoing-19 >> GET /LATEST_RELEASE_115 HTTP/1.1
13:43:02.441 [main] DEBUG org.apache.hc.client5.http.headers - http-outgoing-19 >> user-agent: Apache-HttpClient/5.0
13:43:02.441 [main] DEBUG org.apache.hc.client5.http.headers - http-outgoing-19 >> accept-encoding: gzip, deflate, br
13:43:02.441 [main] DEBUG org.apache.hc.client5.http.headers - http-outgoing-19 >> cache-control: max-age=0
13:43:02.441 [main] DEBUG org.apache.hc.client5.http.headers - http-outgoing-19 >> connection: keep-alive
13:43:02.441 [main] DEBUG org.apache.hc.client5.http.headers - http-outgoing-19 >> Host: chromedriver.storage.googleapis.com
13:43:02.441 [main] DEBUG org.apache.hc.client5.http.wire - http-outgoing-19 >> "GET /LATEST_RELEASE_115 HTTP/1.1[\r][\n]"
13:43:02.441 [main] DEBUG org.apache.hc.client5.http.wire - http-outgoing-19 >> "user-agent: Apache-HttpClient/5.0[\r][\n]"
13:43:02.441 [main] DEBUG org.apache.hc.client5.http.wire - http-outgoing-19 >> "accept-encoding: gzip, deflate, br[\r][\n]"
13:43:02.441 [main] DEBUG org.apache.hc.client5.http.wire - http-outgoing-19 >> "cache-control: max-age=0[\r][\n]"
13:43:02.441 [main] DEBUG org.apache.hc.client5.http.wire - http-outgoing-19 >> "connection: keep-alive[\r][\n]"
13:43:02.441 [main] DEBUG org.apache.hc.client5.http.wire - http-outgoing-19 >> "Host: chromedriver.storage.googleapis.com[\r][\n]"
13:43:02.441 [main] DEBUG org.apache.hc.client5.http.wire - http-outgoing-19 >> "[\r][\n]"
13:43:03.249 [main] DEBUG org.apache.hc.client5.http.wire - http-outgoing-19 << "HTTP/1.1 404 Not Found[\r][\n]"
13:43:03.249 [main] DEBUG org.apache.hc.client5.http.wire - http-outgoing-19 << "X-GUploader-UploadID: ADPycdt8w8dIZltTSvrEPin2V9h5HvuScjcdQ6dFaJvIvwaNMZxqLW6jMTpjzGe1lFIKpcM7YN9WxjGsYMY1qGug3GPJvA[\r][\n]"
13:43:03.249 [main] DEBUG org.apache.hc.client5.http.wire - http-outgoing-19 << "Content-Type: application/xml; charset=UTF-8[\r][\n]"
13:43:03.249 [main] DEBUG org.apache.hc.client5.http.wire - http-outgoing-19 << "Content-Length: 193[\r][\n]"
13:43:03.249 [main] DEBUG org.apache.hc.client5.http.wire - http-outgoing-19 << "Date: Mon, 31 Jul 2023 07:43:01 GMT[\r][\n]"
13:43:03.249 [main] DEBUG org.apache.hc.client5.http.wire - http-outgoing-19 << "Expires: Mon, 31 Jul 2023 07:43:01 GMT[\r][\n]"
13:43:03.249 [main] DEBUG org.apache.hc.client5.http.wire - http-outgoing-19 << "Cache-Control: private, max-age=0[\r][\n]"
13:43:03.249 [main] DEBUG org.apache.hc.client5.http.wire - http-outgoing-19 << "Server: UploadServer[\r][\n]"
13:43:03.249 [main] DEBUG org.apache.hc.client5.http.wire - http-outgoing-19 << "Alt-Svc: h3=":443"; ma=2592000,h3-29=":443"; ma=2592000[\r][\n]"
13:43:03.249 [main] DEBUG org.apache.hc.client5.http.wire - http-outgoing-19 << "[\r][\n]"
13:43:03.249 [main] DEBUG org.apache.hc.client5.http.wire - http-outgoing-19 << "<?xml version='1.0' encoding='UTF-8'?><Error><Code>NoSuchKey</Code><Message>The specified key does not exist.</Message><Details>No such object: chromedriver/LATEST_RELEASE_115</Details></Error>"
13:43:03.249 [main] DEBUG org.apache.hc.client5.http.headers - http-outgoing-19 << HTTP/1.1 404 Not Found
13:43:03.249 [main] DEBUG org.apache.hc.client5.http.headers - http-outgoing-19 << X-GUploader-UploadID: ADPycdt8w8dIZltTSvrEPin2V9h5HvuScjcdQ6dFaJvIvwaNMZxqLW6jMTpjzGe1lFIKpcM7YN9WxjGsYMY1qGug3GPJvA
13:43:03.249 [main] DEBUG org.apache.hc.client5.http.headers - http-outgoing-19 << Content-Type: application/xml; charset=UTF-8
13:43:03.249 [main] DEBUG org.apache.hc.client5.http.headers - http-outgoing-19 << Content-Length: 193
13:43:03.249 [main] DEBUG org.apache.hc.client5.http.headers - http-outgoing-19 << Date: Mon, 31 Jul 2023 07:43:01 GMT
13:43:03.249 [main] DEBUG org.apache.hc.client5.http.headers - http-outgoing-19 << Expires: Mon, 31 Jul 2023 07:43:01 GMT
13:43:03.249 [main] DEBUG org.apache.hc.client5.http.headers - http-outgoing-19 << Cache-Control: private, max-age=0
13:43:03.249 [main] DEBUG org.apache.hc.client5.http.headers - http-outgoing-19 << Server: UploadServer
13:43:03.249 [main] DEBUG org.apache.hc.client5.http.headers - http-outgoing-19 << Alt-Svc: h3=":443"; ma=2592000,h3-29=":443"; ma=2592000
13:43:03.249 [main] DEBUG org.apache.hc.client5.http.impl.classic.MainClientExec - ex-0000000026 connection can be kept alive for 3 MINUTES
13:43:03.249 [main] ERROR io.github.bonigarcia.wdm.online.HttpClient - Error HTTP 404 executing https://chromedriver.storage.googleapis.com/LATEST_RELEASE_115
13:43:03.249 [main] WARN io.github.bonigarcia.wdm.versions.VersionDetector - Exception reading https://chromedriver.storage.googleapis.com/LATEST_RELEASE_115 to get latest version of chromedriver (Error HTTP 404 executing https://chromedriver.storage.googleapis.com/LATEST_RELEASE_115)
13:43:03.249 [main] DEBUG io.github.bonigarcia.wdm.versions.VersionDetector - Getting driver version for chrome115 from online versions.properties
13:43:03.250 [main] DEBUG org.apache.hc.client5.http.impl.classic.InternalHttpClient - ex-0000000027 preparing request execution
13:43:03.250 [main] DEBUG org.apache.hc.client5.http.impl.classic.ProtocolExec - ex-0000000027 target auth state: UNCHALLENGED
13:43:03.250 [main] DEBUG org.apache.hc.client5.http.impl.classic.ProtocolExec - ex-0000000027 proxy auth state: UNCHALLENGED
13:43:03.250 [main] DEBUG org.apache.hc.client5.http.impl.classic.ConnectExec - ex-0000000027 acquiring connection with route {s}->https://raw.githubusercontent.com:443
13:43:03.250 [main] DEBUG org.apache.hc.client5.http.impl.classic.InternalHttpClient - ex-0000000027 acquiring endpoint (3 MINUTES)
13:43:03.250 [main] DEBUG org.apache.hc.client5.http.impl.io.PoolingHttpClientConnectionManager - ex-0000000027 endpoint lease request (3 MINUTES) [route: {s}->https://raw.githubusercontent.com:443][total available: 1; route allocated: 1 of 5; total allocated: 2 of 25]
13:43:03.250 [main] DEBUG org.apache.hc.client5.http.impl.io.PoolingHttpClientConnectionManager - ex-0000000027 endpoint leased [route: {s}->https://raw.githubusercontent.com:443][total available: 0; route allocated: 1 of 5; total allocated: 2 of 25]
13:43:03.250 [main] DEBUG org.apache.hc.client5.http.impl.io.PoolingHttpClientConnectionManager - ex-0000000027 acquired ep-0000000027
13:43:03.250 [main] DEBUG org.apache.hc.client5.http.impl.classic.InternalHttpClient - ex-0000000027 acquired endpoint ep-0000000027
13:43:03.250 [main] DEBUG org.apache.hc.client5.http.impl.classic.MainClientExec - ex-0000000027 executing GET /bonigarcia/webdrivermanager/master/src/main/resources/versions.properties HTTP/1.1
13:43:03.250 [main] DEBUG org.apache.hc.client5.http.protocol.RequestAddCookies - ex-0000000027 Cookie spec selected: strict
13:43:03.250 [main] DEBUG org.apache.hc.client5.http.impl.classic.InternalHttpClient - ep-0000000027 start execution ex-0000000027
13:43:03.250 [main] DEBUG org.apache.hc.client5.http.impl.io.PoolingHttpClientConnectionManager - ep-0000000027 executing exchange ex-0000000027 over http-outgoing-18
13:43:03.250 [main] DEBUG org.apache.hc.client5.http.headers - http-outgoing-18 >> GET /bonigarcia/webdrivermanager/master/src/main/resources/versions.properties HTTP/1.1
13:43:03.250 [main] DEBUG org.apache.hc.client5.http.headers - http-outgoing-18 >> user-agent: Apache-HttpClient/5.0
13:43:03.250 [main] DEBUG org.apache.hc.client5.http.headers - http-outgoing-18 >> accept-encoding: gzip, deflate, br
13:43:03.250 [main] DEBUG org.apache.hc.client5.http.headers - http-outgoing-18 >> cache-control: max-age=0
13:43:03.250 [main] DEBUG org.apache.hc.client5.http.headers - http-outgoing-18 >> connection: keep-alive
13:43:03.250 [main] DEBUG org.apache.hc.client5.http.headers - http-outgoing-18 >> Host: raw.githubusercontent.com
13:43:03.250 [main] DEBUG org.apache.hc.client5.http.wire - http-outgoing-18 >> "GET /bonigarcia/webdrivermanager/master/src/main/resources/versions.properties HTTP/1.1[\r][\n]"
13:43:03.250 [main] DEBUG org.apache.hc.client5.http.wire - http-outgoing-18 >> "user-agent: Apache-HttpClient/5.0[\r][\n]"
13:43:03.250 [main] DEBUG org.apache.hc.client5.http.wire - http-outgoing-18 >> "accept-encoding: gzip, deflate, br[\r][\n]"
13:43:03.250 [main] DEBUG org.apache.hc.client5.http.wire - http-outgoing-18 >> "cache-control: max-age=0[\r][\n]"
13:43:03.250 [main] DEBUG org.apache.hc.client5.http.wire - http-outgoing-18 >> "connection: keep-alive[\r][\n]"
13:43:03.250 [main] DEBUG org.apache.hc.client5.http.wire - http-outgoing-18 >> "Host: raw.githubusercontent.com[\r][\n]"
13:43:03.250 [main] DEBUG org.apache.hc.client5.http.wire - http-outgoing-18 >> "[\r][\n]"
13:43:03.372 [main] DEBUG org.apache.hc.client5.http.wire - http-outgoing-18 << "HTTP/1.1 200 OK[\r][\n]"
13:43:03.372 [main] DEBUG org.apache.hc.client5.http.wire - http-outgoing-18 << "Connection: keep-alive[\r][\n]"
13:43:03.372 [main] DEBUG org.apache.hc.client5.http.wire - http-outgoing-18 << "Content-Length: 1592[\r][\n]"
13:43:03.372 [main] DEBUG org.apache.hc.client5.http.wire - http-outgoing-18 << "Cache-Control: max-age=300[\r][\n]"
13:43:03.372 [main] DEBUG org.apache.hc.client5.http.wire - http-outgoing-18 << "Content-Security-Policy: default-src 'none'; style-src 'unsafe-inline'; sandbox[\r][\n]"
13:43:03.372 [main] DEBUG org.apache.hc.client5.http.wire - http-outgoing-18 << "Content-Type: text/plain; charset=utf-8[\r][\n]"
13:43:03.372 [main] DEBUG org.apache.hc.client5.http.wire - http-outgoing-18 << "ETag: W/"6491455d22a0b1c9f41db367f9402c53615bff135fde7080d63626aba742b88e"[\r][\n]"
13:43:03.372 [main] DEBUG org.apache.hc.client5.http.wire - http-outgoing-18 << "Strict-Transport-Security: max-age=31536000[\r][\n]"
13:43:03.372 [main] DEBUG org.apache.hc.client5.http.wire - http-outgoing-18 << "X-Content-Type-Options: nosniff[\r][\n]"
13:43:03.372 [main] DEBUG org.apache.hc.client5.http.wire - http-outgoing-18 << "X-Frame-Options: deny[\r][\n]"
13:43:03.372 [main] DEBUG org.apache.hc.client5.http.wire - http-outgoing-18 << "X-XSS-Protection: 1; mode=block[\r][\n]"
13:43:03.372 [main] DEBUG org.apache.hc.client5.http.wire - http-outgoing-18 << "X-GitHub-Request-Id: 637A:6A87:B4204:C04FE:64A4C750[\r][\n]"
13:43:03.372 [main] DEBUG org.apache.hc.client5.http.wire - http-outgoing-18 << "Content-Encoding: gzip[\r][\n]"
13:43:03.372 [main] DEBUG org.apache.hc.client5.http.wire - http-outgoing-18 << "Accept-Ranges: bytes[\r][\n]"
13:43:03.372 [main] DEBUG org.apache.hc.client5.http.wire - http-outgoing-18 << "Date: Mon, 31 Jul 2023 07:43:01 GMT[\r][\n]"
13:43:03.372 [main] DEBUG org.apache.hc.client5.http.wire - http-outgoing-18 << "Via: 1.1 varnish[\r][\n]"
13:43:03.372 [main] DEBUG org.apache.hc.client5.http.wire - http-outgoing-18 << "X-Served-By: cache-fra-eddf8230075-FRA[\r][\n]"
13:43:03.372 [main] DEBUG org.apache.hc.client5.http.wire - http-outgoing-18 << "X-Cache: HIT[\r][\n]"
13:43:03.372 [main] DEBUG org.apache.hc.client5.http.wire - http-outgoing-18 << "X-Cache-Hits: 7[\r][\n]"
13:43:03.372 [main] DEBUG org.apache.hc.client5.http.wire - http-outgoing-18 << "X-Timer: S1690789382.851145,VS0,VE0[\r][\n]"
13:43:03.372 [main] DEBUG org.apache.hc.client5.http.wire - http-outgoing-18 << "Vary: Authorization,Accept-Encoding,Origin[\r][\n]"
13:43:03.372 [main] DEBUG org.apache.hc.client5.http.wire - http-outgoing-18 << "Access-Control-Allow-Origin: *[\r][\n]"
13:43:03.372 [main] DEBUG org.apache.hc.client5.http.wire - http-outgoing-18 << "Cross-Origin-Resource-Policy: cross-origin[\r][\n]"
13:43:03.372 [main] DEBUG org.apache.hc.client5.http.wire - http-outgoing-18 << "X-Fastly-Request-ID: c71418b991c8d6f9b792d4cb443ecde49294975d[\r][\n]"
13:43:03.372 [main] DEBUG org.apache.hc.client5.http.wire - http-outgoing-18 << "Expires: Mon, 31 Jul 2023 07:48:01 GMT[\r][\n]"
13:43:03.372 [main] DEBUG org.apache.hc.client5.http.wire - http-outgoing-18 << "Source-Age: 159[\r][\n]"
13:43:03.372 [main] DEBUG org.apache.hc.client5.http.wire - http-outgoing-18 << "[\r][\n]"
13:43:03.372 [main] DEBUG org.apache.hc.client5.http.headers - http-outgoing-18 << HTTP/1.1 200 OK
13:43:03.372 [main] DEBUG org.apache.hc.client5.http.headers - http-outgoing-18 << Connection: keep-alive
13:43:03.372 [main] DEBUG org.apache.hc.client5.http.headers - http-outgoing-18 << Content-Length: 1592
13:43:03.372 [main] DEBUG org.apache.hc.client5.http.headers - http-outgoing-18 << Cache-Control: max-age=300
13:43:03.372 [main] DEBUG org.apache.hc.client5.http.headers - http-outgoing-18 << Content-Security-Policy: default-src 'none'; style-src 'unsafe-inline'; sandbox
13:43:03.372 [main] DEBUG org.apache.hc.client5.http.headers - http-outgoing-18 << Content-Type: text/plain; charset=utf-8
13:43:03.372 [main] DEBUG org.apache.hc.client5.http.headers - http-outgoing-18 << ETag: W/"6491455d22a0b1c9f41db367f9402c53615bff135fde7080d63626aba742b88e"
13:43:03.372 [main] DEBUG org.apache.hc.client5.http.headers - http-outgoing-18 << Strict-Transport-Security: max-age=31536000
13:43:03.372 [main] DEBUG org.apache.hc.client5.http.headers - http-outgoing-18 << X-Content-Type-Options: nosniff
13:43:03.372 [main] DEBUG org.apache.hc.client5.http.headers - http-outgoing-18 << X-Frame-Options: deny
13:43:03.372 [main] DEBUG org.apache.hc.client5.http.headers - http-outgoing-18 << X-XSS-Protection: 1; mode=block
13:43:03.372 [main] DEBUG org.apache.hc.client5.http.headers - http-outgoing-18 << X-GitHub-Request-Id: 637A:6A87:B4204:C04FE:64A4C750
13:43:03.372 [main] DEBUG org.apache.hc.client5.http.headers - http-outgoing-18 << Content-Encoding: gzip
13:43:03.372 [main] DEBUG org.apache.hc.client5.http.headers - http-outgoing-18 << Accept-Ranges: bytes
13:43:03.372 [main] DEBUG org.apache.hc.client5.http.headers - http-outgoing-18 << Date: Mon, 31 Jul 2023 07:43:01 GMT
13:43:03.372 [main] DEBUG org.apache.hc.client5.http.headers - http-outgoing-18 << Via: 1.1 varnish
13:43:03.372 [main] DEBUG org.apache.hc.client5.http.headers - http-outgoing-18 << X-Served-By: cache-fra-eddf8230075-FRA
13:43:03.372 [main] DEBUG org.apache.hc.client5.http.headers - http-outgoing-18 << X-Cache: HIT
13:43:03.372 [main] DEBUG org.apache.hc.client5.http.headers - http-outgoing-18 << X-Cache-Hits: 7
13:43:03.372 [main] DEBUG org.apache.hc.client5.http.headers - http-outgoing-18 << X-Timer: S1690789382.851145,VS0,VE0
13:43:03.372 [main] DEBUG org.apache.hc.client5.http.headers - http-outgoing-18 << Vary: Authorization,Accept-Encoding,Origin
13:43:03.372 [main] DEBUG org.apache.hc.client5.http.headers - http-outgoing-18 << Access-Control-Allow-Origin: *
13:43:03.372 [main] DEBUG org.apache.hc.client5.http.headers - http-outgoing-18 << Cross-Origin-Resource-Policy: cross-origin
13:43:03.372 [main] DEBUG org.apache.hc.client5.http.headers - http-outgoing-18 << X-Fastly-Request-ID: c71418b991c8d6f9b792d4cb443ecde49294975d
13:43:03.372 [main] DEBUG org.apache.hc.client5.http.headers - http-outgoing-18 << Expires: Mon, 31 Jul 2023 07:48:01 GMT
13:43:03.372 [main] DEBUG org.apache.hc.client5.http.headers - http-outgoing-18 << Source-Age: 159
13:43:03.373 [main] DEBUG org.apache.hc.client5.http.impl.classic.MainClientExec - ex-0000000027 connection can be kept alive for 3 MINUTES
13:43:03.373 [main] DEBUG org.apache.hc.client5.http.wire - http-outgoing-18 << "[0x1f][0xffffff8b][0x8][0x0][0x0][0x0][0x0][0x0][0x0][0x3][0xffffff8d][0xffffff98]Ko[0xffffffe3]8[0xc][0xffffffc7][0xffffffef][0xfffffffd][0x14][0x6][0xffffffe6]\EOJ*[0xffffffa0][0xffffffcb]>O[0xffffff8b]=[0xffffffec]~[0xffffff81]4qSc[0xffffffd2][0xffffffb8][0xffffffb0][0xffffffd3][0xffffffe9]`?[0xfffffffd]R[0xf][0xffffffca][0xffffff8a]2[0xb][0xffffffec]![0xffffff98][0xffffffe1][0xffffffcf][0xffffffb2]DR[0x12][0xfffffffd]g[0xffffffbf][0xc][0x7f][0xffffffbf]N[0xffffffeb][0xfffffff0]2[0xffffff9d][0xffffffc7][0xffffffe1]0_[0xffffffae][0xfffffffb][0xffffffe9][0xffffffb2][0xe][0xffffffd7][0xffffffd7]q[0xfffffff8]z[0xffffff99]?/[0xffffffc3]q[0xffffff99][0xffffffbe][0xffffff8d][0xffffffcb][0xffffff80][0xffffffbf]u[0xffffff9a][0xfffffff1][0xffffffc9]a~{[0xffffffdf]_[0xffffffa7]g[0x1c][0xfffffffd]9]_[0xffffffd3][0xffffffc8][0xffffffc3][0xffffffbc],[0xffffffe3][0xfffffffa]>_[0xffffff8e][0xffffffd3][0xffffffe5]4</[0xfffffff3][0xffffffe7][0xffffffba][0xffffffbd][0xfffffff2][0xfffffff0][0xfffffff0]e[0xfffffff8])[0xffffffa3][0xffffffa7][0xffffffe1][0xfffffff7]y>[0xffffffe1][0xffffff9b]?[0xffffffbf].[0xfffffff3][0xffffffdb]8[0xffffffec]/[0xffffffc7][0xfffffffc][0xffffffdf][0xffffffe9][0xffffffe3]mx[0x1c]~IK=[\r][0xffffff87][0xfffffff4]4/[0xffffff8c]/[0xffffffff]5[0x7f],[0xffffff87][0xfffffff1]ix[0xffffffbd]^[0xffffffdf][0xffffff9f]v[0xffffffbb][0xfffffff6]);[0xffffff94][0xffffffb7][0xffffffd9][0xffffffbc][0xffffff9c]vG[0xfffffff4][0xfffffff7]<[0xffffffef][0xffffff8f][0xffffffeb]C[0x1e]#[0xffffff84][0xe][0xfffffff8]c[0xffffff9c][0x19][0xffffffab][0xc][0xfffffff3][0xffffffbc]r[0xffffff85]\E[0xe]V2P[0xffffff95]K[0xffffffe4]2qa[0xffffff98][0xfffffff6][0xffffff95][0xb][0xffffffe4]"r[0x3][0xffffff8a][0xffffff81][0xffffffae][0xffffff9c]#[0xffffffe7][0xffffff91]k'[0xffffff98][0xffffffb5][0xffffffc4][0xffffffb9][0xf][0xfffffff8]K[0x1c][0xffffff97][0xffffffb7]u<w[0xffffffc8]][0xffffffe4][0xffffffca]xfE[0xffffffe5][0x16][0xffffffb9]M[0xffffff9c]k[0x6][0xffffffb2]r@[0xe][0xffffff91]K[0xffffffed][0x19]l[0xffffffe3][\r]r[0x13][0xffffffb9][0xfffffff0][0x6][0x1f]V[0xffffff8e][0xfffffff1][0xfffffff2][0x14]o[0xc][0xffffffc3]V[0xffffffff]9[0xffffffc6][0xffffffcb]S[0xffffffbc][0x1c]8[0x13]js[0x8][0x3][0xffffffe6])`[0xffffff8e][0xfffffff3]5[0xb]`[0xffffffc0]<[0x6][0xffffffac][0xffffffbd][0x11]Lo[0x1c][0x3][0xffffffe6]1`[0xffffffed]<0[0xffffffa0][0xffffff84]z[0x1f][0xffffffbc]OTk\[0xffffff9b][0xffffffa8][0xb]>[0x6][0xffffffab][0xffffffad]q[0xc][0xffffff97]!l[0xffffff83][0xffffff8f][0xffffffb1]j[0xfffffff0]r[0xffffffcb][0xffffff81][0xffffff87][0xffffffe0]!Q[0xffffffd0]L[0x1b][0xffffffa2]&x[0xffffff93][0xffffffa8]r[0xc]([0x1e][0xffffffaf][0xffffff83][0xffffffd7][0xffffff89]brp#[0x9][0xffffffab][0xffffffe0]c[0xffffff90][0xffffffda]X[0xffffffbb]m[0xffffffaa][0xffffff97][0xffffffc1][0xffffffcb]DqK1[0xffffffcb][0xffffff84]E[0xfffffff0])@[0xffffff8d]'[0x0]c%[0xffffffcc][0xffffff83]O[0xfffffff1]i[0xffffffc5][0xffffff99][0xffffffa4]<9[0x1f]\[0xffffff8a]O[0xffffffe1]?[0xffffff92]fv.[0xffffffb8][0x14][0xffffff9f][0xffffff92][0xffffff9a]y j[0xffffff83]K[0xffffffe1]I[0xffffffc7][0xffffff99]sD![0xffffffb8][0x14][0xffffff9e][0xffffffd4]8/[0xffffffa5][0xffffffc2][0xffffff99][0xffffffe0]Rx[0xffffffc2])[0xffffffe6][0xffffffc8]5[0xffffffa7][0xffffff83]K[0xffffffe1][0x9]m[0xffffff99][0xffffffa2][0x1c];[0x15]\[0xffffff8a].[0xffffffee][0xffffffa4][0xffffffa2]T8[0x11]\[\n]"
13:43:03.373 [main] DEBUG org.apache.hc.client5.http.wire - http-outgoing-18 << "[0xffffff83]c[0xffffffe6][0xffffff85][0xffffffaa][0xffffffcb][0xfffffff1][0xffffffe0]b[0x18][0xffffffca][0xffffffa3]/x[0xffffff84][\n]"
13:43:03.373 [main] DEBUG org.apache.hc.client5.http.wire - http-outgoing-18 << "[0xffffffb6]>X[0xffffff9f][0xffffffb0]6LU[0xffffffea][0xffffff82]u[0xffffff89][0xffffffe2][0xffffffd9][0xffffffc1]sE[0xffffffd8][0x6][0x1b][0x3]Q[0xe][0xfffffff0].[0xffffff90][0x1b][0x16][0xffffff82][0xffffff85]D[0xfffffff1][0xffffff80][0xb]Y[0xffffffe7]0[0xffffffc1][0xffffffc6]H[0xffffff94][0xffffffb5]x[0xffffffc0][0xffffffb6][0xffffffd1]:X[0xffffff9d][0xffffffb0][0xffffffc4][0xfffffff3]KP[0x5][0x1b]#Q[0xffffff80][0x1][0x1][0xffffffb9]le[0xffffff90][0xffffffb8][0xffffffa3]d[0xffffff89][0x1b][0xffffff8b]G[0xffffff8b][0x1c][0x3][0x1f]-[0xffffffda][0x1b]p[0xffffffd1][0xffffffa2][0xffffff8c][0xffffff82][0xffffff8d][0x16][0xffffffed]&@[0xffffffb4][0xffffffc8][0x19]0h[0xffffffd5][0x14][0xffffff81][0xffffff8e][0x16][0xffffffe5][0x1c]T[0xffffffb4]h=[0xffffff88][0xffffffbe][0xffffffa8][0xffffffba]^[0xfffffff4][0xffffffa5][0xffffffde][0x19][0xffffff88][0xffffffbe](uS[0xffffffd5][0xfffffffe][0xffffff98][0xffffffff][0xffffff99][0xffffffce][0xffffffe7][0xfffffffd][0xfffffff0][0xffffffdb][0xffffffb4][0xffffff8c]/[0xfffffff3][0xfffffff7][0xffffffa6][0xffffff94][0xffffff9d][0xffffffc6][0xffffffc3][0xffffffd7][0xfffffff9][0xffffff87][0xffffff95]l[0xffffffc5]Rv[0xffffffc2][0x2][0xfffffffa][0xfffffff1][0xffffffcc][0xffffffb0][0xffffffa4][0xffffffee][0xffffffde][0xfffffff2][0x14][0xffffffbb][0xffffffe6][0xffffff85][0xffffffdd]2[0xffffff9e][0xffffffc7][0xfffffffd]:[0xffffffae][0xf]/y^! `[0xffffffda]0w[0x1b]1wD[0xffffffdf][0x11]uG[0xffffffe4][0x1d][0x11]w[0xffffff84]G"[0xffffff99][0xffffffac][0x4][0xffffffab]Z"[0xffffffdb][0x18][0xffffffac]g=[0xffffffb1]w[0x4][0xffffffee][0xffffff88][0xffffffb9]#[0xffffffc9]g[0xffffffd1][0x12]uG[0xffffffe4][0x1d][0x11]w[0xffffff84]w[0xffffffc4][0xfffffffb][0x1e][0xffffffb8][0x1e][0xffffffd8][0x1e]@[0xf]L[0xf]zo}[0xffffffef][0xffffffac][0xffffffef]}[0xfffffff5][0xffffffbd][0xffffffab]>z[0xffffff8a]w[0xffffffa2][0x1][0xffffffec]<]>[0xffffffbe]g,[0x8];[0xffffffdf][0xffffff8d]s[0xffffffae][0x7][0xffffffb6][0x7][0xffffffd0][0x3][0xffffffd3][0x3][0xffffffdd][0xffffff83][0x18][0xffffff80]t[\r][0xffffff90]=[0xffffff88][0x1]H[0xffffffdb][0x0][0xffffffde][0x1][0xffffffeb]{[0xffffff90]<[0xffffff85][0x6][0xffffffd8][0x1e]@[0xf]L[0xf]t[0xf]T[0xf]d[0xf]D[0xf]x[0x7][0xffffffc0][0xfffffff7] yj[0x1a][0xffffff90]<[0xffffffd5][\r][0xffffff80][0x1e][0xffffff98][0x1e]$O[0xffffff9b][0xb][0x4][0xffffffaa][0x7][0xffffffc9][0xffffffd3][0xffffffe6][0xffffffd8]C[0xfffffff2][0xffffffb4]9[0x14][0xffffffc0];`|[0xf]\[0xf]l[0xf][0xffffff92][0xffffffa7][0xffffffbc][0x1][0xffffff86]@[[0xffffffb1][0xfffffffe]|[0x1f][0xffffff97]}S[0xffffffa7][0xffffffe6]h[0xffffffff][0xffffff9f]:[0xffffff95][0x6][0xffffffae][0xfffffff3][0xffffffcb][0xfffffff5]s[0xffffffbf][0xffffff8c][0xffffffd9]"[\r][0xffffffd6]W[0xffffffad][0xfffffff4]0I[0xffffff86]M[0xffffff83]aY[0xffffffc9][0x1c]of#[0xffffffc1][0xffffff84][0xffffffb4][0x5][0xffffffbb]V[0xffffff81]9[0xffffffa2][0xfffffff6]F[0x7f][0xffffff99]B[0xffffffa1]U_[0xffffffb8]P[0xffffffc1][0xffffffa6][0x15]_B[0x12][0xffffffd6][0xffffffad][0xfffffff6][0xfffffff2][0xffffffbe]P[0xffffffd5]*/[0xfffffffc]\g*[[0xffffffdd]%[0x4][\r][0x16][0xffffffad][0xffffffec][0xffffff8a][0xffffff8a]&c[0xffffffde][0xffffffaa].'2u[0xffffffbe][0xffffffd5]\[0x0][0xffffff85][0xffffffba]Npej[[0xffffffb9][0xffffff85][0xfffffffa]2Sh[0xffffffc5]VM[0x11]^[0xffffffe7][0x1b][0xffffffb1][0xffffff95][0xffffffa1]n[0xffffffb4][0xffffff96]+[0xffffff8e][0xffffffe1][0xffffffb5][0xffffffbe]QZ[0x19][0xffffffca][[0xffffffa1][0xffffff95][0xffffffa1]ht[0xffffff96][0xffffffa1][0xfffffff5]y#[0xffffffb3][0xffffffc8]U[0xffffffbc][0xffffffe6]7"+C[0xffffffd7]i[0xffffffac]Lm#[0xffffffb1],Ah[0x4][0xffffff96]+[0xffffffcb][0xffffffe3][0xffffffbd][0xffffffdf][0xfffffff4][0x15]y[0xffffff8f]w[0x7f][0xffffff93]W[0xffffff98][0xffffffe0]BU#[0xffffffaf][0xffffff80]&[0xffffff95][0xffffff8d][0xffffffba]re[0xffffffc3][0xffffffb1][0x10]l[0xffffffe2][0xffffffaa]n[0x16]V[0xffffff83]M\[0xffffffb9][0xffffffb2][0xffffffb1]X[0x11]6m[0xffffffe5][0xffffffcb][0xffffffa4]X[0x15][0x1a]i%J[0xffffffa8]X[0x1a]ZeU[0xffffffd6][0xffffffc2][0xfffffffa][0xffffffb0][0x9]+K[0xffffffb3][0xffffff9a]FW[0xffffffd1]Q[0xffffffc6]:[0xffffffb1][0xffffffa9][0xffffffaa]z8[0xffffffb1]X4[0xffffffaa]J[0x15]_[0xffffffb1]b4[0xffffffa2][0xffffffaa][0xffffffae]U[0xffffffc4]P2[0xffffff8c]o[0xffffff8d]"[0xffffff85][0xffffffb2]Q[0xffffff94]P6[0xffffff8a][0x10][0xffffffca]F[0xffffffd1]A[0xffffffd9](2([0x1b]E[0x5]e[0xffffffa3][0xffffff88][0xffffffa0]l[0xffffff88][0xffffffac]z[0xffffffb2][0xffffffc1][0x1b]CG[0xf][0xffffffc8]c[0x1d]=Pe[0x1d][0x1d]=[0xffffff90]%[0x19][0x1a][0xffffffb2]q#[0xffffff9b][0xffffffa6][0xffffffc3]2[0xffffffc7]Z2[0xfffffffc]z<[0xffffff8d]M5z[G[0x4][0xffffffff]Y[0xffffff8e][0xffffff8e][0xffffffe3][0xffffffb7][0xfffffff1][0x1c]geo4C[0xffffffaa]M[0xffffffe3][0xffffffe5][0xfffffff1]c[0xffffffdd]U[0xfffffff6][0x18]'[0xffffffd9]][0xffffffe7][0xfffffff9][0xffffffbc][0xffffffee]>[0xffffffc7][0xffffffe7]R[0xffffff9e][0x1e]"[0xffffffdd]:C[0xffffffe1][0xffffffb0]F[0xb]W([0xfffffff5][0xffffff85][0xffffffc2][0xffffffa2]l[0xffffffc5]LfJ][0xffffffa1][0xffffffb0]2[0x1d][0xffffffe4]L[0xffffffa9]'[0x14][0x0]"[0xfffffff6]l[0xffffff99]RG([0xc][0xffffff9e][0xf][0xffffffcc]^[0xffffffa2][0xffffffb5][0x1f][0x14]F8f[0xffffffcb]j[0xffffffb5][0x1b][0x14][0x1a]p^([0xffffff94]zAT[0xffffffd1][0xfffffff1]k[0xffffff9a]!5[0xffffff82]B[0xffffffd9][0xfffffff8][0xffffffed]*[0xffffff94][0xffffffda]@[0xffffffec][0xffffffe8][0x14]V[0xffffffb0]B[0xffffffa9][0x9][0x14][0x12]o[0xffffffaa][0xffffffa5][0x19][0xffffffa8][0x5]D[0xffffffcd][0xffffffae]k[0x10][0xffffffb5][0xffffffff][0x13][0x12][0xf].j[0xffffffea]L[0xffffffa9][0xfffffffb][0x13]R[0xfffffff0]m^[0xffffffea][0xfffffffd][0xffffff84][0xffffffc0]{[0xffffff85][0x1d]H[0xffffffa4][0xffffffd4][0xfffffff9][0xffffffa1][0x10][0xffffff8d][0xffffff85]"[0xffffffb3][0xffffffd2][0xfffffff7][0xffffff89][0x18]]I[0xc]5}[0x18]"
13:43:03.373 [main] DEBUG org.apache.hc.client5.http.wire - http-outgoing-18 << "[0xffffff9a][0xffffffac][0xffffffac][0xffffffb4]|[0x18][0xffffff83][0xffffffae][0xffffffac]4|[0xffffffe8]U][0xffffff99][0xffffffda]=[0xffffff8f]5F[0xffffff89][0xffffff8c]J[0xffffffab][0xffffffe7]1[0xfffffff5][0xffffffaa][0xffffff8c]*}[0xffffff9e][0xffffffe7][0xffffffdb][0x2][0xffffffa5][0xffffffc7]s[0xffffffb1][0xffffffd2][0xffffff95][0x17]K[0x7f][0xffffffe7]0[0xffffffb0]L[0xffffffa8][0xffffffb7][0xffffff8b];[0xffffff9e]7[0xffffff86][0xfffffffa]:[0xffffff8b][0xffffffb9]-[0xffffffaf]QS[0x7][0xffffffe0][0xffffffcb][0xffffff96]PC[0x7]x$ [0xffffffe7][0xffffff82][0xffffffba]9[0x13][0x13]\F[0xffffff95]V[0xffffffce]$[0xffffffa9][0xffffff90][0x8][0xffffffb5]qX[0x1a]LY[0xf][0xffffffab]W[0xffffffae][0xffffff9e][0xffffff9e]|[0xffffffa2][0xffffffae]N[0x0]mU[0xffffffed][0xffffffe8]0b<w[0xffffff89][0xffffffd5]v.[0xffffff9e][0xffffffd9]LJ+'-[0x1d][0x1d][0xffffffea][0xffffffe2][0xffffffa4][0xffffffaa][0xffffffa4]tp[0xffffffb1],[0x16]R[0xffffff9a]7[0xffffffa1][0xffffffb0][0xffffffbb][0xffffffcd]H[0xffffffeb][0xfffffff0][0xffffffbe][0xffffff8c][0xffffff8f][0xffffffd3]e[0xffffffbd][0xffffffee][0xffffffcf][0xffffffe7][0xfffffff1][0xffffff98][0xffffffa1][0xc][0xfffffff8][0x1d][0xffffffb2][0xfffffff1][0xffffffef][0x7][0xffffffc9][0x14][0x1]K[0x18]H[0xffffff9f][0xffffffc3][0xffffffd7]<`[0xffffff9d][0xffffffc4][0xffffffaf]][0xffffffde][0xf][0xffffffe5][0x2]^,[0xffffffad]|6e,:[0xffffffb8][0xffffffd3].[0xffffff9f][0x11][0xffffff89][0xffffff87])n2[0xffffffd6][0xffffffa4][0x7f][0x1][0xffffff80][0xffffffd3][0xffffff80][0xffffffca][0xffffff80][0x12][0x0][0x0]"
13:43:03.373 [main] DEBUG org.apache.hc.client5.http.impl.classic.InternalHttpClient - ep-0000000027 releasing valid endpoint
13:43:03.373 [main] DEBUG org.apache.hc.client5.http.impl.io.PoolingHttpClientConnectionManager - ep-0000000027 releasing endpoint
13:43:03.373 [main] DEBUG org.apache.hc.client5.http.impl.io.PoolingHttpClientConnectionManager - ep-0000000027 connection http-outgoing-18 can be kept alive for 3 MINUTES
13:43:03.373 [main] DEBUG org.apache.hc.client5.http.impl.io.PoolingHttpClientConnectionManager - ep-0000000027 connection released [route: {s}->https://raw.githubusercontent.com:443][total available: 1; route allocated: 1 of 5; total allocated: 2 of 25]
13:43:03.373 [main] DEBUG io.github.bonigarcia.wdm.versions.VersionDetector - Driver for chrome115 not found in online properties (using local versions.properties)
13:43:03.374 [main] DEBUG io.github.bonigarcia.wdm.WebDriverManager - The driver version for CHROME 115 is unknown ... trying with latest
13:43:03.375 [main] DEBUG org.apache.hc.client5.http.impl.classic.InternalHttpClient - ex-0000000028 preparing request execution
13:43:03.375 [main] DEBUG org.apache.hc.client5.http.impl.classic.ProtocolExec - ex-0000000028 target auth state: UNCHALLENGED
13:43:03.375 [main] DEBUG org.apache.hc.client5.http.impl.classic.ProtocolExec - ex-0000000028 proxy auth state: UNCHALLENGED
13:43:03.375 [main] DEBUG org.apache.hc.client5.http.impl.classic.ConnectExec - ex-0000000028 acquiring connection with route {s}->https://chromedriver.storage.googleapis.com:443
13:43:03.375 [main] DEBUG org.apache.hc.client5.http.impl.classic.InternalHttpClient - ex-0000000028 acquiring endpoint (3 MINUTES)
13:43:03.375 [main] DEBUG org.apache.hc.client5.http.impl.io.PoolingHttpClientConnectionManager - ex-0000000028 endpoint lease request (3 MINUTES) [route: {s}->https://chromedriver.storage.googleapis.com:443][total available: 1; route allocated: 1 of 5; total allocated: 2 of 25]
13:43:03.375 [main] DEBUG org.apache.hc.client5.http.impl.io.PoolingHttpClientConnectionManager - ex-0000000028 endpoint leased [route: {s}->https://chromedriver.storage.googleapis.com:443][total available: 1; route allocated: 2 of 5; total allocated: 3 of 25]
13:43:03.375 [main] DEBUG org.apache.hc.client5.http.impl.io.PoolingHttpClientConnectionManager - ex-0000000028 acquired ep-0000000028
13:43:03.375 [main] DEBUG org.apache.hc.client5.http.impl.classic.InternalHttpClient - ex-0000000028 acquired endpoint ep-0000000028
13:43:03.375 [main] DEBUG org.apache.hc.client5.http.impl.classic.ConnectExec - ex-0000000028 opening connection {s}->https://chromedriver.storage.googleapis.com:443
13:43:03.375 [main] DEBUG org.apache.hc.client5.http.impl.classic.InternalHttpClient - ep-0000000028 connecting endpoint (null)
13:43:03.375 [main] DEBUG org.apache.hc.client5.http.impl.io.PoolingHttpClientConnectionManager - ep-0000000028 connecting endpoint to https://chromedriver.storage.googleapis.com:443 (30 SECONDS)
13:43:03.375 [main] DEBUG org.apache.hc.client5.http.impl.io.DefaultHttpClientConnectionOperator - chromedriver.storage.googleapis.com resolving remote address
13:43:03.375 [main] DEBUG org.apache.hc.client5.http.impl.io.DefaultHttpClientConnectionOperator - chromedriver.storage.googleapis.com resolved to [chromedriver.storage.googleapis.com/173.194.221.128, chromedriver.storage.googleapis.com/64.233.161.128, chromedriver.storage.googleapis.com/64.233.162.128, chromedriver.storage.googleapis.com/74.125.205.128, chromedriver.storage.googleapis.com/64.233.164.128, chromedriver.storage.googleapis.com/108.177.14.128, chromedriver.storage.googleapis.com/64.233.165.128, chromedriver.storage.googleapis.com/64.233.163.128, chromedriver.storage.googleapis.com/142.250.150.128, chromedriver.storage.googleapis.com/209.85.233.128, chromedriver.storage.googleapis.com/173.194.220.128, chromedriver.storage.googleapis.com/173.194.222.128, chromedriver.storage.googleapis.com/173.194.73.128, chromedriver.storage.googleapis.com/142.251.1.128]
13:43:03.375 [main] DEBUG org.apache.hc.client5.http.impl.io.DefaultHttpClientConnectionOperator - chromedriver.storage.googleapis.com:443 connecting null->chromedriver.storage.googleapis.com/173.194.221.128:443 (30 SECONDS)
13:43:03.375 [main] DEBUG org.apache.hc.client5.http.ssl.SSLConnectionSocketFactory - Connecting socket to chromedriver.storage.googleapis.com/173.194.221.128:443 with timeout 30 SECONDS
13:43:03.478 [main] DEBUG org.apache.hc.client5.http.ssl.SSLConnectionSocketFactory - Enabled protocols: [TLSv1.3, TLSv1.2]
13:43:03.478 [main] DEBUG org.apache.hc.client5.http.ssl.SSLConnectionSocketFactory - Enabled cipher suites: [TLS_AES_256_GCM_SHA384, TLS_AES_128_GCM_SHA256, TLS_CHACHA20_POLY1305_SHA256, TLS_ECDHE_ECDSA_WITH_AES_256_GCM_SHA384, TLS_ECDHE_ECDSA_WITH_AES_128_GCM_SHA256, TLS_ECDHE_ECDSA_WITH_CHACHA20_POLY1305_SHA256, TLS_ECDHE_RSA_WITH_AES_256_GCM_SHA384, TLS_ECDHE_RSA_WITH_CHACHA20_POLY1305_SHA256, TLS_ECDHE_RSA_WITH_AES_128_GCM_SHA256, TLS_DHE_RSA_WITH_AES_256_GCM_SHA384, TLS_DHE_RSA_WITH_CHACHA20_POLY1305_SHA256, TLS_DHE_DSS_WITH_AES_256_GCM_SHA384, TLS_DHE_RSA_WITH_AES_128_GCM_SHA256, TLS_DHE_DSS_WITH_AES_128_GCM_SHA256, TLS_ECDHE_ECDSA_WITH_AES_256_CBC_SHA384, TLS_ECDHE_RSA_WITH_AES_256_CBC_SHA384, TLS_ECDHE_ECDSA_WITH_AES_128_CBC_SHA256, TLS_ECDHE_RSA_WITH_AES_128_CBC_SHA256, TLS_DHE_RSA_WITH_AES_256_CBC_SHA256, TLS_DHE_DSS_WITH_AES_256_CBC_SHA256, TLS_DHE_RSA_WITH_AES_128_CBC_SHA256, TLS_DHE_DSS_WITH_AES_128_CBC_SHA256, TLS_ECDH_ECDSA_WITH_AES_256_GCM_SHA384, TLS_ECDH_RSA_WITH_AES_256_GCM_SHA384, TLS_ECDH_ECDSA_WITH_AES_128_GCM_SHA256, TLS_ECDH_RSA_WITH_AES_128_GCM_SHA256, TLS_ECDH_ECDSA_WITH_AES_256_CBC_SHA384, TLS_ECDH_RSA_WITH_AES_256_CBC_SHA384, TLS_ECDH_ECDSA_WITH_AES_128_CBC_SHA256, TLS_ECDH_RSA_WITH_AES_128_CBC_SHA256, TLS_ECDHE_ECDSA_WITH_AES_256_CBC_SHA, TLS_ECDHE_RSA_WITH_AES_256_CBC_SHA, TLS_ECDHE_ECDSA_WITH_AES_128_CBC_SHA, TLS_ECDHE_RSA_WITH_AES_128_CBC_SHA, TLS_DHE_RSA_WITH_AES_256_CBC_SHA, TLS_DHE_DSS_WITH_AES_256_CBC_SHA, TLS_DHE_RSA_WITH_AES_128_CBC_SHA, TLS_DHE_DSS_WITH_AES_128_CBC_SHA, TLS_ECDH_ECDSA_WITH_AES_256_CBC_SHA, TLS_ECDH_RSA_WITH_AES_256_CBC_SHA, TLS_ECDH_ECDSA_WITH_AES_128_CBC_SHA, TLS_ECDH_RSA_WITH_AES_128_CBC_SHA, TLS_RSA_WITH_AES_256_GCM_SHA384, TLS_RSA_WITH_AES_128_GCM_SHA256, TLS_RSA_WITH_AES_256_CBC_SHA256, TLS_RSA_WITH_AES_128_CBC_SHA256, TLS_RSA_WITH_AES_256_CBC_SHA, TLS_RSA_WITH_AES_128_CBC_SHA, TLS_EMPTY_RENEGOTIATION_INFO_SCSV]
13:43:03.478 [main] DEBUG org.apache.hc.client5.http.ssl.SSLConnectionSocketFactory - Starting handshake (null)
13:43:03.595 [main] DEBUG org.apache.hc.client5.http.ssl.SSLConnectionSocketFactory - Secure session established
13:43:03.595 [main] DEBUG org.apache.hc.client5.http.ssl.SSLConnectionSocketFactory -  negotiated protocol: TLSv1.3
13:43:03.595 [main] DEBUG org.apache.hc.client5.http.ssl.SSLConnectionSocketFactory -  negotiated cipher suite: TLS_AES_256_GCM_SHA384
13:43:03.595 [main] DEBUG org.apache.hc.client5.http.ssl.SSLConnectionSocketFactory -  peer principal: CN=*.storage.googleapis.com
13:43:03.595 [main] DEBUG org.apache.hc.client5.http.ssl.SSLConnectionSocketFactory -  peer alternative names: [*.storage.googleapis.com, *.googleapis.com, commondatastorage.googleapis.com, *.commondatastorage.googleapis.com, storage.googleapis.com, storage-p2.googleapis.com, *.storage-p2.googleapis.com, storage.mtls.googleapis.com, *.appspot.com.storage.googleapis.com, *.content-storage.googleapis.com, *.content-storage-p2.googleapis.com, *.content-storage-upload.googleapis.com, *.content-storage-download.googleapis.com, *.storage-upload.googleapis.com, *.storage-download.googleapis.com]
13:43:03.595 [main] DEBUG org.apache.hc.client5.http.ssl.SSLConnectionSocketFactory -  issuer principal: CN=GTS CA 1C3, O=Google Trust Services LLC, C=US
13:43:03.595 [main] DEBUG org.apache.hc.client5.http.impl.io.DefaultManagedHttpClientConnection - http-outgoing-20 set socket timeout to 3 MINUTES
13:43:03.595 [main] DEBUG org.apache.hc.client5.http.impl.io.DefaultHttpClientConnectionOperator - chromedriver.storage.googleapis.com:443 connected null->chromedriver.storage.googleapis.com/173.194.221.128:443 as http-outgoing-20
13:43:03.595 [main] DEBUG org.apache.hc.client5.http.impl.io.PoolingHttpClientConnectionManager - ep-0000000028 connected http-outgoing-20
13:43:03.595 [main] DEBUG org.apache.hc.client5.http.impl.classic.InternalHttpClient - ep-0000000028 endpoint connected
13:43:03.595 [main] DEBUG org.apache.hc.client5.http.impl.classic.MainClientExec - ex-0000000028 executing GET /LATEST_RELEASE HTTP/1.1
13:43:03.595 [main] DEBUG org.apache.hc.client5.http.protocol.RequestAddCookies - ex-0000000028 Cookie spec selected: strict
13:43:03.595 [main] DEBUG org.apache.hc.client5.http.impl.classic.InternalHttpClient - ep-0000000028 start execution ex-0000000028
13:43:03.595 [main] DEBUG org.apache.hc.client5.http.impl.io.PoolingHttpClientConnectionManager - ep-0000000028 executing exchange ex-0000000028 over http-outgoing-20
13:43:03.595 [main] DEBUG org.apache.hc.client5.http.headers - http-outgoing-20 >> GET /LATEST_RELEASE HTTP/1.1
13:43:03.595 [main] DEBUG org.apache.hc.client5.http.headers - http-outgoing-20 >> user-agent: Apache-HttpClient/5.0
13:43:03.595 [main] DEBUG org.apache.hc.client5.http.headers - http-outgoing-20 >> accept-encoding: gzip, deflate, br
13:43:03.595 [main] DEBUG org.apache.hc.client5.http.headers - http-outgoing-20 >> cache-control: max-age=0
13:43:03.595 [main] DEBUG org.apache.hc.client5.http.headers - http-outgoing-20 >> connection: keep-alive
13:43:03.595 [main] DEBUG org.apache.hc.client5.http.headers - http-outgoing-20 >> Host: chromedriver.storage.googleapis.com
13:43:03.595 [main] DEBUG org.apache.hc.client5.http.wire - http-outgoing-20 >> "GET /LATEST_RELEASE HTTP/1.1[\r][\n]"
13:43:03.595 [main] DEBUG org.apache.hc.client5.http.wire - http-outgoing-20 >> "user-agent: Apache-HttpClient/5.0[\r][\n]"
13:43:03.595 [main] DEBUG org.apache.hc.client5.http.wire - http-outgoing-20 >> "accept-encoding: gzip, deflate, br[\r][\n]"
13:43:03.595 [main] DEBUG org.apache.hc.client5.http.wire - http-outgoing-20 >> "cache-control: max-age=0[\r][\n]"
13:43:03.595 [main] DEBUG org.apache.hc.client5.http.wire - http-outgoing-20 >> "connection: keep-alive[\r][\n]"
13:43:03.595 [main] DEBUG org.apache.hc.client5.http.wire - http-outgoing-20 >> "Host: chromedriver.storage.googleapis.com[\r][\n]"
13:43:03.595 [main] DEBUG org.apache.hc.client5.http.wire - http-outgoing-20 >> "[\r][\n]"
13:43:03.689 [main] DEBUG org.apache.hc.client5.http.wire - http-outgoing-20 << "HTTP/1.1 200 OK[\r][\n]"
13:43:03.689 [main] DEBUG org.apache.hc.client5.http.wire - http-outgoing-20 << "X-GUploader-UploadID: ADPycdv84dNtfnmEcesdIebgfhr1D2cBE0FJoXmC4uwfEFrRBDJjcf7xPD0_4_BMRjnypkuBn_KI_WxsKq4SZzOyHU6Vyw[\r][\n]"
13:43:03.689 [main] DEBUG org.apache.hc.client5.http.wire - http-outgoing-20 << "x-goog-generation: 1685523462105569[\r][\n]"
13:43:03.689 [main] DEBUG org.apache.hc.client5.http.wire - http-outgoing-20 << "x-goog-metageneration: 1[\r][\n]"
13:43:03.689 [main] DEBUG org.apache.hc.client5.http.wire - http-outgoing-20 << "x-goog-stored-content-encoding: identity[\r][\n]"
13:43:03.689 [main] DEBUG org.apache.hc.client5.http.wire - http-outgoing-20 << "x-goog-stored-content-length: 13[\r][\n]"
13:43:03.689 [main] DEBUG org.apache.hc.client5.http.wire - http-outgoing-20 << "x-goog-hash: crc32c=tVW4TA==[\r][\n]"
13:43:03.689 [main] DEBUG org.apache.hc.client5.http.wire - http-outgoing-20 << "x-goog-hash: md5=NoaEuIlBlniwTkiZ1T16sA==[\r][\n]"
13:43:03.689 [main] DEBUG org.apache.hc.client5.http.wire - http-outgoing-20 << "x-goog-storage-class: STANDARD[\r][\n]"
13:43:03.689 [main] DEBUG org.apache.hc.client5.http.wire - http-outgoing-20 << "Accept-Ranges: bytes[\r][\n]"
13:43:03.689 [main] DEBUG org.apache.hc.client5.http.wire - http-outgoing-20 << "Content-Length: 13[\r][\n]"
13:43:03.689 [main] DEBUG org.apache.hc.client5.http.wire - http-outgoing-20 << "Server: UploadServer[\r][\n]"
13:43:03.689 [main] DEBUG org.apache.hc.client5.http.wire - http-outgoing-20 << "Date: Mon, 31 Jul 2023 07:13:14 GMT[\r][\n]"
13:43:03.689 [main] DEBUG org.apache.hc.client5.http.wire - http-outgoing-20 << "Expires: Mon, 31 Jul 2023 08:13:14 GMT[\r][\n]"
13:43:03.689 [main] DEBUG org.apache.hc.client5.http.wire - http-outgoing-20 << "Cache-Control: public, max-age=3600[\r][\n]"
13:43:03.689 [main] DEBUG org.apache.hc.client5.http.wire - http-outgoing-20 << "Age: 1788[\r][\n]"
13:43:03.689 [main] DEBUG org.apache.hc.client5.http.wire - http-outgoing-20 << "Last-Modified: Wed, 31 May 2023 08:57:42 GMT[\r][\n]"
13:43:03.689 [main] DEBUG org.apache.hc.client5.http.wire - http-outgoing-20 << "ETag: "368684b889419678b04e4899d53d7ab0"[\r][\n]"
13:43:03.689 [main] DEBUG org.apache.hc.client5.http.wire - http-outgoing-20 << "Content-Type: text/plain[\r][\n]"
13:43:03.689 [main] DEBUG org.apache.hc.client5.http.wire - http-outgoing-20 << "Alt-Svc: h3=":443"; ma=2592000,h3-29=":443"; ma=2592000[\r][\n]"
13:43:03.689 [main] DEBUG org.apache.hc.client5.http.wire - http-outgoing-20 << "[\r][\n]"
13:43:03.689 [main] DEBUG org.apache.hc.client5.http.wire - http-outgoing-20 << "114.0.5735.90"
13:43:03.689 [main] DEBUG org.apache.hc.client5.http.headers - http-outgoing-20 << HTTP/1.1 200 OK
13:43:03.689 [main] DEBUG org.apache.hc.client5.http.headers - http-outgoing-20 << X-GUploader-UploadID: ADPycdv84dNtfnmEcesdIebgfhr1D2cBE0FJoXmC4uwfEFrRBDJjcf7xPD0_4_BMRjnypkuBn_KI_WxsKq4SZzOyHU6Vyw
13:43:03.689 [main] DEBUG org.apache.hc.client5.http.headers - http-outgoing-20 << x-goog-generation: 1685523462105569
13:43:03.689 [main] DEBUG org.apache.hc.client5.http.headers - http-outgoing-20 << x-goog-metageneration: 1
13:43:03.689 [main] DEBUG org.apache.hc.client5.http.headers - http-outgoing-20 << x-goog-stored-content-encoding: identity
13:43:03.689 [main] DEBUG org.apache.hc.client5.http.headers - http-outgoing-20 << x-goog-stored-content-length: 13
13:43:03.689 [main] DEBUG org.apache.hc.client5.http.headers - http-outgoing-20 << x-goog-hash: crc32c=tVW4TA==
13:43:03.689 [main] DEBUG org.apache.hc.client5.http.headers - http-outgoing-20 << x-goog-hash: md5=NoaEuIlBlniwTkiZ1T16sA==
13:43:03.689 [main] DEBUG org.apache.hc.client5.http.headers - http-outgoing-20 << x-goog-storage-class: STANDARD
13:43:03.689 [main] DEBUG org.apache.hc.client5.http.headers - http-outgoing-20 << Accept-Ranges: bytes
13:43:03.689 [main] DEBUG org.apache.hc.client5.http.headers - http-outgoing-20 << Content-Length: 13
13:43:03.689 [main] DEBUG org.apache.hc.client5.http.headers - http-outgoing-20 << Server: UploadServer
13:43:03.689 [main] DEBUG org.apache.hc.client5.http.headers - http-outgoing-20 << Date: Mon, 31 Jul 2023 07:13:14 GMT
13:43:03.689 [main] DEBUG org.apache.hc.client5.http.headers - http-outgoing-20 << Expires: Mon, 31 Jul 2023 08:13:14 GMT
13:43:03.689 [main] DEBUG org.apache.hc.client5.http.headers - http-outgoing-20 << Cache-Control: public, max-age=3600
13:43:03.689 [main] DEBUG org.apache.hc.client5.http.headers - http-outgoing-20 << Age: 1788
13:43:03.689 [main] DEBUG org.apache.hc.client5.http.headers - http-outgoing-20 << Last-Modified: Wed, 31 May 2023 08:57:42 GMT
13:43:03.689 [main] DEBUG org.apache.hc.client5.http.headers - http-outgoing-20 << ETag: "368684b889419678b04e4899d53d7ab0"
13:43:03.689 [main] DEBUG org.apache.hc.client5.http.headers - http-outgoing-20 << Content-Type: text/plain
13:43:03.689 [main] DEBUG org.apache.hc.client5.http.headers - http-outgoing-20 << Alt-Svc: h3=":443"; ma=2592000,h3-29=":443"; ma=2592000
13:43:03.690 [main] DEBUG org.apache.hc.client5.http.impl.classic.MainClientExec - ex-0000000028 connection can be kept alive for 3 MINUTES
13:43:03.690 [main] DEBUG org.apache.hc.client5.http.impl.classic.InternalHttpClient - ep-0000000028 releasing valid endpoint
13:43:03.690 [main] DEBUG org.apache.hc.client5.http.impl.io.PoolingHttpClientConnectionManager - ep-0000000028 releasing endpoint
13:43:03.690 [main] DEBUG org.apache.hc.client5.http.impl.io.PoolingHttpClientConnectionManager - ep-0000000028 connection http-outgoing-20 can be kept alive for 3 MINUTES
13:43:03.690 [main] DEBUG org.apache.hc.client5.http.impl.io.PoolingHttpClientConnectionManager - ep-0000000028 connection released [route: {s}->https://chromedriver.storage.googleapis.com:443][total available: 2; route allocated: 2 of 5; total allocated: 3 of 25]
13:43:03.690 [main] DEBUG io.github.bonigarcia.wdm.versions.VersionDetector - Latest version of chromedriver according to https://chromedriver.storage.googleapis.com/LATEST_RELEASE is 114.0.5735.90
13:43:03.693 [main] DEBUG io.github.bonigarcia.wdm.WebDriverManager - Driver chromedriver 114.0.5735.90 found in cache
13:43:03.693 [main] INFO io.github.bonigarcia.wdm.WebDriverManager - Exporting webdriver.chrome.driver as C:\Users\Asus\.cache\selenium\chromedriver\win32\114.0.5735.90\chromedriver.exe
13:43:03.753 [AsyncHttpClient-1-20] DEBUG org.asynchttpclient.netty.channel.NettyConnectListener - Using new Channel '[id: 0xc3534585, L:/127.0.0.1:55338 - R:localhost/127.0.0.1:12531]' for 'POST' to '/session'
13:43:04.284 [AsyncHttpClient-1-20] DEBUG org.asynchttpclient.netty.handler.HttpHandler - 

Request DefaultHttpRequest(decodeResult: success, version: HTTP/1.1)
POST /session HTTP/1.1
User-Agent: selenium/4.10.0 (java windows)
Content-Length: 363
Content-Type: application/json; charset=utf-8
host: localhost:12531
accept: */*

Response DefaultHttpResponse(decodeResult: success, version: HTTP/1.1)
HTTP/1.1 200 OK
Content-Length: 859
Content-Type: application/json; charset=utf-8
cache-control: no-cache

13:43:04.284 [AsyncHttpClient-1-20] DEBUG org.asynchttpclient.netty.channel.ChannelManager - Adding key: http://localhost:12531 for channel [id: 0xc3534585, L:/127.0.0.1:55338 - R:localhost/127.0.0.1:12531]
13:43:04.289 [AsyncHttpClient-1-21] DEBUG org.asynchttpclient.netty.channel.NettyConnectListener - Using new Channel '[id: 0x7ef4c98c, L:/127.0.0.1:55345 - R:localhost/127.0.0.1:55339]' for 'GET' to '/json/version'
13:43:04.292 [AsyncHttpClient-1-21] DEBUG org.asynchttpclient.netty.handler.HttpHandler - 

Request DefaultFullHttpRequest(decodeResult: success, version: HTTP/1.1, content: EmptyByteBufBE)
GET /json/version HTTP/1.1
User-Agent: selenium/4.10.0 (java windows)
host: localhost:55339
accept: */*

Response DefaultHttpResponse(decodeResult: success, version: HTTP/1.1)
HTTP/1.1 200 OK
Content-Security-Policy: frame-ancestors 'none'
Content-Length: 424
Content-Type: application/json; charset=UTF-8

13:43:04.292 [AsyncHttpClient-1-21] DEBUG org.asynchttpclient.netty.channel.ChannelManager - Adding key: http://localhost:55339 for channel [id: 0x7ef4c98c, L:/127.0.0.1:55345 - R:localhost/127.0.0.1:55339]
13:43:04.294 [AsyncHttpClient-1-22] DEBUG org.asynchttpclient.netty.channel.NettyConnectListener - Using new Channel '[id: 0x7c416eee, L:/127.0.0.1:55346 - R:localhost/127.0.0.1:55339]' for 'GET' to '/devtools/browser/ff7cfed3-044c-4e42-8f42-c9c40e5409d8'
13:43:04.297 [AsyncHttpClient-1-22] DEBUG org.asynchttpclient.netty.handler.WebSocketHandler - 

Request DefaultFullHttpRequest(decodeResult: success, version: HTTP/1.1, content: EmptyByteBufBE)
GET /devtools/browser/ff7cfed3-044c-4e42-8f42-c9c40e5409d8 HTTP/1.1
upgrade: websocket
connection: upgrade
sec-websocket-key: b+R4CzAdcw5XXRAMJ45sLw==
sec-websocket-version: 13
origin: http://localhost:55339
host: localhost:55339
accept: */*
user-agent: AHC/2.1

Response DefaultHttpResponse(decodeResult: success, version: HTTP/1.1)
HTTP/1.1 101 WebSocket Protocol Handshake
Upgrade: WebSocket
Connection: Upgrade
Sec-WebSocket-Accept: WdS7Ol3dxeCAvrieshRbom8DJww=

13:43:04.299 [Forwarding setTimeout on session 00c09ade59cc3377faa41a4dd398427e to remote] DEBUG org.asynchttpclient.netty.request.NettyRequestSender - Using pooled Channel '[id: 0xc3534585, L:/127.0.0.1:55338 - R:localhost/127.0.0.1:12531]' for 'POST' to 'http://localhost:12531/session/00c09ade59cc3377faa41a4dd398427e/timeouts'
13:43:04.299 [Forwarding setTimeout on session 00c09ade59cc3377faa41a4dd398427e to remote] DEBUG org.asynchttpclient.netty.request.NettyRequestSender - Using open Channel [id: 0xc3534585, L:/127.0.0.1:55338 - R:localhost/127.0.0.1:12531] for POST '/session/00c09ade59cc3377faa41a4dd398427e/timeouts'
13:43:04.299 [AsyncHttpClient-1-20] DEBUG org.asynchttpclient.netty.handler.HttpHandler - 

Request DefaultHttpRequest(decodeResult: success, version: HTTP/1.1)
POST /session/00c09ade59cc3377faa41a4dd398427e/timeouts HTTP/1.1
User-Agent: selenium/4.10.0 (java windows)
Content-Length: 23
Content-Type: application/json; charset=utf-8
host: localhost:12531
accept: */*

Response DefaultHttpResponse(decodeResult: success, version: HTTP/1.1)
HTTP/1.1 200 OK
Content-Length: 14
Content-Type: application/json; charset=utf-8
cache-control: no-cache

13:43:04.299 [AsyncHttpClient-1-20] DEBUG org.asynchttpclient.netty.channel.ChannelManager - Adding key: http://localhost:12531 for channel [id: 0xc3534585, L:/127.0.0.1:55338 - R:localhost/127.0.0.1:12531]
13:43:04.300 [Forwarding maximizeCurrentWindow on session 00c09ade59cc3377faa41a4dd398427e to remote] DEBUG org.asynchttpclient.netty.request.NettyRequestSender - Using pooled Channel '[id: 0xc3534585, L:/127.0.0.1:55338 - R:localhost/127.0.0.1:12531]' for 'POST' to 'http://localhost:12531/session/00c09ade59cc3377faa41a4dd398427e/window/maximize'
13:43:04.300 [Forwarding maximizeCurrentWindow on session 00c09ade59cc3377faa41a4dd398427e to remote] DEBUG org.asynchttpclient.netty.request.NettyRequestSender - Using open Channel [id: 0xc3534585, L:/127.0.0.1:55338 - R:localhost/127.0.0.1:12531] for POST '/session/00c09ade59cc3377faa41a4dd398427e/window/maximize'
13:43:04.415 [AsyncHttpClient-1-20] DEBUG org.asynchttpclient.netty.handler.HttpHandler - 

Request DefaultHttpRequest(decodeResult: success, version: HTTP/1.1)
POST /session/00c09ade59cc3377faa41a4dd398427e/window/maximize HTTP/1.1
User-Agent: selenium/4.10.0 (java windows)
Content-Length: 3
Content-Type: application/json; charset=utf-8
host: localhost:12531
accept: */*

Response DefaultHttpResponse(decodeResult: success, version: HTTP/1.1)
HTTP/1.1 200 OK
Content-Length: 52
Content-Type: application/json; charset=utf-8
cache-control: no-cache

13:43:04.415 [AsyncHttpClient-1-20] DEBUG org.asynchttpclient.netty.channel.ChannelManager - Adding key: http://localhost:12531 for channel [id: 0xc3534585, L:/127.0.0.1:55338 - R:localhost/127.0.0.1:12531]
[INFO ] 2023-07-31 13:43:04.415 [main] Driver - Chrome driver started successfully
13:43:04.416 [Forwarding get on session 00c09ade59cc3377faa41a4dd398427e to remote] DEBUG org.asynchttpclient.netty.request.NettyRequestSender - Using pooled Channel '[id: 0xc3534585, L:/127.0.0.1:55338 - R:localhost/127.0.0.1:12531]' for 'POST' to 'http://localhost:12531/session/00c09ade59cc3377faa41a4dd398427e/url'
13:43:04.416 [Forwarding get on session 00c09ade59cc3377faa41a4dd398427e to remote] DEBUG org.asynchttpclient.netty.request.NettyRequestSender - Using open Channel [id: 0xc3534585, L:/127.0.0.1:55338 - R:localhost/127.0.0.1:12531] for POST '/session/00c09ade59cc3377faa41a4dd398427e/url'
13:43:05.260 [AsyncHttpClient-1-1] DEBUG org.asynchttpclient.netty.channel.DefaultChannelPool - Entry count for : http://localhost:55339 : 1
13:43:06.356 [AsyncHttpClient-1-1] DEBUG org.asynchttpclient.netty.channel.DefaultChannelPool - Entry count for : http://localhost:55339 : 1
13:43:07.453 [AsyncHttpClient-1-1] DEBUG org.asynchttpclient.netty.channel.DefaultChannelPool - Entry count for : http://localhost:55339 : 1
13:43:08.553 [AsyncHttpClient-1-1] DEBUG org.asynchttpclient.netty.channel.DefaultChannelPool - Entry count for : http://localhost:55339 : 1
13:43:09.084 [AsyncHttpClient-1-20] DEBUG org.asynchttpclient.netty.handler.HttpHandler - 

Request DefaultHttpRequest(decodeResult: success, version: HTTP/1.1)
POST /session/00c09ade59cc3377faa41a4dd398427e/url HTTP/1.1
User-Agent: selenium/4.10.0 (java windows)
Content-Length: 75
Content-Type: application/json; charset=utf-8
host: localhost:12531
accept: */*

Response DefaultHttpResponse(decodeResult: success, version: HTTP/1.1)
HTTP/1.1 200 OK
Content-Length: 14
Content-Type: application/json; charset=utf-8
cache-control: no-cache

13:43:09.084 [AsyncHttpClient-1-20] DEBUG org.asynchttpclient.netty.channel.ChannelManager - Adding key: http://localhost:12531 for channel [id: 0xc3534585, L:/127.0.0.1:55338 - R:localhost/127.0.0.1:12531]
13:43:09.084 [Forwarding findElement on session 00c09ade59cc3377faa41a4dd398427e to remote] DEBUG org.asynchttpclient.netty.request.NettyRequestSender - Using pooled Channel '[id: 0xc3534585, L:/127.0.0.1:55338 - R:localhost/127.0.0.1:12531]' for 'POST' to 'http://localhost:12531/session/00c09ade59cc3377faa41a4dd398427e/element'
13:43:09.084 [Forwarding findElement on session 00c09ade59cc3377faa41a4dd398427e to remote] DEBUG org.asynchttpclient.netty.request.NettyRequestSender - Using open Channel [id: 0xc3534585, L:/127.0.0.1:55338 - R:localhost/127.0.0.1:12531] for POST '/session/00c09ade59cc3377faa41a4dd398427e/element'
13:43:09.093 [AsyncHttpClient-1-20] DEBUG org.asynchttpclient.netty.handler.HttpHandler - 

Request DefaultHttpRequest(decodeResult: success, version: HTTP/1.1)
POST /session/00c09ade59cc3377faa41a4dd398427e/element HTTP/1.1
User-Agent: selenium/4.10.0 (java windows)
Content-Length: 102
Content-Type: application/json; charset=utf-8
host: localhost:12531
accept: */*

Response DefaultHttpResponse(decodeResult: success, version: HTTP/1.1)
HTTP/1.1 200 OK
Content-Length: 95
Content-Type: application/json; charset=utf-8
cache-control: no-cache

13:43:09.093 [AsyncHttpClient-1-20] DEBUG org.asynchttpclient.netty.channel.ChannelManager - Adding key: http://localhost:12531 for channel [id: 0xc3534585, L:/127.0.0.1:55338 - R:localhost/127.0.0.1:12531]
13:43:09.094 [Forwarding isElementDisplayed on session 00c09ade59cc3377faa41a4dd398427e to remote] DEBUG org.asynchttpclient.netty.request.NettyRequestSender - Using pooled Channel '[id: 0xc3534585, L:/127.0.0.1:55338 - R:localhost/127.0.0.1:12531]' for 'POST' to 'http://localhost:12531/session/00c09ade59cc3377faa41a4dd398427e/execute/sync'
13:43:09.094 [Forwarding isElementDisplayed on session 00c09ade59cc3377faa41a4dd398427e to remote] DEBUG org.asynchttpclient.netty.request.NettyRequestSender - Using open Channel [id: 0xc3534585, L:/127.0.0.1:55338 - R:localhost/127.0.0.1:12531] for POST '/session/00c09ade59cc3377faa41a4dd398427e/execute/sync'
13:43:09.103 [AsyncHttpClient-1-20] DEBUG org.asynchttpclient.netty.handler.HttpHandler - 

Request DefaultHttpRequest(decodeResult: success, version: HTTP/1.1)
POST /session/00c09ade59cc3377faa41a4dd398427e/execute/sync HTTP/1.1
User-Agent: selenium/4.10.0 (java windows)
Content-Length: 48814
Content-Type: application/json; charset=utf-8
host: localhost:12531
accept: */*

Response DefaultHttpResponse(decodeResult: success, version: HTTP/1.1)
HTTP/1.1 200 OK
Content-Length: 14
Content-Type: application/json; charset=utf-8
cache-control: no-cache

13:43:09.103 [AsyncHttpClient-1-20] DEBUG org.asynchttpclient.netty.channel.ChannelManager - Adding key: http://localhost:12531 for channel [id: 0xc3534585, L:/127.0.0.1:55338 - R:localhost/127.0.0.1:12531]
13:43:09.104 [Forwarding findElement on session 00c09ade59cc3377faa41a4dd398427e to remote] DEBUG org.asynchttpclient.netty.request.NettyRequestSender - Using pooled Channel '[id: 0xc3534585, L:/127.0.0.1:55338 - R:localhost/127.0.0.1:12531]' for 'POST' to 'http://localhost:12531/session/00c09ade59cc3377faa41a4dd398427e/element'
13:43:09.104 [Forwarding findElement on session 00c09ade59cc3377faa41a4dd398427e to remote] DEBUG org.asynchttpclient.netty.request.NettyRequestSender - Using open Channel [id: 0xc3534585, L:/127.0.0.1:55338 - R:localhost/127.0.0.1:12531] for POST '/session/00c09ade59cc3377faa41a4dd398427e/element'
13:43:09.109 [AsyncHttpClient-1-20] DEBUG org.asynchttpclient.netty.handler.HttpHandler - 

Request DefaultHttpRequest(decodeResult: success, version: HTTP/1.1)
POST /session/00c09ade59cc3377faa41a4dd398427e/element HTTP/1.1
User-Agent: selenium/4.10.0 (java windows)
Content-Length: 102
Content-Type: application/json; charset=utf-8
host: localhost:12531
accept: */*

Response DefaultHttpResponse(decodeResult: success, version: HTTP/1.1)
HTTP/1.1 200 OK
Content-Length: 95
Content-Type: application/json; charset=utf-8
cache-control: no-cache

13:43:09.109 [AsyncHttpClient-1-20] DEBUG org.asynchttpclient.netty.channel.ChannelManager - Adding key: http://localhost:12531 for channel [id: 0xc3534585, L:/127.0.0.1:55338 - R:localhost/127.0.0.1:12531]
13:43:09.109 [Forwarding sendKeysToElement on session 00c09ade59cc3377faa41a4dd398427e to remote] DEBUG org.asynchttpclient.netty.request.NettyRequestSender - Using pooled Channel '[id: 0xc3534585, L:/127.0.0.1:55338 - R:localhost/127.0.0.1:12531]' for 'POST' to 'http://localhost:12531/session/00c09ade59cc3377faa41a4dd398427e/element/1D3DAF9CD51E06D1A4D9F4CA60E31A2D_element_38/value'
13:43:09.110 [Forwarding sendKeysToElement on session 00c09ade59cc3377faa41a4dd398427e to remote] DEBUG org.asynchttpclient.netty.request.NettyRequestSender - Using open Channel [id: 0xc3534585, L:/127.0.0.1:55338 - R:localhost/127.0.0.1:12531] for POST '/session/00c09ade59cc3377faa41a4dd398427e/element/1D3DAF9CD51E06D1A4D9F4CA60E31A2D_element_38/value'
13:43:09.164 [AsyncHttpClient-1-20] DEBUG org.asynchttpclient.netty.handler.HttpHandler - 

Request DefaultHttpRequest(decodeResult: success, version: HTTP/1.1)
POST /session/00c09ade59cc3377faa41a4dd398427e/element/1D3DAF9CD51E06D1A4D9F4CA60E31A2D_element_38/value HTTP/1.1
User-Agent: selenium/4.10.0 (java windows)
Content-Length: 148
Content-Type: application/json; charset=utf-8
host: localhost:12531
accept: */*

Response DefaultHttpResponse(decodeResult: success, version: HTTP/1.1)
HTTP/1.1 200 OK
Content-Length: 14
Content-Type: application/json; charset=utf-8
cache-control: no-cache

13:43:09.164 [AsyncHttpClient-1-20] DEBUG org.asynchttpclient.netty.channel.ChannelManager - Adding key: http://localhost:12531 for channel [id: 0xc3534585, L:/127.0.0.1:55338 - R:localhost/127.0.0.1:12531]
13:43:09.164 [Forwarding findElement on session 00c09ade59cc3377faa41a4dd398427e to remote] DEBUG org.asynchttpclient.netty.request.NettyRequestSender - Using pooled Channel '[id: 0xc3534585, L:/127.0.0.1:55338 - R:localhost/127.0.0.1:12531]' for 'POST' to 'http://localhost:12531/session/00c09ade59cc3377faa41a4dd398427e/element'
13:43:09.165 [Forwarding findElement on session 00c09ade59cc3377faa41a4dd398427e to remote] DEBUG org.asynchttpclient.netty.request.NettyRequestSender - Using open Channel [id: 0xc3534585, L:/127.0.0.1:55338 - R:localhost/127.0.0.1:12531] for POST '/session/00c09ade59cc3377faa41a4dd398427e/element'
13:43:09.173 [AsyncHttpClient-1-20] DEBUG org.asynchttpclient.netty.handler.HttpHandler - 

Request DefaultHttpRequest(decodeResult: success, version: HTTP/1.1)
POST /session/00c09ade59cc3377faa41a4dd398427e/element HTTP/1.1
User-Agent: selenium/4.10.0 (java windows)
Content-Length: 102
Content-Type: application/json; charset=utf-8
host: localhost:12531
accept: */*

Response DefaultHttpResponse(decodeResult: success, version: HTTP/1.1)
HTTP/1.1 200 OK
Content-Length: 95
Content-Type: application/json; charset=utf-8
cache-control: no-cache

13:43:09.173 [AsyncHttpClient-1-20] DEBUG org.asynchttpclient.netty.channel.ChannelManager - Adding key: http://localhost:12531 for channel [id: 0xc3534585, L:/127.0.0.1:55338 - R:localhost/127.0.0.1:12531]
13:43:09.175 [Forwarding isElementDisplayed on session 00c09ade59cc3377faa41a4dd398427e to remote] DEBUG org.asynchttpclient.netty.request.NettyRequestSender - Using pooled Channel '[id: 0xc3534585, L:/127.0.0.1:55338 - R:localhost/127.0.0.1:12531]' for 'POST' to 'http://localhost:12531/session/00c09ade59cc3377faa41a4dd398427e/execute/sync'
13:43:09.175 [Forwarding isElementDisplayed on session 00c09ade59cc3377faa41a4dd398427e to remote] DEBUG org.asynchttpclient.netty.request.NettyRequestSender - Using open Channel [id: 0xc3534585, L:/127.0.0.1:55338 - R:localhost/127.0.0.1:12531] for POST '/session/00c09ade59cc3377faa41a4dd398427e/execute/sync'
13:43:09.183 [AsyncHttpClient-1-20] DEBUG org.asynchttpclient.netty.handler.HttpHandler - 

Request DefaultHttpRequest(decodeResult: success, version: HTTP/1.1)
POST /session/00c09ade59cc3377faa41a4dd398427e/execute/sync HTTP/1.1
User-Agent: selenium/4.10.0 (java windows)
Content-Length: 48814
Content-Type: application/json; charset=utf-8
host: localhost:12531
accept: */*

Response DefaultHttpResponse(decodeResult: success, version: HTTP/1.1)
HTTP/1.1 200 OK
Content-Length: 14
Content-Type: application/json; charset=utf-8
cache-control: no-cache

13:43:09.183 [AsyncHttpClient-1-20] DEBUG org.asynchttpclient.netty.channel.ChannelManager - Adding key: http://localhost:12531 for channel [id: 0xc3534585, L:/127.0.0.1:55338 - R:localhost/127.0.0.1:12531]
13:43:09.184 [Forwarding findElement on session 00c09ade59cc3377faa41a4dd398427e to remote] DEBUG org.asynchttpclient.netty.request.NettyRequestSender - Using pooled Channel '[id: 0xc3534585, L:/127.0.0.1:55338 - R:localhost/127.0.0.1:12531]' for 'POST' to 'http://localhost:12531/session/00c09ade59cc3377faa41a4dd398427e/element'
13:43:09.184 [Forwarding findElement on session 00c09ade59cc3377faa41a4dd398427e to remote] DEBUG org.asynchttpclient.netty.request.NettyRequestSender - Using open Channel [id: 0xc3534585, L:/127.0.0.1:55338 - R:localhost/127.0.0.1:12531] for POST '/session/00c09ade59cc3377faa41a4dd398427e/element'
13:43:09.189 [AsyncHttpClient-1-20] DEBUG org.asynchttpclient.netty.handler.HttpHandler - 

Request DefaultHttpRequest(decodeResult: success, version: HTTP/1.1)
POST /session/00c09ade59cc3377faa41a4dd398427e/element HTTP/1.1
User-Agent: selenium/4.10.0 (java windows)
Content-Length: 102
Content-Type: application/json; charset=utf-8
host: localhost:12531
accept: */*

Response DefaultHttpResponse(decodeResult: success, version: HTTP/1.1)
HTTP/1.1 200 OK
Content-Length: 95
Content-Type: application/json; charset=utf-8
cache-control: no-cache

13:43:09.189 [AsyncHttpClient-1-20] DEBUG org.asynchttpclient.netty.channel.ChannelManager - Adding key: http://localhost:12531 for channel [id: 0xc3534585, L:/127.0.0.1:55338 - R:localhost/127.0.0.1:12531]
13:43:09.189 [Forwarding sendKeysToElement on session 00c09ade59cc3377faa41a4dd398427e to remote] DEBUG org.asynchttpclient.netty.request.NettyRequestSender - Using pooled Channel '[id: 0xc3534585, L:/127.0.0.1:55338 - R:localhost/127.0.0.1:12531]' for 'POST' to 'http://localhost:12531/session/00c09ade59cc3377faa41a4dd398427e/element/1D3DAF9CD51E06D1A4D9F4CA60E31A2D_element_40/value'
13:43:09.189 [Forwarding sendKeysToElement on session 00c09ade59cc3377faa41a4dd398427e to remote] DEBUG org.asynchttpclient.netty.request.NettyRequestSender - Using open Channel [id: 0xc3534585, L:/127.0.0.1:55338 - R:localhost/127.0.0.1:12531] for POST '/session/00c09ade59cc3377faa41a4dd398427e/element/1D3DAF9CD51E06D1A4D9F4CA60E31A2D_element_40/value'
13:43:09.237 [AsyncHttpClient-1-20] DEBUG org.asynchttpclient.netty.handler.HttpHandler - 

Request DefaultHttpRequest(decodeResult: success, version: HTTP/1.1)
POST /session/00c09ade59cc3377faa41a4dd398427e/element/1D3DAF9CD51E06D1A4D9F4CA60E31A2D_element_40/value HTTP/1.1
User-Agent: selenium/4.10.0 (java windows)
Content-Length: 188
Content-Type: application/json; charset=utf-8
host: localhost:12531
accept: */*

Response DefaultHttpResponse(decodeResult: success, version: HTTP/1.1)
HTTP/1.1 200 OK
Content-Length: 14
Content-Type: application/json; charset=utf-8
cache-control: no-cache

13:43:09.237 [AsyncHttpClient-1-20] DEBUG org.asynchttpclient.netty.channel.ChannelManager - Adding key: http://localhost:12531 for channel [id: 0xc3534585, L:/127.0.0.1:55338 - R:localhost/127.0.0.1:12531]
13:43:09.238 [Forwarding findElement on session 00c09ade59cc3377faa41a4dd398427e to remote] DEBUG org.asynchttpclient.netty.request.NettyRequestSender - Using pooled Channel '[id: 0xc3534585, L:/127.0.0.1:55338 - R:localhost/127.0.0.1:12531]' for 'POST' to 'http://localhost:12531/session/00c09ade59cc3377faa41a4dd398427e/element'
13:43:09.238 [Forwarding findElement on session 00c09ade59cc3377faa41a4dd398427e to remote] DEBUG org.asynchttpclient.netty.request.NettyRequestSender - Using open Channel [id: 0xc3534585, L:/127.0.0.1:55338 - R:localhost/127.0.0.1:12531] for POST '/session/00c09ade59cc3377faa41a4dd398427e/element'
13:43:09.246 [AsyncHttpClient-1-20] DEBUG org.asynchttpclient.netty.handler.HttpHandler - 

Request DefaultHttpRequest(decodeResult: success, version: HTTP/1.1)
POST /session/00c09ade59cc3377faa41a4dd398427e/element HTTP/1.1
User-Agent: selenium/4.10.0 (java windows)
Content-Length: 170
Content-Type: application/json; charset=utf-8
host: localhost:12531
accept: */*

Response DefaultHttpResponse(decodeResult: success, version: HTTP/1.1)
HTTP/1.1 200 OK
Content-Length: 95
Content-Type: application/json; charset=utf-8
cache-control: no-cache

13:43:09.246 [AsyncHttpClient-1-20] DEBUG org.asynchttpclient.netty.channel.ChannelManager - Adding key: http://localhost:12531 for channel [id: 0xc3534585, L:/127.0.0.1:55338 - R:localhost/127.0.0.1:12531]
13:43:09.247 [Forwarding isElementDisplayed on session 00c09ade59cc3377faa41a4dd398427e to remote] DEBUG org.asynchttpclient.netty.request.NettyRequestSender - Using pooled Channel '[id: 0xc3534585, L:/127.0.0.1:55338 - R:localhost/127.0.0.1:12531]' for 'POST' to 'http://localhost:12531/session/00c09ade59cc3377faa41a4dd398427e/execute/sync'
13:43:09.247 [Forwarding isElementDisplayed on session 00c09ade59cc3377faa41a4dd398427e to remote] DEBUG org.asynchttpclient.netty.request.NettyRequestSender - Using open Channel [id: 0xc3534585, L:/127.0.0.1:55338 - R:localhost/127.0.0.1:12531] for POST '/session/00c09ade59cc3377faa41a4dd398427e/execute/sync'
13:43:09.254 [AsyncHttpClient-1-20] DEBUG org.asynchttpclient.netty.handler.HttpHandler - 

Request DefaultHttpRequest(decodeResult: success, version: HTTP/1.1)
POST /session/00c09ade59cc3377faa41a4dd398427e/execute/sync HTTP/1.1
User-Agent: selenium/4.10.0 (java windows)
Content-Length: 48814
Content-Type: application/json; charset=utf-8
host: localhost:12531
accept: */*

Response DefaultHttpResponse(decodeResult: success, version: HTTP/1.1)
HTTP/1.1 200 OK
Content-Length: 14
Content-Type: application/json; charset=utf-8
cache-control: no-cache

13:43:09.254 [AsyncHttpClient-1-20] DEBUG org.asynchttpclient.netty.channel.ChannelManager - Adding key: http://localhost:12531 for channel [id: 0xc3534585, L:/127.0.0.1:55338 - R:localhost/127.0.0.1:12531]
[INFO ] 2023-07-31 13:43:09.254 [main] WebElementActions - Waiting for element to be clickable
13:43:09.255 [Forwarding findElement on session 00c09ade59cc3377faa41a4dd398427e to remote] DEBUG org.asynchttpclient.netty.request.NettyRequestSender - Using pooled Channel '[id: 0xc3534585, L:/127.0.0.1:55338 - R:localhost/127.0.0.1:12531]' for 'POST' to 'http://localhost:12531/session/00c09ade59cc3377faa41a4dd398427e/element'
13:43:09.255 [Forwarding findElement on session 00c09ade59cc3377faa41a4dd398427e to remote] DEBUG org.asynchttpclient.netty.request.NettyRequestSender - Using open Channel [id: 0xc3534585, L:/127.0.0.1:55338 - R:localhost/127.0.0.1:12531] for POST '/session/00c09ade59cc3377faa41a4dd398427e/element'
13:43:09.260 [AsyncHttpClient-1-20] DEBUG org.asynchttpclient.netty.handler.HttpHandler - 

Request DefaultHttpRequest(decodeResult: success, version: HTTP/1.1)
POST /session/00c09ade59cc3377faa41a4dd398427e/element HTTP/1.1
User-Agent: selenium/4.10.0 (java windows)
Content-Length: 170
Content-Type: application/json; charset=utf-8
host: localhost:12531
accept: */*

Response DefaultHttpResponse(decodeResult: success, version: HTTP/1.1)
HTTP/1.1 200 OK
Content-Length: 95
Content-Type: application/json; charset=utf-8
cache-control: no-cache

13:43:09.260 [AsyncHttpClient-1-20] DEBUG org.asynchttpclient.netty.channel.ChannelManager - Adding key: http://localhost:12531 for channel [id: 0xc3534585, L:/127.0.0.1:55338 - R:localhost/127.0.0.1:12531]
13:43:09.262 [Forwarding isElementDisplayed on session 00c09ade59cc3377faa41a4dd398427e to remote] DEBUG org.asynchttpclient.netty.request.NettyRequestSender - Using pooled Channel '[id: 0xc3534585, L:/127.0.0.1:55338 - R:localhost/127.0.0.1:12531]' for 'POST' to 'http://localhost:12531/session/00c09ade59cc3377faa41a4dd398427e/execute/sync'
13:43:09.262 [Forwarding isElementDisplayed on session 00c09ade59cc3377faa41a4dd398427e to remote] DEBUG org.asynchttpclient.netty.request.NettyRequestSender - Using open Channel [id: 0xc3534585, L:/127.0.0.1:55338 - R:localhost/127.0.0.1:12531] for POST '/session/00c09ade59cc3377faa41a4dd398427e/execute/sync'
13:43:09.268 [AsyncHttpClient-1-20] DEBUG org.asynchttpclient.netty.handler.HttpHandler - 

Request DefaultHttpRequest(decodeResult: success, version: HTTP/1.1)
POST /session/00c09ade59cc3377faa41a4dd398427e/execute/sync HTTP/1.1
User-Agent: selenium/4.10.0 (java windows)
Content-Length: 48814
Content-Type: application/json; charset=utf-8
host: localhost:12531
accept: */*

Response DefaultHttpResponse(decodeResult: success, version: HTTP/1.1)
HTTP/1.1 200 OK
Content-Length: 14
Content-Type: application/json; charset=utf-8
cache-control: no-cache

13:43:09.268 [AsyncHttpClient-1-20] DEBUG org.asynchttpclient.netty.channel.ChannelManager - Adding key: http://localhost:12531 for channel [id: 0xc3534585, L:/127.0.0.1:55338 - R:localhost/127.0.0.1:12531]
13:43:09.268 [Forwarding findElement on session 00c09ade59cc3377faa41a4dd398427e to remote] DEBUG org.asynchttpclient.netty.request.NettyRequestSender - Using pooled Channel '[id: 0xc3534585, L:/127.0.0.1:55338 - R:localhost/127.0.0.1:12531]' for 'POST' to 'http://localhost:12531/session/00c09ade59cc3377faa41a4dd398427e/element'
13:43:09.268 [Forwarding findElement on session 00c09ade59cc3377faa41a4dd398427e to remote] DEBUG org.asynchttpclient.netty.request.NettyRequestSender - Using open Channel [id: 0xc3534585, L:/127.0.0.1:55338 - R:localhost/127.0.0.1:12531] for POST '/session/00c09ade59cc3377faa41a4dd398427e/element'
13:43:09.274 [AsyncHttpClient-1-20] DEBUG org.asynchttpclient.netty.handler.HttpHandler - 

Request DefaultHttpRequest(decodeResult: success, version: HTTP/1.1)
POST /session/00c09ade59cc3377faa41a4dd398427e/element HTTP/1.1
User-Agent: selenium/4.10.0 (java windows)
Content-Length: 170
Content-Type: application/json; charset=utf-8
host: localhost:12531
accept: */*

Response DefaultHttpResponse(decodeResult: success, version: HTTP/1.1)
HTTP/1.1 200 OK
Content-Length: 95
Content-Type: application/json; charset=utf-8
cache-control: no-cache

13:43:09.274 [AsyncHttpClient-1-20] DEBUG org.asynchttpclient.netty.channel.ChannelManager - Adding key: http://localhost:12531 for channel [id: 0xc3534585, L:/127.0.0.1:55338 - R:localhost/127.0.0.1:12531]
13:43:09.274 [Forwarding isElementEnabled on session 00c09ade59cc3377faa41a4dd398427e to remote] DEBUG org.asynchttpclient.netty.request.NettyRequestSender - Using pooled Channel '[id: 0xc3534585, L:/127.0.0.1:55338 - R:localhost/127.0.0.1:12531]' for 'GET' to 'http://localhost:12531/session/00c09ade59cc3377faa41a4dd398427e/element/1D3DAF9CD51E06D1A4D9F4CA60E31A2D_element_23/enabled'
13:43:09.274 [Forwarding isElementEnabled on session 00c09ade59cc3377faa41a4dd398427e to remote] DEBUG org.asynchttpclient.netty.request.NettyRequestSender - Using open Channel [id: 0xc3534585, L:/127.0.0.1:55338 - R:localhost/127.0.0.1:12531] for GET '/session/00c09ade59cc3377faa41a4dd398427e/element/1D3DAF9CD51E06D1A4D9F4CA60E31A2D_element_23/enabled'
13:43:09.279 [AsyncHttpClient-1-20] DEBUG org.asynchttpclient.netty.handler.HttpHandler - 

Request DefaultFullHttpRequest(decodeResult: success, version: HTTP/1.1, content: EmptyByteBufBE)
GET /session/00c09ade59cc3377faa41a4dd398427e/element/1D3DAF9CD51E06D1A4D9F4CA60E31A2D_element_23/enabled HTTP/1.1
Cache-Control: no-cache
User-Agent: selenium/4.10.0 (java windows)
Content-Type: application/json; charset=utf-8
host: localhost:12531
accept: */*

Response DefaultHttpResponse(decodeResult: success, version: HTTP/1.1)
HTTP/1.1 200 OK
Content-Length: 14
Content-Type: application/json; charset=utf-8
cache-control: no-cache

13:43:09.280 [AsyncHttpClient-1-20] DEBUG org.asynchttpclient.netty.channel.ChannelManager - Adding key: http://localhost:12531 for channel [id: 0xc3534585, L:/127.0.0.1:55338 - R:localhost/127.0.0.1:12531]
[INFO ] 2023-07-31 13:43:09.280 [main] WebElementActions - Element is clickable
13:43:09.280 [Forwarding findElement on session 00c09ade59cc3377faa41a4dd398427e to remote] DEBUG org.asynchttpclient.netty.request.NettyRequestSender - Using pooled Channel '[id: 0xc3534585, L:/127.0.0.1:55338 - R:localhost/127.0.0.1:12531]' for 'POST' to 'http://localhost:12531/session/00c09ade59cc3377faa41a4dd398427e/element'
13:43:09.280 [Forwarding findElement on session 00c09ade59cc3377faa41a4dd398427e to remote] DEBUG org.asynchttpclient.netty.request.NettyRequestSender - Using open Channel [id: 0xc3534585, L:/127.0.0.1:55338 - R:localhost/127.0.0.1:12531] for POST '/session/00c09ade59cc3377faa41a4dd398427e/element'
13:43:09.285 [AsyncHttpClient-1-20] DEBUG org.asynchttpclient.netty.handler.HttpHandler - 

Request DefaultHttpRequest(decodeResult: success, version: HTTP/1.1)
POST /session/00c09ade59cc3377faa41a4dd398427e/element HTTP/1.1
User-Agent: selenium/4.10.0 (java windows)
Content-Length: 170
Content-Type: application/json; charset=utf-8
host: localhost:12531
accept: */*

Response DefaultHttpResponse(decodeResult: success, version: HTTP/1.1)
HTTP/1.1 200 OK
Content-Length: 95
Content-Type: application/json; charset=utf-8
cache-control: no-cache

13:43:09.285 [AsyncHttpClient-1-20] DEBUG org.asynchttpclient.netty.channel.ChannelManager - Adding key: http://localhost:12531 for channel [id: 0xc3534585, L:/127.0.0.1:55338 - R:localhost/127.0.0.1:12531]
13:43:09.286 [Forwarding isElementDisplayed on session 00c09ade59cc3377faa41a4dd398427e to remote] DEBUG org.asynchttpclient.netty.request.NettyRequestSender - Using pooled Channel '[id: 0xc3534585, L:/127.0.0.1:55338 - R:localhost/127.0.0.1:12531]' for 'POST' to 'http://localhost:12531/session/00c09ade59cc3377faa41a4dd398427e/execute/sync'
13:43:09.286 [Forwarding isElementDisplayed on session 00c09ade59cc3377faa41a4dd398427e to remote] DEBUG org.asynchttpclient.netty.request.NettyRequestSender - Using open Channel [id: 0xc3534585, L:/127.0.0.1:55338 - R:localhost/127.0.0.1:12531] for POST '/session/00c09ade59cc3377faa41a4dd398427e/execute/sync'
13:43:09.292 [AsyncHttpClient-1-20] DEBUG org.asynchttpclient.netty.handler.HttpHandler - 

Request DefaultHttpRequest(decodeResult: success, version: HTTP/1.1)
POST /session/00c09ade59cc3377faa41a4dd398427e/execute/sync HTTP/1.1
User-Agent: selenium/4.10.0 (java windows)
Content-Length: 48814
Content-Type: application/json; charset=utf-8
host: localhost:12531
accept: */*

Response DefaultHttpResponse(decodeResult: success, version: HTTP/1.1)
HTTP/1.1 200 OK
Content-Length: 14
Content-Type: application/json; charset=utf-8
cache-control: no-cache

13:43:09.292 [AsyncHttpClient-1-20] DEBUG org.asynchttpclient.netty.channel.ChannelManager - Adding key: http://localhost:12531 for channel [id: 0xc3534585, L:/127.0.0.1:55338 - R:localhost/127.0.0.1:12531]
13:43:09.292 [Forwarding findElement on session 00c09ade59cc3377faa41a4dd398427e to remote] DEBUG org.asynchttpclient.netty.request.NettyRequestSender - Using pooled Channel '[id: 0xc3534585, L:/127.0.0.1:55338 - R:localhost/127.0.0.1:12531]' for 'POST' to 'http://localhost:12531/session/00c09ade59cc3377faa41a4dd398427e/element'
13:43:09.292 [Forwarding findElement on session 00c09ade59cc3377faa41a4dd398427e to remote] DEBUG org.asynchttpclient.netty.request.NettyRequestSender - Using open Channel [id: 0xc3534585, L:/127.0.0.1:55338 - R:localhost/127.0.0.1:12531] for POST '/session/00c09ade59cc3377faa41a4dd398427e/element'
13:43:09.298 [AsyncHttpClient-1-20] DEBUG org.asynchttpclient.netty.handler.HttpHandler - 

Request DefaultHttpRequest(decodeResult: success, version: HTTP/1.1)
POST /session/00c09ade59cc3377faa41a4dd398427e/element HTTP/1.1
User-Agent: selenium/4.10.0 (java windows)
Content-Length: 170
Content-Type: application/json; charset=utf-8
host: localhost:12531
accept: */*

Response DefaultHttpResponse(decodeResult: success, version: HTTP/1.1)
HTTP/1.1 200 OK
Content-Length: 95
Content-Type: application/json; charset=utf-8
cache-control: no-cache

13:43:09.298 [AsyncHttpClient-1-20] DEBUG org.asynchttpclient.netty.channel.ChannelManager - Adding key: http://localhost:12531 for channel [id: 0xc3534585, L:/127.0.0.1:55338 - R:localhost/127.0.0.1:12531]
13:43:09.298 [Forwarding clickElement on session 00c09ade59cc3377faa41a4dd398427e to remote] DEBUG org.asynchttpclient.netty.request.NettyRequestSender - Using pooled Channel '[id: 0xc3534585, L:/127.0.0.1:55338 - R:localhost/127.0.0.1:12531]' for 'POST' to 'http://localhost:12531/session/00c09ade59cc3377faa41a4dd398427e/element/1D3DAF9CD51E06D1A4D9F4CA60E31A2D_element_23/click'
13:43:09.298 [Forwarding clickElement on session 00c09ade59cc3377faa41a4dd398427e to remote] DEBUG org.asynchttpclient.netty.request.NettyRequestSender - Using open Channel [id: 0xc3534585, L:/127.0.0.1:55338 - R:localhost/127.0.0.1:12531] for POST '/session/00c09ade59cc3377faa41a4dd398427e/element/1D3DAF9CD51E06D1A4D9F4CA60E31A2D_element_23/click'
13:43:09.336 [AsyncHttpClient-1-20] DEBUG org.asynchttpclient.netty.handler.HttpHandler - 

Request DefaultHttpRequest(decodeResult: success, version: HTTP/1.1)
POST /session/00c09ade59cc3377faa41a4dd398427e/element/1D3DAF9CD51E06D1A4D9F4CA60E31A2D_element_23/click HTTP/1.1
User-Agent: selenium/4.10.0 (java windows)
Content-Length: 57
Content-Type: application/json; charset=utf-8
host: localhost:12531
accept: */*

Response DefaultHttpResponse(decodeResult: success, version: HTTP/1.1)
HTTP/1.1 200 OK
Content-Length: 14
Content-Type: application/json; charset=utf-8
cache-control: no-cache

13:43:09.336 [AsyncHttpClient-1-20] DEBUG org.asynchttpclient.netty.channel.ChannelManager - Adding key: http://localhost:12531 for channel [id: 0xc3534585, L:/127.0.0.1:55338 - R:localhost/127.0.0.1:12531]
13:43:09.653 [AsyncHttpClient-1-1] DEBUG org.asynchttpclient.netty.channel.DefaultChannelPool - Entry count for : http://localhost:12531 : 1
13:43:09.653 [AsyncHttpClient-1-1] DEBUG org.asynchttpclient.netty.channel.DefaultChannelPool - Entry count for : http://localhost:55339 : 1
13:43:10.351 [Forwarding findElement on session 00c09ade59cc3377faa41a4dd398427e to remote] DEBUG org.asynchttpclient.netty.request.NettyRequestSender - Using pooled Channel '[id: 0xc3534585, L:/127.0.0.1:55338 - R:localhost/127.0.0.1:12531]' for 'POST' to 'http://localhost:12531/session/00c09ade59cc3377faa41a4dd398427e/element'
13:43:10.351 [Forwarding findElement on session 00c09ade59cc3377faa41a4dd398427e to remote] DEBUG org.asynchttpclient.netty.request.NettyRequestSender - Using open Channel [id: 0xc3534585, L:/127.0.0.1:55338 - R:localhost/127.0.0.1:12531] for POST '/session/00c09ade59cc3377faa41a4dd398427e/element'
13:43:10.360 [AsyncHttpClient-1-20] DEBUG org.asynchttpclient.netty.handler.HttpHandler - 

Request DefaultHttpRequest(decodeResult: success, version: HTTP/1.1)
POST /session/00c09ade59cc3377faa41a4dd398427e/element HTTP/1.1
User-Agent: selenium/4.10.0 (java windows)
Content-Length: 78
Content-Type: application/json; charset=utf-8
host: localhost:12531
accept: */*

Response DefaultHttpResponse(decodeResult: success, version: HTTP/1.1)
HTTP/1.1 200 OK
Content-Length: 95
Content-Type: application/json; charset=utf-8
cache-control: no-cache

13:43:10.360 [AsyncHttpClient-1-20] DEBUG org.asynchttpclient.netty.channel.ChannelManager - Adding key: http://localhost:12531 for channel [id: 0xc3534585, L:/127.0.0.1:55338 - R:localhost/127.0.0.1:12531]
13:43:10.361 [Forwarding isElementDisplayed on session 00c09ade59cc3377faa41a4dd398427e to remote] DEBUG org.asynchttpclient.netty.request.NettyRequestSender - Using pooled Channel '[id: 0xc3534585, L:/127.0.0.1:55338 - R:localhost/127.0.0.1:12531]' for 'POST' to 'http://localhost:12531/session/00c09ade59cc3377faa41a4dd398427e/execute/sync'
13:43:10.361 [Forwarding isElementDisplayed on session 00c09ade59cc3377faa41a4dd398427e to remote] DEBUG org.asynchttpclient.netty.request.NettyRequestSender - Using open Channel [id: 0xc3534585, L:/127.0.0.1:55338 - R:localhost/127.0.0.1:12531] for POST '/session/00c09ade59cc3377faa41a4dd398427e/execute/sync'
13:43:10.367 [AsyncHttpClient-1-20] DEBUG org.asynchttpclient.netty.handler.HttpHandler - 

Request DefaultHttpRequest(decodeResult: success, version: HTTP/1.1)
POST /session/00c09ade59cc3377faa41a4dd398427e/execute/sync HTTP/1.1
User-Agent: selenium/4.10.0 (java windows)
Content-Length: 48814
Content-Type: application/json; charset=utf-8
host: localhost:12531
accept: */*

Response DefaultHttpResponse(decodeResult: success, version: HTTP/1.1)
HTTP/1.1 200 OK
Content-Length: 14
Content-Type: application/json; charset=utf-8
cache-control: no-cache

13:43:10.367 [AsyncHttpClient-1-20] DEBUG org.asynchttpclient.netty.channel.ChannelManager - Adding key: http://localhost:12531 for channel [id: 0xc3534585, L:/127.0.0.1:55338 - R:localhost/127.0.0.1:12531]
13:43:10.368 [Forwarding findElement on session 00c09ade59cc3377faa41a4dd398427e to remote] DEBUG org.asynchttpclient.netty.request.NettyRequestSender - Using pooled Channel '[id: 0xc3534585, L:/127.0.0.1:55338 - R:localhost/127.0.0.1:12531]' for 'POST' to 'http://localhost:12531/session/00c09ade59cc3377faa41a4dd398427e/element'
13:43:10.368 [Forwarding findElement on session 00c09ade59cc3377faa41a4dd398427e to remote] DEBUG org.asynchttpclient.netty.request.NettyRequestSender - Using open Channel [id: 0xc3534585, L:/127.0.0.1:55338 - R:localhost/127.0.0.1:12531] for POST '/session/00c09ade59cc3377faa41a4dd398427e/element'
13:43:10.372 [AsyncHttpClient-1-20] DEBUG org.asynchttpclient.netty.handler.HttpHandler - 

Request DefaultHttpRequest(decodeResult: success, version: HTTP/1.1)
POST /session/00c09ade59cc3377faa41a4dd398427e/element HTTP/1.1
User-Agent: selenium/4.10.0 (java windows)
Content-Length: 78
Content-Type: application/json; charset=utf-8
host: localhost:12531
accept: */*

Response DefaultHttpResponse(decodeResult: success, version: HTTP/1.1)
HTTP/1.1 200 OK
Content-Length: 95
Content-Type: application/json; charset=utf-8
cache-control: no-cache

13:43:10.372 [AsyncHttpClient-1-20] DEBUG org.asynchttpclient.netty.channel.ChannelManager - Adding key: http://localhost:12531 for channel [id: 0xc3534585, L:/127.0.0.1:55338 - R:localhost/127.0.0.1:12531]
13:43:10.373 [Forwarding sendKeysToElement on session 00c09ade59cc3377faa41a4dd398427e to remote] DEBUG org.asynchttpclient.netty.request.NettyRequestSender - Using pooled Channel '[id: 0xc3534585, L:/127.0.0.1:55338 - R:localhost/127.0.0.1:12531]' for 'POST' to 'http://localhost:12531/session/00c09ade59cc3377faa41a4dd398427e/element/1D3DAF9CD51E06D1A4D9F4CA60E31A2D_element_42/value'
13:43:10.373 [Forwarding sendKeysToElement on session 00c09ade59cc3377faa41a4dd398427e to remote] DEBUG org.asynchttpclient.netty.request.NettyRequestSender - Using open Channel [id: 0xc3534585, L:/127.0.0.1:55338 - R:localhost/127.0.0.1:12531] for POST '/session/00c09ade59cc3377faa41a4dd398427e/element/1D3DAF9CD51E06D1A4D9F4CA60E31A2D_element_42/value'
13:43:10.397 [AsyncHttpClient-1-20] DEBUG org.asynchttpclient.netty.handler.HttpHandler - 

Request DefaultHttpRequest(decodeResult: success, version: HTTP/1.1)
POST /session/00c09ade59cc3377faa41a4dd398427e/element/1D3DAF9CD51E06D1A4D9F4CA60E31A2D_element_42/value HTTP/1.1
User-Agent: selenium/4.10.0 (java windows)
Content-Length: 148
Content-Type: application/json; charset=utf-8
host: localhost:12531
accept: */*

Response DefaultHttpResponse(decodeResult: success, version: HTTP/1.1)
HTTP/1.1 200 OK
Content-Length: 14
Content-Type: application/json; charset=utf-8
cache-control: no-cache

13:43:10.397 [AsyncHttpClient-1-20] DEBUG org.asynchttpclient.netty.channel.ChannelManager - Adding key: http://localhost:12531 for channel [id: 0xc3534585, L:/127.0.0.1:55338 - R:localhost/127.0.0.1:12531]
13:43:10.398 [Forwarding findElement on session 00c09ade59cc3377faa41a4dd398427e to remote] DEBUG org.asynchttpclient.netty.request.NettyRequestSender - Using pooled Channel '[id: 0xc3534585, L:/127.0.0.1:55338 - R:localhost/127.0.0.1:12531]' for 'POST' to 'http://localhost:12531/session/00c09ade59cc3377faa41a4dd398427e/element'
13:43:10.398 [Forwarding findElement on session 00c09ade59cc3377faa41a4dd398427e to remote] DEBUG org.asynchttpclient.netty.request.NettyRequestSender - Using open Channel [id: 0xc3534585, L:/127.0.0.1:55338 - R:localhost/127.0.0.1:12531] for POST '/session/00c09ade59cc3377faa41a4dd398427e/element'
13:43:10.405 [AsyncHttpClient-1-20] DEBUG org.asynchttpclient.netty.handler.HttpHandler - 

Request DefaultHttpRequest(decodeResult: success, version: HTTP/1.1)
POST /session/00c09ade59cc3377faa41a4dd398427e/element HTTP/1.1
User-Agent: selenium/4.10.0 (java windows)
Content-Length: 61
Content-Type: application/json; charset=utf-8
host: localhost:12531
accept: */*

Response DefaultHttpResponse(decodeResult: success, version: HTTP/1.1)
HTTP/1.1 200 OK
Content-Length: 95
Content-Type: application/json; charset=utf-8
cache-control: no-cache

13:43:10.405 [AsyncHttpClient-1-20] DEBUG org.asynchttpclient.netty.channel.ChannelManager - Adding key: http://localhost:12531 for channel [id: 0xc3534585, L:/127.0.0.1:55338 - R:localhost/127.0.0.1:12531]
13:43:10.407 [Forwarding isElementDisplayed on session 00c09ade59cc3377faa41a4dd398427e to remote] DEBUG org.asynchttpclient.netty.request.NettyRequestSender - Using pooled Channel '[id: 0xc3534585, L:/127.0.0.1:55338 - R:localhost/127.0.0.1:12531]' for 'POST' to 'http://localhost:12531/session/00c09ade59cc3377faa41a4dd398427e/execute/sync'
13:43:10.407 [Forwarding isElementDisplayed on session 00c09ade59cc3377faa41a4dd398427e to remote] DEBUG org.asynchttpclient.netty.request.NettyRequestSender - Using open Channel [id: 0xc3534585, L:/127.0.0.1:55338 - R:localhost/127.0.0.1:12531] for POST '/session/00c09ade59cc3377faa41a4dd398427e/execute/sync'
13:43:10.412 [AsyncHttpClient-1-20] DEBUG org.asynchttpclient.netty.handler.HttpHandler - 

Request DefaultHttpRequest(decodeResult: success, version: HTTP/1.1)
POST /session/00c09ade59cc3377faa41a4dd398427e/execute/sync HTTP/1.1
User-Agent: selenium/4.10.0 (java windows)
Content-Length: 48814
Content-Type: application/json; charset=utf-8
host: localhost:12531
accept: */*

Response DefaultHttpResponse(decodeResult: success, version: HTTP/1.1)
HTTP/1.1 200 OK
Content-Length: 14
Content-Type: application/json; charset=utf-8
cache-control: no-cache

13:43:10.412 [AsyncHttpClient-1-20] DEBUG org.asynchttpclient.netty.channel.ChannelManager - Adding key: http://localhost:12531 for channel [id: 0xc3534585, L:/127.0.0.1:55338 - R:localhost/127.0.0.1:12531]
[INFO ] 2023-07-31 13:43:10.412 [main] WebElementActions - Waiting for element to be clickable
13:43:10.413 [Forwarding findElement on session 00c09ade59cc3377faa41a4dd398427e to remote] DEBUG org.asynchttpclient.netty.request.NettyRequestSender - Using pooled Channel '[id: 0xc3534585, L:/127.0.0.1:55338 - R:localhost/127.0.0.1:12531]' for 'POST' to 'http://localhost:12531/session/00c09ade59cc3377faa41a4dd398427e/element'
13:43:10.413 [Forwarding findElement on session 00c09ade59cc3377faa41a4dd398427e to remote] DEBUG org.asynchttpclient.netty.request.NettyRequestSender - Using open Channel [id: 0xc3534585, L:/127.0.0.1:55338 - R:localhost/127.0.0.1:12531] for POST '/session/00c09ade59cc3377faa41a4dd398427e/element'
13:43:10.417 [AsyncHttpClient-1-20] DEBUG org.asynchttpclient.netty.handler.HttpHandler - 

Request DefaultHttpRequest(decodeResult: success, version: HTTP/1.1)
POST /session/00c09ade59cc3377faa41a4dd398427e/element HTTP/1.1
User-Agent: selenium/4.10.0 (java windows)
Content-Length: 61
Content-Type: application/json; charset=utf-8
host: localhost:12531
accept: */*

Response DefaultHttpResponse(decodeResult: success, version: HTTP/1.1)
HTTP/1.1 200 OK
Content-Length: 95
Content-Type: application/json; charset=utf-8
cache-control: no-cache

13:43:10.417 [AsyncHttpClient-1-20] DEBUG org.asynchttpclient.netty.channel.ChannelManager - Adding key: http://localhost:12531 for channel [id: 0xc3534585, L:/127.0.0.1:55338 - R:localhost/127.0.0.1:12531]
13:43:10.418 [Forwarding isElementDisplayed on session 00c09ade59cc3377faa41a4dd398427e to remote] DEBUG org.asynchttpclient.netty.request.NettyRequestSender - Using pooled Channel '[id: 0xc3534585, L:/127.0.0.1:55338 - R:localhost/127.0.0.1:12531]' for 'POST' to 'http://localhost:12531/session/00c09ade59cc3377faa41a4dd398427e/execute/sync'
13:43:10.418 [Forwarding isElementDisplayed on session 00c09ade59cc3377faa41a4dd398427e to remote] DEBUG org.asynchttpclient.netty.request.NettyRequestSender - Using open Channel [id: 0xc3534585, L:/127.0.0.1:55338 - R:localhost/127.0.0.1:12531] for POST '/session/00c09ade59cc3377faa41a4dd398427e/execute/sync'
13:43:10.424 [AsyncHttpClient-1-20] DEBUG org.asynchttpclient.netty.handler.HttpHandler - 

Request DefaultHttpRequest(decodeResult: success, version: HTTP/1.1)
POST /session/00c09ade59cc3377faa41a4dd398427e/execute/sync HTTP/1.1
User-Agent: selenium/4.10.0 (java windows)
Content-Length: 48814
Content-Type: application/json; charset=utf-8
host: localhost:12531
accept: */*

Response DefaultHttpResponse(decodeResult: success, version: HTTP/1.1)
HTTP/1.1 200 OK
Content-Length: 14
Content-Type: application/json; charset=utf-8
cache-control: no-cache

13:43:10.424 [AsyncHttpClient-1-20] DEBUG org.asynchttpclient.netty.channel.ChannelManager - Adding key: http://localhost:12531 for channel [id: 0xc3534585, L:/127.0.0.1:55338 - R:localhost/127.0.0.1:12531]
13:43:10.424 [Forwarding findElement on session 00c09ade59cc3377faa41a4dd398427e to remote] DEBUG org.asynchttpclient.netty.request.NettyRequestSender - Using pooled Channel '[id: 0xc3534585, L:/127.0.0.1:55338 - R:localhost/127.0.0.1:12531]' for 'POST' to 'http://localhost:12531/session/00c09ade59cc3377faa41a4dd398427e/element'
13:43:10.424 [Forwarding findElement on session 00c09ade59cc3377faa41a4dd398427e to remote] DEBUG org.asynchttpclient.netty.request.NettyRequestSender - Using open Channel [id: 0xc3534585, L:/127.0.0.1:55338 - R:localhost/127.0.0.1:12531] for POST '/session/00c09ade59cc3377faa41a4dd398427e/element'
13:43:10.429 [AsyncHttpClient-1-20] DEBUG org.asynchttpclient.netty.handler.HttpHandler - 

Request DefaultHttpRequest(decodeResult: success, version: HTTP/1.1)
POST /session/00c09ade59cc3377faa41a4dd398427e/element HTTP/1.1
User-Agent: selenium/4.10.0 (java windows)
Content-Length: 61
Content-Type: application/json; charset=utf-8
host: localhost:12531
accept: */*

Response DefaultHttpResponse(decodeResult: success, version: HTTP/1.1)
HTTP/1.1 200 OK
Content-Length: 95
Content-Type: application/json; charset=utf-8
cache-control: no-cache

13:43:10.429 [AsyncHttpClient-1-20] DEBUG org.asynchttpclient.netty.channel.ChannelManager - Adding key: http://localhost:12531 for channel [id: 0xc3534585, L:/127.0.0.1:55338 - R:localhost/127.0.0.1:12531]
13:43:10.430 [Forwarding isElementEnabled on session 00c09ade59cc3377faa41a4dd398427e to remote] DEBUG org.asynchttpclient.netty.request.NettyRequestSender - Using pooled Channel '[id: 0xc3534585, L:/127.0.0.1:55338 - R:localhost/127.0.0.1:12531]' for 'GET' to 'http://localhost:12531/session/00c09ade59cc3377faa41a4dd398427e/element/1D3DAF9CD51E06D1A4D9F4CA60E31A2D_element_43/enabled'
13:43:10.430 [Forwarding isElementEnabled on session 00c09ade59cc3377faa41a4dd398427e to remote] DEBUG org.asynchttpclient.netty.request.NettyRequestSender - Using open Channel [id: 0xc3534585, L:/127.0.0.1:55338 - R:localhost/127.0.0.1:12531] for GET '/session/00c09ade59cc3377faa41a4dd398427e/element/1D3DAF9CD51E06D1A4D9F4CA60E31A2D_element_43/enabled'
13:43:10.434 [AsyncHttpClient-1-20] DEBUG org.asynchttpclient.netty.handler.HttpHandler - 

Request DefaultFullHttpRequest(decodeResult: success, version: HTTP/1.1, content: EmptyByteBufBE)
GET /session/00c09ade59cc3377faa41a4dd398427e/element/1D3DAF9CD51E06D1A4D9F4CA60E31A2D_element_43/enabled HTTP/1.1
Cache-Control: no-cache
User-Agent: selenium/4.10.0 (java windows)
Content-Type: application/json; charset=utf-8
host: localhost:12531
accept: */*

Response DefaultHttpResponse(decodeResult: success, version: HTTP/1.1)
HTTP/1.1 200 OK
Content-Length: 14
Content-Type: application/json; charset=utf-8
cache-control: no-cache

13:43:10.434 [AsyncHttpClient-1-20] DEBUG org.asynchttpclient.netty.channel.ChannelManager - Adding key: http://localhost:12531 for channel [id: 0xc3534585, L:/127.0.0.1:55338 - R:localhost/127.0.0.1:12531]
[INFO ] 2023-07-31 13:43:10.434 [main] WebElementActions - Element is clickable
13:43:10.434 [Forwarding findElement on session 00c09ade59cc3377faa41a4dd398427e to remote] DEBUG org.asynchttpclient.netty.request.NettyRequestSender - Using pooled Channel '[id: 0xc3534585, L:/127.0.0.1:55338 - R:localhost/127.0.0.1:12531]' for 'POST' to 'http://localhost:12531/session/00c09ade59cc3377faa41a4dd398427e/element'
13:43:10.434 [Forwarding findElement on session 00c09ade59cc3377faa41a4dd398427e to remote] DEBUG org.asynchttpclient.netty.request.NettyRequestSender - Using open Channel [id: 0xc3534585, L:/127.0.0.1:55338 - R:localhost/127.0.0.1:12531] for POST '/session/00c09ade59cc3377faa41a4dd398427e/element'
13:43:10.439 [AsyncHttpClient-1-20] DEBUG org.asynchttpclient.netty.handler.HttpHandler - 

Request DefaultHttpRequest(decodeResult: success, version: HTTP/1.1)
POST /session/00c09ade59cc3377faa41a4dd398427e/element HTTP/1.1
User-Agent: selenium/4.10.0 (java windows)
Content-Length: 61
Content-Type: application/json; charset=utf-8
host: localhost:12531
accept: */*

Response DefaultHttpResponse(decodeResult: success, version: HTTP/1.1)
HTTP/1.1 200 OK
Content-Length: 95
Content-Type: application/json; charset=utf-8
cache-control: no-cache

13:43:10.439 [AsyncHttpClient-1-20] DEBUG org.asynchttpclient.netty.channel.ChannelManager - Adding key: http://localhost:12531 for channel [id: 0xc3534585, L:/127.0.0.1:55338 - R:localhost/127.0.0.1:12531]
13:43:10.440 [Forwarding isElementDisplayed on session 00c09ade59cc3377faa41a4dd398427e to remote] DEBUG org.asynchttpclient.netty.request.NettyRequestSender - Using pooled Channel '[id: 0xc3534585, L:/127.0.0.1:55338 - R:localhost/127.0.0.1:12531]' for 'POST' to 'http://localhost:12531/session/00c09ade59cc3377faa41a4dd398427e/execute/sync'
13:43:10.440 [Forwarding isElementDisplayed on session 00c09ade59cc3377faa41a4dd398427e to remote] DEBUG org.asynchttpclient.netty.request.NettyRequestSender - Using open Channel [id: 0xc3534585, L:/127.0.0.1:55338 - R:localhost/127.0.0.1:12531] for POST '/session/00c09ade59cc3377faa41a4dd398427e/execute/sync'
13:43:10.446 [AsyncHttpClient-1-20] DEBUG org.asynchttpclient.netty.handler.HttpHandler - 

Request DefaultHttpRequest(decodeResult: success, version: HTTP/1.1)
POST /session/00c09ade59cc3377faa41a4dd398427e/execute/sync HTTP/1.1
User-Agent: selenium/4.10.0 (java windows)
Content-Length: 48814
Content-Type: application/json; charset=utf-8
host: localhost:12531
accept: */*

Response DefaultHttpResponse(decodeResult: success, version: HTTP/1.1)
HTTP/1.1 200 OK
Content-Length: 14
Content-Type: application/json; charset=utf-8
cache-control: no-cache

13:43:10.446 [AsyncHttpClient-1-20] DEBUG org.asynchttpclient.netty.channel.ChannelManager - Adding key: http://localhost:12531 for channel [id: 0xc3534585, L:/127.0.0.1:55338 - R:localhost/127.0.0.1:12531]
13:43:10.446 [Forwarding findElement on session 00c09ade59cc3377faa41a4dd398427e to remote] DEBUG org.asynchttpclient.netty.request.NettyRequestSender - Using pooled Channel '[id: 0xc3534585, L:/127.0.0.1:55338 - R:localhost/127.0.0.1:12531]' for 'POST' to 'http://localhost:12531/session/00c09ade59cc3377faa41a4dd398427e/element'
13:43:10.446 [Forwarding findElement on session 00c09ade59cc3377faa41a4dd398427e to remote] DEBUG org.asynchttpclient.netty.request.NettyRequestSender - Using open Channel [id: 0xc3534585, L:/127.0.0.1:55338 - R:localhost/127.0.0.1:12531] for POST '/session/00c09ade59cc3377faa41a4dd398427e/element'
13:43:10.451 [AsyncHttpClient-1-20] DEBUG org.asynchttpclient.netty.handler.HttpHandler - 

Request DefaultHttpRequest(decodeResult: success, version: HTTP/1.1)
POST /session/00c09ade59cc3377faa41a4dd398427e/element HTTP/1.1
User-Agent: selenium/4.10.0 (java windows)
Content-Length: 61
Content-Type: application/json; charset=utf-8
host: localhost:12531
accept: */*

Response DefaultHttpResponse(decodeResult: success, version: HTTP/1.1)
HTTP/1.1 200 OK
Content-Length: 95
Content-Type: application/json; charset=utf-8
cache-control: no-cache

13:43:10.451 [AsyncHttpClient-1-20] DEBUG org.asynchttpclient.netty.channel.ChannelManager - Adding key: http://localhost:12531 for channel [id: 0xc3534585, L:/127.0.0.1:55338 - R:localhost/127.0.0.1:12531]
13:43:10.451 [Forwarding clickElement on session 00c09ade59cc3377faa41a4dd398427e to remote] DEBUG org.asynchttpclient.netty.request.NettyRequestSender - Using pooled Channel '[id: 0xc3534585, L:/127.0.0.1:55338 - R:localhost/127.0.0.1:12531]' for 'POST' to 'http://localhost:12531/session/00c09ade59cc3377faa41a4dd398427e/element/1D3DAF9CD51E06D1A4D9F4CA60E31A2D_element_43/click'
13:43:10.451 [Forwarding clickElement on session 00c09ade59cc3377faa41a4dd398427e to remote] DEBUG org.asynchttpclient.netty.request.NettyRequestSender - Using open Channel [id: 0xc3534585, L:/127.0.0.1:55338 - R:localhost/127.0.0.1:12531] for POST '/session/00c09ade59cc3377faa41a4dd398427e/element/1D3DAF9CD51E06D1A4D9F4CA60E31A2D_element_43/click'
13:43:10.477 [AsyncHttpClient-1-20] DEBUG org.asynchttpclient.netty.handler.HttpHandler - 

Request DefaultHttpRequest(decodeResult: success, version: HTTP/1.1)
POST /session/00c09ade59cc3377faa41a4dd398427e/element/1D3DAF9CD51E06D1A4D9F4CA60E31A2D_element_43/click HTTP/1.1
User-Agent: selenium/4.10.0 (java windows)
Content-Length: 57
Content-Type: application/json; charset=utf-8
host: localhost:12531
accept: */*

Response DefaultHttpResponse(decodeResult: success, version: HTTP/1.1)
HTTP/1.1 200 OK
Content-Length: 14
Content-Type: application/json; charset=utf-8
cache-control: no-cache

13:43:10.477 [AsyncHttpClient-1-20] DEBUG org.asynchttpclient.netty.channel.ChannelManager - Adding key: http://localhost:12531 for channel [id: 0xc3534585, L:/127.0.0.1:55338 - R:localhost/127.0.0.1:12531]
13:43:10.757 [AsyncHttpClient-1-1] DEBUG org.asynchttpclient.netty.channel.DefaultChannelPool - Entry count for : http://localhost:12531 : 1
13:43:10.757 [AsyncHttpClient-1-1] DEBUG org.asynchttpclient.netty.channel.DefaultChannelPool - Entry count for : http://localhost:55339 : 1
13:43:11.491 [Forwarding findElement on session 00c09ade59cc3377faa41a4dd398427e to remote] DEBUG org.asynchttpclient.netty.request.NettyRequestSender - Using pooled Channel '[id: 0xc3534585, L:/127.0.0.1:55338 - R:localhost/127.0.0.1:12531]' for 'POST' to 'http://localhost:12531/session/00c09ade59cc3377faa41a4dd398427e/element'
13:43:11.491 [Forwarding findElement on session 00c09ade59cc3377faa41a4dd398427e to remote] DEBUG org.asynchttpclient.netty.request.NettyRequestSender - Using open Channel [id: 0xc3534585, L:/127.0.0.1:55338 - R:localhost/127.0.0.1:12531] for POST '/session/00c09ade59cc3377faa41a4dd398427e/element'
13:43:11.854 [AsyncHttpClient-1-1] DEBUG org.asynchttpclient.netty.channel.DefaultChannelPool - Entry count for : http://localhost:55339 : 1
13:43:12.955 [AsyncHttpClient-1-1] DEBUG org.asynchttpclient.netty.channel.DefaultChannelPool - Entry count for : http://localhost:55339 : 1
13:43:13.788 [AsyncHttpClient-1-20] DEBUG org.asynchttpclient.netty.handler.HttpHandler - 

Request DefaultHttpRequest(decodeResult: success, version: HTTP/1.1)
POST /session/00c09ade59cc3377faa41a4dd398427e/element HTTP/1.1
User-Agent: selenium/4.10.0 (java windows)
Content-Length: 82
Content-Type: application/json; charset=utf-8
host: localhost:12531
accept: */*

Response DefaultHttpResponse(decodeResult: success, version: HTTP/1.1)
HTTP/1.1 200 OK
Content-Length: 95
Content-Type: application/json; charset=utf-8
cache-control: no-cache

13:43:13.788 [AsyncHttpClient-1-20] DEBUG org.asynchttpclient.netty.channel.ChannelManager - Adding key: http://localhost:12531 for channel [id: 0xc3534585, L:/127.0.0.1:55338 - R:localhost/127.0.0.1:12531]
13:43:13.790 [Forwarding isElementDisplayed on session 00c09ade59cc3377faa41a4dd398427e to remote] DEBUG org.asynchttpclient.netty.request.NettyRequestSender - Using pooled Channel '[id: 0xc3534585, L:/127.0.0.1:55338 - R:localhost/127.0.0.1:12531]' for 'POST' to 'http://localhost:12531/session/00c09ade59cc3377faa41a4dd398427e/execute/sync'
13:43:13.790 [Forwarding isElementDisplayed on session 00c09ade59cc3377faa41a4dd398427e to remote] DEBUG org.asynchttpclient.netty.request.NettyRequestSender - Using open Channel [id: 0xc3534585, L:/127.0.0.1:55338 - R:localhost/127.0.0.1:12531] for POST '/session/00c09ade59cc3377faa41a4dd398427e/execute/sync'
13:43:13.797 [AsyncHttpClient-1-20] DEBUG org.asynchttpclient.netty.handler.HttpHandler - 

Request DefaultHttpRequest(decodeResult: success, version: HTTP/1.1)
POST /session/00c09ade59cc3377faa41a4dd398427e/execute/sync HTTP/1.1
User-Agent: selenium/4.10.0 (java windows)
Content-Length: 48814
Content-Type: application/json; charset=utf-8
host: localhost:12531
accept: */*

Response DefaultHttpResponse(decodeResult: success, version: HTTP/1.1)
HTTP/1.1 200 OK
Content-Length: 14
Content-Type: application/json; charset=utf-8
cache-control: no-cache

13:43:13.797 [AsyncHttpClient-1-20] DEBUG org.asynchttpclient.netty.channel.ChannelManager - Adding key: http://localhost:12531 for channel [id: 0xc3534585, L:/127.0.0.1:55338 - R:localhost/127.0.0.1:12531]
[INFO ] 2023-07-31 13:43:13.798 [main] WebElementActions - Waiting for element to be clickable
13:43:13.798 [Forwarding findElement on session 00c09ade59cc3377faa41a4dd398427e to remote] DEBUG org.asynchttpclient.netty.request.NettyRequestSender - Using pooled Channel '[id: 0xc3534585, L:/127.0.0.1:55338 - R:localhost/127.0.0.1:12531]' for 'POST' to 'http://localhost:12531/session/00c09ade59cc3377faa41a4dd398427e/element'
13:43:13.798 [Forwarding findElement on session 00c09ade59cc3377faa41a4dd398427e to remote] DEBUG org.asynchttpclient.netty.request.NettyRequestSender - Using open Channel [id: 0xc3534585, L:/127.0.0.1:55338 - R:localhost/127.0.0.1:12531] for POST '/session/00c09ade59cc3377faa41a4dd398427e/element'
13:43:13.803 [AsyncHttpClient-1-20] DEBUG org.asynchttpclient.netty.handler.HttpHandler - 

Request DefaultHttpRequest(decodeResult: success, version: HTTP/1.1)
POST /session/00c09ade59cc3377faa41a4dd398427e/element HTTP/1.1
User-Agent: selenium/4.10.0 (java windows)
Content-Length: 82
Content-Type: application/json; charset=utf-8
host: localhost:12531
accept: */*

Response DefaultHttpResponse(decodeResult: success, version: HTTP/1.1)
HTTP/1.1 200 OK
Content-Length: 95
Content-Type: application/json; charset=utf-8
cache-control: no-cache

13:43:13.803 [AsyncHttpClient-1-20] DEBUG org.asynchttpclient.netty.channel.ChannelManager - Adding key: http://localhost:12531 for channel [id: 0xc3534585, L:/127.0.0.1:55338 - R:localhost/127.0.0.1:12531]
13:43:13.805 [Forwarding isElementDisplayed on session 00c09ade59cc3377faa41a4dd398427e to remote] DEBUG org.asynchttpclient.netty.request.NettyRequestSender - Using pooled Channel '[id: 0xc3534585, L:/127.0.0.1:55338 - R:localhost/127.0.0.1:12531]' for 'POST' to 'http://localhost:12531/session/00c09ade59cc3377faa41a4dd398427e/execute/sync'
13:43:13.805 [Forwarding isElementDisplayed on session 00c09ade59cc3377faa41a4dd398427e to remote] DEBUG org.asynchttpclient.netty.request.NettyRequestSender - Using open Channel [id: 0xc3534585, L:/127.0.0.1:55338 - R:localhost/127.0.0.1:12531] for POST '/session/00c09ade59cc3377faa41a4dd398427e/execute/sync'
13:43:13.811 [AsyncHttpClient-1-20] DEBUG org.asynchttpclient.netty.handler.HttpHandler - 

Request DefaultHttpRequest(decodeResult: success, version: HTTP/1.1)
POST /session/00c09ade59cc3377faa41a4dd398427e/execute/sync HTTP/1.1
User-Agent: selenium/4.10.0 (java windows)
Content-Length: 48814
Content-Type: application/json; charset=utf-8
host: localhost:12531
accept: */*

Response DefaultHttpResponse(decodeResult: success, version: HTTP/1.1)
HTTP/1.1 200 OK
Content-Length: 14
Content-Type: application/json; charset=utf-8
cache-control: no-cache

13:43:13.811 [AsyncHttpClient-1-20] DEBUG org.asynchttpclient.netty.channel.ChannelManager - Adding key: http://localhost:12531 for channel [id: 0xc3534585, L:/127.0.0.1:55338 - R:localhost/127.0.0.1:12531]
13:43:13.812 [Forwarding findElement on session 00c09ade59cc3377faa41a4dd398427e to remote] DEBUG org.asynchttpclient.netty.request.NettyRequestSender - Using pooled Channel '[id: 0xc3534585, L:/127.0.0.1:55338 - R:localhost/127.0.0.1:12531]' for 'POST' to 'http://localhost:12531/session/00c09ade59cc3377faa41a4dd398427e/element'
13:43:13.812 [Forwarding findElement on session 00c09ade59cc3377faa41a4dd398427e to remote] DEBUG org.asynchttpclient.netty.request.NettyRequestSender - Using open Channel [id: 0xc3534585, L:/127.0.0.1:55338 - R:localhost/127.0.0.1:12531] for POST '/session/00c09ade59cc3377faa41a4dd398427e/element'
13:43:13.817 [AsyncHttpClient-1-20] DEBUG org.asynchttpclient.netty.handler.HttpHandler - 

Request DefaultHttpRequest(decodeResult: success, version: HTTP/1.1)
POST /session/00c09ade59cc3377faa41a4dd398427e/element HTTP/1.1
User-Agent: selenium/4.10.0 (java windows)
Content-Length: 82
Content-Type: application/json; charset=utf-8
host: localhost:12531
accept: */*

Response DefaultHttpResponse(decodeResult: success, version: HTTP/1.1)
HTTP/1.1 200 OK
Content-Length: 95
Content-Type: application/json; charset=utf-8
cache-control: no-cache

13:43:13.817 [AsyncHttpClient-1-20] DEBUG org.asynchttpclient.netty.channel.ChannelManager - Adding key: http://localhost:12531 for channel [id: 0xc3534585, L:/127.0.0.1:55338 - R:localhost/127.0.0.1:12531]
13:43:13.817 [Forwarding isElementEnabled on session 00c09ade59cc3377faa41a4dd398427e to remote] DEBUG org.asynchttpclient.netty.request.NettyRequestSender - Using pooled Channel '[id: 0xc3534585, L:/127.0.0.1:55338 - R:localhost/127.0.0.1:12531]' for 'GET' to 'http://localhost:12531/session/00c09ade59cc3377faa41a4dd398427e/element/1D3DAF9CD51E06D1A4D9F4CA60E31A2D_element_46/enabled'
13:43:13.817 [Forwarding isElementEnabled on session 00c09ade59cc3377faa41a4dd398427e to remote] DEBUG org.asynchttpclient.netty.request.NettyRequestSender - Using open Channel [id: 0xc3534585, L:/127.0.0.1:55338 - R:localhost/127.0.0.1:12531] for GET '/session/00c09ade59cc3377faa41a4dd398427e/element/1D3DAF9CD51E06D1A4D9F4CA60E31A2D_element_46/enabled'
13:43:13.823 [AsyncHttpClient-1-20] DEBUG org.asynchttpclient.netty.handler.HttpHandler - 

Request DefaultFullHttpRequest(decodeResult: success, version: HTTP/1.1, content: EmptyByteBufBE)
GET /session/00c09ade59cc3377faa41a4dd398427e/element/1D3DAF9CD51E06D1A4D9F4CA60E31A2D_element_46/enabled HTTP/1.1
Cache-Control: no-cache
User-Agent: selenium/4.10.0 (java windows)
Content-Type: application/json; charset=utf-8
host: localhost:12531
accept: */*

Response DefaultHttpResponse(decodeResult: success, version: HTTP/1.1)
HTTP/1.1 200 OK
Content-Length: 14
Content-Type: application/json; charset=utf-8
cache-control: no-cache

13:43:13.823 [AsyncHttpClient-1-20] DEBUG org.asynchttpclient.netty.channel.ChannelManager - Adding key: http://localhost:12531 for channel [id: 0xc3534585, L:/127.0.0.1:55338 - R:localhost/127.0.0.1:12531]
[INFO ] 2023-07-31 13:43:13.823 [main] WebElementActions - Element is clickable
13:43:13.823 [Forwarding findElement on session 00c09ade59cc3377faa41a4dd398427e to remote] DEBUG org.asynchttpclient.netty.request.NettyRequestSender - Using pooled Channel '[id: 0xc3534585, L:/127.0.0.1:55338 - R:localhost/127.0.0.1:12531]' for 'POST' to 'http://localhost:12531/session/00c09ade59cc3377faa41a4dd398427e/element'
13:43:13.823 [Forwarding findElement on session 00c09ade59cc3377faa41a4dd398427e to remote] DEBUG org.asynchttpclient.netty.request.NettyRequestSender - Using open Channel [id: 0xc3534585, L:/127.0.0.1:55338 - R:localhost/127.0.0.1:12531] for POST '/session/00c09ade59cc3377faa41a4dd398427e/element'
13:43:13.829 [AsyncHttpClient-1-20] DEBUG org.asynchttpclient.netty.handler.HttpHandler - 

Request DefaultHttpRequest(decodeResult: success, version: HTTP/1.1)
POST /session/00c09ade59cc3377faa41a4dd398427e/element HTTP/1.1
User-Agent: selenium/4.10.0 (java windows)
Content-Length: 82
Content-Type: application/json; charset=utf-8
host: localhost:12531
accept: */*

Response DefaultHttpResponse(decodeResult: success, version: HTTP/1.1)
HTTP/1.1 200 OK
Content-Length: 95
Content-Type: application/json; charset=utf-8
cache-control: no-cache

13:43:13.829 [AsyncHttpClient-1-20] DEBUG org.asynchttpclient.netty.channel.ChannelManager - Adding key: http://localhost:12531 for channel [id: 0xc3534585, L:/127.0.0.1:55338 - R:localhost/127.0.0.1:12531]
13:43:13.830 [Forwarding isElementDisplayed on session 00c09ade59cc3377faa41a4dd398427e to remote] DEBUG org.asynchttpclient.netty.request.NettyRequestSender - Using pooled Channel '[id: 0xc3534585, L:/127.0.0.1:55338 - R:localhost/127.0.0.1:12531]' for 'POST' to 'http://localhost:12531/session/00c09ade59cc3377faa41a4dd398427e/execute/sync'
13:43:13.830 [Forwarding isElementDisplayed on session 00c09ade59cc3377faa41a4dd398427e to remote] DEBUG org.asynchttpclient.netty.request.NettyRequestSender - Using open Channel [id: 0xc3534585, L:/127.0.0.1:55338 - R:localhost/127.0.0.1:12531] for POST '/session/00c09ade59cc3377faa41a4dd398427e/execute/sync'
13:43:13.837 [AsyncHttpClient-1-20] DEBUG org.asynchttpclient.netty.handler.HttpHandler - 

Request DefaultHttpRequest(decodeResult: success, version: HTTP/1.1)
POST /session/00c09ade59cc3377faa41a4dd398427e/execute/sync HTTP/1.1
User-Agent: selenium/4.10.0 (java windows)
Content-Length: 48814
Content-Type: application/json; charset=utf-8
host: localhost:12531
accept: */*

Response DefaultHttpResponse(decodeResult: success, version: HTTP/1.1)
HTTP/1.1 200 OK
Content-Length: 14
Content-Type: application/json; charset=utf-8
cache-control: no-cache

13:43:13.837 [AsyncHttpClient-1-20] DEBUG org.asynchttpclient.netty.channel.ChannelManager - Adding key: http://localhost:12531 for channel [id: 0xc3534585, L:/127.0.0.1:55338 - R:localhost/127.0.0.1:12531]
13:43:13.837 [Forwarding findElement on session 00c09ade59cc3377faa41a4dd398427e to remote] DEBUG org.asynchttpclient.netty.request.NettyRequestSender - Using pooled Channel '[id: 0xc3534585, L:/127.0.0.1:55338 - R:localhost/127.0.0.1:12531]' for 'POST' to 'http://localhost:12531/session/00c09ade59cc3377faa41a4dd398427e/element'
13:43:13.837 [Forwarding findElement on session 00c09ade59cc3377faa41a4dd398427e to remote] DEBUG org.asynchttpclient.netty.request.NettyRequestSender - Using open Channel [id: 0xc3534585, L:/127.0.0.1:55338 - R:localhost/127.0.0.1:12531] for POST '/session/00c09ade59cc3377faa41a4dd398427e/element'
13:43:13.842 [AsyncHttpClient-1-20] DEBUG org.asynchttpclient.netty.handler.HttpHandler - 

Request DefaultHttpRequest(decodeResult: success, version: HTTP/1.1)
POST /session/00c09ade59cc3377faa41a4dd398427e/element HTTP/1.1
User-Agent: selenium/4.10.0 (java windows)
Content-Length: 82
Content-Type: application/json; charset=utf-8
host: localhost:12531
accept: */*

Response DefaultHttpResponse(decodeResult: success, version: HTTP/1.1)
HTTP/1.1 200 OK
Content-Length: 95
Content-Type: application/json; charset=utf-8
cache-control: no-cache

13:43:13.842 [AsyncHttpClient-1-20] DEBUG org.asynchttpclient.netty.channel.ChannelManager - Adding key: http://localhost:12531 for channel [id: 0xc3534585, L:/127.0.0.1:55338 - R:localhost/127.0.0.1:12531]
13:43:13.842 [Forwarding clickElement on session 00c09ade59cc3377faa41a4dd398427e to remote] DEBUG org.asynchttpclient.netty.request.NettyRequestSender - Using pooled Channel '[id: 0xc3534585, L:/127.0.0.1:55338 - R:localhost/127.0.0.1:12531]' for 'POST' to 'http://localhost:12531/session/00c09ade59cc3377faa41a4dd398427e/element/1D3DAF9CD51E06D1A4D9F4CA60E31A2D_element_46/click'
13:43:13.842 [Forwarding clickElement on session 00c09ade59cc3377faa41a4dd398427e to remote] DEBUG org.asynchttpclient.netty.request.NettyRequestSender - Using open Channel [id: 0xc3534585, L:/127.0.0.1:55338 - R:localhost/127.0.0.1:12531] for POST '/session/00c09ade59cc3377faa41a4dd398427e/element/1D3DAF9CD51E06D1A4D9F4CA60E31A2D_element_46/click'
13:43:13.893 [AsyncHttpClient-1-20] DEBUG org.asynchttpclient.netty.handler.HttpHandler - 

Request DefaultHttpRequest(decodeResult: success, version: HTTP/1.1)
POST /session/00c09ade59cc3377faa41a4dd398427e/element/1D3DAF9CD51E06D1A4D9F4CA60E31A2D_element_46/click HTTP/1.1
User-Agent: selenium/4.10.0 (java windows)
Content-Length: 57
Content-Type: application/json; charset=utf-8
host: localhost:12531
accept: */*

Response DefaultHttpResponse(decodeResult: success, version: HTTP/1.1)
HTTP/1.1 200 OK
Content-Length: 14
Content-Type: application/json; charset=utf-8
cache-control: no-cache

13:43:13.893 [AsyncHttpClient-1-20] DEBUG org.asynchttpclient.netty.channel.ChannelManager - Adding key: http://localhost:12531 for channel [id: 0xc3534585, L:/127.0.0.1:55338 - R:localhost/127.0.0.1:12531]
13:43:14.060 [AsyncHttpClient-1-1] DEBUG org.asynchttpclient.netty.channel.DefaultChannelPool - Entry count for : http://localhost:12531 : 1
13:43:14.060 [AsyncHttpClient-1-1] DEBUG org.asynchttpclient.netty.channel.DefaultChannelPool - Entry count for : http://localhost:55339 : 1
13:43:14.905 [Forwarding findElements on session 00c09ade59cc3377faa41a4dd398427e to remote] DEBUG org.asynchttpclient.netty.request.NettyRequestSender - Using pooled Channel '[id: 0xc3534585, L:/127.0.0.1:55338 - R:localhost/127.0.0.1:12531]' for 'POST' to 'http://localhost:12531/session/00c09ade59cc3377faa41a4dd398427e/elements'
13:43:14.905 [Forwarding findElements on session 00c09ade59cc3377faa41a4dd398427e to remote] DEBUG org.asynchttpclient.netty.request.NettyRequestSender - Using open Channel [id: 0xc3534585, L:/127.0.0.1:55338 - R:localhost/127.0.0.1:12531] for POST '/session/00c09ade59cc3377faa41a4dd398427e/elements'
13:43:14.919 [AsyncHttpClient-1-20] DEBUG org.asynchttpclient.netty.handler.HttpHandler - 

Request DefaultHttpRequest(decodeResult: success, version: HTTP/1.1)
POST /session/00c09ade59cc3377faa41a4dd398427e/elements HTTP/1.1
User-Agent: selenium/4.10.0 (java windows)
Content-Length: 77
Content-Type: application/json; charset=utf-8
host: localhost:12531
accept: */*

Response DefaultHttpResponse(decodeResult: success, version: HTTP/1.1)
HTTP/1.1 200 OK
Content-Length: 1215
Content-Type: application/json; charset=utf-8
cache-control: no-cache

13:43:14.919 [AsyncHttpClient-1-20] DEBUG org.asynchttpclient.netty.channel.ChannelManager - Adding key: http://localhost:12531 for channel [id: 0xc3534585, L:/127.0.0.1:55338 - R:localhost/127.0.0.1:12531]
[[ChromeDriver: chrome on windows (00c09ade59cc3377faa41a4dd398427e)] -> xpath: .//span[@class='company-name']]
13:43:14.920 [Forwarding getElementText on session 00c09ade59cc3377faa41a4dd398427e to remote] DEBUG org.asynchttpclient.netty.request.NettyRequestSender - Using pooled Channel '[id: 0xc3534585, L:/127.0.0.1:55338 - R:localhost/127.0.0.1:12531]' for 'GET' to 'http://localhost:12531/session/00c09ade59cc3377faa41a4dd398427e/element/1D3DAF9CD51E06D1A4D9F4CA60E31A2D_element_50/text'
13:43:14.920 [Forwarding getElementText on session 00c09ade59cc3377faa41a4dd398427e to remote] DEBUG org.asynchttpclient.netty.request.NettyRequestSender - Using open Channel [id: 0xc3534585, L:/127.0.0.1:55338 - R:localhost/127.0.0.1:12531] for GET '/session/00c09ade59cc3377faa41a4dd398427e/element/1D3DAF9CD51E06D1A4D9F4CA60E31A2D_element_50/text'
13:43:14.931 [AsyncHttpClient-1-20] DEBUG org.asynchttpclient.netty.handler.HttpHandler - 

Request DefaultFullHttpRequest(decodeResult: success, version: HTTP/1.1, content: EmptyByteBufBE)
GET /session/00c09ade59cc3377faa41a4dd398427e/element/1D3DAF9CD51E06D1A4D9F4CA60E31A2D_element_50/text HTTP/1.1
Cache-Control: no-cache
User-Agent: selenium/4.10.0 (java windows)
Content-Type: application/json; charset=utf-8
host: localhost:12531
accept: */*

Response DefaultHttpResponse(decodeResult: success, version: HTTP/1.1)
HTTP/1.1 200 OK
Content-Length: 65
Content-Type: application/json; charset=utf-8
cache-control: no-cache

13:43:14.931 [AsyncHttpClient-1-20] DEBUG org.asynchttpclient.netty.channel.ChannelManager - Adding key: http://localhost:12531 for channel [id: 0xc3534585, L:/127.0.0.1:55338 - R:localhost/127.0.0.1:12531]
[[ChromeDriver: chrome on windows (00c09ade59cc3377faa41a4dd398427e)] -> xpath: .//span[@class='company-name']]
13:43:14.931 [Forwarding getElementText on session 00c09ade59cc3377faa41a4dd398427e to remote] DEBUG org.asynchttpclient.netty.request.NettyRequestSender - Using pooled Channel '[id: 0xc3534585, L:/127.0.0.1:55338 - R:localhost/127.0.0.1:12531]' for 'GET' to 'http://localhost:12531/session/00c09ade59cc3377faa41a4dd398427e/element/1D3DAF9CD51E06D1A4D9F4CA60E31A2D_element_51/text'
13:43:14.931 [Forwarding getElementText on session 00c09ade59cc3377faa41a4dd398427e to remote] DEBUG org.asynchttpclient.netty.request.NettyRequestSender - Using open Channel [id: 0xc3534585, L:/127.0.0.1:55338 - R:localhost/127.0.0.1:12531] for GET '/session/00c09ade59cc3377faa41a4dd398427e/element/1D3DAF9CD51E06D1A4D9F4CA60E31A2D_element_51/text'
13:43:14.937 [AsyncHttpClient-1-20] DEBUG org.asynchttpclient.netty.handler.HttpHandler - 

Request DefaultFullHttpRequest(decodeResult: success, version: HTTP/1.1, content: EmptyByteBufBE)
GET /session/00c09ade59cc3377faa41a4dd398427e/element/1D3DAF9CD51E06D1A4D9F4CA60E31A2D_element_51/text HTTP/1.1
Cache-Control: no-cache
User-Agent: selenium/4.10.0 (java windows)
Content-Type: application/json; charset=utf-8
host: localhost:12531
accept: */*

Response DefaultHttpResponse(decodeResult: success, version: HTTP/1.1)
HTTP/1.1 200 OK
Content-Length: 114
Content-Type: application/json; charset=utf-8
cache-control: no-cache

13:43:14.938 [AsyncHttpClient-1-20] DEBUG org.asynchttpclient.netty.channel.ChannelManager - Adding key: http://localhost:12531 for channel [id: 0xc3534585, L:/127.0.0.1:55338 - R:localhost/127.0.0.1:12531]
[[ChromeDriver: chrome on windows (00c09ade59cc3377faa41a4dd398427e)] -> xpath: .//span[@class='company-name']]
13:43:14.938 [Forwarding getElementText on session 00c09ade59cc3377faa41a4dd398427e to remote] DEBUG org.asynchttpclient.netty.request.NettyRequestSender - Using pooled Channel '[id: 0xc3534585, L:/127.0.0.1:55338 - R:localhost/127.0.0.1:12531]' for 'GET' to 'http://localhost:12531/session/00c09ade59cc3377faa41a4dd398427e/element/1D3DAF9CD51E06D1A4D9F4CA60E31A2D_element_52/text'
13:43:14.938 [Forwarding getElementText on session 00c09ade59cc3377faa41a4dd398427e to remote] DEBUG org.asynchttpclient.netty.request.NettyRequestSender - Using open Channel [id: 0xc3534585, L:/127.0.0.1:55338 - R:localhost/127.0.0.1:12531] for GET '/session/00c09ade59cc3377faa41a4dd398427e/element/1D3DAF9CD51E06D1A4D9F4CA60E31A2D_element_52/text'
13:43:14.944 [AsyncHttpClient-1-20] DEBUG org.asynchttpclient.netty.handler.HttpHandler - 

Request DefaultFullHttpRequest(decodeResult: success, version: HTTP/1.1, content: EmptyByteBufBE)
GET /session/00c09ade59cc3377faa41a4dd398427e/element/1D3DAF9CD51E06D1A4D9F4CA60E31A2D_element_52/text HTTP/1.1
Cache-Control: no-cache
User-Agent: selenium/4.10.0 (java windows)
Content-Type: application/json; charset=utf-8
host: localhost:12531
accept: */*

Response DefaultHttpResponse(decodeResult: success, version: HTTP/1.1)
HTTP/1.1 200 OK
Content-Length: 59
Content-Type: application/json; charset=utf-8
cache-control: no-cache

13:43:14.944 [AsyncHttpClient-1-20] DEBUG org.asynchttpclient.netty.channel.ChannelManager - Adding key: http://localhost:12531 for channel [id: 0xc3534585, L:/127.0.0.1:55338 - R:localhost/127.0.0.1:12531]
[[ChromeDriver: chrome on windows (00c09ade59cc3377faa41a4dd398427e)] -> xpath: .//span[@class='company-name']]
13:43:14.944 [Forwarding getElementText on session 00c09ade59cc3377faa41a4dd398427e to remote] DEBUG org.asynchttpclient.netty.request.NettyRequestSender - Using pooled Channel '[id: 0xc3534585, L:/127.0.0.1:55338 - R:localhost/127.0.0.1:12531]' for 'GET' to 'http://localhost:12531/session/00c09ade59cc3377faa41a4dd398427e/element/1D3DAF9CD51E06D1A4D9F4CA60E31A2D_element_53/text'
13:43:14.944 [Forwarding getElementText on session 00c09ade59cc3377faa41a4dd398427e to remote] DEBUG org.asynchttpclient.netty.request.NettyRequestSender - Using open Channel [id: 0xc3534585, L:/127.0.0.1:55338 - R:localhost/127.0.0.1:12531] for GET '/session/00c09ade59cc3377faa41a4dd398427e/element/1D3DAF9CD51E06D1A4D9F4CA60E31A2D_element_53/text'
13:43:14.951 [AsyncHttpClient-1-20] DEBUG org.asynchttpclient.netty.handler.HttpHandler - 

Request DefaultFullHttpRequest(decodeResult: success, version: HTTP/1.1, content: EmptyByteBufBE)
GET /session/00c09ade59cc3377faa41a4dd398427e/element/1D3DAF9CD51E06D1A4D9F4CA60E31A2D_element_53/text HTTP/1.1
Cache-Control: no-cache
User-Agent: selenium/4.10.0 (java windows)
Content-Type: application/json; charset=utf-8
host: localhost:12531
accept: */*

Response DefaultHttpResponse(decodeResult: success, version: HTTP/1.1)
HTTP/1.1 200 OK
Content-Length: 41
Content-Type: application/json; charset=utf-8
cache-control: no-cache

13:43:14.951 [AsyncHttpClient-1-20] DEBUG org.asynchttpclient.netty.channel.ChannelManager - Adding key: http://localhost:12531 for channel [id: 0xc3534585, L:/127.0.0.1:55338 - R:localhost/127.0.0.1:12531]
13:43:14.951 [Forwarding clickElement on session 00c09ade59cc3377faa41a4dd398427e to remote] DEBUG org.asynchttpclient.netty.request.NettyRequestSender - Using pooled Channel '[id: 0xc3534585, L:/127.0.0.1:55338 - R:localhost/127.0.0.1:12531]' for 'POST' to 'http://localhost:12531/session/00c09ade59cc3377faa41a4dd398427e/element/1D3DAF9CD51E06D1A4D9F4CA60E31A2D_element_53/click'
13:43:14.951 [Forwarding clickElement on session 00c09ade59cc3377faa41a4dd398427e to remote] DEBUG org.asynchttpclient.netty.request.NettyRequestSender - Using open Channel [id: 0xc3534585, L:/127.0.0.1:55338 - R:localhost/127.0.0.1:12531] for POST '/session/00c09ade59cc3377faa41a4dd398427e/element/1D3DAF9CD51E06D1A4D9F4CA60E31A2D_element_53/click'
13:43:14.981 [AsyncHttpClient-1-20] DEBUG org.asynchttpclient.netty.handler.HttpHandler - 

Request DefaultHttpRequest(decodeResult: success, version: HTTP/1.1)
POST /session/00c09ade59cc3377faa41a4dd398427e/element/1D3DAF9CD51E06D1A4D9F4CA60E31A2D_element_53/click HTTP/1.1
User-Agent: selenium/4.10.0 (java windows)
Content-Length: 57
Content-Type: application/json; charset=utf-8
host: localhost:12531
accept: */*

Response DefaultHttpResponse(decodeResult: success, version: HTTP/1.1)
HTTP/1.1 200 OK
Content-Length: 14
Content-Type: application/json; charset=utf-8
cache-control: no-cache

13:43:14.981 [AsyncHttpClient-1-20] DEBUG org.asynchttpclient.netty.channel.ChannelManager - Adding key: http://localhost:12531 for channel [id: 0xc3534585, L:/127.0.0.1:55338 - R:localhost/127.0.0.1:12531]
[[ChromeDriver: chrome on windows (00c09ade59cc3377faa41a4dd398427e)] -> xpath: .//span[@class='company-name']]
13:43:14.981 [Forwarding getElementText on session 00c09ade59cc3377faa41a4dd398427e to remote] DEBUG org.asynchttpclient.netty.request.NettyRequestSender - Using pooled Channel '[id: 0xc3534585, L:/127.0.0.1:55338 - R:localhost/127.0.0.1:12531]' for 'GET' to 'http://localhost:12531/session/00c09ade59cc3377faa41a4dd398427e/element/1D3DAF9CD51E06D1A4D9F4CA60E31A2D_element_54/text'
13:43:14.981 [Forwarding getElementText on session 00c09ade59cc3377faa41a4dd398427e to remote] DEBUG org.asynchttpclient.netty.request.NettyRequestSender - Using open Channel [id: 0xc3534585, L:/127.0.0.1:55338 - R:localhost/127.0.0.1:12531] for GET '/session/00c09ade59cc3377faa41a4dd398427e/element/1D3DAF9CD51E06D1A4D9F4CA60E31A2D_element_54/text'
13:43:14.989 [AsyncHttpClient-1-20] DEBUG org.asynchttpclient.netty.handler.HttpHandler - 

Request DefaultFullHttpRequest(decodeResult: success, version: HTTP/1.1, content: EmptyByteBufBE)
GET /session/00c09ade59cc3377faa41a4dd398427e/element/1D3DAF9CD51E06D1A4D9F4CA60E31A2D_element_54/text HTTP/1.1
Cache-Control: no-cache
User-Agent: selenium/4.10.0 (java windows)
Content-Type: application/json; charset=utf-8
host: localhost:12531
accept: */*

Response DefaultHttpResponse(decodeResult: success, version: HTTP/1.1)
HTTP/1.1 200 OK
Content-Length: 81
Content-Type: application/json; charset=utf-8
cache-control: no-cache

13:43:14.989 [AsyncHttpClient-1-20] DEBUG org.asynchttpclient.netty.channel.ChannelManager - Adding key: http://localhost:12531 for channel [id: 0xc3534585, L:/127.0.0.1:55338 - R:localhost/127.0.0.1:12531]
[[ChromeDriver: chrome on windows (00c09ade59cc3377faa41a4dd398427e)] -> xpath: .//span[@class='company-name']]
13:43:14.989 [Forwarding getElementText on session 00c09ade59cc3377faa41a4dd398427e to remote] DEBUG org.asynchttpclient.netty.request.NettyRequestSender - Using pooled Channel '[id: 0xc3534585, L:/127.0.0.1:55338 - R:localhost/127.0.0.1:12531]' for 'GET' to 'http://localhost:12531/session/00c09ade59cc3377faa41a4dd398427e/element/1D3DAF9CD51E06D1A4D9F4CA60E31A2D_element_55/text'
13:43:14.989 [Forwarding getElementText on session 00c09ade59cc3377faa41a4dd398427e to remote] DEBUG org.asynchttpclient.netty.request.NettyRequestSender - Using open Channel [id: 0xc3534585, L:/127.0.0.1:55338 - R:localhost/127.0.0.1:12531] for GET '/session/00c09ade59cc3377faa41a4dd398427e/element/1D3DAF9CD51E06D1A4D9F4CA60E31A2D_element_55/text'
13:43:14.996 [AsyncHttpClient-1-20] DEBUG org.asynchttpclient.netty.handler.HttpHandler - 

Request DefaultFullHttpRequest(decodeResult: success, version: HTTP/1.1, content: EmptyByteBufBE)
GET /session/00c09ade59cc3377faa41a4dd398427e/element/1D3DAF9CD51E06D1A4D9F4CA60E31A2D_element_55/text HTTP/1.1
Cache-Control: no-cache
User-Agent: selenium/4.10.0 (java windows)
Content-Type: application/json; charset=utf-8
host: localhost:12531
accept: */*

Response DefaultHttpResponse(decodeResult: success, version: HTTP/1.1)
HTTP/1.1 200 OK
Content-Length: 69
Content-Type: application/json; charset=utf-8
cache-control: no-cache

13:43:14.997 [AsyncHttpClient-1-20] DEBUG org.asynchttpclient.netty.channel.ChannelManager - Adding key: http://localhost:12531 for channel [id: 0xc3534585, L:/127.0.0.1:55338 - R:localhost/127.0.0.1:12531]
[[ChromeDriver: chrome on windows (00c09ade59cc3377faa41a4dd398427e)] -> xpath: .//span[@class='company-name']]
13:43:14.997 [Forwarding getElementText on session 00c09ade59cc3377faa41a4dd398427e to remote] DEBUG org.asynchttpclient.netty.request.NettyRequestSender - Using pooled Channel '[id: 0xc3534585, L:/127.0.0.1:55338 - R:localhost/127.0.0.1:12531]' for 'GET' to 'http://localhost:12531/session/00c09ade59cc3377faa41a4dd398427e/element/1D3DAF9CD51E06D1A4D9F4CA60E31A2D_element_56/text'
13:43:14.997 [Forwarding getElementText on session 00c09ade59cc3377faa41a4dd398427e to remote] DEBUG org.asynchttpclient.netty.request.NettyRequestSender - Using open Channel [id: 0xc3534585, L:/127.0.0.1:55338 - R:localhost/127.0.0.1:12531] for GET '/session/00c09ade59cc3377faa41a4dd398427e/element/1D3DAF9CD51E06D1A4D9F4CA60E31A2D_element_56/text'
13:43:15.003 [AsyncHttpClient-1-20] DEBUG org.asynchttpclient.netty.handler.HttpHandler - 

Request DefaultFullHttpRequest(decodeResult: success, version: HTTP/1.1, content: EmptyByteBufBE)
GET /session/00c09ade59cc3377faa41a4dd398427e/element/1D3DAF9CD51E06D1A4D9F4CA60E31A2D_element_56/text HTTP/1.1
Cache-Control: no-cache
User-Agent: selenium/4.10.0 (java windows)
Content-Type: application/json; charset=utf-8
host: localhost:12531
accept: */*

Response DefaultHttpResponse(decodeResult: success, version: HTTP/1.1)
HTTP/1.1 200 OK
Content-Length: 53
Content-Type: application/json; charset=utf-8
cache-control: no-cache

13:43:15.003 [AsyncHttpClient-1-20] DEBUG org.asynchttpclient.netty.channel.ChannelManager - Adding key: http://localhost:12531 for channel [id: 0xc3534585, L:/127.0.0.1:55338 - R:localhost/127.0.0.1:12531]
[[ChromeDriver: chrome on windows (00c09ade59cc3377faa41a4dd398427e)] -> xpath: .//span[@class='company-name']]
13:43:15.004 [Forwarding getElementText on session 00c09ade59cc3377faa41a4dd398427e to remote] DEBUG org.asynchttpclient.netty.request.NettyRequestSender - Using pooled Channel '[id: 0xc3534585, L:/127.0.0.1:55338 - R:localhost/127.0.0.1:12531]' for 'GET' to 'http://localhost:12531/session/00c09ade59cc3377faa41a4dd398427e/element/1D3DAF9CD51E06D1A4D9F4CA60E31A2D_element_57/text'
13:43:15.004 [Forwarding getElementText on session 00c09ade59cc3377faa41a4dd398427e to remote] DEBUG org.asynchttpclient.netty.request.NettyRequestSender - Using open Channel [id: 0xc3534585, L:/127.0.0.1:55338 - R:localhost/127.0.0.1:12531] for GET '/session/00c09ade59cc3377faa41a4dd398427e/element/1D3DAF9CD51E06D1A4D9F4CA60E31A2D_element_57/text'
13:43:15.011 [AsyncHttpClient-1-20] DEBUG org.asynchttpclient.netty.handler.HttpHandler - 

Request DefaultFullHttpRequest(decodeResult: success, version: HTTP/1.1, content: EmptyByteBufBE)
GET /session/00c09ade59cc3377faa41a4dd398427e/element/1D3DAF9CD51E06D1A4D9F4CA60E31A2D_element_57/text HTTP/1.1
Cache-Control: no-cache
User-Agent: selenium/4.10.0 (java windows)
Content-Type: application/json; charset=utf-8
host: localhost:12531
accept: */*

Response DefaultHttpResponse(decodeResult: success, version: HTTP/1.1)
HTTP/1.1 200 OK
Content-Length: 136
Content-Type: application/json; charset=utf-8
cache-control: no-cache

13:43:15.011 [AsyncHttpClient-1-20] DEBUG org.asynchttpclient.netty.channel.ChannelManager - Adding key: http://localhost:12531 for channel [id: 0xc3534585, L:/127.0.0.1:55338 - R:localhost/127.0.0.1:12531]
[[ChromeDriver: chrome on windows (00c09ade59cc3377faa41a4dd398427e)] -> xpath: .//span[@class='company-name']]
13:43:15.011 [Forwarding getElementText on session 00c09ade59cc3377faa41a4dd398427e to remote] DEBUG org.asynchttpclient.netty.request.NettyRequestSender - Using pooled Channel '[id: 0xc3534585, L:/127.0.0.1:55338 - R:localhost/127.0.0.1:12531]' for 'GET' to 'http://localhost:12531/session/00c09ade59cc3377faa41a4dd398427e/element/1D3DAF9CD51E06D1A4D9F4CA60E31A2D_element_58/text'
13:43:15.011 [Forwarding getElementText on session 00c09ade59cc3377faa41a4dd398427e to remote] DEBUG org.asynchttpclient.netty.request.NettyRequestSender - Using open Channel [id: 0xc3534585, L:/127.0.0.1:55338 - R:localhost/127.0.0.1:12531] for GET '/session/00c09ade59cc3377faa41a4dd398427e/element/1D3DAF9CD51E06D1A4D9F4CA60E31A2D_element_58/text'
13:43:15.017 [AsyncHttpClient-1-20] DEBUG org.asynchttpclient.netty.handler.HttpHandler - 

Request DefaultFullHttpRequest(decodeResult: success, version: HTTP/1.1, content: EmptyByteBufBE)
GET /session/00c09ade59cc3377faa41a4dd398427e/element/1D3DAF9CD51E06D1A4D9F4CA60E31A2D_element_58/text HTTP/1.1
Cache-Control: no-cache
User-Agent: selenium/4.10.0 (java windows)
Content-Type: application/json; charset=utf-8
host: localhost:12531
accept: */*

Response DefaultHttpResponse(decodeResult: success, version: HTTP/1.1)
HTTP/1.1 200 OK
Content-Length: 12
Content-Type: application/json; charset=utf-8
cache-control: no-cache

13:43:15.017 [AsyncHttpClient-1-20] DEBUG org.asynchttpclient.netty.channel.ChannelManager - Adding key: http://localhost:12531 for channel [id: 0xc3534585, L:/127.0.0.1:55338 - R:localhost/127.0.0.1:12531]
[[ChromeDriver: chrome on windows (00c09ade59cc3377faa41a4dd398427e)] -> xpath: .//span[@class='company-name']]
13:43:15.017 [Forwarding getElementText on session 00c09ade59cc3377faa41a4dd398427e to remote] DEBUG org.asynchttpclient.netty.request.NettyRequestSender - Using pooled Channel '[id: 0xc3534585, L:/127.0.0.1:55338 - R:localhost/127.0.0.1:12531]' for 'GET' to 'http://localhost:12531/session/00c09ade59cc3377faa41a4dd398427e/element/1D3DAF9CD51E06D1A4D9F4CA60E31A2D_element_59/text'
13:43:15.017 [Forwarding getElementText on session 00c09ade59cc3377faa41a4dd398427e to remote] DEBUG org.asynchttpclient.netty.request.NettyRequestSender - Using open Channel [id: 0xc3534585, L:/127.0.0.1:55338 - R:localhost/127.0.0.1:12531] for GET '/session/00c09ade59cc3377faa41a4dd398427e/element/1D3DAF9CD51E06D1A4D9F4CA60E31A2D_element_59/text'
13:43:15.023 [AsyncHttpClient-1-20] DEBUG org.asynchttpclient.netty.handler.HttpHandler - 

Request DefaultFullHttpRequest(decodeResult: success, version: HTTP/1.1, content: EmptyByteBufBE)
GET /session/00c09ade59cc3377faa41a4dd398427e/element/1D3DAF9CD51E06D1A4D9F4CA60E31A2D_element_59/text HTTP/1.1
Cache-Control: no-cache
User-Agent: selenium/4.10.0 (java windows)
Content-Type: application/json; charset=utf-8
host: localhost:12531
accept: */*

Response DefaultHttpResponse(decodeResult: success, version: HTTP/1.1)
HTTP/1.1 200 OK
Content-Length: 12
Content-Type: application/json; charset=utf-8
cache-control: no-cache

13:43:15.023 [AsyncHttpClient-1-20] DEBUG org.asynchttpclient.netty.channel.ChannelManager - Adding key: http://localhost:12531 for channel [id: 0xc3534585, L:/127.0.0.1:55338 - R:localhost/127.0.0.1:12531]
[[ChromeDriver: chrome on windows (00c09ade59cc3377faa41a4dd398427e)] -> xpath: .//span[@class='company-name']]
13:43:15.023 [Forwarding getElementText on session 00c09ade59cc3377faa41a4dd398427e to remote] DEBUG org.asynchttpclient.netty.request.NettyRequestSender - Using pooled Channel '[id: 0xc3534585, L:/127.0.0.1:55338 - R:localhost/127.0.0.1:12531]' for 'GET' to 'http://localhost:12531/session/00c09ade59cc3377faa41a4dd398427e/element/1D3DAF9CD51E06D1A4D9F4CA60E31A2D_element_60/text'
13:43:15.023 [Forwarding getElementText on session 00c09ade59cc3377faa41a4dd398427e to remote] DEBUG org.asynchttpclient.netty.request.NettyRequestSender - Using open Channel [id: 0xc3534585, L:/127.0.0.1:55338 - R:localhost/127.0.0.1:12531] for GET '/session/00c09ade59cc3377faa41a4dd398427e/element/1D3DAF9CD51E06D1A4D9F4CA60E31A2D_element_60/text'
13:43:15.028 [AsyncHttpClient-1-20] DEBUG org.asynchttpclient.netty.handler.HttpHandler - 

Request DefaultFullHttpRequest(decodeResult: success, version: HTTP/1.1, content: EmptyByteBufBE)
GET /session/00c09ade59cc3377faa41a4dd398427e/element/1D3DAF9CD51E06D1A4D9F4CA60E31A2D_element_60/text HTTP/1.1
Cache-Control: no-cache
User-Agent: selenium/4.10.0 (java windows)
Content-Type: application/json; charset=utf-8
host: localhost:12531
accept: */*

Response DefaultHttpResponse(decodeResult: success, version: HTTP/1.1)
HTTP/1.1 200 OK
Content-Length: 12
Content-Type: application/json; charset=utf-8
cache-control: no-cache

13:43:15.028 [AsyncHttpClient-1-20] DEBUG org.asynchttpclient.netty.channel.ChannelManager - Adding key: http://localhost:12531 for channel [id: 0xc3534585, L:/127.0.0.1:55338 - R:localhost/127.0.0.1:12531]
[[ChromeDriver: chrome on windows (00c09ade59cc3377faa41a4dd398427e)] -> xpath: .//span[@class='company-name']]
13:43:15.028 [Forwarding getElementText on session 00c09ade59cc3377faa41a4dd398427e to remote] DEBUG org.asynchttpclient.netty.request.NettyRequestSender - Using pooled Channel '[id: 0xc3534585, L:/127.0.0.1:55338 - R:localhost/127.0.0.1:12531]' for 'GET' to 'http://localhost:12531/session/00c09ade59cc3377faa41a4dd398427e/element/1D3DAF9CD51E06D1A4D9F4CA60E31A2D_element_61/text'
13:43:15.028 [Forwarding getElementText on session 00c09ade59cc3377faa41a4dd398427e to remote] DEBUG org.asynchttpclient.netty.request.NettyRequestSender - Using open Channel [id: 0xc3534585, L:/127.0.0.1:55338 - R:localhost/127.0.0.1:12531] for GET '/session/00c09ade59cc3377faa41a4dd398427e/element/1D3DAF9CD51E06D1A4D9F4CA60E31A2D_element_61/text'
13:43:15.034 [AsyncHttpClient-1-20] DEBUG org.asynchttpclient.netty.handler.HttpHandler - 

Request DefaultFullHttpRequest(decodeResult: success, version: HTTP/1.1, content: EmptyByteBufBE)
GET /session/00c09ade59cc3377faa41a4dd398427e/element/1D3DAF9CD51E06D1A4D9F4CA60E31A2D_element_61/text HTTP/1.1
Cache-Control: no-cache
User-Agent: selenium/4.10.0 (java windows)
Content-Type: application/json; charset=utf-8
host: localhost:12531
accept: */*

Response DefaultHttpResponse(decodeResult: success, version: HTTP/1.1)
HTTP/1.1 200 OK
Content-Length: 12
Content-Type: application/json; charset=utf-8
cache-control: no-cache

13:43:15.034 [AsyncHttpClient-1-20] DEBUG org.asynchttpclient.netty.channel.ChannelManager - Adding key: http://localhost:12531 for channel [id: 0xc3534585, L:/127.0.0.1:55338 - R:localhost/127.0.0.1:12531]
[[ChromeDriver: chrome on windows (00c09ade59cc3377faa41a4dd398427e)] -> xpath: .//span[@class='company-name']]
13:43:15.034 [Forwarding getElementText on session 00c09ade59cc3377faa41a4dd398427e to remote] DEBUG org.asynchttpclient.netty.request.NettyRequestSender - Using pooled Channel '[id: 0xc3534585, L:/127.0.0.1:55338 - R:localhost/127.0.0.1:12531]' for 'GET' to 'http://localhost:12531/session/00c09ade59cc3377faa41a4dd398427e/element/1D3DAF9CD51E06D1A4D9F4CA60E31A2D_element_62/text'
13:43:15.034 [Forwarding getElementText on session 00c09ade59cc3377faa41a4dd398427e to remote] DEBUG org.asynchttpclient.netty.request.NettyRequestSender - Using open Channel [id: 0xc3534585, L:/127.0.0.1:55338 - R:localhost/127.0.0.1:12531] for GET '/session/00c09ade59cc3377faa41a4dd398427e/element/1D3DAF9CD51E06D1A4D9F4CA60E31A2D_element_62/text'
13:43:15.041 [AsyncHttpClient-1-20] DEBUG org.asynchttpclient.netty.handler.HttpHandler - 

Request DefaultFullHttpRequest(decodeResult: success, version: HTTP/1.1, content: EmptyByteBufBE)
GET /session/00c09ade59cc3377faa41a4dd398427e/element/1D3DAF9CD51E06D1A4D9F4CA60E31A2D_element_62/text HTTP/1.1
Cache-Control: no-cache
User-Agent: selenium/4.10.0 (java windows)
Content-Type: application/json; charset=utf-8
host: localhost:12531
accept: */*

Response DefaultHttpResponse(decodeResult: success, version: HTTP/1.1)
HTTP/1.1 200 OK
Content-Length: 12
Content-Type: application/json; charset=utf-8
cache-control: no-cache

13:43:15.041 [AsyncHttpClient-1-20] DEBUG org.asynchttpclient.netty.channel.ChannelManager - Adding key: http://localhost:12531 for channel [id: 0xc3534585, L:/127.0.0.1:55338 - R:localhost/127.0.0.1:12531]
[[ChromeDriver: chrome on windows (00c09ade59cc3377faa41a4dd398427e)] -> xpath: .//span[@class='company-name']]
13:43:15.041 [Forwarding getElementText on session 00c09ade59cc3377faa41a4dd398427e to remote] DEBUG org.asynchttpclient.netty.request.NettyRequestSender - Using pooled Channel '[id: 0xc3534585, L:/127.0.0.1:55338 - R:localhost/127.0.0.1:12531]' for 'GET' to 'http://localhost:12531/session/00c09ade59cc3377faa41a4dd398427e/element/1D3DAF9CD51E06D1A4D9F4CA60E31A2D_element_63/text'
13:43:15.041 [Forwarding getElementText on session 00c09ade59cc3377faa41a4dd398427e to remote] DEBUG org.asynchttpclient.netty.request.NettyRequestSender - Using open Channel [id: 0xc3534585, L:/127.0.0.1:55338 - R:localhost/127.0.0.1:12531] for GET '/session/00c09ade59cc3377faa41a4dd398427e/element/1D3DAF9CD51E06D1A4D9F4CA60E31A2D_element_63/text'
13:43:15.046 [AsyncHttpClient-1-20] DEBUG org.asynchttpclient.netty.handler.HttpHandler - 

Request DefaultFullHttpRequest(decodeResult: success, version: HTTP/1.1, content: EmptyByteBufBE)
GET /session/00c09ade59cc3377faa41a4dd398427e/element/1D3DAF9CD51E06D1A4D9F4CA60E31A2D_element_63/text HTTP/1.1
Cache-Control: no-cache
User-Agent: selenium/4.10.0 (java windows)
Content-Type: application/json; charset=utf-8
host: localhost:12531
accept: */*

Response DefaultHttpResponse(decodeResult: success, version: HTTP/1.1)
HTTP/1.1 200 OK
Content-Length: 12
Content-Type: application/json; charset=utf-8
cache-control: no-cache

13:43:15.046 [AsyncHttpClient-1-20] DEBUG org.asynchttpclient.netty.channel.ChannelManager - Adding key: http://localhost:12531 for channel [id: 0xc3534585, L:/127.0.0.1:55338 - R:localhost/127.0.0.1:12531]
13:43:15.050 [Forwarding refresh on session 00c09ade59cc3377faa41a4dd398427e to remote] DEBUG org.asynchttpclient.netty.request.NettyRequestSender - Using pooled Channel '[id: 0xc3534585, L:/127.0.0.1:55338 - R:localhost/127.0.0.1:12531]' for 'POST' to 'http://localhost:12531/session/00c09ade59cc3377faa41a4dd398427e/refresh'
13:43:15.050 [Forwarding refresh on session 00c09ade59cc3377faa41a4dd398427e to remote] DEBUG org.asynchttpclient.netty.request.NettyRequestSender - Using open Channel [id: 0xc3534585, L:/127.0.0.1:55338 - R:localhost/127.0.0.1:12531] for POST '/session/00c09ade59cc3377faa41a4dd398427e/refresh'
13:43:15.054 [AsyncHttpClient-1-20] DEBUG org.asynchttpclient.netty.handler.HttpHandler - 

Request DefaultHttpRequest(decodeResult: success, version: HTTP/1.1)
POST /session/00c09ade59cc3377faa41a4dd398427e/refresh HTTP/1.1
User-Agent: selenium/4.10.0 (java windows)
Content-Length: 3
Content-Type: application/json; charset=utf-8
host: localhost:12531
accept: */*

Response DefaultHttpResponse(decodeResult: success, version: HTTP/1.1)
HTTP/1.1 200 OK
Content-Length: 14
Content-Type: application/json; charset=utf-8
cache-control: no-cache

13:43:15.054 [AsyncHttpClient-1-20] DEBUG org.asynchttpclient.netty.channel.ChannelManager - Adding key: http://localhost:12531 for channel [id: 0xc3534585, L:/127.0.0.1:55338 - R:localhost/127.0.0.1:12531]
13:43:15.156 [AsyncHttpClient-1-1] DEBUG org.asynchttpclient.netty.channel.DefaultChannelPool - Entry count for : http://localhost:12531 : 1
13:43:15.156 [AsyncHttpClient-1-1] DEBUG org.asynchttpclient.netty.channel.DefaultChannelPool - Entry count for : http://localhost:55339 : 1
13:43:16.255 [AsyncHttpClient-1-1] DEBUG org.asynchttpclient.netty.channel.DefaultChannelPool - Entry count for : http://localhost:12531 : 1
13:43:16.255 [AsyncHttpClient-1-1] DEBUG org.asynchttpclient.netty.channel.DefaultChannelPool - Entry count for : http://localhost:55339 : 1
13:43:17.354 [AsyncHttpClient-1-1] DEBUG org.asynchttpclient.netty.channel.DefaultChannelPool - Entry count for : http://localhost:12531 : 1
13:43:17.354 [AsyncHttpClient-1-1] DEBUG org.asynchttpclient.netty.channel.DefaultChannelPool - Entry count for : http://localhost:55339 : 1
13:43:18.453 [AsyncHttpClient-1-1] DEBUG org.asynchttpclient.netty.channel.DefaultChannelPool - Entry count for : http://localhost:12531 : 1
13:43:18.453 [AsyncHttpClient-1-1] DEBUG org.asynchttpclient.netty.channel.DefaultChannelPool - Entry count for : http://localhost:55339 : 1
13:43:19.558 [AsyncHttpClient-1-1] DEBUG org.asynchttpclient.netty.channel.DefaultChannelPool - Entry count for : http://localhost:12531 : 1
13:43:19.558 [AsyncHttpClient-1-1] DEBUG org.asynchttpclient.netty.channel.DefaultChannelPool - Entry count for : http://localhost:55339 : 1
13:43:20.061 [Forwarding findElement on session 00c09ade59cc3377faa41a4dd398427e to remote] DEBUG org.asynchttpclient.netty.request.NettyRequestSender - Using pooled Channel '[id: 0xc3534585, L:/127.0.0.1:55338 - R:localhost/127.0.0.1:12531]' for 'POST' to 'http://localhost:12531/session/00c09ade59cc3377faa41a4dd398427e/element'
13:43:20.061 [Forwarding findElement on session 00c09ade59cc3377faa41a4dd398427e to remote] DEBUG org.asynchttpclient.netty.request.NettyRequestSender - Using open Channel [id: 0xc3534585, L:/127.0.0.1:55338 - R:localhost/127.0.0.1:12531] for POST '/session/00c09ade59cc3377faa41a4dd398427e/element'
13:43:20.660 [AsyncHttpClient-1-1] DEBUG org.asynchttpclient.netty.channel.DefaultChannelPool - Entry count for : http://localhost:55339 : 1
13:43:21.757 [AsyncHttpClient-1-1] DEBUG org.asynchttpclient.netty.channel.DefaultChannelPool - Entry count for : http://localhost:55339 : 1
13:43:22.853 [AsyncHttpClient-1-1] DEBUG org.asynchttpclient.netty.channel.DefaultChannelPool - Entry count for : http://localhost:55339 : 1
13:43:23.963 [AsyncHttpClient-1-1] DEBUG org.asynchttpclient.netty.channel.DefaultChannelPool - Entry count for : http://localhost:55339 : 1
13:43:25.053 [AsyncHttpClient-1-1] DEBUG org.asynchttpclient.netty.channel.DefaultChannelPool - Entry count for : http://localhost:55339 : 1
13:43:26.160 [AsyncHttpClient-1-1] DEBUG org.asynchttpclient.netty.channel.DefaultChannelPool - Entry count for : http://localhost:55339 : 1
13:43:27.259 [AsyncHttpClient-1-1] DEBUG org.asynchttpclient.netty.channel.DefaultChannelPool - Entry count for : http://localhost:55339 : 1
13:43:28.353 [AsyncHttpClient-1-1] DEBUG org.asynchttpclient.netty.channel.DefaultChannelPool - Entry count for : http://localhost:55339 : 1
13:43:29.452 [AsyncHttpClient-1-1] DEBUG org.asynchttpclient.netty.channel.DefaultChannelPool - Entry count for : http://localhost:55339 : 1
13:43:30.555 [AsyncHttpClient-1-1] DEBUG org.asynchttpclient.netty.channel.DefaultChannelPool - Entry count for : http://localhost:55339 : 1
13:43:31.652 [AsyncHttpClient-1-1] DEBUG org.asynchttpclient.netty.channel.DefaultChannelPool - Entry count for : http://localhost:55339 : 1
13:43:32.755 [AsyncHttpClient-1-1] DEBUG org.asynchttpclient.netty.channel.DefaultChannelPool - Entry count for : http://localhost:55339 : 1
13:43:33.853 [AsyncHttpClient-1-1] DEBUG org.asynchttpclient.netty.channel.DefaultChannelPool - Entry count for : http://localhost:55339 : 1
13:43:34.959 [AsyncHttpClient-1-1] DEBUG org.asynchttpclient.netty.channel.DefaultChannelPool - Entry count for : http://localhost:55339 : 1
13:43:35.089 [AsyncHttpClient-1-20] DEBUG org.asynchttpclient.netty.handler.HttpHandler - 

Request DefaultHttpRequest(decodeResult: success, version: HTTP/1.1)
POST /session/00c09ade59cc3377faa41a4dd398427e/element HTTP/1.1
User-Agent: selenium/4.10.0 (java windows)
Content-Length: 76
Content-Type: application/json; charset=utf-8
host: localhost:12531
accept: */*

Response DefaultHttpResponse(decodeResult: success, version: HTTP/1.1)
HTTP/1.1 404 Not Found
Content-Length: 972
Content-Type: application/json; charset=utf-8
cache-control: no-cache

13:43:35.089 [AsyncHttpClient-1-20] DEBUG org.asynchttpclient.netty.channel.ChannelManager - Adding key: http://localhost:12531 for channel [id: 0xc3534585, L:/127.0.0.1:55338 - R:localhost/127.0.0.1:12531]
13:43:35.090 [Forwarding findElement on session 00c09ade59cc3377faa41a4dd398427e to remote] DEBUG org.asynchttpclient.netty.request.NettyRequestSender - Using pooled Channel '[id: 0xc3534585, L:/127.0.0.1:55338 - R:localhost/127.0.0.1:12531]' for 'POST' to 'http://localhost:12531/session/00c09ade59cc3377faa41a4dd398427e/element'
13:43:35.090 [Forwarding findElement on session 00c09ade59cc3377faa41a4dd398427e to remote] DEBUG org.asynchttpclient.netty.request.NettyRequestSender - Using open Channel [id: 0xc3534585, L:/127.0.0.1:55338 - R:localhost/127.0.0.1:12531] for POST '/session/00c09ade59cc3377faa41a4dd398427e/element'
13:43:36.054 [AsyncHttpClient-1-1] DEBUG org.asynchttpclient.netty.channel.DefaultChannelPool - Entry count for : http://localhost:55339 : 1
13:43:37.155 [AsyncHttpClient-1-1] DEBUG org.asynchttpclient.netty.channel.DefaultChannelPool - Entry count for : http://localhost:55339 : 1
13:43:38.253 [AsyncHttpClient-1-1] DEBUG org.asynchttpclient.netty.channel.DefaultChannelPool - Entry count for : http://localhost:55339 : 1
13:43:39.352 [AsyncHttpClient-1-1] DEBUG org.asynchttpclient.netty.channel.DefaultChannelPool - Entry count for : http://localhost:55339 : 1
13:43:40.457 [AsyncHttpClient-1-1] DEBUG org.asynchttpclient.netty.channel.DefaultChannelPool - Entry count for : http://localhost:55339 : 1
13:43:41.554 [AsyncHttpClient-1-1] DEBUG org.asynchttpclient.netty.channel.DefaultChannelPool - Entry count for : http://localhost:55339 : 1
13:43:42.652 [AsyncHttpClient-1-1] DEBUG org.asynchttpclient.netty.channel.DefaultChannelPool - Entry count for : http://localhost:55339 : 1
13:43:43.753 [AsyncHttpClient-1-1] DEBUG org.asynchttpclient.netty.channel.DefaultChannelPool - Entry count for : http://localhost:55339 : 1
13:43:44.854 [AsyncHttpClient-1-1] DEBUG org.asynchttpclient.netty.channel.DefaultChannelPool - Entry count for : http://localhost:55339 : 1
13:43:45.957 [AsyncHttpClient-1-1] DEBUG org.asynchttpclient.netty.channel.DefaultChannelPool - Entry count for : http://localhost:55339 : 1
13:43:47.054 [AsyncHttpClient-1-1] DEBUG org.asynchttpclient.netty.channel.DefaultChannelPool - Entry count for : http://localhost:55339 : 1
13:43:48.154 [AsyncHttpClient-1-1] DEBUG org.asynchttpclient.netty.channel.DefaultChannelPool - Entry count for : http://localhost:55339 : 1
13:43:49.261 [AsyncHttpClient-1-1] DEBUG org.asynchttpclient.netty.channel.DefaultChannelPool - Entry count for : http://localhost:55339 : 1
13:43:50.142 [AsyncHttpClient-1-20] DEBUG org.asynchttpclient.netty.handler.HttpHandler - 

Request DefaultHttpRequest(decodeResult: success, version: HTTP/1.1)
POST /session/00c09ade59cc3377faa41a4dd398427e/element HTTP/1.1
User-Agent: selenium/4.10.0 (java windows)
Content-Length: 76
Content-Type: application/json; charset=utf-8
host: localhost:12531
accept: */*

Response DefaultHttpResponse(decodeResult: success, version: HTTP/1.1)
HTTP/1.1 404 Not Found
Content-Length: 972
Content-Type: application/json; charset=utf-8
cache-control: no-cache

13:43:50.143 [AsyncHttpClient-1-20] DEBUG org.asynchttpclient.netty.channel.ChannelManager - Adding key: http://localhost:12531 for channel [id: 0xc3534585, L:/127.0.0.1:55338 - R:localhost/127.0.0.1:12531]
]]></system-out>
    <system-err><![CDATA[июл. 31, 2023 1:43:03 PM org.openqa.selenium.remote.service.DriverService$Builder getLogOutput
INFO: Driver logs no longer sent to console by default; https://www.selenium.dev/documentation/webdriver/drivers/service/#setting-log-output
июл. 31, 2023 1:43:04 PM org.openqa.selenium.devtools.CdpVersionFinder findNearestMatch
WARNING: Unable to find an exact match for CDP version 115, so returning the closest version found: 114
]]></system-err>
  </testcase>
  <testcase name="checkTheMPBar" classname="org.OptimaBusTests.uiTests.mainPageTests.MainPageTest" time="0.003">
    <failure type="java.lang.NullPointerException">java.lang.NullPointerException
	at org.OptimaBusTests.uiTests.mainPageTests.MainPageTest.checkTheMPBar(MainPageTest.java:18)
</failure>
    <system-out><![CDATA[13:43:50.145 [Forwarding close on session 00c09ade59cc3377faa41a4dd398427e to remote] DEBUG org.asynchttpclient.netty.request.NettyRequestSender - Using pooled Channel '[id: 0xc3534585, L:/127.0.0.1:55338 - R:localhost/127.0.0.1:12531]' for 'DELETE' to 'http://localhost:12531/session/00c09ade59cc3377faa41a4dd398427e/window'
13:43:50.145 [Forwarding close on session 00c09ade59cc3377faa41a4dd398427e to remote] DEBUG org.asynchttpclient.netty.request.NettyRequestSender - Using open Channel [id: 0xc3534585, L:/127.0.0.1:55338 - R:localhost/127.0.0.1:12531] for DELETE '/session/00c09ade59cc3377faa41a4dd398427e/window'
13:43:50.168 [AsyncHttpClient-1-21] DEBUG org.asynchttpclient.netty.handler.HttpHandler - Channel Closed: [id: 0x7ef4c98c, L:/127.0.0.1:55345 ! R:localhost/127.0.0.1:55339] with attribute DISCARD
13:43:50.168 [AsyncHttpClient-1-22] DEBUG org.asynchttpclient.netty.handler.WebSocketHandler - Channel Closed: [id: 0x7c416eee, L:/127.0.0.1:55346 ! R:localhost/127.0.0.1:55339] with attribute NettyResponseFuture{currentRetry=0,
	isDone=1,
	isCancelled=0,
	asyncHandler=org.asynchttpclient.ws.WebSocketUpgradeHandler@6a82b254,
	nettyRequest=org.asynchttpclient.netty.request.NettyRequest@2f803160,
	future=java.util.concurrent.CompletableFuture@19057e4d[Completed normally],
	uri=ws://localhost:55339/devtools/browser/ff7cfed3-044c-4e42-8f42-c9c40e5409d8,
	keepAlive=true,
	redirectCount=0,
	timeoutsHolder=null,
	inAuth=0,
	touch=1690789384297}
13:43:50.168 [AsyncHttpClient-1-22] DEBUG org.asynchttpclient.netty.channel.ChannelManager - Closing Channel [id: 0x7c416eee, L:/127.0.0.1:55346 ! R:localhost/127.0.0.1:55339] 
13:43:50.215 [AsyncHttpClient-1-20] DEBUG org.asynchttpclient.netty.handler.HttpHandler - 

Request DefaultFullHttpRequest(decodeResult: success, version: HTTP/1.1, content: EmptyByteBufBE)
DELETE /session/00c09ade59cc3377faa41a4dd398427e/window HTTP/1.1
User-Agent: selenium/4.10.0 (java windows)
Content-Type: application/json; charset=utf-8
host: localhost:12531
accept: */*

Response DefaultHttpResponse(decodeResult: success, version: HTTP/1.1)
HTTP/1.1 200 OK
Content-Length: 12
Content-Type: application/json; charset=utf-8
cache-control: no-cache

13:43:50.215 [AsyncHttpClient-1-20] DEBUG org.asynchttpclient.netty.channel.ChannelManager - Adding key: http://localhost:12531 for channel [id: 0xc3534585, L:/127.0.0.1:55338 - R:localhost/127.0.0.1:12531]
13:43:50.216 [Driver Command Executor] DEBUG org.asynchttpclient.netty.request.NettyRequestSender - Using pooled Channel '[id: 0xc3534585, L:/127.0.0.1:55338 - R:localhost/127.0.0.1:12531]' for 'DELETE' to 'http://localhost:12531/session/00c09ade59cc3377faa41a4dd398427e'
13:43:50.216 [Driver Command Executor] DEBUG org.asynchttpclient.netty.request.NettyRequestSender - Using open Channel [id: 0xc3534585, L:/127.0.0.1:55338 - R:localhost/127.0.0.1:12531] for DELETE '/session/00c09ade59cc3377faa41a4dd398427e'
13:43:50.265 [AsyncHttpClient-1-20] DEBUG org.asynchttpclient.netty.handler.HttpHandler - 

Request DefaultFullHttpRequest(decodeResult: success, version: HTTP/1.1, content: EmptyByteBufBE)
DELETE /session/00c09ade59cc3377faa41a4dd398427e HTTP/1.1
User-Agent: selenium/4.10.0 (java windows)
Content-Type: application/json; charset=utf-8
host: localhost:12531
accept: */*

Response DefaultHttpResponse(decodeResult: success, version: HTTP/1.1)
HTTP/1.1 200 OK
Content-Length: 14
Content-Type: application/json; charset=utf-8
cache-control: no-cache

13:43:50.265 [AsyncHttpClient-1-20] DEBUG org.asynchttpclient.netty.channel.ChannelManager - Adding key: http://localhost:12531 for channel [id: 0xc3534585, L:/127.0.0.1:55338 - R:localhost/127.0.0.1:12531]
13:43:50.267 [AsyncHttpClient-1-20] DEBUG org.asynchttpclient.netty.handler.HttpHandler - Channel Closed: [id: 0xc3534585, L:/127.0.0.1:55338 ! R:localhost/127.0.0.1:12531] with attribute DISCARD
[WARN ] 2023-07-31 13:43:50.298 [main] Driver - Starting Chromedriver
13:43:50.307 [main] DEBUG org.apache.hc.client5.http.impl.classic.InternalHttpClient - ex-0000000029 preparing request execution
13:43:50.307 [main] DEBUG org.apache.hc.client5.http.impl.classic.ProtocolExec - ex-0000000029 target auth state: UNCHALLENGED
13:43:50.307 [main] DEBUG org.apache.hc.client5.http.impl.classic.ProtocolExec - ex-0000000029 proxy auth state: UNCHALLENGED
13:43:50.307 [main] DEBUG org.apache.hc.client5.http.impl.classic.ConnectExec - ex-0000000029 acquiring connection with route {s}->https://raw.githubusercontent.com:443
13:43:50.307 [main] DEBUG org.apache.hc.client5.http.impl.classic.InternalHttpClient - ex-0000000029 acquiring endpoint (3 MINUTES)
13:43:50.307 [main] DEBUG org.apache.hc.client5.http.impl.io.PoolingHttpClientConnectionManager - ex-0000000029 endpoint lease request (3 MINUTES) [route: {s}->https://raw.githubusercontent.com:443][total available: 0; route allocated: 0 of 5; total allocated: 0 of 25]
13:43:50.307 [main] DEBUG org.apache.hc.client5.http.impl.io.PoolingHttpClientConnectionManager - ex-0000000029 endpoint leased [route: {s}->https://raw.githubusercontent.com:443][total available: 0; route allocated: 1 of 5; total allocated: 1 of 25]
13:43:50.307 [main] DEBUG org.apache.hc.client5.http.impl.io.PoolingHttpClientConnectionManager - ex-0000000029 acquired ep-0000000029
13:43:50.307 [main] DEBUG org.apache.hc.client5.http.impl.classic.InternalHttpClient - ex-0000000029 acquired endpoint ep-0000000029
13:43:50.307 [main] DEBUG org.apache.hc.client5.http.impl.classic.ConnectExec - ex-0000000029 opening connection {s}->https://raw.githubusercontent.com:443
13:43:50.307 [main] DEBUG org.apache.hc.client5.http.impl.classic.InternalHttpClient - ep-0000000029 connecting endpoint (null)
13:43:50.307 [main] DEBUG org.apache.hc.client5.http.impl.io.PoolingHttpClientConnectionManager - ep-0000000029 connecting endpoint to https://raw.githubusercontent.com:443 (30 SECONDS)
13:43:50.307 [main] DEBUG org.apache.hc.client5.http.impl.io.DefaultHttpClientConnectionOperator - raw.githubusercontent.com resolving remote address
13:43:50.308 [main] DEBUG org.apache.hc.client5.http.impl.io.DefaultHttpClientConnectionOperator - raw.githubusercontent.com resolved to [raw.githubusercontent.com/185.199.108.133, raw.githubusercontent.com/185.199.110.133, raw.githubusercontent.com/185.199.111.133, raw.githubusercontent.com/185.199.109.133]
13:43:50.308 [main] DEBUG org.apache.hc.client5.http.impl.io.DefaultHttpClientConnectionOperator - raw.githubusercontent.com:443 connecting null->raw.githubusercontent.com/185.199.108.133:443 (30 SECONDS)
13:43:50.308 [main] DEBUG org.apache.hc.client5.http.ssl.SSLConnectionSocketFactory - Connecting socket to raw.githubusercontent.com/185.199.108.133:443 with timeout 30 SECONDS
13:43:50.360 [AsyncHttpClient-1-1] DEBUG org.asynchttpclient.netty.channel.DefaultChannelPool - Entry count for : http://localhost:12531 : 1
13:43:50.360 [AsyncHttpClient-1-1] DEBUG org.asynchttpclient.netty.channel.DefaultChannelPool - Entry count for : http://localhost:55339 : 1
13:43:50.360 [AsyncHttpClient-1-1] DEBUG org.asynchttpclient.netty.channel.DefaultChannelPool - Adding Candidate expired Channel [id: 0xc3534585, L:/127.0.0.1:55338 ! R:localhost/127.0.0.1:12531] isIdleTimeoutExpired=false isRemotelyClosed=true isTtlExpired=false
13:43:50.360 [AsyncHttpClient-1-1] DEBUG org.asynchttpclient.netty.channel.DefaultChannelPool - Closing Idle Channel [id: 0xc3534585, L:/127.0.0.1:55338 ! R:localhost/127.0.0.1:12531]
13:43:50.360 [AsyncHttpClient-1-1] DEBUG org.asynchttpclient.netty.channel.DefaultChannelPool - Adding Candidate expired Channel [id: 0x7ef4c98c, L:/127.0.0.1:55345 ! R:localhost/127.0.0.1:55339] isIdleTimeoutExpired=false isRemotelyClosed=true isTtlExpired=false
13:43:50.360 [AsyncHttpClient-1-1] DEBUG org.asynchttpclient.netty.channel.DefaultChannelPool - Closing Idle Channel [id: 0x7ef4c98c, L:/127.0.0.1:55345 ! R:localhost/127.0.0.1:55339]
13:43:50.360 [AsyncHttpClient-1-1] DEBUG org.asynchttpclient.netty.channel.DefaultChannelPool - Closed 2 connections out of 2 in 0 ms
13:43:50.605 [main] DEBUG org.apache.hc.client5.http.ssl.SSLConnectionSocketFactory - Enabled protocols: [TLSv1.3, TLSv1.2]
13:43:50.605 [main] DEBUG org.apache.hc.client5.http.ssl.SSLConnectionSocketFactory - Enabled cipher suites: [TLS_AES_256_GCM_SHA384, TLS_AES_128_GCM_SHA256, TLS_CHACHA20_POLY1305_SHA256, TLS_ECDHE_ECDSA_WITH_AES_256_GCM_SHA384, TLS_ECDHE_ECDSA_WITH_AES_128_GCM_SHA256, TLS_ECDHE_ECDSA_WITH_CHACHA20_POLY1305_SHA256, TLS_ECDHE_RSA_WITH_AES_256_GCM_SHA384, TLS_ECDHE_RSA_WITH_CHACHA20_POLY1305_SHA256, TLS_ECDHE_RSA_WITH_AES_128_GCM_SHA256, TLS_DHE_RSA_WITH_AES_256_GCM_SHA384, TLS_DHE_RSA_WITH_CHACHA20_POLY1305_SHA256, TLS_DHE_DSS_WITH_AES_256_GCM_SHA384, TLS_DHE_RSA_WITH_AES_128_GCM_SHA256, TLS_DHE_DSS_WITH_AES_128_GCM_SHA256, TLS_ECDHE_ECDSA_WITH_AES_256_CBC_SHA384, TLS_ECDHE_RSA_WITH_AES_256_CBC_SHA384, TLS_ECDHE_ECDSA_WITH_AES_128_CBC_SHA256, TLS_ECDHE_RSA_WITH_AES_128_CBC_SHA256, TLS_DHE_RSA_WITH_AES_256_CBC_SHA256, TLS_DHE_DSS_WITH_AES_256_CBC_SHA256, TLS_DHE_RSA_WITH_AES_128_CBC_SHA256, TLS_DHE_DSS_WITH_AES_128_CBC_SHA256, TLS_ECDH_ECDSA_WITH_AES_256_GCM_SHA384, TLS_ECDH_RSA_WITH_AES_256_GCM_SHA384, TLS_ECDH_ECDSA_WITH_AES_128_GCM_SHA256, TLS_ECDH_RSA_WITH_AES_128_GCM_SHA256, TLS_ECDH_ECDSA_WITH_AES_256_CBC_SHA384, TLS_ECDH_RSA_WITH_AES_256_CBC_SHA384, TLS_ECDH_ECDSA_WITH_AES_128_CBC_SHA256, TLS_ECDH_RSA_WITH_AES_128_CBC_SHA256, TLS_ECDHE_ECDSA_WITH_AES_256_CBC_SHA, TLS_ECDHE_RSA_WITH_AES_256_CBC_SHA, TLS_ECDHE_ECDSA_WITH_AES_128_CBC_SHA, TLS_ECDHE_RSA_WITH_AES_128_CBC_SHA, TLS_DHE_RSA_WITH_AES_256_CBC_SHA, TLS_DHE_DSS_WITH_AES_256_CBC_SHA, TLS_DHE_RSA_WITH_AES_128_CBC_SHA, TLS_DHE_DSS_WITH_AES_128_CBC_SHA, TLS_ECDH_ECDSA_WITH_AES_256_CBC_SHA, TLS_ECDH_RSA_WITH_AES_256_CBC_SHA, TLS_ECDH_ECDSA_WITH_AES_128_CBC_SHA, TLS_ECDH_RSA_WITH_AES_128_CBC_SHA, TLS_RSA_WITH_AES_256_GCM_SHA384, TLS_RSA_WITH_AES_128_GCM_SHA256, TLS_RSA_WITH_AES_256_CBC_SHA256, TLS_RSA_WITH_AES_128_CBC_SHA256, TLS_RSA_WITH_AES_256_CBC_SHA, TLS_RSA_WITH_AES_128_CBC_SHA, TLS_EMPTY_RENEGOTIATION_INFO_SCSV]
13:43:50.605 [main] DEBUG org.apache.hc.client5.http.ssl.SSLConnectionSocketFactory - Starting handshake (null)
13:43:50.744 [main] DEBUG org.apache.hc.client5.http.ssl.SSLConnectionSocketFactory - Secure session established
13:43:50.744 [main] DEBUG org.apache.hc.client5.http.ssl.SSLConnectionSocketFactory -  negotiated protocol: TLSv1.3
13:43:50.744 [main] DEBUG org.apache.hc.client5.http.ssl.SSLConnectionSocketFactory -  negotiated cipher suite: TLS_AES_256_GCM_SHA384
13:43:50.744 [main] DEBUG org.apache.hc.client5.http.ssl.SSLConnectionSocketFactory -  peer principal: CN=*.github.io, O="GitHub, Inc.", L=San Francisco, ST=California, C=US
13:43:50.744 [main] DEBUG org.apache.hc.client5.http.ssl.SSLConnectionSocketFactory -  peer alternative names: [*.github.io, github.io, *.github.com, github.com, www.github.com, *.githubusercontent.com, githubusercontent.com]
13:43:50.744 [main] DEBUG org.apache.hc.client5.http.ssl.SSLConnectionSocketFactory -  issuer principal: CN=DigiCert TLS RSA SHA256 2020 CA1, O=DigiCert Inc, C=US
13:43:50.744 [main] DEBUG org.apache.hc.client5.http.impl.io.DefaultManagedHttpClientConnection - http-outgoing-21 set socket timeout to 3 MINUTES
13:43:50.745 [main] DEBUG org.apache.hc.client5.http.impl.io.DefaultHttpClientConnectionOperator - raw.githubusercontent.com:443 connected null->raw.githubusercontent.com/185.199.108.133:443 as http-outgoing-21
13:43:50.745 [main] DEBUG org.apache.hc.client5.http.impl.io.PoolingHttpClientConnectionManager - ep-0000000029 connected http-outgoing-21
13:43:50.745 [main] DEBUG org.apache.hc.client5.http.impl.classic.InternalHttpClient - ep-0000000029 endpoint connected
13:43:50.745 [main] DEBUG org.apache.hc.client5.http.impl.classic.MainClientExec - ex-0000000029 executing GET /bonigarcia/webdrivermanager/master/src/main/resources/commands.properties HTTP/1.1
13:43:50.745 [main] DEBUG org.apache.hc.client5.http.protocol.RequestAddCookies - ex-0000000029 Cookie spec selected: strict
13:43:50.745 [main] DEBUG org.apache.hc.client5.http.impl.classic.InternalHttpClient - ep-0000000029 start execution ex-0000000029
13:43:50.745 [main] DEBUG org.apache.hc.client5.http.impl.io.PoolingHttpClientConnectionManager - ep-0000000029 executing exchange ex-0000000029 over http-outgoing-21
13:43:50.745 [main] DEBUG org.apache.hc.client5.http.headers - http-outgoing-21 >> GET /bonigarcia/webdrivermanager/master/src/main/resources/commands.properties HTTP/1.1
13:43:50.745 [main] DEBUG org.apache.hc.client5.http.headers - http-outgoing-21 >> user-agent: Apache-HttpClient/5.0
13:43:50.745 [main] DEBUG org.apache.hc.client5.http.headers - http-outgoing-21 >> accept-encoding: gzip, deflate, br
13:43:50.745 [main] DEBUG org.apache.hc.client5.http.headers - http-outgoing-21 >> cache-control: max-age=0
13:43:50.745 [main] DEBUG org.apache.hc.client5.http.headers - http-outgoing-21 >> connection: keep-alive
13:43:50.745 [main] DEBUG org.apache.hc.client5.http.headers - http-outgoing-21 >> Host: raw.githubusercontent.com
13:43:50.745 [main] DEBUG org.apache.hc.client5.http.wire - http-outgoing-21 >> "GET /bonigarcia/webdrivermanager/master/src/main/resources/commands.properties HTTP/1.1[\r][\n]"
13:43:50.745 [main] DEBUG org.apache.hc.client5.http.wire - http-outgoing-21 >> "user-agent: Apache-HttpClient/5.0[\r][\n]"
13:43:50.745 [main] DEBUG org.apache.hc.client5.http.wire - http-outgoing-21 >> "accept-encoding: gzip, deflate, br[\r][\n]"
13:43:50.745 [main] DEBUG org.apache.hc.client5.http.wire - http-outgoing-21 >> "cache-control: max-age=0[\r][\n]"
13:43:50.745 [main] DEBUG org.apache.hc.client5.http.wire - http-outgoing-21 >> "connection: keep-alive[\r][\n]"
13:43:50.745 [main] DEBUG org.apache.hc.client5.http.wire - http-outgoing-21 >> "Host: raw.githubusercontent.com[\r][\n]"
13:43:50.745 [main] DEBUG org.apache.hc.client5.http.wire - http-outgoing-21 >> "[\r][\n]"
13:43:50.857 [main] DEBUG org.apache.hc.client5.http.wire - http-outgoing-21 << "HTTP/1.1 200 OK[\r][\n]"
13:43:50.857 [main] DEBUG org.apache.hc.client5.http.wire - http-outgoing-21 << "Connection: keep-alive[\r][\n]"
13:43:50.857 [main] DEBUG org.apache.hc.client5.http.wire - http-outgoing-21 << "Content-Length: 723[\r][\n]"
13:43:50.857 [main] DEBUG org.apache.hc.client5.http.wire - http-outgoing-21 << "Cache-Control: max-age=300[\r][\n]"
13:43:50.857 [main] DEBUG org.apache.hc.client5.http.wire - http-outgoing-21 << "Content-Security-Policy: default-src 'none'; style-src 'unsafe-inline'; sandbox[\r][\n]"
13:43:50.857 [main] DEBUG org.apache.hc.client5.http.wire - http-outgoing-21 << "Content-Type: text/plain; charset=utf-8[\r][\n]"
13:43:50.857 [main] DEBUG org.apache.hc.client5.http.wire - http-outgoing-21 << "ETag: W/"e82b438271e9e8680c688b0b680efd0bdd22faa6d6f0a32fc1fd8accc486b67e"[\r][\n]"
13:43:50.857 [main] DEBUG org.apache.hc.client5.http.wire - http-outgoing-21 << "Strict-Transport-Security: max-age=31536000[\r][\n]"
13:43:50.857 [main] DEBUG org.apache.hc.client5.http.wire - http-outgoing-21 << "X-Content-Type-Options: nosniff[\r][\n]"
13:43:50.857 [main] DEBUG org.apache.hc.client5.http.wire - http-outgoing-21 << "X-Frame-Options: deny[\r][\n]"
13:43:50.857 [main] DEBUG org.apache.hc.client5.http.wire - http-outgoing-21 << "X-XSS-Protection: 1; mode=block[\r][\n]"
13:43:50.857 [main] DEBUG org.apache.hc.client5.http.wire - http-outgoing-21 << "X-GitHub-Request-Id: 0DA8:ACC3:529747:55C146:64C1CDEC[\r][\n]"
13:43:50.857 [main] DEBUG org.apache.hc.client5.http.wire - http-outgoing-21 << "Content-Encoding: gzip[\r][\n]"
13:43:50.857 [main] DEBUG org.apache.hc.client5.http.wire - http-outgoing-21 << "Accept-Ranges: bytes[\r][\n]"
13:43:50.857 [main] DEBUG org.apache.hc.client5.http.wire - http-outgoing-21 << "Date: Mon, 31 Jul 2023 07:43:49 GMT[\r][\n]"
13:43:50.857 [main] DEBUG org.apache.hc.client5.http.wire - http-outgoing-21 << "Via: 1.1 varnish[\r][\n]"
13:43:50.858 [main] DEBUG org.apache.hc.client5.http.wire - http-outgoing-21 << "X-Served-By: cache-fra-eddf8230076-FRA[\r][\n]"
13:43:50.858 [main] DEBUG org.apache.hc.client5.http.wire - http-outgoing-21 << "X-Cache: HIT[\r][\n]"
13:43:50.858 [main] DEBUG org.apache.hc.client5.http.wire - http-outgoing-21 << "X-Cache-Hits: 3[\r][\n]"
13:43:50.858 [main] DEBUG org.apache.hc.client5.http.wire - http-outgoing-21 << "X-Timer: S1690789429.350499,VS0,VE0[\r][\n]"
13:43:50.858 [main] DEBUG org.apache.hc.client5.http.wire - http-outgoing-21 << "Vary: Authorization,Accept-Encoding,Origin[\r][\n]"
13:43:50.858 [main] DEBUG org.apache.hc.client5.http.wire - http-outgoing-21 << "Access-Control-Allow-Origin: *[\r][\n]"
13:43:50.858 [main] DEBUG org.apache.hc.client5.http.wire - http-outgoing-21 << "Cross-Origin-Resource-Policy: cross-origin[\r][\n]"
13:43:50.858 [main] DEBUG org.apache.hc.client5.http.wire - http-outgoing-21 << "X-Fastly-Request-ID: acff3bd98e574e0ed879bfd1b6c343204bacc5d4[\r][\n]"
13:43:50.858 [main] DEBUG org.apache.hc.client5.http.wire - http-outgoing-21 << "Expires: Mon, 31 Jul 2023 07:48:49 GMT[\r][\n]"
13:43:50.858 [main] DEBUG org.apache.hc.client5.http.wire - http-outgoing-21 << "Source-Age: 242[\r][\n]"
13:43:50.858 [main] DEBUG org.apache.hc.client5.http.wire - http-outgoing-21 << "[\r][\n]"
13:43:50.858 [main] DEBUG org.apache.hc.client5.http.headers - http-outgoing-21 << HTTP/1.1 200 OK
13:43:50.858 [main] DEBUG org.apache.hc.client5.http.headers - http-outgoing-21 << Connection: keep-alive
13:43:50.858 [main] DEBUG org.apache.hc.client5.http.headers - http-outgoing-21 << Content-Length: 723
13:43:50.858 [main] DEBUG org.apache.hc.client5.http.headers - http-outgoing-21 << Cache-Control: max-age=300
13:43:50.858 [main] DEBUG org.apache.hc.client5.http.headers - http-outgoing-21 << Content-Security-Policy: default-src 'none'; style-src 'unsafe-inline'; sandbox
13:43:50.858 [main] DEBUG org.apache.hc.client5.http.headers - http-outgoing-21 << Content-Type: text/plain; charset=utf-8
13:43:50.858 [main] DEBUG org.apache.hc.client5.http.headers - http-outgoing-21 << ETag: W/"e82b438271e9e8680c688b0b680efd0bdd22faa6d6f0a32fc1fd8accc486b67e"
13:43:50.858 [main] DEBUG org.apache.hc.client5.http.headers - http-outgoing-21 << Strict-Transport-Security: max-age=31536000
13:43:50.858 [main] DEBUG org.apache.hc.client5.http.headers - http-outgoing-21 << X-Content-Type-Options: nosniff
13:43:50.858 [main] DEBUG org.apache.hc.client5.http.headers - http-outgoing-21 << X-Frame-Options: deny
13:43:50.858 [main] DEBUG org.apache.hc.client5.http.headers - http-outgoing-21 << X-XSS-Protection: 1; mode=block
13:43:50.858 [main] DEBUG org.apache.hc.client5.http.headers - http-outgoing-21 << X-GitHub-Request-Id: 0DA8:ACC3:529747:55C146:64C1CDEC
13:43:50.858 [main] DEBUG org.apache.hc.client5.http.headers - http-outgoing-21 << Content-Encoding: gzip
13:43:50.858 [main] DEBUG org.apache.hc.client5.http.headers - http-outgoing-21 << Accept-Ranges: bytes
13:43:50.858 [main] DEBUG org.apache.hc.client5.http.headers - http-outgoing-21 << Date: Mon, 31 Jul 2023 07:43:49 GMT
13:43:50.858 [main] DEBUG org.apache.hc.client5.http.headers - http-outgoing-21 << Via: 1.1 varnish
13:43:50.858 [main] DEBUG org.apache.hc.client5.http.headers - http-outgoing-21 << X-Served-By: cache-fra-eddf8230076-FRA
13:43:50.858 [main] DEBUG org.apache.hc.client5.http.headers - http-outgoing-21 << X-Cache: HIT
13:43:50.858 [main] DEBUG org.apache.hc.client5.http.headers - http-outgoing-21 << X-Cache-Hits: 3
13:43:50.858 [main] DEBUG org.apache.hc.client5.http.headers - http-outgoing-21 << X-Timer: S1690789429.350499,VS0,VE0
13:43:50.858 [main] DEBUG org.apache.hc.client5.http.headers - http-outgoing-21 << Vary: Authorization,Accept-Encoding,Origin
13:43:50.858 [main] DEBUG org.apache.hc.client5.http.headers - http-outgoing-21 << Access-Control-Allow-Origin: *
13:43:50.858 [main] DEBUG org.apache.hc.client5.http.headers - http-outgoing-21 << Cross-Origin-Resource-Policy: cross-origin
13:43:50.858 [main] DEBUG org.apache.hc.client5.http.headers - http-outgoing-21 << X-Fastly-Request-ID: acff3bd98e574e0ed879bfd1b6c343204bacc5d4
13:43:50.858 [main] DEBUG org.apache.hc.client5.http.headers - http-outgoing-21 << Expires: Mon, 31 Jul 2023 07:48:49 GMT
13:43:50.858 [main] DEBUG org.apache.hc.client5.http.headers - http-outgoing-21 << Source-Age: 242
13:43:50.858 [main] DEBUG org.apache.hc.client5.http.impl.classic.MainClientExec - ex-0000000029 connection can be kept alive for 3 MINUTES
13:43:50.858 [main] DEBUG org.apache.hc.client5.http.wire - http-outgoing-21 << "[0x1f][0xffffff8b][0x8][0x0][0x0][0x0][0x0][0x0][0x0][0x3][0xffffffb5]V]o[0xffffffda]0[0x14]}[0xffffffe7]W\[0xffffff81]*[0xffffffb5][0x12][0x1f][[M[0xffffffd3]$[0x1e]hF[0xffffffbb]i [0x18][0xffffffb4][0xffffffdd]&[0xfffffff9][0xffffffc5]$7[0xffffffc1]R[0x12]#;[0xffffff94]v[0xffffffbf]~[0xffffffb6][0xfffffff3]1[0xffffff92][0xffffff9a][0xffffffc1][0x1a]x[0xffffffcb][0xffffffb5][0xffffffaf][0xffffffcf]9[0xffffffbe][0xfffffff7]8v[0xb][0x1c][0x1e]E4[0xfffffff6]$x4[0xffffffa1][0xb]*[0xffffffb1][0xffffffd1][0xffffff82][0xfffffffb]%[0xffffff93][0xffffffe0][0xffffffb3][0x10][0xffffffc1][0xffffffe5]qBY,!Y[0xffffffea] KM8,[0x10][0xfffffff0][0x19][0xffffffdd]u[0xffffff82][0x1e][0xffffffb0][0xffffffd8]L[0xffffffcb]%[0xffffff86][0xffffffa1][0xe][0xffffffb8][0xfffffff0]P[0xffffffe8]$[0xf][0x13]t[0x13]3[0xfffffff9][0xffffff84]B2[0xffffffae][0xffffffe6]|@[0xfffffff5][0x1d][0x8][0xffffffc4][0x18][0x16][0xffffff82]o[0xffffffa4][0xffffff9a]P[0xffffff94][0xffffffe7][0xffffffce]R[0xfffffff0][0x8][0xffffffdb]p[0xffffffcb][0x4][0xfffffffa][0xfffffffc][0xffffffb9][\r][0xffffff93][0x15][\n]"
13:43:50.858 [main] DEBUG org.apache.hc.client5.http.wire - http-outgoing-21 << "[0xffffffda][0xffffff86][0xffffffa1][0x17][0xffffffa8]Q3[0xffffffcb][0xffffffd6][0xffffffd1][0xffffff85][0xffffffc6][0xfffffff7][0xffffff98][0xffffffef][0xffffffa3][0xffffffc0]8[0x1][0xffffffae]s[0x12][0x16][0x7] _d[0xffffff82][0xffffff91][0xffffff84][0xfffffff3][0x1f],[0xfffffff6][0x14]j[0x1b]F,^+[0xffffff98]1ua2[0xffffffbf]h([0xffffff8e][0xffffff94][0xffffffa2][0xffffff91]m[0xffffffa3][0xffffffeb][0xffffff9a][0xffffffb0][0xffffffbb]I[0x17]t[0xffffffdf][0xffffffbd][0xffffffef][0xffffffbb][0xffffff91][0xffffffd7]U[0xffffffbb][0xffffff82][0xffffff9e][0x3][0xffffff9b][0xffffff88][0xffffffb9][0xffffffa6]$[0xffffffa6][0xc][0xffffff9b][0xffffffa5][0xffffffe2][0xffffff83][0xffffff98]F[0xffffffd8]o[0xffffff9e]Mg[0xffffff93][0xffffffbb][0xffffffd9]`|[0xfffffffb]u4[0xffffff9c][0x7f]"}B[0xffffffce][0x8][0xffffffb9][0xffffffe3]<[0x8][0xffffff91][0xffffff90][0xffffff94][0xffffff82][0xffffff90][0xffffffc1]j[0x15]2WI[0xffffffe3]1![0x19][0xffffff91]BnB[0xffffff80][0x9]<f[0xffffffb5][0xffffffe8]=[0xffffffd1]p[0xffffffbd][[0xffffffcf][0xffffffe5][0x1b][0xfffffff4][0xffffff9c][0xffffffff][0xfffffffc][0xfffffff8][0xffffffe1][0xffffffe2][0xffffff94][0xffffffa2][0xffffffae][0xe][0x14]5[0xffffff9a]8[0xffffff83][0xffffffd1]`:[0xfffffffd]<[0xffffffb8][0x1f][0xffffff9c]R[0xffffffcf]u[0x7f]6[0xffffffbc][0xffffff83][0xffffffef][0xf][0xffffffc3][0xffffffd9]/[0xfffffff8][0xfffffff2][0xffffffcd]y s[0xffffffee]'[0x1b]*0g[0xffffffcb][0xffffffc8]nF7H][0xffffff83][0xffffff97]{[0xffffffb1]Q[0x5][\r][0xffffffb5]c[0xffffffb4][0xf][0x2][0xffffffb3][0xffffffb4][0xffffff93][0xe]C[0xffffffa7][0xffffffb3]kAD][0xffffff9d][0xffffffde][0xffffffdb][0xffffffda][0xffffff88][0xffffffec][0xffffffa5][0xffffffbc][0xffffff99][0xffffffd9][0xffffffba]t[0xffffffb5][0xffffffea]9[0xffffffea][0x10])[0xffffffb7][0xffffffca][0xffffff9e][0xfffffff2][0xffffffe2]d^N[0xffffffd8]FW[0x16][0xffffffcd][0xffffffdc]_[0x10][0xfffffff9]i|[0x1c][0xffffff93][0xffffff8e][0xfffffff9]o[0x16][0xffffff86]4'!$G[0xffffffdf]W[0xfffffff4]W*j[[0xfffffff3]xR[0xffffffae][0xffffffb6][0xc][0xffffffd0],; #[0xffffffa9][0xffffff92]5[0xffffffb5][0x7][0xffffff9c][0xffffffb5][0xffffffd0][0x7f][0xffffff90][0xffffffc7]jgs[0xfffffffc][0xffffffc2][0xb][0xffffffd9][0x0]t[0xffffff9e]^'Y[0xfffffffb][0xffffff9f][0xffffffb1][0xffffffd8]:[0xffffffbf][0xffffff8d][0xffffffa5][0xffffff9a][0xffffffad][0x7f]m[0x5]&[0xffffffaa][0xffffffa0]^[0xffffff9b][0xffffffcb][0x5]f[0xffffffae][0xffffffe0]RU[0xffffff82][0x10]MS9l[0xffffff91]4t[0xfffffffb][0xffffff8a]][0xffffffd6][0xfffffff4][0xffffff96][0xffffffa6][0xffffff9f]P[0xffffffce][0xffffffd5][0xffffffce][0xffffff93][0xffffffff][0xffffff97][0xffffffcc]p[0xfffffffd][0xfffffff3][0xffffffe8][0x1b][0xffffffcc][0xffffffa2][0xffffffd9]Q[0xffffffbe][0xffffffb2][0xffffffa3][0xffffffc7]m'[0xffffffdf][0xffffffe4][[0xfffffffb]^[0xffffffb0][0xffffff9a][0xffffffbe][0xffffffda][0xffffffda]_[0xffffffce][0xffffff80][0xffffffd2][0xffffffc1]7[0xffffffb7]][0xffffffc1]b[0xffffffee][0xffffffb5][0xffffffff]w[0xffffff83][0xffffffed][0xffffffa7];[0x15]<[0x10]4[0xffffff92][0xffffff84][0x18][\n]"
13:43:50.858 [main] DEBUG org.apache.hc.client5.http.wire - http-outgoing-21 << "BB[0xffffffba][0xffffff8e]][0xffffffb5]jo[0xffffffb9]+"[0xffffffea][0xffffffb4][0xffffffff]h"[0xffffffea]\?5[0xffffffa9][0xffffffaf]k[0xffffffec][0xffffffff]P[0xffffffea][\n]"
13:43:50.858 [main] DEBUG org.apache.hc.client5.http.wire - http-outgoing-21 << "w[0xffffffe1]K[0x13][0xffffffda][0xffffffec][0xffffff98][0xffffffe6]Y[0xfffffffd]h8m6[0xffffff9c]T[0xffffffc1][0xfffffff2][0xffffffa7][0xffffff91]z_[0xffffff95]o85p[0x1c][0x13][0xffffffe6][0xfffffff0]5[0xffffffee][0xfffffffc][0xffffff92][0xffffff96][0xffffffda][0xfffffff7][0xffffffcf][0xffffffb1][0x5][0x1d][0xffffffea]K[0xffffff9b]9[0xffffff8e][0xffffffad]e[0xfffffff7][0xffffff93][0xffffffa8]`[0xffffffda][0xffffffff][0x1a][0xffffffd2][0xffffff88][0xffffff85][0xfffffffd][0xfffffff2][0xffffff91]N[0xfffffff6]`[0xffffffdf]2[0xffffffcf][0xffffffae]E[0xffffff97][0xffffffc5][0xffffffa2][0xffffff9d][0xffffffef]'[0xffffff9d]mun.[0xffffffd3]f^[0xffffffc7][0xffffff82][0xffffffda][0xffffff82]9[0xfffffff5][0xffffffa9]`[0x5][0xffffffbc]4[0xffffffa1][0x1d]<M[0xffffffb5]A[0xffffffa7]3[[0xffffffc0][0x7f][0x0][0xffffffc1][0xffffffd0]$[0xffffff85][0x1d][\r][0x0][0x0]"
13:43:50.858 [main] DEBUG org.apache.hc.client5.http.impl.classic.InternalHttpClient - ep-0000000029 releasing valid endpoint
13:43:50.858 [main] DEBUG org.apache.hc.client5.http.impl.io.PoolingHttpClientConnectionManager - ep-0000000029 releasing endpoint
13:43:50.858 [main] DEBUG org.apache.hc.client5.http.impl.io.PoolingHttpClientConnectionManager - ep-0000000029 connection http-outgoing-21 can be kept alive for 3 MINUTES
13:43:50.858 [main] DEBUG org.apache.hc.client5.http.impl.io.PoolingHttpClientConnectionManager - ep-0000000029 connection released [route: {s}->https://raw.githubusercontent.com:443][total available: 1; route allocated: 1 of 5; total allocated: 1 of 25]
13:43:50.858 [main] DEBUG io.github.bonigarcia.wdm.versions.VersionDetector - Detecting chrome version using online commands.properties
13:43:50.859 [main] DEBUG io.github.bonigarcia.wdm.versions.Shell - Running command on the shell: [cmd.exe, /C, wmic, datafile, where, name="%PROGRAMFILES:\=\\%\\Google\\Chrome\\Application\\chrome.exe", get, Version, /value]
13:43:50.935 [main] DEBUG io.github.bonigarcia.wdm.versions.Shell - Result: Version=115.0.5790.110
13:43:50.937 [main] DEBUG org.apache.hc.client5.http.impl.classic.InternalHttpClient - ex-0000000030 preparing request execution
13:43:50.937 [main] DEBUG org.apache.hc.client5.http.impl.classic.ProtocolExec - ex-0000000030 target auth state: UNCHALLENGED
13:43:50.937 [main] DEBUG org.apache.hc.client5.http.impl.classic.ProtocolExec - ex-0000000030 proxy auth state: UNCHALLENGED
13:43:50.937 [main] DEBUG org.apache.hc.client5.http.impl.classic.ConnectExec - ex-0000000030 acquiring connection with route {s}->https://chromedriver.storage.googleapis.com:443
13:43:50.937 [main] DEBUG org.apache.hc.client5.http.impl.classic.InternalHttpClient - ex-0000000030 acquiring endpoint (3 MINUTES)
13:43:50.937 [main] DEBUG org.apache.hc.client5.http.impl.io.PoolingHttpClientConnectionManager - ex-0000000030 endpoint lease request (3 MINUTES) [route: {s}->https://chromedriver.storage.googleapis.com:443][total available: 1; route allocated: 0 of 5; total allocated: 1 of 25]
13:43:50.937 [main] DEBUG org.apache.hc.client5.http.impl.io.PoolingHttpClientConnectionManager - ex-0000000030 endpoint leased [route: {s}->https://chromedriver.storage.googleapis.com:443][total available: 1; route allocated: 1 of 5; total allocated: 2 of 25]
13:43:50.937 [main] DEBUG org.apache.hc.client5.http.impl.io.PoolingHttpClientConnectionManager - ex-0000000030 acquired ep-0000000030
13:43:50.937 [main] DEBUG org.apache.hc.client5.http.impl.classic.InternalHttpClient - ex-0000000030 acquired endpoint ep-0000000030
13:43:50.937 [main] DEBUG org.apache.hc.client5.http.impl.classic.ConnectExec - ex-0000000030 opening connection {s}->https://chromedriver.storage.googleapis.com:443
13:43:50.937 [main] DEBUG org.apache.hc.client5.http.impl.classic.InternalHttpClient - ep-0000000030 connecting endpoint (null)
13:43:50.937 [main] DEBUG org.apache.hc.client5.http.impl.io.PoolingHttpClientConnectionManager - ep-0000000030 connecting endpoint to https://chromedriver.storage.googleapis.com:443 (30 SECONDS)
13:43:50.937 [main] DEBUG org.apache.hc.client5.http.impl.io.DefaultHttpClientConnectionOperator - chromedriver.storage.googleapis.com resolving remote address
13:43:50.937 [main] DEBUG org.apache.hc.client5.http.impl.io.DefaultHttpClientConnectionOperator - chromedriver.storage.googleapis.com resolved to [chromedriver.storage.googleapis.com/173.194.221.128, chromedriver.storage.googleapis.com/64.233.161.128, chromedriver.storage.googleapis.com/64.233.162.128, chromedriver.storage.googleapis.com/74.125.205.128, chromedriver.storage.googleapis.com/64.233.164.128, chromedriver.storage.googleapis.com/108.177.14.128, chromedriver.storage.googleapis.com/64.233.165.128, chromedriver.storage.googleapis.com/64.233.163.128, chromedriver.storage.googleapis.com/142.250.150.128, chromedriver.storage.googleapis.com/209.85.233.128, chromedriver.storage.googleapis.com/173.194.220.128, chromedriver.storage.googleapis.com/173.194.222.128, chromedriver.storage.googleapis.com/173.194.73.128, chromedriver.storage.googleapis.com/142.251.1.128]
13:43:50.937 [main] DEBUG org.apache.hc.client5.http.impl.io.DefaultHttpClientConnectionOperator - chromedriver.storage.googleapis.com:443 connecting null->chromedriver.storage.googleapis.com/173.194.221.128:443 (30 SECONDS)
13:43:50.937 [main] DEBUG org.apache.hc.client5.http.ssl.SSLConnectionSocketFactory - Connecting socket to chromedriver.storage.googleapis.com/173.194.221.128:443 with timeout 30 SECONDS
13:43:51.043 [main] DEBUG org.apache.hc.client5.http.ssl.SSLConnectionSocketFactory - Enabled protocols: [TLSv1.3, TLSv1.2]
13:43:51.043 [main] DEBUG org.apache.hc.client5.http.ssl.SSLConnectionSocketFactory - Enabled cipher suites: [TLS_AES_256_GCM_SHA384, TLS_AES_128_GCM_SHA256, TLS_CHACHA20_POLY1305_SHA256, TLS_ECDHE_ECDSA_WITH_AES_256_GCM_SHA384, TLS_ECDHE_ECDSA_WITH_AES_128_GCM_SHA256, TLS_ECDHE_ECDSA_WITH_CHACHA20_POLY1305_SHA256, TLS_ECDHE_RSA_WITH_AES_256_GCM_SHA384, TLS_ECDHE_RSA_WITH_CHACHA20_POLY1305_SHA256, TLS_ECDHE_RSA_WITH_AES_128_GCM_SHA256, TLS_DHE_RSA_WITH_AES_256_GCM_SHA384, TLS_DHE_RSA_WITH_CHACHA20_POLY1305_SHA256, TLS_DHE_DSS_WITH_AES_256_GCM_SHA384, TLS_DHE_RSA_WITH_AES_128_GCM_SHA256, TLS_DHE_DSS_WITH_AES_128_GCM_SHA256, TLS_ECDHE_ECDSA_WITH_AES_256_CBC_SHA384, TLS_ECDHE_RSA_WITH_AES_256_CBC_SHA384, TLS_ECDHE_ECDSA_WITH_AES_128_CBC_SHA256, TLS_ECDHE_RSA_WITH_AES_128_CBC_SHA256, TLS_DHE_RSA_WITH_AES_256_CBC_SHA256, TLS_DHE_DSS_WITH_AES_256_CBC_SHA256, TLS_DHE_RSA_WITH_AES_128_CBC_SHA256, TLS_DHE_DSS_WITH_AES_128_CBC_SHA256, TLS_ECDH_ECDSA_WITH_AES_256_GCM_SHA384, TLS_ECDH_RSA_WITH_AES_256_GCM_SHA384, TLS_ECDH_ECDSA_WITH_AES_128_GCM_SHA256, TLS_ECDH_RSA_WITH_AES_128_GCM_SHA256, TLS_ECDH_ECDSA_WITH_AES_256_CBC_SHA384, TLS_ECDH_RSA_WITH_AES_256_CBC_SHA384, TLS_ECDH_ECDSA_WITH_AES_128_CBC_SHA256, TLS_ECDH_RSA_WITH_AES_128_CBC_SHA256, TLS_ECDHE_ECDSA_WITH_AES_256_CBC_SHA, TLS_ECDHE_RSA_WITH_AES_256_CBC_SHA, TLS_ECDHE_ECDSA_WITH_AES_128_CBC_SHA, TLS_ECDHE_RSA_WITH_AES_128_CBC_SHA, TLS_DHE_RSA_WITH_AES_256_CBC_SHA, TLS_DHE_DSS_WITH_AES_256_CBC_SHA, TLS_DHE_RSA_WITH_AES_128_CBC_SHA, TLS_DHE_DSS_WITH_AES_128_CBC_SHA, TLS_ECDH_ECDSA_WITH_AES_256_CBC_SHA, TLS_ECDH_RSA_WITH_AES_256_CBC_SHA, TLS_ECDH_ECDSA_WITH_AES_128_CBC_SHA, TLS_ECDH_RSA_WITH_AES_128_CBC_SHA, TLS_RSA_WITH_AES_256_GCM_SHA384, TLS_RSA_WITH_AES_128_GCM_SHA256, TLS_RSA_WITH_AES_256_CBC_SHA256, TLS_RSA_WITH_AES_128_CBC_SHA256, TLS_RSA_WITH_AES_256_CBC_SHA, TLS_RSA_WITH_AES_128_CBC_SHA, TLS_EMPTY_RENEGOTIATION_INFO_SCSV]
13:43:51.043 [main] DEBUG org.apache.hc.client5.http.ssl.SSLConnectionSocketFactory - Starting handshake (null)
13:43:51.158 [main] DEBUG org.apache.hc.client5.http.ssl.SSLConnectionSocketFactory - Secure session established
13:43:51.158 [main] DEBUG org.apache.hc.client5.http.ssl.SSLConnectionSocketFactory -  negotiated protocol: TLSv1.3
13:43:51.158 [main] DEBUG org.apache.hc.client5.http.ssl.SSLConnectionSocketFactory -  negotiated cipher suite: TLS_AES_256_GCM_SHA384
13:43:51.158 [main] DEBUG org.apache.hc.client5.http.ssl.SSLConnectionSocketFactory -  peer principal: CN=*.storage.googleapis.com
13:43:51.158 [main] DEBUG org.apache.hc.client5.http.ssl.SSLConnectionSocketFactory -  peer alternative names: [*.storage.googleapis.com, *.googleapis.com, commondatastorage.googleapis.com, *.commondatastorage.googleapis.com, storage.googleapis.com, storage-p2.googleapis.com, *.storage-p2.googleapis.com, storage.mtls.googleapis.com, *.appspot.com.storage.googleapis.com, *.content-storage.googleapis.com, *.content-storage-p2.googleapis.com, *.content-storage-upload.googleapis.com, *.content-storage-download.googleapis.com, *.storage-upload.googleapis.com, *.storage-download.googleapis.com]
13:43:51.158 [main] DEBUG org.apache.hc.client5.http.ssl.SSLConnectionSocketFactory -  issuer principal: CN=GTS CA 1C3, O=Google Trust Services LLC, C=US
13:43:51.158 [main] DEBUG org.apache.hc.client5.http.impl.io.DefaultManagedHttpClientConnection - http-outgoing-22 set socket timeout to 3 MINUTES
13:43:51.158 [main] DEBUG org.apache.hc.client5.http.impl.io.DefaultHttpClientConnectionOperator - chromedriver.storage.googleapis.com:443 connected null->chromedriver.storage.googleapis.com/173.194.221.128:443 as http-outgoing-22
13:43:51.158 [main] DEBUG org.apache.hc.client5.http.impl.io.PoolingHttpClientConnectionManager - ep-0000000030 connected http-outgoing-22
13:43:51.158 [main] DEBUG org.apache.hc.client5.http.impl.classic.InternalHttpClient - ep-0000000030 endpoint connected
13:43:51.158 [main] DEBUG org.apache.hc.client5.http.impl.classic.MainClientExec - ex-0000000030 executing GET /LATEST_RELEASE_115 HTTP/1.1
13:43:51.158 [main] DEBUG org.apache.hc.client5.http.protocol.RequestAddCookies - ex-0000000030 Cookie spec selected: strict
13:43:51.158 [main] DEBUG org.apache.hc.client5.http.impl.classic.InternalHttpClient - ep-0000000030 start execution ex-0000000030
13:43:51.158 [main] DEBUG org.apache.hc.client5.http.impl.io.PoolingHttpClientConnectionManager - ep-0000000030 executing exchange ex-0000000030 over http-outgoing-22
13:43:51.159 [main] DEBUG org.apache.hc.client5.http.headers - http-outgoing-22 >> GET /LATEST_RELEASE_115 HTTP/1.1
13:43:51.159 [main] DEBUG org.apache.hc.client5.http.headers - http-outgoing-22 >> user-agent: Apache-HttpClient/5.0
13:43:51.159 [main] DEBUG org.apache.hc.client5.http.headers - http-outgoing-22 >> accept-encoding: gzip, deflate, br
13:43:51.159 [main] DEBUG org.apache.hc.client5.http.headers - http-outgoing-22 >> cache-control: max-age=0
13:43:51.159 [main] DEBUG org.apache.hc.client5.http.headers - http-outgoing-22 >> connection: keep-alive
13:43:51.159 [main] DEBUG org.apache.hc.client5.http.headers - http-outgoing-22 >> Host: chromedriver.storage.googleapis.com
13:43:51.159 [main] DEBUG org.apache.hc.client5.http.wire - http-outgoing-22 >> "GET /LATEST_RELEASE_115 HTTP/1.1[\r][\n]"
13:43:51.159 [main] DEBUG org.apache.hc.client5.http.wire - http-outgoing-22 >> "user-agent: Apache-HttpClient/5.0[\r][\n]"
13:43:51.159 [main] DEBUG org.apache.hc.client5.http.wire - http-outgoing-22 >> "accept-encoding: gzip, deflate, br[\r][\n]"
13:43:51.159 [main] DEBUG org.apache.hc.client5.http.wire - http-outgoing-22 >> "cache-control: max-age=0[\r][\n]"
13:43:51.159 [main] DEBUG org.apache.hc.client5.http.wire - http-outgoing-22 >> "connection: keep-alive[\r][\n]"
13:43:51.159 [main] DEBUG org.apache.hc.client5.http.wire - http-outgoing-22 >> "Host: chromedriver.storage.googleapis.com[\r][\n]"
13:43:51.159 [main] DEBUG org.apache.hc.client5.http.wire - http-outgoing-22 >> "[\r][\n]"
13:43:51.369 [main] DEBUG org.apache.hc.client5.http.wire - http-outgoing-22 << "HTTP/1.1 404 Not Found[\r][\n]"
13:43:51.369 [main] DEBUG org.apache.hc.client5.http.wire - http-outgoing-22 << "X-GUploader-UploadID: ADPycdt2yU0wFUC_6Mu1uKthM36_GSVZbzKmshw8U3Fx_7kX2bYvNHL2SzmitiLnl2uGXZ0hunbuQiaPWdflGPELOQfYyA[\r][\n]"
13:43:51.369 [main] DEBUG org.apache.hc.client5.http.wire - http-outgoing-22 << "Content-Type: application/xml; charset=UTF-8[\r][\n]"
13:43:51.369 [main] DEBUG org.apache.hc.client5.http.wire - http-outgoing-22 << "Content-Length: 193[\r][\n]"
13:43:51.369 [main] DEBUG org.apache.hc.client5.http.wire - http-outgoing-22 << "Date: Mon, 31 Jul 2023 07:43:49 GMT[\r][\n]"
13:43:51.369 [main] DEBUG org.apache.hc.client5.http.wire - http-outgoing-22 << "Expires: Mon, 31 Jul 2023 07:43:49 GMT[\r][\n]"
13:43:51.369 [main] DEBUG org.apache.hc.client5.http.wire - http-outgoing-22 << "Cache-Control: private, max-age=0[\r][\n]"
13:43:51.369 [main] DEBUG org.apache.hc.client5.http.wire - http-outgoing-22 << "Server: UploadServer[\r][\n]"
13:43:51.369 [main] DEBUG org.apache.hc.client5.http.wire - http-outgoing-22 << "Alt-Svc: h3=":443"; ma=2592000,h3-29=":443"; ma=2592000[\r][\n]"
13:43:51.369 [main] DEBUG org.apache.hc.client5.http.wire - http-outgoing-22 << "[\r][\n]"
13:43:51.369 [main] DEBUG org.apache.hc.client5.http.wire - http-outgoing-22 << "<?xml version='1.0' encoding='UTF-8'?><Error><Code>NoSuchKey</Code><Message>The specified key does not exist.</Message><Details>No such object: chromedriver/LATEST_RELEASE_115</Details></Error>"
13:43:51.369 [main] DEBUG org.apache.hc.client5.http.headers - http-outgoing-22 << HTTP/1.1 404 Not Found
13:43:51.369 [main] DEBUG org.apache.hc.client5.http.headers - http-outgoing-22 << X-GUploader-UploadID: ADPycdt2yU0wFUC_6Mu1uKthM36_GSVZbzKmshw8U3Fx_7kX2bYvNHL2SzmitiLnl2uGXZ0hunbuQiaPWdflGPELOQfYyA
13:43:51.369 [main] DEBUG org.apache.hc.client5.http.headers - http-outgoing-22 << Content-Type: application/xml; charset=UTF-8
13:43:51.369 [main] DEBUG org.apache.hc.client5.http.headers - http-outgoing-22 << Content-Length: 193
13:43:51.369 [main] DEBUG org.apache.hc.client5.http.headers - http-outgoing-22 << Date: Mon, 31 Jul 2023 07:43:49 GMT
13:43:51.369 [main] DEBUG org.apache.hc.client5.http.headers - http-outgoing-22 << Expires: Mon, 31 Jul 2023 07:43:49 GMT
13:43:51.369 [main] DEBUG org.apache.hc.client5.http.headers - http-outgoing-22 << Cache-Control: private, max-age=0
13:43:51.369 [main] DEBUG org.apache.hc.client5.http.headers - http-outgoing-22 << Server: UploadServer
13:43:51.369 [main] DEBUG org.apache.hc.client5.http.headers - http-outgoing-22 << Alt-Svc: h3=":443"; ma=2592000,h3-29=":443"; ma=2592000
13:43:51.369 [main] DEBUG org.apache.hc.client5.http.impl.classic.MainClientExec - ex-0000000030 connection can be kept alive for 3 MINUTES
13:43:51.369 [main] ERROR io.github.bonigarcia.wdm.online.HttpClient - Error HTTP 404 executing https://chromedriver.storage.googleapis.com/LATEST_RELEASE_115
13:43:51.369 [main] WARN io.github.bonigarcia.wdm.versions.VersionDetector - Exception reading https://chromedriver.storage.googleapis.com/LATEST_RELEASE_115 to get latest version of chromedriver (Error HTTP 404 executing https://chromedriver.storage.googleapis.com/LATEST_RELEASE_115)
13:43:51.370 [main] DEBUG io.github.bonigarcia.wdm.versions.VersionDetector - Getting driver version for chrome115 from online versions.properties
13:43:51.370 [main] DEBUG org.apache.hc.client5.http.impl.classic.InternalHttpClient - ex-0000000031 preparing request execution
13:43:51.370 [main] DEBUG org.apache.hc.client5.http.impl.classic.ProtocolExec - ex-0000000031 target auth state: UNCHALLENGED
13:43:51.370 [main] DEBUG org.apache.hc.client5.http.impl.classic.ProtocolExec - ex-0000000031 proxy auth state: UNCHALLENGED
13:43:51.370 [main] DEBUG org.apache.hc.client5.http.impl.classic.ConnectExec - ex-0000000031 acquiring connection with route {s}->https://raw.githubusercontent.com:443
13:43:51.370 [main] DEBUG org.apache.hc.client5.http.impl.classic.InternalHttpClient - ex-0000000031 acquiring endpoint (3 MINUTES)
13:43:51.370 [main] DEBUG org.apache.hc.client5.http.impl.io.PoolingHttpClientConnectionManager - ex-0000000031 endpoint lease request (3 MINUTES) [route: {s}->https://raw.githubusercontent.com:443][total available: 1; route allocated: 1 of 5; total allocated: 2 of 25]
13:43:51.370 [main] DEBUG org.apache.hc.client5.http.impl.io.PoolingHttpClientConnectionManager - ex-0000000031 endpoint leased [route: {s}->https://raw.githubusercontent.com:443][total available: 0; route allocated: 1 of 5; total allocated: 2 of 25]
13:43:51.370 [main] DEBUG org.apache.hc.client5.http.impl.io.PoolingHttpClientConnectionManager - ex-0000000031 acquired ep-0000000031
13:43:51.370 [main] DEBUG org.apache.hc.client5.http.impl.classic.InternalHttpClient - ex-0000000031 acquired endpoint ep-0000000031
13:43:51.370 [main] DEBUG org.apache.hc.client5.http.impl.classic.MainClientExec - ex-0000000031 executing GET /bonigarcia/webdrivermanager/master/src/main/resources/versions.properties HTTP/1.1
13:43:51.370 [main] DEBUG org.apache.hc.client5.http.protocol.RequestAddCookies - ex-0000000031 Cookie spec selected: strict
13:43:51.370 [main] DEBUG org.apache.hc.client5.http.impl.classic.InternalHttpClient - ep-0000000031 start execution ex-0000000031
13:43:51.370 [main] DEBUG org.apache.hc.client5.http.impl.io.PoolingHttpClientConnectionManager - ep-0000000031 executing exchange ex-0000000031 over http-outgoing-21
13:43:51.370 [main] DEBUG org.apache.hc.client5.http.headers - http-outgoing-21 >> GET /bonigarcia/webdrivermanager/master/src/main/resources/versions.properties HTTP/1.1
13:43:51.370 [main] DEBUG org.apache.hc.client5.http.headers - http-outgoing-21 >> user-agent: Apache-HttpClient/5.0
13:43:51.370 [main] DEBUG org.apache.hc.client5.http.headers - http-outgoing-21 >> accept-encoding: gzip, deflate, br
13:43:51.370 [main] DEBUG org.apache.hc.client5.http.headers - http-outgoing-21 >> cache-control: max-age=0
13:43:51.370 [main] DEBUG org.apache.hc.client5.http.headers - http-outgoing-21 >> connection: keep-alive
13:43:51.370 [main] DEBUG org.apache.hc.client5.http.headers - http-outgoing-21 >> Host: raw.githubusercontent.com
13:43:51.370 [main] DEBUG org.apache.hc.client5.http.wire - http-outgoing-21 >> "GET /bonigarcia/webdrivermanager/master/src/main/resources/versions.properties HTTP/1.1[\r][\n]"
13:43:51.370 [main] DEBUG org.apache.hc.client5.http.wire - http-outgoing-21 >> "user-agent: Apache-HttpClient/5.0[\r][\n]"
13:43:51.370 [main] DEBUG org.apache.hc.client5.http.wire - http-outgoing-21 >> "accept-encoding: gzip, deflate, br[\r][\n]"
13:43:51.370 [main] DEBUG org.apache.hc.client5.http.wire - http-outgoing-21 >> "cache-control: max-age=0[\r][\n]"
13:43:51.370 [main] DEBUG org.apache.hc.client5.http.wire - http-outgoing-21 >> "connection: keep-alive[\r][\n]"
13:43:51.370 [main] DEBUG org.apache.hc.client5.http.wire - http-outgoing-21 >> "Host: raw.githubusercontent.com[\r][\n]"
13:43:51.370 [main] DEBUG org.apache.hc.client5.http.wire - http-outgoing-21 >> "[\r][\n]"
13:43:51.485 [main] DEBUG org.apache.hc.client5.http.wire - http-outgoing-21 << "HTTP/1.1 200 OK[\r][\n]"
13:43:51.485 [main] DEBUG org.apache.hc.client5.http.wire - http-outgoing-21 << "Connection: keep-alive[\r][\n]"
13:43:51.485 [main] DEBUG org.apache.hc.client5.http.wire - http-outgoing-21 << "Content-Length: 1592[\r][\n]"
13:43:51.486 [main] DEBUG org.apache.hc.client5.http.wire - http-outgoing-21 << "Cache-Control: max-age=300[\r][\n]"
13:43:51.486 [main] DEBUG org.apache.hc.client5.http.wire - http-outgoing-21 << "Content-Security-Policy: default-src 'none'; style-src 'unsafe-inline'; sandbox[\r][\n]"
13:43:51.486 [main] DEBUG org.apache.hc.client5.http.wire - http-outgoing-21 << "Content-Type: text/plain; charset=utf-8[\r][\n]"
13:43:51.486 [main] DEBUG org.apache.hc.client5.http.wire - http-outgoing-21 << "ETag: W/"6491455d22a0b1c9f41db367f9402c53615bff135fde7080d63626aba742b88e"[\r][\n]"
13:43:51.486 [main] DEBUG org.apache.hc.client5.http.wire - http-outgoing-21 << "Strict-Transport-Security: max-age=31536000[\r][\n]"
13:43:51.486 [main] DEBUG org.apache.hc.client5.http.wire - http-outgoing-21 << "X-Content-Type-Options: nosniff[\r][\n]"
13:43:51.486 [main] DEBUG org.apache.hc.client5.http.wire - http-outgoing-21 << "X-Frame-Options: deny[\r][\n]"
13:43:51.486 [main] DEBUG org.apache.hc.client5.http.wire - http-outgoing-21 << "X-XSS-Protection: 1; mode=block[\r][\n]"
13:43:51.486 [main] DEBUG org.apache.hc.client5.http.wire - http-outgoing-21 << "X-GitHub-Request-Id: 637A:6A87:B4204:C04FE:64A4C750[\r][\n]"
13:43:51.486 [main] DEBUG org.apache.hc.client5.http.wire - http-outgoing-21 << "Content-Encoding: gzip[\r][\n]"
13:43:51.486 [main] DEBUG org.apache.hc.client5.http.wire - http-outgoing-21 << "Accept-Ranges: bytes[\r][\n]"
13:43:51.486 [main] DEBUG org.apache.hc.client5.http.wire - http-outgoing-21 << "Date: Mon, 31 Jul 2023 07:43:49 GMT[\r][\n]"
13:43:51.486 [main] DEBUG org.apache.hc.client5.http.wire - http-outgoing-21 << "Via: 1.1 varnish[\r][\n]"
13:43:51.486 [main] DEBUG org.apache.hc.client5.http.wire - http-outgoing-21 << "X-Served-By: cache-fra-eddf8230076-FRA[\r][\n]"
13:43:51.486 [main] DEBUG org.apache.hc.client5.http.wire - http-outgoing-21 << "X-Cache: HIT[\r][\n]"
13:43:51.486 [main] DEBUG org.apache.hc.client5.http.wire - http-outgoing-21 << "X-Cache-Hits: 2[\r][\n]"
13:43:51.486 [main] DEBUG org.apache.hc.client5.http.wire - http-outgoing-21 << "X-Timer: S1690789430.978421,VS0,VE0[\r][\n]"
13:43:51.486 [main] DEBUG org.apache.hc.client5.http.wire - http-outgoing-21 << "Vary: Authorization,Accept-Encoding,Origin[\r][\n]"
13:43:51.486 [main] DEBUG org.apache.hc.client5.http.wire - http-outgoing-21 << "Access-Control-Allow-Origin: *[\r][\n]"
13:43:51.486 [main] DEBUG org.apache.hc.client5.http.wire - http-outgoing-21 << "Cross-Origin-Resource-Policy: cross-origin[\r][\n]"
13:43:51.486 [main] DEBUG org.apache.hc.client5.http.wire - http-outgoing-21 << "X-Fastly-Request-ID: 2ee7db13c3126818e9d3089b0b4f30085bc720f9[\r][\n]"
13:43:51.486 [main] DEBUG org.apache.hc.client5.http.wire - http-outgoing-21 << "Expires: Mon, 31 Jul 2023 07:48:49 GMT[\r][\n]"
13:43:51.486 [main] DEBUG org.apache.hc.client5.http.wire - http-outgoing-21 << "Source-Age: 207[\r][\n]"
13:43:51.486 [main] DEBUG org.apache.hc.client5.http.wire - http-outgoing-21 << "[\r][\n]"
13:43:51.486 [main] DEBUG org.apache.hc.client5.http.headers - http-outgoing-21 << HTTP/1.1 200 OK
13:43:51.486 [main] DEBUG org.apache.hc.client5.http.headers - http-outgoing-21 << Connection: keep-alive
13:43:51.486 [main] DEBUG org.apache.hc.client5.http.headers - http-outgoing-21 << Content-Length: 1592
13:43:51.486 [main] DEBUG org.apache.hc.client5.http.headers - http-outgoing-21 << Cache-Control: max-age=300
13:43:51.486 [main] DEBUG org.apache.hc.client5.http.headers - http-outgoing-21 << Content-Security-Policy: default-src 'none'; style-src 'unsafe-inline'; sandbox
13:43:51.486 [main] DEBUG org.apache.hc.client5.http.headers - http-outgoing-21 << Content-Type: text/plain; charset=utf-8
13:43:51.486 [main] DEBUG org.apache.hc.client5.http.headers - http-outgoing-21 << ETag: W/"6491455d22a0b1c9f41db367f9402c53615bff135fde7080d63626aba742b88e"
13:43:51.486 [main] DEBUG org.apache.hc.client5.http.headers - http-outgoing-21 << Strict-Transport-Security: max-age=31536000
13:43:51.486 [main] DEBUG org.apache.hc.client5.http.headers - http-outgoing-21 << X-Content-Type-Options: nosniff
13:43:51.486 [main] DEBUG org.apache.hc.client5.http.headers - http-outgoing-21 << X-Frame-Options: deny
13:43:51.486 [main] DEBUG org.apache.hc.client5.http.headers - http-outgoing-21 << X-XSS-Protection: 1; mode=block
13:43:51.486 [main] DEBUG org.apache.hc.client5.http.headers - http-outgoing-21 << X-GitHub-Request-Id: 637A:6A87:B4204:C04FE:64A4C750
13:43:51.486 [main] DEBUG org.apache.hc.client5.http.headers - http-outgoing-21 << Content-Encoding: gzip
13:43:51.486 [main] DEBUG org.apache.hc.client5.http.headers - http-outgoing-21 << Accept-Ranges: bytes
13:43:51.486 [main] DEBUG org.apache.hc.client5.http.headers - http-outgoing-21 << Date: Mon, 31 Jul 2023 07:43:49 GMT
13:43:51.486 [main] DEBUG org.apache.hc.client5.http.headers - http-outgoing-21 << Via: 1.1 varnish
13:43:51.486 [main] DEBUG org.apache.hc.client5.http.headers - http-outgoing-21 << X-Served-By: cache-fra-eddf8230076-FRA
13:43:51.486 [main] DEBUG org.apache.hc.client5.http.headers - http-outgoing-21 << X-Cache: HIT
13:43:51.486 [main] DEBUG org.apache.hc.client5.http.headers - http-outgoing-21 << X-Cache-Hits: 2
13:43:51.486 [main] DEBUG org.apache.hc.client5.http.headers - http-outgoing-21 << X-Timer: S1690789430.978421,VS0,VE0
13:43:51.486 [main] DEBUG org.apache.hc.client5.http.headers - http-outgoing-21 << Vary: Authorization,Accept-Encoding,Origin
13:43:51.486 [main] DEBUG org.apache.hc.client5.http.headers - http-outgoing-21 << Access-Control-Allow-Origin: *
13:43:51.486 [main] DEBUG org.apache.hc.client5.http.headers - http-outgoing-21 << Cross-Origin-Resource-Policy: cross-origin
13:43:51.486 [main] DEBUG org.apache.hc.client5.http.headers - http-outgoing-21 << X-Fastly-Request-ID: 2ee7db13c3126818e9d3089b0b4f30085bc720f9
13:43:51.486 [main] DEBUG org.apache.hc.client5.http.headers - http-outgoing-21 << Expires: Mon, 31 Jul 2023 07:48:49 GMT
13:43:51.486 [main] DEBUG org.apache.hc.client5.http.headers - http-outgoing-21 << Source-Age: 207
13:43:51.486 [main] DEBUG org.apache.hc.client5.http.impl.classic.MainClientExec - ex-0000000031 connection can be kept alive for 3 MINUTES
13:43:51.486 [main] DEBUG org.apache.hc.client5.http.wire - http-outgoing-21 << "[0x1f][0xffffff8b][0x8][0x0][0x0][0x0][0x0][0x0][0x0][0x3][0xffffff8d][0xffffff98]Ko[0xffffffe3]8[0xc][0xffffffc7][0xffffffef][0xfffffffd][0x14][0x6][0xffffffe6]\EOJ*[0xffffffa0][0xffffffcb]>O[0xffffff8b]=[0xffffffec]~[0xffffff81]4qSc[0xffffffd2][0xffffffb8][0xffffffb0][0xffffffd3][0xffffffe9]`?[0xfffffffd]R[0xf][0xffffffca][0xffffff8a]2[0xb][0xffffffec]![0xffffff98][0xffffffe1][0xffffffcf][0xffffffb2]DR[0x12][0xfffffffd]g[0xffffffbf][0xc][0x7f][0xffffffbf]N[0xffffffeb][0xfffffff0]2[0xffffff9d][0xffffffc7][0xffffffe1]0_[0xffffffae][0xfffffffb][0xffffffe9][0xffffffb2][0xe][0xffffffd7][0xffffffd7]q[0xfffffff8]z[0xffffff99]?/[0xffffffc3]q[0xffffff99][0xffffffbe][0xffffff8d][0xffffffcb][0xffffff80][0xffffffbf]u[0xffffff9a][0xfffffff1][0xffffffc9]a~{[0xffffffdf]_[0xffffffa7]g[0x1c][0xfffffffd]9]_[0xffffffd3][0xffffffc8][0xffffffc3][0xffffffbc],[0xffffffe3][0xfffffffa]>_[0xffffff8e][0xffffffd3][0xffffffe5]4</[0xfffffff3][0xffffffe7][0xffffffba][0xffffffbd][0xfffffff2][0xfffffff0][0xfffffff0]e[0xfffffff8])[0xffffffa3][0xffffffa7][0xffffffe1][0xfffffff7]y>[0xffffffe1][0xffffff9b]?[0xffffffbf].[0xfffffff3][0xffffffdb]8[0xffffffec]/[0xffffffc7][0xfffffffc][0xffffffdf][0xffffffe9][0xffffffe3]mx[0x1c]~IK=[\r][0xffffff87][0xfffffff4]4/[0xffffff8c]/[0xffffffff]5[0x7f],[0xffffff87][0xfffffff1]ix[0xffffffbd]^[0xffffffdf][0xffffff9f]v[0xffffffbb][0xfffffff6]);[0xffffff94][0xffffffb7][0xffffffd9][0xffffffbc][0xffffff9c]vG[0xfffffff4][0xfffffff7]<[0xffffffef][0xffffff8f][0xffffffeb]C[0x1e]#[0xffffff84][0xe][0xfffffff8]c[0xffffff9c][0x19][0xffffffab][0xc][0xfffffff3][0xffffffbc]r[0xffffff85]\E[0xe]V2P[0xffffff95]K[0xffffffe4]2qa[0xffffff98][0xfffffff6][0xffffff95][0xb][0xffffffe4]"r[0x3][0xffffff8a][0xffffff81][0xffffffae][0xffffff9c]#[0xffffffe7][0xffffff91]k'[0xffffff98][0xffffffb5][0xffffffc4][0xffffffb9][0xf][0xfffffff8]K[0x1c][0xffffff97][0xffffffb7]u<w[0xffffffc8]][0xffffffe4][0xffffffca]xfE[0xffffffe5][0x16][0xffffffb9]M[0xffffff9c]k[0x6][0xffffffb2]r@[0xe][0xffffff91]K[0xffffffed][0x19]l[0xffffffe3][\r]r[0x13][0xffffffb9][0xfffffff0][0x6][0x1f]V[0xffffff8e][0xfffffff1][0xfffffff2][0x14]o[0xc][0xffffffc3]V[0xffffffff]9[0xffffffc6][0xffffffcb]S[0xffffffbc][0x1c]8[0x13]js[0x8][0x3][0xffffffe6])`[0xffffff8e][0xfffffff3]5[0xb]`[0xffffffc0]<[0x6][0xffffffac][0xffffffbd][0x11]Lo[0x1c][0x3][0xffffffe6]1`[0xffffffed]<0[0xffffffa0][0xffffff84]z[0x1f][0xffffffbc]OTk\[0xffffff9b][0xffffffa8][0xb]>[0x6][0xffffffab][0xffffffad]q[0xc][0xffffff97]!l[0xffffff83][0xffffff8f][0xffffffb1]j[0xfffffff0]r[0xffffffcb][0xffffff81][0xffffff87][0xffffffe0]!Q[0xffffffd0]L[0x1b][0xffffffa2]&x[0xffffff93][0xffffffa8]r[0xc]([0x1e][0xffffffaf][0xffffff83][0xffffffd7][0xffffff89]brp#[0x9][0xffffffab][0xffffffe0]c[0xffffff90][0xffffffda]X[0xffffffbb]m[0xffffffaa][0xffffff97][0xffffffc1][0xffffffcb]DqK1[0xffffffcb][0xffffff84]E[0xfffffff0])@[0xffffff8d]'[0x0]c%[0xffffffcc][0xffffff83]O[0xfffffff1]i[0xffffffc5][0xffffff99][0xffffffa4]<9[0x1f]\[0xffffff8a]O[0xffffffe1]?[0xffffff92]fv.[0xffffffb8][0x14][0xffffff9f][0xffffff92][0xffffff9a]y j[0xffffff83]K[0xffffffe1]I[0xffffffc7][0xffffff99]sD![0xffffffb8][0x14][0xffffff9e][0xffffffd4]8/[0xffffffa5][0xffffffc2][0xffffff99][0xffffffe0]Rx[0xffffffc2])[0xffffffe6][0xffffffc8]5[0xffffffa7][0xffffff83]K[0xffffffe1][0x9]m[0xffffff99][0xffffffa2][0x1c];[0x15]\[0xffffff8a].[0xffffffee][0xffffffa4][0xffffffa2]T8[0x11]\[\n]"
13:43:51.486 [main] DEBUG org.apache.hc.client5.http.wire - http-outgoing-21 << "[0xffffff83]c[0xffffffe6][0xffffff85][0xffffffaa][0xffffffcb][0xfffffff1][0xffffffe0]b[0x18][0xffffffca][0xffffffa3]/x[0xffffff84][\n]"
13:43:51.486 [main] DEBUG org.apache.hc.client5.http.wire - http-outgoing-21 << "[0xffffffb6]>X[0xffffff9f][0xffffffb0]6LU[0xffffffea][0xffffff82]u[0xffffff89][0xffffffe2][0xffffffd9][0xffffffc1]sE[0xffffffd8][0x6][0x1b][0x3]Q[0xe][0xfffffff0].[0xffffff90][0x1b][0x16][0xffffff82][0xffffff85]D[0xfffffff1][0xffffff80][0xb]Y[0xffffffe7]0[0xffffffc1][0xffffffc6]H[0xffffff94][0xffffffb5]x[0xffffffc0][0xffffffb6][0xffffffd1]:X[0xffffff9d][0xffffffb0][0xffffffc4][0xfffffff3]KP[0x5][0x1b]#Q[0xffffff80][0x1][0x1][0xffffffb9]le[0xffffff90][0xffffffb8][0xffffffa3]d[0xffffff89][0x1b][0xffffff8b]G[0xffffff8b][0x1c][0x3][0x1f]-[0xffffffda][0x1b]p[0xffffffd1][0xffffffa2][0xffffff8c][0xffffff82][0xffffff8d][0x16][0xffffffed]&@[0xffffffb4][0xffffffc8][0x19]0h[0xffffffd5][0x14][0xffffff81][0xffffff8e][0x16][0xffffffe5][0x1c]T[0xffffffb4]h=[0xffffff88][0xffffffbe][0xffffffa8][0xffffffba]^[0xfffffff4][0xffffffa5][0xffffffde][0x19][0xffffff88][0xffffffbe](uS[0xffffffd5][0xfffffffe][0xffffff98][0xffffffff][0xffffff99][0xffffffce][0xffffffe7][0xfffffffd][0xfffffff0][0xffffffdb][0xffffffb4][0xffffff8c]/[0xfffffff3][0xfffffff7][0xffffffa6][0xffffff94][0xffffff9d][0xffffffc6][0xffffffc3][0xffffffd7][0xfffffff9][0xffffff87][0xffffff95]l[0xffffffc5]Rv[0xffffffc2][0x2][0xfffffffa][0xfffffff1][0xffffffcc][0xffffffb0][0xffffffa4][0xffffffee][0xffffffde][0xfffffff2][0x14][0xffffffbb][0xffffffe6][0xffffff85][0xffffffdd]2[0xffffff9e][0xffffffc7][0xfffffffd]:[0xffffffae][0xf]/y^! `[0xffffffda]0w[0x1b]1wD[0xffffffdf][0x11]uG[0xffffffe4][0x1d][0x11]w[0xffffff84]G"[0xffffff99][0xffffffac][0x4][0xffffffab]Z"[0xffffffdb][0x18][0xffffffac]g=[0xffffffb1]w[0x4][0xffffffee][0xffffff88][0xffffffb9]#[0xffffffc9]g[0xffffffd1][0x12]uG[0xffffffe4][0x1d][0x11]w[0xffffff84]w[0xffffffc4][0xfffffffb][0x1e][0xffffffb8][0x1e][0xffffffd8][0x1e]@[0xf]L[0xf]zo}[0xffffffef][0xffffffac][0xffffffef]}[0xfffffff5][0xffffffbd][0xffffffab]>z[0xffffff8a]w[0xffffffa2][0x1][0xffffffec]<]>[0xffffffbe]g,[0x8];[0xffffffdf][0xffffff8d]s[0xffffffae][0x7][0xffffffb6][0x7][0xffffffd0][0x3][0xffffffd3][0x3][0xffffffdd][0xffffff83][0x18][0xffffff80]t[\r][0xffffff90]=[0xffffff88][0x1]H[0xffffffdb][0x0][0xffffffde][0x1][0xffffffeb]{[0xffffff90]<[0xffffff85][0x6][0xffffffd8][0x1e]@[0xf]L[0xf]t[0xf]T[0xf]d[0xf]D[0xf]x[0x7][0xffffffc0][0xfffffff7] yj[0x1a][0xffffff90]<[0xffffffd5][\r][0xffffff80][0x1e][0xffffff98][0x1e]$O[0xffffff9b][0xb][0x4][0xffffffaa][0x7][0xffffffc9][0xffffffd3][0xffffffe6][0xffffffd8]C[0xfffffff2][0xffffffb4]9[0x14][0xffffffc0];`|[0xf]\[0xf]l[0xf][0xffffff92][0xffffffa7][0xffffffbc][0x1][0xffffff86]@[[0xffffffb1][0xfffffffe]|[0x1f][0xffffff97]}S[0xffffffa7][0xffffffe6]h[0xffffffff][0xffffff9f]:[0xffffff95][0x6][0xffffffae][0xfffffff3][0xffffffcb][0xfffffff5]s[0xffffffbf][0xffffff8c][0xffffffd9]"[\r][0xffffffd6]W[0xffffffad][0xfffffff4]0I[0xffffff86]M[0xffffff83]aY[0xffffffc9][0x1c]of#[0xffffffc1][0xffffff84][0xffffffb4][0x5][0xffffffbb]V[0xffffff81]9[0xffffffa2][0xfffffff6]F[0x7f][0xffffff99]B[0xffffffa1]U_[0xffffffb8]P[0xffffffc1][0xffffffa6][0x15]_B[0x12][0xffffffd6][0xffffffad][0xfffffff6][0xfffffff2][0xffffffbe]P[0xffffffd5]*/[0xfffffffc]\g*[[0xffffffdd]%[0x4][\r][0x16][0xffffffad][0xffffffec][0xffffff8a][0xffffff8a]&c[0xffffffde][0xffffffaa].'2u[0xffffffbe][0xffffffd5]\[0x0][0xffffff85][0xffffffba]Npej[[0xffffffb9][0xffffff85][0xfffffffa]2Sh[0xffffffc5]VM[0x11]^[0xffffffe7][0x1b][0xffffffb1][0xffffff95][0xffffffa1]n[0xffffffb4][0xffffff96]+[0xffffff8e][0xffffffe1][0xffffffb5][0xffffffbe]QZ[0x19][0xffffffca][[0xffffffa1][0xffffff95][0xffffffa1]ht[0xffffff96][0xffffffa1][0xfffffff5]y#[0xffffffb3][0xffffffc8]U[0xffffffbc][0xffffffe6]7"+C[0xffffffd7]i[0xffffffac]Lm#[0xffffffb1],Ah[0x4][0xffffff96]+[0xffffffcb][0xffffffe3][0xffffffbd][0xffffffdf][0xfffffff4][0x15]y[0xffffff8f]w[0x7f][0xffffff93]W[0xffffff98][0xffffffe0]BU#[0xffffffaf][0xffffff80]&[0xffffff95][0xffffff8d][0xffffffba]re[0xffffffc3][0xffffffb1][0x10]l[0xffffffe2][0xffffffaa]n[0x16]V[0xffffff83]M\[0xffffffb9][0xffffffb2][0xffffffb1]X[0x11]6m[0xffffffe5][0xffffffcb][0xffffffa4]X[0x15][0x1a]i%J[0xffffffa8]X[0x1a]ZeU[0xffffffd6][0xffffffc2][0xfffffffa][0xffffffb0][0x9]+K[0xffffffb3][0xffffff9a]FW[0xffffffd1]Q[0xffffffc6]:[0xffffffb1][0xffffffa9][0xffffffaa]z8[0xffffffb1]X4[0xffffffaa]J[0x15]_[0xffffffb1]b4[0xffffffa2][0xffffffaa][0xffffffae]U[0xffffffc4]P2[0xffffff8c]o[0xffffff8d]"[0xffffff85][0xffffffb2]Q[0xffffff94]P6[0xffffff8a][0x10][0xffffffca]F[0xffffffd1]A[0xffffffd9](2([0x1b]E[0x5]e[0xffffffa3][0xffffff88][0xffffffa0]l[0xffffff88][0xffffffac]z[0xffffffb2][0xffffffc1][0x1b]CG[0xf][0xffffffc8]c[0x1d]=Pe[0x1d][0x1d]=[0xffffff90]%[0x19][0x1a][0xffffffb2]q#[0xffffff9b][0xffffffa6][0xffffffc3]2[0xffffffc7]Z2[0xfffffffc]z<[0xffffff8d]M5z[G[0x4][0xffffffff]Y[0xffffff8e][0xffffff8e][0xffffffe3][0xffffffb7][0xfffffff1][0x1c]geo4C[0xffffffaa]M[0xffffffe3][0xffffffe5][0xfffffff1]c[0xffffffdd]U[0xfffffff6][0x18]'[0xffffffd9]][0xffffffe7][0xfffffff9][0xffffffbc][0xffffffee]>[0xffffffc7][0xffffffe7]R[0xffffff9e][0x1e]"[0xffffffdd]:C[0xffffffe1][0xffffffb0]F[0xb]W([0xfffffff5][0xffffff85][0xffffffc2][0xffffffa2]l[0xffffffc5]LfJ][0xffffffa1][0xffffffb0]2[0x1d][0xffffffe4]L[0xffffffa9]'[0x14][0x0]"[0xfffffff6]l[0xffffff99]RG([0xc][0xffffff9e][0xf][0xffffffcc]^[0xffffffa2][0xffffffb5][0x1f][0x14]F8f[0xffffffcb]j[0xffffffb5][0x1b][0x14][0x1a]p^([0xffffff94]zAT[0xffffffd1][0xfffffff1]k[0xffffff9a]!5[0xffffff82]B[0xffffffd9][0xfffffff8][0xffffffed]*[0xffffff94][0xffffffda]@[0xffffffec][0xffffffe8][0x14]V[0xffffffb0]B[0xffffffa9][0x9][0x14][0x12]o[0xffffffaa][0xffffffa5][0x19][0xffffffa8][0x5]D[0xffffffcd][0xffffffae]k[0x10][0xffffffb5][0xffffffff][0x13][0x12][0xf].j[0xffffffea]L[0xffffffa9][0xfffffffb][0x13]R[0xfffffff0]m^[0xffffffea][0xfffffffd][0xffffff84][0xffffffc0]{[0xffffff85][0x1d]H[0xffffffa4][0xffffffd4][0xfffffff9][0xffffffa1][0x10][0xffffff8d][0xffffff85]"[0xffffffb3][0xffffffd2][0xfffffff7][0xffffff89][0x18]]I[0xc]5}[0x18]"
13:43:51.487 [main] DEBUG org.apache.hc.client5.http.wire - http-outgoing-21 << "[0xffffff9a][0xffffffac][0xffffffac][0xffffffb4]|[0x18][0xffffff83][0xffffffae][0xffffffac]4|[0xffffffe8]U][0xffffff99][0xffffffda]=[0xffffff8f]5F[0xffffff89][0xffffff8c]J[0xffffffab][0xffffffe7]1[0xfffffff5][0xffffffaa][0xffffff8c]*}[0xffffff9e][0xffffffe7][0xffffffdb][0x2][0xffffffa5][0xffffffc7]s[0xffffffb1][0xffffffd2][0xffffff95][0x17]K[0x7f][0xffffffe7]0[0xffffffb0]L[0xffffffa8][0xffffffb7][0xffffff8b];[0xffffff9e]7[0xffffff86][0xfffffffa]:[0xffffff8b][0xffffffb9]-[0xffffffaf]QS[0x7][0xffffffe0][0xffffffcb][0xffffff96]PC[0x7]x$ [0xffffffe7][0xffffff82][0xffffffba]9[0x13][0x13]\F[0xffffff95]V[0xffffffce]$[0xffffffa9][0xffffff90][0x8][0xffffffb5]qX[0x1a]LY[0xf][0xffffffab]W[0xffffffae][0xffffff9e][0xffffff9e]|[0xffffffa2][0xffffffae]N[0x0]mU[0xffffffed][0xffffffe8]0b<w[0xffffff89][0xffffffd5]v.[0xffffff9e][0xffffffd9]LJ+'-[0x1d][0x1d][0xffffffea][0xffffffe2][0xffffffa4][0xffffffaa][0xffffffa4]tp[0xffffffb1],[0x16]R[0xffffff9a]7[0xffffffa1][0xffffffb0][0xffffffbb][0xffffffcd]H[0xffffffeb][0xfffffff0][0xffffffbe][0xffffff8c][0xffffff8f][0xffffffd3]e[0xffffffbd][0xffffffee][0xffffffcf][0xffffffe7][0xfffffff1][0xffffff98][0xffffffa1][0xc][0xfffffff8][0x1d][0xffffffb2][0xfffffff1][0xffffffef][0x7][0xffffffc9][0x14][0x1]K[0x18]H[0xffffff9f][0xffffffc3][0xffffffd7]<`[0xffffff9d][0xffffffc4][0xffffffaf]][0xffffffde][0xf][0xffffffe5][0x2]^,[0xffffffad]|6e,:[0xffffffb8][0xffffffd3].[0xffffff9f][0x11][0xffffff89][0xffffff87])n2[0xffffffd6][0xffffffa4][0x7f][0x1][0xffffff80][0xffffffd3][0xffffff80][0xffffffca][0xffffff80][0x12][0x0][0x0]"
13:43:51.487 [main] DEBUG org.apache.hc.client5.http.impl.classic.InternalHttpClient - ep-0000000031 releasing valid endpoint
13:43:51.487 [main] DEBUG org.apache.hc.client5.http.impl.io.PoolingHttpClientConnectionManager - ep-0000000031 releasing endpoint
13:43:51.487 [main] DEBUG org.apache.hc.client5.http.impl.io.PoolingHttpClientConnectionManager - ep-0000000031 connection http-outgoing-21 can be kept alive for 3 MINUTES
13:43:51.487 [main] DEBUG org.apache.hc.client5.http.impl.io.PoolingHttpClientConnectionManager - ep-0000000031 connection released [route: {s}->https://raw.githubusercontent.com:443][total available: 1; route allocated: 1 of 5; total allocated: 2 of 25]
13:43:51.487 [main] DEBUG io.github.bonigarcia.wdm.versions.VersionDetector - Driver for chrome115 not found in online properties (using local versions.properties)
13:43:51.487 [main] DEBUG io.github.bonigarcia.wdm.WebDriverManager - The driver version for CHROME 115 is unknown ... trying with latest
13:43:51.488 [main] DEBUG org.apache.hc.client5.http.impl.classic.InternalHttpClient - ex-0000000032 preparing request execution
13:43:51.488 [main] DEBUG org.apache.hc.client5.http.impl.classic.ProtocolExec - ex-0000000032 target auth state: UNCHALLENGED
13:43:51.488 [main] DEBUG org.apache.hc.client5.http.impl.classic.ProtocolExec - ex-0000000032 proxy auth state: UNCHALLENGED
13:43:51.488 [main] DEBUG org.apache.hc.client5.http.impl.classic.ConnectExec - ex-0000000032 acquiring connection with route {s}->https://chromedriver.storage.googleapis.com:443
13:43:51.488 [main] DEBUG org.apache.hc.client5.http.impl.classic.InternalHttpClient - ex-0000000032 acquiring endpoint (3 MINUTES)
13:43:51.488 [main] DEBUG org.apache.hc.client5.http.impl.io.PoolingHttpClientConnectionManager - ex-0000000032 endpoint lease request (3 MINUTES) [route: {s}->https://chromedriver.storage.googleapis.com:443][total available: 1; route allocated: 1 of 5; total allocated: 2 of 25]
13:43:51.488 [main] DEBUG org.apache.hc.client5.http.impl.io.PoolingHttpClientConnectionManager - ex-0000000032 endpoint leased [route: {s}->https://chromedriver.storage.googleapis.com:443][total available: 1; route allocated: 2 of 5; total allocated: 3 of 25]
13:43:51.488 [main] DEBUG org.apache.hc.client5.http.impl.io.PoolingHttpClientConnectionManager - ex-0000000032 acquired ep-0000000032
13:43:51.488 [main] DEBUG org.apache.hc.client5.http.impl.classic.InternalHttpClient - ex-0000000032 acquired endpoint ep-0000000032
13:43:51.488 [main] DEBUG org.apache.hc.client5.http.impl.classic.ConnectExec - ex-0000000032 opening connection {s}->https://chromedriver.storage.googleapis.com:443
13:43:51.488 [main] DEBUG org.apache.hc.client5.http.impl.classic.InternalHttpClient - ep-0000000032 connecting endpoint (null)
13:43:51.488 [main] DEBUG org.apache.hc.client5.http.impl.io.PoolingHttpClientConnectionManager - ep-0000000032 connecting endpoint to https://chromedriver.storage.googleapis.com:443 (30 SECONDS)
13:43:51.489 [main] DEBUG org.apache.hc.client5.http.impl.io.DefaultHttpClientConnectionOperator - chromedriver.storage.googleapis.com resolving remote address
13:43:51.489 [main] DEBUG org.apache.hc.client5.http.impl.io.DefaultHttpClientConnectionOperator - chromedriver.storage.googleapis.com resolved to [chromedriver.storage.googleapis.com/173.194.221.128, chromedriver.storage.googleapis.com/64.233.161.128, chromedriver.storage.googleapis.com/64.233.162.128, chromedriver.storage.googleapis.com/74.125.205.128, chromedriver.storage.googleapis.com/64.233.164.128, chromedriver.storage.googleapis.com/108.177.14.128, chromedriver.storage.googleapis.com/64.233.165.128, chromedriver.storage.googleapis.com/64.233.163.128, chromedriver.storage.googleapis.com/142.250.150.128, chromedriver.storage.googleapis.com/209.85.233.128, chromedriver.storage.googleapis.com/173.194.220.128, chromedriver.storage.googleapis.com/173.194.222.128, chromedriver.storage.googleapis.com/173.194.73.128, chromedriver.storage.googleapis.com/142.251.1.128]
13:43:51.489 [main] DEBUG org.apache.hc.client5.http.impl.io.DefaultHttpClientConnectionOperator - chromedriver.storage.googleapis.com:443 connecting null->chromedriver.storage.googleapis.com/173.194.221.128:443 (30 SECONDS)
13:43:51.489 [main] DEBUG org.apache.hc.client5.http.ssl.SSLConnectionSocketFactory - Connecting socket to chromedriver.storage.googleapis.com/173.194.221.128:443 with timeout 30 SECONDS
13:43:51.604 [main] DEBUG org.apache.hc.client5.http.ssl.SSLConnectionSocketFactory - Enabled protocols: [TLSv1.3, TLSv1.2]
13:43:51.604 [main] DEBUG org.apache.hc.client5.http.ssl.SSLConnectionSocketFactory - Enabled cipher suites: [TLS_AES_256_GCM_SHA384, TLS_AES_128_GCM_SHA256, TLS_CHACHA20_POLY1305_SHA256, TLS_ECDHE_ECDSA_WITH_AES_256_GCM_SHA384, TLS_ECDHE_ECDSA_WITH_AES_128_GCM_SHA256, TLS_ECDHE_ECDSA_WITH_CHACHA20_POLY1305_SHA256, TLS_ECDHE_RSA_WITH_AES_256_GCM_SHA384, TLS_ECDHE_RSA_WITH_CHACHA20_POLY1305_SHA256, TLS_ECDHE_RSA_WITH_AES_128_GCM_SHA256, TLS_DHE_RSA_WITH_AES_256_GCM_SHA384, TLS_DHE_RSA_WITH_CHACHA20_POLY1305_SHA256, TLS_DHE_DSS_WITH_AES_256_GCM_SHA384, TLS_DHE_RSA_WITH_AES_128_GCM_SHA256, TLS_DHE_DSS_WITH_AES_128_GCM_SHA256, TLS_ECDHE_ECDSA_WITH_AES_256_CBC_SHA384, TLS_ECDHE_RSA_WITH_AES_256_CBC_SHA384, TLS_ECDHE_ECDSA_WITH_AES_128_CBC_SHA256, TLS_ECDHE_RSA_WITH_AES_128_CBC_SHA256, TLS_DHE_RSA_WITH_AES_256_CBC_SHA256, TLS_DHE_DSS_WITH_AES_256_CBC_SHA256, TLS_DHE_RSA_WITH_AES_128_CBC_SHA256, TLS_DHE_DSS_WITH_AES_128_CBC_SHA256, TLS_ECDH_ECDSA_WITH_AES_256_GCM_SHA384, TLS_ECDH_RSA_WITH_AES_256_GCM_SHA384, TLS_ECDH_ECDSA_WITH_AES_128_GCM_SHA256, TLS_ECDH_RSA_WITH_AES_128_GCM_SHA256, TLS_ECDH_ECDSA_WITH_AES_256_CBC_SHA384, TLS_ECDH_RSA_WITH_AES_256_CBC_SHA384, TLS_ECDH_ECDSA_WITH_AES_128_CBC_SHA256, TLS_ECDH_RSA_WITH_AES_128_CBC_SHA256, TLS_ECDHE_ECDSA_WITH_AES_256_CBC_SHA, TLS_ECDHE_RSA_WITH_AES_256_CBC_SHA, TLS_ECDHE_ECDSA_WITH_AES_128_CBC_SHA, TLS_ECDHE_RSA_WITH_AES_128_CBC_SHA, TLS_DHE_RSA_WITH_AES_256_CBC_SHA, TLS_DHE_DSS_WITH_AES_256_CBC_SHA, TLS_DHE_RSA_WITH_AES_128_CBC_SHA, TLS_DHE_DSS_WITH_AES_128_CBC_SHA, TLS_ECDH_ECDSA_WITH_AES_256_CBC_SHA, TLS_ECDH_RSA_WITH_AES_256_CBC_SHA, TLS_ECDH_ECDSA_WITH_AES_128_CBC_SHA, TLS_ECDH_RSA_WITH_AES_128_CBC_SHA, TLS_RSA_WITH_AES_256_GCM_SHA384, TLS_RSA_WITH_AES_128_GCM_SHA256, TLS_RSA_WITH_AES_256_CBC_SHA256, TLS_RSA_WITH_AES_128_CBC_SHA256, TLS_RSA_WITH_AES_256_CBC_SHA, TLS_RSA_WITH_AES_128_CBC_SHA, TLS_EMPTY_RENEGOTIATION_INFO_SCSV]
13:43:51.604 [main] DEBUG org.apache.hc.client5.http.ssl.SSLConnectionSocketFactory - Starting handshake (null)
13:43:51.716 [main] DEBUG org.apache.hc.client5.http.ssl.SSLConnectionSocketFactory - Secure session established
13:43:51.716 [main] DEBUG org.apache.hc.client5.http.ssl.SSLConnectionSocketFactory -  negotiated protocol: TLSv1.3
13:43:51.716 [main] DEBUG org.apache.hc.client5.http.ssl.SSLConnectionSocketFactory -  negotiated cipher suite: TLS_AES_256_GCM_SHA384
13:43:51.716 [main] DEBUG org.apache.hc.client5.http.ssl.SSLConnectionSocketFactory -  peer principal: CN=*.storage.googleapis.com
13:43:51.716 [main] DEBUG org.apache.hc.client5.http.ssl.SSLConnectionSocketFactory -  peer alternative names: [*.storage.googleapis.com, *.googleapis.com, commondatastorage.googleapis.com, *.commondatastorage.googleapis.com, storage.googleapis.com, storage-p2.googleapis.com, *.storage-p2.googleapis.com, storage.mtls.googleapis.com, *.appspot.com.storage.googleapis.com, *.content-storage.googleapis.com, *.content-storage-p2.googleapis.com, *.content-storage-upload.googleapis.com, *.content-storage-download.googleapis.com, *.storage-upload.googleapis.com, *.storage-download.googleapis.com]
13:43:51.716 [main] DEBUG org.apache.hc.client5.http.ssl.SSLConnectionSocketFactory -  issuer principal: CN=GTS CA 1C3, O=Google Trust Services LLC, C=US
13:43:51.716 [main] DEBUG org.apache.hc.client5.http.impl.io.DefaultManagedHttpClientConnection - http-outgoing-23 set socket timeout to 3 MINUTES
13:43:51.716 [main] DEBUG org.apache.hc.client5.http.impl.io.DefaultHttpClientConnectionOperator - chromedriver.storage.googleapis.com:443 connected null->chromedriver.storage.googleapis.com/173.194.221.128:443 as http-outgoing-23
13:43:51.716 [main] DEBUG org.apache.hc.client5.http.impl.io.PoolingHttpClientConnectionManager - ep-0000000032 connected http-outgoing-23
13:43:51.716 [main] DEBUG org.apache.hc.client5.http.impl.classic.InternalHttpClient - ep-0000000032 endpoint connected
13:43:51.716 [main] DEBUG org.apache.hc.client5.http.impl.classic.MainClientExec - ex-0000000032 executing GET /LATEST_RELEASE HTTP/1.1
13:43:51.716 [main] DEBUG org.apache.hc.client5.http.protocol.RequestAddCookies - ex-0000000032 Cookie spec selected: strict
13:43:51.716 [main] DEBUG org.apache.hc.client5.http.impl.classic.InternalHttpClient - ep-0000000032 start execution ex-0000000032
13:43:51.716 [main] DEBUG org.apache.hc.client5.http.impl.io.PoolingHttpClientConnectionManager - ep-0000000032 executing exchange ex-0000000032 over http-outgoing-23
13:43:51.716 [main] DEBUG org.apache.hc.client5.http.headers - http-outgoing-23 >> GET /LATEST_RELEASE HTTP/1.1
13:43:51.716 [main] DEBUG org.apache.hc.client5.http.headers - http-outgoing-23 >> user-agent: Apache-HttpClient/5.0
13:43:51.716 [main] DEBUG org.apache.hc.client5.http.headers - http-outgoing-23 >> accept-encoding: gzip, deflate, br
13:43:51.716 [main] DEBUG org.apache.hc.client5.http.headers - http-outgoing-23 >> cache-control: max-age=0
13:43:51.716 [main] DEBUG org.apache.hc.client5.http.headers - http-outgoing-23 >> connection: keep-alive
13:43:51.716 [main] DEBUG org.apache.hc.client5.http.headers - http-outgoing-23 >> Host: chromedriver.storage.googleapis.com
13:43:51.716 [main] DEBUG org.apache.hc.client5.http.wire - http-outgoing-23 >> "GET /LATEST_RELEASE HTTP/1.1[\r][\n]"
13:43:51.716 [main] DEBUG org.apache.hc.client5.http.wire - http-outgoing-23 >> "user-agent: Apache-HttpClient/5.0[\r][\n]"
13:43:51.716 [main] DEBUG org.apache.hc.client5.http.wire - http-outgoing-23 >> "accept-encoding: gzip, deflate, br[\r][\n]"
13:43:51.716 [main] DEBUG org.apache.hc.client5.http.wire - http-outgoing-23 >> "cache-control: max-age=0[\r][\n]"
13:43:51.716 [main] DEBUG org.apache.hc.client5.http.wire - http-outgoing-23 >> "connection: keep-alive[\r][\n]"
13:43:51.716 [main] DEBUG org.apache.hc.client5.http.wire - http-outgoing-23 >> "Host: chromedriver.storage.googleapis.com[\r][\n]"
13:43:51.716 [main] DEBUG org.apache.hc.client5.http.wire - http-outgoing-23 >> "[\r][\n]"
13:43:51.816 [main] DEBUG org.apache.hc.client5.http.wire - http-outgoing-23 << "HTTP/1.1 200 OK[\r][\n]"
13:43:51.816 [main] DEBUG org.apache.hc.client5.http.wire - http-outgoing-23 << "X-GUploader-UploadID: ADPycdv84dNtfnmEcesdIebgfhr1D2cBE0FJoXmC4uwfEFrRBDJjcf7xPD0_4_BMRjnypkuBn_KI_WxsKq4SZzOyHU6Vyw[\r][\n]"
13:43:51.816 [main] DEBUG org.apache.hc.client5.http.wire - http-outgoing-23 << "x-goog-generation: 1685523462105569[\r][\n]"
13:43:51.816 [main] DEBUG org.apache.hc.client5.http.wire - http-outgoing-23 << "x-goog-metageneration: 1[\r][\n]"
13:43:51.816 [main] DEBUG org.apache.hc.client5.http.wire - http-outgoing-23 << "x-goog-stored-content-encoding: identity[\r][\n]"
13:43:51.816 [main] DEBUG org.apache.hc.client5.http.wire - http-outgoing-23 << "x-goog-stored-content-length: 13[\r][\n]"
13:43:51.816 [main] DEBUG org.apache.hc.client5.http.wire - http-outgoing-23 << "x-goog-hash: crc32c=tVW4TA==[\r][\n]"
13:43:51.816 [main] DEBUG org.apache.hc.client5.http.wire - http-outgoing-23 << "x-goog-hash: md5=NoaEuIlBlniwTkiZ1T16sA==[\r][\n]"
13:43:51.816 [main] DEBUG org.apache.hc.client5.http.wire - http-outgoing-23 << "x-goog-storage-class: STANDARD[\r][\n]"
13:43:51.816 [main] DEBUG org.apache.hc.client5.http.wire - http-outgoing-23 << "Accept-Ranges: bytes[\r][\n]"
13:43:51.816 [main] DEBUG org.apache.hc.client5.http.wire - http-outgoing-23 << "Content-Length: 13[\r][\n]"
13:43:51.816 [main] DEBUG org.apache.hc.client5.http.wire - http-outgoing-23 << "Server: UploadServer[\r][\n]"
13:43:51.816 [main] DEBUG org.apache.hc.client5.http.wire - http-outgoing-23 << "Date: Mon, 31 Jul 2023 07:13:14 GMT[\r][\n]"
13:43:51.816 [main] DEBUG org.apache.hc.client5.http.wire - http-outgoing-23 << "Expires: Mon, 31 Jul 2023 08:13:14 GMT[\r][\n]"
13:43:51.816 [main] DEBUG org.apache.hc.client5.http.wire - http-outgoing-23 << "Cache-Control: public, max-age=3600[\r][\n]"
13:43:51.816 [main] DEBUG org.apache.hc.client5.http.wire - http-outgoing-23 << "Age: 1836[\r][\n]"
13:43:51.816 [main] DEBUG org.apache.hc.client5.http.wire - http-outgoing-23 << "Last-Modified: Wed, 31 May 2023 08:57:42 GMT[\r][\n]"
13:43:51.816 [main] DEBUG org.apache.hc.client5.http.wire - http-outgoing-23 << "ETag: "368684b889419678b04e4899d53d7ab0"[\r][\n]"
13:43:51.816 [main] DEBUG org.apache.hc.client5.http.wire - http-outgoing-23 << "Content-Type: text/plain[\r][\n]"
13:43:51.816 [main] DEBUG org.apache.hc.client5.http.wire - http-outgoing-23 << "Alt-Svc: h3=":443"; ma=2592000,h3-29=":443"; ma=2592000[\r][\n]"
13:43:51.816 [main] DEBUG org.apache.hc.client5.http.wire - http-outgoing-23 << "[\r][\n]"
13:43:51.816 [main] DEBUG org.apache.hc.client5.http.wire - http-outgoing-23 << "114.0.5735.90"
13:43:51.817 [main] DEBUG org.apache.hc.client5.http.headers - http-outgoing-23 << HTTP/1.1 200 OK
13:43:51.817 [main] DEBUG org.apache.hc.client5.http.headers - http-outgoing-23 << X-GUploader-UploadID: ADPycdv84dNtfnmEcesdIebgfhr1D2cBE0FJoXmC4uwfEFrRBDJjcf7xPD0_4_BMRjnypkuBn_KI_WxsKq4SZzOyHU6Vyw
13:43:51.817 [main] DEBUG org.apache.hc.client5.http.headers - http-outgoing-23 << x-goog-generation: 1685523462105569
13:43:51.817 [main] DEBUG org.apache.hc.client5.http.headers - http-outgoing-23 << x-goog-metageneration: 1
13:43:51.817 [main] DEBUG org.apache.hc.client5.http.headers - http-outgoing-23 << x-goog-stored-content-encoding: identity
13:43:51.817 [main] DEBUG org.apache.hc.client5.http.headers - http-outgoing-23 << x-goog-stored-content-length: 13
13:43:51.817 [main] DEBUG org.apache.hc.client5.http.headers - http-outgoing-23 << x-goog-hash: crc32c=tVW4TA==
13:43:51.817 [main] DEBUG org.apache.hc.client5.http.headers - http-outgoing-23 << x-goog-hash: md5=NoaEuIlBlniwTkiZ1T16sA==
13:43:51.817 [main] DEBUG org.apache.hc.client5.http.headers - http-outgoing-23 << x-goog-storage-class: STANDARD
13:43:51.817 [main] DEBUG org.apache.hc.client5.http.headers - http-outgoing-23 << Accept-Ranges: bytes
13:43:51.817 [main] DEBUG org.apache.hc.client5.http.headers - http-outgoing-23 << Content-Length: 13
13:43:51.817 [main] DEBUG org.apache.hc.client5.http.headers - http-outgoing-23 << Server: UploadServer
13:43:51.817 [main] DEBUG org.apache.hc.client5.http.headers - http-outgoing-23 << Date: Mon, 31 Jul 2023 07:13:14 GMT
13:43:51.817 [main] DEBUG org.apache.hc.client5.http.headers - http-outgoing-23 << Expires: Mon, 31 Jul 2023 08:13:14 GMT
13:43:51.817 [main] DEBUG org.apache.hc.client5.http.headers - http-outgoing-23 << Cache-Control: public, max-age=3600
13:43:51.817 [main] DEBUG org.apache.hc.client5.http.headers - http-outgoing-23 << Age: 1836
13:43:51.817 [main] DEBUG org.apache.hc.client5.http.headers - http-outgoing-23 << Last-Modified: Wed, 31 May 2023 08:57:42 GMT
13:43:51.817 [main] DEBUG org.apache.hc.client5.http.headers - http-outgoing-23 << ETag: "368684b889419678b04e4899d53d7ab0"
13:43:51.817 [main] DEBUG org.apache.hc.client5.http.headers - http-outgoing-23 << Content-Type: text/plain
13:43:51.817 [main] DEBUG org.apache.hc.client5.http.headers - http-outgoing-23 << Alt-Svc: h3=":443"; ma=2592000,h3-29=":443"; ma=2592000
13:43:51.817 [main] DEBUG org.apache.hc.client5.http.impl.classic.MainClientExec - ex-0000000032 connection can be kept alive for 3 MINUTES
13:43:51.817 [main] DEBUG org.apache.hc.client5.http.impl.classic.InternalHttpClient - ep-0000000032 releasing valid endpoint
13:43:51.817 [main] DEBUG org.apache.hc.client5.http.impl.io.PoolingHttpClientConnectionManager - ep-0000000032 releasing endpoint
13:43:51.817 [main] DEBUG org.apache.hc.client5.http.impl.io.PoolingHttpClientConnectionManager - ep-0000000032 connection http-outgoing-23 can be kept alive for 3 MINUTES
13:43:51.817 [main] DEBUG org.apache.hc.client5.http.impl.io.PoolingHttpClientConnectionManager - ep-0000000032 connection released [route: {s}->https://chromedriver.storage.googleapis.com:443][total available: 2; route allocated: 2 of 5; total allocated: 3 of 25]
13:43:51.817 [main] DEBUG io.github.bonigarcia.wdm.versions.VersionDetector - Latest version of chromedriver according to https://chromedriver.storage.googleapis.com/LATEST_RELEASE is 114.0.5735.90
13:43:51.820 [main] DEBUG io.github.bonigarcia.wdm.WebDriverManager - Driver chromedriver 114.0.5735.90 found in cache
13:43:51.820 [main] INFO io.github.bonigarcia.wdm.WebDriverManager - Exporting webdriver.chrome.driver as C:\Users\Asus\.cache\selenium\chromedriver\win32\114.0.5735.90\chromedriver.exe
13:43:51.883 [AsyncHttpClient-1-23] DEBUG org.asynchttpclient.netty.channel.NettyConnectListener - Using new Channel '[id: 0x9b77fb6b, L:/127.0.0.1:55379 - R:localhost/127.0.0.1:15622]' for 'POST' to '/session'
13:43:52.397 [AsyncHttpClient-1-23] DEBUG org.asynchttpclient.netty.handler.HttpHandler - 

Request DefaultHttpRequest(decodeResult: success, version: HTTP/1.1)
POST /session HTTP/1.1
User-Agent: selenium/4.10.0 (java windows)
Content-Length: 363
Content-Type: application/json; charset=utf-8
host: localhost:15622
accept: */*

Response DefaultHttpResponse(decodeResult: success, version: HTTP/1.1)
HTTP/1.1 200 OK
Content-Length: 859
Content-Type: application/json; charset=utf-8
cache-control: no-cache

13:43:52.397 [AsyncHttpClient-1-23] DEBUG org.asynchttpclient.netty.channel.ChannelManager - Adding key: http://localhost:15622 for channel [id: 0x9b77fb6b, L:/127.0.0.1:55379 - R:localhost/127.0.0.1:15622]
13:43:52.402 [AsyncHttpClient-1-24] DEBUG org.asynchttpclient.netty.channel.NettyConnectListener - Using new Channel '[id: 0x61b15d52, L:/127.0.0.1:55386 - R:localhost/127.0.0.1:55380]' for 'GET' to '/json/version'
13:43:52.408 [AsyncHttpClient-1-24] DEBUG org.asynchttpclient.netty.handler.HttpHandler - 

Request DefaultFullHttpRequest(decodeResult: success, version: HTTP/1.1, content: EmptyByteBufBE)
GET /json/version HTTP/1.1
User-Agent: selenium/4.10.0 (java windows)
host: localhost:55380
accept: */*

Response DefaultHttpResponse(decodeResult: success, version: HTTP/1.1)
HTTP/1.1 200 OK
Content-Security-Policy: frame-ancestors 'none'
Content-Length: 424
Content-Type: application/json; charset=UTF-8

13:43:52.408 [AsyncHttpClient-1-24] DEBUG org.asynchttpclient.netty.channel.ChannelManager - Adding key: http://localhost:55380 for channel [id: 0x61b15d52, L:/127.0.0.1:55386 - R:localhost/127.0.0.1:55380]
13:43:52.410 [AsyncHttpClient-1-25] DEBUG org.asynchttpclient.netty.channel.NettyConnectListener - Using new Channel '[id: 0xcbe8794f, L:/127.0.0.1:55387 - R:localhost/127.0.0.1:55380]' for 'GET' to '/devtools/browser/4cfbf143-aec2-4f34-940f-0309d7d04dce'
13:43:52.415 [AsyncHttpClient-1-25] DEBUG org.asynchttpclient.netty.handler.WebSocketHandler - 

Request DefaultFullHttpRequest(decodeResult: success, version: HTTP/1.1, content: EmptyByteBufBE)
GET /devtools/browser/4cfbf143-aec2-4f34-940f-0309d7d04dce HTTP/1.1
upgrade: websocket
connection: upgrade
sec-websocket-key: IhbXojfqk7dlKza2M0f9Iw==
sec-websocket-version: 13
origin: http://localhost:55380
host: localhost:55380
accept: */*
user-agent: AHC/2.1

Response DefaultHttpResponse(decodeResult: success, version: HTTP/1.1)
HTTP/1.1 101 WebSocket Protocol Handshake
Upgrade: WebSocket
Connection: Upgrade
Sec-WebSocket-Accept: XgBWxzRFvQVLDJ2F5fNRoTru2+k=

13:43:52.418 [Forwarding setTimeout on session 519c02c1432c092c85816ee74893a9f9 to remote] DEBUG org.asynchttpclient.netty.request.NettyRequestSender - Using pooled Channel '[id: 0x9b77fb6b, L:/127.0.0.1:55379 - R:localhost/127.0.0.1:15622]' for 'POST' to 'http://localhost:15622/session/519c02c1432c092c85816ee74893a9f9/timeouts'
13:43:52.418 [Forwarding setTimeout on session 519c02c1432c092c85816ee74893a9f9 to remote] DEBUG org.asynchttpclient.netty.request.NettyRequestSender - Using open Channel [id: 0x9b77fb6b, L:/127.0.0.1:55379 - R:localhost/127.0.0.1:15622] for POST '/session/519c02c1432c092c85816ee74893a9f9/timeouts'
13:43:52.419 [AsyncHttpClient-1-23] DEBUG org.asynchttpclient.netty.handler.HttpHandler - 

Request DefaultHttpRequest(decodeResult: success, version: HTTP/1.1)
POST /session/519c02c1432c092c85816ee74893a9f9/timeouts HTTP/1.1
User-Agent: selenium/4.10.0 (java windows)
Content-Length: 23
Content-Type: application/json; charset=utf-8
host: localhost:15622
accept: */*

Response DefaultHttpResponse(decodeResult: success, version: HTTP/1.1)
HTTP/1.1 200 OK
Content-Length: 14
Content-Type: application/json; charset=utf-8
cache-control: no-cache

13:43:52.419 [AsyncHttpClient-1-23] DEBUG org.asynchttpclient.netty.channel.ChannelManager - Adding key: http://localhost:15622 for channel [id: 0x9b77fb6b, L:/127.0.0.1:55379 - R:localhost/127.0.0.1:15622]
13:43:52.420 [Forwarding maximizeCurrentWindow on session 519c02c1432c092c85816ee74893a9f9 to remote] DEBUG org.asynchttpclient.netty.request.NettyRequestSender - Using pooled Channel '[id: 0x9b77fb6b, L:/127.0.0.1:55379 - R:localhost/127.0.0.1:15622]' for 'POST' to 'http://localhost:15622/session/519c02c1432c092c85816ee74893a9f9/window/maximize'
13:43:52.420 [Forwarding maximizeCurrentWindow on session 519c02c1432c092c85816ee74893a9f9 to remote] DEBUG org.asynchttpclient.netty.request.NettyRequestSender - Using open Channel [id: 0x9b77fb6b, L:/127.0.0.1:55379 - R:localhost/127.0.0.1:15622] for POST '/session/519c02c1432c092c85816ee74893a9f9/window/maximize'
13:43:52.542 [AsyncHttpClient-1-23] DEBUG org.asynchttpclient.netty.handler.HttpHandler - 

Request DefaultHttpRequest(decodeResult: success, version: HTTP/1.1)
POST /session/519c02c1432c092c85816ee74893a9f9/window/maximize HTTP/1.1
User-Agent: selenium/4.10.0 (java windows)
Content-Length: 3
Content-Type: application/json; charset=utf-8
host: localhost:15622
accept: */*

Response DefaultHttpResponse(decodeResult: success, version: HTTP/1.1)
HTTP/1.1 200 OK
Content-Length: 52
Content-Type: application/json; charset=utf-8
cache-control: no-cache

13:43:52.542 [AsyncHttpClient-1-23] DEBUG org.asynchttpclient.netty.channel.ChannelManager - Adding key: http://localhost:15622 for channel [id: 0x9b77fb6b, L:/127.0.0.1:55379 - R:localhost/127.0.0.1:15622]
[INFO ] 2023-07-31 13:43:52.542 [main] Driver - Chrome driver started successfully
13:43:52.543 [Forwarding get on session 519c02c1432c092c85816ee74893a9f9 to remote] DEBUG org.asynchttpclient.netty.request.NettyRequestSender - Using pooled Channel '[id: 0x9b77fb6b, L:/127.0.0.1:55379 - R:localhost/127.0.0.1:15622]' for 'POST' to 'http://localhost:15622/session/519c02c1432c092c85816ee74893a9f9/url'
13:43:52.543 [Forwarding get on session 519c02c1432c092c85816ee74893a9f9 to remote] DEBUG org.asynchttpclient.netty.request.NettyRequestSender - Using open Channel [id: 0x9b77fb6b, L:/127.0.0.1:55379 - R:localhost/127.0.0.1:15622] for POST '/session/519c02c1432c092c85816ee74893a9f9/url'
13:43:52.557 [AsyncHttpClient-1-1] DEBUG org.asynchttpclient.netty.channel.DefaultChannelPool - Entry count for : http://localhost:55380 : 1
13:43:53.654 [AsyncHttpClient-1-1] DEBUG org.asynchttpclient.netty.channel.DefaultChannelPool - Entry count for : http://localhost:55380 : 1
13:43:54.759 [AsyncHttpClient-1-1] DEBUG org.asynchttpclient.netty.channel.DefaultChannelPool - Entry count for : http://localhost:55380 : 1
13:43:55.859 [AsyncHttpClient-1-1] DEBUG org.asynchttpclient.netty.channel.DefaultChannelPool - Entry count for : http://localhost:55380 : 1
13:43:56.953 [AsyncHttpClient-1-1] DEBUG org.asynchttpclient.netty.channel.DefaultChannelPool - Entry count for : http://localhost:55380 : 1
13:43:57.474 [AsyncHttpClient-1-23] DEBUG org.asynchttpclient.netty.handler.HttpHandler - 

Request DefaultHttpRequest(decodeResult: success, version: HTTP/1.1)
POST /session/519c02c1432c092c85816ee74893a9f9/url HTTP/1.1
User-Agent: selenium/4.10.0 (java windows)
Content-Length: 75
Content-Type: application/json; charset=utf-8
host: localhost:15622
accept: */*

Response DefaultHttpResponse(decodeResult: success, version: HTTP/1.1)
HTTP/1.1 200 OK
Content-Length: 14
Content-Type: application/json; charset=utf-8
cache-control: no-cache

13:43:57.475 [AsyncHttpClient-1-23] DEBUG org.asynchttpclient.netty.channel.ChannelManager - Adding key: http://localhost:15622 for channel [id: 0x9b77fb6b, L:/127.0.0.1:55379 - R:localhost/127.0.0.1:15622]
13:43:57.475 [Forwarding findElement on session 519c02c1432c092c85816ee74893a9f9 to remote] DEBUG org.asynchttpclient.netty.request.NettyRequestSender - Using pooled Channel '[id: 0x9b77fb6b, L:/127.0.0.1:55379 - R:localhost/127.0.0.1:15622]' for 'POST' to 'http://localhost:15622/session/519c02c1432c092c85816ee74893a9f9/element'
13:43:57.475 [Forwarding findElement on session 519c02c1432c092c85816ee74893a9f9 to remote] DEBUG org.asynchttpclient.netty.request.NettyRequestSender - Using open Channel [id: 0x9b77fb6b, L:/127.0.0.1:55379 - R:localhost/127.0.0.1:15622] for POST '/session/519c02c1432c092c85816ee74893a9f9/element'
13:43:57.483 [AsyncHttpClient-1-23] DEBUG org.asynchttpclient.netty.handler.HttpHandler - 

Request DefaultHttpRequest(decodeResult: success, version: HTTP/1.1)
POST /session/519c02c1432c092c85816ee74893a9f9/element HTTP/1.1
User-Agent: selenium/4.10.0 (java windows)
Content-Length: 102
Content-Type: application/json; charset=utf-8
host: localhost:15622
accept: */*

Response DefaultHttpResponse(decodeResult: success, version: HTTP/1.1)
HTTP/1.1 200 OK
Content-Length: 95
Content-Type: application/json; charset=utf-8
cache-control: no-cache

13:43:57.483 [AsyncHttpClient-1-23] DEBUG org.asynchttpclient.netty.channel.ChannelManager - Adding key: http://localhost:15622 for channel [id: 0x9b77fb6b, L:/127.0.0.1:55379 - R:localhost/127.0.0.1:15622]
13:43:57.485 [Forwarding isElementDisplayed on session 519c02c1432c092c85816ee74893a9f9 to remote] DEBUG org.asynchttpclient.netty.request.NettyRequestSender - Using pooled Channel '[id: 0x9b77fb6b, L:/127.0.0.1:55379 - R:localhost/127.0.0.1:15622]' for 'POST' to 'http://localhost:15622/session/519c02c1432c092c85816ee74893a9f9/execute/sync'
13:43:57.485 [Forwarding isElementDisplayed on session 519c02c1432c092c85816ee74893a9f9 to remote] DEBUG org.asynchttpclient.netty.request.NettyRequestSender - Using open Channel [id: 0x9b77fb6b, L:/127.0.0.1:55379 - R:localhost/127.0.0.1:15622] for POST '/session/519c02c1432c092c85816ee74893a9f9/execute/sync'
13:43:57.494 [AsyncHttpClient-1-23] DEBUG org.asynchttpclient.netty.handler.HttpHandler - 

Request DefaultHttpRequest(decodeResult: success, version: HTTP/1.1)
POST /session/519c02c1432c092c85816ee74893a9f9/execute/sync HTTP/1.1
User-Agent: selenium/4.10.0 (java windows)
Content-Length: 48814
Content-Type: application/json; charset=utf-8
host: localhost:15622
accept: */*

Response DefaultHttpResponse(decodeResult: success, version: HTTP/1.1)
HTTP/1.1 200 OK
Content-Length: 14
Content-Type: application/json; charset=utf-8
cache-control: no-cache

13:43:57.494 [AsyncHttpClient-1-23] DEBUG org.asynchttpclient.netty.channel.ChannelManager - Adding key: http://localhost:15622 for channel [id: 0x9b77fb6b, L:/127.0.0.1:55379 - R:localhost/127.0.0.1:15622]
13:43:57.494 [Forwarding findElement on session 519c02c1432c092c85816ee74893a9f9 to remote] DEBUG org.asynchttpclient.netty.request.NettyRequestSender - Using pooled Channel '[id: 0x9b77fb6b, L:/127.0.0.1:55379 - R:localhost/127.0.0.1:15622]' for 'POST' to 'http://localhost:15622/session/519c02c1432c092c85816ee74893a9f9/element'
13:43:57.494 [Forwarding findElement on session 519c02c1432c092c85816ee74893a9f9 to remote] DEBUG org.asynchttpclient.netty.request.NettyRequestSender - Using open Channel [id: 0x9b77fb6b, L:/127.0.0.1:55379 - R:localhost/127.0.0.1:15622] for POST '/session/519c02c1432c092c85816ee74893a9f9/element'
13:43:57.500 [AsyncHttpClient-1-23] DEBUG org.asynchttpclient.netty.handler.HttpHandler - 

Request DefaultHttpRequest(decodeResult: success, version: HTTP/1.1)
POST /session/519c02c1432c092c85816ee74893a9f9/element HTTP/1.1
User-Agent: selenium/4.10.0 (java windows)
Content-Length: 102
Content-Type: application/json; charset=utf-8
host: localhost:15622
accept: */*

Response DefaultHttpResponse(decodeResult: success, version: HTTP/1.1)
HTTP/1.1 200 OK
Content-Length: 95
Content-Type: application/json; charset=utf-8
cache-control: no-cache

13:43:57.500 [AsyncHttpClient-1-23] DEBUG org.asynchttpclient.netty.channel.ChannelManager - Adding key: http://localhost:15622 for channel [id: 0x9b77fb6b, L:/127.0.0.1:55379 - R:localhost/127.0.0.1:15622]
13:43:57.500 [Forwarding sendKeysToElement on session 519c02c1432c092c85816ee74893a9f9 to remote] DEBUG org.asynchttpclient.netty.request.NettyRequestSender - Using pooled Channel '[id: 0x9b77fb6b, L:/127.0.0.1:55379 - R:localhost/127.0.0.1:15622]' for 'POST' to 'http://localhost:15622/session/519c02c1432c092c85816ee74893a9f9/element/46A977AF5DCC55F3F21464AACDFF4B59_element_38/value'
13:43:57.500 [Forwarding sendKeysToElement on session 519c02c1432c092c85816ee74893a9f9 to remote] DEBUG org.asynchttpclient.netty.request.NettyRequestSender - Using open Channel [id: 0x9b77fb6b, L:/127.0.0.1:55379 - R:localhost/127.0.0.1:15622] for POST '/session/519c02c1432c092c85816ee74893a9f9/element/46A977AF5DCC55F3F21464AACDFF4B59_element_38/value'
13:43:57.554 [AsyncHttpClient-1-23] DEBUG org.asynchttpclient.netty.handler.HttpHandler - 

Request DefaultHttpRequest(decodeResult: success, version: HTTP/1.1)
POST /session/519c02c1432c092c85816ee74893a9f9/element/46A977AF5DCC55F3F21464AACDFF4B59_element_38/value HTTP/1.1
User-Agent: selenium/4.10.0 (java windows)
Content-Length: 148
Content-Type: application/json; charset=utf-8
host: localhost:15622
accept: */*

Response DefaultHttpResponse(decodeResult: success, version: HTTP/1.1)
HTTP/1.1 200 OK
Content-Length: 14
Content-Type: application/json; charset=utf-8
cache-control: no-cache

13:43:57.554 [AsyncHttpClient-1-23] DEBUG org.asynchttpclient.netty.channel.ChannelManager - Adding key: http://localhost:15622 for channel [id: 0x9b77fb6b, L:/127.0.0.1:55379 - R:localhost/127.0.0.1:15622]
13:43:57.554 [Forwarding findElement on session 519c02c1432c092c85816ee74893a9f9 to remote] DEBUG org.asynchttpclient.netty.request.NettyRequestSender - Using pooled Channel '[id: 0x9b77fb6b, L:/127.0.0.1:55379 - R:localhost/127.0.0.1:15622]' for 'POST' to 'http://localhost:15622/session/519c02c1432c092c85816ee74893a9f9/element'
13:43:57.554 [Forwarding findElement on session 519c02c1432c092c85816ee74893a9f9 to remote] DEBUG org.asynchttpclient.netty.request.NettyRequestSender - Using open Channel [id: 0x9b77fb6b, L:/127.0.0.1:55379 - R:localhost/127.0.0.1:15622] for POST '/session/519c02c1432c092c85816ee74893a9f9/element'
13:43:57.563 [AsyncHttpClient-1-23] DEBUG org.asynchttpclient.netty.handler.HttpHandler - 

Request DefaultHttpRequest(decodeResult: success, version: HTTP/1.1)
POST /session/519c02c1432c092c85816ee74893a9f9/element HTTP/1.1
User-Agent: selenium/4.10.0 (java windows)
Content-Length: 102
Content-Type: application/json; charset=utf-8
host: localhost:15622
accept: */*

Response DefaultHttpResponse(decodeResult: success, version: HTTP/1.1)
HTTP/1.1 200 OK
Content-Length: 95
Content-Type: application/json; charset=utf-8
cache-control: no-cache

13:43:57.563 [AsyncHttpClient-1-23] DEBUG org.asynchttpclient.netty.channel.ChannelManager - Adding key: http://localhost:15622 for channel [id: 0x9b77fb6b, L:/127.0.0.1:55379 - R:localhost/127.0.0.1:15622]
13:43:57.564 [Forwarding isElementDisplayed on session 519c02c1432c092c85816ee74893a9f9 to remote] DEBUG org.asynchttpclient.netty.request.NettyRequestSender - Using pooled Channel '[id: 0x9b77fb6b, L:/127.0.0.1:55379 - R:localhost/127.0.0.1:15622]' for 'POST' to 'http://localhost:15622/session/519c02c1432c092c85816ee74893a9f9/execute/sync'
13:43:57.564 [Forwarding isElementDisplayed on session 519c02c1432c092c85816ee74893a9f9 to remote] DEBUG org.asynchttpclient.netty.request.NettyRequestSender - Using open Channel [id: 0x9b77fb6b, L:/127.0.0.1:55379 - R:localhost/127.0.0.1:15622] for POST '/session/519c02c1432c092c85816ee74893a9f9/execute/sync'
13:43:57.572 [AsyncHttpClient-1-23] DEBUG org.asynchttpclient.netty.handler.HttpHandler - 

Request DefaultHttpRequest(decodeResult: success, version: HTTP/1.1)
POST /session/519c02c1432c092c85816ee74893a9f9/execute/sync HTTP/1.1
User-Agent: selenium/4.10.0 (java windows)
Content-Length: 48814
Content-Type: application/json; charset=utf-8
host: localhost:15622
accept: */*

Response DefaultHttpResponse(decodeResult: success, version: HTTP/1.1)
HTTP/1.1 200 OK
Content-Length: 14
Content-Type: application/json; charset=utf-8
cache-control: no-cache

13:43:57.572 [AsyncHttpClient-1-23] DEBUG org.asynchttpclient.netty.channel.ChannelManager - Adding key: http://localhost:15622 for channel [id: 0x9b77fb6b, L:/127.0.0.1:55379 - R:localhost/127.0.0.1:15622]
13:43:57.573 [Forwarding findElement on session 519c02c1432c092c85816ee74893a9f9 to remote] DEBUG org.asynchttpclient.netty.request.NettyRequestSender - Using pooled Channel '[id: 0x9b77fb6b, L:/127.0.0.1:55379 - R:localhost/127.0.0.1:15622]' for 'POST' to 'http://localhost:15622/session/519c02c1432c092c85816ee74893a9f9/element'
13:43:57.573 [Forwarding findElement on session 519c02c1432c092c85816ee74893a9f9 to remote] DEBUG org.asynchttpclient.netty.request.NettyRequestSender - Using open Channel [id: 0x9b77fb6b, L:/127.0.0.1:55379 - R:localhost/127.0.0.1:15622] for POST '/session/519c02c1432c092c85816ee74893a9f9/element'
13:43:57.579 [AsyncHttpClient-1-23] DEBUG org.asynchttpclient.netty.handler.HttpHandler - 

Request DefaultHttpRequest(decodeResult: success, version: HTTP/1.1)
POST /session/519c02c1432c092c85816ee74893a9f9/element HTTP/1.1
User-Agent: selenium/4.10.0 (java windows)
Content-Length: 102
Content-Type: application/json; charset=utf-8
host: localhost:15622
accept: */*

Response DefaultHttpResponse(decodeResult: success, version: HTTP/1.1)
HTTP/1.1 200 OK
Content-Length: 95
Content-Type: application/json; charset=utf-8
cache-control: no-cache

13:43:57.579 [AsyncHttpClient-1-23] DEBUG org.asynchttpclient.netty.channel.ChannelManager - Adding key: http://localhost:15622 for channel [id: 0x9b77fb6b, L:/127.0.0.1:55379 - R:localhost/127.0.0.1:15622]
13:43:57.579 [Forwarding sendKeysToElement on session 519c02c1432c092c85816ee74893a9f9 to remote] DEBUG org.asynchttpclient.netty.request.NettyRequestSender - Using pooled Channel '[id: 0x9b77fb6b, L:/127.0.0.1:55379 - R:localhost/127.0.0.1:15622]' for 'POST' to 'http://localhost:15622/session/519c02c1432c092c85816ee74893a9f9/element/46A977AF5DCC55F3F21464AACDFF4B59_element_40/value'
13:43:57.579 [Forwarding sendKeysToElement on session 519c02c1432c092c85816ee74893a9f9 to remote] DEBUG org.asynchttpclient.netty.request.NettyRequestSender - Using open Channel [id: 0x9b77fb6b, L:/127.0.0.1:55379 - R:localhost/127.0.0.1:15622] for POST '/session/519c02c1432c092c85816ee74893a9f9/element/46A977AF5DCC55F3F21464AACDFF4B59_element_40/value'
13:43:57.624 [AsyncHttpClient-1-23] DEBUG org.asynchttpclient.netty.handler.HttpHandler - 

Request DefaultHttpRequest(decodeResult: success, version: HTTP/1.1)
POST /session/519c02c1432c092c85816ee74893a9f9/element/46A977AF5DCC55F3F21464AACDFF4B59_element_40/value HTTP/1.1
User-Agent: selenium/4.10.0 (java windows)
Content-Length: 188
Content-Type: application/json; charset=utf-8
host: localhost:15622
accept: */*

Response DefaultHttpResponse(decodeResult: success, version: HTTP/1.1)
HTTP/1.1 200 OK
Content-Length: 14
Content-Type: application/json; charset=utf-8
cache-control: no-cache

13:43:57.624 [AsyncHttpClient-1-23] DEBUG org.asynchttpclient.netty.channel.ChannelManager - Adding key: http://localhost:15622 for channel [id: 0x9b77fb6b, L:/127.0.0.1:55379 - R:localhost/127.0.0.1:15622]
13:43:57.624 [Forwarding findElement on session 519c02c1432c092c85816ee74893a9f9 to remote] DEBUG org.asynchttpclient.netty.request.NettyRequestSender - Using pooled Channel '[id: 0x9b77fb6b, L:/127.0.0.1:55379 - R:localhost/127.0.0.1:15622]' for 'POST' to 'http://localhost:15622/session/519c02c1432c092c85816ee74893a9f9/element'
13:43:57.624 [Forwarding findElement on session 519c02c1432c092c85816ee74893a9f9 to remote] DEBUG org.asynchttpclient.netty.request.NettyRequestSender - Using open Channel [id: 0x9b77fb6b, L:/127.0.0.1:55379 - R:localhost/127.0.0.1:15622] for POST '/session/519c02c1432c092c85816ee74893a9f9/element'
13:43:57.633 [AsyncHttpClient-1-23] DEBUG org.asynchttpclient.netty.handler.HttpHandler - 

Request DefaultHttpRequest(decodeResult: success, version: HTTP/1.1)
POST /session/519c02c1432c092c85816ee74893a9f9/element HTTP/1.1
User-Agent: selenium/4.10.0 (java windows)
Content-Length: 170
Content-Type: application/json; charset=utf-8
host: localhost:15622
accept: */*

Response DefaultHttpResponse(decodeResult: success, version: HTTP/1.1)
HTTP/1.1 200 OK
Content-Length: 95
Content-Type: application/json; charset=utf-8
cache-control: no-cache

13:43:57.633 [AsyncHttpClient-1-23] DEBUG org.asynchttpclient.netty.channel.ChannelManager - Adding key: http://localhost:15622 for channel [id: 0x9b77fb6b, L:/127.0.0.1:55379 - R:localhost/127.0.0.1:15622]
13:43:57.634 [Forwarding isElementDisplayed on session 519c02c1432c092c85816ee74893a9f9 to remote] DEBUG org.asynchttpclient.netty.request.NettyRequestSender - Using pooled Channel '[id: 0x9b77fb6b, L:/127.0.0.1:55379 - R:localhost/127.0.0.1:15622]' for 'POST' to 'http://localhost:15622/session/519c02c1432c092c85816ee74893a9f9/execute/sync'
13:43:57.634 [Forwarding isElementDisplayed on session 519c02c1432c092c85816ee74893a9f9 to remote] DEBUG org.asynchttpclient.netty.request.NettyRequestSender - Using open Channel [id: 0x9b77fb6b, L:/127.0.0.1:55379 - R:localhost/127.0.0.1:15622] for POST '/session/519c02c1432c092c85816ee74893a9f9/execute/sync'
13:43:57.640 [AsyncHttpClient-1-23] DEBUG org.asynchttpclient.netty.handler.HttpHandler - 

Request DefaultHttpRequest(decodeResult: success, version: HTTP/1.1)
POST /session/519c02c1432c092c85816ee74893a9f9/execute/sync HTTP/1.1
User-Agent: selenium/4.10.0 (java windows)
Content-Length: 48814
Content-Type: application/json; charset=utf-8
host: localhost:15622
accept: */*

Response DefaultHttpResponse(decodeResult: success, version: HTTP/1.1)
HTTP/1.1 200 OK
Content-Length: 14
Content-Type: application/json; charset=utf-8
cache-control: no-cache

13:43:57.640 [AsyncHttpClient-1-23] DEBUG org.asynchttpclient.netty.channel.ChannelManager - Adding key: http://localhost:15622 for channel [id: 0x9b77fb6b, L:/127.0.0.1:55379 - R:localhost/127.0.0.1:15622]
[INFO ] 2023-07-31 13:43:57.640 [main] WebElementActions - Waiting for element to be clickable
13:43:57.640 [Forwarding findElement on session 519c02c1432c092c85816ee74893a9f9 to remote] DEBUG org.asynchttpclient.netty.request.NettyRequestSender - Using pooled Channel '[id: 0x9b77fb6b, L:/127.0.0.1:55379 - R:localhost/127.0.0.1:15622]' for 'POST' to 'http://localhost:15622/session/519c02c1432c092c85816ee74893a9f9/element'
13:43:57.640 [Forwarding findElement on session 519c02c1432c092c85816ee74893a9f9 to remote] DEBUG org.asynchttpclient.netty.request.NettyRequestSender - Using open Channel [id: 0x9b77fb6b, L:/127.0.0.1:55379 - R:localhost/127.0.0.1:15622] for POST '/session/519c02c1432c092c85816ee74893a9f9/element'
13:43:57.645 [AsyncHttpClient-1-23] DEBUG org.asynchttpclient.netty.handler.HttpHandler - 

Request DefaultHttpRequest(decodeResult: success, version: HTTP/1.1)
POST /session/519c02c1432c092c85816ee74893a9f9/element HTTP/1.1
User-Agent: selenium/4.10.0 (java windows)
Content-Length: 170
Content-Type: application/json; charset=utf-8
host: localhost:15622
accept: */*

Response DefaultHttpResponse(decodeResult: success, version: HTTP/1.1)
HTTP/1.1 200 OK
Content-Length: 95
Content-Type: application/json; charset=utf-8
cache-control: no-cache

13:43:57.645 [AsyncHttpClient-1-23] DEBUG org.asynchttpclient.netty.channel.ChannelManager - Adding key: http://localhost:15622 for channel [id: 0x9b77fb6b, L:/127.0.0.1:55379 - R:localhost/127.0.0.1:15622]
13:43:57.647 [Forwarding isElementDisplayed on session 519c02c1432c092c85816ee74893a9f9 to remote] DEBUG org.asynchttpclient.netty.request.NettyRequestSender - Using pooled Channel '[id: 0x9b77fb6b, L:/127.0.0.1:55379 - R:localhost/127.0.0.1:15622]' for 'POST' to 'http://localhost:15622/session/519c02c1432c092c85816ee74893a9f9/execute/sync'
13:43:57.647 [Forwarding isElementDisplayed on session 519c02c1432c092c85816ee74893a9f9 to remote] DEBUG org.asynchttpclient.netty.request.NettyRequestSender - Using open Channel [id: 0x9b77fb6b, L:/127.0.0.1:55379 - R:localhost/127.0.0.1:15622] for POST '/session/519c02c1432c092c85816ee74893a9f9/execute/sync'
13:43:57.653 [AsyncHttpClient-1-23] DEBUG org.asynchttpclient.netty.handler.HttpHandler - 

Request DefaultHttpRequest(decodeResult: success, version: HTTP/1.1)
POST /session/519c02c1432c092c85816ee74893a9f9/execute/sync HTTP/1.1
User-Agent: selenium/4.10.0 (java windows)
Content-Length: 48814
Content-Type: application/json; charset=utf-8
host: localhost:15622
accept: */*

Response DefaultHttpResponse(decodeResult: success, version: HTTP/1.1)
HTTP/1.1 200 OK
Content-Length: 14
Content-Type: application/json; charset=utf-8
cache-control: no-cache

13:43:57.653 [AsyncHttpClient-1-23] DEBUG org.asynchttpclient.netty.channel.ChannelManager - Adding key: http://localhost:15622 for channel [id: 0x9b77fb6b, L:/127.0.0.1:55379 - R:localhost/127.0.0.1:15622]
13:43:57.653 [Forwarding findElement on session 519c02c1432c092c85816ee74893a9f9 to remote] DEBUG org.asynchttpclient.netty.request.NettyRequestSender - Using pooled Channel '[id: 0x9b77fb6b, L:/127.0.0.1:55379 - R:localhost/127.0.0.1:15622]' for 'POST' to 'http://localhost:15622/session/519c02c1432c092c85816ee74893a9f9/element'
13:43:57.653 [Forwarding findElement on session 519c02c1432c092c85816ee74893a9f9 to remote] DEBUG org.asynchttpclient.netty.request.NettyRequestSender - Using open Channel [id: 0x9b77fb6b, L:/127.0.0.1:55379 - R:localhost/127.0.0.1:15622] for POST '/session/519c02c1432c092c85816ee74893a9f9/element'
13:43:57.658 [AsyncHttpClient-1-23] DEBUG org.asynchttpclient.netty.handler.HttpHandler - 

Request DefaultHttpRequest(decodeResult: success, version: HTTP/1.1)
POST /session/519c02c1432c092c85816ee74893a9f9/element HTTP/1.1
User-Agent: selenium/4.10.0 (java windows)
Content-Length: 170
Content-Type: application/json; charset=utf-8
host: localhost:15622
accept: */*

Response DefaultHttpResponse(decodeResult: success, version: HTTP/1.1)
HTTP/1.1 200 OK
Content-Length: 95
Content-Type: application/json; charset=utf-8
cache-control: no-cache

13:43:57.658 [AsyncHttpClient-1-23] DEBUG org.asynchttpclient.netty.channel.ChannelManager - Adding key: http://localhost:15622 for channel [id: 0x9b77fb6b, L:/127.0.0.1:55379 - R:localhost/127.0.0.1:15622]
13:43:57.658 [Forwarding isElementEnabled on session 519c02c1432c092c85816ee74893a9f9 to remote] DEBUG org.asynchttpclient.netty.request.NettyRequestSender - Using pooled Channel '[id: 0x9b77fb6b, L:/127.0.0.1:55379 - R:localhost/127.0.0.1:15622]' for 'GET' to 'http://localhost:15622/session/519c02c1432c092c85816ee74893a9f9/element/46A977AF5DCC55F3F21464AACDFF4B59_element_23/enabled'
13:43:57.658 [Forwarding isElementEnabled on session 519c02c1432c092c85816ee74893a9f9 to remote] DEBUG org.asynchttpclient.netty.request.NettyRequestSender - Using open Channel [id: 0x9b77fb6b, L:/127.0.0.1:55379 - R:localhost/127.0.0.1:15622] for GET '/session/519c02c1432c092c85816ee74893a9f9/element/46A977AF5DCC55F3F21464AACDFF4B59_element_23/enabled'
13:43:57.663 [AsyncHttpClient-1-23] DEBUG org.asynchttpclient.netty.handler.HttpHandler - 

Request DefaultFullHttpRequest(decodeResult: success, version: HTTP/1.1, content: EmptyByteBufBE)
GET /session/519c02c1432c092c85816ee74893a9f9/element/46A977AF5DCC55F3F21464AACDFF4B59_element_23/enabled HTTP/1.1
Cache-Control: no-cache
User-Agent: selenium/4.10.0 (java windows)
Content-Type: application/json; charset=utf-8
host: localhost:15622
accept: */*

Response DefaultHttpResponse(decodeResult: success, version: HTTP/1.1)
HTTP/1.1 200 OK
Content-Length: 14
Content-Type: application/json; charset=utf-8
cache-control: no-cache

13:43:57.663 [AsyncHttpClient-1-23] DEBUG org.asynchttpclient.netty.channel.ChannelManager - Adding key: http://localhost:15622 for channel [id: 0x9b77fb6b, L:/127.0.0.1:55379 - R:localhost/127.0.0.1:15622]
[INFO ] 2023-07-31 13:43:57.663 [main] WebElementActions - Element is clickable
13:43:57.663 [Forwarding findElement on session 519c02c1432c092c85816ee74893a9f9 to remote] DEBUG org.asynchttpclient.netty.request.NettyRequestSender - Using pooled Channel '[id: 0x9b77fb6b, L:/127.0.0.1:55379 - R:localhost/127.0.0.1:15622]' for 'POST' to 'http://localhost:15622/session/519c02c1432c092c85816ee74893a9f9/element'
13:43:57.663 [Forwarding findElement on session 519c02c1432c092c85816ee74893a9f9 to remote] DEBUG org.asynchttpclient.netty.request.NettyRequestSender - Using open Channel [id: 0x9b77fb6b, L:/127.0.0.1:55379 - R:localhost/127.0.0.1:15622] for POST '/session/519c02c1432c092c85816ee74893a9f9/element'
13:43:57.668 [AsyncHttpClient-1-23] DEBUG org.asynchttpclient.netty.handler.HttpHandler - 

Request DefaultHttpRequest(decodeResult: success, version: HTTP/1.1)
POST /session/519c02c1432c092c85816ee74893a9f9/element HTTP/1.1
User-Agent: selenium/4.10.0 (java windows)
Content-Length: 170
Content-Type: application/json; charset=utf-8
host: localhost:15622
accept: */*

Response DefaultHttpResponse(decodeResult: success, version: HTTP/1.1)
HTTP/1.1 200 OK
Content-Length: 95
Content-Type: application/json; charset=utf-8
cache-control: no-cache

13:43:57.668 [AsyncHttpClient-1-23] DEBUG org.asynchttpclient.netty.channel.ChannelManager - Adding key: http://localhost:15622 for channel [id: 0x9b77fb6b, L:/127.0.0.1:55379 - R:localhost/127.0.0.1:15622]
13:43:57.669 [Forwarding isElementDisplayed on session 519c02c1432c092c85816ee74893a9f9 to remote] DEBUG org.asynchttpclient.netty.request.NettyRequestSender - Using pooled Channel '[id: 0x9b77fb6b, L:/127.0.0.1:55379 - R:localhost/127.0.0.1:15622]' for 'POST' to 'http://localhost:15622/session/519c02c1432c092c85816ee74893a9f9/execute/sync'
13:43:57.669 [Forwarding isElementDisplayed on session 519c02c1432c092c85816ee74893a9f9 to remote] DEBUG org.asynchttpclient.netty.request.NettyRequestSender - Using open Channel [id: 0x9b77fb6b, L:/127.0.0.1:55379 - R:localhost/127.0.0.1:15622] for POST '/session/519c02c1432c092c85816ee74893a9f9/execute/sync'
13:43:57.675 [AsyncHttpClient-1-23] DEBUG org.asynchttpclient.netty.handler.HttpHandler - 

Request DefaultHttpRequest(decodeResult: success, version: HTTP/1.1)
POST /session/519c02c1432c092c85816ee74893a9f9/execute/sync HTTP/1.1
User-Agent: selenium/4.10.0 (java windows)
Content-Length: 48814
Content-Type: application/json; charset=utf-8
host: localhost:15622
accept: */*

Response DefaultHttpResponse(decodeResult: success, version: HTTP/1.1)
HTTP/1.1 200 OK
Content-Length: 14
Content-Type: application/json; charset=utf-8
cache-control: no-cache

13:43:57.675 [AsyncHttpClient-1-23] DEBUG org.asynchttpclient.netty.channel.ChannelManager - Adding key: http://localhost:15622 for channel [id: 0x9b77fb6b, L:/127.0.0.1:55379 - R:localhost/127.0.0.1:15622]
13:43:57.675 [Forwarding findElement on session 519c02c1432c092c85816ee74893a9f9 to remote] DEBUG org.asynchttpclient.netty.request.NettyRequestSender - Using pooled Channel '[id: 0x9b77fb6b, L:/127.0.0.1:55379 - R:localhost/127.0.0.1:15622]' for 'POST' to 'http://localhost:15622/session/519c02c1432c092c85816ee74893a9f9/element'
13:43:57.675 [Forwarding findElement on session 519c02c1432c092c85816ee74893a9f9 to remote] DEBUG org.asynchttpclient.netty.request.NettyRequestSender - Using open Channel [id: 0x9b77fb6b, L:/127.0.0.1:55379 - R:localhost/127.0.0.1:15622] for POST '/session/519c02c1432c092c85816ee74893a9f9/element'
13:43:57.681 [AsyncHttpClient-1-23] DEBUG org.asynchttpclient.netty.handler.HttpHandler - 

Request DefaultHttpRequest(decodeResult: success, version: HTTP/1.1)
POST /session/519c02c1432c092c85816ee74893a9f9/element HTTP/1.1
User-Agent: selenium/4.10.0 (java windows)
Content-Length: 170
Content-Type: application/json; charset=utf-8
host: localhost:15622
accept: */*

Response DefaultHttpResponse(decodeResult: success, version: HTTP/1.1)
HTTP/1.1 200 OK
Content-Length: 95
Content-Type: application/json; charset=utf-8
cache-control: no-cache

13:43:57.681 [AsyncHttpClient-1-23] DEBUG org.asynchttpclient.netty.channel.ChannelManager - Adding key: http://localhost:15622 for channel [id: 0x9b77fb6b, L:/127.0.0.1:55379 - R:localhost/127.0.0.1:15622]
13:43:57.681 [Forwarding clickElement on session 519c02c1432c092c85816ee74893a9f9 to remote] DEBUG org.asynchttpclient.netty.request.NettyRequestSender - Using pooled Channel '[id: 0x9b77fb6b, L:/127.0.0.1:55379 - R:localhost/127.0.0.1:15622]' for 'POST' to 'http://localhost:15622/session/519c02c1432c092c85816ee74893a9f9/element/46A977AF5DCC55F3F21464AACDFF4B59_element_23/click'
13:43:57.681 [Forwarding clickElement on session 519c02c1432c092c85816ee74893a9f9 to remote] DEBUG org.asynchttpclient.netty.request.NettyRequestSender - Using open Channel [id: 0x9b77fb6b, L:/127.0.0.1:55379 - R:localhost/127.0.0.1:15622] for POST '/session/519c02c1432c092c85816ee74893a9f9/element/46A977AF5DCC55F3F21464AACDFF4B59_element_23/click'
13:43:57.719 [AsyncHttpClient-1-23] DEBUG org.asynchttpclient.netty.handler.HttpHandler - 

Request DefaultHttpRequest(decodeResult: success, version: HTTP/1.1)
POST /session/519c02c1432c092c85816ee74893a9f9/element/46A977AF5DCC55F3F21464AACDFF4B59_element_23/click HTTP/1.1
User-Agent: selenium/4.10.0 (java windows)
Content-Length: 57
Content-Type: application/json; charset=utf-8
host: localhost:15622
accept: */*

Response DefaultHttpResponse(decodeResult: success, version: HTTP/1.1)
HTTP/1.1 200 OK
Content-Length: 14
Content-Type: application/json; charset=utf-8
cache-control: no-cache

13:43:57.719 [AsyncHttpClient-1-23] DEBUG org.asynchttpclient.netty.channel.ChannelManager - Adding key: http://localhost:15622 for channel [id: 0x9b77fb6b, L:/127.0.0.1:55379 - R:localhost/127.0.0.1:15622]
13:43:58.054 [AsyncHttpClient-1-1] DEBUG org.asynchttpclient.netty.channel.DefaultChannelPool - Entry count for : http://localhost:55380 : 1
13:43:58.054 [AsyncHttpClient-1-1] DEBUG org.asynchttpclient.netty.channel.DefaultChannelPool - Entry count for : http://localhost:15622 : 1
13:43:58.728 [Forwarding findElement on session 519c02c1432c092c85816ee74893a9f9 to remote] DEBUG org.asynchttpclient.netty.request.NettyRequestSender - Using pooled Channel '[id: 0x9b77fb6b, L:/127.0.0.1:55379 - R:localhost/127.0.0.1:15622]' for 'POST' to 'http://localhost:15622/session/519c02c1432c092c85816ee74893a9f9/element'
13:43:58.728 [Forwarding findElement on session 519c02c1432c092c85816ee74893a9f9 to remote] DEBUG org.asynchttpclient.netty.request.NettyRequestSender - Using open Channel [id: 0x9b77fb6b, L:/127.0.0.1:55379 - R:localhost/127.0.0.1:15622] for POST '/session/519c02c1432c092c85816ee74893a9f9/element'
13:43:58.794 [AsyncHttpClient-1-23] DEBUG org.asynchttpclient.netty.handler.HttpHandler - 

Request DefaultHttpRequest(decodeResult: success, version: HTTP/1.1)
POST /session/519c02c1432c092c85816ee74893a9f9/element HTTP/1.1
User-Agent: selenium/4.10.0 (java windows)
Content-Length: 78
Content-Type: application/json; charset=utf-8
host: localhost:15622
accept: */*

Response DefaultHttpResponse(decodeResult: success, version: HTTP/1.1)
HTTP/1.1 200 OK
Content-Length: 95
Content-Type: application/json; charset=utf-8
cache-control: no-cache

13:43:58.794 [AsyncHttpClient-1-23] DEBUG org.asynchttpclient.netty.channel.ChannelManager - Adding key: http://localhost:15622 for channel [id: 0x9b77fb6b, L:/127.0.0.1:55379 - R:localhost/127.0.0.1:15622]
13:43:58.795 [Forwarding isElementDisplayed on session 519c02c1432c092c85816ee74893a9f9 to remote] DEBUG org.asynchttpclient.netty.request.NettyRequestSender - Using pooled Channel '[id: 0x9b77fb6b, L:/127.0.0.1:55379 - R:localhost/127.0.0.1:15622]' for 'POST' to 'http://localhost:15622/session/519c02c1432c092c85816ee74893a9f9/execute/sync'
13:43:58.795 [Forwarding isElementDisplayed on session 519c02c1432c092c85816ee74893a9f9 to remote] DEBUG org.asynchttpclient.netty.request.NettyRequestSender - Using open Channel [id: 0x9b77fb6b, L:/127.0.0.1:55379 - R:localhost/127.0.0.1:15622] for POST '/session/519c02c1432c092c85816ee74893a9f9/execute/sync'
13:43:58.802 [AsyncHttpClient-1-23] DEBUG org.asynchttpclient.netty.handler.HttpHandler - 

Request DefaultHttpRequest(decodeResult: success, version: HTTP/1.1)
POST /session/519c02c1432c092c85816ee74893a9f9/execute/sync HTTP/1.1
User-Agent: selenium/4.10.0 (java windows)
Content-Length: 48814
Content-Type: application/json; charset=utf-8
host: localhost:15622
accept: */*

Response DefaultHttpResponse(decodeResult: success, version: HTTP/1.1)
HTTP/1.1 200 OK
Content-Length: 14
Content-Type: application/json; charset=utf-8
cache-control: no-cache

13:43:58.802 [AsyncHttpClient-1-23] DEBUG org.asynchttpclient.netty.channel.ChannelManager - Adding key: http://localhost:15622 for channel [id: 0x9b77fb6b, L:/127.0.0.1:55379 - R:localhost/127.0.0.1:15622]
13:43:58.802 [Forwarding findElement on session 519c02c1432c092c85816ee74893a9f9 to remote] DEBUG org.asynchttpclient.netty.request.NettyRequestSender - Using pooled Channel '[id: 0x9b77fb6b, L:/127.0.0.1:55379 - R:localhost/127.0.0.1:15622]' for 'POST' to 'http://localhost:15622/session/519c02c1432c092c85816ee74893a9f9/element'
13:43:58.802 [Forwarding findElement on session 519c02c1432c092c85816ee74893a9f9 to remote] DEBUG org.asynchttpclient.netty.request.NettyRequestSender - Using open Channel [id: 0x9b77fb6b, L:/127.0.0.1:55379 - R:localhost/127.0.0.1:15622] for POST '/session/519c02c1432c092c85816ee74893a9f9/element'
13:43:58.808 [AsyncHttpClient-1-23] DEBUG org.asynchttpclient.netty.handler.HttpHandler - 

Request DefaultHttpRequest(decodeResult: success, version: HTTP/1.1)
POST /session/519c02c1432c092c85816ee74893a9f9/element HTTP/1.1
User-Agent: selenium/4.10.0 (java windows)
Content-Length: 78
Content-Type: application/json; charset=utf-8
host: localhost:15622
accept: */*

Response DefaultHttpResponse(decodeResult: success, version: HTTP/1.1)
HTTP/1.1 200 OK
Content-Length: 95
Content-Type: application/json; charset=utf-8
cache-control: no-cache

13:43:58.808 [AsyncHttpClient-1-23] DEBUG org.asynchttpclient.netty.channel.ChannelManager - Adding key: http://localhost:15622 for channel [id: 0x9b77fb6b, L:/127.0.0.1:55379 - R:localhost/127.0.0.1:15622]
13:43:58.808 [Forwarding sendKeysToElement on session 519c02c1432c092c85816ee74893a9f9 to remote] DEBUG org.asynchttpclient.netty.request.NettyRequestSender - Using pooled Channel '[id: 0x9b77fb6b, L:/127.0.0.1:55379 - R:localhost/127.0.0.1:15622]' for 'POST' to 'http://localhost:15622/session/519c02c1432c092c85816ee74893a9f9/element/46A977AF5DCC55F3F21464AACDFF4B59_element_42/value'
13:43:58.808 [Forwarding sendKeysToElement on session 519c02c1432c092c85816ee74893a9f9 to remote] DEBUG org.asynchttpclient.netty.request.NettyRequestSender - Using open Channel [id: 0x9b77fb6b, L:/127.0.0.1:55379 - R:localhost/127.0.0.1:15622] for POST '/session/519c02c1432c092c85816ee74893a9f9/element/46A977AF5DCC55F3F21464AACDFF4B59_element_42/value'
13:43:58.835 [AsyncHttpClient-1-23] DEBUG org.asynchttpclient.netty.handler.HttpHandler - 

Request DefaultHttpRequest(decodeResult: success, version: HTTP/1.1)
POST /session/519c02c1432c092c85816ee74893a9f9/element/46A977AF5DCC55F3F21464AACDFF4B59_element_42/value HTTP/1.1
User-Agent: selenium/4.10.0 (java windows)
Content-Length: 148
Content-Type: application/json; charset=utf-8
host: localhost:15622
accept: */*

Response DefaultHttpResponse(decodeResult: success, version: HTTP/1.1)
HTTP/1.1 200 OK
Content-Length: 14
Content-Type: application/json; charset=utf-8
cache-control: no-cache

13:43:58.835 [AsyncHttpClient-1-23] DEBUG org.asynchttpclient.netty.channel.ChannelManager - Adding key: http://localhost:15622 for channel [id: 0x9b77fb6b, L:/127.0.0.1:55379 - R:localhost/127.0.0.1:15622]
13:43:58.835 [Forwarding findElement on session 519c02c1432c092c85816ee74893a9f9 to remote] DEBUG org.asynchttpclient.netty.request.NettyRequestSender - Using pooled Channel '[id: 0x9b77fb6b, L:/127.0.0.1:55379 - R:localhost/127.0.0.1:15622]' for 'POST' to 'http://localhost:15622/session/519c02c1432c092c85816ee74893a9f9/element'
13:43:58.835 [Forwarding findElement on session 519c02c1432c092c85816ee74893a9f9 to remote] DEBUG org.asynchttpclient.netty.request.NettyRequestSender - Using open Channel [id: 0x9b77fb6b, L:/127.0.0.1:55379 - R:localhost/127.0.0.1:15622] for POST '/session/519c02c1432c092c85816ee74893a9f9/element'
13:43:58.844 [AsyncHttpClient-1-23] DEBUG org.asynchttpclient.netty.handler.HttpHandler - 

Request DefaultHttpRequest(decodeResult: success, version: HTTP/1.1)
POST /session/519c02c1432c092c85816ee74893a9f9/element HTTP/1.1
User-Agent: selenium/4.10.0 (java windows)
Content-Length: 61
Content-Type: application/json; charset=utf-8
host: localhost:15622
accept: */*

Response DefaultHttpResponse(decodeResult: success, version: HTTP/1.1)
HTTP/1.1 200 OK
Content-Length: 95
Content-Type: application/json; charset=utf-8
cache-control: no-cache

13:43:58.844 [AsyncHttpClient-1-23] DEBUG org.asynchttpclient.netty.channel.ChannelManager - Adding key: http://localhost:15622 for channel [id: 0x9b77fb6b, L:/127.0.0.1:55379 - R:localhost/127.0.0.1:15622]
13:43:58.845 [Forwarding isElementDisplayed on session 519c02c1432c092c85816ee74893a9f9 to remote] DEBUG org.asynchttpclient.netty.request.NettyRequestSender - Using pooled Channel '[id: 0x9b77fb6b, L:/127.0.0.1:55379 - R:localhost/127.0.0.1:15622]' for 'POST' to 'http://localhost:15622/session/519c02c1432c092c85816ee74893a9f9/execute/sync'
13:43:58.845 [Forwarding isElementDisplayed on session 519c02c1432c092c85816ee74893a9f9 to remote] DEBUG org.asynchttpclient.netty.request.NettyRequestSender - Using open Channel [id: 0x9b77fb6b, L:/127.0.0.1:55379 - R:localhost/127.0.0.1:15622] for POST '/session/519c02c1432c092c85816ee74893a9f9/execute/sync'
13:43:58.851 [AsyncHttpClient-1-23] DEBUG org.asynchttpclient.netty.handler.HttpHandler - 

Request DefaultHttpRequest(decodeResult: success, version: HTTP/1.1)
POST /session/519c02c1432c092c85816ee74893a9f9/execute/sync HTTP/1.1
User-Agent: selenium/4.10.0 (java windows)
Content-Length: 48814
Content-Type: application/json; charset=utf-8
host: localhost:15622
accept: */*

Response DefaultHttpResponse(decodeResult: success, version: HTTP/1.1)
HTTP/1.1 200 OK
Content-Length: 14
Content-Type: application/json; charset=utf-8
cache-control: no-cache

13:43:58.851 [AsyncHttpClient-1-23] DEBUG org.asynchttpclient.netty.channel.ChannelManager - Adding key: http://localhost:15622 for channel [id: 0x9b77fb6b, L:/127.0.0.1:55379 - R:localhost/127.0.0.1:15622]
[INFO ] 2023-07-31 13:43:58.851 [main] WebElementActions - Waiting for element to be clickable
13:43:58.851 [Forwarding findElement on session 519c02c1432c092c85816ee74893a9f9 to remote] DEBUG org.asynchttpclient.netty.request.NettyRequestSender - Using pooled Channel '[id: 0x9b77fb6b, L:/127.0.0.1:55379 - R:localhost/127.0.0.1:15622]' for 'POST' to 'http://localhost:15622/session/519c02c1432c092c85816ee74893a9f9/element'
13:43:58.851 [Forwarding findElement on session 519c02c1432c092c85816ee74893a9f9 to remote] DEBUG org.asynchttpclient.netty.request.NettyRequestSender - Using open Channel [id: 0x9b77fb6b, L:/127.0.0.1:55379 - R:localhost/127.0.0.1:15622] for POST '/session/519c02c1432c092c85816ee74893a9f9/element'
13:43:58.857 [AsyncHttpClient-1-23] DEBUG org.asynchttpclient.netty.handler.HttpHandler - 

Request DefaultHttpRequest(decodeResult: success, version: HTTP/1.1)
POST /session/519c02c1432c092c85816ee74893a9f9/element HTTP/1.1
User-Agent: selenium/4.10.0 (java windows)
Content-Length: 61
Content-Type: application/json; charset=utf-8
host: localhost:15622
accept: */*

Response DefaultHttpResponse(decodeResult: success, version: HTTP/1.1)
HTTP/1.1 200 OK
Content-Length: 95
Content-Type: application/json; charset=utf-8
cache-control: no-cache

13:43:58.857 [AsyncHttpClient-1-23] DEBUG org.asynchttpclient.netty.channel.ChannelManager - Adding key: http://localhost:15622 for channel [id: 0x9b77fb6b, L:/127.0.0.1:55379 - R:localhost/127.0.0.1:15622]
13:43:58.858 [Forwarding isElementDisplayed on session 519c02c1432c092c85816ee74893a9f9 to remote] DEBUG org.asynchttpclient.netty.request.NettyRequestSender - Using pooled Channel '[id: 0x9b77fb6b, L:/127.0.0.1:55379 - R:localhost/127.0.0.1:15622]' for 'POST' to 'http://localhost:15622/session/519c02c1432c092c85816ee74893a9f9/execute/sync'
13:43:58.858 [Forwarding isElementDisplayed on session 519c02c1432c092c85816ee74893a9f9 to remote] DEBUG org.asynchttpclient.netty.request.NettyRequestSender - Using open Channel [id: 0x9b77fb6b, L:/127.0.0.1:55379 - R:localhost/127.0.0.1:15622] for POST '/session/519c02c1432c092c85816ee74893a9f9/execute/sync'
13:43:58.864 [AsyncHttpClient-1-23] DEBUG org.asynchttpclient.netty.handler.HttpHandler - 

Request DefaultHttpRequest(decodeResult: success, version: HTTP/1.1)
POST /session/519c02c1432c092c85816ee74893a9f9/execute/sync HTTP/1.1
User-Agent: selenium/4.10.0 (java windows)
Content-Length: 48814
Content-Type: application/json; charset=utf-8
host: localhost:15622
accept: */*

Response DefaultHttpResponse(decodeResult: success, version: HTTP/1.1)
HTTP/1.1 200 OK
Content-Length: 14
Content-Type: application/json; charset=utf-8
cache-control: no-cache

13:43:58.864 [AsyncHttpClient-1-23] DEBUG org.asynchttpclient.netty.channel.ChannelManager - Adding key: http://localhost:15622 for channel [id: 0x9b77fb6b, L:/127.0.0.1:55379 - R:localhost/127.0.0.1:15622]
13:43:58.865 [Forwarding findElement on session 519c02c1432c092c85816ee74893a9f9 to remote] DEBUG org.asynchttpclient.netty.request.NettyRequestSender - Using pooled Channel '[id: 0x9b77fb6b, L:/127.0.0.1:55379 - R:localhost/127.0.0.1:15622]' for 'POST' to 'http://localhost:15622/session/519c02c1432c092c85816ee74893a9f9/element'
13:43:58.865 [Forwarding findElement on session 519c02c1432c092c85816ee74893a9f9 to remote] DEBUG org.asynchttpclient.netty.request.NettyRequestSender - Using open Channel [id: 0x9b77fb6b, L:/127.0.0.1:55379 - R:localhost/127.0.0.1:15622] for POST '/session/519c02c1432c092c85816ee74893a9f9/element'
13:43:58.870 [AsyncHttpClient-1-23] DEBUG org.asynchttpclient.netty.handler.HttpHandler - 

Request DefaultHttpRequest(decodeResult: success, version: HTTP/1.1)
POST /session/519c02c1432c092c85816ee74893a9f9/element HTTP/1.1
User-Agent: selenium/4.10.0 (java windows)
Content-Length: 61
Content-Type: application/json; charset=utf-8
host: localhost:15622
accept: */*

Response DefaultHttpResponse(decodeResult: success, version: HTTP/1.1)
HTTP/1.1 200 OK
Content-Length: 95
Content-Type: application/json; charset=utf-8
cache-control: no-cache

13:43:58.870 [AsyncHttpClient-1-23] DEBUG org.asynchttpclient.netty.channel.ChannelManager - Adding key: http://localhost:15622 for channel [id: 0x9b77fb6b, L:/127.0.0.1:55379 - R:localhost/127.0.0.1:15622]
13:43:58.870 [Forwarding isElementEnabled on session 519c02c1432c092c85816ee74893a9f9 to remote] DEBUG org.asynchttpclient.netty.request.NettyRequestSender - Using pooled Channel '[id: 0x9b77fb6b, L:/127.0.0.1:55379 - R:localhost/127.0.0.1:15622]' for 'GET' to 'http://localhost:15622/session/519c02c1432c092c85816ee74893a9f9/element/46A977AF5DCC55F3F21464AACDFF4B59_element_43/enabled'
13:43:58.870 [Forwarding isElementEnabled on session 519c02c1432c092c85816ee74893a9f9 to remote] DEBUG org.asynchttpclient.netty.request.NettyRequestSender - Using open Channel [id: 0x9b77fb6b, L:/127.0.0.1:55379 - R:localhost/127.0.0.1:15622] for GET '/session/519c02c1432c092c85816ee74893a9f9/element/46A977AF5DCC55F3F21464AACDFF4B59_element_43/enabled'
13:43:58.875 [AsyncHttpClient-1-23] DEBUG org.asynchttpclient.netty.handler.HttpHandler - 

Request DefaultFullHttpRequest(decodeResult: success, version: HTTP/1.1, content: EmptyByteBufBE)
GET /session/519c02c1432c092c85816ee74893a9f9/element/46A977AF5DCC55F3F21464AACDFF4B59_element_43/enabled HTTP/1.1
Cache-Control: no-cache
User-Agent: selenium/4.10.0 (java windows)
Content-Type: application/json; charset=utf-8
host: localhost:15622
accept: */*

Response DefaultHttpResponse(decodeResult: success, version: HTTP/1.1)
HTTP/1.1 200 OK
Content-Length: 14
Content-Type: application/json; charset=utf-8
cache-control: no-cache

13:43:58.875 [AsyncHttpClient-1-23] DEBUG org.asynchttpclient.netty.channel.ChannelManager - Adding key: http://localhost:15622 for channel [id: 0x9b77fb6b, L:/127.0.0.1:55379 - R:localhost/127.0.0.1:15622]
[INFO ] 2023-07-31 13:43:58.875 [main] WebElementActions - Element is clickable
13:43:58.875 [Forwarding findElement on session 519c02c1432c092c85816ee74893a9f9 to remote] DEBUG org.asynchttpclient.netty.request.NettyRequestSender - Using pooled Channel '[id: 0x9b77fb6b, L:/127.0.0.1:55379 - R:localhost/127.0.0.1:15622]' for 'POST' to 'http://localhost:15622/session/519c02c1432c092c85816ee74893a9f9/element'
13:43:58.875 [Forwarding findElement on session 519c02c1432c092c85816ee74893a9f9 to remote] DEBUG org.asynchttpclient.netty.request.NettyRequestSender - Using open Channel [id: 0x9b77fb6b, L:/127.0.0.1:55379 - R:localhost/127.0.0.1:15622] for POST '/session/519c02c1432c092c85816ee74893a9f9/element'
13:43:58.880 [AsyncHttpClient-1-23] DEBUG org.asynchttpclient.netty.handler.HttpHandler - 

Request DefaultHttpRequest(decodeResult: success, version: HTTP/1.1)
POST /session/519c02c1432c092c85816ee74893a9f9/element HTTP/1.1
User-Agent: selenium/4.10.0 (java windows)
Content-Length: 61
Content-Type: application/json; charset=utf-8
host: localhost:15622
accept: */*

Response DefaultHttpResponse(decodeResult: success, version: HTTP/1.1)
HTTP/1.1 200 OK
Content-Length: 95
Content-Type: application/json; charset=utf-8
cache-control: no-cache

13:43:58.881 [AsyncHttpClient-1-23] DEBUG org.asynchttpclient.netty.channel.ChannelManager - Adding key: http://localhost:15622 for channel [id: 0x9b77fb6b, L:/127.0.0.1:55379 - R:localhost/127.0.0.1:15622]
13:43:58.882 [Forwarding isElementDisplayed on session 519c02c1432c092c85816ee74893a9f9 to remote] DEBUG org.asynchttpclient.netty.request.NettyRequestSender - Using pooled Channel '[id: 0x9b77fb6b, L:/127.0.0.1:55379 - R:localhost/127.0.0.1:15622]' for 'POST' to 'http://localhost:15622/session/519c02c1432c092c85816ee74893a9f9/execute/sync'
13:43:58.882 [Forwarding isElementDisplayed on session 519c02c1432c092c85816ee74893a9f9 to remote] DEBUG org.asynchttpclient.netty.request.NettyRequestSender - Using open Channel [id: 0x9b77fb6b, L:/127.0.0.1:55379 - R:localhost/127.0.0.1:15622] for POST '/session/519c02c1432c092c85816ee74893a9f9/execute/sync'
13:43:58.888 [AsyncHttpClient-1-23] DEBUG org.asynchttpclient.netty.handler.HttpHandler - 

Request DefaultHttpRequest(decodeResult: success, version: HTTP/1.1)
POST /session/519c02c1432c092c85816ee74893a9f9/execute/sync HTTP/1.1
User-Agent: selenium/4.10.0 (java windows)
Content-Length: 48814
Content-Type: application/json; charset=utf-8
host: localhost:15622
accept: */*

Response DefaultHttpResponse(decodeResult: success, version: HTTP/1.1)
HTTP/1.1 200 OK
Content-Length: 14
Content-Type: application/json; charset=utf-8
cache-control: no-cache

13:43:58.888 [AsyncHttpClient-1-23] DEBUG org.asynchttpclient.netty.channel.ChannelManager - Adding key: http://localhost:15622 for channel [id: 0x9b77fb6b, L:/127.0.0.1:55379 - R:localhost/127.0.0.1:15622]
13:43:58.889 [Forwarding findElement on session 519c02c1432c092c85816ee74893a9f9 to remote] DEBUG org.asynchttpclient.netty.request.NettyRequestSender - Using pooled Channel '[id: 0x9b77fb6b, L:/127.0.0.1:55379 - R:localhost/127.0.0.1:15622]' for 'POST' to 'http://localhost:15622/session/519c02c1432c092c85816ee74893a9f9/element'
13:43:58.889 [Forwarding findElement on session 519c02c1432c092c85816ee74893a9f9 to remote] DEBUG org.asynchttpclient.netty.request.NettyRequestSender - Using open Channel [id: 0x9b77fb6b, L:/127.0.0.1:55379 - R:localhost/127.0.0.1:15622] for POST '/session/519c02c1432c092c85816ee74893a9f9/element'
13:43:58.895 [AsyncHttpClient-1-23] DEBUG org.asynchttpclient.netty.handler.HttpHandler - 

Request DefaultHttpRequest(decodeResult: success, version: HTTP/1.1)
POST /session/519c02c1432c092c85816ee74893a9f9/element HTTP/1.1
User-Agent: selenium/4.10.0 (java windows)
Content-Length: 61
Content-Type: application/json; charset=utf-8
host: localhost:15622
accept: */*

Response DefaultHttpResponse(decodeResult: success, version: HTTP/1.1)
HTTP/1.1 200 OK
Content-Length: 95
Content-Type: application/json; charset=utf-8
cache-control: no-cache

13:43:58.895 [AsyncHttpClient-1-23] DEBUG org.asynchttpclient.netty.channel.ChannelManager - Adding key: http://localhost:15622 for channel [id: 0x9b77fb6b, L:/127.0.0.1:55379 - R:localhost/127.0.0.1:15622]
13:43:58.895 [Forwarding clickElement on session 519c02c1432c092c85816ee74893a9f9 to remote] DEBUG org.asynchttpclient.netty.request.NettyRequestSender - Using pooled Channel '[id: 0x9b77fb6b, L:/127.0.0.1:55379 - R:localhost/127.0.0.1:15622]' for 'POST' to 'http://localhost:15622/session/519c02c1432c092c85816ee74893a9f9/element/46A977AF5DCC55F3F21464AACDFF4B59_element_43/click'
13:43:58.895 [Forwarding clickElement on session 519c02c1432c092c85816ee74893a9f9 to remote] DEBUG org.asynchttpclient.netty.request.NettyRequestSender - Using open Channel [id: 0x9b77fb6b, L:/127.0.0.1:55379 - R:localhost/127.0.0.1:15622] for POST '/session/519c02c1432c092c85816ee74893a9f9/element/46A977AF5DCC55F3F21464AACDFF4B59_element_43/click'
13:43:58.923 [AsyncHttpClient-1-23] DEBUG org.asynchttpclient.netty.handler.HttpHandler - 

Request DefaultHttpRequest(decodeResult: success, version: HTTP/1.1)
POST /session/519c02c1432c092c85816ee74893a9f9/element/46A977AF5DCC55F3F21464AACDFF4B59_element_43/click HTTP/1.1
User-Agent: selenium/4.10.0 (java windows)
Content-Length: 57
Content-Type: application/json; charset=utf-8
host: localhost:15622
accept: */*

Response DefaultHttpResponse(decodeResult: success, version: HTTP/1.1)
HTTP/1.1 200 OK
Content-Length: 14
Content-Type: application/json; charset=utf-8
cache-control: no-cache

13:43:58.923 [AsyncHttpClient-1-23] DEBUG org.asynchttpclient.netty.channel.ChannelManager - Adding key: http://localhost:15622 for channel [id: 0x9b77fb6b, L:/127.0.0.1:55379 - R:localhost/127.0.0.1:15622]
13:43:59.154 [AsyncHttpClient-1-1] DEBUG org.asynchttpclient.netty.channel.DefaultChannelPool - Entry count for : http://localhost:55380 : 1
13:43:59.154 [AsyncHttpClient-1-1] DEBUG org.asynchttpclient.netty.channel.DefaultChannelPool - Entry count for : http://localhost:15622 : 1
13:43:59.932 [Forwarding findElement on session 519c02c1432c092c85816ee74893a9f9 to remote] DEBUG org.asynchttpclient.netty.request.NettyRequestSender - Using pooled Channel '[id: 0x9b77fb6b, L:/127.0.0.1:55379 - R:localhost/127.0.0.1:15622]' for 'POST' to 'http://localhost:15622/session/519c02c1432c092c85816ee74893a9f9/element'
13:43:59.932 [Forwarding findElement on session 519c02c1432c092c85816ee74893a9f9 to remote] DEBUG org.asynchttpclient.netty.request.NettyRequestSender - Using open Channel [id: 0x9b77fb6b, L:/127.0.0.1:55379 - R:localhost/127.0.0.1:15622] for POST '/session/519c02c1432c092c85816ee74893a9f9/element'
13:44:00.252 [AsyncHttpClient-1-1] DEBUG org.asynchttpclient.netty.channel.DefaultChannelPool - Entry count for : http://localhost:55380 : 1
13:44:01.203 [AsyncHttpClient-1-23] DEBUG org.asynchttpclient.netty.handler.HttpHandler - 

Request DefaultHttpRequest(decodeResult: success, version: HTTP/1.1)
POST /session/519c02c1432c092c85816ee74893a9f9/element HTTP/1.1
User-Agent: selenium/4.10.0 (java windows)
Content-Length: 82
Content-Type: application/json; charset=utf-8
host: localhost:15622
accept: */*

Response DefaultHttpResponse(decodeResult: success, version: HTTP/1.1)
HTTP/1.1 200 OK
Content-Length: 95
Content-Type: application/json; charset=utf-8
cache-control: no-cache

13:44:01.203 [AsyncHttpClient-1-23] DEBUG org.asynchttpclient.netty.channel.ChannelManager - Adding key: http://localhost:15622 for channel [id: 0x9b77fb6b, L:/127.0.0.1:55379 - R:localhost/127.0.0.1:15622]
13:44:01.204 [Forwarding isElementDisplayed on session 519c02c1432c092c85816ee74893a9f9 to remote] DEBUG org.asynchttpclient.netty.request.NettyRequestSender - Using pooled Channel '[id: 0x9b77fb6b, L:/127.0.0.1:55379 - R:localhost/127.0.0.1:15622]' for 'POST' to 'http://localhost:15622/session/519c02c1432c092c85816ee74893a9f9/execute/sync'
13:44:01.204 [Forwarding isElementDisplayed on session 519c02c1432c092c85816ee74893a9f9 to remote] DEBUG org.asynchttpclient.netty.request.NettyRequestSender - Using open Channel [id: 0x9b77fb6b, L:/127.0.0.1:55379 - R:localhost/127.0.0.1:15622] for POST '/session/519c02c1432c092c85816ee74893a9f9/execute/sync'
13:44:01.211 [AsyncHttpClient-1-23] DEBUG org.asynchttpclient.netty.handler.HttpHandler - 

Request DefaultHttpRequest(decodeResult: success, version: HTTP/1.1)
POST /session/519c02c1432c092c85816ee74893a9f9/execute/sync HTTP/1.1
User-Agent: selenium/4.10.0 (java windows)
Content-Length: 48814
Content-Type: application/json; charset=utf-8
host: localhost:15622
accept: */*

Response DefaultHttpResponse(decodeResult: success, version: HTTP/1.1)
HTTP/1.1 200 OK
Content-Length: 14
Content-Type: application/json; charset=utf-8
cache-control: no-cache

13:44:01.211 [AsyncHttpClient-1-23] DEBUG org.asynchttpclient.netty.channel.ChannelManager - Adding key: http://localhost:15622 for channel [id: 0x9b77fb6b, L:/127.0.0.1:55379 - R:localhost/127.0.0.1:15622]
[INFO ] 2023-07-31 13:44:01.211 [main] WebElementActions - Waiting for element to be clickable
13:44:01.212 [Forwarding findElement on session 519c02c1432c092c85816ee74893a9f9 to remote] DEBUG org.asynchttpclient.netty.request.NettyRequestSender - Using pooled Channel '[id: 0x9b77fb6b, L:/127.0.0.1:55379 - R:localhost/127.0.0.1:15622]' for 'POST' to 'http://localhost:15622/session/519c02c1432c092c85816ee74893a9f9/element'
13:44:01.212 [Forwarding findElement on session 519c02c1432c092c85816ee74893a9f9 to remote] DEBUG org.asynchttpclient.netty.request.NettyRequestSender - Using open Channel [id: 0x9b77fb6b, L:/127.0.0.1:55379 - R:localhost/127.0.0.1:15622] for POST '/session/519c02c1432c092c85816ee74893a9f9/element'
13:44:01.217 [AsyncHttpClient-1-23] DEBUG org.asynchttpclient.netty.handler.HttpHandler - 

Request DefaultHttpRequest(decodeResult: success, version: HTTP/1.1)
POST /session/519c02c1432c092c85816ee74893a9f9/element HTTP/1.1
User-Agent: selenium/4.10.0 (java windows)
Content-Length: 82
Content-Type: application/json; charset=utf-8
host: localhost:15622
accept: */*

Response DefaultHttpResponse(decodeResult: success, version: HTTP/1.1)
HTTP/1.1 200 OK
Content-Length: 95
Content-Type: application/json; charset=utf-8
cache-control: no-cache

13:44:01.217 [AsyncHttpClient-1-23] DEBUG org.asynchttpclient.netty.channel.ChannelManager - Adding key: http://localhost:15622 for channel [id: 0x9b77fb6b, L:/127.0.0.1:55379 - R:localhost/127.0.0.1:15622]
13:44:01.219 [Forwarding isElementDisplayed on session 519c02c1432c092c85816ee74893a9f9 to remote] DEBUG org.asynchttpclient.netty.request.NettyRequestSender - Using pooled Channel '[id: 0x9b77fb6b, L:/127.0.0.1:55379 - R:localhost/127.0.0.1:15622]' for 'POST' to 'http://localhost:15622/session/519c02c1432c092c85816ee74893a9f9/execute/sync'
13:44:01.219 [Forwarding isElementDisplayed on session 519c02c1432c092c85816ee74893a9f9 to remote] DEBUG org.asynchttpclient.netty.request.NettyRequestSender - Using open Channel [id: 0x9b77fb6b, L:/127.0.0.1:55379 - R:localhost/127.0.0.1:15622] for POST '/session/519c02c1432c092c85816ee74893a9f9/execute/sync'
13:44:01.226 [AsyncHttpClient-1-23] DEBUG org.asynchttpclient.netty.handler.HttpHandler - 

Request DefaultHttpRequest(decodeResult: success, version: HTTP/1.1)
POST /session/519c02c1432c092c85816ee74893a9f9/execute/sync HTTP/1.1
User-Agent: selenium/4.10.0 (java windows)
Content-Length: 48814
Content-Type: application/json; charset=utf-8
host: localhost:15622
accept: */*

Response DefaultHttpResponse(decodeResult: success, version: HTTP/1.1)
HTTP/1.1 200 OK
Content-Length: 14
Content-Type: application/json; charset=utf-8
cache-control: no-cache

13:44:01.226 [AsyncHttpClient-1-23] DEBUG org.asynchttpclient.netty.channel.ChannelManager - Adding key: http://localhost:15622 for channel [id: 0x9b77fb6b, L:/127.0.0.1:55379 - R:localhost/127.0.0.1:15622]
13:44:01.226 [Forwarding findElement on session 519c02c1432c092c85816ee74893a9f9 to remote] DEBUG org.asynchttpclient.netty.request.NettyRequestSender - Using pooled Channel '[id: 0x9b77fb6b, L:/127.0.0.1:55379 - R:localhost/127.0.0.1:15622]' for 'POST' to 'http://localhost:15622/session/519c02c1432c092c85816ee74893a9f9/element'
13:44:01.226 [Forwarding findElement on session 519c02c1432c092c85816ee74893a9f9 to remote] DEBUG org.asynchttpclient.netty.request.NettyRequestSender - Using open Channel [id: 0x9b77fb6b, L:/127.0.0.1:55379 - R:localhost/127.0.0.1:15622] for POST '/session/519c02c1432c092c85816ee74893a9f9/element'
13:44:01.231 [AsyncHttpClient-1-23] DEBUG org.asynchttpclient.netty.handler.HttpHandler - 

Request DefaultHttpRequest(decodeResult: success, version: HTTP/1.1)
POST /session/519c02c1432c092c85816ee74893a9f9/element HTTP/1.1
User-Agent: selenium/4.10.0 (java windows)
Content-Length: 82
Content-Type: application/json; charset=utf-8
host: localhost:15622
accept: */*

Response DefaultHttpResponse(decodeResult: success, version: HTTP/1.1)
HTTP/1.1 200 OK
Content-Length: 95
Content-Type: application/json; charset=utf-8
cache-control: no-cache

13:44:01.231 [AsyncHttpClient-1-23] DEBUG org.asynchttpclient.netty.channel.ChannelManager - Adding key: http://localhost:15622 for channel [id: 0x9b77fb6b, L:/127.0.0.1:55379 - R:localhost/127.0.0.1:15622]
13:44:01.232 [Forwarding isElementEnabled on session 519c02c1432c092c85816ee74893a9f9 to remote] DEBUG org.asynchttpclient.netty.request.NettyRequestSender - Using pooled Channel '[id: 0x9b77fb6b, L:/127.0.0.1:55379 - R:localhost/127.0.0.1:15622]' for 'GET' to 'http://localhost:15622/session/519c02c1432c092c85816ee74893a9f9/element/46A977AF5DCC55F3F21464AACDFF4B59_element_46/enabled'
13:44:01.232 [Forwarding isElementEnabled on session 519c02c1432c092c85816ee74893a9f9 to remote] DEBUG org.asynchttpclient.netty.request.NettyRequestSender - Using open Channel [id: 0x9b77fb6b, L:/127.0.0.1:55379 - R:localhost/127.0.0.1:15622] for GET '/session/519c02c1432c092c85816ee74893a9f9/element/46A977AF5DCC55F3F21464AACDFF4B59_element_46/enabled'
13:44:01.237 [AsyncHttpClient-1-23] DEBUG org.asynchttpclient.netty.handler.HttpHandler - 

Request DefaultFullHttpRequest(decodeResult: success, version: HTTP/1.1, content: EmptyByteBufBE)
GET /session/519c02c1432c092c85816ee74893a9f9/element/46A977AF5DCC55F3F21464AACDFF4B59_element_46/enabled HTTP/1.1
Cache-Control: no-cache
User-Agent: selenium/4.10.0 (java windows)
Content-Type: application/json; charset=utf-8
host: localhost:15622
accept: */*

Response DefaultHttpResponse(decodeResult: success, version: HTTP/1.1)
HTTP/1.1 200 OK
Content-Length: 14
Content-Type: application/json; charset=utf-8
cache-control: no-cache

13:44:01.237 [AsyncHttpClient-1-23] DEBUG org.asynchttpclient.netty.channel.ChannelManager - Adding key: http://localhost:15622 for channel [id: 0x9b77fb6b, L:/127.0.0.1:55379 - R:localhost/127.0.0.1:15622]
[INFO ] 2023-07-31 13:44:01.237 [main] WebElementActions - Element is clickable
13:44:01.237 [Forwarding findElement on session 519c02c1432c092c85816ee74893a9f9 to remote] DEBUG org.asynchttpclient.netty.request.NettyRequestSender - Using pooled Channel '[id: 0x9b77fb6b, L:/127.0.0.1:55379 - R:localhost/127.0.0.1:15622]' for 'POST' to 'http://localhost:15622/session/519c02c1432c092c85816ee74893a9f9/element'
13:44:01.237 [Forwarding findElement on session 519c02c1432c092c85816ee74893a9f9 to remote] DEBUG org.asynchttpclient.netty.request.NettyRequestSender - Using open Channel [id: 0x9b77fb6b, L:/127.0.0.1:55379 - R:localhost/127.0.0.1:15622] for POST '/session/519c02c1432c092c85816ee74893a9f9/element'
13:44:01.243 [AsyncHttpClient-1-23] DEBUG org.asynchttpclient.netty.handler.HttpHandler - 

Request DefaultHttpRequest(decodeResult: success, version: HTTP/1.1)
POST /session/519c02c1432c092c85816ee74893a9f9/element HTTP/1.1
User-Agent: selenium/4.10.0 (java windows)
Content-Length: 82
Content-Type: application/json; charset=utf-8
host: localhost:15622
accept: */*

Response DefaultHttpResponse(decodeResult: success, version: HTTP/1.1)
HTTP/1.1 200 OK
Content-Length: 95
Content-Type: application/json; charset=utf-8
cache-control: no-cache

13:44:01.243 [AsyncHttpClient-1-23] DEBUG org.asynchttpclient.netty.channel.ChannelManager - Adding key: http://localhost:15622 for channel [id: 0x9b77fb6b, L:/127.0.0.1:55379 - R:localhost/127.0.0.1:15622]
13:44:01.244 [Forwarding isElementDisplayed on session 519c02c1432c092c85816ee74893a9f9 to remote] DEBUG org.asynchttpclient.netty.request.NettyRequestSender - Using pooled Channel '[id: 0x9b77fb6b, L:/127.0.0.1:55379 - R:localhost/127.0.0.1:15622]' for 'POST' to 'http://localhost:15622/session/519c02c1432c092c85816ee74893a9f9/execute/sync'
13:44:01.244 [Forwarding isElementDisplayed on session 519c02c1432c092c85816ee74893a9f9 to remote] DEBUG org.asynchttpclient.netty.request.NettyRequestSender - Using open Channel [id: 0x9b77fb6b, L:/127.0.0.1:55379 - R:localhost/127.0.0.1:15622] for POST '/session/519c02c1432c092c85816ee74893a9f9/execute/sync'
13:44:01.250 [AsyncHttpClient-1-23] DEBUG org.asynchttpclient.netty.handler.HttpHandler - 

Request DefaultHttpRequest(decodeResult: success, version: HTTP/1.1)
POST /session/519c02c1432c092c85816ee74893a9f9/execute/sync HTTP/1.1
User-Agent: selenium/4.10.0 (java windows)
Content-Length: 48814
Content-Type: application/json; charset=utf-8
host: localhost:15622
accept: */*

Response DefaultHttpResponse(decodeResult: success, version: HTTP/1.1)
HTTP/1.1 200 OK
Content-Length: 14
Content-Type: application/json; charset=utf-8
cache-control: no-cache

13:44:01.250 [AsyncHttpClient-1-23] DEBUG org.asynchttpclient.netty.channel.ChannelManager - Adding key: http://localhost:15622 for channel [id: 0x9b77fb6b, L:/127.0.0.1:55379 - R:localhost/127.0.0.1:15622]
13:44:01.250 [Forwarding findElement on session 519c02c1432c092c85816ee74893a9f9 to remote] DEBUG org.asynchttpclient.netty.request.NettyRequestSender - Using pooled Channel '[id: 0x9b77fb6b, L:/127.0.0.1:55379 - R:localhost/127.0.0.1:15622]' for 'POST' to 'http://localhost:15622/session/519c02c1432c092c85816ee74893a9f9/element'
13:44:01.250 [Forwarding findElement on session 519c02c1432c092c85816ee74893a9f9 to remote] DEBUG org.asynchttpclient.netty.request.NettyRequestSender - Using open Channel [id: 0x9b77fb6b, L:/127.0.0.1:55379 - R:localhost/127.0.0.1:15622] for POST '/session/519c02c1432c092c85816ee74893a9f9/element'
13:44:01.255 [AsyncHttpClient-1-23] DEBUG org.asynchttpclient.netty.handler.HttpHandler - 

Request DefaultHttpRequest(decodeResult: success, version: HTTP/1.1)
POST /session/519c02c1432c092c85816ee74893a9f9/element HTTP/1.1
User-Agent: selenium/4.10.0 (java windows)
Content-Length: 82
Content-Type: application/json; charset=utf-8
host: localhost:15622
accept: */*

Response DefaultHttpResponse(decodeResult: success, version: HTTP/1.1)
HTTP/1.1 200 OK
Content-Length: 95
Content-Type: application/json; charset=utf-8
cache-control: no-cache

13:44:01.255 [AsyncHttpClient-1-23] DEBUG org.asynchttpclient.netty.channel.ChannelManager - Adding key: http://localhost:15622 for channel [id: 0x9b77fb6b, L:/127.0.0.1:55379 - R:localhost/127.0.0.1:15622]
13:44:01.255 [Forwarding clickElement on session 519c02c1432c092c85816ee74893a9f9 to remote] DEBUG org.asynchttpclient.netty.request.NettyRequestSender - Using pooled Channel '[id: 0x9b77fb6b, L:/127.0.0.1:55379 - R:localhost/127.0.0.1:15622]' for 'POST' to 'http://localhost:15622/session/519c02c1432c092c85816ee74893a9f9/element/46A977AF5DCC55F3F21464AACDFF4B59_element_46/click'
13:44:01.255 [Forwarding clickElement on session 519c02c1432c092c85816ee74893a9f9 to remote] DEBUG org.asynchttpclient.netty.request.NettyRequestSender - Using open Channel [id: 0x9b77fb6b, L:/127.0.0.1:55379 - R:localhost/127.0.0.1:15622] for POST '/session/519c02c1432c092c85816ee74893a9f9/element/46A977AF5DCC55F3F21464AACDFF4B59_element_46/click'
13:44:01.286 [AsyncHttpClient-1-23] DEBUG org.asynchttpclient.netty.handler.HttpHandler - 

Request DefaultHttpRequest(decodeResult: success, version: HTTP/1.1)
POST /session/519c02c1432c092c85816ee74893a9f9/element/46A977AF5DCC55F3F21464AACDFF4B59_element_46/click HTTP/1.1
User-Agent: selenium/4.10.0 (java windows)
Content-Length: 57
Content-Type: application/json; charset=utf-8
host: localhost:15622
accept: */*

Response DefaultHttpResponse(decodeResult: success, version: HTTP/1.1)
HTTP/1.1 200 OK
Content-Length: 14
Content-Type: application/json; charset=utf-8
cache-control: no-cache

13:44:01.286 [AsyncHttpClient-1-23] DEBUG org.asynchttpclient.netty.channel.ChannelManager - Adding key: http://localhost:15622 for channel [id: 0x9b77fb6b, L:/127.0.0.1:55379 - R:localhost/127.0.0.1:15622]
13:44:01.352 [AsyncHttpClient-1-1] DEBUG org.asynchttpclient.netty.channel.DefaultChannelPool - Entry count for : http://localhost:55380 : 1
13:44:01.352 [AsyncHttpClient-1-1] DEBUG org.asynchttpclient.netty.channel.DefaultChannelPool - Entry count for : http://localhost:15622 : 1
13:44:02.302 [Forwarding findElements on session 519c02c1432c092c85816ee74893a9f9 to remote] DEBUG org.asynchttpclient.netty.request.NettyRequestSender - Using pooled Channel '[id: 0x9b77fb6b, L:/127.0.0.1:55379 - R:localhost/127.0.0.1:15622]' for 'POST' to 'http://localhost:15622/session/519c02c1432c092c85816ee74893a9f9/elements'
13:44:02.302 [Forwarding findElements on session 519c02c1432c092c85816ee74893a9f9 to remote] DEBUG org.asynchttpclient.netty.request.NettyRequestSender - Using open Channel [id: 0x9b77fb6b, L:/127.0.0.1:55379 - R:localhost/127.0.0.1:15622] for POST '/session/519c02c1432c092c85816ee74893a9f9/elements'
13:44:02.311 [AsyncHttpClient-1-23] DEBUG org.asynchttpclient.netty.handler.HttpHandler - 

Request DefaultHttpRequest(decodeResult: success, version: HTTP/1.1)
POST /session/519c02c1432c092c85816ee74893a9f9/elements HTTP/1.1
User-Agent: selenium/4.10.0 (java windows)
Content-Length: 77
Content-Type: application/json; charset=utf-8
host: localhost:15622
accept: */*

Response DefaultHttpResponse(decodeResult: success, version: HTTP/1.1)
HTTP/1.1 200 OK
Content-Length: 1215
Content-Type: application/json; charset=utf-8
cache-control: no-cache

13:44:02.311 [AsyncHttpClient-1-23] DEBUG org.asynchttpclient.netty.channel.ChannelManager - Adding key: http://localhost:15622 for channel [id: 0x9b77fb6b, L:/127.0.0.1:55379 - R:localhost/127.0.0.1:15622]
[[ChromeDriver: chrome on windows (519c02c1432c092c85816ee74893a9f9)] -> xpath: .//span[@class='company-name']]
13:44:02.312 [Forwarding getElementText on session 519c02c1432c092c85816ee74893a9f9 to remote] DEBUG org.asynchttpclient.netty.request.NettyRequestSender - Using pooled Channel '[id: 0x9b77fb6b, L:/127.0.0.1:55379 - R:localhost/127.0.0.1:15622]' for 'GET' to 'http://localhost:15622/session/519c02c1432c092c85816ee74893a9f9/element/46A977AF5DCC55F3F21464AACDFF4B59_element_50/text'
13:44:02.312 [Forwarding getElementText on session 519c02c1432c092c85816ee74893a9f9 to remote] DEBUG org.asynchttpclient.netty.request.NettyRequestSender - Using open Channel [id: 0x9b77fb6b, L:/127.0.0.1:55379 - R:localhost/127.0.0.1:15622] for GET '/session/519c02c1432c092c85816ee74893a9f9/element/46A977AF5DCC55F3F21464AACDFF4B59_element_50/text'
13:44:02.323 [AsyncHttpClient-1-23] DEBUG org.asynchttpclient.netty.handler.HttpHandler - 

Request DefaultFullHttpRequest(decodeResult: success, version: HTTP/1.1, content: EmptyByteBufBE)
GET /session/519c02c1432c092c85816ee74893a9f9/element/46A977AF5DCC55F3F21464AACDFF4B59_element_50/text HTTP/1.1
Cache-Control: no-cache
User-Agent: selenium/4.10.0 (java windows)
Content-Type: application/json; charset=utf-8
host: localhost:15622
accept: */*

Response DefaultHttpResponse(decodeResult: success, version: HTTP/1.1)
HTTP/1.1 200 OK
Content-Length: 65
Content-Type: application/json; charset=utf-8
cache-control: no-cache

13:44:02.323 [AsyncHttpClient-1-23] DEBUG org.asynchttpclient.netty.channel.ChannelManager - Adding key: http://localhost:15622 for channel [id: 0x9b77fb6b, L:/127.0.0.1:55379 - R:localhost/127.0.0.1:15622]
[[ChromeDriver: chrome on windows (519c02c1432c092c85816ee74893a9f9)] -> xpath: .//span[@class='company-name']]
13:44:02.323 [Forwarding getElementText on session 519c02c1432c092c85816ee74893a9f9 to remote] DEBUG org.asynchttpclient.netty.request.NettyRequestSender - Using pooled Channel '[id: 0x9b77fb6b, L:/127.0.0.1:55379 - R:localhost/127.0.0.1:15622]' for 'GET' to 'http://localhost:15622/session/519c02c1432c092c85816ee74893a9f9/element/46A977AF5DCC55F3F21464AACDFF4B59_element_51/text'
13:44:02.323 [Forwarding getElementText on session 519c02c1432c092c85816ee74893a9f9 to remote] DEBUG org.asynchttpclient.netty.request.NettyRequestSender - Using open Channel [id: 0x9b77fb6b, L:/127.0.0.1:55379 - R:localhost/127.0.0.1:15622] for GET '/session/519c02c1432c092c85816ee74893a9f9/element/46A977AF5DCC55F3F21464AACDFF4B59_element_51/text'
13:44:02.329 [AsyncHttpClient-1-23] DEBUG org.asynchttpclient.netty.handler.HttpHandler - 

Request DefaultFullHttpRequest(decodeResult: success, version: HTTP/1.1, content: EmptyByteBufBE)
GET /session/519c02c1432c092c85816ee74893a9f9/element/46A977AF5DCC55F3F21464AACDFF4B59_element_51/text HTTP/1.1
Cache-Control: no-cache
User-Agent: selenium/4.10.0 (java windows)
Content-Type: application/json; charset=utf-8
host: localhost:15622
accept: */*

Response DefaultHttpResponse(decodeResult: success, version: HTTP/1.1)
HTTP/1.1 200 OK
Content-Length: 114
Content-Type: application/json; charset=utf-8
cache-control: no-cache

13:44:02.329 [AsyncHttpClient-1-23] DEBUG org.asynchttpclient.netty.channel.ChannelManager - Adding key: http://localhost:15622 for channel [id: 0x9b77fb6b, L:/127.0.0.1:55379 - R:localhost/127.0.0.1:15622]
[[ChromeDriver: chrome on windows (519c02c1432c092c85816ee74893a9f9)] -> xpath: .//span[@class='company-name']]
13:44:02.329 [Forwarding getElementText on session 519c02c1432c092c85816ee74893a9f9 to remote] DEBUG org.asynchttpclient.netty.request.NettyRequestSender - Using pooled Channel '[id: 0x9b77fb6b, L:/127.0.0.1:55379 - R:localhost/127.0.0.1:15622]' for 'GET' to 'http://localhost:15622/session/519c02c1432c092c85816ee74893a9f9/element/46A977AF5DCC55F3F21464AACDFF4B59_element_52/text'
13:44:02.329 [Forwarding getElementText on session 519c02c1432c092c85816ee74893a9f9 to remote] DEBUG org.asynchttpclient.netty.request.NettyRequestSender - Using open Channel [id: 0x9b77fb6b, L:/127.0.0.1:55379 - R:localhost/127.0.0.1:15622] for GET '/session/519c02c1432c092c85816ee74893a9f9/element/46A977AF5DCC55F3F21464AACDFF4B59_element_52/text'
13:44:02.335 [AsyncHttpClient-1-23] DEBUG org.asynchttpclient.netty.handler.HttpHandler - 

Request DefaultFullHttpRequest(decodeResult: success, version: HTTP/1.1, content: EmptyByteBufBE)
GET /session/519c02c1432c092c85816ee74893a9f9/element/46A977AF5DCC55F3F21464AACDFF4B59_element_52/text HTTP/1.1
Cache-Control: no-cache
User-Agent: selenium/4.10.0 (java windows)
Content-Type: application/json; charset=utf-8
host: localhost:15622
accept: */*

Response DefaultHttpResponse(decodeResult: success, version: HTTP/1.1)
HTTP/1.1 200 OK
Content-Length: 59
Content-Type: application/json; charset=utf-8
cache-control: no-cache

13:44:02.335 [AsyncHttpClient-1-23] DEBUG org.asynchttpclient.netty.channel.ChannelManager - Adding key: http://localhost:15622 for channel [id: 0x9b77fb6b, L:/127.0.0.1:55379 - R:localhost/127.0.0.1:15622]
[[ChromeDriver: chrome on windows (519c02c1432c092c85816ee74893a9f9)] -> xpath: .//span[@class='company-name']]
13:44:02.335 [Forwarding getElementText on session 519c02c1432c092c85816ee74893a9f9 to remote] DEBUG org.asynchttpclient.netty.request.NettyRequestSender - Using pooled Channel '[id: 0x9b77fb6b, L:/127.0.0.1:55379 - R:localhost/127.0.0.1:15622]' for 'GET' to 'http://localhost:15622/session/519c02c1432c092c85816ee74893a9f9/element/46A977AF5DCC55F3F21464AACDFF4B59_element_53/text'
13:44:02.335 [Forwarding getElementText on session 519c02c1432c092c85816ee74893a9f9 to remote] DEBUG org.asynchttpclient.netty.request.NettyRequestSender - Using open Channel [id: 0x9b77fb6b, L:/127.0.0.1:55379 - R:localhost/127.0.0.1:15622] for GET '/session/519c02c1432c092c85816ee74893a9f9/element/46A977AF5DCC55F3F21464AACDFF4B59_element_53/text'
13:44:02.341 [AsyncHttpClient-1-23] DEBUG org.asynchttpclient.netty.handler.HttpHandler - 

Request DefaultFullHttpRequest(decodeResult: success, version: HTTP/1.1, content: EmptyByteBufBE)
GET /session/519c02c1432c092c85816ee74893a9f9/element/46A977AF5DCC55F3F21464AACDFF4B59_element_53/text HTTP/1.1
Cache-Control: no-cache
User-Agent: selenium/4.10.0 (java windows)
Content-Type: application/json; charset=utf-8
host: localhost:15622
accept: */*

Response DefaultHttpResponse(decodeResult: success, version: HTTP/1.1)
HTTP/1.1 200 OK
Content-Length: 41
Content-Type: application/json; charset=utf-8
cache-control: no-cache

13:44:02.341 [AsyncHttpClient-1-23] DEBUG org.asynchttpclient.netty.channel.ChannelManager - Adding key: http://localhost:15622 for channel [id: 0x9b77fb6b, L:/127.0.0.1:55379 - R:localhost/127.0.0.1:15622]
13:44:02.342 [Forwarding clickElement on session 519c02c1432c092c85816ee74893a9f9 to remote] DEBUG org.asynchttpclient.netty.request.NettyRequestSender - Using pooled Channel '[id: 0x9b77fb6b, L:/127.0.0.1:55379 - R:localhost/127.0.0.1:15622]' for 'POST' to 'http://localhost:15622/session/519c02c1432c092c85816ee74893a9f9/element/46A977AF5DCC55F3F21464AACDFF4B59_element_53/click'
13:44:02.342 [Forwarding clickElement on session 519c02c1432c092c85816ee74893a9f9 to remote] DEBUG org.asynchttpclient.netty.request.NettyRequestSender - Using open Channel [id: 0x9b77fb6b, L:/127.0.0.1:55379 - R:localhost/127.0.0.1:15622] for POST '/session/519c02c1432c092c85816ee74893a9f9/element/46A977AF5DCC55F3F21464AACDFF4B59_element_53/click'
13:44:02.370 [AsyncHttpClient-1-23] DEBUG org.asynchttpclient.netty.handler.HttpHandler - 

Request DefaultHttpRequest(decodeResult: success, version: HTTP/1.1)
POST /session/519c02c1432c092c85816ee74893a9f9/element/46A977AF5DCC55F3F21464AACDFF4B59_element_53/click HTTP/1.1
User-Agent: selenium/4.10.0 (java windows)
Content-Length: 57
Content-Type: application/json; charset=utf-8
host: localhost:15622
accept: */*

Response DefaultHttpResponse(decodeResult: success, version: HTTP/1.1)
HTTP/1.1 200 OK
Content-Length: 14
Content-Type: application/json; charset=utf-8
cache-control: no-cache

13:44:02.370 [AsyncHttpClient-1-23] DEBUG org.asynchttpclient.netty.channel.ChannelManager - Adding key: http://localhost:15622 for channel [id: 0x9b77fb6b, L:/127.0.0.1:55379 - R:localhost/127.0.0.1:15622]
[[ChromeDriver: chrome on windows (519c02c1432c092c85816ee74893a9f9)] -> xpath: .//span[@class='company-name']]
13:44:02.370 [Forwarding getElementText on session 519c02c1432c092c85816ee74893a9f9 to remote] DEBUG org.asynchttpclient.netty.request.NettyRequestSender - Using pooled Channel '[id: 0x9b77fb6b, L:/127.0.0.1:55379 - R:localhost/127.0.0.1:15622]' for 'GET' to 'http://localhost:15622/session/519c02c1432c092c85816ee74893a9f9/element/46A977AF5DCC55F3F21464AACDFF4B59_element_54/text'
13:44:02.370 [Forwarding getElementText on session 519c02c1432c092c85816ee74893a9f9 to remote] DEBUG org.asynchttpclient.netty.request.NettyRequestSender - Using open Channel [id: 0x9b77fb6b, L:/127.0.0.1:55379 - R:localhost/127.0.0.1:15622] for GET '/session/519c02c1432c092c85816ee74893a9f9/element/46A977AF5DCC55F3F21464AACDFF4B59_element_54/text'
13:44:02.377 [AsyncHttpClient-1-23] DEBUG org.asynchttpclient.netty.handler.HttpHandler - 

Request DefaultFullHttpRequest(decodeResult: success, version: HTTP/1.1, content: EmptyByteBufBE)
GET /session/519c02c1432c092c85816ee74893a9f9/element/46A977AF5DCC55F3F21464AACDFF4B59_element_54/text HTTP/1.1
Cache-Control: no-cache
User-Agent: selenium/4.10.0 (java windows)
Content-Type: application/json; charset=utf-8
host: localhost:15622
accept: */*

Response DefaultHttpResponse(decodeResult: success, version: HTTP/1.1)
HTTP/1.1 200 OK
Content-Length: 81
Content-Type: application/json; charset=utf-8
cache-control: no-cache

13:44:02.377 [AsyncHttpClient-1-23] DEBUG org.asynchttpclient.netty.channel.ChannelManager - Adding key: http://localhost:15622 for channel [id: 0x9b77fb6b, L:/127.0.0.1:55379 - R:localhost/127.0.0.1:15622]
[[ChromeDriver: chrome on windows (519c02c1432c092c85816ee74893a9f9)] -> xpath: .//span[@class='company-name']]
13:44:02.377 [Forwarding getElementText on session 519c02c1432c092c85816ee74893a9f9 to remote] DEBUG org.asynchttpclient.netty.request.NettyRequestSender - Using pooled Channel '[id: 0x9b77fb6b, L:/127.0.0.1:55379 - R:localhost/127.0.0.1:15622]' for 'GET' to 'http://localhost:15622/session/519c02c1432c092c85816ee74893a9f9/element/46A977AF5DCC55F3F21464AACDFF4B59_element_55/text'
13:44:02.377 [Forwarding getElementText on session 519c02c1432c092c85816ee74893a9f9 to remote] DEBUG org.asynchttpclient.netty.request.NettyRequestSender - Using open Channel [id: 0x9b77fb6b, L:/127.0.0.1:55379 - R:localhost/127.0.0.1:15622] for GET '/session/519c02c1432c092c85816ee74893a9f9/element/46A977AF5DCC55F3F21464AACDFF4B59_element_55/text'
13:44:02.383 [AsyncHttpClient-1-23] DEBUG org.asynchttpclient.netty.handler.HttpHandler - 

Request DefaultFullHttpRequest(decodeResult: success, version: HTTP/1.1, content: EmptyByteBufBE)
GET /session/519c02c1432c092c85816ee74893a9f9/element/46A977AF5DCC55F3F21464AACDFF4B59_element_55/text HTTP/1.1
Cache-Control: no-cache
User-Agent: selenium/4.10.0 (java windows)
Content-Type: application/json; charset=utf-8
host: localhost:15622
accept: */*

Response DefaultHttpResponse(decodeResult: success, version: HTTP/1.1)
HTTP/1.1 200 OK
Content-Length: 69
Content-Type: application/json; charset=utf-8
cache-control: no-cache

13:44:02.383 [AsyncHttpClient-1-23] DEBUG org.asynchttpclient.netty.channel.ChannelManager - Adding key: http://localhost:15622 for channel [id: 0x9b77fb6b, L:/127.0.0.1:55379 - R:localhost/127.0.0.1:15622]
[[ChromeDriver: chrome on windows (519c02c1432c092c85816ee74893a9f9)] -> xpath: .//span[@class='company-name']]
13:44:02.384 [Forwarding getElementText on session 519c02c1432c092c85816ee74893a9f9 to remote] DEBUG org.asynchttpclient.netty.request.NettyRequestSender - Using pooled Channel '[id: 0x9b77fb6b, L:/127.0.0.1:55379 - R:localhost/127.0.0.1:15622]' for 'GET' to 'http://localhost:15622/session/519c02c1432c092c85816ee74893a9f9/element/46A977AF5DCC55F3F21464AACDFF4B59_element_56/text'
13:44:02.384 [Forwarding getElementText on session 519c02c1432c092c85816ee74893a9f9 to remote] DEBUG org.asynchttpclient.netty.request.NettyRequestSender - Using open Channel [id: 0x9b77fb6b, L:/127.0.0.1:55379 - R:localhost/127.0.0.1:15622] for GET '/session/519c02c1432c092c85816ee74893a9f9/element/46A977AF5DCC55F3F21464AACDFF4B59_element_56/text'
13:44:02.390 [AsyncHttpClient-1-23] DEBUG org.asynchttpclient.netty.handler.HttpHandler - 

Request DefaultFullHttpRequest(decodeResult: success, version: HTTP/1.1, content: EmptyByteBufBE)
GET /session/519c02c1432c092c85816ee74893a9f9/element/46A977AF5DCC55F3F21464AACDFF4B59_element_56/text HTTP/1.1
Cache-Control: no-cache
User-Agent: selenium/4.10.0 (java windows)
Content-Type: application/json; charset=utf-8
host: localhost:15622
accept: */*

Response DefaultHttpResponse(decodeResult: success, version: HTTP/1.1)
HTTP/1.1 200 OK
Content-Length: 53
Content-Type: application/json; charset=utf-8
cache-control: no-cache

13:44:02.390 [AsyncHttpClient-1-23] DEBUG org.asynchttpclient.netty.channel.ChannelManager - Adding key: http://localhost:15622 for channel [id: 0x9b77fb6b, L:/127.0.0.1:55379 - R:localhost/127.0.0.1:15622]
[[ChromeDriver: chrome on windows (519c02c1432c092c85816ee74893a9f9)] -> xpath: .//span[@class='company-name']]
13:44:02.390 [Forwarding getElementText on session 519c02c1432c092c85816ee74893a9f9 to remote] DEBUG org.asynchttpclient.netty.request.NettyRequestSender - Using pooled Channel '[id: 0x9b77fb6b, L:/127.0.0.1:55379 - R:localhost/127.0.0.1:15622]' for 'GET' to 'http://localhost:15622/session/519c02c1432c092c85816ee74893a9f9/element/46A977AF5DCC55F3F21464AACDFF4B59_element_57/text'
13:44:02.390 [Forwarding getElementText on session 519c02c1432c092c85816ee74893a9f9 to remote] DEBUG org.asynchttpclient.netty.request.NettyRequestSender - Using open Channel [id: 0x9b77fb6b, L:/127.0.0.1:55379 - R:localhost/127.0.0.1:15622] for GET '/session/519c02c1432c092c85816ee74893a9f9/element/46A977AF5DCC55F3F21464AACDFF4B59_element_57/text'
13:44:02.398 [AsyncHttpClient-1-23] DEBUG org.asynchttpclient.netty.handler.HttpHandler - 

Request DefaultFullHttpRequest(decodeResult: success, version: HTTP/1.1, content: EmptyByteBufBE)
GET /session/519c02c1432c092c85816ee74893a9f9/element/46A977AF5DCC55F3F21464AACDFF4B59_element_57/text HTTP/1.1
Cache-Control: no-cache
User-Agent: selenium/4.10.0 (java windows)
Content-Type: application/json; charset=utf-8
host: localhost:15622
accept: */*

Response DefaultHttpResponse(decodeResult: success, version: HTTP/1.1)
HTTP/1.1 200 OK
Content-Length: 79
Content-Type: application/json; charset=utf-8
cache-control: no-cache

13:44:02.398 [AsyncHttpClient-1-23] DEBUG org.asynchttpclient.netty.channel.ChannelManager - Adding key: http://localhost:15622 for channel [id: 0x9b77fb6b, L:/127.0.0.1:55379 - R:localhost/127.0.0.1:15622]
[[ChromeDriver: chrome on windows (519c02c1432c092c85816ee74893a9f9)] -> xpath: .//span[@class='company-name']]
13:44:02.398 [Forwarding getElementText on session 519c02c1432c092c85816ee74893a9f9 to remote] DEBUG org.asynchttpclient.netty.request.NettyRequestSender - Using pooled Channel '[id: 0x9b77fb6b, L:/127.0.0.1:55379 - R:localhost/127.0.0.1:15622]' for 'GET' to 'http://localhost:15622/session/519c02c1432c092c85816ee74893a9f9/element/46A977AF5DCC55F3F21464AACDFF4B59_element_58/text'
13:44:02.398 [Forwarding getElementText on session 519c02c1432c092c85816ee74893a9f9 to remote] DEBUG org.asynchttpclient.netty.request.NettyRequestSender - Using open Channel [id: 0x9b77fb6b, L:/127.0.0.1:55379 - R:localhost/127.0.0.1:15622] for GET '/session/519c02c1432c092c85816ee74893a9f9/element/46A977AF5DCC55F3F21464AACDFF4B59_element_58/text'
13:44:02.406 [AsyncHttpClient-1-23] DEBUG org.asynchttpclient.netty.handler.HttpHandler - 

Request DefaultFullHttpRequest(decodeResult: success, version: HTTP/1.1, content: EmptyByteBufBE)
GET /session/519c02c1432c092c85816ee74893a9f9/element/46A977AF5DCC55F3F21464AACDFF4B59_element_58/text HTTP/1.1
Cache-Control: no-cache
User-Agent: selenium/4.10.0 (java windows)
Content-Type: application/json; charset=utf-8
host: localhost:15622
accept: */*

Response DefaultHttpResponse(decodeResult: success, version: HTTP/1.1)
HTTP/1.1 200 OK
Content-Length: 136
Content-Type: application/json; charset=utf-8
cache-control: no-cache

13:44:02.406 [AsyncHttpClient-1-23] DEBUG org.asynchttpclient.netty.channel.ChannelManager - Adding key: http://localhost:15622 for channel [id: 0x9b77fb6b, L:/127.0.0.1:55379 - R:localhost/127.0.0.1:15622]
[[ChromeDriver: chrome on windows (519c02c1432c092c85816ee74893a9f9)] -> xpath: .//span[@class='company-name']]
13:44:02.406 [Forwarding getElementText on session 519c02c1432c092c85816ee74893a9f9 to remote] DEBUG org.asynchttpclient.netty.request.NettyRequestSender - Using pooled Channel '[id: 0x9b77fb6b, L:/127.0.0.1:55379 - R:localhost/127.0.0.1:15622]' for 'GET' to 'http://localhost:15622/session/519c02c1432c092c85816ee74893a9f9/element/46A977AF5DCC55F3F21464AACDFF4B59_element_59/text'
13:44:02.406 [Forwarding getElementText on session 519c02c1432c092c85816ee74893a9f9 to remote] DEBUG org.asynchttpclient.netty.request.NettyRequestSender - Using open Channel [id: 0x9b77fb6b, L:/127.0.0.1:55379 - R:localhost/127.0.0.1:15622] for GET '/session/519c02c1432c092c85816ee74893a9f9/element/46A977AF5DCC55F3F21464AACDFF4B59_element_59/text'
13:44:02.412 [AsyncHttpClient-1-23] DEBUG org.asynchttpclient.netty.handler.HttpHandler - 

Request DefaultFullHttpRequest(decodeResult: success, version: HTTP/1.1, content: EmptyByteBufBE)
GET /session/519c02c1432c092c85816ee74893a9f9/element/46A977AF5DCC55F3F21464AACDFF4B59_element_59/text HTTP/1.1
Cache-Control: no-cache
User-Agent: selenium/4.10.0 (java windows)
Content-Type: application/json; charset=utf-8
host: localhost:15622
accept: */*

Response DefaultHttpResponse(decodeResult: success, version: HTTP/1.1)
HTTP/1.1 200 OK
Content-Length: 12
Content-Type: application/json; charset=utf-8
cache-control: no-cache

13:44:02.412 [AsyncHttpClient-1-23] DEBUG org.asynchttpclient.netty.channel.ChannelManager - Adding key: http://localhost:15622 for channel [id: 0x9b77fb6b, L:/127.0.0.1:55379 - R:localhost/127.0.0.1:15622]
[[ChromeDriver: chrome on windows (519c02c1432c092c85816ee74893a9f9)] -> xpath: .//span[@class='company-name']]
13:44:02.412 [Forwarding getElementText on session 519c02c1432c092c85816ee74893a9f9 to remote] DEBUG org.asynchttpclient.netty.request.NettyRequestSender - Using pooled Channel '[id: 0x9b77fb6b, L:/127.0.0.1:55379 - R:localhost/127.0.0.1:15622]' for 'GET' to 'http://localhost:15622/session/519c02c1432c092c85816ee74893a9f9/element/46A977AF5DCC55F3F21464AACDFF4B59_element_60/text'
13:44:02.412 [Forwarding getElementText on session 519c02c1432c092c85816ee74893a9f9 to remote] DEBUG org.asynchttpclient.netty.request.NettyRequestSender - Using open Channel [id: 0x9b77fb6b, L:/127.0.0.1:55379 - R:localhost/127.0.0.1:15622] for GET '/session/519c02c1432c092c85816ee74893a9f9/element/46A977AF5DCC55F3F21464AACDFF4B59_element_60/text'
13:44:02.418 [AsyncHttpClient-1-23] DEBUG org.asynchttpclient.netty.handler.HttpHandler - 

Request DefaultFullHttpRequest(decodeResult: success, version: HTTP/1.1, content: EmptyByteBufBE)
GET /session/519c02c1432c092c85816ee74893a9f9/element/46A977AF5DCC55F3F21464AACDFF4B59_element_60/text HTTP/1.1
Cache-Control: no-cache
User-Agent: selenium/4.10.0 (java windows)
Content-Type: application/json; charset=utf-8
host: localhost:15622
accept: */*

Response DefaultHttpResponse(decodeResult: success, version: HTTP/1.1)
HTTP/1.1 200 OK
Content-Length: 12
Content-Type: application/json; charset=utf-8
cache-control: no-cache

13:44:02.418 [AsyncHttpClient-1-23] DEBUG org.asynchttpclient.netty.channel.ChannelManager - Adding key: http://localhost:15622 for channel [id: 0x9b77fb6b, L:/127.0.0.1:55379 - R:localhost/127.0.0.1:15622]
[[ChromeDriver: chrome on windows (519c02c1432c092c85816ee74893a9f9)] -> xpath: .//span[@class='company-name']]
13:44:02.419 [Forwarding getElementText on session 519c02c1432c092c85816ee74893a9f9 to remote] DEBUG org.asynchttpclient.netty.request.NettyRequestSender - Using pooled Channel '[id: 0x9b77fb6b, L:/127.0.0.1:55379 - R:localhost/127.0.0.1:15622]' for 'GET' to 'http://localhost:15622/session/519c02c1432c092c85816ee74893a9f9/element/46A977AF5DCC55F3F21464AACDFF4B59_element_61/text'
13:44:02.419 [Forwarding getElementText on session 519c02c1432c092c85816ee74893a9f9 to remote] DEBUG org.asynchttpclient.netty.request.NettyRequestSender - Using open Channel [id: 0x9b77fb6b, L:/127.0.0.1:55379 - R:localhost/127.0.0.1:15622] for GET '/session/519c02c1432c092c85816ee74893a9f9/element/46A977AF5DCC55F3F21464AACDFF4B59_element_61/text'
13:44:02.426 [AsyncHttpClient-1-23] DEBUG org.asynchttpclient.netty.handler.HttpHandler - 

Request DefaultFullHttpRequest(decodeResult: success, version: HTTP/1.1, content: EmptyByteBufBE)
GET /session/519c02c1432c092c85816ee74893a9f9/element/46A977AF5DCC55F3F21464AACDFF4B59_element_61/text HTTP/1.1
Cache-Control: no-cache
User-Agent: selenium/4.10.0 (java windows)
Content-Type: application/json; charset=utf-8
host: localhost:15622
accept: */*

Response DefaultHttpResponse(decodeResult: success, version: HTTP/1.1)
HTTP/1.1 200 OK
Content-Length: 12
Content-Type: application/json; charset=utf-8
cache-control: no-cache

13:44:02.426 [AsyncHttpClient-1-23] DEBUG org.asynchttpclient.netty.channel.ChannelManager - Adding key: http://localhost:15622 for channel [id: 0x9b77fb6b, L:/127.0.0.1:55379 - R:localhost/127.0.0.1:15622]
[[ChromeDriver: chrome on windows (519c02c1432c092c85816ee74893a9f9)] -> xpath: .//span[@class='company-name']]
13:44:02.426 [Forwarding getElementText on session 519c02c1432c092c85816ee74893a9f9 to remote] DEBUG org.asynchttpclient.netty.request.NettyRequestSender - Using pooled Channel '[id: 0x9b77fb6b, L:/127.0.0.1:55379 - R:localhost/127.0.0.1:15622]' for 'GET' to 'http://localhost:15622/session/519c02c1432c092c85816ee74893a9f9/element/46A977AF5DCC55F3F21464AACDFF4B59_element_62/text'
13:44:02.426 [Forwarding getElementText on session 519c02c1432c092c85816ee74893a9f9 to remote] DEBUG org.asynchttpclient.netty.request.NettyRequestSender - Using open Channel [id: 0x9b77fb6b, L:/127.0.0.1:55379 - R:localhost/127.0.0.1:15622] for GET '/session/519c02c1432c092c85816ee74893a9f9/element/46A977AF5DCC55F3F21464AACDFF4B59_element_62/text'
13:44:02.432 [AsyncHttpClient-1-23] DEBUG org.asynchttpclient.netty.handler.HttpHandler - 

Request DefaultFullHttpRequest(decodeResult: success, version: HTTP/1.1, content: EmptyByteBufBE)
GET /session/519c02c1432c092c85816ee74893a9f9/element/46A977AF5DCC55F3F21464AACDFF4B59_element_62/text HTTP/1.1
Cache-Control: no-cache
User-Agent: selenium/4.10.0 (java windows)
Content-Type: application/json; charset=utf-8
host: localhost:15622
accept: */*

Response DefaultHttpResponse(decodeResult: success, version: HTTP/1.1)
HTTP/1.1 200 OK
Content-Length: 12
Content-Type: application/json; charset=utf-8
cache-control: no-cache

13:44:02.432 [AsyncHttpClient-1-23] DEBUG org.asynchttpclient.netty.channel.ChannelManager - Adding key: http://localhost:15622 for channel [id: 0x9b77fb6b, L:/127.0.0.1:55379 - R:localhost/127.0.0.1:15622]
[[ChromeDriver: chrome on windows (519c02c1432c092c85816ee74893a9f9)] -> xpath: .//span[@class='company-name']]
13:44:02.433 [Forwarding getElementText on session 519c02c1432c092c85816ee74893a9f9 to remote] DEBUG org.asynchttpclient.netty.request.NettyRequestSender - Using pooled Channel '[id: 0x9b77fb6b, L:/127.0.0.1:55379 - R:localhost/127.0.0.1:15622]' for 'GET' to 'http://localhost:15622/session/519c02c1432c092c85816ee74893a9f9/element/46A977AF5DCC55F3F21464AACDFF4B59_element_63/text'
13:44:02.433 [Forwarding getElementText on session 519c02c1432c092c85816ee74893a9f9 to remote] DEBUG org.asynchttpclient.netty.request.NettyRequestSender - Using open Channel [id: 0x9b77fb6b, L:/127.0.0.1:55379 - R:localhost/127.0.0.1:15622] for GET '/session/519c02c1432c092c85816ee74893a9f9/element/46A977AF5DCC55F3F21464AACDFF4B59_element_63/text'
13:44:02.439 [AsyncHttpClient-1-23] DEBUG org.asynchttpclient.netty.handler.HttpHandler - 

Request DefaultFullHttpRequest(decodeResult: success, version: HTTP/1.1, content: EmptyByteBufBE)
GET /session/519c02c1432c092c85816ee74893a9f9/element/46A977AF5DCC55F3F21464AACDFF4B59_element_63/text HTTP/1.1
Cache-Control: no-cache
User-Agent: selenium/4.10.0 (java windows)
Content-Type: application/json; charset=utf-8
host: localhost:15622
accept: */*

Response DefaultHttpResponse(decodeResult: success, version: HTTP/1.1)
HTTP/1.1 200 OK
Content-Length: 12
Content-Type: application/json; charset=utf-8
cache-control: no-cache

13:44:02.439 [AsyncHttpClient-1-23] DEBUG org.asynchttpclient.netty.channel.ChannelManager - Adding key: http://localhost:15622 for channel [id: 0x9b77fb6b, L:/127.0.0.1:55379 - R:localhost/127.0.0.1:15622]
]]></system-out>
    <system-err><![CDATA[июл. 31, 2023 1:43:51 PM org.openqa.selenium.remote.service.DriverService$Builder getLogOutput
INFO: Driver logs no longer sent to console by default; https://www.selenium.dev/documentation/webdriver/drivers/service/#setting-log-output
июл. 31, 2023 1:43:52 PM org.openqa.selenium.devtools.CdpVersionFinder findNearestMatch
WARNING: Unable to find an exact match for CDP version 115, so returning the closest version found: 114
]]></system-err>
  </testcase>
  <testcase name="visibilityBellBtn" classname="org.OptimaBusTests.uiTests.mainPageTests.MainPageTest" time="0.002">
    <failure type="java.lang.NullPointerException">java.lang.NullPointerException
	at org.OptimaBusTests.uiTests.mainPageTests.MainPageTest.visibilityBellBtn(MainPageTest.java:38)
</failure>
  </testcase>
  <testcase name="checkOtherBTNS" classname="org.OptimaBusTests.uiTests.mainPageTests.MainPageTest" time="0.002">
    <failure type="java.lang.NullPointerException">java.lang.NullPointerException
	at org.OptimaBusTests.uiTests.mainPageTests.MainPageTest.checkOtherBTNS(MainPageTest.java:44)
</failure>
  </testcase>
  <testcase name="importCheckBTN" classname="org.OptimaBusTests.uiTests.mainPageTests.MainPageTest" time="0.002"/>
  <testcase name="checkChosenOneCompany" classname="org.OptimaBusTests.uiTests.mainPageTests.MainPageTest" time="0.002"/>
  <testcase name="checkThe2BTN" classname="org.OptimaBusTests.uiTests.mainPageTests.OperationHisTests" time="1.247"/>
  <testcase name="NaPodpis" classname="org.OptimaBusTests.uiTests.mainPageTests.OperationHisTests" time="1.097"/>
  <testcase name="OjidaetOtpr" classname="org.OptimaBusTests.uiTests.mainPageTests.OperationHisTests" time="1.095"/>
  <testcase name="NaRedact" classname="org.OptimaBusTests.uiTests.mainPageTests.OperationHisTests" time="1.112"/>
  <testcase name="Ispolnennye" classname="org.OptimaBusTests.uiTests.mainPageTests.OperationHisTests" time="1.108"/>
  <testcase name="Otklonennye" classname="org.OptimaBusTests.uiTests.mainPageTests.OperationHisTests" time="1.1"/>
  <testcase name="OtkazanoBankom" classname="org.OptimaBusTests.uiTests.mainPageTests.OperationHisTests" time="1.095"/>
  <testcase name="MoiChernoviki" classname="org.OptimaBusTests.uiTests.mainPageTests.OperationHisTests" time="30.038">
    <failure message="Expected condition failed: waiting for visibility of Proxy element for: DefaultElementLocator &apos;By.xpath: (.//button[@class=&apos;q-btn q-btn-item non-selectable no-outline q-btn--flat q-btn--rectangle q-btn--actionable q-focusable q-hoverable q-btn--no-uppercase filter-btn&apos;])[7]&apos; (tried for 6 second(s) with 500 milliseconds interval)" type="org.openqa.selenium.TimeoutException">org.openqa.selenium.TimeoutException: Expected condition failed: waiting for visibility of Proxy element for: DefaultElementLocator 'By.xpath: (.//button[@class='q-btn q-btn-item non-selectable no-outline q-btn--flat q-btn--rectangle q-btn--actionable q-focusable q-hoverable q-btn--no-uppercase filter-btn'])[7]' (tried for 6 second(s) with 500 milliseconds interval)
	at org.OptimaBusTests.uiTests.mainPageTests.OperationHisTests.MoiChernoviki(OperationHisTests.java:53)
Caused by: org.openqa.selenium.NoSuchElementException: 
no such element: Unable to locate element: {"method":"xpath","selector":"(.//button[@class='q-btn q-btn-item non-selectable no-outline q-btn--flat q-btn--rectangle q-btn--actionable q-focusable q-hoverable q-btn--no-uppercase filter-btn'])[7]"}
  (Session info: chrome=115.0.5790.110)
For documentation on this error, please visit: https://www.selenium.dev/documentation/webdriver/troubleshooting/errors#no-such-element-exception
Build info: version: '4.10.0', revision: 'c14d967899'
System info: os.name: 'Windows 10', os.arch: 'amd64', os.version: '10.0', java.version: '11.0.16.1'
Driver info: org.openqa.selenium.chrome.ChromeDriver
Command: [00df6d656a36b92be922960614d25529, findElement {using=xpath, value=(.//button[@class='q-btn q-btn-item non-selectable no-outline q-btn--flat q-btn--rectangle q-btn--actionable q-focusable q-hoverable q-btn--no-uppercase filter-btn'])[7]}]
Capabilities {acceptInsecureCerts: false, browserName: chrome, browserVersion: 115.0.5790.110, chrome: {chromedriverVersion: 114.0.5735.90 (386bc09e8f4f..., userDataDir: C:\Users\Asus\AppData\Local...}, goog:chromeOptions: {debuggerAddress: localhost:55414}, networkConnectionEnabled: false, pageLoadStrategy: normal, platformName: windows, proxy: Proxy(), se:cdp: ws://localhost:55414/devtoo..., se:cdpVersion: 115.0.5790.110, setWindowRect: true, strictFileInteractability: false, timeouts: {implicit: 0, pageLoad: 300000, script: 30000}, unhandledPromptBehavior: dismiss and notify, webauthn:extension:credBlob: true, webauthn:extension:largeBlob: true, webauthn:extension:minPinLength: true, webauthn:extension:prf: true, webauthn:virtualAuthenticators: true}
Session ID: 00df6d656a36b92be922960614d25529
	at org.OptimaBusTests.uiTests.mainPageTests.OperationHisTests.MoiChernoviki(OperationHisTests.java:53)
</failure>
    <system-out><![CDATA[13:44:23.380 [Forwarding findElement on session 00df6d656a36b92be922960614d25529 to remote] DEBUG org.asynchttpclient.netty.request.NettyRequestSender - Using pooled Channel '[id: 0xf7b8c70a, L:/127.0.0.1:55413 - R:localhost/127.0.0.1:12729]' for 'POST' to 'http://localhost:12729/session/00df6d656a36b92be922960614d25529/element'
13:44:23.380 [Forwarding findElement on session 00df6d656a36b92be922960614d25529 to remote] DEBUG org.asynchttpclient.netty.request.NettyRequestSender - Using open Channel [id: 0xf7b8c70a, L:/127.0.0.1:55413 - R:localhost/127.0.0.1:12729] for POST '/session/00df6d656a36b92be922960614d25529/element'
13:44:24.458 [AsyncHttpClient-1-1] DEBUG org.asynchttpclient.netty.channel.DefaultChannelPool - Entry count for : http://localhost:55414 : 1
13:44:25.555 [AsyncHttpClient-1-1] DEBUG org.asynchttpclient.netty.channel.DefaultChannelPool - Entry count for : http://localhost:55414 : 1
13:44:26.652 [AsyncHttpClient-1-1] DEBUG org.asynchttpclient.netty.channel.DefaultChannelPool - Entry count for : http://localhost:55414 : 1
13:44:27.753 [AsyncHttpClient-1-1] DEBUG org.asynchttpclient.netty.channel.DefaultChannelPool - Entry count for : http://localhost:55414 : 1
13:44:28.862 [AsyncHttpClient-1-1] DEBUG org.asynchttpclient.netty.channel.DefaultChannelPool - Entry count for : http://localhost:55414 : 1
13:44:29.959 [AsyncHttpClient-1-1] DEBUG org.asynchttpclient.netty.channel.DefaultChannelPool - Entry count for : http://localhost:55414 : 1
13:44:31.053 [AsyncHttpClient-1-1] DEBUG org.asynchttpclient.netty.channel.DefaultChannelPool - Entry count for : http://localhost:55414 : 1
13:44:32.162 [AsyncHttpClient-1-1] DEBUG org.asynchttpclient.netty.channel.DefaultChannelPool - Entry count for : http://localhost:55414 : 1
13:44:33.261 [AsyncHttpClient-1-1] DEBUG org.asynchttpclient.netty.channel.DefaultChannelPool - Entry count for : http://localhost:55414 : 1
13:44:34.358 [AsyncHttpClient-1-1] DEBUG org.asynchttpclient.netty.channel.DefaultChannelPool - Entry count for : http://localhost:55414 : 1
13:44:35.453 [AsyncHttpClient-1-1] DEBUG org.asynchttpclient.netty.channel.DefaultChannelPool - Entry count for : http://localhost:55414 : 1
13:44:36.556 [AsyncHttpClient-1-1] DEBUG org.asynchttpclient.netty.channel.DefaultChannelPool - Entry count for : http://localhost:55414 : 1
13:44:37.654 [AsyncHttpClient-1-1] DEBUG org.asynchttpclient.netty.channel.DefaultChannelPool - Entry count for : http://localhost:55414 : 1
13:44:38.409 [AsyncHttpClient-1-26] DEBUG org.asynchttpclient.netty.handler.HttpHandler - 

Request DefaultHttpRequest(decodeResult: success, version: HTTP/1.1)
POST /session/00df6d656a36b92be922960614d25529/element HTTP/1.1
User-Agent: selenium/4.10.0 (java windows)
Content-Length: 216
Content-Type: application/json; charset=utf-8
host: localhost:12729
accept: */*

Response DefaultHttpResponse(decodeResult: success, version: HTTP/1.1)
HTTP/1.1 404 Not Found
Content-Length: 1117
Content-Type: application/json; charset=utf-8
cache-control: no-cache

13:44:38.409 [AsyncHttpClient-1-26] DEBUG org.asynchttpclient.netty.channel.ChannelManager - Adding key: http://localhost:12729 for channel [id: 0xf7b8c70a, L:/127.0.0.1:55413 - R:localhost/127.0.0.1:12729]
13:44:38.410 [Forwarding findElement on session 00df6d656a36b92be922960614d25529 to remote] DEBUG org.asynchttpclient.netty.request.NettyRequestSender - Using pooled Channel '[id: 0xf7b8c70a, L:/127.0.0.1:55413 - R:localhost/127.0.0.1:12729]' for 'POST' to 'http://localhost:12729/session/00df6d656a36b92be922960614d25529/element'
13:44:38.410 [Forwarding findElement on session 00df6d656a36b92be922960614d25529 to remote] DEBUG org.asynchttpclient.netty.request.NettyRequestSender - Using open Channel [id: 0xf7b8c70a, L:/127.0.0.1:55413 - R:localhost/127.0.0.1:12729] for POST '/session/00df6d656a36b92be922960614d25529/element'
13:44:38.752 [AsyncHttpClient-1-1] DEBUG org.asynchttpclient.netty.channel.DefaultChannelPool - Entry count for : http://localhost:55414 : 1
13:44:39.856 [AsyncHttpClient-1-1] DEBUG org.asynchttpclient.netty.channel.DefaultChannelPool - Entry count for : http://localhost:55414 : 1
13:44:40.953 [AsyncHttpClient-1-1] DEBUG org.asynchttpclient.netty.channel.DefaultChannelPool - Entry count for : http://localhost:55414 : 1
13:44:42.057 [AsyncHttpClient-1-1] DEBUG org.asynchttpclient.netty.channel.DefaultChannelPool - Entry count for : http://localhost:55414 : 1
13:44:43.153 [AsyncHttpClient-1-1] DEBUG org.asynchttpclient.netty.channel.DefaultChannelPool - Entry count for : http://localhost:55414 : 1
13:44:44.257 [AsyncHttpClient-1-1] DEBUG org.asynchttpclient.netty.channel.DefaultChannelPool - Entry count for : http://localhost:55414 : 1
13:44:45.368 [AsyncHttpClient-1-1] DEBUG org.asynchttpclient.netty.channel.DefaultChannelPool - Entry count for : http://localhost:55414 : 1
13:44:46.452 [AsyncHttpClient-1-1] DEBUG org.asynchttpclient.netty.channel.DefaultChannelPool - Entry count for : http://localhost:55414 : 1
13:44:47.556 [AsyncHttpClient-1-1] DEBUG org.asynchttpclient.netty.channel.DefaultChannelPool - Entry count for : http://localhost:55414 : 1
13:44:48.663 [AsyncHttpClient-1-1] DEBUG org.asynchttpclient.netty.channel.DefaultChannelPool - Entry count for : http://localhost:55414 : 1
13:44:49.753 [AsyncHttpClient-1-1] DEBUG org.asynchttpclient.netty.channel.DefaultChannelPool - Entry count for : http://localhost:55414 : 1
13:44:50.854 [AsyncHttpClient-1-1] DEBUG org.asynchttpclient.netty.channel.DefaultChannelPool - Entry count for : http://localhost:55414 : 1
13:44:51.956 [AsyncHttpClient-1-1] DEBUG org.asynchttpclient.netty.channel.DefaultChannelPool - Entry count for : http://localhost:55414 : 1
13:44:53.054 [AsyncHttpClient-1-1] DEBUG org.asynchttpclient.netty.channel.DefaultChannelPool - Entry count for : http://localhost:55414 : 1
13:44:53.415 [AsyncHttpClient-1-26] DEBUG org.asynchttpclient.netty.handler.HttpHandler - 

Request DefaultHttpRequest(decodeResult: success, version: HTTP/1.1)
POST /session/00df6d656a36b92be922960614d25529/element HTTP/1.1
User-Agent: selenium/4.10.0 (java windows)
Content-Length: 216
Content-Type: application/json; charset=utf-8
host: localhost:12729
accept: */*

Response DefaultHttpResponse(decodeResult: success, version: HTTP/1.1)
HTTP/1.1 404 Not Found
Content-Length: 1117
Content-Type: application/json; charset=utf-8
cache-control: no-cache

13:44:53.415 [AsyncHttpClient-1-26] DEBUG org.asynchttpclient.netty.channel.ChannelManager - Adding key: http://localhost:12729 for channel [id: 0xf7b8c70a, L:/127.0.0.1:55413 - R:localhost/127.0.0.1:12729]
]]></system-out>
  </testcase>
  <testcase name="NaPodpis" classname="org.OptimaBusTests.uiTests.OperationHisTests" time="30.118">
    <failure message="Expected condition failed: waiting for visibility of Proxy element for: DefaultElementLocator &apos;By.xpath: (.//button[@class=&apos;q-btn q-btn-item non-selectable no-outline q-btn--flat q-btn--rectangle q-btn--actionable q-focusable q-hoverable q-btn--no-uppercase filter-btn&apos;])[1]&apos; (tried for 6 second(s) with 500 milliseconds interval)" type="org.openqa.selenium.TimeoutException">org.openqa.selenium.TimeoutException: Expected condition failed: waiting for visibility of Proxy element for: DefaultElementLocator 'By.xpath: (.//button[@class='q-btn q-btn-item non-selectable no-outline q-btn--flat q-btn--rectangle q-btn--actionable q-focusable q-hoverable q-btn--no-uppercase filter-btn'])[1]' (tried for 6 second(s) with 500 milliseconds interval)
	at org.OptimaBusTests.uiTests.OperationHisTests.NaPodpis(OperationHisTests.java:14)
Caused by: org.openqa.selenium.NoSuchElementException: 
no such element: Unable to locate element: {"method":"xpath","selector":"(.//button[@class='q-btn q-btn-item non-selectable no-outline q-btn--flat q-btn--rectangle q-btn--actionable q-focusable q-hoverable q-btn--no-uppercase filter-btn'])[1]"}
  (Session info: chrome=115.0.5790.110)
For documentation on this error, please visit: https://www.selenium.dev/documentation/webdriver/troubleshooting/errors#no-such-element-exception
Build info: version: '4.10.0', revision: 'c14d967899'
System info: os.name: 'Windows 10', os.arch: 'amd64', os.version: '10.0', java.version: '11.0.16.1'
Driver info: org.openqa.selenium.chrome.ChromeDriver
Command: [d8b1dd991caf71c71bf3d993593a56d2, findElement {using=xpath, value=(.//button[@class='q-btn q-btn-item non-selectable no-outline q-btn--flat q-btn--rectangle q-btn--actionable q-focusable q-hoverable q-btn--no-uppercase filter-btn'])[1]}]
Capabilities {acceptInsecureCerts: false, browserName: chrome, browserVersion: 115.0.5790.110, chrome: {chromedriverVersion: 114.0.5735.90 (386bc09e8f4f..., userDataDir: C:\Users\Asus\AppData\Local...}, goog:chromeOptions: {debuggerAddress: localhost:55454}, networkConnectionEnabled: false, pageLoadStrategy: normal, platformName: windows, proxy: Proxy(), se:cdp: ws://localhost:55454/devtoo..., se:cdpVersion: 115.0.5790.110, setWindowRect: true, strictFileInteractability: false, timeouts: {implicit: 0, pageLoad: 300000, script: 30000}, unhandledPromptBehavior: dismiss and notify, webauthn:extension:credBlob: true, webauthn:extension:largeBlob: true, webauthn:extension:minPinLength: true, webauthn:extension:prf: true, webauthn:virtualAuthenticators: true}
Session ID: d8b1dd991caf71c71bf3d993593a56d2
	at org.OptimaBusTests.uiTests.OperationHisTests.NaPodpis(OperationHisTests.java:14)
</failure>
    <system-out><![CDATA[13:44:53.417 [Forwarding close on session 00df6d656a36b92be922960614d25529 to remote] DEBUG org.asynchttpclient.netty.request.NettyRequestSender - Using pooled Channel '[id: 0xf7b8c70a, L:/127.0.0.1:55413 - R:localhost/127.0.0.1:12729]' for 'DELETE' to 'http://localhost:12729/session/00df6d656a36b92be922960614d25529/window'
13:44:53.417 [Forwarding close on session 00df6d656a36b92be922960614d25529 to remote] DEBUG org.asynchttpclient.netty.request.NettyRequestSender - Using open Channel [id: 0xf7b8c70a, L:/127.0.0.1:55413 - R:localhost/127.0.0.1:12729] for DELETE '/session/00df6d656a36b92be922960614d25529/window'
13:44:53.447 [AsyncHttpClient-1-27] DEBUG org.asynchttpclient.netty.handler.HttpHandler - Channel Closed: [id: 0xa99d825a, L:/127.0.0.1:55420 ! R:localhost/127.0.0.1:55414] with attribute DISCARD
13:44:53.447 [AsyncHttpClient-1-28] DEBUG org.asynchttpclient.netty.handler.WebSocketHandler - Channel Closed: [id: 0x8e594b15, L:/127.0.0.1:55421 ! R:localhost/127.0.0.1:55414] with attribute NettyResponseFuture{currentRetry=0,
	isDone=1,
	isCancelled=0,
	asyncHandler=org.asynchttpclient.ws.WebSocketUpgradeHandler@524be4ae,
	nettyRequest=org.asynchttpclient.netty.request.NettyRequest@17496083,
	future=java.util.concurrent.CompletableFuture@53c0d0cb[Completed normally],
	uri=ws://localhost:55414/devtools/browser/656f160b-8f27-4328-ba3b-197c6e185276,
	keepAlive=true,
	redirectCount=0,
	timeoutsHolder=null,
	inAuth=0,
	touch=1690789444732}
13:44:53.447 [AsyncHttpClient-1-28] DEBUG org.asynchttpclient.netty.channel.ChannelManager - Closing Channel [id: 0x8e594b15, L:/127.0.0.1:55421 ! R:localhost/127.0.0.1:55414] 
13:44:53.482 [AsyncHttpClient-1-26] DEBUG org.asynchttpclient.netty.handler.HttpHandler - 

Request DefaultFullHttpRequest(decodeResult: success, version: HTTP/1.1, content: EmptyByteBufBE)
DELETE /session/00df6d656a36b92be922960614d25529/window HTTP/1.1
User-Agent: selenium/4.10.0 (java windows)
Content-Type: application/json; charset=utf-8
host: localhost:12729
accept: */*

Response DefaultHttpResponse(decodeResult: success, version: HTTP/1.1)
HTTP/1.1 200 OK
Content-Length: 12
Content-Type: application/json; charset=utf-8
cache-control: no-cache

13:44:53.482 [AsyncHttpClient-1-26] DEBUG org.asynchttpclient.netty.channel.ChannelManager - Adding key: http://localhost:12729 for channel [id: 0xf7b8c70a, L:/127.0.0.1:55413 - R:localhost/127.0.0.1:12729]
13:44:53.483 [Driver Command Executor] DEBUG org.asynchttpclient.netty.request.NettyRequestSender - Using pooled Channel '[id: 0xf7b8c70a, L:/127.0.0.1:55413 - R:localhost/127.0.0.1:12729]' for 'DELETE' to 'http://localhost:12729/session/00df6d656a36b92be922960614d25529'
13:44:53.483 [Driver Command Executor] DEBUG org.asynchttpclient.netty.request.NettyRequestSender - Using open Channel [id: 0xf7b8c70a, L:/127.0.0.1:55413 - R:localhost/127.0.0.1:12729] for DELETE '/session/00df6d656a36b92be922960614d25529'
13:44:53.536 [AsyncHttpClient-1-26] DEBUG org.asynchttpclient.netty.handler.HttpHandler - 

Request DefaultFullHttpRequest(decodeResult: success, version: HTTP/1.1, content: EmptyByteBufBE)
DELETE /session/00df6d656a36b92be922960614d25529 HTTP/1.1
User-Agent: selenium/4.10.0 (java windows)
Content-Type: application/json; charset=utf-8
host: localhost:12729
accept: */*

Response DefaultHttpResponse(decodeResult: success, version: HTTP/1.1)
HTTP/1.1 200 OK
Content-Length: 14
Content-Type: application/json; charset=utf-8
cache-control: no-cache

13:44:53.536 [AsyncHttpClient-1-26] DEBUG org.asynchttpclient.netty.channel.ChannelManager - Adding key: http://localhost:12729 for channel [id: 0xf7b8c70a, L:/127.0.0.1:55413 - R:localhost/127.0.0.1:12729]
13:44:53.537 [AsyncHttpClient-1-26] DEBUG org.asynchttpclient.netty.handler.HttpHandler - Channel Closed: [id: 0xf7b8c70a, L:/127.0.0.1:55413 ! R:localhost/127.0.0.1:12729] with attribute DISCARD
[WARN ] 2023-07-31 13:44:53.598 [main] Driver - Starting Chromedriver
13:44:53.607 [main] DEBUG org.apache.hc.client5.http.impl.classic.InternalHttpClient - ex-0000000037 preparing request execution
13:44:53.607 [main] DEBUG org.apache.hc.client5.http.impl.classic.ProtocolExec - ex-0000000037 target auth state: UNCHALLENGED
13:44:53.607 [main] DEBUG org.apache.hc.client5.http.impl.classic.ProtocolExec - ex-0000000037 proxy auth state: UNCHALLENGED
13:44:53.607 [main] DEBUG org.apache.hc.client5.http.impl.classic.ConnectExec - ex-0000000037 acquiring connection with route {s}->https://raw.githubusercontent.com:443
13:44:53.607 [main] DEBUG org.apache.hc.client5.http.impl.classic.InternalHttpClient - ex-0000000037 acquiring endpoint (3 MINUTES)
13:44:53.607 [main] DEBUG org.apache.hc.client5.http.impl.io.PoolingHttpClientConnectionManager - ex-0000000037 endpoint lease request (3 MINUTES) [route: {s}->https://raw.githubusercontent.com:443][total available: 0; route allocated: 0 of 5; total allocated: 0 of 25]
13:44:53.607 [main] DEBUG org.apache.hc.client5.http.impl.io.PoolingHttpClientConnectionManager - ex-0000000037 endpoint leased [route: {s}->https://raw.githubusercontent.com:443][total available: 0; route allocated: 1 of 5; total allocated: 1 of 25]
13:44:53.607 [main] DEBUG org.apache.hc.client5.http.impl.io.PoolingHttpClientConnectionManager - ex-0000000037 acquired ep-0000000037
13:44:53.607 [main] DEBUG org.apache.hc.client5.http.impl.classic.InternalHttpClient - ex-0000000037 acquired endpoint ep-0000000037
13:44:53.607 [main] DEBUG org.apache.hc.client5.http.impl.classic.ConnectExec - ex-0000000037 opening connection {s}->https://raw.githubusercontent.com:443
13:44:53.607 [main] DEBUG org.apache.hc.client5.http.impl.classic.InternalHttpClient - ep-0000000037 connecting endpoint (null)
13:44:53.607 [main] DEBUG org.apache.hc.client5.http.impl.io.PoolingHttpClientConnectionManager - ep-0000000037 connecting endpoint to https://raw.githubusercontent.com:443 (30 SECONDS)
13:44:53.607 [main] DEBUG org.apache.hc.client5.http.impl.io.DefaultHttpClientConnectionOperator - raw.githubusercontent.com resolving remote address
13:44:53.607 [main] DEBUG org.apache.hc.client5.http.impl.io.DefaultHttpClientConnectionOperator - raw.githubusercontent.com resolved to [raw.githubusercontent.com/185.199.108.133, raw.githubusercontent.com/185.199.110.133, raw.githubusercontent.com/185.199.111.133, raw.githubusercontent.com/185.199.109.133]
13:44:53.608 [main] DEBUG org.apache.hc.client5.http.impl.io.DefaultHttpClientConnectionOperator - raw.githubusercontent.com:443 connecting null->raw.githubusercontent.com/185.199.108.133:443 (30 SECONDS)
13:44:53.608 [main] DEBUG org.apache.hc.client5.http.ssl.SSLConnectionSocketFactory - Connecting socket to raw.githubusercontent.com/185.199.108.133:443 with timeout 30 SECONDS
13:44:53.723 [main] DEBUG org.apache.hc.client5.http.ssl.SSLConnectionSocketFactory - Enabled protocols: [TLSv1.3, TLSv1.2]
13:44:53.723 [main] DEBUG org.apache.hc.client5.http.ssl.SSLConnectionSocketFactory - Enabled cipher suites: [TLS_AES_256_GCM_SHA384, TLS_AES_128_GCM_SHA256, TLS_CHACHA20_POLY1305_SHA256, TLS_ECDHE_ECDSA_WITH_AES_256_GCM_SHA384, TLS_ECDHE_ECDSA_WITH_AES_128_GCM_SHA256, TLS_ECDHE_ECDSA_WITH_CHACHA20_POLY1305_SHA256, TLS_ECDHE_RSA_WITH_AES_256_GCM_SHA384, TLS_ECDHE_RSA_WITH_CHACHA20_POLY1305_SHA256, TLS_ECDHE_RSA_WITH_AES_128_GCM_SHA256, TLS_DHE_RSA_WITH_AES_256_GCM_SHA384, TLS_DHE_RSA_WITH_CHACHA20_POLY1305_SHA256, TLS_DHE_DSS_WITH_AES_256_GCM_SHA384, TLS_DHE_RSA_WITH_AES_128_GCM_SHA256, TLS_DHE_DSS_WITH_AES_128_GCM_SHA256, TLS_ECDHE_ECDSA_WITH_AES_256_CBC_SHA384, TLS_ECDHE_RSA_WITH_AES_256_CBC_SHA384, TLS_ECDHE_ECDSA_WITH_AES_128_CBC_SHA256, TLS_ECDHE_RSA_WITH_AES_128_CBC_SHA256, TLS_DHE_RSA_WITH_AES_256_CBC_SHA256, TLS_DHE_DSS_WITH_AES_256_CBC_SHA256, TLS_DHE_RSA_WITH_AES_128_CBC_SHA256, TLS_DHE_DSS_WITH_AES_128_CBC_SHA256, TLS_ECDH_ECDSA_WITH_AES_256_GCM_SHA384, TLS_ECDH_RSA_WITH_AES_256_GCM_SHA384, TLS_ECDH_ECDSA_WITH_AES_128_GCM_SHA256, TLS_ECDH_RSA_WITH_AES_128_GCM_SHA256, TLS_ECDH_ECDSA_WITH_AES_256_CBC_SHA384, TLS_ECDH_RSA_WITH_AES_256_CBC_SHA384, TLS_ECDH_ECDSA_WITH_AES_128_CBC_SHA256, TLS_ECDH_RSA_WITH_AES_128_CBC_SHA256, TLS_ECDHE_ECDSA_WITH_AES_256_CBC_SHA, TLS_ECDHE_RSA_WITH_AES_256_CBC_SHA, TLS_ECDHE_ECDSA_WITH_AES_128_CBC_SHA, TLS_ECDHE_RSA_WITH_AES_128_CBC_SHA, TLS_DHE_RSA_WITH_AES_256_CBC_SHA, TLS_DHE_DSS_WITH_AES_256_CBC_SHA, TLS_DHE_RSA_WITH_AES_128_CBC_SHA, TLS_DHE_DSS_WITH_AES_128_CBC_SHA, TLS_ECDH_ECDSA_WITH_AES_256_CBC_SHA, TLS_ECDH_RSA_WITH_AES_256_CBC_SHA, TLS_ECDH_ECDSA_WITH_AES_128_CBC_SHA, TLS_ECDH_RSA_WITH_AES_128_CBC_SHA, TLS_RSA_WITH_AES_256_GCM_SHA384, TLS_RSA_WITH_AES_128_GCM_SHA256, TLS_RSA_WITH_AES_256_CBC_SHA256, TLS_RSA_WITH_AES_128_CBC_SHA256, TLS_RSA_WITH_AES_256_CBC_SHA, TLS_RSA_WITH_AES_128_CBC_SHA, TLS_EMPTY_RENEGOTIATION_INFO_SCSV]
13:44:53.723 [main] DEBUG org.apache.hc.client5.http.ssl.SSLConnectionSocketFactory - Starting handshake (null)
13:44:53.862 [main] DEBUG org.apache.hc.client5.http.ssl.SSLConnectionSocketFactory - Secure session established
13:44:53.862 [main] DEBUG org.apache.hc.client5.http.ssl.SSLConnectionSocketFactory -  negotiated protocol: TLSv1.3
13:44:53.862 [main] DEBUG org.apache.hc.client5.http.ssl.SSLConnectionSocketFactory -  negotiated cipher suite: TLS_AES_256_GCM_SHA384
13:44:53.862 [main] DEBUG org.apache.hc.client5.http.ssl.SSLConnectionSocketFactory -  peer principal: CN=*.github.io, O="GitHub, Inc.", L=San Francisco, ST=California, C=US
13:44:53.862 [main] DEBUG org.apache.hc.client5.http.ssl.SSLConnectionSocketFactory -  peer alternative names: [*.github.io, github.io, *.github.com, github.com, www.github.com, *.githubusercontent.com, githubusercontent.com]
13:44:53.862 [main] DEBUG org.apache.hc.client5.http.ssl.SSLConnectionSocketFactory -  issuer principal: CN=DigiCert TLS RSA SHA256 2020 CA1, O=DigiCert Inc, C=US
13:44:53.862 [main] DEBUG org.apache.hc.client5.http.impl.io.DefaultManagedHttpClientConnection - http-outgoing-27 set socket timeout to 3 MINUTES
13:44:53.862 [main] DEBUG org.apache.hc.client5.http.impl.io.DefaultHttpClientConnectionOperator - raw.githubusercontent.com:443 connected null->raw.githubusercontent.com/185.199.108.133:443 as http-outgoing-27
13:44:53.862 [main] DEBUG org.apache.hc.client5.http.impl.io.PoolingHttpClientConnectionManager - ep-0000000037 connected http-outgoing-27
13:44:53.862 [main] DEBUG org.apache.hc.client5.http.impl.classic.InternalHttpClient - ep-0000000037 endpoint connected
13:44:53.862 [main] DEBUG org.apache.hc.client5.http.impl.classic.MainClientExec - ex-0000000037 executing GET /bonigarcia/webdrivermanager/master/src/main/resources/commands.properties HTTP/1.1
13:44:53.862 [main] DEBUG org.apache.hc.client5.http.protocol.RequestAddCookies - ex-0000000037 Cookie spec selected: strict
13:44:53.862 [main] DEBUG org.apache.hc.client5.http.impl.classic.InternalHttpClient - ep-0000000037 start execution ex-0000000037
13:44:53.862 [main] DEBUG org.apache.hc.client5.http.impl.io.PoolingHttpClientConnectionManager - ep-0000000037 executing exchange ex-0000000037 over http-outgoing-27
13:44:53.862 [main] DEBUG org.apache.hc.client5.http.headers - http-outgoing-27 >> GET /bonigarcia/webdrivermanager/master/src/main/resources/commands.properties HTTP/1.1
13:44:53.862 [main] DEBUG org.apache.hc.client5.http.headers - http-outgoing-27 >> user-agent: Apache-HttpClient/5.0
13:44:53.863 [main] DEBUG org.apache.hc.client5.http.headers - http-outgoing-27 >> accept-encoding: gzip, deflate, br
13:44:53.863 [main] DEBUG org.apache.hc.client5.http.headers - http-outgoing-27 >> cache-control: max-age=0
13:44:53.863 [main] DEBUG org.apache.hc.client5.http.headers - http-outgoing-27 >> connection: keep-alive
13:44:53.863 [main] DEBUG org.apache.hc.client5.http.headers - http-outgoing-27 >> Host: raw.githubusercontent.com
13:44:53.863 [main] DEBUG org.apache.hc.client5.http.wire - http-outgoing-27 >> "GET /bonigarcia/webdrivermanager/master/src/main/resources/commands.properties HTTP/1.1[\r][\n]"
13:44:53.863 [main] DEBUG org.apache.hc.client5.http.wire - http-outgoing-27 >> "user-agent: Apache-HttpClient/5.0[\r][\n]"
13:44:53.863 [main] DEBUG org.apache.hc.client5.http.wire - http-outgoing-27 >> "accept-encoding: gzip, deflate, br[\r][\n]"
13:44:53.863 [main] DEBUG org.apache.hc.client5.http.wire - http-outgoing-27 >> "cache-control: max-age=0[\r][\n]"
13:44:53.863 [main] DEBUG org.apache.hc.client5.http.wire - http-outgoing-27 >> "connection: keep-alive[\r][\n]"
13:44:53.863 [main] DEBUG org.apache.hc.client5.http.wire - http-outgoing-27 >> "Host: raw.githubusercontent.com[\r][\n]"
13:44:53.863 [main] DEBUG org.apache.hc.client5.http.wire - http-outgoing-27 >> "[\r][\n]"
13:44:53.981 [main] DEBUG org.apache.hc.client5.http.wire - http-outgoing-27 << "HTTP/1.1 200 OK[\r][\n]"
13:44:53.981 [main] DEBUG org.apache.hc.client5.http.wire - http-outgoing-27 << "Connection: keep-alive[\r][\n]"
13:44:53.981 [main] DEBUG org.apache.hc.client5.http.wire - http-outgoing-27 << "Content-Length: 723[\r][\n]"
13:44:53.981 [main] DEBUG org.apache.hc.client5.http.wire - http-outgoing-27 << "Cache-Control: max-age=300[\r][\n]"
13:44:53.981 [main] DEBUG org.apache.hc.client5.http.wire - http-outgoing-27 << "Content-Security-Policy: default-src 'none'; style-src 'unsafe-inline'; sandbox[\r][\n]"
13:44:53.981 [main] DEBUG org.apache.hc.client5.http.wire - http-outgoing-27 << "Content-Type: text/plain; charset=utf-8[\r][\n]"
13:44:53.981 [main] DEBUG org.apache.hc.client5.http.wire - http-outgoing-27 << "ETag: W/"e82b438271e9e8680c688b0b680efd0bdd22faa6d6f0a32fc1fd8accc486b67e"[\r][\n]"
13:44:53.981 [main] DEBUG org.apache.hc.client5.http.wire - http-outgoing-27 << "Strict-Transport-Security: max-age=31536000[\r][\n]"
13:44:53.981 [main] DEBUG org.apache.hc.client5.http.wire - http-outgoing-27 << "X-Content-Type-Options: nosniff[\r][\n]"
13:44:53.981 [main] DEBUG org.apache.hc.client5.http.wire - http-outgoing-27 << "X-Frame-Options: deny[\r][\n]"
13:44:53.981 [main] DEBUG org.apache.hc.client5.http.wire - http-outgoing-27 << "X-XSS-Protection: 1; mode=block[\r][\n]"
13:44:53.981 [main] DEBUG org.apache.hc.client5.http.wire - http-outgoing-27 << "X-GitHub-Request-Id: 0DA8:ACC3:529747:55C146:64C1CDEC[\r][\n]"
13:44:53.981 [main] DEBUG org.apache.hc.client5.http.wire - http-outgoing-27 << "Content-Encoding: gzip[\r][\n]"
13:44:53.981 [main] DEBUG org.apache.hc.client5.http.wire - http-outgoing-27 << "Accept-Ranges: bytes[\r][\n]"
13:44:53.981 [main] DEBUG org.apache.hc.client5.http.wire - http-outgoing-27 << "Date: Mon, 31 Jul 2023 07:44:52 GMT[\r][\n]"
13:44:53.981 [main] DEBUG org.apache.hc.client5.http.wire - http-outgoing-27 << "Via: 1.1 varnish[\r][\n]"
13:44:53.981 [main] DEBUG org.apache.hc.client5.http.wire - http-outgoing-27 << "X-Served-By: cache-fra-eddf8230123-FRA[\r][\n]"
13:44:53.981 [main] DEBUG org.apache.hc.client5.http.wire - http-outgoing-27 << "X-Cache: HIT[\r][\n]"
13:44:53.981 [main] DEBUG org.apache.hc.client5.http.wire - http-outgoing-27 << "X-Cache-Hits: 1[\r][\n]"
13:44:53.981 [main] DEBUG org.apache.hc.client5.http.wire - http-outgoing-27 << "X-Timer: S1690789492.470988,VS0,VE3[\r][\n]"
13:44:53.981 [main] DEBUG org.apache.hc.client5.http.wire - http-outgoing-27 << "Vary: Authorization,Accept-Encoding,Origin[\r][\n]"
13:44:53.981 [main] DEBUG org.apache.hc.client5.http.wire - http-outgoing-27 << "Access-Control-Allow-Origin: *[\r][\n]"
13:44:53.981 [main] DEBUG org.apache.hc.client5.http.wire - http-outgoing-27 << "Cross-Origin-Resource-Policy: cross-origin[\r][\n]"
13:44:53.981 [main] DEBUG org.apache.hc.client5.http.wire - http-outgoing-27 << "X-Fastly-Request-ID: 5f19c30aa0b1349361e4902bfc59f376a1659be0[\r][\n]"
13:44:53.981 [main] DEBUG org.apache.hc.client5.http.wire - http-outgoing-27 << "Expires: Mon, 31 Jul 2023 07:49:52 GMT[\r][\n]"
13:44:53.981 [main] DEBUG org.apache.hc.client5.http.wire - http-outgoing-27 << "Source-Age: 4[\r][\n]"
13:44:53.981 [main] DEBUG org.apache.hc.client5.http.wire - http-outgoing-27 << "[\r][\n]"
13:44:53.981 [main] DEBUG org.apache.hc.client5.http.headers - http-outgoing-27 << HTTP/1.1 200 OK
13:44:53.981 [main] DEBUG org.apache.hc.client5.http.headers - http-outgoing-27 << Connection: keep-alive
13:44:53.981 [main] DEBUG org.apache.hc.client5.http.headers - http-outgoing-27 << Content-Length: 723
13:44:53.981 [main] DEBUG org.apache.hc.client5.http.headers - http-outgoing-27 << Cache-Control: max-age=300
13:44:53.981 [main] DEBUG org.apache.hc.client5.http.headers - http-outgoing-27 << Content-Security-Policy: default-src 'none'; style-src 'unsafe-inline'; sandbox
13:44:53.981 [main] DEBUG org.apache.hc.client5.http.headers - http-outgoing-27 << Content-Type: text/plain; charset=utf-8
13:44:53.981 [main] DEBUG org.apache.hc.client5.http.headers - http-outgoing-27 << ETag: W/"e82b438271e9e8680c688b0b680efd0bdd22faa6d6f0a32fc1fd8accc486b67e"
13:44:53.981 [main] DEBUG org.apache.hc.client5.http.headers - http-outgoing-27 << Strict-Transport-Security: max-age=31536000
13:44:53.981 [main] DEBUG org.apache.hc.client5.http.headers - http-outgoing-27 << X-Content-Type-Options: nosniff
13:44:53.981 [main] DEBUG org.apache.hc.client5.http.headers - http-outgoing-27 << X-Frame-Options: deny
13:44:53.981 [main] DEBUG org.apache.hc.client5.http.headers - http-outgoing-27 << X-XSS-Protection: 1; mode=block
13:44:53.981 [main] DEBUG org.apache.hc.client5.http.headers - http-outgoing-27 << X-GitHub-Request-Id: 0DA8:ACC3:529747:55C146:64C1CDEC
13:44:53.981 [main] DEBUG org.apache.hc.client5.http.headers - http-outgoing-27 << Content-Encoding: gzip
13:44:53.981 [main] DEBUG org.apache.hc.client5.http.headers - http-outgoing-27 << Accept-Ranges: bytes
13:44:53.981 [main] DEBUG org.apache.hc.client5.http.headers - http-outgoing-27 << Date: Mon, 31 Jul 2023 07:44:52 GMT
13:44:53.981 [main] DEBUG org.apache.hc.client5.http.headers - http-outgoing-27 << Via: 1.1 varnish
13:44:53.981 [main] DEBUG org.apache.hc.client5.http.headers - http-outgoing-27 << X-Served-By: cache-fra-eddf8230123-FRA
13:44:53.981 [main] DEBUG org.apache.hc.client5.http.headers - http-outgoing-27 << X-Cache: HIT
13:44:53.981 [main] DEBUG org.apache.hc.client5.http.headers - http-outgoing-27 << X-Cache-Hits: 1
13:44:53.981 [main] DEBUG org.apache.hc.client5.http.headers - http-outgoing-27 << X-Timer: S1690789492.470988,VS0,VE3
13:44:53.981 [main] DEBUG org.apache.hc.client5.http.headers - http-outgoing-27 << Vary: Authorization,Accept-Encoding,Origin
13:44:53.981 [main] DEBUG org.apache.hc.client5.http.headers - http-outgoing-27 << Access-Control-Allow-Origin: *
13:44:53.981 [main] DEBUG org.apache.hc.client5.http.headers - http-outgoing-27 << Cross-Origin-Resource-Policy: cross-origin
13:44:53.981 [main] DEBUG org.apache.hc.client5.http.headers - http-outgoing-27 << X-Fastly-Request-ID: 5f19c30aa0b1349361e4902bfc59f376a1659be0
13:44:53.981 [main] DEBUG org.apache.hc.client5.http.headers - http-outgoing-27 << Expires: Mon, 31 Jul 2023 07:49:52 GMT
13:44:53.981 [main] DEBUG org.apache.hc.client5.http.headers - http-outgoing-27 << Source-Age: 4
13:44:53.981 [main] DEBUG org.apache.hc.client5.http.impl.classic.MainClientExec - ex-0000000037 connection can be kept alive for 3 MINUTES
13:44:53.981 [main] DEBUG org.apache.hc.client5.http.wire - http-outgoing-27 << "[0x1f][0xffffff8b][0x8][0x0][0x0][0x0][0x0][0x0][0x0][0x3][0xffffffb5]V]o[0xffffffda]0[0x14]}[0xffffffe7]W\[0xffffff81]*[0xffffffb5][0x12][0x1f][[M[0xffffffd3]$[0x1e]hF[0xffffffbb]i [0x18][0xffffffb4][0xffffffdd]&[0xfffffff9][0xffffffc5]$7[0xffffffc1]R[0x12]#;[0xffffff94]v[0xffffffbf]~[0xffffffb6][0xfffffff3]1[0xffffff92][0xffffff9a][0xffffffc1][0x1a]x[0xffffffcb][0xffffffb5][0xffffffaf][0xffffffcf]9[0xffffffbe][0xfffffff7]8v[0xb][0x1c][0x1e]E4[0xfffffff6]$x4[0xffffffa1][0xb]*[0xffffffb1][0xffffffd1][0xffffff82][0xfffffffb]%[0xffffff93][0xffffffe0][0xffffffb3][0x10][0xffffffc1][0xffffffe5]qBY,!Y[0xffffffea] KM8,[0x10][0xfffffff0][0x19][0xffffffdd]u[0xffffff82][0x1e][0xffffffb0][0xffffffd8]L[0xffffffcb]%[0xffffff86][0xffffffa1][0xe][0xffffffb8][0xfffffff0]P[0xffffffe8]$[0xf][0x13]t[0x13]3[0xfffffff9][0xffffff84]B2[0xffffffae][0xffffffe6]|@[0xfffffff5][0x1d][0x8][0xffffffc4][0x18][0x16][0xffffff82]o[0xffffffa4][0xffffff9a]P[0xffffff94][0xffffffe7][0xffffffce]R[0xfffffff0][0x8][0xffffffdb]p[0xffffffcb][0x4][0xfffffffa][0xfffffffc][0xffffffb9][\r][0xffffff93][0x15][\n]"
13:44:53.982 [main] DEBUG org.apache.hc.client5.http.wire - http-outgoing-27 << "[0xffffffda][0xffffff86][0xffffffa1][0x17][0xffffffa8]Q3[0xffffffcb][0xffffffd6][0xffffffd1][0xffffff85][0xffffffc6][0xfffffff7][0xffffff98][0xffffffef][0xffffffa3][0xffffffc0]8[0x1][0xffffffae]s[0x12][0x16][0x7] _d[0xffffff82][0xffffff91][0xffffff84][0xfffffff3][0x1f],[0xfffffff6][0x14]j[0x1b]F,^+[0xffffff98]1ua2[0xffffffbf]h([0xffffff8e][0xffffff94][0xffffffa2][0xffffff91]m[0xffffffa3][0xffffffeb][0xffffff9a][0xffffffb0][0xffffffbb]I[0x17]t[0xffffffdf][0xffffffbd][0xffffffef][0xffffffbb][0xffffff91][0xffffffd7]U[0xffffffbb][0xffffff82][0xffffff9e][0x3][0xffffff9b][0xffffff88][0xffffffb9][0xffffffa6]$[0xffffffa6][0xc][0xffffff9b][0xffffffa5][0xffffffe2][0xffffff83][0xffffff98]F[0xffffffd8]o[0xffffff9e]Mg[0xffffff93][0xffffffbb][0xffffffd9]`|[0xfffffffb]u4[0xffffff9c][0x7f]"}B[0xffffffce][0x8][0xffffffb9][0xffffffe3]<[0x8][0xffffff91][0xffffff90][0xffffff94][0xffffff82][0xffffff90][0xffffffc1]j[0x15]2WI[0xffffffe3]1![0x19][0xffffff91]BnB[0xffffff80][0x9]<f[0xffffffb5][0xffffffe8]=[0xffffffd1]p[0xffffffbd][[0xffffffcf][0xffffffe5][0x1b][0xfffffff4][0xffffff9c][0xffffffff][0xfffffffc][0xfffffff8][0xffffffe1][0xffffffe2][0xffffff94][0xffffffa2][0xffffffae][0xe][0x14]5[0xffffff9a]8[0xffffff83][0xffffffd1]`:[0xfffffffd]<[0xffffffb8][0x1f][0xffffff9c]R[0xffffffcf]u[0x7f]6[0xffffffbc][0xffffff83][0xffffffef][0xf][0xffffffc3][0xffffffd9]/[0xfffffff8][0xfffffff2][0xffffffcd]y s[0xffffffee]'[0x1b]*0g[0xffffffcb][0xffffffc8]nF7H][0xffffff83][0xffffff97]{[0xffffffb1]Q[0x5][\r][0xffffffb5]c[0xffffffb4][0xf][0x2][0xffffffb3][0xffffffb4][0xffffff93][0xe]C[0xffffffa7][0xffffffb3]kAD][0xffffff9d][0xffffffde][0xffffffdb][0xffffffda][0xffffff88][0xffffffec][0xffffffa5][0xffffffbc][0xffffff99][0xffffffd9][0xffffffba]t[0xffffffb5][0xffffffea]9[0xffffffea][0x10])[0xffffffb7][0xffffffca][0xffffff9e][0xfffffff2][0xffffffe2]d^N[0xffffffd8]FW[0x16][0xffffffcd][0xffffffdc]_[0x10][0xfffffff9]i|[0x1c][0xffffff93][0xffffff8e][0xfffffff9]o[0x16][0xffffff86]4'!$G[0xffffffdf]W[0xfffffff4]W*j[[0xfffffff3]xR[0xffffffae][0xffffffb6][0xc][0xffffffd0],; #[0xffffffa9][0xffffff92]5[0xffffffb5][0x7][0xffffff9c][0xffffffb5][0xffffffd0][0x7f][0xffffff90][0xffffffc7]jgs[0xfffffffc][0xffffffc2][0xb][0xffffffd9][0x0]t[0xffffff9e]^'Y[0xfffffffb][0xffffff9f][0xffffffb1][0xffffffd8]:[0xffffffbf][0xffffff8d][0xffffffa5][0xffffff9a][0xffffffad][0x7f]m[0x5]&[0xffffffaa][0xffffffa0]^[0xffffff9b][0xffffffcb][0x5]f[0xffffffae][0xffffffe0]RU[0xffffff82][0x10]MS9l[0xffffff91]4t[0xfffffffb][0xffffff8a]][0xffffffd6][0xfffffff4][0xffffff96][0xffffffa6][0xffffff9f]P[0xffffffce][0xffffffd5][0xffffffce][0xffffff93][0xffffffff][0xffffff97][0xffffffcc]p[0xfffffffd][0xfffffff3][0xffffffe8][0x1b][0xffffffcc][0xffffffa2][0xffffffd9]Q[0xffffffbe][0xffffffb2][0xffffffa3][0xffffffc7]m'[0xffffffdf][0xffffffe4][[0xfffffffb]^[0xffffffb0][0xffffff9a][0xffffffbe][0xffffffda][0xffffffda]_[0xffffffce][0xffffff80][0xffffffd2][0xffffffc1]7[0xffffffb7]][0xffffffc1]b[0xffffffee][0xffffffb5][0xffffffff]w[0xffffff83][0xffffffed][0xffffffa7];[0x15]<[0x10]4[0xffffff92][0xffffff84][0x18][\n]"
13:44:53.982 [main] DEBUG org.apache.hc.client5.http.wire - http-outgoing-27 << "BB[0xffffffba][0xffffff8e]][0xffffffb5]jo[0xffffffb9]+"[0xffffffea][0xffffffb4][0xffffffff]h"[0xffffffea]\?5[0xffffffa9][0xffffffaf]k[0xffffffec][0xffffffff]P[0xffffffea][\n]"
13:44:53.982 [main] DEBUG org.apache.hc.client5.http.wire - http-outgoing-27 << "w[0xffffffe1]K[0x13][0xffffffda][0xffffffec][0xffffff98][0xffffffe6]Y[0xfffffffd]h8m6[0xffffff9c]T[0xffffffc1][0xfffffff2][0xffffffa7][0xffffff91]z_[0xffffff95]o85p[0x1c][0x13][0xffffffe6][0xfffffff0]5[0xffffffee][0xfffffffc][0xffffff92][0xffffff96][0xffffffda][0xfffffff7][0xffffffcf][0xffffffb1][0x5][0x1d][0xffffffea]K[0xffffff9b]9[0xffffff8e][0xffffffad]e[0xfffffff7][0xffffff93][0xffffffa8]`[0xffffffda][0xffffffff][0x1a][0xffffffd2][0xffffff88][0xffffff85][0xfffffffd][0xfffffff2][0xffffff91]N[0xfffffff6]`[0xffffffdf]2[0xffffffcf][0xffffffae]E[0xffffff97][0xffffffc5][0xffffffa2][0xffffff9d][0xffffffef]'[0xffffff9d]mun.[0xffffffd3]f^[0xffffffc7][0xffffff82][0xffffffda][0xffffff82]9[0xfffffff5][0xffffffa9]`[0x5][0xffffffbc]4[0xffffffa1][0x1d]<M[0xffffffb5]A[0xffffffa7]3[[0xffffffc0][0x7f][0x0][0xffffffc1][0xffffffd0]$[0xffffff85][0x1d][\r][0x0][0x0]"
13:44:53.982 [main] DEBUG org.apache.hc.client5.http.impl.classic.InternalHttpClient - ep-0000000037 releasing valid endpoint
13:44:53.982 [main] DEBUG org.apache.hc.client5.http.impl.io.PoolingHttpClientConnectionManager - ep-0000000037 releasing endpoint
13:44:53.982 [main] DEBUG org.apache.hc.client5.http.impl.io.PoolingHttpClientConnectionManager - ep-0000000037 connection http-outgoing-27 can be kept alive for 3 MINUTES
13:44:53.982 [main] DEBUG org.apache.hc.client5.http.impl.io.PoolingHttpClientConnectionManager - ep-0000000037 connection released [route: {s}->https://raw.githubusercontent.com:443][total available: 1; route allocated: 1 of 5; total allocated: 1 of 25]
13:44:53.982 [main] DEBUG io.github.bonigarcia.wdm.versions.VersionDetector - Detecting chrome version using online commands.properties
13:44:53.982 [main] DEBUG io.github.bonigarcia.wdm.versions.Shell - Running command on the shell: [cmd.exe, /C, wmic, datafile, where, name="%PROGRAMFILES:\=\\%\\Google\\Chrome\\Application\\chrome.exe", get, Version, /value]
13:44:54.051 [main] DEBUG io.github.bonigarcia.wdm.versions.Shell - Result: Version=115.0.5790.110
13:44:54.052 [main] DEBUG org.apache.hc.client5.http.impl.classic.InternalHttpClient - ex-0000000038 preparing request execution
13:44:54.052 [main] DEBUG org.apache.hc.client5.http.impl.classic.ProtocolExec - ex-0000000038 target auth state: UNCHALLENGED
13:44:54.052 [main] DEBUG org.apache.hc.client5.http.impl.classic.ProtocolExec - ex-0000000038 proxy auth state: UNCHALLENGED
13:44:54.052 [main] DEBUG org.apache.hc.client5.http.impl.classic.ConnectExec - ex-0000000038 acquiring connection with route {s}->https://chromedriver.storage.googleapis.com:443
13:44:54.053 [main] DEBUG org.apache.hc.client5.http.impl.classic.InternalHttpClient - ex-0000000038 acquiring endpoint (3 MINUTES)
13:44:54.053 [main] DEBUG org.apache.hc.client5.http.impl.io.PoolingHttpClientConnectionManager - ex-0000000038 endpoint lease request (3 MINUTES) [route: {s}->https://chromedriver.storage.googleapis.com:443][total available: 1; route allocated: 0 of 5; total allocated: 1 of 25]
13:44:54.053 [main] DEBUG org.apache.hc.client5.http.impl.io.PoolingHttpClientConnectionManager - ex-0000000038 endpoint leased [route: {s}->https://chromedriver.storage.googleapis.com:443][total available: 1; route allocated: 1 of 5; total allocated: 2 of 25]
13:44:54.053 [main] DEBUG org.apache.hc.client5.http.impl.io.PoolingHttpClientConnectionManager - ex-0000000038 acquired ep-0000000038
13:44:54.053 [main] DEBUG org.apache.hc.client5.http.impl.classic.InternalHttpClient - ex-0000000038 acquired endpoint ep-0000000038
13:44:54.053 [main] DEBUG org.apache.hc.client5.http.impl.classic.ConnectExec - ex-0000000038 opening connection {s}->https://chromedriver.storage.googleapis.com:443
13:44:54.053 [main] DEBUG org.apache.hc.client5.http.impl.classic.InternalHttpClient - ep-0000000038 connecting endpoint (null)
13:44:54.053 [main] DEBUG org.apache.hc.client5.http.impl.io.PoolingHttpClientConnectionManager - ep-0000000038 connecting endpoint to https://chromedriver.storage.googleapis.com:443 (30 SECONDS)
13:44:54.053 [main] DEBUG org.apache.hc.client5.http.impl.io.DefaultHttpClientConnectionOperator - chromedriver.storage.googleapis.com resolving remote address
13:44:54.053 [main] DEBUG org.apache.hc.client5.http.impl.io.DefaultHttpClientConnectionOperator - chromedriver.storage.googleapis.com resolved to [chromedriver.storage.googleapis.com/173.194.221.128, chromedriver.storage.googleapis.com/64.233.161.128, chromedriver.storage.googleapis.com/64.233.162.128, chromedriver.storage.googleapis.com/74.125.205.128, chromedriver.storage.googleapis.com/64.233.164.128, chromedriver.storage.googleapis.com/108.177.14.128, chromedriver.storage.googleapis.com/64.233.165.128, chromedriver.storage.googleapis.com/64.233.163.128, chromedriver.storage.googleapis.com/142.250.150.128, chromedriver.storage.googleapis.com/209.85.233.128, chromedriver.storage.googleapis.com/173.194.220.128, chromedriver.storage.googleapis.com/173.194.222.128, chromedriver.storage.googleapis.com/173.194.73.128, chromedriver.storage.googleapis.com/142.251.1.128]
13:44:54.053 [main] DEBUG org.apache.hc.client5.http.impl.io.DefaultHttpClientConnectionOperator - chromedriver.storage.googleapis.com:443 connecting null->chromedriver.storage.googleapis.com/173.194.221.128:443 (30 SECONDS)
13:44:54.053 [main] DEBUG org.apache.hc.client5.http.ssl.SSLConnectionSocketFactory - Connecting socket to chromedriver.storage.googleapis.com/173.194.221.128:443 with timeout 30 SECONDS
13:44:54.147 [main] DEBUG org.apache.hc.client5.http.ssl.SSLConnectionSocketFactory - Enabled protocols: [TLSv1.3, TLSv1.2]
13:44:54.147 [main] DEBUG org.apache.hc.client5.http.ssl.SSLConnectionSocketFactory - Enabled cipher suites: [TLS_AES_256_GCM_SHA384, TLS_AES_128_GCM_SHA256, TLS_CHACHA20_POLY1305_SHA256, TLS_ECDHE_ECDSA_WITH_AES_256_GCM_SHA384, TLS_ECDHE_ECDSA_WITH_AES_128_GCM_SHA256, TLS_ECDHE_ECDSA_WITH_CHACHA20_POLY1305_SHA256, TLS_ECDHE_RSA_WITH_AES_256_GCM_SHA384, TLS_ECDHE_RSA_WITH_CHACHA20_POLY1305_SHA256, TLS_ECDHE_RSA_WITH_AES_128_GCM_SHA256, TLS_DHE_RSA_WITH_AES_256_GCM_SHA384, TLS_DHE_RSA_WITH_CHACHA20_POLY1305_SHA256, TLS_DHE_DSS_WITH_AES_256_GCM_SHA384, TLS_DHE_RSA_WITH_AES_128_GCM_SHA256, TLS_DHE_DSS_WITH_AES_128_GCM_SHA256, TLS_ECDHE_ECDSA_WITH_AES_256_CBC_SHA384, TLS_ECDHE_RSA_WITH_AES_256_CBC_SHA384, TLS_ECDHE_ECDSA_WITH_AES_128_CBC_SHA256, TLS_ECDHE_RSA_WITH_AES_128_CBC_SHA256, TLS_DHE_RSA_WITH_AES_256_CBC_SHA256, TLS_DHE_DSS_WITH_AES_256_CBC_SHA256, TLS_DHE_RSA_WITH_AES_128_CBC_SHA256, TLS_DHE_DSS_WITH_AES_128_CBC_SHA256, TLS_ECDH_ECDSA_WITH_AES_256_GCM_SHA384, TLS_ECDH_RSA_WITH_AES_256_GCM_SHA384, TLS_ECDH_ECDSA_WITH_AES_128_GCM_SHA256, TLS_ECDH_RSA_WITH_AES_128_GCM_SHA256, TLS_ECDH_ECDSA_WITH_AES_256_CBC_SHA384, TLS_ECDH_RSA_WITH_AES_256_CBC_SHA384, TLS_ECDH_ECDSA_WITH_AES_128_CBC_SHA256, TLS_ECDH_RSA_WITH_AES_128_CBC_SHA256, TLS_ECDHE_ECDSA_WITH_AES_256_CBC_SHA, TLS_ECDHE_RSA_WITH_AES_256_CBC_SHA, TLS_ECDHE_ECDSA_WITH_AES_128_CBC_SHA, TLS_ECDHE_RSA_WITH_AES_128_CBC_SHA, TLS_DHE_RSA_WITH_AES_256_CBC_SHA, TLS_DHE_DSS_WITH_AES_256_CBC_SHA, TLS_DHE_RSA_WITH_AES_128_CBC_SHA, TLS_DHE_DSS_WITH_AES_128_CBC_SHA, TLS_ECDH_ECDSA_WITH_AES_256_CBC_SHA, TLS_ECDH_RSA_WITH_AES_256_CBC_SHA, TLS_ECDH_ECDSA_WITH_AES_128_CBC_SHA, TLS_ECDH_RSA_WITH_AES_128_CBC_SHA, TLS_RSA_WITH_AES_256_GCM_SHA384, TLS_RSA_WITH_AES_128_GCM_SHA256, TLS_RSA_WITH_AES_256_CBC_SHA256, TLS_RSA_WITH_AES_128_CBC_SHA256, TLS_RSA_WITH_AES_256_CBC_SHA, TLS_RSA_WITH_AES_128_CBC_SHA, TLS_EMPTY_RENEGOTIATION_INFO_SCSV]
13:44:54.147 [main] DEBUG org.apache.hc.client5.http.ssl.SSLConnectionSocketFactory - Starting handshake (null)
13:44:54.153 [AsyncHttpClient-1-1] DEBUG org.asynchttpclient.netty.channel.DefaultChannelPool - Entry count for : http://localhost:55414 : 1
13:44:54.153 [AsyncHttpClient-1-1] DEBUG org.asynchttpclient.netty.channel.DefaultChannelPool - Entry count for : http://localhost:12729 : 1
13:44:54.153 [AsyncHttpClient-1-1] DEBUG org.asynchttpclient.netty.channel.DefaultChannelPool - Adding Candidate expired Channel [id: 0xa99d825a, L:/127.0.0.1:55420 ! R:localhost/127.0.0.1:55414] isIdleTimeoutExpired=false isRemotelyClosed=true isTtlExpired=false
13:44:54.153 [AsyncHttpClient-1-1] DEBUG org.asynchttpclient.netty.channel.DefaultChannelPool - Closing Idle Channel [id: 0xa99d825a, L:/127.0.0.1:55420 ! R:localhost/127.0.0.1:55414]
13:44:54.153 [AsyncHttpClient-1-1] DEBUG org.asynchttpclient.netty.channel.DefaultChannelPool - Adding Candidate expired Channel [id: 0xf7b8c70a, L:/127.0.0.1:55413 ! R:localhost/127.0.0.1:12729] isIdleTimeoutExpired=false isRemotelyClosed=true isTtlExpired=false
13:44:54.153 [AsyncHttpClient-1-1] DEBUG org.asynchttpclient.netty.channel.DefaultChannelPool - Closing Idle Channel [id: 0xf7b8c70a, L:/127.0.0.1:55413 ! R:localhost/127.0.0.1:12729]
13:44:54.153 [AsyncHttpClient-1-1] DEBUG org.asynchttpclient.netty.channel.DefaultChannelPool - Closed 2 connections out of 2 in 0 ms
13:44:54.277 [main] DEBUG org.apache.hc.client5.http.ssl.SSLConnectionSocketFactory - Secure session established
13:44:54.277 [main] DEBUG org.apache.hc.client5.http.ssl.SSLConnectionSocketFactory -  negotiated protocol: TLSv1.3
13:44:54.277 [main] DEBUG org.apache.hc.client5.http.ssl.SSLConnectionSocketFactory -  negotiated cipher suite: TLS_AES_256_GCM_SHA384
13:44:54.277 [main] DEBUG org.apache.hc.client5.http.ssl.SSLConnectionSocketFactory -  peer principal: CN=*.storage.googleapis.com
13:44:54.277 [main] DEBUG org.apache.hc.client5.http.ssl.SSLConnectionSocketFactory -  peer alternative names: [*.storage.googleapis.com, *.googleapis.com, commondatastorage.googleapis.com, *.commondatastorage.googleapis.com, storage.googleapis.com, storage-p2.googleapis.com, *.storage-p2.googleapis.com, storage.mtls.googleapis.com, *.appspot.com.storage.googleapis.com, *.content-storage.googleapis.com, *.content-storage-p2.googleapis.com, *.content-storage-upload.googleapis.com, *.content-storage-download.googleapis.com, *.storage-upload.googleapis.com, *.storage-download.googleapis.com]
13:44:54.277 [main] DEBUG org.apache.hc.client5.http.ssl.SSLConnectionSocketFactory -  issuer principal: CN=GTS CA 1C3, O=Google Trust Services LLC, C=US
13:44:54.277 [main] DEBUG org.apache.hc.client5.http.impl.io.DefaultManagedHttpClientConnection - http-outgoing-28 set socket timeout to 3 MINUTES
13:44:54.277 [main] DEBUG org.apache.hc.client5.http.impl.io.DefaultHttpClientConnectionOperator - chromedriver.storage.googleapis.com:443 connected null->chromedriver.storage.googleapis.com/173.194.221.128:443 as http-outgoing-28
13:44:54.277 [main] DEBUG org.apache.hc.client5.http.impl.io.PoolingHttpClientConnectionManager - ep-0000000038 connected http-outgoing-28
13:44:54.277 [main] DEBUG org.apache.hc.client5.http.impl.classic.InternalHttpClient - ep-0000000038 endpoint connected
13:44:54.277 [main] DEBUG org.apache.hc.client5.http.impl.classic.MainClientExec - ex-0000000038 executing GET /LATEST_RELEASE_115 HTTP/1.1
13:44:54.277 [main] DEBUG org.apache.hc.client5.http.protocol.RequestAddCookies - ex-0000000038 Cookie spec selected: strict
13:44:54.277 [main] DEBUG org.apache.hc.client5.http.impl.classic.InternalHttpClient - ep-0000000038 start execution ex-0000000038
13:44:54.277 [main] DEBUG org.apache.hc.client5.http.impl.io.PoolingHttpClientConnectionManager - ep-0000000038 executing exchange ex-0000000038 over http-outgoing-28
13:44:54.277 [main] DEBUG org.apache.hc.client5.http.headers - http-outgoing-28 >> GET /LATEST_RELEASE_115 HTTP/1.1
13:44:54.277 [main] DEBUG org.apache.hc.client5.http.headers - http-outgoing-28 >> user-agent: Apache-HttpClient/5.0
13:44:54.277 [main] DEBUG org.apache.hc.client5.http.headers - http-outgoing-28 >> accept-encoding: gzip, deflate, br
13:44:54.277 [main] DEBUG org.apache.hc.client5.http.headers - http-outgoing-28 >> cache-control: max-age=0
13:44:54.277 [main] DEBUG org.apache.hc.client5.http.headers - http-outgoing-28 >> connection: keep-alive
13:44:54.277 [main] DEBUG org.apache.hc.client5.http.headers - http-outgoing-28 >> Host: chromedriver.storage.googleapis.com
13:44:54.277 [main] DEBUG org.apache.hc.client5.http.wire - http-outgoing-28 >> "GET /LATEST_RELEASE_115 HTTP/1.1[\r][\n]"
13:44:54.277 [main] DEBUG org.apache.hc.client5.http.wire - http-outgoing-28 >> "user-agent: Apache-HttpClient/5.0[\r][\n]"
13:44:54.277 [main] DEBUG org.apache.hc.client5.http.wire - http-outgoing-28 >> "accept-encoding: gzip, deflate, br[\r][\n]"
13:44:54.277 [main] DEBUG org.apache.hc.client5.http.wire - http-outgoing-28 >> "cache-control: max-age=0[\r][\n]"
13:44:54.277 [main] DEBUG org.apache.hc.client5.http.wire - http-outgoing-28 >> "connection: keep-alive[\r][\n]"
13:44:54.277 [main] DEBUG org.apache.hc.client5.http.wire - http-outgoing-28 >> "Host: chromedriver.storage.googleapis.com[\r][\n]"
13:44:54.277 [main] DEBUG org.apache.hc.client5.http.wire - http-outgoing-28 >> "[\r][\n]"
13:44:54.503 [main] DEBUG org.apache.hc.client5.http.wire - http-outgoing-28 << "HTTP/1.1 404 Not Found[\r][\n]"
13:44:54.503 [main] DEBUG org.apache.hc.client5.http.wire - http-outgoing-28 << "X-GUploader-UploadID: ADPycdtf_FUCVIDe6Vp-h5RX_XF-JR_2YhqScOWu48Jhsp6qD5s514Sbys5R_Tl2gyjaM3kNnude45fezPHlBMoYzW5WOQ[\r][\n]"
13:44:54.503 [main] DEBUG org.apache.hc.client5.http.wire - http-outgoing-28 << "Content-Type: application/xml; charset=UTF-8[\r][\n]"
13:44:54.503 [main] DEBUG org.apache.hc.client5.http.wire - http-outgoing-28 << "Content-Length: 193[\r][\n]"
13:44:54.503 [main] DEBUG org.apache.hc.client5.http.wire - http-outgoing-28 << "Date: Mon, 31 Jul 2023 07:44:52 GMT[\r][\n]"
13:44:54.503 [main] DEBUG org.apache.hc.client5.http.wire - http-outgoing-28 << "Expires: Mon, 31 Jul 2023 07:44:52 GMT[\r][\n]"
13:44:54.503 [main] DEBUG org.apache.hc.client5.http.wire - http-outgoing-28 << "Cache-Control: private, max-age=0[\r][\n]"
13:44:54.503 [main] DEBUG org.apache.hc.client5.http.wire - http-outgoing-28 << "Server: UploadServer[\r][\n]"
13:44:54.503 [main] DEBUG org.apache.hc.client5.http.wire - http-outgoing-28 << "Alt-Svc: h3=":443"; ma=2592000,h3-29=":443"; ma=2592000[\r][\n]"
13:44:54.503 [main] DEBUG org.apache.hc.client5.http.wire - http-outgoing-28 << "[\r][\n]"
13:44:54.503 [main] DEBUG org.apache.hc.client5.http.wire - http-outgoing-28 << "<?xml version='1.0' encoding='UTF-8'?><Error><Code>NoSuchKey</Code><Message>The specified key does not exist.</Message><Details>No such object: chromedriver/LATEST_RELEASE_115</Details></Error>"
13:44:54.503 [main] DEBUG org.apache.hc.client5.http.headers - http-outgoing-28 << HTTP/1.1 404 Not Found
13:44:54.503 [main] DEBUG org.apache.hc.client5.http.headers - http-outgoing-28 << X-GUploader-UploadID: ADPycdtf_FUCVIDe6Vp-h5RX_XF-JR_2YhqScOWu48Jhsp6qD5s514Sbys5R_Tl2gyjaM3kNnude45fezPHlBMoYzW5WOQ
13:44:54.503 [main] DEBUG org.apache.hc.client5.http.headers - http-outgoing-28 << Content-Type: application/xml; charset=UTF-8
13:44:54.503 [main] DEBUG org.apache.hc.client5.http.headers - http-outgoing-28 << Content-Length: 193
13:44:54.503 [main] DEBUG org.apache.hc.client5.http.headers - http-outgoing-28 << Date: Mon, 31 Jul 2023 07:44:52 GMT
13:44:54.503 [main] DEBUG org.apache.hc.client5.http.headers - http-outgoing-28 << Expires: Mon, 31 Jul 2023 07:44:52 GMT
13:44:54.503 [main] DEBUG org.apache.hc.client5.http.headers - http-outgoing-28 << Cache-Control: private, max-age=0
13:44:54.503 [main] DEBUG org.apache.hc.client5.http.headers - http-outgoing-28 << Server: UploadServer
13:44:54.503 [main] DEBUG org.apache.hc.client5.http.headers - http-outgoing-28 << Alt-Svc: h3=":443"; ma=2592000,h3-29=":443"; ma=2592000
13:44:54.503 [main] DEBUG org.apache.hc.client5.http.impl.classic.MainClientExec - ex-0000000038 connection can be kept alive for 3 MINUTES
13:44:54.503 [main] ERROR io.github.bonigarcia.wdm.online.HttpClient - Error HTTP 404 executing https://chromedriver.storage.googleapis.com/LATEST_RELEASE_115
13:44:54.503 [main] WARN io.github.bonigarcia.wdm.versions.VersionDetector - Exception reading https://chromedriver.storage.googleapis.com/LATEST_RELEASE_115 to get latest version of chromedriver (Error HTTP 404 executing https://chromedriver.storage.googleapis.com/LATEST_RELEASE_115)
13:44:54.504 [main] DEBUG io.github.bonigarcia.wdm.versions.VersionDetector - Getting driver version for chrome115 from online versions.properties
13:44:54.504 [main] DEBUG org.apache.hc.client5.http.impl.classic.InternalHttpClient - ex-0000000039 preparing request execution
13:44:54.504 [main] DEBUG org.apache.hc.client5.http.impl.classic.ProtocolExec - ex-0000000039 target auth state: UNCHALLENGED
13:44:54.504 [main] DEBUG org.apache.hc.client5.http.impl.classic.ProtocolExec - ex-0000000039 proxy auth state: UNCHALLENGED
13:44:54.504 [main] DEBUG org.apache.hc.client5.http.impl.classic.ConnectExec - ex-0000000039 acquiring connection with route {s}->https://raw.githubusercontent.com:443
13:44:54.504 [main] DEBUG org.apache.hc.client5.http.impl.classic.InternalHttpClient - ex-0000000039 acquiring endpoint (3 MINUTES)
13:44:54.504 [main] DEBUG org.apache.hc.client5.http.impl.io.PoolingHttpClientConnectionManager - ex-0000000039 endpoint lease request (3 MINUTES) [route: {s}->https://raw.githubusercontent.com:443][total available: 1; route allocated: 1 of 5; total allocated: 2 of 25]
13:44:54.504 [main] DEBUG org.apache.hc.client5.http.impl.io.PoolingHttpClientConnectionManager - ex-0000000039 endpoint leased [route: {s}->https://raw.githubusercontent.com:443][total available: 0; route allocated: 1 of 5; total allocated: 2 of 25]
13:44:54.504 [main] DEBUG org.apache.hc.client5.http.impl.io.PoolingHttpClientConnectionManager - ex-0000000039 acquired ep-0000000039
13:44:54.504 [main] DEBUG org.apache.hc.client5.http.impl.classic.InternalHttpClient - ex-0000000039 acquired endpoint ep-0000000039
13:44:54.504 [main] DEBUG org.apache.hc.client5.http.impl.classic.MainClientExec - ex-0000000039 executing GET /bonigarcia/webdrivermanager/master/src/main/resources/versions.properties HTTP/1.1
13:44:54.504 [main] DEBUG org.apache.hc.client5.http.protocol.RequestAddCookies - ex-0000000039 Cookie spec selected: strict
13:44:54.504 [main] DEBUG org.apache.hc.client5.http.impl.classic.InternalHttpClient - ep-0000000039 start execution ex-0000000039
13:44:54.504 [main] DEBUG org.apache.hc.client5.http.impl.io.PoolingHttpClientConnectionManager - ep-0000000039 executing exchange ex-0000000039 over http-outgoing-27
13:44:54.504 [main] DEBUG org.apache.hc.client5.http.headers - http-outgoing-27 >> GET /bonigarcia/webdrivermanager/master/src/main/resources/versions.properties HTTP/1.1
13:44:54.504 [main] DEBUG org.apache.hc.client5.http.headers - http-outgoing-27 >> user-agent: Apache-HttpClient/5.0
13:44:54.504 [main] DEBUG org.apache.hc.client5.http.headers - http-outgoing-27 >> accept-encoding: gzip, deflate, br
13:44:54.504 [main] DEBUG org.apache.hc.client5.http.headers - http-outgoing-27 >> cache-control: max-age=0
13:44:54.504 [main] DEBUG org.apache.hc.client5.http.headers - http-outgoing-27 >> connection: keep-alive
13:44:54.504 [main] DEBUG org.apache.hc.client5.http.headers - http-outgoing-27 >> Host: raw.githubusercontent.com
13:44:54.504 [main] DEBUG org.apache.hc.client5.http.wire - http-outgoing-27 >> "GET /bonigarcia/webdrivermanager/master/src/main/resources/versions.properties HTTP/1.1[\r][\n]"
13:44:54.504 [main] DEBUG org.apache.hc.client5.http.wire - http-outgoing-27 >> "user-agent: Apache-HttpClient/5.0[\r][\n]"
13:44:54.504 [main] DEBUG org.apache.hc.client5.http.wire - http-outgoing-27 >> "accept-encoding: gzip, deflate, br[\r][\n]"
13:44:54.504 [main] DEBUG org.apache.hc.client5.http.wire - http-outgoing-27 >> "cache-control: max-age=0[\r][\n]"
13:44:54.504 [main] DEBUG org.apache.hc.client5.http.wire - http-outgoing-27 >> "connection: keep-alive[\r][\n]"
13:44:54.504 [main] DEBUG org.apache.hc.client5.http.wire - http-outgoing-27 >> "Host: raw.githubusercontent.com[\r][\n]"
13:44:54.504 [main] DEBUG org.apache.hc.client5.http.wire - http-outgoing-27 >> "[\r][\n]"
13:44:54.627 [main] DEBUG org.apache.hc.client5.http.wire - http-outgoing-27 << "HTTP/1.1 200 OK[\r][\n]"
13:44:54.627 [main] DEBUG org.apache.hc.client5.http.wire - http-outgoing-27 << "Connection: keep-alive[\r][\n]"
13:44:54.627 [main] DEBUG org.apache.hc.client5.http.wire - http-outgoing-27 << "Content-Length: 1592[\r][\n]"
13:44:54.627 [main] DEBUG org.apache.hc.client5.http.wire - http-outgoing-27 << "Cache-Control: max-age=300[\r][\n]"
13:44:54.627 [main] DEBUG org.apache.hc.client5.http.wire - http-outgoing-27 << "Content-Security-Policy: default-src 'none'; style-src 'unsafe-inline'; sandbox[\r][\n]"
13:44:54.627 [main] DEBUG org.apache.hc.client5.http.wire - http-outgoing-27 << "Content-Type: text/plain; charset=utf-8[\r][\n]"
13:44:54.627 [main] DEBUG org.apache.hc.client5.http.wire - http-outgoing-27 << "ETag: W/"6491455d22a0b1c9f41db367f9402c53615bff135fde7080d63626aba742b88e"[\r][\n]"
13:44:54.627 [main] DEBUG org.apache.hc.client5.http.wire - http-outgoing-27 << "Strict-Transport-Security: max-age=31536000[\r][\n]"
13:44:54.627 [main] DEBUG org.apache.hc.client5.http.wire - http-outgoing-27 << "X-Content-Type-Options: nosniff[\r][\n]"
13:44:54.627 [main] DEBUG org.apache.hc.client5.http.wire - http-outgoing-27 << "X-Frame-Options: deny[\r][\n]"
13:44:54.627 [main] DEBUG org.apache.hc.client5.http.wire - http-outgoing-27 << "X-XSS-Protection: 1; mode=block[\r][\n]"
13:44:54.627 [main] DEBUG org.apache.hc.client5.http.wire - http-outgoing-27 << "X-GitHub-Request-Id: 637A:6A87:B4204:C04FE:64A4C750[\r][\n]"
13:44:54.627 [main] DEBUG org.apache.hc.client5.http.wire - http-outgoing-27 << "Content-Encoding: gzip[\r][\n]"
13:44:54.627 [main] DEBUG org.apache.hc.client5.http.wire - http-outgoing-27 << "Accept-Ranges: bytes[\r][\n]"
13:44:54.627 [main] DEBUG org.apache.hc.client5.http.wire - http-outgoing-27 << "Date: Mon, 31 Jul 2023 07:44:53 GMT[\r][\n]"
13:44:54.627 [main] DEBUG org.apache.hc.client5.http.wire - http-outgoing-27 << "Via: 1.1 varnish[\r][\n]"
13:44:54.627 [main] DEBUG org.apache.hc.client5.http.wire - http-outgoing-27 << "X-Served-By: cache-fra-eddf8230123-FRA[\r][\n]"
13:44:54.627 [main] DEBUG org.apache.hc.client5.http.wire - http-outgoing-27 << "X-Cache: HIT[\r][\n]"
13:44:54.627 [main] DEBUG org.apache.hc.client5.http.wire - http-outgoing-27 << "X-Cache-Hits: 4[\r][\n]"
13:44:54.627 [main] DEBUG org.apache.hc.client5.http.wire - http-outgoing-27 << "X-Timer: S1690789493.112998,VS0,VE0[\r][\n]"
13:44:54.627 [main] DEBUG org.apache.hc.client5.http.wire - http-outgoing-27 << "Vary: Authorization,Accept-Encoding,Origin[\r][\n]"
13:44:54.627 [main] DEBUG org.apache.hc.client5.http.wire - http-outgoing-27 << "Access-Control-Allow-Origin: *[\r][\n]"
13:44:54.627 [main] DEBUG org.apache.hc.client5.http.wire - http-outgoing-27 << "Cross-Origin-Resource-Policy: cross-origin[\r][\n]"
13:44:54.627 [main] DEBUG org.apache.hc.client5.http.wire - http-outgoing-27 << "X-Fastly-Request-ID: 9bd40370df046d1e97175b2c0eef9e4052a91351[\r][\n]"
13:44:54.627 [main] DEBUG org.apache.hc.client5.http.wire - http-outgoing-27 << "Expires: Mon, 31 Jul 2023 07:49:53 GMT[\r][\n]"
13:44:54.627 [main] DEBUG org.apache.hc.client5.http.wire - http-outgoing-27 << "Source-Age: 270[\r][\n]"
13:44:54.627 [main] DEBUG org.apache.hc.client5.http.wire - http-outgoing-27 << "[\r][\n]"
13:44:54.627 [main] DEBUG org.apache.hc.client5.http.headers - http-outgoing-27 << HTTP/1.1 200 OK
13:44:54.627 [main] DEBUG org.apache.hc.client5.http.headers - http-outgoing-27 << Connection: keep-alive
13:44:54.627 [main] DEBUG org.apache.hc.client5.http.headers - http-outgoing-27 << Content-Length: 1592
13:44:54.627 [main] DEBUG org.apache.hc.client5.http.headers - http-outgoing-27 << Cache-Control: max-age=300
13:44:54.627 [main] DEBUG org.apache.hc.client5.http.headers - http-outgoing-27 << Content-Security-Policy: default-src 'none'; style-src 'unsafe-inline'; sandbox
13:44:54.627 [main] DEBUG org.apache.hc.client5.http.headers - http-outgoing-27 << Content-Type: text/plain; charset=utf-8
13:44:54.627 [main] DEBUG org.apache.hc.client5.http.headers - http-outgoing-27 << ETag: W/"6491455d22a0b1c9f41db367f9402c53615bff135fde7080d63626aba742b88e"
13:44:54.627 [main] DEBUG org.apache.hc.client5.http.headers - http-outgoing-27 << Strict-Transport-Security: max-age=31536000
13:44:54.627 [main] DEBUG org.apache.hc.client5.http.headers - http-outgoing-27 << X-Content-Type-Options: nosniff
13:44:54.627 [main] DEBUG org.apache.hc.client5.http.headers - http-outgoing-27 << X-Frame-Options: deny
13:44:54.627 [main] DEBUG org.apache.hc.client5.http.headers - http-outgoing-27 << X-XSS-Protection: 1; mode=block
13:44:54.627 [main] DEBUG org.apache.hc.client5.http.headers - http-outgoing-27 << X-GitHub-Request-Id: 637A:6A87:B4204:C04FE:64A4C750
13:44:54.627 [main] DEBUG org.apache.hc.client5.http.headers - http-outgoing-27 << Content-Encoding: gzip
13:44:54.627 [main] DEBUG org.apache.hc.client5.http.headers - http-outgoing-27 << Accept-Ranges: bytes
13:44:54.627 [main] DEBUG org.apache.hc.client5.http.headers - http-outgoing-27 << Date: Mon, 31 Jul 2023 07:44:53 GMT
13:44:54.627 [main] DEBUG org.apache.hc.client5.http.headers - http-outgoing-27 << Via: 1.1 varnish
13:44:54.627 [main] DEBUG org.apache.hc.client5.http.headers - http-outgoing-27 << X-Served-By: cache-fra-eddf8230123-FRA
13:44:54.627 [main] DEBUG org.apache.hc.client5.http.headers - http-outgoing-27 << X-Cache: HIT
13:44:54.627 [main] DEBUG org.apache.hc.client5.http.headers - http-outgoing-27 << X-Cache-Hits: 4
13:44:54.627 [main] DEBUG org.apache.hc.client5.http.headers - http-outgoing-27 << X-Timer: S1690789493.112998,VS0,VE0
13:44:54.627 [main] DEBUG org.apache.hc.client5.http.headers - http-outgoing-27 << Vary: Authorization,Accept-Encoding,Origin
13:44:54.627 [main] DEBUG org.apache.hc.client5.http.headers - http-outgoing-27 << Access-Control-Allow-Origin: *
13:44:54.627 [main] DEBUG org.apache.hc.client5.http.headers - http-outgoing-27 << Cross-Origin-Resource-Policy: cross-origin
13:44:54.627 [main] DEBUG org.apache.hc.client5.http.headers - http-outgoing-27 << X-Fastly-Request-ID: 9bd40370df046d1e97175b2c0eef9e4052a91351
13:44:54.627 [main] DEBUG org.apache.hc.client5.http.headers - http-outgoing-27 << Expires: Mon, 31 Jul 2023 07:49:53 GMT
13:44:54.627 [main] DEBUG org.apache.hc.client5.http.headers - http-outgoing-27 << Source-Age: 270
13:44:54.627 [main] DEBUG org.apache.hc.client5.http.impl.classic.MainClientExec - ex-0000000039 connection can be kept alive for 3 MINUTES
13:44:54.628 [main] DEBUG org.apache.hc.client5.http.wire - http-outgoing-27 << "[0x1f][0xffffff8b][0x8][0x0][0x0][0x0][0x0][0x0][0x0][0x3][0xffffff8d][0xffffff98]Ko[0xffffffe3]8[0xc][0xffffffc7][0xffffffef][0xfffffffd][0x14][0x6][0xffffffe6]\EOJ*[0xffffffa0][0xffffffcb]>O[0xffffff8b]=[0xffffffec]~[0xffffff81]4qSc[0xffffffd2][0xffffffb8][0xffffffb0][0xffffffd3][0xffffffe9]`?[0xfffffffd]R[0xf][0xffffffca][0xffffff8a]2[0xb][0xffffffec]![0xffffff98][0xffffffe1][0xffffffcf][0xffffffb2]DR[0x12][0xfffffffd]g[0xffffffbf][0xc][0x7f][0xffffffbf]N[0xffffffeb][0xfffffff0]2[0xffffff9d][0xffffffc7][0xffffffe1]0_[0xffffffae][0xfffffffb][0xffffffe9][0xffffffb2][0xe][0xffffffd7][0xffffffd7]q[0xfffffff8]z[0xffffff99]?/[0xffffffc3]q[0xffffff99][0xffffffbe][0xffffff8d][0xffffffcb][0xffffff80][0xffffffbf]u[0xffffff9a][0xfffffff1][0xffffffc9]a~{[0xffffffdf]_[0xffffffa7]g[0x1c][0xfffffffd]9]_[0xffffffd3][0xffffffc8][0xffffffc3][0xffffffbc],[0xffffffe3][0xfffffffa]>_[0xffffff8e][0xffffffd3][0xffffffe5]4</[0xfffffff3][0xffffffe7][0xffffffba][0xffffffbd][0xfffffff2][0xfffffff0][0xfffffff0]e[0xfffffff8])[0xffffffa3][0xffffffa7][0xffffffe1][0xfffffff7]y>[0xffffffe1][0xffffff9b]?[0xffffffbf].[0xfffffff3][0xffffffdb]8[0xffffffec]/[0xffffffc7][0xfffffffc][0xffffffdf][0xffffffe9][0xffffffe3]mx[0x1c]~IK=[\r][0xffffff87][0xfffffff4]4/[0xffffff8c]/[0xffffffff]5[0x7f],[0xffffff87][0xfffffff1]ix[0xffffffbd]^[0xffffffdf][0xffffff9f]v[0xffffffbb][0xfffffff6]);[0xffffff94][0xffffffb7][0xffffffd9][0xffffffbc][0xffffff9c]vG[0xfffffff4][0xfffffff7]<[0xffffffef][0xffffff8f][0xffffffeb]C[0x1e]#[0xffffff84][0xe][0xfffffff8]c[0xffffff9c][0x19][0xffffffab][0xc][0xfffffff3][0xffffffbc]r[0xffffff85]\E[0xe]V2P[0xffffff95]K[0xffffffe4]2qa[0xffffff98][0xfffffff6][0xffffff95][0xb][0xffffffe4]"r[0x3][0xffffff8a][0xffffff81][0xffffffae][0xffffff9c]#[0xffffffe7][0xffffff91]k'[0xffffff98][0xffffffb5][0xffffffc4][0xffffffb9][0xf][0xfffffff8]K[0x1c][0xffffff97][0xffffffb7]u<w[0xffffffc8]][0xffffffe4][0xffffffca]xfE[0xffffffe5][0x16][0xffffffb9]M[0xffffff9c]k[0x6][0xffffffb2]r@[0xe][0xffffff91]K[0xffffffed][0x19]l[0xffffffe3][\r]r[0x13][0xffffffb9][0xfffffff0][0x6][0x1f]V[0xffffff8e][0xfffffff1][0xfffffff2][0x14]o[0xc][0xffffffc3]V[0xffffffff]9[0xffffffc6][0xffffffcb]S[0xffffffbc][0x1c]8[0x13]js[0x8][0x3][0xffffffe6])`[0xffffff8e][0xfffffff3]5[0xb]`[0xffffffc0]<[0x6][0xffffffac][0xffffffbd][0x11]Lo[0x1c][0x3][0xffffffe6]1`[0xffffffed]<0[0xffffffa0][0xffffff84]z[0x1f][0xffffffbc]OTk\[0xffffff9b][0xffffffa8][0xb]>[0x6][0xffffffab][0xffffffad]q[0xc][0xffffff97]!l[0xffffff83][0xffffff8f][0xffffffb1]j[0xfffffff0]r[0xffffffcb][0xffffff81][0xffffff87][0xffffffe0]!Q[0xffffffd0]L[0x1b][0xffffffa2]&x[0xffffff93][0xffffffa8]r[0xc]([0x1e][0xffffffaf][0xffffff83][0xffffffd7][0xffffff89]brp#[0x9][0xffffffab][0xffffffe0]c[0xffffff90][0xffffffda]X[0xffffffbb]m[0xffffffaa][0xffffff97][0xffffffc1][0xffffffcb]DqK1[0xffffffcb][0xffffff84]E[0xfffffff0])@[0xffffff8d]'[0x0]c%[0xffffffcc][0xffffff83]O[0xfffffff1]i[0xffffffc5][0xffffff99][0xffffffa4]<9[0x1f]\[0xffffff8a]O[0xffffffe1]?[0xffffff92]fv.[0xffffffb8][0x14][0xffffff9f][0xffffff92][0xffffff9a]y j[0xffffff83]K[0xffffffe1]I[0xffffffc7][0xffffff99]sD![0xffffffb8][0x14][0xffffff9e][0xffffffd4]8/[0xffffffa5][0xffffffc2][0xffffff99][0xffffffe0]Rx[0xffffffc2])[0xffffffe6][0xffffffc8]5[0xffffffa7][0xffffff83]K[0xffffffe1][0x9]m[0xffffff99][0xffffffa2][0x1c];[0x15]\[0xffffff8a].[0xffffffee][0xffffffa4][0xffffffa2]T8[0x11]\[\n]"
13:44:54.628 [main] DEBUG org.apache.hc.client5.http.wire - http-outgoing-27 << "[0xffffff83]c[0xffffffe6][0xffffff85][0xffffffaa][0xffffffcb][0xfffffff1][0xffffffe0]b[0x18][0xffffffca][0xffffffa3]/x[0xffffff84][\n]"
13:44:54.628 [main] DEBUG org.apache.hc.client5.http.wire - http-outgoing-27 << "[0xffffffb6]>X[0xffffff9f][0xffffffb0]6LU[0xffffffea][0xffffff82]u[0xffffff89][0xffffffe2][0xffffffd9][0xffffffc1]sE[0xffffffd8][0x6][0x1b][0x3]Q[0xe][0xfffffff0].[0xffffff90][0x1b][0x16][0xffffff82][0xffffff85]D[0xfffffff1][0xffffff80][0xb]Y[0xffffffe7]0[0xffffffc1][0xffffffc6]H[0xffffff94][0xffffffb5]x[0xffffffc0][0xffffffb6][0xffffffd1]:X[0xffffff9d][0xffffffb0][0xffffffc4][0xfffffff3]KP[0x5][0x1b]#Q[0xffffff80][0x1][0x1][0xffffffb9]le[0xffffff90][0xffffffb8][0xffffffa3]d[0xffffff89][0x1b][0xffffff8b]G[0xffffff8b][0x1c][0x3][0x1f]-[0xffffffda][0x1b]p[0xffffffd1][0xffffffa2][0xffffff8c][0xffffff82][0xffffff8d][0x16][0xffffffed]&@[0xffffffb4][0xffffffc8][0x19]0h[0xffffffd5][0x14][0xffffff81][0xffffff8e][0x16][0xffffffe5][0x1c]T[0xffffffb4]h=[0xffffff88][0xffffffbe][0xffffffa8][0xffffffba]^[0xfffffff4][0xffffffa5][0xffffffde][0x19][0xffffff88][0xffffffbe](uS[0xffffffd5][0xfffffffe][0xffffff98][0xffffffff][0xffffff99][0xffffffce][0xffffffe7][0xfffffffd][0xfffffff0][0xffffffdb][0xffffffb4][0xffffff8c]/[0xfffffff3][0xfffffff7][0xffffffa6][0xffffff94][0xffffff9d][0xffffffc6][0xffffffc3][0xffffffd7][0xfffffff9][0xffffff87][0xffffff95]l[0xffffffc5]Rv[0xffffffc2][0x2][0xfffffffa][0xfffffff1][0xffffffcc][0xffffffb0][0xffffffa4][0xffffffee][0xffffffde][0xfffffff2][0x14][0xffffffbb][0xffffffe6][0xffffff85][0xffffffdd]2[0xffffff9e][0xffffffc7][0xfffffffd]:[0xffffffae][0xf]/y^! `[0xffffffda]0w[0x1b]1wD[0xffffffdf][0x11]uG[0xffffffe4][0x1d][0x11]w[0xffffff84]G"[0xffffff99][0xffffffac][0x4][0xffffffab]Z"[0xffffffdb][0x18][0xffffffac]g=[0xffffffb1]w[0x4][0xffffffee][0xffffff88][0xffffffb9]#[0xffffffc9]g[0xffffffd1][0x12]uG[0xffffffe4][0x1d][0x11]w[0xffffff84]w[0xffffffc4][0xfffffffb][0x1e][0xffffffb8][0x1e][0xffffffd8][0x1e]@[0xf]L[0xf]zo}[0xffffffef][0xffffffac][0xffffffef]}[0xfffffff5][0xffffffbd][0xffffffab]>z[0xffffff8a]w[0xffffffa2][0x1][0xffffffec]<]>[0xffffffbe]g,[0x8];[0xffffffdf][0xffffff8d]s[0xffffffae][0x7][0xffffffb6][0x7][0xffffffd0][0x3][0xffffffd3][0x3][0xffffffdd][0xffffff83][0x18][0xffffff80]t[\r][0xffffff90]=[0xffffff88][0x1]H[0xffffffdb][0x0][0xffffffde][0x1][0xffffffeb]{[0xffffff90]<[0xffffff85][0x6][0xffffffd8][0x1e]@[0xf]L[0xf]t[0xf]T[0xf]d[0xf]D[0xf]x[0x7][0xffffffc0][0xfffffff7] yj[0x1a][0xffffff90]<[0xffffffd5][\r][0xffffff80][0x1e][0xffffff98][0x1e]$O[0xffffff9b][0xb][0x4][0xffffffaa][0x7][0xffffffc9][0xffffffd3][0xffffffe6][0xffffffd8]C[0xfffffff2][0xffffffb4]9[0x14][0xffffffc0];`|[0xf]\[0xf]l[0xf][0xffffff92][0xffffffa7][0xffffffbc][0x1][0xffffff86]@[[0xffffffb1][0xfffffffe]|[0x1f][0xffffff97]}S[0xffffffa7][0xffffffe6]h[0xffffffff][0xffffff9f]:[0xffffff95][0x6][0xffffffae][0xfffffff3][0xffffffcb][0xfffffff5]s[0xffffffbf][0xffffff8c][0xffffffd9]"[\r][0xffffffd6]W[0xffffffad][0xfffffff4]0I[0xffffff86]M[0xffffff83]aY[0xffffffc9][0x1c]of#[0xffffffc1][0xffffff84][0xffffffb4][0x5][0xffffffbb]V[0xffffff81]9[0xffffffa2][0xfffffff6]F[0x7f][0xffffff99]B[0xffffffa1]U_[0xffffffb8]P[0xffffffc1][0xffffffa6][0x15]_B[0x12][0xffffffd6][0xffffffad][0xfffffff6][0xfffffff2][0xffffffbe]P[0xffffffd5]*/[0xfffffffc]\g*[[0xffffffdd]%[0x4][\r][0x16][0xffffffad][0xffffffec][0xffffff8a][0xffffff8a]&c[0xffffffde][0xffffffaa].'2u[0xffffffbe][0xffffffd5]\[0x0][0xffffff85][0xffffffba]Npej[[0xffffffb9][0xffffff85][0xfffffffa]2Sh[0xffffffc5]VM[0x11]^[0xffffffe7][0x1b][0xffffffb1][0xffffff95][0xffffffa1]n[0xffffffb4][0xffffff96]+[0xffffff8e][0xffffffe1][0xffffffb5][0xffffffbe]QZ[0x19][0xffffffca][[0xffffffa1][0xffffff95][0xffffffa1]ht[0xffffff96][0xffffffa1][0xfffffff5]y#[0xffffffb3][0xffffffc8]U[0xffffffbc][0xffffffe6]7"+C[0xffffffd7]i[0xffffffac]Lm#[0xffffffb1],Ah[0x4][0xffffff96]+[0xffffffcb][0xffffffe3][0xffffffbd][0xffffffdf][0xfffffff4][0x15]y[0xffffff8f]w[0x7f][0xffffff93]W[0xffffff98][0xffffffe0]BU#[0xffffffaf][0xffffff80]&[0xffffff95][0xffffff8d][0xffffffba]re[0xffffffc3][0xffffffb1][0x10]l[0xffffffe2][0xffffffaa]n[0x16]V[0xffffff83]M\[0xffffffb9][0xffffffb2][0xffffffb1]X[0x11]6m[0xffffffe5][0xffffffcb][0xffffffa4]X[0x15][0x1a]i%J[0xffffffa8]X[0x1a]ZeU[0xffffffd6][0xffffffc2][0xfffffffa][0xffffffb0][0x9]+K[0xffffffb3][0xffffff9a]FW[0xffffffd1]Q[0xffffffc6]:[0xffffffb1][0xffffffa9][0xffffffaa]z8[0xffffffb1]X4[0xffffffaa]J[0x15]_[0xffffffb1]b4[0xffffffa2][0xffffffaa][0xffffffae]U[0xffffffc4]P2[0xffffff8c]o[0xffffff8d]"[0xffffff85][0xffffffb2]Q[0xffffff94]P6[0xffffff8a][0x10][0xffffffca]F[0xffffffd1]A[0xffffffd9](2([0x1b]E[0x5]e[0xffffffa3][0xffffff88][0xffffffa0]l[0xffffff88][0xffffffac]z[0xffffffb2][0xffffffc1][0x1b]CG[0xf][0xffffffc8]c[0x1d]=Pe[0x1d][0x1d]=[0xffffff90]%[0x19][0x1a][0xffffffb2]q#[0xffffff9b][0xffffffa6][0xffffffc3]2[0xffffffc7]Z2[0xfffffffc]z<[0xffffff8d]M5z[G[0x4][0xffffffff]Y[0xffffff8e][0xffffff8e][0xffffffe3][0xffffffb7][0xfffffff1][0x1c]geo4C[0xffffffaa]M[0xffffffe3][0xffffffe5][0xfffffff1]c[0xffffffdd]U[0xfffffff6][0x18]'[0xffffffd9]][0xffffffe7][0xfffffff9][0xffffffbc][0xffffffee]>[0xffffffc7][0xffffffe7]R[0xffffff9e][0x1e]"[0xffffffdd]:C[0xffffffe1][0xffffffb0]F[0xb]W([0xfffffff5][0xffffff85][0xffffffc2][0xffffffa2]l[0xffffffc5]LfJ][0xffffffa1][0xffffffb0]2[0x1d][0xffffffe4]L[0xffffffa9]'[0x14][0x0]"[0xfffffff6]l[0xffffff99]RG([0xc][0xffffff9e][0xf][0xffffffcc]^[0xffffffa2][0xffffffb5][0x1f][0x14]F8f[0xffffffcb]j[0xffffffb5][0x1b][0x14][0x1a]p^([0xffffff94]zAT[0xffffffd1][0xfffffff1]k[0xffffff9a]!5[0xffffff82]B[0xffffffd9][0xfffffff8][0xffffffed]*[0xffffff94][0xffffffda]@[0xffffffec][0xffffffe8][0x14]V[0xffffffb0]B[0xffffffa9][0x9][0x14][0x12]o[0xffffffaa][0xffffffa5][0x19][0xffffffa8][0x5]D[0xffffffcd][0xffffffae]k[0x10][0xffffffb5][0xffffffff][0x13][0x12][0xf].j[0xffffffea]L[0xffffffa9][0xfffffffb][0x13]R[0xfffffff0]m^[0xffffffea][0xfffffffd][0xffffff84][0xffffffc0]{[0xffffff85][0x1d]H[0xffffffa4][0xffffffd4][0xfffffff9][0xffffffa1][0x10][0xffffff8d][0xffffff85]"[0xffffffb3][0xffffffd2][0xfffffff7][0xffffff89][0x18]]I[0xc]5}[0x18]"
13:44:54.628 [main] DEBUG org.apache.hc.client5.http.wire - http-outgoing-27 << "[0xffffff9a][0xffffffac][0xffffffac][0xffffffb4]|[0x18][0xffffff83][0xffffffae][0xffffffac]4|[0xffffffe8]U][0xffffff99][0xffffffda]=[0xffffff8f]5F[0xffffff89][0xffffff8c]J[0xffffffab][0xffffffe7]1[0xfffffff5][0xffffffaa][0xffffff8c]*}[0xffffff9e][0xffffffe7][0xffffffdb][0x2][0xffffffa5][0xffffffc7]s[0xffffffb1][0xffffffd2][0xffffff95][0x17]K[0x7f][0xffffffe7]0[0xffffffb0]L[0xffffffa8][0xffffffb7][0xffffff8b];[0xffffff9e]7[0xffffff86][0xfffffffa]:[0xffffff8b][0xffffffb9]-[0xffffffaf]QS[0x7][0xffffffe0][0xffffffcb][0xffffff96]PC[0x7]x$ [0xffffffe7][0xffffff82][0xffffffba]9[0x13][0x13]\F[0xffffff95]V[0xffffffce]$[0xffffffa9][0xffffff90][0x8][0xffffffb5]qX[0x1a]LY[0xf][0xffffffab]W[0xffffffae][0xffffff9e][0xffffff9e]|[0xffffffa2][0xffffffae]N[0x0]mU[0xffffffed][0xffffffe8]0b<w[0xffffff89][0xffffffd5]v.[0xffffff9e][0xffffffd9]LJ+'-[0x1d][0x1d][0xffffffea][0xffffffe2][0xffffffa4][0xffffffaa][0xffffffa4]tp[0xffffffb1],[0x16]R[0xffffff9a]7[0xffffffa1][0xffffffb0][0xffffffbb][0xffffffcd]H[0xffffffeb][0xfffffff0][0xffffffbe][0xffffff8c][0xffffff8f][0xffffffd3]e[0xffffffbd][0xffffffee][0xffffffcf][0xffffffe7][0xfffffff1][0xffffff98][0xffffffa1][0xc][0xfffffff8][0x1d][0xffffffb2][0xfffffff1][0xffffffef][0x7][0xffffffc9][0x14][0x1]K[0x18]H[0xffffff9f][0xffffffc3][0xffffffd7]<`[0xffffff9d][0xffffffc4][0xffffffaf]][0xffffffde][0xf][0xffffffe5][0x2]^,[0xffffffad]|6e,:[0xffffffb8][0xffffffd3].[0xffffff9f][0x11][0xffffff89][0xffffff87])n2[0xffffffd6][0xffffffa4][0x7f][0x1][0xffffff80][0xffffffd3][0xffffff80][0xffffffca][0xffffff80][0x12][0x0][0x0]"
13:44:54.629 [main] DEBUG org.apache.hc.client5.http.impl.classic.InternalHttpClient - ep-0000000039 releasing valid endpoint
13:44:54.629 [main] DEBUG org.apache.hc.client5.http.impl.io.PoolingHttpClientConnectionManager - ep-0000000039 releasing endpoint
13:44:54.629 [main] DEBUG org.apache.hc.client5.http.impl.io.PoolingHttpClientConnectionManager - ep-0000000039 connection http-outgoing-27 can be kept alive for 3 MINUTES
13:44:54.629 [main] DEBUG org.apache.hc.client5.http.impl.io.PoolingHttpClientConnectionManager - ep-0000000039 connection released [route: {s}->https://raw.githubusercontent.com:443][total available: 1; route allocated: 1 of 5; total allocated: 2 of 25]
13:44:54.629 [main] DEBUG io.github.bonigarcia.wdm.versions.VersionDetector - Driver for chrome115 not found in online properties (using local versions.properties)
13:44:54.629 [main] DEBUG io.github.bonigarcia.wdm.WebDriverManager - The driver version for CHROME 115 is unknown ... trying with latest
13:44:54.630 [main] DEBUG org.apache.hc.client5.http.impl.classic.InternalHttpClient - ex-0000000040 preparing request execution
13:44:54.630 [main] DEBUG org.apache.hc.client5.http.impl.classic.ProtocolExec - ex-0000000040 target auth state: UNCHALLENGED
13:44:54.630 [main] DEBUG org.apache.hc.client5.http.impl.classic.ProtocolExec - ex-0000000040 proxy auth state: UNCHALLENGED
13:44:54.630 [main] DEBUG org.apache.hc.client5.http.impl.classic.ConnectExec - ex-0000000040 acquiring connection with route {s}->https://chromedriver.storage.googleapis.com:443
13:44:54.630 [main] DEBUG org.apache.hc.client5.http.impl.classic.InternalHttpClient - ex-0000000040 acquiring endpoint (3 MINUTES)
13:44:54.630 [main] DEBUG org.apache.hc.client5.http.impl.io.PoolingHttpClientConnectionManager - ex-0000000040 endpoint lease request (3 MINUTES) [route: {s}->https://chromedriver.storage.googleapis.com:443][total available: 1; route allocated: 1 of 5; total allocated: 2 of 25]
13:44:54.631 [main] DEBUG org.apache.hc.client5.http.impl.io.PoolingHttpClientConnectionManager - ex-0000000040 endpoint leased [route: {s}->https://chromedriver.storage.googleapis.com:443][total available: 1; route allocated: 2 of 5; total allocated: 3 of 25]
13:44:54.631 [main] DEBUG org.apache.hc.client5.http.impl.io.PoolingHttpClientConnectionManager - ex-0000000040 acquired ep-0000000040
13:44:54.631 [main] DEBUG org.apache.hc.client5.http.impl.classic.InternalHttpClient - ex-0000000040 acquired endpoint ep-0000000040
13:44:54.631 [main] DEBUG org.apache.hc.client5.http.impl.classic.ConnectExec - ex-0000000040 opening connection {s}->https://chromedriver.storage.googleapis.com:443
13:44:54.631 [main] DEBUG org.apache.hc.client5.http.impl.classic.InternalHttpClient - ep-0000000040 connecting endpoint (null)
13:44:54.631 [main] DEBUG org.apache.hc.client5.http.impl.io.PoolingHttpClientConnectionManager - ep-0000000040 connecting endpoint to https://chromedriver.storage.googleapis.com:443 (30 SECONDS)
13:44:54.631 [main] DEBUG org.apache.hc.client5.http.impl.io.DefaultHttpClientConnectionOperator - chromedriver.storage.googleapis.com resolving remote address
13:44:54.631 [main] DEBUG org.apache.hc.client5.http.impl.io.DefaultHttpClientConnectionOperator - chromedriver.storage.googleapis.com resolved to [chromedriver.storage.googleapis.com/173.194.221.128, chromedriver.storage.googleapis.com/64.233.161.128, chromedriver.storage.googleapis.com/64.233.162.128, chromedriver.storage.googleapis.com/74.125.205.128, chromedriver.storage.googleapis.com/64.233.164.128, chromedriver.storage.googleapis.com/108.177.14.128, chromedriver.storage.googleapis.com/64.233.165.128, chromedriver.storage.googleapis.com/64.233.163.128, chromedriver.storage.googleapis.com/142.250.150.128, chromedriver.storage.googleapis.com/209.85.233.128, chromedriver.storage.googleapis.com/173.194.220.128, chromedriver.storage.googleapis.com/173.194.222.128, chromedriver.storage.googleapis.com/173.194.73.128, chromedriver.storage.googleapis.com/142.251.1.128]
13:44:54.631 [main] DEBUG org.apache.hc.client5.http.impl.io.DefaultHttpClientConnectionOperator - chromedriver.storage.googleapis.com:443 connecting null->chromedriver.storage.googleapis.com/173.194.221.128:443 (30 SECONDS)
13:44:54.631 [main] DEBUG org.apache.hc.client5.http.ssl.SSLConnectionSocketFactory - Connecting socket to chromedriver.storage.googleapis.com/173.194.221.128:443 with timeout 30 SECONDS
13:44:54.732 [main] DEBUG org.apache.hc.client5.http.ssl.SSLConnectionSocketFactory - Enabled protocols: [TLSv1.3, TLSv1.2]
13:44:54.732 [main] DEBUG org.apache.hc.client5.http.ssl.SSLConnectionSocketFactory - Enabled cipher suites: [TLS_AES_256_GCM_SHA384, TLS_AES_128_GCM_SHA256, TLS_CHACHA20_POLY1305_SHA256, TLS_ECDHE_ECDSA_WITH_AES_256_GCM_SHA384, TLS_ECDHE_ECDSA_WITH_AES_128_GCM_SHA256, TLS_ECDHE_ECDSA_WITH_CHACHA20_POLY1305_SHA256, TLS_ECDHE_RSA_WITH_AES_256_GCM_SHA384, TLS_ECDHE_RSA_WITH_CHACHA20_POLY1305_SHA256, TLS_ECDHE_RSA_WITH_AES_128_GCM_SHA256, TLS_DHE_RSA_WITH_AES_256_GCM_SHA384, TLS_DHE_RSA_WITH_CHACHA20_POLY1305_SHA256, TLS_DHE_DSS_WITH_AES_256_GCM_SHA384, TLS_DHE_RSA_WITH_AES_128_GCM_SHA256, TLS_DHE_DSS_WITH_AES_128_GCM_SHA256, TLS_ECDHE_ECDSA_WITH_AES_256_CBC_SHA384, TLS_ECDHE_RSA_WITH_AES_256_CBC_SHA384, TLS_ECDHE_ECDSA_WITH_AES_128_CBC_SHA256, TLS_ECDHE_RSA_WITH_AES_128_CBC_SHA256, TLS_DHE_RSA_WITH_AES_256_CBC_SHA256, TLS_DHE_DSS_WITH_AES_256_CBC_SHA256, TLS_DHE_RSA_WITH_AES_128_CBC_SHA256, TLS_DHE_DSS_WITH_AES_128_CBC_SHA256, TLS_ECDH_ECDSA_WITH_AES_256_GCM_SHA384, TLS_ECDH_RSA_WITH_AES_256_GCM_SHA384, TLS_ECDH_ECDSA_WITH_AES_128_GCM_SHA256, TLS_ECDH_RSA_WITH_AES_128_GCM_SHA256, TLS_ECDH_ECDSA_WITH_AES_256_CBC_SHA384, TLS_ECDH_RSA_WITH_AES_256_CBC_SHA384, TLS_ECDH_ECDSA_WITH_AES_128_CBC_SHA256, TLS_ECDH_RSA_WITH_AES_128_CBC_SHA256, TLS_ECDHE_ECDSA_WITH_AES_256_CBC_SHA, TLS_ECDHE_RSA_WITH_AES_256_CBC_SHA, TLS_ECDHE_ECDSA_WITH_AES_128_CBC_SHA, TLS_ECDHE_RSA_WITH_AES_128_CBC_SHA, TLS_DHE_RSA_WITH_AES_256_CBC_SHA, TLS_DHE_DSS_WITH_AES_256_CBC_SHA, TLS_DHE_RSA_WITH_AES_128_CBC_SHA, TLS_DHE_DSS_WITH_AES_128_CBC_SHA, TLS_ECDH_ECDSA_WITH_AES_256_CBC_SHA, TLS_ECDH_RSA_WITH_AES_256_CBC_SHA, TLS_ECDH_ECDSA_WITH_AES_128_CBC_SHA, TLS_ECDH_RSA_WITH_AES_128_CBC_SHA, TLS_RSA_WITH_AES_256_GCM_SHA384, TLS_RSA_WITH_AES_128_GCM_SHA256, TLS_RSA_WITH_AES_256_CBC_SHA256, TLS_RSA_WITH_AES_128_CBC_SHA256, TLS_RSA_WITH_AES_256_CBC_SHA, TLS_RSA_WITH_AES_128_CBC_SHA, TLS_EMPTY_RENEGOTIATION_INFO_SCSV]
13:44:54.732 [main] DEBUG org.apache.hc.client5.http.ssl.SSLConnectionSocketFactory - Starting handshake (null)
13:44:54.845 [main] DEBUG org.apache.hc.client5.http.ssl.SSLConnectionSocketFactory - Secure session established
13:44:54.845 [main] DEBUG org.apache.hc.client5.http.ssl.SSLConnectionSocketFactory -  negotiated protocol: TLSv1.3
13:44:54.845 [main] DEBUG org.apache.hc.client5.http.ssl.SSLConnectionSocketFactory -  negotiated cipher suite: TLS_AES_256_GCM_SHA384
13:44:54.845 [main] DEBUG org.apache.hc.client5.http.ssl.SSLConnectionSocketFactory -  peer principal: CN=*.storage.googleapis.com
13:44:54.845 [main] DEBUG org.apache.hc.client5.http.ssl.SSLConnectionSocketFactory -  peer alternative names: [*.storage.googleapis.com, *.googleapis.com, commondatastorage.googleapis.com, *.commondatastorage.googleapis.com, storage.googleapis.com, storage-p2.googleapis.com, *.storage-p2.googleapis.com, storage.mtls.googleapis.com, *.appspot.com.storage.googleapis.com, *.content-storage.googleapis.com, *.content-storage-p2.googleapis.com, *.content-storage-upload.googleapis.com, *.content-storage-download.googleapis.com, *.storage-upload.googleapis.com, *.storage-download.googleapis.com]
13:44:54.845 [main] DEBUG org.apache.hc.client5.http.ssl.SSLConnectionSocketFactory -  issuer principal: CN=GTS CA 1C3, O=Google Trust Services LLC, C=US
13:44:54.845 [main] DEBUG org.apache.hc.client5.http.impl.io.DefaultManagedHttpClientConnection - http-outgoing-29 set socket timeout to 3 MINUTES
13:44:54.845 [main] DEBUG org.apache.hc.client5.http.impl.io.DefaultHttpClientConnectionOperator - chromedriver.storage.googleapis.com:443 connected null->chromedriver.storage.googleapis.com/173.194.221.128:443 as http-outgoing-29
13:44:54.845 [main] DEBUG org.apache.hc.client5.http.impl.io.PoolingHttpClientConnectionManager - ep-0000000040 connected http-outgoing-29
13:44:54.845 [main] DEBUG org.apache.hc.client5.http.impl.classic.InternalHttpClient - ep-0000000040 endpoint connected
13:44:54.845 [main] DEBUG org.apache.hc.client5.http.impl.classic.MainClientExec - ex-0000000040 executing GET /LATEST_RELEASE HTTP/1.1
13:44:54.845 [main] DEBUG org.apache.hc.client5.http.protocol.RequestAddCookies - ex-0000000040 Cookie spec selected: strict
13:44:54.845 [main] DEBUG org.apache.hc.client5.http.impl.classic.InternalHttpClient - ep-0000000040 start execution ex-0000000040
13:44:54.845 [main] DEBUG org.apache.hc.client5.http.impl.io.PoolingHttpClientConnectionManager - ep-0000000040 executing exchange ex-0000000040 over http-outgoing-29
13:44:54.845 [main] DEBUG org.apache.hc.client5.http.headers - http-outgoing-29 >> GET /LATEST_RELEASE HTTP/1.1
13:44:54.845 [main] DEBUG org.apache.hc.client5.http.headers - http-outgoing-29 >> user-agent: Apache-HttpClient/5.0
13:44:54.845 [main] DEBUG org.apache.hc.client5.http.headers - http-outgoing-29 >> accept-encoding: gzip, deflate, br
13:44:54.845 [main] DEBUG org.apache.hc.client5.http.headers - http-outgoing-29 >> cache-control: max-age=0
13:44:54.845 [main] DEBUG org.apache.hc.client5.http.headers - http-outgoing-29 >> connection: keep-alive
13:44:54.845 [main] DEBUG org.apache.hc.client5.http.headers - http-outgoing-29 >> Host: chromedriver.storage.googleapis.com
13:44:54.845 [main] DEBUG org.apache.hc.client5.http.wire - http-outgoing-29 >> "GET /LATEST_RELEASE HTTP/1.1[\r][\n]"
13:44:54.845 [main] DEBUG org.apache.hc.client5.http.wire - http-outgoing-29 >> "user-agent: Apache-HttpClient/5.0[\r][\n]"
13:44:54.845 [main] DEBUG org.apache.hc.client5.http.wire - http-outgoing-29 >> "accept-encoding: gzip, deflate, br[\r][\n]"
13:44:54.845 [main] DEBUG org.apache.hc.client5.http.wire - http-outgoing-29 >> "cache-control: max-age=0[\r][\n]"
13:44:54.845 [main] DEBUG org.apache.hc.client5.http.wire - http-outgoing-29 >> "connection: keep-alive[\r][\n]"
13:44:54.845 [main] DEBUG org.apache.hc.client5.http.wire - http-outgoing-29 >> "Host: chromedriver.storage.googleapis.com[\r][\n]"
13:44:54.845 [main] DEBUG org.apache.hc.client5.http.wire - http-outgoing-29 >> "[\r][\n]"
13:44:54.955 [main] DEBUG org.apache.hc.client5.http.wire - http-outgoing-29 << "HTTP/1.1 200 OK[\r][\n]"
13:44:54.955 [main] DEBUG org.apache.hc.client5.http.wire - http-outgoing-29 << "X-GUploader-UploadID: ADPycdv84dNtfnmEcesdIebgfhr1D2cBE0FJoXmC4uwfEFrRBDJjcf7xPD0_4_BMRjnypkuBn_KI_WxsKq4SZzOyHU6Vyw[\r][\n]"
13:44:54.955 [main] DEBUG org.apache.hc.client5.http.wire - http-outgoing-29 << "x-goog-generation: 1685523462105569[\r][\n]"
13:44:54.955 [main] DEBUG org.apache.hc.client5.http.wire - http-outgoing-29 << "x-goog-metageneration: 1[\r][\n]"
13:44:54.955 [main] DEBUG org.apache.hc.client5.http.wire - http-outgoing-29 << "x-goog-stored-content-encoding: identity[\r][\n]"
13:44:54.955 [main] DEBUG org.apache.hc.client5.http.wire - http-outgoing-29 << "x-goog-stored-content-length: 13[\r][\n]"
13:44:54.955 [main] DEBUG org.apache.hc.client5.http.wire - http-outgoing-29 << "x-goog-hash: crc32c=tVW4TA==[\r][\n]"
13:44:54.955 [main] DEBUG org.apache.hc.client5.http.wire - http-outgoing-29 << "x-goog-hash: md5=NoaEuIlBlniwTkiZ1T16sA==[\r][\n]"
13:44:54.955 [main] DEBUG org.apache.hc.client5.http.wire - http-outgoing-29 << "x-goog-storage-class: STANDARD[\r][\n]"
13:44:54.955 [main] DEBUG org.apache.hc.client5.http.wire - http-outgoing-29 << "Accept-Ranges: bytes[\r][\n]"
13:44:54.955 [main] DEBUG org.apache.hc.client5.http.wire - http-outgoing-29 << "Content-Length: 13[\r][\n]"
13:44:54.955 [main] DEBUG org.apache.hc.client5.http.wire - http-outgoing-29 << "Server: UploadServer[\r][\n]"
13:44:54.955 [main] DEBUG org.apache.hc.client5.http.wire - http-outgoing-29 << "Date: Mon, 31 Jul 2023 07:13:14 GMT[\r][\n]"
13:44:54.955 [main] DEBUG org.apache.hc.client5.http.wire - http-outgoing-29 << "Expires: Mon, 31 Jul 2023 08:13:14 GMT[\r][\n]"
13:44:54.955 [main] DEBUG org.apache.hc.client5.http.wire - http-outgoing-29 << "Cache-Control: public, max-age=3600[\r][\n]"
13:44:54.955 [main] DEBUG org.apache.hc.client5.http.wire - http-outgoing-29 << "Age: 1899[\r][\n]"
13:44:54.955 [main] DEBUG org.apache.hc.client5.http.wire - http-outgoing-29 << "Last-Modified: Wed, 31 May 2023 08:57:42 GMT[\r][\n]"
13:44:54.955 [main] DEBUG org.apache.hc.client5.http.wire - http-outgoing-29 << "ETag: "368684b889419678b04e4899d53d7ab0"[\r][\n]"
13:44:54.955 [main] DEBUG org.apache.hc.client5.http.wire - http-outgoing-29 << "Content-Type: text/plain[\r][\n]"
13:44:54.955 [main] DEBUG org.apache.hc.client5.http.wire - http-outgoing-29 << "Alt-Svc: h3=":443"; ma=2592000,h3-29=":443"; ma=2592000[\r][\n]"
13:44:54.955 [main] DEBUG org.apache.hc.client5.http.wire - http-outgoing-29 << "[\r][\n]"
13:44:54.955 [main] DEBUG org.apache.hc.client5.http.wire - http-outgoing-29 << "114.0.5735.90"
13:44:54.955 [main] DEBUG org.apache.hc.client5.http.headers - http-outgoing-29 << HTTP/1.1 200 OK
13:44:54.955 [main] DEBUG org.apache.hc.client5.http.headers - http-outgoing-29 << X-GUploader-UploadID: ADPycdv84dNtfnmEcesdIebgfhr1D2cBE0FJoXmC4uwfEFrRBDJjcf7xPD0_4_BMRjnypkuBn_KI_WxsKq4SZzOyHU6Vyw
13:44:54.955 [main] DEBUG org.apache.hc.client5.http.headers - http-outgoing-29 << x-goog-generation: 1685523462105569
13:44:54.955 [main] DEBUG org.apache.hc.client5.http.headers - http-outgoing-29 << x-goog-metageneration: 1
13:44:54.955 [main] DEBUG org.apache.hc.client5.http.headers - http-outgoing-29 << x-goog-stored-content-encoding: identity
13:44:54.955 [main] DEBUG org.apache.hc.client5.http.headers - http-outgoing-29 << x-goog-stored-content-length: 13
13:44:54.955 [main] DEBUG org.apache.hc.client5.http.headers - http-outgoing-29 << x-goog-hash: crc32c=tVW4TA==
13:44:54.955 [main] DEBUG org.apache.hc.client5.http.headers - http-outgoing-29 << x-goog-hash: md5=NoaEuIlBlniwTkiZ1T16sA==
13:44:54.955 [main] DEBUG org.apache.hc.client5.http.headers - http-outgoing-29 << x-goog-storage-class: STANDARD
13:44:54.955 [main] DEBUG org.apache.hc.client5.http.headers - http-outgoing-29 << Accept-Ranges: bytes
13:44:54.955 [main] DEBUG org.apache.hc.client5.http.headers - http-outgoing-29 << Content-Length: 13
13:44:54.955 [main] DEBUG org.apache.hc.client5.http.headers - http-outgoing-29 << Server: UploadServer
13:44:54.955 [main] DEBUG org.apache.hc.client5.http.headers - http-outgoing-29 << Date: Mon, 31 Jul 2023 07:13:14 GMT
13:44:54.955 [main] DEBUG org.apache.hc.client5.http.headers - http-outgoing-29 << Expires: Mon, 31 Jul 2023 08:13:14 GMT
13:44:54.955 [main] DEBUG org.apache.hc.client5.http.headers - http-outgoing-29 << Cache-Control: public, max-age=3600
13:44:54.955 [main] DEBUG org.apache.hc.client5.http.headers - http-outgoing-29 << Age: 1899
13:44:54.955 [main] DEBUG org.apache.hc.client5.http.headers - http-outgoing-29 << Last-Modified: Wed, 31 May 2023 08:57:42 GMT
13:44:54.955 [main] DEBUG org.apache.hc.client5.http.headers - http-outgoing-29 << ETag: "368684b889419678b04e4899d53d7ab0"
13:44:54.955 [main] DEBUG org.apache.hc.client5.http.headers - http-outgoing-29 << Content-Type: text/plain
13:44:54.955 [main] DEBUG org.apache.hc.client5.http.headers - http-outgoing-29 << Alt-Svc: h3=":443"; ma=2592000,h3-29=":443"; ma=2592000
13:44:54.955 [main] DEBUG org.apache.hc.client5.http.impl.classic.MainClientExec - ex-0000000040 connection can be kept alive for 3 MINUTES
13:44:54.955 [main] DEBUG org.apache.hc.client5.http.impl.classic.InternalHttpClient - ep-0000000040 releasing valid endpoint
13:44:54.955 [main] DEBUG org.apache.hc.client5.http.impl.io.PoolingHttpClientConnectionManager - ep-0000000040 releasing endpoint
13:44:54.955 [main] DEBUG org.apache.hc.client5.http.impl.io.PoolingHttpClientConnectionManager - ep-0000000040 connection http-outgoing-29 can be kept alive for 3 MINUTES
13:44:54.955 [main] DEBUG org.apache.hc.client5.http.impl.io.PoolingHttpClientConnectionManager - ep-0000000040 connection released [route: {s}->https://chromedriver.storage.googleapis.com:443][total available: 2; route allocated: 2 of 5; total allocated: 3 of 25]
13:44:54.955 [main] DEBUG io.github.bonigarcia.wdm.versions.VersionDetector - Latest version of chromedriver according to https://chromedriver.storage.googleapis.com/LATEST_RELEASE is 114.0.5735.90
13:44:54.958 [main] DEBUG io.github.bonigarcia.wdm.WebDriverManager - Driver chromedriver 114.0.5735.90 found in cache
13:44:54.958 [main] INFO io.github.bonigarcia.wdm.WebDriverManager - Exporting webdriver.chrome.driver as C:\Users\Asus\.cache\selenium\chromedriver\win32\114.0.5735.90\chromedriver.exe
13:44:55.024 [AsyncHttpClient-1-29] DEBUG org.asynchttpclient.netty.channel.NettyConnectListener - Using new Channel '[id: 0x64b4c36b, L:/127.0.0.1:55453 - R:localhost/127.0.0.1:23431]' for 'POST' to '/session'
13:44:55.483 [AsyncHttpClient-1-29] DEBUG org.asynchttpclient.netty.handler.HttpHandler - 

Request DefaultHttpRequest(decodeResult: success, version: HTTP/1.1)
POST /session HTTP/1.1
User-Agent: selenium/4.10.0 (java windows)
Content-Length: 363
Content-Type: application/json; charset=utf-8
host: localhost:23431
accept: */*

Response DefaultHttpResponse(decodeResult: success, version: HTTP/1.1)
HTTP/1.1 200 OK
Content-Length: 858
Content-Type: application/json; charset=utf-8
cache-control: no-cache

13:44:55.483 [AsyncHttpClient-1-29] DEBUG org.asynchttpclient.netty.channel.ChannelManager - Adding key: http://localhost:23431 for channel [id: 0x64b4c36b, L:/127.0.0.1:55453 - R:localhost/127.0.0.1:23431]
13:44:55.488 [AsyncHttpClient-1-30] DEBUG org.asynchttpclient.netty.channel.NettyConnectListener - Using new Channel '[id: 0x0b480916, L:/127.0.0.1:55460 - R:localhost/127.0.0.1:55454]' for 'GET' to '/json/version'
13:44:55.491 [AsyncHttpClient-1-30] DEBUG org.asynchttpclient.netty.handler.HttpHandler - 

Request DefaultFullHttpRequest(decodeResult: success, version: HTTP/1.1, content: EmptyByteBufBE)
GET /json/version HTTP/1.1
User-Agent: selenium/4.10.0 (java windows)
host: localhost:55454
accept: */*

Response DefaultHttpResponse(decodeResult: success, version: HTTP/1.1)
HTTP/1.1 200 OK
Content-Security-Policy: frame-ancestors 'none'
Content-Length: 424
Content-Type: application/json; charset=UTF-8

13:44:55.491 [AsyncHttpClient-1-30] DEBUG org.asynchttpclient.netty.channel.ChannelManager - Adding key: http://localhost:55454 for channel [id: 0x0b480916, L:/127.0.0.1:55460 - R:localhost/127.0.0.1:55454]
13:44:55.493 [AsyncHttpClient-1-31] DEBUG org.asynchttpclient.netty.channel.NettyConnectListener - Using new Channel '[id: 0x5d4f504a, L:/127.0.0.1:55461 - R:localhost/127.0.0.1:55454]' for 'GET' to '/devtools/browser/3573d4d7-e01c-44da-814a-5663c9ac42bd'
13:44:55.497 [AsyncHttpClient-1-31] DEBUG org.asynchttpclient.netty.handler.WebSocketHandler - 

Request DefaultFullHttpRequest(decodeResult: success, version: HTTP/1.1, content: EmptyByteBufBE)
GET /devtools/browser/3573d4d7-e01c-44da-814a-5663c9ac42bd HTTP/1.1
upgrade: websocket
connection: upgrade
sec-websocket-key: 83Na4LjQRPwY2B7C1rwNAQ==
sec-websocket-version: 13
origin: http://localhost:55454
host: localhost:55454
accept: */*
user-agent: AHC/2.1

Response DefaultHttpResponse(decodeResult: success, version: HTTP/1.1)
HTTP/1.1 101 WebSocket Protocol Handshake
Upgrade: WebSocket
Connection: Upgrade
Sec-WebSocket-Accept: lm9KyaUqM1eJG6JMysX0WFM276c=

13:44:55.499 [Forwarding setTimeout on session d8b1dd991caf71c71bf3d993593a56d2 to remote] DEBUG org.asynchttpclient.netty.request.NettyRequestSender - Using pooled Channel '[id: 0x64b4c36b, L:/127.0.0.1:55453 - R:localhost/127.0.0.1:23431]' for 'POST' to 'http://localhost:23431/session/d8b1dd991caf71c71bf3d993593a56d2/timeouts'
13:44:55.499 [Forwarding setTimeout on session d8b1dd991caf71c71bf3d993593a56d2 to remote] DEBUG org.asynchttpclient.netty.request.NettyRequestSender - Using open Channel [id: 0x64b4c36b, L:/127.0.0.1:55453 - R:localhost/127.0.0.1:23431] for POST '/session/d8b1dd991caf71c71bf3d993593a56d2/timeouts'
13:44:55.500 [AsyncHttpClient-1-29] DEBUG org.asynchttpclient.netty.handler.HttpHandler - 

Request DefaultHttpRequest(decodeResult: success, version: HTTP/1.1)
POST /session/d8b1dd991caf71c71bf3d993593a56d2/timeouts HTTP/1.1
User-Agent: selenium/4.10.0 (java windows)
Content-Length: 23
Content-Type: application/json; charset=utf-8
host: localhost:23431
accept: */*

Response DefaultHttpResponse(decodeResult: success, version: HTTP/1.1)
HTTP/1.1 200 OK
Content-Length: 14
Content-Type: application/json; charset=utf-8
cache-control: no-cache

13:44:55.500 [AsyncHttpClient-1-29] DEBUG org.asynchttpclient.netty.channel.ChannelManager - Adding key: http://localhost:23431 for channel [id: 0x64b4c36b, L:/127.0.0.1:55453 - R:localhost/127.0.0.1:23431]
13:44:55.500 [Forwarding maximizeCurrentWindow on session d8b1dd991caf71c71bf3d993593a56d2 to remote] DEBUG org.asynchttpclient.netty.request.NettyRequestSender - Using pooled Channel '[id: 0x64b4c36b, L:/127.0.0.1:55453 - R:localhost/127.0.0.1:23431]' for 'POST' to 'http://localhost:23431/session/d8b1dd991caf71c71bf3d993593a56d2/window/maximize'
13:44:55.500 [Forwarding maximizeCurrentWindow on session d8b1dd991caf71c71bf3d993593a56d2 to remote] DEBUG org.asynchttpclient.netty.request.NettyRequestSender - Using open Channel [id: 0x64b4c36b, L:/127.0.0.1:55453 - R:localhost/127.0.0.1:23431] for POST '/session/d8b1dd991caf71c71bf3d993593a56d2/window/maximize'
13:44:55.615 [AsyncHttpClient-1-29] DEBUG org.asynchttpclient.netty.handler.HttpHandler - 

Request DefaultHttpRequest(decodeResult: success, version: HTTP/1.1)
POST /session/d8b1dd991caf71c71bf3d993593a56d2/window/maximize HTTP/1.1
User-Agent: selenium/4.10.0 (java windows)
Content-Length: 3
Content-Type: application/json; charset=utf-8
host: localhost:23431
accept: */*

Response DefaultHttpResponse(decodeResult: success, version: HTTP/1.1)
HTTP/1.1 200 OK
Content-Length: 52
Content-Type: application/json; charset=utf-8
cache-control: no-cache

13:44:55.615 [AsyncHttpClient-1-29] DEBUG org.asynchttpclient.netty.channel.ChannelManager - Adding key: http://localhost:23431 for channel [id: 0x64b4c36b, L:/127.0.0.1:55453 - R:localhost/127.0.0.1:23431]
[INFO ] 2023-07-31 13:44:55.615 [main] Driver - Chrome driver started successfully
13:44:55.616 [Forwarding get on session d8b1dd991caf71c71bf3d993593a56d2 to remote] DEBUG org.asynchttpclient.netty.request.NettyRequestSender - Using pooled Channel '[id: 0x64b4c36b, L:/127.0.0.1:55453 - R:localhost/127.0.0.1:23431]' for 'POST' to 'http://localhost:23431/session/d8b1dd991caf71c71bf3d993593a56d2/url'
13:44:55.616 [Forwarding get on session d8b1dd991caf71c71bf3d993593a56d2 to remote] DEBUG org.asynchttpclient.netty.request.NettyRequestSender - Using open Channel [id: 0x64b4c36b, L:/127.0.0.1:55453 - R:localhost/127.0.0.1:23431] for POST '/session/d8b1dd991caf71c71bf3d993593a56d2/url'
13:44:56.355 [AsyncHttpClient-1-1] DEBUG org.asynchttpclient.netty.channel.DefaultChannelPool - Entry count for : http://localhost:55454 : 1
13:44:57.453 [AsyncHttpClient-1-1] DEBUG org.asynchttpclient.netty.channel.DefaultChannelPool - Entry count for : http://localhost:55454 : 1
13:44:58.555 [AsyncHttpClient-1-1] DEBUG org.asynchttpclient.netty.channel.DefaultChannelPool - Entry count for : http://localhost:55454 : 1
13:44:59.653 [AsyncHttpClient-1-1] DEBUG org.asynchttpclient.netty.channel.DefaultChannelPool - Entry count for : http://localhost:55454 : 1
13:45:00.160 [AsyncHttpClient-1-29] DEBUG org.asynchttpclient.netty.handler.HttpHandler - 

Request DefaultHttpRequest(decodeResult: success, version: HTTP/1.1)
POST /session/d8b1dd991caf71c71bf3d993593a56d2/url HTTP/1.1
User-Agent: selenium/4.10.0 (java windows)
Content-Length: 75
Content-Type: application/json; charset=utf-8
host: localhost:23431
accept: */*

Response DefaultHttpResponse(decodeResult: success, version: HTTP/1.1)
HTTP/1.1 200 OK
Content-Length: 14
Content-Type: application/json; charset=utf-8
cache-control: no-cache

13:45:00.160 [AsyncHttpClient-1-29] DEBUG org.asynchttpclient.netty.channel.ChannelManager - Adding key: http://localhost:23431 for channel [id: 0x64b4c36b, L:/127.0.0.1:55453 - R:localhost/127.0.0.1:23431]
13:45:00.161 [Forwarding findElement on session d8b1dd991caf71c71bf3d993593a56d2 to remote] DEBUG org.asynchttpclient.netty.request.NettyRequestSender - Using pooled Channel '[id: 0x64b4c36b, L:/127.0.0.1:55453 - R:localhost/127.0.0.1:23431]' for 'POST' to 'http://localhost:23431/session/d8b1dd991caf71c71bf3d993593a56d2/element'
13:45:00.161 [Forwarding findElement on session d8b1dd991caf71c71bf3d993593a56d2 to remote] DEBUG org.asynchttpclient.netty.request.NettyRequestSender - Using open Channel [id: 0x64b4c36b, L:/127.0.0.1:55453 - R:localhost/127.0.0.1:23431] for POST '/session/d8b1dd991caf71c71bf3d993593a56d2/element'
13:45:00.170 [AsyncHttpClient-1-29] DEBUG org.asynchttpclient.netty.handler.HttpHandler - 

Request DefaultHttpRequest(decodeResult: success, version: HTTP/1.1)
POST /session/d8b1dd991caf71c71bf3d993593a56d2/element HTTP/1.1
User-Agent: selenium/4.10.0 (java windows)
Content-Length: 102
Content-Type: application/json; charset=utf-8
host: localhost:23431
accept: */*

Response DefaultHttpResponse(decodeResult: success, version: HTTP/1.1)
HTTP/1.1 200 OK
Content-Length: 95
Content-Type: application/json; charset=utf-8
cache-control: no-cache

13:45:00.170 [AsyncHttpClient-1-29] DEBUG org.asynchttpclient.netty.channel.ChannelManager - Adding key: http://localhost:23431 for channel [id: 0x64b4c36b, L:/127.0.0.1:55453 - R:localhost/127.0.0.1:23431]
13:45:00.172 [Forwarding isElementDisplayed on session d8b1dd991caf71c71bf3d993593a56d2 to remote] DEBUG org.asynchttpclient.netty.request.NettyRequestSender - Using pooled Channel '[id: 0x64b4c36b, L:/127.0.0.1:55453 - R:localhost/127.0.0.1:23431]' for 'POST' to 'http://localhost:23431/session/d8b1dd991caf71c71bf3d993593a56d2/execute/sync'
13:45:00.172 [Forwarding isElementDisplayed on session d8b1dd991caf71c71bf3d993593a56d2 to remote] DEBUG org.asynchttpclient.netty.request.NettyRequestSender - Using open Channel [id: 0x64b4c36b, L:/127.0.0.1:55453 - R:localhost/127.0.0.1:23431] for POST '/session/d8b1dd991caf71c71bf3d993593a56d2/execute/sync'
13:45:00.182 [AsyncHttpClient-1-29] DEBUG org.asynchttpclient.netty.handler.HttpHandler - 

Request DefaultHttpRequest(decodeResult: success, version: HTTP/1.1)
POST /session/d8b1dd991caf71c71bf3d993593a56d2/execute/sync HTTP/1.1
User-Agent: selenium/4.10.0 (java windows)
Content-Length: 48814
Content-Type: application/json; charset=utf-8
host: localhost:23431
accept: */*

Response DefaultHttpResponse(decodeResult: success, version: HTTP/1.1)
HTTP/1.1 200 OK
Content-Length: 14
Content-Type: application/json; charset=utf-8
cache-control: no-cache

13:45:00.182 [AsyncHttpClient-1-29] DEBUG org.asynchttpclient.netty.channel.ChannelManager - Adding key: http://localhost:23431 for channel [id: 0x64b4c36b, L:/127.0.0.1:55453 - R:localhost/127.0.0.1:23431]
13:45:00.182 [Forwarding findElement on session d8b1dd991caf71c71bf3d993593a56d2 to remote] DEBUG org.asynchttpclient.netty.request.NettyRequestSender - Using pooled Channel '[id: 0x64b4c36b, L:/127.0.0.1:55453 - R:localhost/127.0.0.1:23431]' for 'POST' to 'http://localhost:23431/session/d8b1dd991caf71c71bf3d993593a56d2/element'
13:45:00.182 [Forwarding findElement on session d8b1dd991caf71c71bf3d993593a56d2 to remote] DEBUG org.asynchttpclient.netty.request.NettyRequestSender - Using open Channel [id: 0x64b4c36b, L:/127.0.0.1:55453 - R:localhost/127.0.0.1:23431] for POST '/session/d8b1dd991caf71c71bf3d993593a56d2/element'
13:45:00.188 [AsyncHttpClient-1-29] DEBUG org.asynchttpclient.netty.handler.HttpHandler - 

Request DefaultHttpRequest(decodeResult: success, version: HTTP/1.1)
POST /session/d8b1dd991caf71c71bf3d993593a56d2/element HTTP/1.1
User-Agent: selenium/4.10.0 (java windows)
Content-Length: 102
Content-Type: application/json; charset=utf-8
host: localhost:23431
accept: */*

Response DefaultHttpResponse(decodeResult: success, version: HTTP/1.1)
HTTP/1.1 200 OK
Content-Length: 95
Content-Type: application/json; charset=utf-8
cache-control: no-cache

13:45:00.188 [AsyncHttpClient-1-29] DEBUG org.asynchttpclient.netty.channel.ChannelManager - Adding key: http://localhost:23431 for channel [id: 0x64b4c36b, L:/127.0.0.1:55453 - R:localhost/127.0.0.1:23431]
13:45:00.188 [Forwarding sendKeysToElement on session d8b1dd991caf71c71bf3d993593a56d2 to remote] DEBUG org.asynchttpclient.netty.request.NettyRequestSender - Using pooled Channel '[id: 0x64b4c36b, L:/127.0.0.1:55453 - R:localhost/127.0.0.1:23431]' for 'POST' to 'http://localhost:23431/session/d8b1dd991caf71c71bf3d993593a56d2/element/BBEE494DA2FD39F1BE5110B1758AFC9E_element_38/value'
13:45:00.188 [Forwarding sendKeysToElement on session d8b1dd991caf71c71bf3d993593a56d2 to remote] DEBUG org.asynchttpclient.netty.request.NettyRequestSender - Using open Channel [id: 0x64b4c36b, L:/127.0.0.1:55453 - R:localhost/127.0.0.1:23431] for POST '/session/d8b1dd991caf71c71bf3d993593a56d2/element/BBEE494DA2FD39F1BE5110B1758AFC9E_element_38/value'
13:45:00.245 [AsyncHttpClient-1-29] DEBUG org.asynchttpclient.netty.handler.HttpHandler - 

Request DefaultHttpRequest(decodeResult: success, version: HTTP/1.1)
POST /session/d8b1dd991caf71c71bf3d993593a56d2/element/BBEE494DA2FD39F1BE5110B1758AFC9E_element_38/value HTTP/1.1
User-Agent: selenium/4.10.0 (java windows)
Content-Length: 148
Content-Type: application/json; charset=utf-8
host: localhost:23431
accept: */*

Response DefaultHttpResponse(decodeResult: success, version: HTTP/1.1)
HTTP/1.1 200 OK
Content-Length: 14
Content-Type: application/json; charset=utf-8
cache-control: no-cache

13:45:00.245 [AsyncHttpClient-1-29] DEBUG org.asynchttpclient.netty.channel.ChannelManager - Adding key: http://localhost:23431 for channel [id: 0x64b4c36b, L:/127.0.0.1:55453 - R:localhost/127.0.0.1:23431]
13:45:00.245 [Forwarding findElement on session d8b1dd991caf71c71bf3d993593a56d2 to remote] DEBUG org.asynchttpclient.netty.request.NettyRequestSender - Using pooled Channel '[id: 0x64b4c36b, L:/127.0.0.1:55453 - R:localhost/127.0.0.1:23431]' for 'POST' to 'http://localhost:23431/session/d8b1dd991caf71c71bf3d993593a56d2/element'
13:45:00.245 [Forwarding findElement on session d8b1dd991caf71c71bf3d993593a56d2 to remote] DEBUG org.asynchttpclient.netty.request.NettyRequestSender - Using open Channel [id: 0x64b4c36b, L:/127.0.0.1:55453 - R:localhost/127.0.0.1:23431] for POST '/session/d8b1dd991caf71c71bf3d993593a56d2/element'
13:45:00.253 [AsyncHttpClient-1-29] DEBUG org.asynchttpclient.netty.handler.HttpHandler - 

Request DefaultHttpRequest(decodeResult: success, version: HTTP/1.1)
POST /session/d8b1dd991caf71c71bf3d993593a56d2/element HTTP/1.1
User-Agent: selenium/4.10.0 (java windows)
Content-Length: 102
Content-Type: application/json; charset=utf-8
host: localhost:23431
accept: */*

Response DefaultHttpResponse(decodeResult: success, version: HTTP/1.1)
HTTP/1.1 200 OK
Content-Length: 95
Content-Type: application/json; charset=utf-8
cache-control: no-cache

13:45:00.253 [AsyncHttpClient-1-29] DEBUG org.asynchttpclient.netty.channel.ChannelManager - Adding key: http://localhost:23431 for channel [id: 0x64b4c36b, L:/127.0.0.1:55453 - R:localhost/127.0.0.1:23431]
13:45:00.254 [Forwarding isElementDisplayed on session d8b1dd991caf71c71bf3d993593a56d2 to remote] DEBUG org.asynchttpclient.netty.request.NettyRequestSender - Using pooled Channel '[id: 0x64b4c36b, L:/127.0.0.1:55453 - R:localhost/127.0.0.1:23431]' for 'POST' to 'http://localhost:23431/session/d8b1dd991caf71c71bf3d993593a56d2/execute/sync'
13:45:00.254 [Forwarding isElementDisplayed on session d8b1dd991caf71c71bf3d993593a56d2 to remote] DEBUG org.asynchttpclient.netty.request.NettyRequestSender - Using open Channel [id: 0x64b4c36b, L:/127.0.0.1:55453 - R:localhost/127.0.0.1:23431] for POST '/session/d8b1dd991caf71c71bf3d993593a56d2/execute/sync'
13:45:00.263 [AsyncHttpClient-1-29] DEBUG org.asynchttpclient.netty.handler.HttpHandler - 

Request DefaultHttpRequest(decodeResult: success, version: HTTP/1.1)
POST /session/d8b1dd991caf71c71bf3d993593a56d2/execute/sync HTTP/1.1
User-Agent: selenium/4.10.0 (java windows)
Content-Length: 48814
Content-Type: application/json; charset=utf-8
host: localhost:23431
accept: */*

Response DefaultHttpResponse(decodeResult: success, version: HTTP/1.1)
HTTP/1.1 200 OK
Content-Length: 14
Content-Type: application/json; charset=utf-8
cache-control: no-cache

13:45:00.263 [AsyncHttpClient-1-29] DEBUG org.asynchttpclient.netty.channel.ChannelManager - Adding key: http://localhost:23431 for channel [id: 0x64b4c36b, L:/127.0.0.1:55453 - R:localhost/127.0.0.1:23431]
13:45:00.264 [Forwarding findElement on session d8b1dd991caf71c71bf3d993593a56d2 to remote] DEBUG org.asynchttpclient.netty.request.NettyRequestSender - Using pooled Channel '[id: 0x64b4c36b, L:/127.0.0.1:55453 - R:localhost/127.0.0.1:23431]' for 'POST' to 'http://localhost:23431/session/d8b1dd991caf71c71bf3d993593a56d2/element'
13:45:00.264 [Forwarding findElement on session d8b1dd991caf71c71bf3d993593a56d2 to remote] DEBUG org.asynchttpclient.netty.request.NettyRequestSender - Using open Channel [id: 0x64b4c36b, L:/127.0.0.1:55453 - R:localhost/127.0.0.1:23431] for POST '/session/d8b1dd991caf71c71bf3d993593a56d2/element'
13:45:00.270 [AsyncHttpClient-1-29] DEBUG org.asynchttpclient.netty.handler.HttpHandler - 

Request DefaultHttpRequest(decodeResult: success, version: HTTP/1.1)
POST /session/d8b1dd991caf71c71bf3d993593a56d2/element HTTP/1.1
User-Agent: selenium/4.10.0 (java windows)
Content-Length: 102
Content-Type: application/json; charset=utf-8
host: localhost:23431
accept: */*

Response DefaultHttpResponse(decodeResult: success, version: HTTP/1.1)
HTTP/1.1 200 OK
Content-Length: 95
Content-Type: application/json; charset=utf-8
cache-control: no-cache

13:45:00.270 [AsyncHttpClient-1-29] DEBUG org.asynchttpclient.netty.channel.ChannelManager - Adding key: http://localhost:23431 for channel [id: 0x64b4c36b, L:/127.0.0.1:55453 - R:localhost/127.0.0.1:23431]
13:45:00.270 [Forwarding sendKeysToElement on session d8b1dd991caf71c71bf3d993593a56d2 to remote] DEBUG org.asynchttpclient.netty.request.NettyRequestSender - Using pooled Channel '[id: 0x64b4c36b, L:/127.0.0.1:55453 - R:localhost/127.0.0.1:23431]' for 'POST' to 'http://localhost:23431/session/d8b1dd991caf71c71bf3d993593a56d2/element/BBEE494DA2FD39F1BE5110B1758AFC9E_element_40/value'
13:45:00.270 [Forwarding sendKeysToElement on session d8b1dd991caf71c71bf3d993593a56d2 to remote] DEBUG org.asynchttpclient.netty.request.NettyRequestSender - Using open Channel [id: 0x64b4c36b, L:/127.0.0.1:55453 - R:localhost/127.0.0.1:23431] for POST '/session/d8b1dd991caf71c71bf3d993593a56d2/element/BBEE494DA2FD39F1BE5110B1758AFC9E_element_40/value'
13:45:00.318 [AsyncHttpClient-1-29] DEBUG org.asynchttpclient.netty.handler.HttpHandler - 

Request DefaultHttpRequest(decodeResult: success, version: HTTP/1.1)
POST /session/d8b1dd991caf71c71bf3d993593a56d2/element/BBEE494DA2FD39F1BE5110B1758AFC9E_element_40/value HTTP/1.1
User-Agent: selenium/4.10.0 (java windows)
Content-Length: 188
Content-Type: application/json; charset=utf-8
host: localhost:23431
accept: */*

Response DefaultHttpResponse(decodeResult: success, version: HTTP/1.1)
HTTP/1.1 200 OK
Content-Length: 14
Content-Type: application/json; charset=utf-8
cache-control: no-cache

13:45:00.319 [AsyncHttpClient-1-29] DEBUG org.asynchttpclient.netty.channel.ChannelManager - Adding key: http://localhost:23431 for channel [id: 0x64b4c36b, L:/127.0.0.1:55453 - R:localhost/127.0.0.1:23431]
13:45:00.319 [Forwarding findElement on session d8b1dd991caf71c71bf3d993593a56d2 to remote] DEBUG org.asynchttpclient.netty.request.NettyRequestSender - Using pooled Channel '[id: 0x64b4c36b, L:/127.0.0.1:55453 - R:localhost/127.0.0.1:23431]' for 'POST' to 'http://localhost:23431/session/d8b1dd991caf71c71bf3d993593a56d2/element'
13:45:00.319 [Forwarding findElement on session d8b1dd991caf71c71bf3d993593a56d2 to remote] DEBUG org.asynchttpclient.netty.request.NettyRequestSender - Using open Channel [id: 0x64b4c36b, L:/127.0.0.1:55453 - R:localhost/127.0.0.1:23431] for POST '/session/d8b1dd991caf71c71bf3d993593a56d2/element'
13:45:00.328 [AsyncHttpClient-1-29] DEBUG org.asynchttpclient.netty.handler.HttpHandler - 

Request DefaultHttpRequest(decodeResult: success, version: HTTP/1.1)
POST /session/d8b1dd991caf71c71bf3d993593a56d2/element HTTP/1.1
User-Agent: selenium/4.10.0 (java windows)
Content-Length: 170
Content-Type: application/json; charset=utf-8
host: localhost:23431
accept: */*

Response DefaultHttpResponse(decodeResult: success, version: HTTP/1.1)
HTTP/1.1 200 OK
Content-Length: 95
Content-Type: application/json; charset=utf-8
cache-control: no-cache

13:45:00.328 [AsyncHttpClient-1-29] DEBUG org.asynchttpclient.netty.channel.ChannelManager - Adding key: http://localhost:23431 for channel [id: 0x64b4c36b, L:/127.0.0.1:55453 - R:localhost/127.0.0.1:23431]
13:45:00.329 [Forwarding isElementDisplayed on session d8b1dd991caf71c71bf3d993593a56d2 to remote] DEBUG org.asynchttpclient.netty.request.NettyRequestSender - Using pooled Channel '[id: 0x64b4c36b, L:/127.0.0.1:55453 - R:localhost/127.0.0.1:23431]' for 'POST' to 'http://localhost:23431/session/d8b1dd991caf71c71bf3d993593a56d2/execute/sync'
13:45:00.329 [Forwarding isElementDisplayed on session d8b1dd991caf71c71bf3d993593a56d2 to remote] DEBUG org.asynchttpclient.netty.request.NettyRequestSender - Using open Channel [id: 0x64b4c36b, L:/127.0.0.1:55453 - R:localhost/127.0.0.1:23431] for POST '/session/d8b1dd991caf71c71bf3d993593a56d2/execute/sync'
13:45:00.337 [AsyncHttpClient-1-29] DEBUG org.asynchttpclient.netty.handler.HttpHandler - 

Request DefaultHttpRequest(decodeResult: success, version: HTTP/1.1)
POST /session/d8b1dd991caf71c71bf3d993593a56d2/execute/sync HTTP/1.1
User-Agent: selenium/4.10.0 (java windows)
Content-Length: 48814
Content-Type: application/json; charset=utf-8
host: localhost:23431
accept: */*

Response DefaultHttpResponse(decodeResult: success, version: HTTP/1.1)
HTTP/1.1 200 OK
Content-Length: 14
Content-Type: application/json; charset=utf-8
cache-control: no-cache

13:45:00.337 [AsyncHttpClient-1-29] DEBUG org.asynchttpclient.netty.channel.ChannelManager - Adding key: http://localhost:23431 for channel [id: 0x64b4c36b, L:/127.0.0.1:55453 - R:localhost/127.0.0.1:23431]
[INFO ] 2023-07-31 13:45:00.337 [main] WebElementActions - Waiting for element to be clickable
13:45:00.337 [Forwarding findElement on session d8b1dd991caf71c71bf3d993593a56d2 to remote] DEBUG org.asynchttpclient.netty.request.NettyRequestSender - Using pooled Channel '[id: 0x64b4c36b, L:/127.0.0.1:55453 - R:localhost/127.0.0.1:23431]' for 'POST' to 'http://localhost:23431/session/d8b1dd991caf71c71bf3d993593a56d2/element'
13:45:00.338 [Forwarding findElement on session d8b1dd991caf71c71bf3d993593a56d2 to remote] DEBUG org.asynchttpclient.netty.request.NettyRequestSender - Using open Channel [id: 0x64b4c36b, L:/127.0.0.1:55453 - R:localhost/127.0.0.1:23431] for POST '/session/d8b1dd991caf71c71bf3d993593a56d2/element'
13:45:00.343 [AsyncHttpClient-1-29] DEBUG org.asynchttpclient.netty.handler.HttpHandler - 

Request DefaultHttpRequest(decodeResult: success, version: HTTP/1.1)
POST /session/d8b1dd991caf71c71bf3d993593a56d2/element HTTP/1.1
User-Agent: selenium/4.10.0 (java windows)
Content-Length: 170
Content-Type: application/json; charset=utf-8
host: localhost:23431
accept: */*

Response DefaultHttpResponse(decodeResult: success, version: HTTP/1.1)
HTTP/1.1 200 OK
Content-Length: 95
Content-Type: application/json; charset=utf-8
cache-control: no-cache

13:45:00.343 [AsyncHttpClient-1-29] DEBUG org.asynchttpclient.netty.channel.ChannelManager - Adding key: http://localhost:23431 for channel [id: 0x64b4c36b, L:/127.0.0.1:55453 - R:localhost/127.0.0.1:23431]
13:45:00.345 [Forwarding isElementDisplayed on session d8b1dd991caf71c71bf3d993593a56d2 to remote] DEBUG org.asynchttpclient.netty.request.NettyRequestSender - Using pooled Channel '[id: 0x64b4c36b, L:/127.0.0.1:55453 - R:localhost/127.0.0.1:23431]' for 'POST' to 'http://localhost:23431/session/d8b1dd991caf71c71bf3d993593a56d2/execute/sync'
13:45:00.345 [Forwarding isElementDisplayed on session d8b1dd991caf71c71bf3d993593a56d2 to remote] DEBUG org.asynchttpclient.netty.request.NettyRequestSender - Using open Channel [id: 0x64b4c36b, L:/127.0.0.1:55453 - R:localhost/127.0.0.1:23431] for POST '/session/d8b1dd991caf71c71bf3d993593a56d2/execute/sync'
13:45:00.351 [AsyncHttpClient-1-29] DEBUG org.asynchttpclient.netty.handler.HttpHandler - 

Request DefaultHttpRequest(decodeResult: success, version: HTTP/1.1)
POST /session/d8b1dd991caf71c71bf3d993593a56d2/execute/sync HTTP/1.1
User-Agent: selenium/4.10.0 (java windows)
Content-Length: 48814
Content-Type: application/json; charset=utf-8
host: localhost:23431
accept: */*

Response DefaultHttpResponse(decodeResult: success, version: HTTP/1.1)
HTTP/1.1 200 OK
Content-Length: 14
Content-Type: application/json; charset=utf-8
cache-control: no-cache

13:45:00.351 [AsyncHttpClient-1-29] DEBUG org.asynchttpclient.netty.channel.ChannelManager - Adding key: http://localhost:23431 for channel [id: 0x64b4c36b, L:/127.0.0.1:55453 - R:localhost/127.0.0.1:23431]
13:45:00.352 [Forwarding findElement on session d8b1dd991caf71c71bf3d993593a56d2 to remote] DEBUG org.asynchttpclient.netty.request.NettyRequestSender - Using pooled Channel '[id: 0x64b4c36b, L:/127.0.0.1:55453 - R:localhost/127.0.0.1:23431]' for 'POST' to 'http://localhost:23431/session/d8b1dd991caf71c71bf3d993593a56d2/element'
13:45:00.352 [Forwarding findElement on session d8b1dd991caf71c71bf3d993593a56d2 to remote] DEBUG org.asynchttpclient.netty.request.NettyRequestSender - Using open Channel [id: 0x64b4c36b, L:/127.0.0.1:55453 - R:localhost/127.0.0.1:23431] for POST '/session/d8b1dd991caf71c71bf3d993593a56d2/element'
13:45:00.357 [AsyncHttpClient-1-29] DEBUG org.asynchttpclient.netty.handler.HttpHandler - 

Request DefaultHttpRequest(decodeResult: success, version: HTTP/1.1)
POST /session/d8b1dd991caf71c71bf3d993593a56d2/element HTTP/1.1
User-Agent: selenium/4.10.0 (java windows)
Content-Length: 170
Content-Type: application/json; charset=utf-8
host: localhost:23431
accept: */*

Response DefaultHttpResponse(decodeResult: success, version: HTTP/1.1)
HTTP/1.1 200 OK
Content-Length: 95
Content-Type: application/json; charset=utf-8
cache-control: no-cache

13:45:00.357 [AsyncHttpClient-1-29] DEBUG org.asynchttpclient.netty.channel.ChannelManager - Adding key: http://localhost:23431 for channel [id: 0x64b4c36b, L:/127.0.0.1:55453 - R:localhost/127.0.0.1:23431]
13:45:00.357 [Forwarding isElementEnabled on session d8b1dd991caf71c71bf3d993593a56d2 to remote] DEBUG org.asynchttpclient.netty.request.NettyRequestSender - Using pooled Channel '[id: 0x64b4c36b, L:/127.0.0.1:55453 - R:localhost/127.0.0.1:23431]' for 'GET' to 'http://localhost:23431/session/d8b1dd991caf71c71bf3d993593a56d2/element/BBEE494DA2FD39F1BE5110B1758AFC9E_element_23/enabled'
13:45:00.357 [Forwarding isElementEnabled on session d8b1dd991caf71c71bf3d993593a56d2 to remote] DEBUG org.asynchttpclient.netty.request.NettyRequestSender - Using open Channel [id: 0x64b4c36b, L:/127.0.0.1:55453 - R:localhost/127.0.0.1:23431] for GET '/session/d8b1dd991caf71c71bf3d993593a56d2/element/BBEE494DA2FD39F1BE5110B1758AFC9E_element_23/enabled'
13:45:00.363 [AsyncHttpClient-1-29] DEBUG org.asynchttpclient.netty.handler.HttpHandler - 

Request DefaultFullHttpRequest(decodeResult: success, version: HTTP/1.1, content: EmptyByteBufBE)
GET /session/d8b1dd991caf71c71bf3d993593a56d2/element/BBEE494DA2FD39F1BE5110B1758AFC9E_element_23/enabled HTTP/1.1
Cache-Control: no-cache
User-Agent: selenium/4.10.0 (java windows)
Content-Type: application/json; charset=utf-8
host: localhost:23431
accept: */*

Response DefaultHttpResponse(decodeResult: success, version: HTTP/1.1)
HTTP/1.1 200 OK
Content-Length: 14
Content-Type: application/json; charset=utf-8
cache-control: no-cache

13:45:00.363 [AsyncHttpClient-1-29] DEBUG org.asynchttpclient.netty.channel.ChannelManager - Adding key: http://localhost:23431 for channel [id: 0x64b4c36b, L:/127.0.0.1:55453 - R:localhost/127.0.0.1:23431]
[INFO ] 2023-07-31 13:45:00.363 [main] WebElementActions - Element is clickable
13:45:00.363 [Forwarding findElement on session d8b1dd991caf71c71bf3d993593a56d2 to remote] DEBUG org.asynchttpclient.netty.request.NettyRequestSender - Using pooled Channel '[id: 0x64b4c36b, L:/127.0.0.1:55453 - R:localhost/127.0.0.1:23431]' for 'POST' to 'http://localhost:23431/session/d8b1dd991caf71c71bf3d993593a56d2/element'
13:45:00.363 [Forwarding findElement on session d8b1dd991caf71c71bf3d993593a56d2 to remote] DEBUG org.asynchttpclient.netty.request.NettyRequestSender - Using open Channel [id: 0x64b4c36b, L:/127.0.0.1:55453 - R:localhost/127.0.0.1:23431] for POST '/session/d8b1dd991caf71c71bf3d993593a56d2/element'
13:45:00.369 [AsyncHttpClient-1-29] DEBUG org.asynchttpclient.netty.handler.HttpHandler - 

Request DefaultHttpRequest(decodeResult: success, version: HTTP/1.1)
POST /session/d8b1dd991caf71c71bf3d993593a56d2/element HTTP/1.1
User-Agent: selenium/4.10.0 (java windows)
Content-Length: 170
Content-Type: application/json; charset=utf-8
host: localhost:23431
accept: */*

Response DefaultHttpResponse(decodeResult: success, version: HTTP/1.1)
HTTP/1.1 200 OK
Content-Length: 95
Content-Type: application/json; charset=utf-8
cache-control: no-cache

13:45:00.369 [AsyncHttpClient-1-29] DEBUG org.asynchttpclient.netty.channel.ChannelManager - Adding key: http://localhost:23431 for channel [id: 0x64b4c36b, L:/127.0.0.1:55453 - R:localhost/127.0.0.1:23431]
13:45:00.370 [Forwarding isElementDisplayed on session d8b1dd991caf71c71bf3d993593a56d2 to remote] DEBUG org.asynchttpclient.netty.request.NettyRequestSender - Using pooled Channel '[id: 0x64b4c36b, L:/127.0.0.1:55453 - R:localhost/127.0.0.1:23431]' for 'POST' to 'http://localhost:23431/session/d8b1dd991caf71c71bf3d993593a56d2/execute/sync'
13:45:00.370 [Forwarding isElementDisplayed on session d8b1dd991caf71c71bf3d993593a56d2 to remote] DEBUG org.asynchttpclient.netty.request.NettyRequestSender - Using open Channel [id: 0x64b4c36b, L:/127.0.0.1:55453 - R:localhost/127.0.0.1:23431] for POST '/session/d8b1dd991caf71c71bf3d993593a56d2/execute/sync'
13:45:00.375 [AsyncHttpClient-1-29] DEBUG org.asynchttpclient.netty.handler.HttpHandler - 

Request DefaultHttpRequest(decodeResult: success, version: HTTP/1.1)
POST /session/d8b1dd991caf71c71bf3d993593a56d2/execute/sync HTTP/1.1
User-Agent: selenium/4.10.0 (java windows)
Content-Length: 48814
Content-Type: application/json; charset=utf-8
host: localhost:23431
accept: */*

Response DefaultHttpResponse(decodeResult: success, version: HTTP/1.1)
HTTP/1.1 200 OK
Content-Length: 14
Content-Type: application/json; charset=utf-8
cache-control: no-cache

13:45:00.376 [AsyncHttpClient-1-29] DEBUG org.asynchttpclient.netty.channel.ChannelManager - Adding key: http://localhost:23431 for channel [id: 0x64b4c36b, L:/127.0.0.1:55453 - R:localhost/127.0.0.1:23431]
13:45:00.376 [Forwarding findElement on session d8b1dd991caf71c71bf3d993593a56d2 to remote] DEBUG org.asynchttpclient.netty.request.NettyRequestSender - Using pooled Channel '[id: 0x64b4c36b, L:/127.0.0.1:55453 - R:localhost/127.0.0.1:23431]' for 'POST' to 'http://localhost:23431/session/d8b1dd991caf71c71bf3d993593a56d2/element'
13:45:00.376 [Forwarding findElement on session d8b1dd991caf71c71bf3d993593a56d2 to remote] DEBUG org.asynchttpclient.netty.request.NettyRequestSender - Using open Channel [id: 0x64b4c36b, L:/127.0.0.1:55453 - R:localhost/127.0.0.1:23431] for POST '/session/d8b1dd991caf71c71bf3d993593a56d2/element'
13:45:00.381 [AsyncHttpClient-1-29] DEBUG org.asynchttpclient.netty.handler.HttpHandler - 

Request DefaultHttpRequest(decodeResult: success, version: HTTP/1.1)
POST /session/d8b1dd991caf71c71bf3d993593a56d2/element HTTP/1.1
User-Agent: selenium/4.10.0 (java windows)
Content-Length: 170
Content-Type: application/json; charset=utf-8
host: localhost:23431
accept: */*

Response DefaultHttpResponse(decodeResult: success, version: HTTP/1.1)
HTTP/1.1 200 OK
Content-Length: 95
Content-Type: application/json; charset=utf-8
cache-control: no-cache

13:45:00.381 [AsyncHttpClient-1-29] DEBUG org.asynchttpclient.netty.channel.ChannelManager - Adding key: http://localhost:23431 for channel [id: 0x64b4c36b, L:/127.0.0.1:55453 - R:localhost/127.0.0.1:23431]
13:45:00.382 [Forwarding clickElement on session d8b1dd991caf71c71bf3d993593a56d2 to remote] DEBUG org.asynchttpclient.netty.request.NettyRequestSender - Using pooled Channel '[id: 0x64b4c36b, L:/127.0.0.1:55453 - R:localhost/127.0.0.1:23431]' for 'POST' to 'http://localhost:23431/session/d8b1dd991caf71c71bf3d993593a56d2/element/BBEE494DA2FD39F1BE5110B1758AFC9E_element_23/click'
13:45:00.382 [Forwarding clickElement on session d8b1dd991caf71c71bf3d993593a56d2 to remote] DEBUG org.asynchttpclient.netty.request.NettyRequestSender - Using open Channel [id: 0x64b4c36b, L:/127.0.0.1:55453 - R:localhost/127.0.0.1:23431] for POST '/session/d8b1dd991caf71c71bf3d993593a56d2/element/BBEE494DA2FD39F1BE5110B1758AFC9E_element_23/click'
13:45:00.421 [AsyncHttpClient-1-29] DEBUG org.asynchttpclient.netty.handler.HttpHandler - 

Request DefaultHttpRequest(decodeResult: success, version: HTTP/1.1)
POST /session/d8b1dd991caf71c71bf3d993593a56d2/element/BBEE494DA2FD39F1BE5110B1758AFC9E_element_23/click HTTP/1.1
User-Agent: selenium/4.10.0 (java windows)
Content-Length: 57
Content-Type: application/json; charset=utf-8
host: localhost:23431
accept: */*

Response DefaultHttpResponse(decodeResult: success, version: HTTP/1.1)
HTTP/1.1 200 OK
Content-Length: 14
Content-Type: application/json; charset=utf-8
cache-control: no-cache

13:45:00.421 [AsyncHttpClient-1-29] DEBUG org.asynchttpclient.netty.channel.ChannelManager - Adding key: http://localhost:23431 for channel [id: 0x64b4c36b, L:/127.0.0.1:55453 - R:localhost/127.0.0.1:23431]
13:45:00.753 [AsyncHttpClient-1-1] DEBUG org.asynchttpclient.netty.channel.DefaultChannelPool - Entry count for : http://localhost:55454 : 1
13:45:00.753 [AsyncHttpClient-1-1] DEBUG org.asynchttpclient.netty.channel.DefaultChannelPool - Entry count for : http://localhost:23431 : 1
13:45:01.436 [Forwarding findElement on session d8b1dd991caf71c71bf3d993593a56d2 to remote] DEBUG org.asynchttpclient.netty.request.NettyRequestSender - Using pooled Channel '[id: 0x64b4c36b, L:/127.0.0.1:55453 - R:localhost/127.0.0.1:23431]' for 'POST' to 'http://localhost:23431/session/d8b1dd991caf71c71bf3d993593a56d2/element'
13:45:01.436 [Forwarding findElement on session d8b1dd991caf71c71bf3d993593a56d2 to remote] DEBUG org.asynchttpclient.netty.request.NettyRequestSender - Using open Channel [id: 0x64b4c36b, L:/127.0.0.1:55453 - R:localhost/127.0.0.1:23431] for POST '/session/d8b1dd991caf71c71bf3d993593a56d2/element'
13:45:01.445 [AsyncHttpClient-1-29] DEBUG org.asynchttpclient.netty.handler.HttpHandler - 

Request DefaultHttpRequest(decodeResult: success, version: HTTP/1.1)
POST /session/d8b1dd991caf71c71bf3d993593a56d2/element HTTP/1.1
User-Agent: selenium/4.10.0 (java windows)
Content-Length: 78
Content-Type: application/json; charset=utf-8
host: localhost:23431
accept: */*

Response DefaultHttpResponse(decodeResult: success, version: HTTP/1.1)
HTTP/1.1 200 OK
Content-Length: 95
Content-Type: application/json; charset=utf-8
cache-control: no-cache

13:45:01.445 [AsyncHttpClient-1-29] DEBUG org.asynchttpclient.netty.channel.ChannelManager - Adding key: http://localhost:23431 for channel [id: 0x64b4c36b, L:/127.0.0.1:55453 - R:localhost/127.0.0.1:23431]
13:45:01.446 [Forwarding isElementDisplayed on session d8b1dd991caf71c71bf3d993593a56d2 to remote] DEBUG org.asynchttpclient.netty.request.NettyRequestSender - Using pooled Channel '[id: 0x64b4c36b, L:/127.0.0.1:55453 - R:localhost/127.0.0.1:23431]' for 'POST' to 'http://localhost:23431/session/d8b1dd991caf71c71bf3d993593a56d2/execute/sync'
13:45:01.447 [Forwarding isElementDisplayed on session d8b1dd991caf71c71bf3d993593a56d2 to remote] DEBUG org.asynchttpclient.netty.request.NettyRequestSender - Using open Channel [id: 0x64b4c36b, L:/127.0.0.1:55453 - R:localhost/127.0.0.1:23431] for POST '/session/d8b1dd991caf71c71bf3d993593a56d2/execute/sync'
13:45:01.453 [AsyncHttpClient-1-29] DEBUG org.asynchttpclient.netty.handler.HttpHandler - 

Request DefaultHttpRequest(decodeResult: success, version: HTTP/1.1)
POST /session/d8b1dd991caf71c71bf3d993593a56d2/execute/sync HTTP/1.1
User-Agent: selenium/4.10.0 (java windows)
Content-Length: 48814
Content-Type: application/json; charset=utf-8
host: localhost:23431
accept: */*

Response DefaultHttpResponse(decodeResult: success, version: HTTP/1.1)
HTTP/1.1 200 OK
Content-Length: 14
Content-Type: application/json; charset=utf-8
cache-control: no-cache

13:45:01.453 [AsyncHttpClient-1-29] DEBUG org.asynchttpclient.netty.channel.ChannelManager - Adding key: http://localhost:23431 for channel [id: 0x64b4c36b, L:/127.0.0.1:55453 - R:localhost/127.0.0.1:23431]
13:45:01.453 [Forwarding findElement on session d8b1dd991caf71c71bf3d993593a56d2 to remote] DEBUG org.asynchttpclient.netty.request.NettyRequestSender - Using pooled Channel '[id: 0x64b4c36b, L:/127.0.0.1:55453 - R:localhost/127.0.0.1:23431]' for 'POST' to 'http://localhost:23431/session/d8b1dd991caf71c71bf3d993593a56d2/element'
13:45:01.453 [Forwarding findElement on session d8b1dd991caf71c71bf3d993593a56d2 to remote] DEBUG org.asynchttpclient.netty.request.NettyRequestSender - Using open Channel [id: 0x64b4c36b, L:/127.0.0.1:55453 - R:localhost/127.0.0.1:23431] for POST '/session/d8b1dd991caf71c71bf3d993593a56d2/element'
13:45:01.459 [AsyncHttpClient-1-29] DEBUG org.asynchttpclient.netty.handler.HttpHandler - 

Request DefaultHttpRequest(decodeResult: success, version: HTTP/1.1)
POST /session/d8b1dd991caf71c71bf3d993593a56d2/element HTTP/1.1
User-Agent: selenium/4.10.0 (java windows)
Content-Length: 78
Content-Type: application/json; charset=utf-8
host: localhost:23431
accept: */*

Response DefaultHttpResponse(decodeResult: success, version: HTTP/1.1)
HTTP/1.1 200 OK
Content-Length: 95
Content-Type: application/json; charset=utf-8
cache-control: no-cache

13:45:01.459 [AsyncHttpClient-1-29] DEBUG org.asynchttpclient.netty.channel.ChannelManager - Adding key: http://localhost:23431 for channel [id: 0x64b4c36b, L:/127.0.0.1:55453 - R:localhost/127.0.0.1:23431]
13:45:01.459 [Forwarding sendKeysToElement on session d8b1dd991caf71c71bf3d993593a56d2 to remote] DEBUG org.asynchttpclient.netty.request.NettyRequestSender - Using pooled Channel '[id: 0x64b4c36b, L:/127.0.0.1:55453 - R:localhost/127.0.0.1:23431]' for 'POST' to 'http://localhost:23431/session/d8b1dd991caf71c71bf3d993593a56d2/element/BBEE494DA2FD39F1BE5110B1758AFC9E_element_42/value'
13:45:01.459 [Forwarding sendKeysToElement on session d8b1dd991caf71c71bf3d993593a56d2 to remote] DEBUG org.asynchttpclient.netty.request.NettyRequestSender - Using open Channel [id: 0x64b4c36b, L:/127.0.0.1:55453 - R:localhost/127.0.0.1:23431] for POST '/session/d8b1dd991caf71c71bf3d993593a56d2/element/BBEE494DA2FD39F1BE5110B1758AFC9E_element_42/value'
13:45:01.485 [AsyncHttpClient-1-29] DEBUG org.asynchttpclient.netty.handler.HttpHandler - 

Request DefaultHttpRequest(decodeResult: success, version: HTTP/1.1)
POST /session/d8b1dd991caf71c71bf3d993593a56d2/element/BBEE494DA2FD39F1BE5110B1758AFC9E_element_42/value HTTP/1.1
User-Agent: selenium/4.10.0 (java windows)
Content-Length: 148
Content-Type: application/json; charset=utf-8
host: localhost:23431
accept: */*

Response DefaultHttpResponse(decodeResult: success, version: HTTP/1.1)
HTTP/1.1 200 OK
Content-Length: 14
Content-Type: application/json; charset=utf-8
cache-control: no-cache

13:45:01.485 [AsyncHttpClient-1-29] DEBUG org.asynchttpclient.netty.channel.ChannelManager - Adding key: http://localhost:23431 for channel [id: 0x64b4c36b, L:/127.0.0.1:55453 - R:localhost/127.0.0.1:23431]
13:45:01.486 [Forwarding findElement on session d8b1dd991caf71c71bf3d993593a56d2 to remote] DEBUG org.asynchttpclient.netty.request.NettyRequestSender - Using pooled Channel '[id: 0x64b4c36b, L:/127.0.0.1:55453 - R:localhost/127.0.0.1:23431]' for 'POST' to 'http://localhost:23431/session/d8b1dd991caf71c71bf3d993593a56d2/element'
13:45:01.486 [Forwarding findElement on session d8b1dd991caf71c71bf3d993593a56d2 to remote] DEBUG org.asynchttpclient.netty.request.NettyRequestSender - Using open Channel [id: 0x64b4c36b, L:/127.0.0.1:55453 - R:localhost/127.0.0.1:23431] for POST '/session/d8b1dd991caf71c71bf3d993593a56d2/element'
13:45:01.494 [AsyncHttpClient-1-29] DEBUG org.asynchttpclient.netty.handler.HttpHandler - 

Request DefaultHttpRequest(decodeResult: success, version: HTTP/1.1)
POST /session/d8b1dd991caf71c71bf3d993593a56d2/element HTTP/1.1
User-Agent: selenium/4.10.0 (java windows)
Content-Length: 61
Content-Type: application/json; charset=utf-8
host: localhost:23431
accept: */*

Response DefaultHttpResponse(decodeResult: success, version: HTTP/1.1)
HTTP/1.1 200 OK
Content-Length: 95
Content-Type: application/json; charset=utf-8
cache-control: no-cache

13:45:01.494 [AsyncHttpClient-1-29] DEBUG org.asynchttpclient.netty.channel.ChannelManager - Adding key: http://localhost:23431 for channel [id: 0x64b4c36b, L:/127.0.0.1:55453 - R:localhost/127.0.0.1:23431]
13:45:01.495 [Forwarding isElementDisplayed on session d8b1dd991caf71c71bf3d993593a56d2 to remote] DEBUG org.asynchttpclient.netty.request.NettyRequestSender - Using pooled Channel '[id: 0x64b4c36b, L:/127.0.0.1:55453 - R:localhost/127.0.0.1:23431]' for 'POST' to 'http://localhost:23431/session/d8b1dd991caf71c71bf3d993593a56d2/execute/sync'
13:45:01.495 [Forwarding isElementDisplayed on session d8b1dd991caf71c71bf3d993593a56d2 to remote] DEBUG org.asynchttpclient.netty.request.NettyRequestSender - Using open Channel [id: 0x64b4c36b, L:/127.0.0.1:55453 - R:localhost/127.0.0.1:23431] for POST '/session/d8b1dd991caf71c71bf3d993593a56d2/execute/sync'
13:45:01.500 [AsyncHttpClient-1-29] DEBUG org.asynchttpclient.netty.handler.HttpHandler - 

Request DefaultHttpRequest(decodeResult: success, version: HTTP/1.1)
POST /session/d8b1dd991caf71c71bf3d993593a56d2/execute/sync HTTP/1.1
User-Agent: selenium/4.10.0 (java windows)
Content-Length: 48814
Content-Type: application/json; charset=utf-8
host: localhost:23431
accept: */*

Response DefaultHttpResponse(decodeResult: success, version: HTTP/1.1)
HTTP/1.1 200 OK
Content-Length: 14
Content-Type: application/json; charset=utf-8
cache-control: no-cache

13:45:01.501 [AsyncHttpClient-1-29] DEBUG org.asynchttpclient.netty.channel.ChannelManager - Adding key: http://localhost:23431 for channel [id: 0x64b4c36b, L:/127.0.0.1:55453 - R:localhost/127.0.0.1:23431]
[INFO ] 2023-07-31 13:45:01.501 [main] WebElementActions - Waiting for element to be clickable
13:45:01.501 [Forwarding findElement on session d8b1dd991caf71c71bf3d993593a56d2 to remote] DEBUG org.asynchttpclient.netty.request.NettyRequestSender - Using pooled Channel '[id: 0x64b4c36b, L:/127.0.0.1:55453 - R:localhost/127.0.0.1:23431]' for 'POST' to 'http://localhost:23431/session/d8b1dd991caf71c71bf3d993593a56d2/element'
13:45:01.501 [Forwarding findElement on session d8b1dd991caf71c71bf3d993593a56d2 to remote] DEBUG org.asynchttpclient.netty.request.NettyRequestSender - Using open Channel [id: 0x64b4c36b, L:/127.0.0.1:55453 - R:localhost/127.0.0.1:23431] for POST '/session/d8b1dd991caf71c71bf3d993593a56d2/element'
13:45:01.505 [AsyncHttpClient-1-29] DEBUG org.asynchttpclient.netty.handler.HttpHandler - 

Request DefaultHttpRequest(decodeResult: success, version: HTTP/1.1)
POST /session/d8b1dd991caf71c71bf3d993593a56d2/element HTTP/1.1
User-Agent: selenium/4.10.0 (java windows)
Content-Length: 61
Content-Type: application/json; charset=utf-8
host: localhost:23431
accept: */*

Response DefaultHttpResponse(decodeResult: success, version: HTTP/1.1)
HTTP/1.1 200 OK
Content-Length: 95
Content-Type: application/json; charset=utf-8
cache-control: no-cache

13:45:01.505 [AsyncHttpClient-1-29] DEBUG org.asynchttpclient.netty.channel.ChannelManager - Adding key: http://localhost:23431 for channel [id: 0x64b4c36b, L:/127.0.0.1:55453 - R:localhost/127.0.0.1:23431]
13:45:01.507 [Forwarding isElementDisplayed on session d8b1dd991caf71c71bf3d993593a56d2 to remote] DEBUG org.asynchttpclient.netty.request.NettyRequestSender - Using pooled Channel '[id: 0x64b4c36b, L:/127.0.0.1:55453 - R:localhost/127.0.0.1:23431]' for 'POST' to 'http://localhost:23431/session/d8b1dd991caf71c71bf3d993593a56d2/execute/sync'
13:45:01.507 [Forwarding isElementDisplayed on session d8b1dd991caf71c71bf3d993593a56d2 to remote] DEBUG org.asynchttpclient.netty.request.NettyRequestSender - Using open Channel [id: 0x64b4c36b, L:/127.0.0.1:55453 - R:localhost/127.0.0.1:23431] for POST '/session/d8b1dd991caf71c71bf3d993593a56d2/execute/sync'
13:45:01.512 [AsyncHttpClient-1-29] DEBUG org.asynchttpclient.netty.handler.HttpHandler - 

Request DefaultHttpRequest(decodeResult: success, version: HTTP/1.1)
POST /session/d8b1dd991caf71c71bf3d993593a56d2/execute/sync HTTP/1.1
User-Agent: selenium/4.10.0 (java windows)
Content-Length: 48814
Content-Type: application/json; charset=utf-8
host: localhost:23431
accept: */*

Response DefaultHttpResponse(decodeResult: success, version: HTTP/1.1)
HTTP/1.1 200 OK
Content-Length: 14
Content-Type: application/json; charset=utf-8
cache-control: no-cache

13:45:01.512 [AsyncHttpClient-1-29] DEBUG org.asynchttpclient.netty.channel.ChannelManager - Adding key: http://localhost:23431 for channel [id: 0x64b4c36b, L:/127.0.0.1:55453 - R:localhost/127.0.0.1:23431]
13:45:01.513 [Forwarding findElement on session d8b1dd991caf71c71bf3d993593a56d2 to remote] DEBUG org.asynchttpclient.netty.request.NettyRequestSender - Using pooled Channel '[id: 0x64b4c36b, L:/127.0.0.1:55453 - R:localhost/127.0.0.1:23431]' for 'POST' to 'http://localhost:23431/session/d8b1dd991caf71c71bf3d993593a56d2/element'
13:45:01.513 [Forwarding findElement on session d8b1dd991caf71c71bf3d993593a56d2 to remote] DEBUG org.asynchttpclient.netty.request.NettyRequestSender - Using open Channel [id: 0x64b4c36b, L:/127.0.0.1:55453 - R:localhost/127.0.0.1:23431] for POST '/session/d8b1dd991caf71c71bf3d993593a56d2/element'
13:45:01.517 [AsyncHttpClient-1-29] DEBUG org.asynchttpclient.netty.handler.HttpHandler - 

Request DefaultHttpRequest(decodeResult: success, version: HTTP/1.1)
POST /session/d8b1dd991caf71c71bf3d993593a56d2/element HTTP/1.1
User-Agent: selenium/4.10.0 (java windows)
Content-Length: 61
Content-Type: application/json; charset=utf-8
host: localhost:23431
accept: */*

Response DefaultHttpResponse(decodeResult: success, version: HTTP/1.1)
HTTP/1.1 200 OK
Content-Length: 95
Content-Type: application/json; charset=utf-8
cache-control: no-cache

13:45:01.517 [AsyncHttpClient-1-29] DEBUG org.asynchttpclient.netty.channel.ChannelManager - Adding key: http://localhost:23431 for channel [id: 0x64b4c36b, L:/127.0.0.1:55453 - R:localhost/127.0.0.1:23431]
13:45:01.518 [Forwarding isElementEnabled on session d8b1dd991caf71c71bf3d993593a56d2 to remote] DEBUG org.asynchttpclient.netty.request.NettyRequestSender - Using pooled Channel '[id: 0x64b4c36b, L:/127.0.0.1:55453 - R:localhost/127.0.0.1:23431]' for 'GET' to 'http://localhost:23431/session/d8b1dd991caf71c71bf3d993593a56d2/element/BBEE494DA2FD39F1BE5110B1758AFC9E_element_43/enabled'
13:45:01.518 [Forwarding isElementEnabled on session d8b1dd991caf71c71bf3d993593a56d2 to remote] DEBUG org.asynchttpclient.netty.request.NettyRequestSender - Using open Channel [id: 0x64b4c36b, L:/127.0.0.1:55453 - R:localhost/127.0.0.1:23431] for GET '/session/d8b1dd991caf71c71bf3d993593a56d2/element/BBEE494DA2FD39F1BE5110B1758AFC9E_element_43/enabled'
13:45:01.522 [AsyncHttpClient-1-29] DEBUG org.asynchttpclient.netty.handler.HttpHandler - 

Request DefaultFullHttpRequest(decodeResult: success, version: HTTP/1.1, content: EmptyByteBufBE)
GET /session/d8b1dd991caf71c71bf3d993593a56d2/element/BBEE494DA2FD39F1BE5110B1758AFC9E_element_43/enabled HTTP/1.1
Cache-Control: no-cache
User-Agent: selenium/4.10.0 (java windows)
Content-Type: application/json; charset=utf-8
host: localhost:23431
accept: */*

Response DefaultHttpResponse(decodeResult: success, version: HTTP/1.1)
HTTP/1.1 200 OK
Content-Length: 14
Content-Type: application/json; charset=utf-8
cache-control: no-cache

13:45:01.522 [AsyncHttpClient-1-29] DEBUG org.asynchttpclient.netty.channel.ChannelManager - Adding key: http://localhost:23431 for channel [id: 0x64b4c36b, L:/127.0.0.1:55453 - R:localhost/127.0.0.1:23431]
[INFO ] 2023-07-31 13:45:01.523 [main] WebElementActions - Element is clickable
13:45:01.523 [Forwarding findElement on session d8b1dd991caf71c71bf3d993593a56d2 to remote] DEBUG org.asynchttpclient.netty.request.NettyRequestSender - Using pooled Channel '[id: 0x64b4c36b, L:/127.0.0.1:55453 - R:localhost/127.0.0.1:23431]' for 'POST' to 'http://localhost:23431/session/d8b1dd991caf71c71bf3d993593a56d2/element'
13:45:01.523 [Forwarding findElement on session d8b1dd991caf71c71bf3d993593a56d2 to remote] DEBUG org.asynchttpclient.netty.request.NettyRequestSender - Using open Channel [id: 0x64b4c36b, L:/127.0.0.1:55453 - R:localhost/127.0.0.1:23431] for POST '/session/d8b1dd991caf71c71bf3d993593a56d2/element'
13:45:01.528 [AsyncHttpClient-1-29] DEBUG org.asynchttpclient.netty.handler.HttpHandler - 

Request DefaultHttpRequest(decodeResult: success, version: HTTP/1.1)
POST /session/d8b1dd991caf71c71bf3d993593a56d2/element HTTP/1.1
User-Agent: selenium/4.10.0 (java windows)
Content-Length: 61
Content-Type: application/json; charset=utf-8
host: localhost:23431
accept: */*

Response DefaultHttpResponse(decodeResult: success, version: HTTP/1.1)
HTTP/1.1 200 OK
Content-Length: 95
Content-Type: application/json; charset=utf-8
cache-control: no-cache

13:45:01.528 [AsyncHttpClient-1-29] DEBUG org.asynchttpclient.netty.channel.ChannelManager - Adding key: http://localhost:23431 for channel [id: 0x64b4c36b, L:/127.0.0.1:55453 - R:localhost/127.0.0.1:23431]
13:45:01.530 [Forwarding isElementDisplayed on session d8b1dd991caf71c71bf3d993593a56d2 to remote] DEBUG org.asynchttpclient.netty.request.NettyRequestSender - Using pooled Channel '[id: 0x64b4c36b, L:/127.0.0.1:55453 - R:localhost/127.0.0.1:23431]' for 'POST' to 'http://localhost:23431/session/d8b1dd991caf71c71bf3d993593a56d2/execute/sync'
13:45:01.530 [Forwarding isElementDisplayed on session d8b1dd991caf71c71bf3d993593a56d2 to remote] DEBUG org.asynchttpclient.netty.request.NettyRequestSender - Using open Channel [id: 0x64b4c36b, L:/127.0.0.1:55453 - R:localhost/127.0.0.1:23431] for POST '/session/d8b1dd991caf71c71bf3d993593a56d2/execute/sync'
13:45:01.535 [AsyncHttpClient-1-29] DEBUG org.asynchttpclient.netty.handler.HttpHandler - 

Request DefaultHttpRequest(decodeResult: success, version: HTTP/1.1)
POST /session/d8b1dd991caf71c71bf3d993593a56d2/execute/sync HTTP/1.1
User-Agent: selenium/4.10.0 (java windows)
Content-Length: 48814
Content-Type: application/json; charset=utf-8
host: localhost:23431
accept: */*

Response DefaultHttpResponse(decodeResult: success, version: HTTP/1.1)
HTTP/1.1 200 OK
Content-Length: 14
Content-Type: application/json; charset=utf-8
cache-control: no-cache

13:45:01.535 [AsyncHttpClient-1-29] DEBUG org.asynchttpclient.netty.channel.ChannelManager - Adding key: http://localhost:23431 for channel [id: 0x64b4c36b, L:/127.0.0.1:55453 - R:localhost/127.0.0.1:23431]
13:45:01.536 [Forwarding findElement on session d8b1dd991caf71c71bf3d993593a56d2 to remote] DEBUG org.asynchttpclient.netty.request.NettyRequestSender - Using pooled Channel '[id: 0x64b4c36b, L:/127.0.0.1:55453 - R:localhost/127.0.0.1:23431]' for 'POST' to 'http://localhost:23431/session/d8b1dd991caf71c71bf3d993593a56d2/element'
13:45:01.536 [Forwarding findElement on session d8b1dd991caf71c71bf3d993593a56d2 to remote] DEBUG org.asynchttpclient.netty.request.NettyRequestSender - Using open Channel [id: 0x64b4c36b, L:/127.0.0.1:55453 - R:localhost/127.0.0.1:23431] for POST '/session/d8b1dd991caf71c71bf3d993593a56d2/element'
13:45:01.541 [AsyncHttpClient-1-29] DEBUG org.asynchttpclient.netty.handler.HttpHandler - 

Request DefaultHttpRequest(decodeResult: success, version: HTTP/1.1)
POST /session/d8b1dd991caf71c71bf3d993593a56d2/element HTTP/1.1
User-Agent: selenium/4.10.0 (java windows)
Content-Length: 61
Content-Type: application/json; charset=utf-8
host: localhost:23431
accept: */*

Response DefaultHttpResponse(decodeResult: success, version: HTTP/1.1)
HTTP/1.1 200 OK
Content-Length: 95
Content-Type: application/json; charset=utf-8
cache-control: no-cache

13:45:01.541 [AsyncHttpClient-1-29] DEBUG org.asynchttpclient.netty.channel.ChannelManager - Adding key: http://localhost:23431 for channel [id: 0x64b4c36b, L:/127.0.0.1:55453 - R:localhost/127.0.0.1:23431]
13:45:01.541 [Forwarding clickElement on session d8b1dd991caf71c71bf3d993593a56d2 to remote] DEBUG org.asynchttpclient.netty.request.NettyRequestSender - Using pooled Channel '[id: 0x64b4c36b, L:/127.0.0.1:55453 - R:localhost/127.0.0.1:23431]' for 'POST' to 'http://localhost:23431/session/d8b1dd991caf71c71bf3d993593a56d2/element/BBEE494DA2FD39F1BE5110B1758AFC9E_element_43/click'
13:45:01.541 [Forwarding clickElement on session d8b1dd991caf71c71bf3d993593a56d2 to remote] DEBUG org.asynchttpclient.netty.request.NettyRequestSender - Using open Channel [id: 0x64b4c36b, L:/127.0.0.1:55453 - R:localhost/127.0.0.1:23431] for POST '/session/d8b1dd991caf71c71bf3d993593a56d2/element/BBEE494DA2FD39F1BE5110B1758AFC9E_element_43/click'
13:45:01.568 [AsyncHttpClient-1-29] DEBUG org.asynchttpclient.netty.handler.HttpHandler - 

Request DefaultHttpRequest(decodeResult: success, version: HTTP/1.1)
POST /session/d8b1dd991caf71c71bf3d993593a56d2/element/BBEE494DA2FD39F1BE5110B1758AFC9E_element_43/click HTTP/1.1
User-Agent: selenium/4.10.0 (java windows)
Content-Length: 57
Content-Type: application/json; charset=utf-8
host: localhost:23431
accept: */*

Response DefaultHttpResponse(decodeResult: success, version: HTTP/1.1)
HTTP/1.1 200 OK
Content-Length: 14
Content-Type: application/json; charset=utf-8
cache-control: no-cache

13:45:01.568 [AsyncHttpClient-1-29] DEBUG org.asynchttpclient.netty.channel.ChannelManager - Adding key: http://localhost:23431 for channel [id: 0x64b4c36b, L:/127.0.0.1:55453 - R:localhost/127.0.0.1:23431]
13:45:01.862 [AsyncHttpClient-1-1] DEBUG org.asynchttpclient.netty.channel.DefaultChannelPool - Entry count for : http://localhost:55454 : 1
13:45:01.862 [AsyncHttpClient-1-1] DEBUG org.asynchttpclient.netty.channel.DefaultChannelPool - Entry count for : http://localhost:23431 : 1
13:45:02.575 [Forwarding findElement on session d8b1dd991caf71c71bf3d993593a56d2 to remote] DEBUG org.asynchttpclient.netty.request.NettyRequestSender - Using pooled Channel '[id: 0x64b4c36b, L:/127.0.0.1:55453 - R:localhost/127.0.0.1:23431]' for 'POST' to 'http://localhost:23431/session/d8b1dd991caf71c71bf3d993593a56d2/element'
13:45:02.575 [Forwarding findElement on session d8b1dd991caf71c71bf3d993593a56d2 to remote] DEBUG org.asynchttpclient.netty.request.NettyRequestSender - Using open Channel [id: 0x64b4c36b, L:/127.0.0.1:55453 - R:localhost/127.0.0.1:23431] for POST '/session/d8b1dd991caf71c71bf3d993593a56d2/element'
13:45:02.955 [AsyncHttpClient-1-1] DEBUG org.asynchttpclient.netty.channel.DefaultChannelPool - Entry count for : http://localhost:55454 : 1
13:45:03.399 [AsyncHttpClient-1-29] DEBUG org.asynchttpclient.netty.handler.HttpHandler - 

Request DefaultHttpRequest(decodeResult: success, version: HTTP/1.1)
POST /session/d8b1dd991caf71c71bf3d993593a56d2/element HTTP/1.1
User-Agent: selenium/4.10.0 (java windows)
Content-Length: 82
Content-Type: application/json; charset=utf-8
host: localhost:23431
accept: */*

Response DefaultHttpResponse(decodeResult: success, version: HTTP/1.1)
HTTP/1.1 200 OK
Content-Length: 95
Content-Type: application/json; charset=utf-8
cache-control: no-cache

13:45:03.400 [AsyncHttpClient-1-29] DEBUG org.asynchttpclient.netty.channel.ChannelManager - Adding key: http://localhost:23431 for channel [id: 0x64b4c36b, L:/127.0.0.1:55453 - R:localhost/127.0.0.1:23431]
13:45:03.401 [Forwarding isElementDisplayed on session d8b1dd991caf71c71bf3d993593a56d2 to remote] DEBUG org.asynchttpclient.netty.request.NettyRequestSender - Using pooled Channel '[id: 0x64b4c36b, L:/127.0.0.1:55453 - R:localhost/127.0.0.1:23431]' for 'POST' to 'http://localhost:23431/session/d8b1dd991caf71c71bf3d993593a56d2/execute/sync'
13:45:03.401 [Forwarding isElementDisplayed on session d8b1dd991caf71c71bf3d993593a56d2 to remote] DEBUG org.asynchttpclient.netty.request.NettyRequestSender - Using open Channel [id: 0x64b4c36b, L:/127.0.0.1:55453 - R:localhost/127.0.0.1:23431] for POST '/session/d8b1dd991caf71c71bf3d993593a56d2/execute/sync'
13:45:03.408 [AsyncHttpClient-1-29] DEBUG org.asynchttpclient.netty.handler.HttpHandler - 

Request DefaultHttpRequest(decodeResult: success, version: HTTP/1.1)
POST /session/d8b1dd991caf71c71bf3d993593a56d2/execute/sync HTTP/1.1
User-Agent: selenium/4.10.0 (java windows)
Content-Length: 48814
Content-Type: application/json; charset=utf-8
host: localhost:23431
accept: */*

Response DefaultHttpResponse(decodeResult: success, version: HTTP/1.1)
HTTP/1.1 200 OK
Content-Length: 14
Content-Type: application/json; charset=utf-8
cache-control: no-cache

13:45:03.408 [AsyncHttpClient-1-29] DEBUG org.asynchttpclient.netty.channel.ChannelManager - Adding key: http://localhost:23431 for channel [id: 0x64b4c36b, L:/127.0.0.1:55453 - R:localhost/127.0.0.1:23431]
[INFO ] 2023-07-31 13:45:03.409 [main] WebElementActions - Waiting for element to be clickable
13:45:03.409 [Forwarding findElement on session d8b1dd991caf71c71bf3d993593a56d2 to remote] DEBUG org.asynchttpclient.netty.request.NettyRequestSender - Using pooled Channel '[id: 0x64b4c36b, L:/127.0.0.1:55453 - R:localhost/127.0.0.1:23431]' for 'POST' to 'http://localhost:23431/session/d8b1dd991caf71c71bf3d993593a56d2/element'
13:45:03.409 [Forwarding findElement on session d8b1dd991caf71c71bf3d993593a56d2 to remote] DEBUG org.asynchttpclient.netty.request.NettyRequestSender - Using open Channel [id: 0x64b4c36b, L:/127.0.0.1:55453 - R:localhost/127.0.0.1:23431] for POST '/session/d8b1dd991caf71c71bf3d993593a56d2/element'
13:45:03.414 [AsyncHttpClient-1-29] DEBUG org.asynchttpclient.netty.handler.HttpHandler - 

Request DefaultHttpRequest(decodeResult: success, version: HTTP/1.1)
POST /session/d8b1dd991caf71c71bf3d993593a56d2/element HTTP/1.1
User-Agent: selenium/4.10.0 (java windows)
Content-Length: 82
Content-Type: application/json; charset=utf-8
host: localhost:23431
accept: */*

Response DefaultHttpResponse(decodeResult: success, version: HTTP/1.1)
HTTP/1.1 200 OK
Content-Length: 95
Content-Type: application/json; charset=utf-8
cache-control: no-cache

13:45:03.414 [AsyncHttpClient-1-29] DEBUG org.asynchttpclient.netty.channel.ChannelManager - Adding key: http://localhost:23431 for channel [id: 0x64b4c36b, L:/127.0.0.1:55453 - R:localhost/127.0.0.1:23431]
13:45:03.415 [Forwarding isElementDisplayed on session d8b1dd991caf71c71bf3d993593a56d2 to remote] DEBUG org.asynchttpclient.netty.request.NettyRequestSender - Using pooled Channel '[id: 0x64b4c36b, L:/127.0.0.1:55453 - R:localhost/127.0.0.1:23431]' for 'POST' to 'http://localhost:23431/session/d8b1dd991caf71c71bf3d993593a56d2/execute/sync'
13:45:03.415 [Forwarding isElementDisplayed on session d8b1dd991caf71c71bf3d993593a56d2 to remote] DEBUG org.asynchttpclient.netty.request.NettyRequestSender - Using open Channel [id: 0x64b4c36b, L:/127.0.0.1:55453 - R:localhost/127.0.0.1:23431] for POST '/session/d8b1dd991caf71c71bf3d993593a56d2/execute/sync'
13:45:03.421 [AsyncHttpClient-1-29] DEBUG org.asynchttpclient.netty.handler.HttpHandler - 

Request DefaultHttpRequest(decodeResult: success, version: HTTP/1.1)
POST /session/d8b1dd991caf71c71bf3d993593a56d2/execute/sync HTTP/1.1
User-Agent: selenium/4.10.0 (java windows)
Content-Length: 48814
Content-Type: application/json; charset=utf-8
host: localhost:23431
accept: */*

Response DefaultHttpResponse(decodeResult: success, version: HTTP/1.1)
HTTP/1.1 200 OK
Content-Length: 14
Content-Type: application/json; charset=utf-8
cache-control: no-cache

13:45:03.421 [AsyncHttpClient-1-29] DEBUG org.asynchttpclient.netty.channel.ChannelManager - Adding key: http://localhost:23431 for channel [id: 0x64b4c36b, L:/127.0.0.1:55453 - R:localhost/127.0.0.1:23431]
13:45:03.422 [Forwarding findElement on session d8b1dd991caf71c71bf3d993593a56d2 to remote] DEBUG org.asynchttpclient.netty.request.NettyRequestSender - Using pooled Channel '[id: 0x64b4c36b, L:/127.0.0.1:55453 - R:localhost/127.0.0.1:23431]' for 'POST' to 'http://localhost:23431/session/d8b1dd991caf71c71bf3d993593a56d2/element'
13:45:03.422 [Forwarding findElement on session d8b1dd991caf71c71bf3d993593a56d2 to remote] DEBUG org.asynchttpclient.netty.request.NettyRequestSender - Using open Channel [id: 0x64b4c36b, L:/127.0.0.1:55453 - R:localhost/127.0.0.1:23431] for POST '/session/d8b1dd991caf71c71bf3d993593a56d2/element'
13:45:03.427 [AsyncHttpClient-1-29] DEBUG org.asynchttpclient.netty.handler.HttpHandler - 

Request DefaultHttpRequest(decodeResult: success, version: HTTP/1.1)
POST /session/d8b1dd991caf71c71bf3d993593a56d2/element HTTP/1.1
User-Agent: selenium/4.10.0 (java windows)
Content-Length: 82
Content-Type: application/json; charset=utf-8
host: localhost:23431
accept: */*

Response DefaultHttpResponse(decodeResult: success, version: HTTP/1.1)
HTTP/1.1 200 OK
Content-Length: 95
Content-Type: application/json; charset=utf-8
cache-control: no-cache

13:45:03.427 [AsyncHttpClient-1-29] DEBUG org.asynchttpclient.netty.channel.ChannelManager - Adding key: http://localhost:23431 for channel [id: 0x64b4c36b, L:/127.0.0.1:55453 - R:localhost/127.0.0.1:23431]
13:45:03.427 [Forwarding isElementEnabled on session d8b1dd991caf71c71bf3d993593a56d2 to remote] DEBUG org.asynchttpclient.netty.request.NettyRequestSender - Using pooled Channel '[id: 0x64b4c36b, L:/127.0.0.1:55453 - R:localhost/127.0.0.1:23431]' for 'GET' to 'http://localhost:23431/session/d8b1dd991caf71c71bf3d993593a56d2/element/BBEE494DA2FD39F1BE5110B1758AFC9E_element_46/enabled'
13:45:03.427 [Forwarding isElementEnabled on session d8b1dd991caf71c71bf3d993593a56d2 to remote] DEBUG org.asynchttpclient.netty.request.NettyRequestSender - Using open Channel [id: 0x64b4c36b, L:/127.0.0.1:55453 - R:localhost/127.0.0.1:23431] for GET '/session/d8b1dd991caf71c71bf3d993593a56d2/element/BBEE494DA2FD39F1BE5110B1758AFC9E_element_46/enabled'
13:45:03.432 [AsyncHttpClient-1-29] DEBUG org.asynchttpclient.netty.handler.HttpHandler - 

Request DefaultFullHttpRequest(decodeResult: success, version: HTTP/1.1, content: EmptyByteBufBE)
GET /session/d8b1dd991caf71c71bf3d993593a56d2/element/BBEE494DA2FD39F1BE5110B1758AFC9E_element_46/enabled HTTP/1.1
Cache-Control: no-cache
User-Agent: selenium/4.10.0 (java windows)
Content-Type: application/json; charset=utf-8
host: localhost:23431
accept: */*

Response DefaultHttpResponse(decodeResult: success, version: HTTP/1.1)
HTTP/1.1 200 OK
Content-Length: 14
Content-Type: application/json; charset=utf-8
cache-control: no-cache

13:45:03.432 [AsyncHttpClient-1-29] DEBUG org.asynchttpclient.netty.channel.ChannelManager - Adding key: http://localhost:23431 for channel [id: 0x64b4c36b, L:/127.0.0.1:55453 - R:localhost/127.0.0.1:23431]
[INFO ] 2023-07-31 13:45:03.432 [main] WebElementActions - Element is clickable
13:45:03.432 [Forwarding findElement on session d8b1dd991caf71c71bf3d993593a56d2 to remote] DEBUG org.asynchttpclient.netty.request.NettyRequestSender - Using pooled Channel '[id: 0x64b4c36b, L:/127.0.0.1:55453 - R:localhost/127.0.0.1:23431]' for 'POST' to 'http://localhost:23431/session/d8b1dd991caf71c71bf3d993593a56d2/element'
13:45:03.432 [Forwarding findElement on session d8b1dd991caf71c71bf3d993593a56d2 to remote] DEBUG org.asynchttpclient.netty.request.NettyRequestSender - Using open Channel [id: 0x64b4c36b, L:/127.0.0.1:55453 - R:localhost/127.0.0.1:23431] for POST '/session/d8b1dd991caf71c71bf3d993593a56d2/element'
13:45:03.437 [AsyncHttpClient-1-29] DEBUG org.asynchttpclient.netty.handler.HttpHandler - 

Request DefaultHttpRequest(decodeResult: success, version: HTTP/1.1)
POST /session/d8b1dd991caf71c71bf3d993593a56d2/element HTTP/1.1
User-Agent: selenium/4.10.0 (java windows)
Content-Length: 82
Content-Type: application/json; charset=utf-8
host: localhost:23431
accept: */*

Response DefaultHttpResponse(decodeResult: success, version: HTTP/1.1)
HTTP/1.1 200 OK
Content-Length: 95
Content-Type: application/json; charset=utf-8
cache-control: no-cache

13:45:03.437 [AsyncHttpClient-1-29] DEBUG org.asynchttpclient.netty.channel.ChannelManager - Adding key: http://localhost:23431 for channel [id: 0x64b4c36b, L:/127.0.0.1:55453 - R:localhost/127.0.0.1:23431]
13:45:03.439 [Forwarding isElementDisplayed on session d8b1dd991caf71c71bf3d993593a56d2 to remote] DEBUG org.asynchttpclient.netty.request.NettyRequestSender - Using pooled Channel '[id: 0x64b4c36b, L:/127.0.0.1:55453 - R:localhost/127.0.0.1:23431]' for 'POST' to 'http://localhost:23431/session/d8b1dd991caf71c71bf3d993593a56d2/execute/sync'
13:45:03.439 [Forwarding isElementDisplayed on session d8b1dd991caf71c71bf3d993593a56d2 to remote] DEBUG org.asynchttpclient.netty.request.NettyRequestSender - Using open Channel [id: 0x64b4c36b, L:/127.0.0.1:55453 - R:localhost/127.0.0.1:23431] for POST '/session/d8b1dd991caf71c71bf3d993593a56d2/execute/sync'
13:45:03.445 [AsyncHttpClient-1-29] DEBUG org.asynchttpclient.netty.handler.HttpHandler - 

Request DefaultHttpRequest(decodeResult: success, version: HTTP/1.1)
POST /session/d8b1dd991caf71c71bf3d993593a56d2/execute/sync HTTP/1.1
User-Agent: selenium/4.10.0 (java windows)
Content-Length: 48814
Content-Type: application/json; charset=utf-8
host: localhost:23431
accept: */*

Response DefaultHttpResponse(decodeResult: success, version: HTTP/1.1)
HTTP/1.1 200 OK
Content-Length: 14
Content-Type: application/json; charset=utf-8
cache-control: no-cache

13:45:03.445 [AsyncHttpClient-1-29] DEBUG org.asynchttpclient.netty.channel.ChannelManager - Adding key: http://localhost:23431 for channel [id: 0x64b4c36b, L:/127.0.0.1:55453 - R:localhost/127.0.0.1:23431]
13:45:03.445 [Forwarding findElement on session d8b1dd991caf71c71bf3d993593a56d2 to remote] DEBUG org.asynchttpclient.netty.request.NettyRequestSender - Using pooled Channel '[id: 0x64b4c36b, L:/127.0.0.1:55453 - R:localhost/127.0.0.1:23431]' for 'POST' to 'http://localhost:23431/session/d8b1dd991caf71c71bf3d993593a56d2/element'
13:45:03.445 [Forwarding findElement on session d8b1dd991caf71c71bf3d993593a56d2 to remote] DEBUG org.asynchttpclient.netty.request.NettyRequestSender - Using open Channel [id: 0x64b4c36b, L:/127.0.0.1:55453 - R:localhost/127.0.0.1:23431] for POST '/session/d8b1dd991caf71c71bf3d993593a56d2/element'
13:45:03.458 [AsyncHttpClient-1-29] DEBUG org.asynchttpclient.netty.handler.HttpHandler - 

Request DefaultHttpRequest(decodeResult: success, version: HTTP/1.1)
POST /session/d8b1dd991caf71c71bf3d993593a56d2/element HTTP/1.1
User-Agent: selenium/4.10.0 (java windows)
Content-Length: 82
Content-Type: application/json; charset=utf-8
host: localhost:23431
accept: */*

Response DefaultHttpResponse(decodeResult: success, version: HTTP/1.1)
HTTP/1.1 200 OK
Content-Length: 95
Content-Type: application/json; charset=utf-8
cache-control: no-cache

13:45:03.458 [AsyncHttpClient-1-29] DEBUG org.asynchttpclient.netty.channel.ChannelManager - Adding key: http://localhost:23431 for channel [id: 0x64b4c36b, L:/127.0.0.1:55453 - R:localhost/127.0.0.1:23431]
13:45:03.459 [Forwarding clickElement on session d8b1dd991caf71c71bf3d993593a56d2 to remote] DEBUG org.asynchttpclient.netty.request.NettyRequestSender - Using pooled Channel '[id: 0x64b4c36b, L:/127.0.0.1:55453 - R:localhost/127.0.0.1:23431]' for 'POST' to 'http://localhost:23431/session/d8b1dd991caf71c71bf3d993593a56d2/element/BBEE494DA2FD39F1BE5110B1758AFC9E_element_46/click'
13:45:03.459 [Forwarding clickElement on session d8b1dd991caf71c71bf3d993593a56d2 to remote] DEBUG org.asynchttpclient.netty.request.NettyRequestSender - Using open Channel [id: 0x64b4c36b, L:/127.0.0.1:55453 - R:localhost/127.0.0.1:23431] for POST '/session/d8b1dd991caf71c71bf3d993593a56d2/element/BBEE494DA2FD39F1BE5110B1758AFC9E_element_46/click'
13:45:03.495 [AsyncHttpClient-1-29] DEBUG org.asynchttpclient.netty.handler.HttpHandler - 

Request DefaultHttpRequest(decodeResult: success, version: HTTP/1.1)
POST /session/d8b1dd991caf71c71bf3d993593a56d2/element/BBEE494DA2FD39F1BE5110B1758AFC9E_element_46/click HTTP/1.1
User-Agent: selenium/4.10.0 (java windows)
Content-Length: 57
Content-Type: application/json; charset=utf-8
host: localhost:23431
accept: */*

Response DefaultHttpResponse(decodeResult: success, version: HTTP/1.1)
HTTP/1.1 200 OK
Content-Length: 14
Content-Type: application/json; charset=utf-8
cache-control: no-cache

13:45:03.495 [AsyncHttpClient-1-29] DEBUG org.asynchttpclient.netty.channel.ChannelManager - Adding key: http://localhost:23431 for channel [id: 0x64b4c36b, L:/127.0.0.1:55453 - R:localhost/127.0.0.1:23431]
13:45:04.054 [AsyncHttpClient-1-1] DEBUG org.asynchttpclient.netty.channel.DefaultChannelPool - Entry count for : http://localhost:55454 : 1
13:45:04.054 [AsyncHttpClient-1-1] DEBUG org.asynchttpclient.netty.channel.DefaultChannelPool - Entry count for : http://localhost:23431 : 1
13:45:04.502 [Forwarding findElements on session d8b1dd991caf71c71bf3d993593a56d2 to remote] DEBUG org.asynchttpclient.netty.request.NettyRequestSender - Using pooled Channel '[id: 0x64b4c36b, L:/127.0.0.1:55453 - R:localhost/127.0.0.1:23431]' for 'POST' to 'http://localhost:23431/session/d8b1dd991caf71c71bf3d993593a56d2/elements'
13:45:04.502 [Forwarding findElements on session d8b1dd991caf71c71bf3d993593a56d2 to remote] DEBUG org.asynchttpclient.netty.request.NettyRequestSender - Using open Channel [id: 0x64b4c36b, L:/127.0.0.1:55453 - R:localhost/127.0.0.1:23431] for POST '/session/d8b1dd991caf71c71bf3d993593a56d2/elements'
13:45:04.512 [AsyncHttpClient-1-29] DEBUG org.asynchttpclient.netty.handler.HttpHandler - 

Request DefaultHttpRequest(decodeResult: success, version: HTTP/1.1)
POST /session/d8b1dd991caf71c71bf3d993593a56d2/elements HTTP/1.1
User-Agent: selenium/4.10.0 (java windows)
Content-Length: 77
Content-Type: application/json; charset=utf-8
host: localhost:23431
accept: */*

Response DefaultHttpResponse(decodeResult: success, version: HTTP/1.1)
HTTP/1.1 200 OK
Content-Length: 1215
Content-Type: application/json; charset=utf-8
cache-control: no-cache

13:45:04.512 [AsyncHttpClient-1-29] DEBUG org.asynchttpclient.netty.channel.ChannelManager - Adding key: http://localhost:23431 for channel [id: 0x64b4c36b, L:/127.0.0.1:55453 - R:localhost/127.0.0.1:23431]
[[ChromeDriver: chrome on windows (d8b1dd991caf71c71bf3d993593a56d2)] -> xpath: .//span[@class='company-name']]
13:45:04.513 [Forwarding getElementText on session d8b1dd991caf71c71bf3d993593a56d2 to remote] DEBUG org.asynchttpclient.netty.request.NettyRequestSender - Using pooled Channel '[id: 0x64b4c36b, L:/127.0.0.1:55453 - R:localhost/127.0.0.1:23431]' for 'GET' to 'http://localhost:23431/session/d8b1dd991caf71c71bf3d993593a56d2/element/BBEE494DA2FD39F1BE5110B1758AFC9E_element_50/text'
13:45:04.513 [Forwarding getElementText on session d8b1dd991caf71c71bf3d993593a56d2 to remote] DEBUG org.asynchttpclient.netty.request.NettyRequestSender - Using open Channel [id: 0x64b4c36b, L:/127.0.0.1:55453 - R:localhost/127.0.0.1:23431] for GET '/session/d8b1dd991caf71c71bf3d993593a56d2/element/BBEE494DA2FD39F1BE5110B1758AFC9E_element_50/text'
13:45:04.522 [AsyncHttpClient-1-29] DEBUG org.asynchttpclient.netty.handler.HttpHandler - 

Request DefaultFullHttpRequest(decodeResult: success, version: HTTP/1.1, content: EmptyByteBufBE)
GET /session/d8b1dd991caf71c71bf3d993593a56d2/element/BBEE494DA2FD39F1BE5110B1758AFC9E_element_50/text HTTP/1.1
Cache-Control: no-cache
User-Agent: selenium/4.10.0 (java windows)
Content-Type: application/json; charset=utf-8
host: localhost:23431
accept: */*

Response DefaultHttpResponse(decodeResult: success, version: HTTP/1.1)
HTTP/1.1 200 OK
Content-Length: 65
Content-Type: application/json; charset=utf-8
cache-control: no-cache

13:45:04.522 [AsyncHttpClient-1-29] DEBUG org.asynchttpclient.netty.channel.ChannelManager - Adding key: http://localhost:23431 for channel [id: 0x64b4c36b, L:/127.0.0.1:55453 - R:localhost/127.0.0.1:23431]
[[ChromeDriver: chrome on windows (d8b1dd991caf71c71bf3d993593a56d2)] -> xpath: .//span[@class='company-name']]
13:45:04.523 [Forwarding getElementText on session d8b1dd991caf71c71bf3d993593a56d2 to remote] DEBUG org.asynchttpclient.netty.request.NettyRequestSender - Using pooled Channel '[id: 0x64b4c36b, L:/127.0.0.1:55453 - R:localhost/127.0.0.1:23431]' for 'GET' to 'http://localhost:23431/session/d8b1dd991caf71c71bf3d993593a56d2/element/BBEE494DA2FD39F1BE5110B1758AFC9E_element_51/text'
13:45:04.523 [Forwarding getElementText on session d8b1dd991caf71c71bf3d993593a56d2 to remote] DEBUG org.asynchttpclient.netty.request.NettyRequestSender - Using open Channel [id: 0x64b4c36b, L:/127.0.0.1:55453 - R:localhost/127.0.0.1:23431] for GET '/session/d8b1dd991caf71c71bf3d993593a56d2/element/BBEE494DA2FD39F1BE5110B1758AFC9E_element_51/text'
13:45:04.529 [AsyncHttpClient-1-29] DEBUG org.asynchttpclient.netty.handler.HttpHandler - 

Request DefaultFullHttpRequest(decodeResult: success, version: HTTP/1.1, content: EmptyByteBufBE)
GET /session/d8b1dd991caf71c71bf3d993593a56d2/element/BBEE494DA2FD39F1BE5110B1758AFC9E_element_51/text HTTP/1.1
Cache-Control: no-cache
User-Agent: selenium/4.10.0 (java windows)
Content-Type: application/json; charset=utf-8
host: localhost:23431
accept: */*

Response DefaultHttpResponse(decodeResult: success, version: HTTP/1.1)
HTTP/1.1 200 OK
Content-Length: 114
Content-Type: application/json; charset=utf-8
cache-control: no-cache

13:45:04.529 [AsyncHttpClient-1-29] DEBUG org.asynchttpclient.netty.channel.ChannelManager - Adding key: http://localhost:23431 for channel [id: 0x64b4c36b, L:/127.0.0.1:55453 - R:localhost/127.0.0.1:23431]
[[ChromeDriver: chrome on windows (d8b1dd991caf71c71bf3d993593a56d2)] -> xpath: .//span[@class='company-name']]
13:45:04.529 [Forwarding getElementText on session d8b1dd991caf71c71bf3d993593a56d2 to remote] DEBUG org.asynchttpclient.netty.request.NettyRequestSender - Using pooled Channel '[id: 0x64b4c36b, L:/127.0.0.1:55453 - R:localhost/127.0.0.1:23431]' for 'GET' to 'http://localhost:23431/session/d8b1dd991caf71c71bf3d993593a56d2/element/BBEE494DA2FD39F1BE5110B1758AFC9E_element_52/text'
13:45:04.529 [Forwarding getElementText on session d8b1dd991caf71c71bf3d993593a56d2 to remote] DEBUG org.asynchttpclient.netty.request.NettyRequestSender - Using open Channel [id: 0x64b4c36b, L:/127.0.0.1:55453 - R:localhost/127.0.0.1:23431] for GET '/session/d8b1dd991caf71c71bf3d993593a56d2/element/BBEE494DA2FD39F1BE5110B1758AFC9E_element_52/text'
13:45:04.534 [AsyncHttpClient-1-29] DEBUG org.asynchttpclient.netty.handler.HttpHandler - 

Request DefaultFullHttpRequest(decodeResult: success, version: HTTP/1.1, content: EmptyByteBufBE)
GET /session/d8b1dd991caf71c71bf3d993593a56d2/element/BBEE494DA2FD39F1BE5110B1758AFC9E_element_52/text HTTP/1.1
Cache-Control: no-cache
User-Agent: selenium/4.10.0 (java windows)
Content-Type: application/json; charset=utf-8
host: localhost:23431
accept: */*

Response DefaultHttpResponse(decodeResult: success, version: HTTP/1.1)
HTTP/1.1 200 OK
Content-Length: 59
Content-Type: application/json; charset=utf-8
cache-control: no-cache

13:45:04.534 [AsyncHttpClient-1-29] DEBUG org.asynchttpclient.netty.channel.ChannelManager - Adding key: http://localhost:23431 for channel [id: 0x64b4c36b, L:/127.0.0.1:55453 - R:localhost/127.0.0.1:23431]
[[ChromeDriver: chrome on windows (d8b1dd991caf71c71bf3d993593a56d2)] -> xpath: .//span[@class='company-name']]
13:45:04.535 [Forwarding getElementText on session d8b1dd991caf71c71bf3d993593a56d2 to remote] DEBUG org.asynchttpclient.netty.request.NettyRequestSender - Using pooled Channel '[id: 0x64b4c36b, L:/127.0.0.1:55453 - R:localhost/127.0.0.1:23431]' for 'GET' to 'http://localhost:23431/session/d8b1dd991caf71c71bf3d993593a56d2/element/BBEE494DA2FD39F1BE5110B1758AFC9E_element_53/text'
13:45:04.535 [Forwarding getElementText on session d8b1dd991caf71c71bf3d993593a56d2 to remote] DEBUG org.asynchttpclient.netty.request.NettyRequestSender - Using open Channel [id: 0x64b4c36b, L:/127.0.0.1:55453 - R:localhost/127.0.0.1:23431] for GET '/session/d8b1dd991caf71c71bf3d993593a56d2/element/BBEE494DA2FD39F1BE5110B1758AFC9E_element_53/text'
13:45:04.540 [AsyncHttpClient-1-29] DEBUG org.asynchttpclient.netty.handler.HttpHandler - 

Request DefaultFullHttpRequest(decodeResult: success, version: HTTP/1.1, content: EmptyByteBufBE)
GET /session/d8b1dd991caf71c71bf3d993593a56d2/element/BBEE494DA2FD39F1BE5110B1758AFC9E_element_53/text HTTP/1.1
Cache-Control: no-cache
User-Agent: selenium/4.10.0 (java windows)
Content-Type: application/json; charset=utf-8
host: localhost:23431
accept: */*

Response DefaultHttpResponse(decodeResult: success, version: HTTP/1.1)
HTTP/1.1 200 OK
Content-Length: 41
Content-Type: application/json; charset=utf-8
cache-control: no-cache

13:45:04.540 [AsyncHttpClient-1-29] DEBUG org.asynchttpclient.netty.channel.ChannelManager - Adding key: http://localhost:23431 for channel [id: 0x64b4c36b, L:/127.0.0.1:55453 - R:localhost/127.0.0.1:23431]
13:45:04.540 [Forwarding clickElement on session d8b1dd991caf71c71bf3d993593a56d2 to remote] DEBUG org.asynchttpclient.netty.request.NettyRequestSender - Using pooled Channel '[id: 0x64b4c36b, L:/127.0.0.1:55453 - R:localhost/127.0.0.1:23431]' for 'POST' to 'http://localhost:23431/session/d8b1dd991caf71c71bf3d993593a56d2/element/BBEE494DA2FD39F1BE5110B1758AFC9E_element_53/click'
13:45:04.540 [Forwarding clickElement on session d8b1dd991caf71c71bf3d993593a56d2 to remote] DEBUG org.asynchttpclient.netty.request.NettyRequestSender - Using open Channel [id: 0x64b4c36b, L:/127.0.0.1:55453 - R:localhost/127.0.0.1:23431] for POST '/session/d8b1dd991caf71c71bf3d993593a56d2/element/BBEE494DA2FD39F1BE5110B1758AFC9E_element_53/click'
13:45:04.569 [AsyncHttpClient-1-29] DEBUG org.asynchttpclient.netty.handler.HttpHandler - 

Request DefaultHttpRequest(decodeResult: success, version: HTTP/1.1)
POST /session/d8b1dd991caf71c71bf3d993593a56d2/element/BBEE494DA2FD39F1BE5110B1758AFC9E_element_53/click HTTP/1.1
User-Agent: selenium/4.10.0 (java windows)
Content-Length: 57
Content-Type: application/json; charset=utf-8
host: localhost:23431
accept: */*

Response DefaultHttpResponse(decodeResult: success, version: HTTP/1.1)
HTTP/1.1 200 OK
Content-Length: 14
Content-Type: application/json; charset=utf-8
cache-control: no-cache

13:45:04.569 [AsyncHttpClient-1-29] DEBUG org.asynchttpclient.netty.channel.ChannelManager - Adding key: http://localhost:23431 for channel [id: 0x64b4c36b, L:/127.0.0.1:55453 - R:localhost/127.0.0.1:23431]
[[ChromeDriver: chrome on windows (d8b1dd991caf71c71bf3d993593a56d2)] -> xpath: .//span[@class='company-name']]
13:45:04.570 [Forwarding getElementText on session d8b1dd991caf71c71bf3d993593a56d2 to remote] DEBUG org.asynchttpclient.netty.request.NettyRequestSender - Using pooled Channel '[id: 0x64b4c36b, L:/127.0.0.1:55453 - R:localhost/127.0.0.1:23431]' for 'GET' to 'http://localhost:23431/session/d8b1dd991caf71c71bf3d993593a56d2/element/BBEE494DA2FD39F1BE5110B1758AFC9E_element_54/text'
13:45:04.570 [Forwarding getElementText on session d8b1dd991caf71c71bf3d993593a56d2 to remote] DEBUG org.asynchttpclient.netty.request.NettyRequestSender - Using open Channel [id: 0x64b4c36b, L:/127.0.0.1:55453 - R:localhost/127.0.0.1:23431] for GET '/session/d8b1dd991caf71c71bf3d993593a56d2/element/BBEE494DA2FD39F1BE5110B1758AFC9E_element_54/text'
13:45:04.577 [AsyncHttpClient-1-29] DEBUG org.asynchttpclient.netty.handler.HttpHandler - 

Request DefaultFullHttpRequest(decodeResult: success, version: HTTP/1.1, content: EmptyByteBufBE)
GET /session/d8b1dd991caf71c71bf3d993593a56d2/element/BBEE494DA2FD39F1BE5110B1758AFC9E_element_54/text HTTP/1.1
Cache-Control: no-cache
User-Agent: selenium/4.10.0 (java windows)
Content-Type: application/json; charset=utf-8
host: localhost:23431
accept: */*

Response DefaultHttpResponse(decodeResult: success, version: HTTP/1.1)
HTTP/1.1 200 OK
Content-Length: 81
Content-Type: application/json; charset=utf-8
cache-control: no-cache

13:45:04.577 [AsyncHttpClient-1-29] DEBUG org.asynchttpclient.netty.channel.ChannelManager - Adding key: http://localhost:23431 for channel [id: 0x64b4c36b, L:/127.0.0.1:55453 - R:localhost/127.0.0.1:23431]
[[ChromeDriver: chrome on windows (d8b1dd991caf71c71bf3d993593a56d2)] -> xpath: .//span[@class='company-name']]
13:45:04.577 [Forwarding getElementText on session d8b1dd991caf71c71bf3d993593a56d2 to remote] DEBUG org.asynchttpclient.netty.request.NettyRequestSender - Using pooled Channel '[id: 0x64b4c36b, L:/127.0.0.1:55453 - R:localhost/127.0.0.1:23431]' for 'GET' to 'http://localhost:23431/session/d8b1dd991caf71c71bf3d993593a56d2/element/BBEE494DA2FD39F1BE5110B1758AFC9E_element_55/text'
13:45:04.577 [Forwarding getElementText on session d8b1dd991caf71c71bf3d993593a56d2 to remote] DEBUG org.asynchttpclient.netty.request.NettyRequestSender - Using open Channel [id: 0x64b4c36b, L:/127.0.0.1:55453 - R:localhost/127.0.0.1:23431] for GET '/session/d8b1dd991caf71c71bf3d993593a56d2/element/BBEE494DA2FD39F1BE5110B1758AFC9E_element_55/text'
13:45:04.584 [AsyncHttpClient-1-29] DEBUG org.asynchttpclient.netty.handler.HttpHandler - 

Request DefaultFullHttpRequest(decodeResult: success, version: HTTP/1.1, content: EmptyByteBufBE)
GET /session/d8b1dd991caf71c71bf3d993593a56d2/element/BBEE494DA2FD39F1BE5110B1758AFC9E_element_55/text HTTP/1.1
Cache-Control: no-cache
User-Agent: selenium/4.10.0 (java windows)
Content-Type: application/json; charset=utf-8
host: localhost:23431
accept: */*

Response DefaultHttpResponse(decodeResult: success, version: HTTP/1.1)
HTTP/1.1 200 OK
Content-Length: 69
Content-Type: application/json; charset=utf-8
cache-control: no-cache

13:45:04.584 [AsyncHttpClient-1-29] DEBUG org.asynchttpclient.netty.channel.ChannelManager - Adding key: http://localhost:23431 for channel [id: 0x64b4c36b, L:/127.0.0.1:55453 - R:localhost/127.0.0.1:23431]
[[ChromeDriver: chrome on windows (d8b1dd991caf71c71bf3d993593a56d2)] -> xpath: .//span[@class='company-name']]
13:45:04.584 [Forwarding getElementText on session d8b1dd991caf71c71bf3d993593a56d2 to remote] DEBUG org.asynchttpclient.netty.request.NettyRequestSender - Using pooled Channel '[id: 0x64b4c36b, L:/127.0.0.1:55453 - R:localhost/127.0.0.1:23431]' for 'GET' to 'http://localhost:23431/session/d8b1dd991caf71c71bf3d993593a56d2/element/BBEE494DA2FD39F1BE5110B1758AFC9E_element_56/text'
13:45:04.584 [Forwarding getElementText on session d8b1dd991caf71c71bf3d993593a56d2 to remote] DEBUG org.asynchttpclient.netty.request.NettyRequestSender - Using open Channel [id: 0x64b4c36b, L:/127.0.0.1:55453 - R:localhost/127.0.0.1:23431] for GET '/session/d8b1dd991caf71c71bf3d993593a56d2/element/BBEE494DA2FD39F1BE5110B1758AFC9E_element_56/text'
13:45:04.591 [AsyncHttpClient-1-29] DEBUG org.asynchttpclient.netty.handler.HttpHandler - 

Request DefaultFullHttpRequest(decodeResult: success, version: HTTP/1.1, content: EmptyByteBufBE)
GET /session/d8b1dd991caf71c71bf3d993593a56d2/element/BBEE494DA2FD39F1BE5110B1758AFC9E_element_56/text HTTP/1.1
Cache-Control: no-cache
User-Agent: selenium/4.10.0 (java windows)
Content-Type: application/json; charset=utf-8
host: localhost:23431
accept: */*

Response DefaultHttpResponse(decodeResult: success, version: HTTP/1.1)
HTTP/1.1 200 OK
Content-Length: 53
Content-Type: application/json; charset=utf-8
cache-control: no-cache

13:45:04.591 [AsyncHttpClient-1-29] DEBUG org.asynchttpclient.netty.channel.ChannelManager - Adding key: http://localhost:23431 for channel [id: 0x64b4c36b, L:/127.0.0.1:55453 - R:localhost/127.0.0.1:23431]
[[ChromeDriver: chrome on windows (d8b1dd991caf71c71bf3d993593a56d2)] -> xpath: .//span[@class='company-name']]
13:45:04.592 [Forwarding getElementText on session d8b1dd991caf71c71bf3d993593a56d2 to remote] DEBUG org.asynchttpclient.netty.request.NettyRequestSender - Using pooled Channel '[id: 0x64b4c36b, L:/127.0.0.1:55453 - R:localhost/127.0.0.1:23431]' for 'GET' to 'http://localhost:23431/session/d8b1dd991caf71c71bf3d993593a56d2/element/BBEE494DA2FD39F1BE5110B1758AFC9E_element_57/text'
13:45:04.592 [Forwarding getElementText on session d8b1dd991caf71c71bf3d993593a56d2 to remote] DEBUG org.asynchttpclient.netty.request.NettyRequestSender - Using open Channel [id: 0x64b4c36b, L:/127.0.0.1:55453 - R:localhost/127.0.0.1:23431] for GET '/session/d8b1dd991caf71c71bf3d993593a56d2/element/BBEE494DA2FD39F1BE5110B1758AFC9E_element_57/text'
13:45:04.598 [AsyncHttpClient-1-29] DEBUG org.asynchttpclient.netty.handler.HttpHandler - 

Request DefaultFullHttpRequest(decodeResult: success, version: HTTP/1.1, content: EmptyByteBufBE)
GET /session/d8b1dd991caf71c71bf3d993593a56d2/element/BBEE494DA2FD39F1BE5110B1758AFC9E_element_57/text HTTP/1.1
Cache-Control: no-cache
User-Agent: selenium/4.10.0 (java windows)
Content-Type: application/json; charset=utf-8
host: localhost:23431
accept: */*

Response DefaultHttpResponse(decodeResult: success, version: HTTP/1.1)
HTTP/1.1 200 OK
Content-Length: 136
Content-Type: application/json; charset=utf-8
cache-control: no-cache

13:45:04.598 [AsyncHttpClient-1-29] DEBUG org.asynchttpclient.netty.channel.ChannelManager - Adding key: http://localhost:23431 for channel [id: 0x64b4c36b, L:/127.0.0.1:55453 - R:localhost/127.0.0.1:23431]
[[ChromeDriver: chrome on windows (d8b1dd991caf71c71bf3d993593a56d2)] -> xpath: .//span[@class='company-name']]
13:45:04.598 [Forwarding getElementText on session d8b1dd991caf71c71bf3d993593a56d2 to remote] DEBUG org.asynchttpclient.netty.request.NettyRequestSender - Using pooled Channel '[id: 0x64b4c36b, L:/127.0.0.1:55453 - R:localhost/127.0.0.1:23431]' for 'GET' to 'http://localhost:23431/session/d8b1dd991caf71c71bf3d993593a56d2/element/BBEE494DA2FD39F1BE5110B1758AFC9E_element_58/text'
13:45:04.598 [Forwarding getElementText on session d8b1dd991caf71c71bf3d993593a56d2 to remote] DEBUG org.asynchttpclient.netty.request.NettyRequestSender - Using open Channel [id: 0x64b4c36b, L:/127.0.0.1:55453 - R:localhost/127.0.0.1:23431] for GET '/session/d8b1dd991caf71c71bf3d993593a56d2/element/BBEE494DA2FD39F1BE5110B1758AFC9E_element_58/text'
13:45:04.604 [AsyncHttpClient-1-29] DEBUG org.asynchttpclient.netty.handler.HttpHandler - 

Request DefaultFullHttpRequest(decodeResult: success, version: HTTP/1.1, content: EmptyByteBufBE)
GET /session/d8b1dd991caf71c71bf3d993593a56d2/element/BBEE494DA2FD39F1BE5110B1758AFC9E_element_58/text HTTP/1.1
Cache-Control: no-cache
User-Agent: selenium/4.10.0 (java windows)
Content-Type: application/json; charset=utf-8
host: localhost:23431
accept: */*

Response DefaultHttpResponse(decodeResult: success, version: HTTP/1.1)
HTTP/1.1 200 OK
Content-Length: 12
Content-Type: application/json; charset=utf-8
cache-control: no-cache

13:45:04.604 [AsyncHttpClient-1-29] DEBUG org.asynchttpclient.netty.channel.ChannelManager - Adding key: http://localhost:23431 for channel [id: 0x64b4c36b, L:/127.0.0.1:55453 - R:localhost/127.0.0.1:23431]
[[ChromeDriver: chrome on windows (d8b1dd991caf71c71bf3d993593a56d2)] -> xpath: .//span[@class='company-name']]
13:45:04.604 [Forwarding getElementText on session d8b1dd991caf71c71bf3d993593a56d2 to remote] DEBUG org.asynchttpclient.netty.request.NettyRequestSender - Using pooled Channel '[id: 0x64b4c36b, L:/127.0.0.1:55453 - R:localhost/127.0.0.1:23431]' for 'GET' to 'http://localhost:23431/session/d8b1dd991caf71c71bf3d993593a56d2/element/BBEE494DA2FD39F1BE5110B1758AFC9E_element_59/text'
13:45:04.604 [Forwarding getElementText on session d8b1dd991caf71c71bf3d993593a56d2 to remote] DEBUG org.asynchttpclient.netty.request.NettyRequestSender - Using open Channel [id: 0x64b4c36b, L:/127.0.0.1:55453 - R:localhost/127.0.0.1:23431] for GET '/session/d8b1dd991caf71c71bf3d993593a56d2/element/BBEE494DA2FD39F1BE5110B1758AFC9E_element_59/text'
13:45:04.611 [AsyncHttpClient-1-29] DEBUG org.asynchttpclient.netty.handler.HttpHandler - 

Request DefaultFullHttpRequest(decodeResult: success, version: HTTP/1.1, content: EmptyByteBufBE)
GET /session/d8b1dd991caf71c71bf3d993593a56d2/element/BBEE494DA2FD39F1BE5110B1758AFC9E_element_59/text HTTP/1.1
Cache-Control: no-cache
User-Agent: selenium/4.10.0 (java windows)
Content-Type: application/json; charset=utf-8
host: localhost:23431
accept: */*

Response DefaultHttpResponse(decodeResult: success, version: HTTP/1.1)
HTTP/1.1 200 OK
Content-Length: 12
Content-Type: application/json; charset=utf-8
cache-control: no-cache

13:45:04.611 [AsyncHttpClient-1-29] DEBUG org.asynchttpclient.netty.channel.ChannelManager - Adding key: http://localhost:23431 for channel [id: 0x64b4c36b, L:/127.0.0.1:55453 - R:localhost/127.0.0.1:23431]
[[ChromeDriver: chrome on windows (d8b1dd991caf71c71bf3d993593a56d2)] -> xpath: .//span[@class='company-name']]
13:45:04.611 [Forwarding getElementText on session d8b1dd991caf71c71bf3d993593a56d2 to remote] DEBUG org.asynchttpclient.netty.request.NettyRequestSender - Using pooled Channel '[id: 0x64b4c36b, L:/127.0.0.1:55453 - R:localhost/127.0.0.1:23431]' for 'GET' to 'http://localhost:23431/session/d8b1dd991caf71c71bf3d993593a56d2/element/BBEE494DA2FD39F1BE5110B1758AFC9E_element_60/text'
13:45:04.611 [Forwarding getElementText on session d8b1dd991caf71c71bf3d993593a56d2 to remote] DEBUG org.asynchttpclient.netty.request.NettyRequestSender - Using open Channel [id: 0x64b4c36b, L:/127.0.0.1:55453 - R:localhost/127.0.0.1:23431] for GET '/session/d8b1dd991caf71c71bf3d993593a56d2/element/BBEE494DA2FD39F1BE5110B1758AFC9E_element_60/text'
13:45:04.617 [AsyncHttpClient-1-29] DEBUG org.asynchttpclient.netty.handler.HttpHandler - 

Request DefaultFullHttpRequest(decodeResult: success, version: HTTP/1.1, content: EmptyByteBufBE)
GET /session/d8b1dd991caf71c71bf3d993593a56d2/element/BBEE494DA2FD39F1BE5110B1758AFC9E_element_60/text HTTP/1.1
Cache-Control: no-cache
User-Agent: selenium/4.10.0 (java windows)
Content-Type: application/json; charset=utf-8
host: localhost:23431
accept: */*

Response DefaultHttpResponse(decodeResult: success, version: HTTP/1.1)
HTTP/1.1 200 OK
Content-Length: 12
Content-Type: application/json; charset=utf-8
cache-control: no-cache

13:45:04.617 [AsyncHttpClient-1-29] DEBUG org.asynchttpclient.netty.channel.ChannelManager - Adding key: http://localhost:23431 for channel [id: 0x64b4c36b, L:/127.0.0.1:55453 - R:localhost/127.0.0.1:23431]
[[ChromeDriver: chrome on windows (d8b1dd991caf71c71bf3d993593a56d2)] -> xpath: .//span[@class='company-name']]
13:45:04.618 [Forwarding getElementText on session d8b1dd991caf71c71bf3d993593a56d2 to remote] DEBUG org.asynchttpclient.netty.request.NettyRequestSender - Using pooled Channel '[id: 0x64b4c36b, L:/127.0.0.1:55453 - R:localhost/127.0.0.1:23431]' for 'GET' to 'http://localhost:23431/session/d8b1dd991caf71c71bf3d993593a56d2/element/BBEE494DA2FD39F1BE5110B1758AFC9E_element_61/text'
13:45:04.618 [Forwarding getElementText on session d8b1dd991caf71c71bf3d993593a56d2 to remote] DEBUG org.asynchttpclient.netty.request.NettyRequestSender - Using open Channel [id: 0x64b4c36b, L:/127.0.0.1:55453 - R:localhost/127.0.0.1:23431] for GET '/session/d8b1dd991caf71c71bf3d993593a56d2/element/BBEE494DA2FD39F1BE5110B1758AFC9E_element_61/text'
13:45:04.623 [AsyncHttpClient-1-29] DEBUG org.asynchttpclient.netty.handler.HttpHandler - 

Request DefaultFullHttpRequest(decodeResult: success, version: HTTP/1.1, content: EmptyByteBufBE)
GET /session/d8b1dd991caf71c71bf3d993593a56d2/element/BBEE494DA2FD39F1BE5110B1758AFC9E_element_61/text HTTP/1.1
Cache-Control: no-cache
User-Agent: selenium/4.10.0 (java windows)
Content-Type: application/json; charset=utf-8
host: localhost:23431
accept: */*

Response DefaultHttpResponse(decodeResult: success, version: HTTP/1.1)
HTTP/1.1 200 OK
Content-Length: 12
Content-Type: application/json; charset=utf-8
cache-control: no-cache

13:45:04.623 [AsyncHttpClient-1-29] DEBUG org.asynchttpclient.netty.channel.ChannelManager - Adding key: http://localhost:23431 for channel [id: 0x64b4c36b, L:/127.0.0.1:55453 - R:localhost/127.0.0.1:23431]
[[ChromeDriver: chrome on windows (d8b1dd991caf71c71bf3d993593a56d2)] -> xpath: .//span[@class='company-name']]
13:45:04.623 [Forwarding getElementText on session d8b1dd991caf71c71bf3d993593a56d2 to remote] DEBUG org.asynchttpclient.netty.request.NettyRequestSender - Using pooled Channel '[id: 0x64b4c36b, L:/127.0.0.1:55453 - R:localhost/127.0.0.1:23431]' for 'GET' to 'http://localhost:23431/session/d8b1dd991caf71c71bf3d993593a56d2/element/BBEE494DA2FD39F1BE5110B1758AFC9E_element_62/text'
13:45:04.623 [Forwarding getElementText on session d8b1dd991caf71c71bf3d993593a56d2 to remote] DEBUG org.asynchttpclient.netty.request.NettyRequestSender - Using open Channel [id: 0x64b4c36b, L:/127.0.0.1:55453 - R:localhost/127.0.0.1:23431] for GET '/session/d8b1dd991caf71c71bf3d993593a56d2/element/BBEE494DA2FD39F1BE5110B1758AFC9E_element_62/text'
13:45:04.629 [AsyncHttpClient-1-29] DEBUG org.asynchttpclient.netty.handler.HttpHandler - 

Request DefaultFullHttpRequest(decodeResult: success, version: HTTP/1.1, content: EmptyByteBufBE)
GET /session/d8b1dd991caf71c71bf3d993593a56d2/element/BBEE494DA2FD39F1BE5110B1758AFC9E_element_62/text HTTP/1.1
Cache-Control: no-cache
User-Agent: selenium/4.10.0 (java windows)
Content-Type: application/json; charset=utf-8
host: localhost:23431
accept: */*

Response DefaultHttpResponse(decodeResult: success, version: HTTP/1.1)
HTTP/1.1 200 OK
Content-Length: 12
Content-Type: application/json; charset=utf-8
cache-control: no-cache

13:45:04.629 [AsyncHttpClient-1-29] DEBUG org.asynchttpclient.netty.channel.ChannelManager - Adding key: http://localhost:23431 for channel [id: 0x64b4c36b, L:/127.0.0.1:55453 - R:localhost/127.0.0.1:23431]
[[ChromeDriver: chrome on windows (d8b1dd991caf71c71bf3d993593a56d2)] -> xpath: .//span[@class='company-name']]
13:45:04.629 [Forwarding getElementText on session d8b1dd991caf71c71bf3d993593a56d2 to remote] DEBUG org.asynchttpclient.netty.request.NettyRequestSender - Using pooled Channel '[id: 0x64b4c36b, L:/127.0.0.1:55453 - R:localhost/127.0.0.1:23431]' for 'GET' to 'http://localhost:23431/session/d8b1dd991caf71c71bf3d993593a56d2/element/BBEE494DA2FD39F1BE5110B1758AFC9E_element_63/text'
13:45:04.629 [Forwarding getElementText on session d8b1dd991caf71c71bf3d993593a56d2 to remote] DEBUG org.asynchttpclient.netty.request.NettyRequestSender - Using open Channel [id: 0x64b4c36b, L:/127.0.0.1:55453 - R:localhost/127.0.0.1:23431] for GET '/session/d8b1dd991caf71c71bf3d993593a56d2/element/BBEE494DA2FD39F1BE5110B1758AFC9E_element_63/text'
13:45:04.635 [AsyncHttpClient-1-29] DEBUG org.asynchttpclient.netty.handler.HttpHandler - 

Request DefaultFullHttpRequest(decodeResult: success, version: HTTP/1.1, content: EmptyByteBufBE)
GET /session/d8b1dd991caf71c71bf3d993593a56d2/element/BBEE494DA2FD39F1BE5110B1758AFC9E_element_63/text HTTP/1.1
Cache-Control: no-cache
User-Agent: selenium/4.10.0 (java windows)
Content-Type: application/json; charset=utf-8
host: localhost:23431
accept: */*

Response DefaultHttpResponse(decodeResult: success, version: HTTP/1.1)
HTTP/1.1 200 OK
Content-Length: 12
Content-Type: application/json; charset=utf-8
cache-control: no-cache

13:45:04.635 [AsyncHttpClient-1-29] DEBUG org.asynchttpclient.netty.channel.ChannelManager - Adding key: http://localhost:23431 for channel [id: 0x64b4c36b, L:/127.0.0.1:55453 - R:localhost/127.0.0.1:23431]
13:45:04.639 [Forwarding findElement on session d8b1dd991caf71c71bf3d993593a56d2 to remote] DEBUG org.asynchttpclient.netty.request.NettyRequestSender - Using pooled Channel '[id: 0x64b4c36b, L:/127.0.0.1:55453 - R:localhost/127.0.0.1:23431]' for 'POST' to 'http://localhost:23431/session/d8b1dd991caf71c71bf3d993593a56d2/element'
13:45:04.639 [Forwarding findElement on session d8b1dd991caf71c71bf3d993593a56d2 to remote] DEBUG org.asynchttpclient.netty.request.NettyRequestSender - Using open Channel [id: 0x64b4c36b, L:/127.0.0.1:55453 - R:localhost/127.0.0.1:23431] for POST '/session/d8b1dd991caf71c71bf3d993593a56d2/element'
13:45:05.162 [AsyncHttpClient-1-1] DEBUG org.asynchttpclient.netty.channel.DefaultChannelPool - Entry count for : http://localhost:55454 : 1
13:45:06.259 [AsyncHttpClient-1-1] DEBUG org.asynchttpclient.netty.channel.DefaultChannelPool - Entry count for : http://localhost:55454 : 1
13:45:07.354 [AsyncHttpClient-1-1] DEBUG org.asynchttpclient.netty.channel.DefaultChannelPool - Entry count for : http://localhost:55454 : 1
13:45:08.454 [AsyncHttpClient-1-1] DEBUG org.asynchttpclient.netty.channel.DefaultChannelPool - Entry count for : http://localhost:55454 : 1
13:45:09.556 [AsyncHttpClient-1-1] DEBUG org.asynchttpclient.netty.channel.DefaultChannelPool - Entry count for : http://localhost:55454 : 1
13:45:10.660 [AsyncHttpClient-1-1] DEBUG org.asynchttpclient.netty.channel.DefaultChannelPool - Entry count for : http://localhost:55454 : 1
13:45:11.760 [AsyncHttpClient-1-1] DEBUG org.asynchttpclient.netty.channel.DefaultChannelPool - Entry count for : http://localhost:55454 : 1
13:45:12.861 [AsyncHttpClient-1-1] DEBUG org.asynchttpclient.netty.channel.DefaultChannelPool - Entry count for : http://localhost:55454 : 1
13:45:13.960 [AsyncHttpClient-1-1] DEBUG org.asynchttpclient.netty.channel.DefaultChannelPool - Entry count for : http://localhost:55454 : 1
13:45:15.055 [AsyncHttpClient-1-1] DEBUG org.asynchttpclient.netty.channel.DefaultChannelPool - Entry count for : http://localhost:55454 : 1
13:45:16.152 [AsyncHttpClient-1-1] DEBUG org.asynchttpclient.netty.channel.DefaultChannelPool - Entry count for : http://localhost:55454 : 1
13:45:17.262 [AsyncHttpClient-1-1] DEBUG org.asynchttpclient.netty.channel.DefaultChannelPool - Entry count for : http://localhost:55454 : 1
13:45:18.362 [AsyncHttpClient-1-1] DEBUG org.asynchttpclient.netty.channel.DefaultChannelPool - Entry count for : http://localhost:55454 : 1
13:45:19.462 [AsyncHttpClient-1-1] DEBUG org.asynchttpclient.netty.channel.DefaultChannelPool - Entry count for : http://localhost:55454 : 1
13:45:19.705 [AsyncHttpClient-1-29] DEBUG org.asynchttpclient.netty.handler.HttpHandler - 

Request DefaultHttpRequest(decodeResult: success, version: HTTP/1.1)
POST /session/d8b1dd991caf71c71bf3d993593a56d2/element HTTP/1.1
User-Agent: selenium/4.10.0 (java windows)
Content-Length: 216
Content-Type: application/json; charset=utf-8
host: localhost:23431
accept: */*

Response DefaultHttpResponse(decodeResult: success, version: HTTP/1.1)
HTTP/1.1 404 Not Found
Content-Length: 1117
Content-Type: application/json; charset=utf-8
cache-control: no-cache

13:45:19.705 [AsyncHttpClient-1-29] DEBUG org.asynchttpclient.netty.channel.ChannelManager - Adding key: http://localhost:23431 for channel [id: 0x64b4c36b, L:/127.0.0.1:55453 - R:localhost/127.0.0.1:23431]
13:45:19.705 [Forwarding findElement on session d8b1dd991caf71c71bf3d993593a56d2 to remote] DEBUG org.asynchttpclient.netty.request.NettyRequestSender - Using pooled Channel '[id: 0x64b4c36b, L:/127.0.0.1:55453 - R:localhost/127.0.0.1:23431]' for 'POST' to 'http://localhost:23431/session/d8b1dd991caf71c71bf3d993593a56d2/element'
13:45:19.706 [Forwarding findElement on session d8b1dd991caf71c71bf3d993593a56d2 to remote] DEBUG org.asynchttpclient.netty.request.NettyRequestSender - Using open Channel [id: 0x64b4c36b, L:/127.0.0.1:55453 - R:localhost/127.0.0.1:23431] for POST '/session/d8b1dd991caf71c71bf3d993593a56d2/element'
13:45:20.562 [AsyncHttpClient-1-1] DEBUG org.asynchttpclient.netty.channel.DefaultChannelPool - Entry count for : http://localhost:55454 : 1
13:45:21.657 [AsyncHttpClient-1-1] DEBUG org.asynchttpclient.netty.channel.DefaultChannelPool - Entry count for : http://localhost:55454 : 1
13:45:22.753 [AsyncHttpClient-1-1] DEBUG org.asynchttpclient.netty.channel.DefaultChannelPool - Entry count for : http://localhost:55454 : 1
13:45:23.860 [AsyncHttpClient-1-1] DEBUG org.asynchttpclient.netty.channel.DefaultChannelPool - Entry count for : http://localhost:55454 : 1
13:45:24.958 [AsyncHttpClient-1-1] DEBUG org.asynchttpclient.netty.channel.DefaultChannelPool - Entry count for : http://localhost:55454 : 1
13:45:26.052 [AsyncHttpClient-1-1] DEBUG org.asynchttpclient.netty.channel.DefaultChannelPool - Entry count for : http://localhost:55454 : 1
13:45:27.153 [AsyncHttpClient-1-1] DEBUG org.asynchttpclient.netty.channel.DefaultChannelPool - Entry count for : http://localhost:55454 : 1
13:45:28.262 [AsyncHttpClient-1-1] DEBUG org.asynchttpclient.netty.channel.DefaultChannelPool - Entry count for : http://localhost:55454 : 1
13:45:29.353 [AsyncHttpClient-1-1] DEBUG org.asynchttpclient.netty.channel.DefaultChannelPool - Entry count for : http://localhost:55454 : 1
13:45:30.457 [AsyncHttpClient-1-1] DEBUG org.asynchttpclient.netty.channel.DefaultChannelPool - Entry count for : http://localhost:55454 : 1
13:45:31.554 [AsyncHttpClient-1-1] DEBUG org.asynchttpclient.netty.channel.DefaultChannelPool - Entry count for : http://localhost:55454 : 1
13:45:32.653 [AsyncHttpClient-1-1] DEBUG org.asynchttpclient.netty.channel.DefaultChannelPool - Entry count for : http://localhost:55454 : 1
13:45:33.758 [AsyncHttpClient-1-1] DEBUG org.asynchttpclient.netty.channel.DefaultChannelPool - Entry count for : http://localhost:55454 : 1
13:45:34.754 [AsyncHttpClient-1-29] DEBUG org.asynchttpclient.netty.handler.HttpHandler - 

Request DefaultHttpRequest(decodeResult: success, version: HTTP/1.1)
POST /session/d8b1dd991caf71c71bf3d993593a56d2/element HTTP/1.1
User-Agent: selenium/4.10.0 (java windows)
Content-Length: 216
Content-Type: application/json; charset=utf-8
host: localhost:23431
accept: */*

Response DefaultHttpResponse(decodeResult: success, version: HTTP/1.1)
HTTP/1.1 404 Not Found
Content-Length: 1117
Content-Type: application/json; charset=utf-8
cache-control: no-cache

13:45:34.754 [AsyncHttpClient-1-29] DEBUG org.asynchttpclient.netty.channel.ChannelManager - Adding key: http://localhost:23431 for channel [id: 0x64b4c36b, L:/127.0.0.1:55453 - R:localhost/127.0.0.1:23431]
]]></system-out>
    <system-err><![CDATA[июл. 31, 2023 1:44:54 PM org.openqa.selenium.remote.service.DriverService$Builder getLogOutput
INFO: Driver logs no longer sent to console by default; https://www.selenium.dev/documentation/webdriver/drivers/service/#setting-log-output
июл. 31, 2023 1:44:55 PM org.openqa.selenium.devtools.CdpVersionFinder findNearestMatch
WARNING: Unable to find an exact match for CDP version 115, so returning the closest version found: 114
]]></system-err>
  </testcase>
  <testcase name="OjidaetOtpr" classname="org.OptimaBusTests.uiTests.OperationHisTests" time="30.076">
    <failure message="Expected condition failed: waiting for visibility of Proxy element for: DefaultElementLocator &apos;By.xpath: (.//button[@class=&apos;q-btn q-btn-item non-selectable no-outline q-btn--flat q-btn--rectangle q-btn--actionable q-focusable q-hoverable q-btn--no-uppercase filter-btn&apos;])[2]&apos; (tried for 6 second(s) with 500 milliseconds interval)" type="org.openqa.selenium.TimeoutException">org.openqa.selenium.TimeoutException: Expected condition failed: waiting for visibility of Proxy element for: DefaultElementLocator 'By.xpath: (.//button[@class='q-btn q-btn-item non-selectable no-outline q-btn--flat q-btn--rectangle q-btn--actionable q-focusable q-hoverable q-btn--no-uppercase filter-btn'])[2]' (tried for 6 second(s) with 500 milliseconds interval)
	at org.OptimaBusTests.uiTests.OperationHisTests.OjidaetOtpr(OperationHisTests.java:19)
Caused by: org.openqa.selenium.NoSuchElementException: 
no such element: Unable to locate element: {"method":"xpath","selector":"(.//button[@class='q-btn q-btn-item non-selectable no-outline q-btn--flat q-btn--rectangle q-btn--actionable q-focusable q-hoverable q-btn--no-uppercase filter-btn'])[2]"}
  (Session info: chrome=115.0.5790.110)
For documentation on this error, please visit: https://www.selenium.dev/documentation/webdriver/troubleshooting/errors#no-such-element-exception
Build info: version: '4.10.0', revision: 'c14d967899'
System info: os.name: 'Windows 10', os.arch: 'amd64', os.version: '10.0', java.version: '11.0.16.1'
Driver info: org.openqa.selenium.chrome.ChromeDriver
Command: [d8b1dd991caf71c71bf3d993593a56d2, findElement {using=xpath, value=(.//button[@class='q-btn q-btn-item non-selectable no-outline q-btn--flat q-btn--rectangle q-btn--actionable q-focusable q-hoverable q-btn--no-uppercase filter-btn'])[2]}]
Capabilities {acceptInsecureCerts: false, browserName: chrome, browserVersion: 115.0.5790.110, chrome: {chromedriverVersion: 114.0.5735.90 (386bc09e8f4f..., userDataDir: C:\Users\Asus\AppData\Local...}, goog:chromeOptions: {debuggerAddress: localhost:55454}, networkConnectionEnabled: false, pageLoadStrategy: normal, platformName: windows, proxy: Proxy(), se:cdp: ws://localhost:55454/devtoo..., se:cdpVersion: 115.0.5790.110, setWindowRect: true, strictFileInteractability: false, timeouts: {implicit: 0, pageLoad: 300000, script: 30000}, unhandledPromptBehavior: dismiss and notify, webauthn:extension:credBlob: true, webauthn:extension:largeBlob: true, webauthn:extension:minPinLength: true, webauthn:extension:prf: true, webauthn:virtualAuthenticators: true}
Session ID: d8b1dd991caf71c71bf3d993593a56d2
	at org.OptimaBusTests.uiTests.OperationHisTests.OjidaetOtpr(OperationHisTests.java:19)
</failure>
    <system-out><![CDATA[13:45:34.758 [Forwarding findElement on session d8b1dd991caf71c71bf3d993593a56d2 to remote] DEBUG org.asynchttpclient.netty.request.NettyRequestSender - Using pooled Channel '[id: 0x64b4c36b, L:/127.0.0.1:55453 - R:localhost/127.0.0.1:23431]' for 'POST' to 'http://localhost:23431/session/d8b1dd991caf71c71bf3d993593a56d2/element'
13:45:34.758 [Forwarding findElement on session d8b1dd991caf71c71bf3d993593a56d2 to remote] DEBUG org.asynchttpclient.netty.request.NettyRequestSender - Using open Channel [id: 0x64b4c36b, L:/127.0.0.1:55453 - R:localhost/127.0.0.1:23431] for POST '/session/d8b1dd991caf71c71bf3d993593a56d2/element'
13:45:34.857 [AsyncHttpClient-1-1] DEBUG org.asynchttpclient.netty.channel.DefaultChannelPool - Entry count for : http://localhost:55454 : 1
13:45:35.953 [AsyncHttpClient-1-1] DEBUG org.asynchttpclient.netty.channel.DefaultChannelPool - Entry count for : http://localhost:55454 : 1
13:45:37.053 [AsyncHttpClient-1-1] DEBUG org.asynchttpclient.netty.channel.DefaultChannelPool - Entry count for : http://localhost:55454 : 1
13:45:38.162 [AsyncHttpClient-1-1] DEBUG org.asynchttpclient.netty.channel.DefaultChannelPool - Entry count for : http://localhost:55454 : 1
13:45:39.252 [AsyncHttpClient-1-1] DEBUG org.asynchttpclient.netty.channel.DefaultChannelPool - Entry count for : http://localhost:55454 : 1
13:45:40.357 [AsyncHttpClient-1-1] DEBUG org.asynchttpclient.netty.channel.DefaultChannelPool - Entry count for : http://localhost:55454 : 1
13:45:41.454 [AsyncHttpClient-1-1] DEBUG org.asynchttpclient.netty.channel.DefaultChannelPool - Entry count for : http://localhost:55454 : 1
13:45:42.553 [AsyncHttpClient-1-1] DEBUG org.asynchttpclient.netty.channel.DefaultChannelPool - Entry count for : http://localhost:55454 : 1
13:45:43.662 [AsyncHttpClient-1-1] DEBUG org.asynchttpclient.netty.channel.DefaultChannelPool - Entry count for : http://localhost:55454 : 1
13:45:44.754 [AsyncHttpClient-1-1] DEBUG org.asynchttpclient.netty.channel.DefaultChannelPool - Entry count for : http://localhost:55454 : 1
13:45:45.853 [AsyncHttpClient-1-1] DEBUG org.asynchttpclient.netty.channel.DefaultChannelPool - Entry count for : http://localhost:55454 : 1
13:45:46.960 [AsyncHttpClient-1-1] DEBUG org.asynchttpclient.netty.channel.DefaultChannelPool - Entry count for : http://localhost:55454 : 1
13:45:48.054 [AsyncHttpClient-1-1] DEBUG org.asynchttpclient.netty.channel.DefaultChannelPool - Entry count for : http://localhost:55454 : 1
13:45:49.152 [AsyncHttpClient-1-1] DEBUG org.asynchttpclient.netty.channel.DefaultChannelPool - Entry count for : http://localhost:55454 : 1
13:45:49.793 [AsyncHttpClient-1-29] DEBUG org.asynchttpclient.netty.handler.HttpHandler - 

Request DefaultHttpRequest(decodeResult: success, version: HTTP/1.1)
POST /session/d8b1dd991caf71c71bf3d993593a56d2/element HTTP/1.1
User-Agent: selenium/4.10.0 (java windows)
Content-Length: 216
Content-Type: application/json; charset=utf-8
host: localhost:23431
accept: */*

Response DefaultHttpResponse(decodeResult: success, version: HTTP/1.1)
HTTP/1.1 404 Not Found
Content-Length: 1117
Content-Type: application/json; charset=utf-8
cache-control: no-cache

13:45:49.793 [AsyncHttpClient-1-29] DEBUG org.asynchttpclient.netty.channel.ChannelManager - Adding key: http://localhost:23431 for channel [id: 0x64b4c36b, L:/127.0.0.1:55453 - R:localhost/127.0.0.1:23431]
13:45:49.794 [Forwarding findElement on session d8b1dd991caf71c71bf3d993593a56d2 to remote] DEBUG org.asynchttpclient.netty.request.NettyRequestSender - Using pooled Channel '[id: 0x64b4c36b, L:/127.0.0.1:55453 - R:localhost/127.0.0.1:23431]' for 'POST' to 'http://localhost:23431/session/d8b1dd991caf71c71bf3d993593a56d2/element'
13:45:49.794 [Forwarding findElement on session d8b1dd991caf71c71bf3d993593a56d2 to remote] DEBUG org.asynchttpclient.netty.request.NettyRequestSender - Using open Channel [id: 0x64b4c36b, L:/127.0.0.1:55453 - R:localhost/127.0.0.1:23431] for POST '/session/d8b1dd991caf71c71bf3d993593a56d2/element'
13:45:50.256 [AsyncHttpClient-1-1] DEBUG org.asynchttpclient.netty.channel.DefaultChannelPool - Entry count for : http://localhost:55454 : 1
13:45:51.354 [AsyncHttpClient-1-1] DEBUG org.asynchttpclient.netty.channel.DefaultChannelPool - Entry count for : http://localhost:55454 : 1
13:45:52.461 [AsyncHttpClient-1-1] DEBUG org.asynchttpclient.netty.channel.DefaultChannelPool - Entry count for : http://localhost:55454 : 1
13:45:53.557 [AsyncHttpClient-1-1] DEBUG org.asynchttpclient.netty.channel.DefaultChannelPool - Entry count for : http://localhost:55454 : 1
13:45:54.653 [AsyncHttpClient-1-1] DEBUG org.asynchttpclient.netty.channel.DefaultChannelPool - Entry count for : http://localhost:55454 : 1
13:45:55.753 [AsyncHttpClient-1-1] DEBUG org.asynchttpclient.netty.channel.DefaultChannelPool - Entry count for : http://localhost:55454 : 1
13:45:55.753 [AsyncHttpClient-1-1] DEBUG org.asynchttpclient.netty.channel.DefaultChannelPool - Adding Candidate expired Channel [id: 0x0b480916, L:/127.0.0.1:55460 - R:localhost/127.0.0.1:55454] isIdleTimeoutExpired=true isRemotelyClosed=false isTtlExpired=false
13:45:55.753 [AsyncHttpClient-1-1] DEBUG org.asynchttpclient.netty.channel.DefaultChannelPool - Closing Idle Channel [id: 0x0b480916, L:/127.0.0.1:55460 - R:localhost/127.0.0.1:55454]
13:45:55.753 [AsyncHttpClient-1-1] DEBUG org.asynchttpclient.netty.channel.DefaultChannelPool - Closed 1 connections out of 1 in 0 ms
13:45:55.753 [AsyncHttpClient-1-30] DEBUG org.asynchttpclient.netty.handler.HttpHandler - Channel Closed: [id: 0x0b480916, L:/127.0.0.1:55460 ! R:localhost/127.0.0.1:55454] with attribute DISCARD
13:46:04.831 [AsyncHttpClient-1-29] DEBUG org.asynchttpclient.netty.handler.HttpHandler - 

Request DefaultHttpRequest(decodeResult: success, version: HTTP/1.1)
POST /session/d8b1dd991caf71c71bf3d993593a56d2/element HTTP/1.1
User-Agent: selenium/4.10.0 (java windows)
Content-Length: 216
Content-Type: application/json; charset=utf-8
host: localhost:23431
accept: */*

Response DefaultHttpResponse(decodeResult: success, version: HTTP/1.1)
HTTP/1.1 404 Not Found
Content-Length: 1117
Content-Type: application/json; charset=utf-8
cache-control: no-cache

13:46:04.831 [AsyncHttpClient-1-29] DEBUG org.asynchttpclient.netty.channel.ChannelManager - Adding key: http://localhost:23431 for channel [id: 0x64b4c36b, L:/127.0.0.1:55453 - R:localhost/127.0.0.1:23431]
]]></system-out>
  </testcase>
  <testcase name="NaRedact" classname="org.OptimaBusTests.uiTests.OperationHisTests" time="30.034">
    <failure message="Expected condition failed: waiting for visibility of Proxy element for: DefaultElementLocator &apos;By.xpath: (.//button[@class=&apos;q-btn q-btn-item non-selectable no-outline q-btn--flat q-btn--rectangle q-btn--actionable q-focusable q-hoverable q-btn--no-uppercase filter-btn&apos;])[3]&apos; (tried for 6 second(s) with 500 milliseconds interval)" type="org.openqa.selenium.TimeoutException">org.openqa.selenium.TimeoutException: Expected condition failed: waiting for visibility of Proxy element for: DefaultElementLocator 'By.xpath: (.//button[@class='q-btn q-btn-item non-selectable no-outline q-btn--flat q-btn--rectangle q-btn--actionable q-focusable q-hoverable q-btn--no-uppercase filter-btn'])[3]' (tried for 6 second(s) with 500 milliseconds interval)
	at org.OptimaBusTests.uiTests.OperationHisTests.NaRedact(OperationHisTests.java:23)
Caused by: org.openqa.selenium.NoSuchElementException: 
no such element: Unable to locate element: {"method":"xpath","selector":"(.//button[@class='q-btn q-btn-item non-selectable no-outline q-btn--flat q-btn--rectangle q-btn--actionable q-focusable q-hoverable q-btn--no-uppercase filter-btn'])[3]"}
  (Session info: chrome=115.0.5790.110)
For documentation on this error, please visit: https://www.selenium.dev/documentation/webdriver/troubleshooting/errors#no-such-element-exception
Build info: version: '4.10.0', revision: 'c14d967899'
System info: os.name: 'Windows 10', os.arch: 'amd64', os.version: '10.0', java.version: '11.0.16.1'
Driver info: org.openqa.selenium.chrome.ChromeDriver
Command: [d8b1dd991caf71c71bf3d993593a56d2, findElement {using=xpath, value=(.//button[@class='q-btn q-btn-item non-selectable no-outline q-btn--flat q-btn--rectangle q-btn--actionable q-focusable q-hoverable q-btn--no-uppercase filter-btn'])[3]}]
Capabilities {acceptInsecureCerts: false, browserName: chrome, browserVersion: 115.0.5790.110, chrome: {chromedriverVersion: 114.0.5735.90 (386bc09e8f4f..., userDataDir: C:\Users\Asus\AppData\Local...}, goog:chromeOptions: {debuggerAddress: localhost:55454}, networkConnectionEnabled: false, pageLoadStrategy: normal, platformName: windows, proxy: Proxy(), se:cdp: ws://localhost:55454/devtoo..., se:cdpVersion: 115.0.5790.110, setWindowRect: true, strictFileInteractability: false, timeouts: {implicit: 0, pageLoad: 300000, script: 30000}, unhandledPromptBehavior: dismiss and notify, webauthn:extension:credBlob: true, webauthn:extension:largeBlob: true, webauthn:extension:minPinLength: true, webauthn:extension:prf: true, webauthn:virtualAuthenticators: true}
Session ID: d8b1dd991caf71c71bf3d993593a56d2
	at org.OptimaBusTests.uiTests.OperationHisTests.NaRedact(OperationHisTests.java:23)
</failure>
    <system-out><![CDATA[13:46:04.835 [Forwarding findElement on session d8b1dd991caf71c71bf3d993593a56d2 to remote] DEBUG org.asynchttpclient.netty.request.NettyRequestSender - Using pooled Channel '[id: 0x64b4c36b, L:/127.0.0.1:55453 - R:localhost/127.0.0.1:23431]' for 'POST' to 'http://localhost:23431/session/d8b1dd991caf71c71bf3d993593a56d2/element'
13:46:04.835 [Forwarding findElement on session d8b1dd991caf71c71bf3d993593a56d2 to remote] DEBUG org.asynchttpclient.netty.request.NettyRequestSender - Using open Channel [id: 0x64b4c36b, L:/127.0.0.1:55453 - R:localhost/127.0.0.1:23431] for POST '/session/d8b1dd991caf71c71bf3d993593a56d2/element'
13:46:19.856 [AsyncHttpClient-1-29] DEBUG org.asynchttpclient.netty.handler.HttpHandler - 

Request DefaultHttpRequest(decodeResult: success, version: HTTP/1.1)
POST /session/d8b1dd991caf71c71bf3d993593a56d2/element HTTP/1.1
User-Agent: selenium/4.10.0 (java windows)
Content-Length: 216
Content-Type: application/json; charset=utf-8
host: localhost:23431
accept: */*

Response DefaultHttpResponse(decodeResult: success, version: HTTP/1.1)
HTTP/1.1 404 Not Found
Content-Length: 1117
Content-Type: application/json; charset=utf-8
cache-control: no-cache

13:46:19.856 [AsyncHttpClient-1-29] DEBUG org.asynchttpclient.netty.channel.ChannelManager - Adding key: http://localhost:23431 for channel [id: 0x64b4c36b, L:/127.0.0.1:55453 - R:localhost/127.0.0.1:23431]
13:46:19.857 [Forwarding findElement on session d8b1dd991caf71c71bf3d993593a56d2 to remote] DEBUG org.asynchttpclient.netty.request.NettyRequestSender - Using pooled Channel '[id: 0x64b4c36b, L:/127.0.0.1:55453 - R:localhost/127.0.0.1:23431]' for 'POST' to 'http://localhost:23431/session/d8b1dd991caf71c71bf3d993593a56d2/element'
13:46:19.857 [Forwarding findElement on session d8b1dd991caf71c71bf3d993593a56d2 to remote] DEBUG org.asynchttpclient.netty.request.NettyRequestSender - Using open Channel [id: 0x64b4c36b, L:/127.0.0.1:55453 - R:localhost/127.0.0.1:23431] for POST '/session/d8b1dd991caf71c71bf3d993593a56d2/element'
13:46:34.866 [AsyncHttpClient-1-29] DEBUG org.asynchttpclient.netty.handler.HttpHandler - 

Request DefaultHttpRequest(decodeResult: success, version: HTTP/1.1)
POST /session/d8b1dd991caf71c71bf3d993593a56d2/element HTTP/1.1
User-Agent: selenium/4.10.0 (java windows)
Content-Length: 216
Content-Type: application/json; charset=utf-8
host: localhost:23431
accept: */*

Response DefaultHttpResponse(decodeResult: success, version: HTTP/1.1)
HTTP/1.1 404 Not Found
Content-Length: 1117
Content-Type: application/json; charset=utf-8
cache-control: no-cache

13:46:34.866 [AsyncHttpClient-1-29] DEBUG org.asynchttpclient.netty.channel.ChannelManager - Adding key: http://localhost:23431 for channel [id: 0x64b4c36b, L:/127.0.0.1:55453 - R:localhost/127.0.0.1:23431]
]]></system-out>
  </testcase>
  <testcase name="Ispolnennye" classname="org.OptimaBusTests.uiTests.OperationHisTests" time="30.097">
    <failure message="Expected condition failed: waiting for visibility of Proxy element for: DefaultElementLocator &apos;By.xpath: (.//button[@class=&apos;q-btn q-btn-item non-selectable no-outline q-btn--flat q-btn--rectangle q-btn--actionable q-focusable q-hoverable q-btn--no-uppercase filter-btn&apos;])[4]&apos; (tried for 6 second(s) with 500 milliseconds interval)" type="org.openqa.selenium.TimeoutException">org.openqa.selenium.TimeoutException: Expected condition failed: waiting for visibility of Proxy element for: DefaultElementLocator 'By.xpath: (.//button[@class='q-btn q-btn-item non-selectable no-outline q-btn--flat q-btn--rectangle q-btn--actionable q-focusable q-hoverable q-btn--no-uppercase filter-btn'])[4]' (tried for 6 second(s) with 500 milliseconds interval)
	at org.OptimaBusTests.uiTests.OperationHisTests.Ispolnennye(OperationHisTests.java:27)
Caused by: org.openqa.selenium.NoSuchElementException: 
no such element: Unable to locate element: {"method":"xpath","selector":"(.//button[@class='q-btn q-btn-item non-selectable no-outline q-btn--flat q-btn--rectangle q-btn--actionable q-focusable q-hoverable q-btn--no-uppercase filter-btn'])[4]"}
  (Session info: chrome=115.0.5790.110)
For documentation on this error, please visit: https://www.selenium.dev/documentation/webdriver/troubleshooting/errors#no-such-element-exception
Build info: version: '4.10.0', revision: 'c14d967899'
System info: os.name: 'Windows 10', os.arch: 'amd64', os.version: '10.0', java.version: '11.0.16.1'
Driver info: org.openqa.selenium.chrome.ChromeDriver
Command: [d8b1dd991caf71c71bf3d993593a56d2, findElement {using=xpath, value=(.//button[@class='q-btn q-btn-item non-selectable no-outline q-btn--flat q-btn--rectangle q-btn--actionable q-focusable q-hoverable q-btn--no-uppercase filter-btn'])[4]}]
Capabilities {acceptInsecureCerts: false, browserName: chrome, browserVersion: 115.0.5790.110, chrome: {chromedriverVersion: 114.0.5735.90 (386bc09e8f4f..., userDataDir: C:\Users\Asus\AppData\Local...}, goog:chromeOptions: {debuggerAddress: localhost:55454}, networkConnectionEnabled: false, pageLoadStrategy: normal, platformName: windows, proxy: Proxy(), se:cdp: ws://localhost:55454/devtoo..., se:cdpVersion: 115.0.5790.110, setWindowRect: true, strictFileInteractability: false, timeouts: {implicit: 0, pageLoad: 300000, script: 30000}, unhandledPromptBehavior: dismiss and notify, webauthn:extension:credBlob: true, webauthn:extension:largeBlob: true, webauthn:extension:minPinLength: true, webauthn:extension:prf: true, webauthn:virtualAuthenticators: true}
Session ID: d8b1dd991caf71c71bf3d993593a56d2
	at org.OptimaBusTests.uiTests.OperationHisTests.Ispolnennye(OperationHisTests.java:27)
</failure>
    <system-out><![CDATA[13:46:34.869 [Forwarding findElement on session d8b1dd991caf71c71bf3d993593a56d2 to remote] DEBUG org.asynchttpclient.netty.request.NettyRequestSender - Using pooled Channel '[id: 0x64b4c36b, L:/127.0.0.1:55453 - R:localhost/127.0.0.1:23431]' for 'POST' to 'http://localhost:23431/session/d8b1dd991caf71c71bf3d993593a56d2/element'
13:46:34.869 [Forwarding findElement on session d8b1dd991caf71c71bf3d993593a56d2 to remote] DEBUG org.asynchttpclient.netty.request.NettyRequestSender - Using open Channel [id: 0x64b4c36b, L:/127.0.0.1:55453 - R:localhost/127.0.0.1:23431] for POST '/session/d8b1dd991caf71c71bf3d993593a56d2/element'
13:46:49.917 [AsyncHttpClient-1-29] DEBUG org.asynchttpclient.netty.handler.HttpHandler - 

Request DefaultHttpRequest(decodeResult: success, version: HTTP/1.1)
POST /session/d8b1dd991caf71c71bf3d993593a56d2/element HTTP/1.1
User-Agent: selenium/4.10.0 (java windows)
Content-Length: 216
Content-Type: application/json; charset=utf-8
host: localhost:23431
accept: */*

Response DefaultHttpResponse(decodeResult: success, version: HTTP/1.1)
HTTP/1.1 404 Not Found
Content-Length: 1117
Content-Type: application/json; charset=utf-8
cache-control: no-cache

13:46:49.917 [AsyncHttpClient-1-29] DEBUG org.asynchttpclient.netty.channel.ChannelManager - Adding key: http://localhost:23431 for channel [id: 0x64b4c36b, L:/127.0.0.1:55453 - R:localhost/127.0.0.1:23431]
13:46:49.918 [Forwarding findElement on session d8b1dd991caf71c71bf3d993593a56d2 to remote] DEBUG org.asynchttpclient.netty.request.NettyRequestSender - Using pooled Channel '[id: 0x64b4c36b, L:/127.0.0.1:55453 - R:localhost/127.0.0.1:23431]' for 'POST' to 'http://localhost:23431/session/d8b1dd991caf71c71bf3d993593a56d2/element'
13:46:49.918 [Forwarding findElement on session d8b1dd991caf71c71bf3d993593a56d2 to remote] DEBUG org.asynchttpclient.netty.request.NettyRequestSender - Using open Channel [id: 0x64b4c36b, L:/127.0.0.1:55453 - R:localhost/127.0.0.1:23431] for POST '/session/d8b1dd991caf71c71bf3d993593a56d2/element'
13:47:04.962 [AsyncHttpClient-1-29] DEBUG org.asynchttpclient.netty.handler.HttpHandler - 

Request DefaultHttpRequest(decodeResult: success, version: HTTP/1.1)
POST /session/d8b1dd991caf71c71bf3d993593a56d2/element HTTP/1.1
User-Agent: selenium/4.10.0 (java windows)
Content-Length: 216
Content-Type: application/json; charset=utf-8
host: localhost:23431
accept: */*

Response DefaultHttpResponse(decodeResult: success, version: HTTP/1.1)
HTTP/1.1 404 Not Found
Content-Length: 1117
Content-Type: application/json; charset=utf-8
cache-control: no-cache

13:47:04.962 [AsyncHttpClient-1-29] DEBUG org.asynchttpclient.netty.channel.ChannelManager - Adding key: http://localhost:23431 for channel [id: 0x64b4c36b, L:/127.0.0.1:55453 - R:localhost/127.0.0.1:23431]
]]></system-out>
  </testcase>
  <testcase name="Otklonennye" classname="org.OptimaBusTests.uiTests.OperationHisTests" time="30.08">
    <failure message="Expected condition failed: waiting for visibility of Proxy element for: DefaultElementLocator &apos;By.xpath: (.//button[@class=&apos;q-btn q-btn-item non-selectable no-outline q-btn--flat q-btn--rectangle q-btn--actionable q-focusable q-hoverable q-btn--no-uppercase filter-btn&apos;])[5]&apos; (tried for 6 second(s) with 500 milliseconds interval)" type="org.openqa.selenium.TimeoutException">org.openqa.selenium.TimeoutException: Expected condition failed: waiting for visibility of Proxy element for: DefaultElementLocator 'By.xpath: (.//button[@class='q-btn q-btn-item non-selectable no-outline q-btn--flat q-btn--rectangle q-btn--actionable q-focusable q-hoverable q-btn--no-uppercase filter-btn'])[5]' (tried for 6 second(s) with 500 milliseconds interval)
	at org.OptimaBusTests.uiTests.OperationHisTests.Otklonennye(OperationHisTests.java:31)
Caused by: org.openqa.selenium.NoSuchElementException: 
no such element: Unable to locate element: {"method":"xpath","selector":"(.//button[@class='q-btn q-btn-item non-selectable no-outline q-btn--flat q-btn--rectangle q-btn--actionable q-focusable q-hoverable q-btn--no-uppercase filter-btn'])[5]"}
  (Session info: chrome=115.0.5790.110)
For documentation on this error, please visit: https://www.selenium.dev/documentation/webdriver/troubleshooting/errors#no-such-element-exception
Build info: version: '4.10.0', revision: 'c14d967899'
System info: os.name: 'Windows 10', os.arch: 'amd64', os.version: '10.0', java.version: '11.0.16.1'
Driver info: org.openqa.selenium.chrome.ChromeDriver
Command: [d8b1dd991caf71c71bf3d993593a56d2, findElement {using=xpath, value=(.//button[@class='q-btn q-btn-item non-selectable no-outline q-btn--flat q-btn--rectangle q-btn--actionable q-focusable q-hoverable q-btn--no-uppercase filter-btn'])[5]}]
Capabilities {acceptInsecureCerts: false, browserName: chrome, browserVersion: 115.0.5790.110, chrome: {chromedriverVersion: 114.0.5735.90 (386bc09e8f4f..., userDataDir: C:\Users\Asus\AppData\Local...}, goog:chromeOptions: {debuggerAddress: localhost:55454}, networkConnectionEnabled: false, pageLoadStrategy: normal, platformName: windows, proxy: Proxy(), se:cdp: ws://localhost:55454/devtoo..., se:cdpVersion: 115.0.5790.110, setWindowRect: true, strictFileInteractability: false, timeouts: {implicit: 0, pageLoad: 300000, script: 30000}, unhandledPromptBehavior: dismiss and notify, webauthn:extension:credBlob: true, webauthn:extension:largeBlob: true, webauthn:extension:minPinLength: true, webauthn:extension:prf: true, webauthn:virtualAuthenticators: true}
Session ID: d8b1dd991caf71c71bf3d993593a56d2
	at org.OptimaBusTests.uiTests.OperationHisTests.Otklonennye(OperationHisTests.java:31)
</failure>
    <system-out><![CDATA[13:47:04.966 [Forwarding findElement on session d8b1dd991caf71c71bf3d993593a56d2 to remote] DEBUG org.asynchttpclient.netty.request.NettyRequestSender - Using pooled Channel '[id: 0x64b4c36b, L:/127.0.0.1:55453 - R:localhost/127.0.0.1:23431]' for 'POST' to 'http://localhost:23431/session/d8b1dd991caf71c71bf3d993593a56d2/element'
13:47:04.967 [Forwarding findElement on session d8b1dd991caf71c71bf3d993593a56d2 to remote] DEBUG org.asynchttpclient.netty.request.NettyRequestSender - Using open Channel [id: 0x64b4c36b, L:/127.0.0.1:55453 - R:localhost/127.0.0.1:23431] for POST '/session/d8b1dd991caf71c71bf3d993593a56d2/element'
13:47:20.018 [AsyncHttpClient-1-29] DEBUG org.asynchttpclient.netty.handler.HttpHandler - 

Request DefaultHttpRequest(decodeResult: success, version: HTTP/1.1)
POST /session/d8b1dd991caf71c71bf3d993593a56d2/element HTTP/1.1
User-Agent: selenium/4.10.0 (java windows)
Content-Length: 216
Content-Type: application/json; charset=utf-8
host: localhost:23431
accept: */*

Response DefaultHttpResponse(decodeResult: success, version: HTTP/1.1)
HTTP/1.1 404 Not Found
Content-Length: 1117
Content-Type: application/json; charset=utf-8
cache-control: no-cache

13:47:20.018 [AsyncHttpClient-1-29] DEBUG org.asynchttpclient.netty.channel.ChannelManager - Adding key: http://localhost:23431 for channel [id: 0x64b4c36b, L:/127.0.0.1:55453 - R:localhost/127.0.0.1:23431]
13:47:20.019 [Forwarding findElement on session d8b1dd991caf71c71bf3d993593a56d2 to remote] DEBUG org.asynchttpclient.netty.request.NettyRequestSender - Using pooled Channel '[id: 0x64b4c36b, L:/127.0.0.1:55453 - R:localhost/127.0.0.1:23431]' for 'POST' to 'http://localhost:23431/session/d8b1dd991caf71c71bf3d993593a56d2/element'
13:47:20.019 [Forwarding findElement on session d8b1dd991caf71c71bf3d993593a56d2 to remote] DEBUG org.asynchttpclient.netty.request.NettyRequestSender - Using open Channel [id: 0x64b4c36b, L:/127.0.0.1:55453 - R:localhost/127.0.0.1:23431] for POST '/session/d8b1dd991caf71c71bf3d993593a56d2/element'
13:47:35.043 [AsyncHttpClient-1-29] DEBUG org.asynchttpclient.netty.handler.HttpHandler - 

Request DefaultHttpRequest(decodeResult: success, version: HTTP/1.1)
POST /session/d8b1dd991caf71c71bf3d993593a56d2/element HTTP/1.1
User-Agent: selenium/4.10.0 (java windows)
Content-Length: 216
Content-Type: application/json; charset=utf-8
host: localhost:23431
accept: */*

Response DefaultHttpResponse(decodeResult: success, version: HTTP/1.1)
HTTP/1.1 404 Not Found
Content-Length: 1117
Content-Type: application/json; charset=utf-8
cache-control: no-cache

13:47:35.043 [AsyncHttpClient-1-29] DEBUG org.asynchttpclient.netty.channel.ChannelManager - Adding key: http://localhost:23431 for channel [id: 0x64b4c36b, L:/127.0.0.1:55453 - R:localhost/127.0.0.1:23431]
]]></system-out>
  </testcase>
  <testcase name="OtkazanoBankom" classname="org.OptimaBusTests.uiTests.OperationHisTests" time="30.059">
    <failure message="Expected condition failed: waiting for visibility of Proxy element for: DefaultElementLocator &apos;By.xpath: (.//button[@class=&apos;q-btn q-btn-item non-selectable no-outline q-btn--flat q-btn--rectangle q-btn--actionable q-focusable q-hoverable q-btn--no-uppercase filter-btn&apos;])[6]&apos; (tried for 6 second(s) with 500 milliseconds interval)" type="org.openqa.selenium.TimeoutException">org.openqa.selenium.TimeoutException: Expected condition failed: waiting for visibility of Proxy element for: DefaultElementLocator 'By.xpath: (.//button[@class='q-btn q-btn-item non-selectable no-outline q-btn--flat q-btn--rectangle q-btn--actionable q-focusable q-hoverable q-btn--no-uppercase filter-btn'])[6]' (tried for 6 second(s) with 500 milliseconds interval)
	at org.OptimaBusTests.uiTests.OperationHisTests.OtkazanoBankom(OperationHisTests.java:35)
Caused by: org.openqa.selenium.NoSuchElementException: 
no such element: Unable to locate element: {"method":"xpath","selector":"(.//button[@class='q-btn q-btn-item non-selectable no-outline q-btn--flat q-btn--rectangle q-btn--actionable q-focusable q-hoverable q-btn--no-uppercase filter-btn'])[6]"}
  (Session info: chrome=115.0.5790.110)
For documentation on this error, please visit: https://www.selenium.dev/documentation/webdriver/troubleshooting/errors#no-such-element-exception
Build info: version: '4.10.0', revision: 'c14d967899'
System info: os.name: 'Windows 10', os.arch: 'amd64', os.version: '10.0', java.version: '11.0.16.1'
Driver info: org.openqa.selenium.chrome.ChromeDriver
Command: [d8b1dd991caf71c71bf3d993593a56d2, findElement {using=xpath, value=(.//button[@class='q-btn q-btn-item non-selectable no-outline q-btn--flat q-btn--rectangle q-btn--actionable q-focusable q-hoverable q-btn--no-uppercase filter-btn'])[6]}]
Capabilities {acceptInsecureCerts: false, browserName: chrome, browserVersion: 115.0.5790.110, chrome: {chromedriverVersion: 114.0.5735.90 (386bc09e8f4f..., userDataDir: C:\Users\Asus\AppData\Local...}, goog:chromeOptions: {debuggerAddress: localhost:55454}, networkConnectionEnabled: false, pageLoadStrategy: normal, platformName: windows, proxy: Proxy(), se:cdp: ws://localhost:55454/devtoo..., se:cdpVersion: 115.0.5790.110, setWindowRect: true, strictFileInteractability: false, timeouts: {implicit: 0, pageLoad: 300000, script: 30000}, unhandledPromptBehavior: dismiss and notify, webauthn:extension:credBlob: true, webauthn:extension:largeBlob: true, webauthn:extension:minPinLength: true, webauthn:extension:prf: true, webauthn:virtualAuthenticators: true}
Session ID: d8b1dd991caf71c71bf3d993593a56d2
	at org.OptimaBusTests.uiTests.OperationHisTests.OtkazanoBankom(OperationHisTests.java:35)
</failure>
    <system-out><![CDATA[13:47:35.047 [Forwarding findElement on session d8b1dd991caf71c71bf3d993593a56d2 to remote] DEBUG org.asynchttpclient.netty.request.NettyRequestSender - Using pooled Channel '[id: 0x64b4c36b, L:/127.0.0.1:55453 - R:localhost/127.0.0.1:23431]' for 'POST' to 'http://localhost:23431/session/d8b1dd991caf71c71bf3d993593a56d2/element'
13:47:35.047 [Forwarding findElement on session d8b1dd991caf71c71bf3d993593a56d2 to remote] DEBUG org.asynchttpclient.netty.request.NettyRequestSender - Using open Channel [id: 0x64b4c36b, L:/127.0.0.1:55453 - R:localhost/127.0.0.1:23431] for POST '/session/d8b1dd991caf71c71bf3d993593a56d2/element'
13:47:50.088 [AsyncHttpClient-1-29] DEBUG org.asynchttpclient.netty.handler.HttpHandler - 

Request DefaultHttpRequest(decodeResult: success, version: HTTP/1.1)
POST /session/d8b1dd991caf71c71bf3d993593a56d2/element HTTP/1.1
User-Agent: selenium/4.10.0 (java windows)
Content-Length: 216
Content-Type: application/json; charset=utf-8
host: localhost:23431
accept: */*

Response DefaultHttpResponse(decodeResult: success, version: HTTP/1.1)
HTTP/1.1 404 Not Found
Content-Length: 1117
Content-Type: application/json; charset=utf-8
cache-control: no-cache

13:47:50.088 [AsyncHttpClient-1-29] DEBUG org.asynchttpclient.netty.channel.ChannelManager - Adding key: http://localhost:23431 for channel [id: 0x64b4c36b, L:/127.0.0.1:55453 - R:localhost/127.0.0.1:23431]
13:47:50.088 [Forwarding findElement on session d8b1dd991caf71c71bf3d993593a56d2 to remote] DEBUG org.asynchttpclient.netty.request.NettyRequestSender - Using pooled Channel '[id: 0x64b4c36b, L:/127.0.0.1:55453 - R:localhost/127.0.0.1:23431]' for 'POST' to 'http://localhost:23431/session/d8b1dd991caf71c71bf3d993593a56d2/element'
13:47:50.088 [Forwarding findElement on session d8b1dd991caf71c71bf3d993593a56d2 to remote] DEBUG org.asynchttpclient.netty.request.NettyRequestSender - Using open Channel [id: 0x64b4c36b, L:/127.0.0.1:55453 - R:localhost/127.0.0.1:23431] for POST '/session/d8b1dd991caf71c71bf3d993593a56d2/element'
13:48:05.103 [AsyncHttpClient-1-29] DEBUG org.asynchttpclient.netty.handler.HttpHandler - 

Request DefaultHttpRequest(decodeResult: success, version: HTTP/1.1)
POST /session/d8b1dd991caf71c71bf3d993593a56d2/element HTTP/1.1
User-Agent: selenium/4.10.0 (java windows)
Content-Length: 216
Content-Type: application/json; charset=utf-8
host: localhost:23431
accept: */*

Response DefaultHttpResponse(decodeResult: success, version: HTTP/1.1)
HTTP/1.1 404 Not Found
Content-Length: 1117
Content-Type: application/json; charset=utf-8
cache-control: no-cache

13:48:05.103 [AsyncHttpClient-1-29] DEBUG org.asynchttpclient.netty.channel.ChannelManager - Adding key: http://localhost:23431 for channel [id: 0x64b4c36b, L:/127.0.0.1:55453 - R:localhost/127.0.0.1:23431]
]]></system-out>
  </testcase>
  <testcase name="MoiChernoviki" classname="org.OptimaBusTests.uiTests.OperationHisTests" time="30.089">
    <failure message="Expected condition failed: waiting for visibility of Proxy element for: DefaultElementLocator &apos;By.xpath: (.//button[@class=&apos;q-btn q-btn-item non-selectable no-outline q-btn--flat q-btn--rectangle q-btn--actionable q-focusable q-hoverable q-btn--no-uppercase filter-btn&apos;])[7]&apos; (tried for 6 second(s) with 500 milliseconds interval)" type="org.openqa.selenium.TimeoutException">org.openqa.selenium.TimeoutException: Expected condition failed: waiting for visibility of Proxy element for: DefaultElementLocator 'By.xpath: (.//button[@class='q-btn q-btn-item non-selectable no-outline q-btn--flat q-btn--rectangle q-btn--actionable q-focusable q-hoverable q-btn--no-uppercase filter-btn'])[7]' (tried for 6 second(s) with 500 milliseconds interval)
	at org.OptimaBusTests.uiTests.OperationHisTests.MoiChernoviki(OperationHisTests.java:39)
Caused by: org.openqa.selenium.NoSuchElementException: 
no such element: Unable to locate element: {"method":"xpath","selector":"(.//button[@class='q-btn q-btn-item non-selectable no-outline q-btn--flat q-btn--rectangle q-btn--actionable q-focusable q-hoverable q-btn--no-uppercase filter-btn'])[7]"}
  (Session info: chrome=115.0.5790.110)
For documentation on this error, please visit: https://www.selenium.dev/documentation/webdriver/troubleshooting/errors#no-such-element-exception
Build info: version: '4.10.0', revision: 'c14d967899'
System info: os.name: 'Windows 10', os.arch: 'amd64', os.version: '10.0', java.version: '11.0.16.1'
Driver info: org.openqa.selenium.chrome.ChromeDriver
Command: [d8b1dd991caf71c71bf3d993593a56d2, findElement {using=xpath, value=(.//button[@class='q-btn q-btn-item non-selectable no-outline q-btn--flat q-btn--rectangle q-btn--actionable q-focusable q-hoverable q-btn--no-uppercase filter-btn'])[7]}]
Capabilities {acceptInsecureCerts: false, browserName: chrome, browserVersion: 115.0.5790.110, chrome: {chromedriverVersion: 114.0.5735.90 (386bc09e8f4f..., userDataDir: C:\Users\Asus\AppData\Local...}, goog:chromeOptions: {debuggerAddress: localhost:55454}, networkConnectionEnabled: false, pageLoadStrategy: normal, platformName: windows, proxy: Proxy(), se:cdp: ws://localhost:55454/devtoo..., se:cdpVersion: 115.0.5790.110, setWindowRect: true, strictFileInteractability: false, timeouts: {implicit: 0, pageLoad: 300000, script: 30000}, unhandledPromptBehavior: dismiss and notify, webauthn:extension:credBlob: true, webauthn:extension:largeBlob: true, webauthn:extension:minPinLength: true, webauthn:extension:prf: true, webauthn:virtualAuthenticators: true}
Session ID: d8b1dd991caf71c71bf3d993593a56d2
	at org.OptimaBusTests.uiTests.OperationHisTests.MoiChernoviki(OperationHisTests.java:39)
</failure>
    <system-out><![CDATA[13:48:05.106 [Forwarding findElement on session d8b1dd991caf71c71bf3d993593a56d2 to remote] DEBUG org.asynchttpclient.netty.request.NettyRequestSender - Using pooled Channel '[id: 0x64b4c36b, L:/127.0.0.1:55453 - R:localhost/127.0.0.1:23431]' for 'POST' to 'http://localhost:23431/session/d8b1dd991caf71c71bf3d993593a56d2/element'
13:48:05.106 [Forwarding findElement on session d8b1dd991caf71c71bf3d993593a56d2 to remote] DEBUG org.asynchttpclient.netty.request.NettyRequestSender - Using open Channel [id: 0x64b4c36b, L:/127.0.0.1:55453 - R:localhost/127.0.0.1:23431] for POST '/session/d8b1dd991caf71c71bf3d993593a56d2/element'
13:48:20.169 [AsyncHttpClient-1-29] DEBUG org.asynchttpclient.netty.handler.HttpHandler - 

Request DefaultHttpRequest(decodeResult: success, version: HTTP/1.1)
POST /session/d8b1dd991caf71c71bf3d993593a56d2/element HTTP/1.1
User-Agent: selenium/4.10.0 (java windows)
Content-Length: 216
Content-Type: application/json; charset=utf-8
host: localhost:23431
accept: */*

Response DefaultHttpResponse(decodeResult: success, version: HTTP/1.1)
HTTP/1.1 404 Not Found
Content-Length: 1117
Content-Type: application/json; charset=utf-8
cache-control: no-cache

13:48:20.169 [AsyncHttpClient-1-29] DEBUG org.asynchttpclient.netty.channel.ChannelManager - Adding key: http://localhost:23431 for channel [id: 0x64b4c36b, L:/127.0.0.1:55453 - R:localhost/127.0.0.1:23431]
13:48:20.169 [Forwarding findElement on session d8b1dd991caf71c71bf3d993593a56d2 to remote] DEBUG org.asynchttpclient.netty.request.NettyRequestSender - Using pooled Channel '[id: 0x64b4c36b, L:/127.0.0.1:55453 - R:localhost/127.0.0.1:23431]' for 'POST' to 'http://localhost:23431/session/d8b1dd991caf71c71bf3d993593a56d2/element'
13:48:20.169 [Forwarding findElement on session d8b1dd991caf71c71bf3d993593a56d2 to remote] DEBUG org.asynchttpclient.netty.request.NettyRequestSender - Using open Channel [id: 0x64b4c36b, L:/127.0.0.1:55453 - R:localhost/127.0.0.1:23431] for POST '/session/d8b1dd991caf71c71bf3d993593a56d2/element'
13:48:35.192 [AsyncHttpClient-1-29] DEBUG org.asynchttpclient.netty.handler.HttpHandler - 

Request DefaultHttpRequest(decodeResult: success, version: HTTP/1.1)
POST /session/d8b1dd991caf71c71bf3d993593a56d2/element HTTP/1.1
User-Agent: selenium/4.10.0 (java windows)
Content-Length: 216
Content-Type: application/json; charset=utf-8
host: localhost:23431
accept: */*

Response DefaultHttpResponse(decodeResult: success, version: HTTP/1.1)
HTTP/1.1 404 Not Found
Content-Length: 1117
Content-Type: application/json; charset=utf-8
cache-control: no-cache

13:48:35.192 [AsyncHttpClient-1-29] DEBUG org.asynchttpclient.netty.channel.ChannelManager - Adding key: http://localhost:23431 for channel [id: 0x64b4c36b, L:/127.0.0.1:55453 - R:localhost/127.0.0.1:23431]
]]></system-out>
  </testcase>
</testsuite>