<?xml version="1.0" encoding="UTF-8"?>
<!-- Generated by org.testng.reporters.JUnitReportReporter -->
<testsuite hostname="DESKTOP-9FFHNT2" failures="0" tests="5" name="org.OptimaBusTests.uiTests.IntraBankTest" time="43.716" errors="0" timestamp="2023-07-03T11:35:46 ALMT" skipped="0">
  <testcase classname="org.OptimaBusTests.uiTests.IntraBankTest" name="naPodpisBTNCheck" time="10.541"/>
  <system-out/>
  <testcase classname="org.OptimaBusTests.uiTests.IntraBankTest" name="wrongSchetZachisleniyaError" time="8.573"/>
  <system-out/>
  <testcase classname="org.OptimaBusTests.uiTests.IntraBankTest" name="wrongSchetSpisaniyaError" time="7.692"/>
  <system-out/>
  <testcase classname="org.OptimaBusTests.uiTests.IntraBankTest" name="moreThenHaveError" time="8.915"/>
  <system-out/>
  <testcase classname="org.OptimaBusTests.uiTests.IntraBankTest" name="minValueInNAznachenie" time="7.995"/>
  <system-out/>
</testsuite> <!-- org.OptimaBusTests.uiTests.IntraBankTest -->
