<?xml version="1.0" encoding="UTF-8"?>
<!-- Generated by org.testng.reporters.JUnitReportReporter -->
<testsuite hostname="DESKTOP-9FFHNT2" failures="0" tests="1" name="org.OptimaBusTests.uiTests.LoginTests" time="2.039" errors="0" timestamp="2023-07-03T11:35:46 ALMT" skipped="0">
  <testcase classname="org.OptimaBusTests.uiTests.LoginTests" name="loginWithValidCredentials" time="2.039"/>
  <system-out/>
</testsuite> <!-- org.OptimaBusTests.uiTests.LoginTests -->
