<?xml version="1.0" encoding="UTF-8"?>
<!-- Generated by org.testng.reporters.JUnitReportReporter -->
<<<<<<< HEAD
<testsuite hostname="DESKTOP-9FFHNT2" failures="0" tests="2" name="org.OptimaBusTests.uiTests.CalcTests" time="6.766" errors="0" timestamp="2023-06-01T09:48:58 ALMT" skipped="0">
  <testcase classname="org.OptimaBusTests.uiTests.CalcTests" name="loginWithValidCredentials" time="2.213"/>
  <system-out/>
  <testcase classname="org.OptimaBusTests.uiTests.CalcTests" name="chooseUSD" time="4.553"/>
=======
<testsuite hostname="DESKTOP-9FFHNT2" failures="0" tests="2" name="org.OptimaBusTests.uiTests.CalcTests" time="8.821" errors="0" timestamp="2023-07-03T11:35:46 ALMT" skipped="0">
  <testcase classname="org.OptimaBusTests.uiTests.CalcTests" name="loginWithValidCredentials" time="3.702"/>
  <system-out/>
  <testcase classname="org.OptimaBusTests.uiTests.CalcTests" name="chooseUSD" time="5.119"/>
>>>>>>> main
  <system-out/>
</testsuite> <!-- org.OptimaBusTests.uiTests.CalcTests -->
