<?xml version="1.0" encoding="UTF-8"?>
<!-- Generated by org.testng.reporters.JUnitReportReporter -->
<testsuite hostname="DESKTOP-9FFHNT2" failures="0" tests="5" name="org.OptimaBusTests.uiTests.SettingsTests" time="6.245" errors="0" timestamp="2023-06-26T09:51:48 ALMT" skipped="0">
  <testcase classname="org.OptimaBusTests.uiTests.SettingsTests" name="CheckSettings" time="0.144"/>
  <system-out/>
  <testcase classname="org.OptimaBusTests.uiTests.SettingsTests" name="PayControl" time="0.430"/>
  <system-out/>
  <testcase classname="org.OptimaBusTests.uiTests.SettingsTests" name="AccountVisibility" time="4.710"/>
  <system-out/>
  <testcase classname="org.OptimaBusTests.uiTests.SettingsTests" name="ChangePassword" time="0.649"/>
  <system-out/>
  <testcase classname="org.OptimaBusTests.uiTests.SettingsTests" name="ChangeNumber" time="0.312"/>
  <system-out/>
</testsuite> <!-- org.OptimaBusTests.uiTests.SettingsTests -->
