<?xml version="1.0" encoding="UTF-8"?>
<!-- Generated by org.testng.reporters.JUnitReportReporter -->
<testsuite hostname="DESKTOP-9FFHNT2" failures="0" tests="2" name="org.OptimaBusTests.uiTests.CalcTests" time="8.821" errors="0" timestamp="2023-07-03T11:35:46 ALMT" skipped="0">
  <testcase classname="org.OptimaBusTests.uiTests.CalcTests" name="loginWithValidCredentials" time="3.702"/>
  <system-out/>
  <testcase classname="org.OptimaBusTests.uiTests.CalcTests" name="chooseUSD" time="5.119"/>
  <system-out/>
</testsuite> <!-- org.OptimaBusTests.uiTests.CalcTests -->
