<?xml version="1.0" encoding="UTF-8"?>
<!-- Generated by org.testng.reporters.JUnitReportReporter -->
<testsuite hostname="DESKTOP-9FFHNT2" failures="0" tests="1" name="org.OptimaBusTests.uiTests.OperationHisTests" time="0.790" errors="0" timestamp="2023-06-01T09:48:58 ALMT" skipped="0">
  <testcase classname="org.OptimaBusTests.uiTests.OperationHisTests" name="checkThe2BTN" time="0.790"/>
  <system-out/>
</testsuite> <!-- org.OptimaBusTests.uiTests.OperationHisTests -->
