<?xml version="1.0" encoding="UTF-8"?>
<!-- Generated by org.testng.reporters.JUnitReportReporter -->
<testsuite hostname="DESKTOP-9FFHNT2" failures="0" tests="1" name="org.OptimaBusTests.uiTests.LoginTests" time="1.740" errors="0" timestamp="2023-05-30T14:12:58 ALMT" skipped="0">
  <testcase classname="org.OptimaBusTests.uiTests.LoginTests" name="loginWithValidCredentials" time="1.740"/>
  <system-out/>
</testsuite> <!-- org.OptimaBusTests.uiTests.LoginTests -->
