<?xml version="1.0" encoding="UTF-8"?>
<!-- Generated by org.testng.reporters.JUnitReportReporter -->
<testsuite hostname="DESKTOP-9FFHNT2" failures="0" tests="8" name="org.OptimaBusTests.uiTests.OperationHisTests" time="2.569" errors="0" timestamp="2023-06-26T09:51:48 ALMT" skipped="0">
  <testcase classname="org.OptimaBusTests.uiTests.OperationHisTests" name="checkThe2BTN" time="0.360"/>
  <system-out/>
  <testcase classname="org.OptimaBusTests.uiTests.OperationHisTests" name="NaPodpis" time="0.329"/>
  <system-out/>
  <testcase classname="org.OptimaBusTests.uiTests.OperationHisTests" name="OjidaetOtpr" time="0.313"/>
  <system-out/>
  <testcase classname="org.OptimaBusTests.uiTests.OperationHisTests" name="NaRedact" time="0.313"/>
  <system-out/>
  <testcase classname="org.OptimaBusTests.uiTests.OperationHisTests" name="Ispolnennye" time="0.314"/>
  <system-out/>
  <testcase classname="org.OptimaBusTests.uiTests.OperationHisTests" name="Otklonennye" time="0.315"/>
  <system-out/>
  <testcase classname="org.OptimaBusTests.uiTests.OperationHisTests" name="OtkazanoBankom" time="0.310"/>
  <system-out/>
  <testcase classname="org.OptimaBusTests.uiTests.OperationHisTests" name="MoiChernoviki" time="0.315"/>
  <system-out/>
</testsuite> <!-- org.OptimaBusTests.uiTests.OperationHisTests -->
