<?xml version="1.0" encoding="UTF-8"?>
<!-- Generated by org.testng.reporters.JUnitReportReporter -->
<testsuite hostname="DESKTOP-9FFHNT2" failures="0" tests="1" name="org.OptimaBusTests.uiTests.OperationHisTests" time="0.362" errors="0" timestamp="2023-06-19T17:29:02 ALMT" skipped="0">
  <testcase classname="org.OptimaBusTests.uiTests.OperationHisTests" name="checkThe2BTN" time="0.362"/>
  <system-out/>
</testsuite> <!-- org.OptimaBusTests.uiTests.OperationHisTests -->
