<?xml version="1.0" encoding="UTF-8"?>
<!-- Generated by org.testng.reporters.JUnitReportReporter -->
<testsuite hostname="DESKTOP-9FFHNT2" failures="0" tests="2" name="org.OptimaBusTests.uiTests.CalcTests" time="6.861" errors="0" timestamp="2023-05-30T14:12:58 ALMT" skipped="0">
  <testcase classname="org.OptimaBusTests.uiTests.CalcTests" name="loginWithValidCredentials" time="2.053"/>
  <system-out/>
  <testcase classname="org.OptimaBusTests.uiTests.CalcTests" name="chooseUSD" time="4.808"/>
  <system-out/>
</testsuite> <!-- org.OptimaBusTests.uiTests.CalcTests -->
