<?xml version="1.0" encoding="UTF-8"?>
<!-- Generated by org.testng.reporters.JUnitReportReporter -->
<testsuite hostname="DESKTOP-9FFHNT2" failures="0" tests="2" name="org.OptimaBusTests.uiTests.CalcTests" time="4.322" errors="0" timestamp="2023-06-26T09:51:48 ALMT" skipped="0">
  <testcase classname="org.OptimaBusTests.uiTests.CalcTests" name="loginWithValidCredentials" time="1.304"/>
  <system-out/>
  <testcase classname="org.OptimaBusTests.uiTests.CalcTests" name="chooseUSD" time="3.018"/>
  <system-out/>
</testsuite> <!-- org.OptimaBusTests.uiTests.CalcTests -->
